
 ++++++++++++++++++++++++++++++++++++++++++++++++++++++++++++++++++++++++
           OPIUM  Version:        3.8                             
           =====================================            
 See http://opium.sourceforge.net for help and information                 
 Copyright 2009 : The OPIUM project                         

 Compile host     : vagvlan567.217.wlan.design.upenn.edu
 Compile OS       : Darwin 14.1.0 i386
 Compile date     : Wed Mar 18 18:57:27 EDT 2015

 Execution host   : vagvlan567.215.wlan.design.upenn.edu
 time of execution: Wed Oct 14 11:15:04 2015

 ++++++++++++++++++++++++++++++++++++++++++++++++++++++++++++++++++++++++
 Reading parameter file:  <cl.param> ... 
 File prefix             : cl 
 Element                 : Chlorine   (Cl) 
 Z                       : 17 
 
 Number of all-electron orbitals   : 7 
 Number of pseudo       orbitals   : 4 
 
 Pseudopotential is non-relativistic 
 Exchage-correlation functional is : Perdew, Burke, Ernzerhof GGA 
 GGA smoothed from 0 to 0.001000 bohr using switch to LDA 
 The s potential is used for the KB construction 
 Optimized (RRKJ) pseudopotential method will be used 

 nl    cutoff radii    q-max      # bessel functions
 3s       1.580        7.070              10 
 3p       1.350        7.070              10 
 3d       2.670        7.070              10 
 4s       1.050        7.070              10 

 Reference Configuration: core  <-/-> valence 
 1s2  2s2  2p6  <-/-> 3s2  3p4  3d0  4s0 

 Grid definitions: 
 a_grid=1.00e-04    b_grid=1.30e-02    # points=1149 
 r(1)=3.89e-05      r(np)=1.18e+02    

 dEmax tolerance:  1.00e-08      dVmax tolerance:  1.00e-06     

 Starting calculation...

 ======================================================================== 
 Begin AE calculation
 ======================================================================== 
 Performing non-relativistic AE calculation...  
 ---------Eigenvalue guesses---------
 1s          -289.00000000
 2s           -18.06250000
 2p           -18.06250000
 3s            -3.56790123
 3p            -3.56790123
 3d            -3.56790123
 4s            -1.12890625

 iter       Etot             Ebs             Ehxc       de_max   dv_max
   1    -1010.7416980    -605.9544702    -404.7872278 0.82E+00 0.22E+01
   2     -947.6079719    -564.2311804    -383.3767916 0.34E+00 0.10E+01
   3     -919.2535621    -544.9289009    -374.3246612 0.24E+00 0.13E+00
   4     -918.3123345    -543.9412199    -374.3711146 0.51E-01 0.48E-01
   5     -919.0813165    -544.4178688    -374.6634477 0.85E-02 0.26E-01
   6     -919.1291688    -544.3231945    -374.8059744 0.10E-01 0.22E-01
   7     -919.0072549    -544.1691126    -374.8381423 0.10E-01 0.14E-01
   8     -918.8880731    -544.0763866    -374.8116865 0.83E-02 0.11E-02
   9     -918.8772461    -544.0792966    -374.7979495 0.40E-03 0.12E-02
  10     -918.8867480    -544.0918629    -374.7948851 0.45E-03 0.82E-03
  11     -918.9057587    -544.1073106    -374.7984480 0.69E-03 0.16E-03
  12     -918.9067224    -544.1067638    -374.7999586 0.13E-04 0.12E-03
  13     -918.9062870    -544.1058890    -374.8003980 0.26E-04 0.84E-04
  14     -918.9055732    -544.1051916    -374.8003816 0.21E-04 0.49E-04
  15     -918.9050819    -544.1048312    -374.8002507 0.10E-04 0.24E-04
  16     -918.9048439    -544.1047018    -374.8001422 0.30E-05 0.11E-04
  17     -918.9047794    -544.1046958    -374.8000836 0.11E-05 0.62E-05
  18     -918.9047863    -544.1047240    -374.8000623 0.13E-05 0.40E-05
  19     -918.9048100    -544.1047505    -374.8000596 0.11E-05 0.23E-05
  20     -918.9048284    -544.1047652    -374.8000631 0.60E-06 0.13E-05
  21     -918.9048379    -544.1047709    -374.8000670 0.25E-06 0.88E-06
  22     -918.9048421    -544.1047728    -374.8000694 0.10E-06 0.60E-06
  23     -918.9048427    -544.1047725    -374.8000702 0.38E-07 0.38E-06
  24     -918.9048421    -544.1047717    -374.8000704 0.22E-07 0.23E-06
  25     -918.9048415    -544.1047712    -374.8000704 0.13E-07 0.13E-06
  26     -918.9048412    -544.1047709    -374.8000702 0.18E-07 0.68E-07
  27     -918.9048410    -544.1047709    -374.8000701 0.55E-08 0.37E-07

   27 iterations: (units are Ry and bohr)
 Energy:    -918.90484103  Ebs:    -544.10477090  Ehxc:    -374.80007014
 Eh    :     390.95260884  Exc:     -55.20488011

   Orbital    Filling       Eigenvalues    Norm(rc->oo)      Peak
    |100>      2.000        -202.384532
    |200>      2.000         -19.389082
    |210>      6.000         -15.025158
    |300>      2.000          -2.345883      0.394287      1.277947
    |310>      4.000          -1.428708      0.670326      1.399696
    |320>      0.000          -0.296816      0.570500      2.177669
    |400>      0.000          -0.414075      0.977876      3.960044

 ======================================================================== 
 End AE calculation
 ======================================================================== 

 ======================================================================== 
 Begin PS construction
 ======================================================================== 
 Optimized Pseudopotential Generation ...

 ==================
 zeff=   7.0000000000000000     
 Pseudizing state : |300>
 eigenvalue       : -2.345883
 qc               :  7.070000
 # bessel fxns    : 10
 point nearest rc :  817
 rc               :  1.580000
 actual rc        :  1.573426

 Psi(rc)          :     0.5253591267
 Slope at rc      :    -0.6149030315
 Curvature at rc  :     0.2800814304
 Del^2 Psi at rc  :    -0.5015291078
 Log Deriv at rc  :    -1.1704432268

 Starting KE minimization...
  step #    theta       slope       curv       KEresid    coeffsum
     1    0.002762   -0.778700  140.954360    0.000157    0.169110
     2   -0.001033    0.143354   69.379031    0.000083    0.192359
     3   -0.000805    0.089554   55.657891    0.000047    0.197239
     4   -0.000349    0.038147   54.587137    0.000040    0.193692
    11   -0.000007    0.001508  102.458464    0.000023    0.199492

 # steps:    12
 Final KE error:    0.0000228017
 Sum of coeffs :    0.1994826326
 ---------------------------------------------------------------
 Coeff:      0.991574 -0.506653 -0.292596  0.010689 -0.008359  0.005397 -0.004072  0.003428 -0.003264  0.003339
 ---------------------------------------------------------------
 Resid KE (Ry)     :        0.0000228017
 Norm error        :     0.666E-15
 Continuity error  :    -0.333E-15
 Curvature error   :    -0.752E-13
 ---------------------------------------------------------------
 Bessel wavevectors and final coefficients
   1        1.2544830582        0.9915738248
   2        3.1034603459       -0.5066534343
   3        5.0585983940       -0.2925960692
   4        7.0365220592        0.0106893379
   5        9.0225939840       -0.0083592354
   6       11.0124635536        0.0053969497
   7       13.0044024816       -0.0040720026
   8       14.9975912691        0.0034275983
   9       16.9915920884       -0.0032635756
  10       18.9861500029        0.0033392389

 Total KE           (Ry) :     1.1377293225
 0  -> qc contribution   :     1.1377065208
 qc -> oo contribution   :     0.0000228017   (=Convergence term)
 Occupancy of this state :     2.0000000000
 Convergence term (Ry/e) :     0.0000228017
 Convergence error (mRy) :     0.0456033378
 Convergence error (meV) :     0.6204698932


 ==================
 zeff=   7.0000000000000000     
 Pseudizing state : |310>
 eigenvalue       : -1.428708
 qc               :  7.070000
 # bessel fxns    : 10
 point nearest rc :  805
 rc               :  1.350000
 actual rc        :  1.346159

 Psi(rc)          :     0.6052878811
 Slope at rc      :    -0.4011343800
 Curvature at rc  :    -0.5347503344
 Del^2 Psi at rc  :    -1.7987545243
 Log Deriv at rc  :    -0.6627166881

 Starting KE minimization...
  step #    theta       slope       curv       KEresid    coeffsum
     1    0.002589   -0.460969   89.016193    0.000679    1.462051
     2   -0.001186    0.190958   80.511555    0.000566    1.484483
     3   -0.003306    0.135159   20.439670    0.000342    1.523217
     4   -0.002228    0.118770   26.659469    0.000210    1.528207
    11   -0.000192    0.032767   85.186274    0.000103    1.521284
    21   -0.000014    0.002412   88.540210    0.000035    1.551403

 # steps:    24
 Final KE error:    0.0000348806
 Sum of coeffs :    1.5514558915
 ---------------------------------------------------------------
 Coeff:      1.562012  0.028048 -0.047539  0.011032 -0.005446  0.003540 -0.002917  0.002675 -0.002670  0.002721
 ---------------------------------------------------------------
 Resid KE (Ry)     :        0.0000348806
 Norm error        :     0.111E-15
 Continuity error  :     0.111E-15
 Curvature error   :    -0.482E-13
 ---------------------------------------------------------------
 Bessel wavevectors and final coefficients
   1        1.9973136737        1.5620115466
   2        4.5299809062        0.0280484606
   3        6.9120736078       -0.0475391674
   4        9.2687277367        0.0110324170
   5       11.6159481137       -0.0054455305
   6       13.9585909610        0.0035398576
   7       16.2986575460       -0.0029174111
   8       18.6371281258        0.0026749647
   9       20.9745406487       -0.0026703513
  10       23.3112153307        0.0027211052

 Total KE           (Ry) :     1.9712344071
 0  -> qc contribution   :     1.9711995266
 qc -> oo contribution   :     0.0000348806   (=Convergence term)
 Occupancy of this state :     4.0000000000
 Convergence term (Ry/e) :     0.0000348806
 Convergence error (mRy) :     0.1395222445
 Convergence error (meV) :     1.8983117539


 ==================
 zeff=   7.0000000000000000     
 Pseudizing state : |320>
 eigenvalue       : -0.296816
 qc               :  7.070000
 # bessel fxns    : 10
 point nearest rc :  858
 rc               :  2.670000
 actual rc        :  2.681175

 Psi(rc)          :     0.1887508976
 Slope at rc      :    -0.0872104603
 Curvature at rc  :     0.0419282436
 Del^2 Psi at rc  :    -0.1806653272
 Log Deriv at rc  :    -0.4620399765

 Starting KE minimization...
  step #    theta       slope       curv       KEresid    coeffsum
     1    0.017150   -0.989244   28.840389    0.001568    2.065015
     2   -0.004060    0.327983   40.395023    0.000903    2.097230
     3   -0.004869    0.162481   16.685907    0.000507    2.081181
     4   -0.002154    0.103060   23.926081    0.000396    2.059763
    11   -0.000059    0.003593   30.501205    0.000013    2.018831

 # steps:    17
 Final KE error:    0.0000122539
 Sum of coeffs :    2.0159043784
 ---------------------------------------------------------------
 Coeff:      0.886444  0.564646  0.316188  0.196994  0.052964 -0.001808  0.001374 -0.001029  0.001049 -0.000917
 ---------------------------------------------------------------
 Resid KE (Ry)     :        0.0000122539
 Norm error        :    -0.278E-15
 Continuity error  :    -0.167E-15
 Curvature error   :     0.611E-14
 ---------------------------------------------------------------
 Bessel wavevectors and final coefficients
   1        1.4802421622        0.8864439860
   2        2.7893971682        0.5646460941
   3        4.0043911409        0.3161877657
   4        5.1985413835        0.1969939976
   5        6.3841347867        0.0529641902
   6        7.5653201412       -0.0018083943
   7        8.7439225551        0.0013736780
   8        9.9208773208       -0.0010292142
   9       11.0967151745        0.0010488879
  10       12.2717603274       -0.0009166125

 Total KE           (Ry) :     1.6530846209
 0  -> qc contribution   :     1.6530723670
 qc -> oo contribution   :     0.0000122539   (=Convergence term)
 Occupancy of this state :     0.0000000000
 Convergence term (Ry/e) :     0.0000122539
 Convergence error (mRy) :     0.0000000000
 Convergence error (meV) :     0.0000000000

 ------------------------------
 Descreening potential
 valence charge          :   6.000000
 core    charge          :   0.000000

 ----Solving the Schrodinger equation for all states----
 State: 3s  AE eigenvalue =  -2.345883  PS eigenvalue =  -2.345883
 State: 3p  AE eigenvalue =  -1.428708  PS eigenvalue =  -1.428708
 State: 3d  AE eigenvalue =  -0.296816  PS eigenvalue =  -0.296816

 ---Semilocal ghost testing---
 Local state: 3s

 Test  state: 3p
 KB energy :  -7.137156  KB strength:   1.457873  KB cosine:  -0.204265
 el0       :  -1.237092  el1        :  -0.237669  eig      :  -1.428708
 No ghosts!  Ekb<0  and eig < el0

 Test  state: 3d
 KB energy : -10.827159  KB strength:   1.876669  KB cosine:  -0.173330
 el0       :  -0.215914  el1        :  -0.088902  eig      :  -0.296816
 No ghosts!  Ekb<0  and eig < el0

 No ghosts for local potential: 3s
 ------------------------------

 Local state: 3p

 Test  state: 3s
 KB energy :   7.341961  KB strength:   1.726797  KB cosine:   0.235196
 el0       :  -3.208964  el1        :  -0.556036  eig      :  -2.345883
 No ghosts!  Ekb>0  and el0 < eig < el1

 Test  state: 3d
 KB energy :  -6.989627  KB strength:   1.322383  KB cosine:  -0.189192
 el0       :  -0.219142  el1        :  -0.089479  eig      :  -0.296816
 No ghosts!  Ekb<0  and eig < el0

 No ghosts for local potential: 3p
 ------------------------------

 Local state: 3d

 Test  state: 3s
 KB energy :  12.127951  KB strength:   4.393296  KB cosine:   0.362246
 el0       :  -9.531643  el1        :  -1.320302  eig      :  -2.345883
 No ghosts!  Ekb>0  and el0 < eig < el1

 Test  state: 3p
 KB energy :   7.332012  KB strength:   2.522973  KB cosine:   0.344104
 el0       :  -3.897447  el1        :  -0.452611  eig      :  -1.428708
 No ghosts!  Ekb>0  and el0 < eig < el1

 No ghosts for local potential: 3d
 ------------------------------


 ======================================================================== 
 End PS construction
 ======================================================================== 

 ======================================================================== 
 Begin NL calculation
 ======================================================================== 
 ---------Eigenvalue guesses---------
 1s            -2.34588272
 2p            -1.42870771
 3d            -0.29681602
 2s            -0.41407517
 Performing non-local pseudopotential calculation
 Using the s potential as the local potential

 iter       Etot             Ebs             Ehxc       de_max   dv_max
   1      -28.7743312     -10.4065963     -18.3677349 0.31E-02 0.89E-09
   2      -28.7743312     -10.4065963     -18.3677349 0.13E-09 0.43E-09

    2 iterations: (units are Ry and bohr)
 Energy:     -28.77433116  Ebs:     -10.40659628  Ehxc:     -18.36773488
 Eh    :      19.80503942  Exc:      -4.89775822

   Orbital    Filling       Eigenvalues    Norm(rc->oo)      Peak
    |100>      2.000          -2.345883      0.394287      1.294669
    |210>      4.000          -1.428708      0.670326      1.399696
    |320>      0.000          -0.296816      0.570500      2.094375
    |200>      0.000          -0.415372      0.976260      3.908897

 ---Non-local ghost testing---
 Local state: 1s

 Test  state: 1s
 ...seems like this angular momentum is the local part!

 Test  state: 2p
 KB energy :  -7.137156  KB strength:   1.457873  KB cosine:  -0.204265
 el0       :  -1.237092  el1        :  -0.237669  eig      :  -1.428708
 No ghosts!  Ekb<0  and eig < el0

 Test  state: 3d
 KB energy : -10.827159  KB strength:   1.876669  KB cosine:  -0.173330
 el0       :  -0.215914  el1        :  -0.088902  eig      :  -0.296816
 No ghosts!  Ekb<0  and eig < el0

 Test  state: 2s
 ...seems like this angular momentum is the local part!
 ------------------------------

 No ghosts present for local potential


 ======================================================================== 
 End NL calculation
 ======================================================================== 
<<<do_tc>>>


 ===============Configuration 1 AE Calc=============== 
 ---------Eigenvalue guesses---------
 1s          -289.00000000
 2s           -18.06250000
 2p           -18.06250000
 3s            -1.40000000
 3p            -0.40000000
 3d            -3.56790123
 4s            -1.12890625

 iter       Etot             Ebs             Ehxc       de_max   dv_max
   1    -1036.1444509    -631.4070360    -404.7374149 0.60E+01 0.29E+01
   2     -956.6487035    -577.6510398    -378.9976637 0.34E+00 0.10E+01
   3     -918.1396756    -551.6166353    -366.5230403 0.18E+00 0.14E+00
   4     -917.0077805    -550.5836856    -366.4240949 0.30E-01 0.66E-01
   5     -918.2270699    -551.5279095    -366.6991603 0.14E-01 0.18E-01
   6     -918.2703525    -551.4438439    -366.8265085 0.35E-02 0.15E-01
   7     -918.1535236    -551.2912004    -366.8623233 0.48E-02 0.11E-01
   8     -918.0834065    -551.2267246    -366.8566819 0.46E-02 0.43E-03
   9     -918.0749953    -551.2228054    -366.8521898 0.51E-03 0.33E-03
  10     -918.0763065    -551.2256187    -366.8506877 0.82E-04 0.23E-03
  11     -918.0788773    -551.2282489    -366.8506284 0.12E-04 0.16E-03
  12     -918.0807004    -551.2297226    -366.8509779 0.68E-05 0.11E-03
  13     -918.0816205    -551.2303180    -366.8513025 0.26E-05 0.78E-04
  14     -918.0819516    -551.2304555    -366.8514961 0.30E-05 0.50E-04
  15     -918.0820016    -551.2304211    -366.8515805 0.29E-05 0.31E-04
  16     -918.0819564    -551.2303529    -366.8516035 0.21E-05 0.18E-04
  17     -918.0819064    -551.2303052    -366.8516012 0.12E-05 0.10E-04
  18     -918.0818742    -551.2302812    -366.8515931 0.58E-06 0.58E-05
  19     -918.0818603    -551.2302741    -366.8515862 0.23E-06 0.33E-05
  20     -918.0818553    -551.2302728    -366.8515825 0.72E-07 0.18E-05
  21     -918.0818553    -551.2302742    -366.8515812 0.34E-07 0.11E-05
  22     -918.0818567    -551.2302758    -366.8515809 0.21E-07 0.64E-06
  23     -918.0818577    -551.2302767    -366.8515810 0.11E-07 0.39E-06
  24     -918.0818583    -551.2302771    -366.8515813 0.92E-08 0.24E-06

   24 iterations: (units are Ry and bohr)
 Energy:    -918.08185833  Ebs:    -551.23027708  Ehxc:    -366.85158125
 Eh    :     382.87737610  Exc:     -54.79270802

   Orbital    Filling       Eigenvalues    Norm(rc->oo)      Peak
    |100>      2.000        -202.935586
    |200>      2.000         -19.923235
    |210>      6.000         -15.561210
    |300>      2.000          -2.804898      0.378825      1.261442
    |310>      3.500          -1.867309      0.649571      1.363773
    |320>      0.000          -0.639024      0.388438      1.815308
    |400>      0.000          -0.653978      0.970743      3.615590


 ===============Configuration 1 NL: Calc ===============
 ---------Eigenvalue guesses---------
 1s            -2.34588272
 2p            -1.42870771
 3d            -0.29681602
 2s            -0.41407517
 Performing non-local pseudopotential calculation
 Using the s potential as the local potential

 iter       Etot             Ebs             Ehxc       de_max   dv_max
   1      -25.1124045      -9.6922424     -15.4201621 0.31E-02 0.10E+01
   2      -26.6405523     -10.9671474     -15.6734049 0.56E+00 0.50E+00
   3      -27.7809781     -11.9900146     -15.7909636 0.33E+00 0.18E-01
   4      -27.9390585     -12.1379693     -15.8010892 0.35E-01 0.16E-02
   5      -27.9565446     -12.1498011     -15.8067435 0.28E-02 0.18E-02
   6      -27.9572085     -12.1481088     -15.8090998 0.25E-03 0.16E-02
   7      -27.9522401     -12.1429758     -15.8092642 0.89E-03 0.63E-03
   8      -27.9515535     -12.1422973     -15.8092562 0.14E-03 0.11E-03
   9      -27.9514820     -12.1422331     -15.8092489 0.17E-04 0.80E-04
  10      -27.9514828     -12.1422318     -15.8092511 0.72E-05 0.61E-04
  11      -27.9514901     -12.1422332     -15.8092569 0.51E-05 0.41E-04
  12      -27.9514939     -12.1422315     -15.8092624 0.36E-05 0.27E-04
  13      -27.9514943     -12.1422279     -15.8092664 0.25E-05 0.17E-04
  14      -27.9514928     -12.1422240     -15.8092688 0.16E-05 0.10E-04
  15      -27.9514909     -12.1422209     -15.8092700 0.10E-05 0.59E-05
  16      -27.9514891     -12.1422186     -15.8092705 0.62E-06 0.34E-05
  17      -27.9514879     -12.1422172     -15.8092707 0.38E-06 0.19E-05
  18      -27.9514871     -12.1422163     -15.8092708 0.22E-06 0.11E-05
  19      -27.9514867     -12.1422159     -15.8092708 0.12E-06 0.59E-06
  20      -27.9514864     -12.1422157     -15.8092707 0.56E-07 0.32E-06
  21      -27.9514863     -12.1422156     -15.8092707 0.35E-07 0.17E-06
  22      -27.9514863     -12.1422155     -15.8092707 0.25E-07 0.95E-07
  23      -27.9514863     -12.1422155     -15.8092707 0.86E-08 0.52E-07

   23 iterations: (units are Ry and bohr)
 Energy:     -27.95148626  Ebs:     -12.14221552  Ehxc:     -15.80927074
 Eh    :      17.12834276  Exc:      -4.50561110

   Orbital    Filling       Eigenvalues    Norm(rc->oo)      Peak
    |100>      2.000          -2.804301      0.378951      1.277947
    |210>      3.500          -1.866747      0.649671      1.363773
    |320>      0.000          -0.638251      0.390008      1.937222
    |200>      0.000          -0.656125      0.968379      3.615590

 ---Non-local ghost testing---
 Local state: 1s

 Test  state: 1s
 ...seems like this angular momentum is the local part!

 Test  state: 2p
 KB energy :  -7.137156  KB strength:   1.457873  KB cosine:  -0.204265
 el0       :  -1.658043  el1        :  -0.428599  eig      :  -1.866747
 No ghosts!  Ekb<0  and eig < el0

 Test  state: 3d
 KB energy : -10.827159  KB strength:   1.876669  KB cosine:  -0.173330
 el0       :  -0.481898  el1        :  -0.196966  eig      :  -0.638251
 No ghosts!  Ekb<0  and eig < el0

 Test  state: 2s
 ...seems like this angular momentum is the local part!
 ------------------------------

 No ghosts present for local potential



 ===============Configuration 2 AE Calc=============== 
 ---------Eigenvalue guesses---------
 1s          -289.00000000
 2s           -18.06250000
 2p           -18.06250000
 3s            -3.56790123
 3p            -3.56790123
 3d            -3.56790123
 4s            -1.12890625

 iter       Etot             Ebs             Ehxc       de_max   dv_max
   1     -981.0788195    -580.0415512    -401.0372683 0.92E+00 0.20E+01
   2     -939.4162076    -552.1053624    -387.3108452 0.41E+00 0.10E+01
   3     -920.4338482    -538.4276834    -382.0061648 0.61E+00 0.90E-01
   4     -919.6778197    -537.3914164    -382.2864033 0.26E+00 0.38E-01
   5     -919.6999900    -537.2625082    -382.4374818 0.69E-01 0.32E-01
   6     -919.6141707    -537.1576419    -382.4565288 0.30E-01 0.17E-01
   7     -919.4660061    -537.0625181    -382.4034880 0.12E-01 0.19E-02
   8     -919.4674016    -537.0853497    -382.3820519 0.14E-02 0.16E-02
   9     -919.4861757    -537.1078542    -382.3783216 0.19E-02 0.11E-02
  10     -919.5182409    -537.1334185    -382.3848224 0.25E-02 0.25E-03
  11     -919.5187774    -537.1315008    -382.3872766 0.16E-03 0.19E-03
  12     -919.5174654    -537.1296488    -382.3878166 0.29E-04 0.12E-03
  13     -919.5160230    -537.1283905    -382.3876325 0.17E-04 0.59E-04
  14     -919.5151469    -537.1278109    -382.3873360 0.26E-04 0.36E-04
  15     -919.5147971    -537.1276595    -382.3871376 0.31E-04 0.25E-04
  16     -919.5147380    -537.1276870    -382.3870511 0.26E-04 0.15E-04
  17     -919.5147832    -537.1277514    -382.3870318 0.17E-04 0.87E-05
  18     -919.5148342    -537.1277953    -382.3870389 0.99E-05 0.46E-05
  19     -919.5148660    -537.1278164    -382.3870496 0.49E-05 0.23E-05
  20     -919.5148772    -537.1278205    -382.3870567 0.21E-05 0.14E-05
  21     -919.5148794    -537.1278199    -382.3870595 0.81E-06 0.95E-06
  22     -919.5148777    -537.1278176    -382.3870600 0.32E-06 0.55E-06
  23     -919.5148759    -537.1278162    -382.3870596 0.17E-06 0.29E-06
  24     -919.5148749    -537.1278157    -382.3870591 0.11E-06 0.15E-06
  25     -919.5148746    -537.1278157    -382.3870588 0.90E-07 0.85E-07
  26     -919.5148746    -537.1278159    -382.3870587 0.76E-07 0.50E-07
  27     -919.5148747    -537.1278160    -382.3870587 0.41E-07 0.29E-07
  28     -919.5148748    -537.1278161    -382.3870587 0.23E-07 0.16E-07
  29     -919.5148749    -537.1278161    -382.3870588 0.12E-07 0.95E-08
  30     -919.5148749    -537.1278161    -382.3870588 0.59E-08 0.61E-08

   30 iterations: (units are Ry and bohr)
 Energy:    -919.51487490  Ebs:    -537.12781613  Ehxc:    -382.38705877
 Eh    :     398.65683084  Exc:     -55.58659868

   Orbital    Filling       Eigenvalues    Norm(rc->oo)      Peak
    |100>      2.000        -201.878891
    |200>      2.000         -18.895578
    |210>      6.000         -14.530266
    |300>      2.000          -1.912566      0.408771      1.277947
    |310>      4.500          -1.016033      0.690803      1.418011
    |320>      0.000          -0.044268      0.909424      4.875659
    |400>      0.000          -0.201233      0.985200      4.394067


 ===============Configuration 2 NL: Calc ===============
 ---------Eigenvalue guesses---------
 1s            -2.34588272
 2p            -1.42870771
 3d            -0.29681602
 2s            -0.41407517
 Performing non-local pseudopotential calculation
 Using the s potential as the local potential

 iter       Etot             Ebs             Ehxc       de_max   dv_max
   1      -32.6959144     -11.1209501     -21.5749643 0.31E-02 0.10E+01
   2      -30.7989416      -9.6277373     -21.1712043 0.49E+00 0.50E+00
   3      -29.5800093      -8.5658968     -21.0141125 0.64E+00 0.23E-01
   4      -29.3962162      -8.3994149     -20.9968012 0.18E+00 0.28E-02
   5      -29.3748719      -8.3874776     -20.9873943 0.16E-01 0.28E-02
   6      -29.3752369      -8.3912275     -20.9840094 0.20E-02 0.22E-02
   7      -29.3843677      -8.3995135     -20.9848543 0.55E-02 0.26E-03
   8      -29.3849004      -8.3996517     -20.9852487 0.53E-03 0.15E-03
   9      -29.3848061      -8.3994530     -20.9853530 0.45E-04 0.12E-03
  10      -29.3846073      -8.3992800     -20.9853273 0.24E-04 0.80E-04
  11      -29.3844697      -8.3991977     -20.9852720 0.35E-04 0.61E-04
  12      -29.3844106      -8.3991818     -20.9852287 0.42E-04 0.43E-04
  13      -29.3844011      -8.3991959     -20.9852052 0.38E-04 0.28E-04
  14      -29.3844117      -8.3992157     -20.9851960 0.28E-04 0.17E-04
  15      -29.3844252      -8.3992311     -20.9851941 0.18E-04 0.96E-05
  16      -29.3844350      -8.3992401     -20.9851949 0.10E-04 0.52E-05
  17      -29.3844404      -8.3992444     -20.9851960 0.55E-05 0.27E-05
  18      -29.3844428      -8.3992461     -20.9851967 0.26E-05 0.14E-05
  19      -29.3844436      -8.3992465     -20.9851970 0.12E-05 0.71E-06
  20      -29.3844437      -8.3992465     -20.9851971 0.56E-06 0.38E-06
  21      -29.3844436      -8.3992465     -20.9851971 0.26E-06 0.21E-06
  22      -29.3844435      -8.3992464     -20.9851971 0.14E-06 0.12E-06
  23      -29.3844435      -8.3992464     -20.9851971 0.77E-07 0.67E-07
  24      -29.3844435      -8.3992465     -20.9851970 0.50E-07 0.38E-07
  25      -29.3844435      -8.3992465     -20.9851970 0.43E-07 0.21E-07
  26      -29.3844435      -8.3992465     -20.9851970 0.18E-07 0.11E-07
  27      -29.3844435      -8.3992465     -20.9851970 0.93E-08 0.58E-08

   27 iterations: (units are Ry and bohr)
 Energy:     -29.38444355  Ebs:      -8.39924651  Ehxc:     -20.98519704
 Eh    :      22.53377968  Exc:      -5.26568071

   Orbital    Filling       Eigenvalues    Norm(rc->oo)      Peak
    |100>      2.000          -1.912903      0.408683      1.294669
    |210>      4.500          -1.016320      0.690754      1.418011
    |320>      0.000          -0.044283      0.908979      4.875659
    |200>      0.000          -0.201885      0.984233      4.394067

 ---Non-local ghost testing---
 Local state: 1s

 Test  state: 1s
 ...seems like this angular momentum is the local part!

 Test  state: 2p
 KB energy :  -7.137156  KB strength:   1.457873  KB cosine:  -0.204265
 el0       :  -0.840983  el1        :  -0.081242  eig      :  -1.016320
 No ghosts!  Ekb<0  and eig < el0

 Test  state: 3d
 KB energy : -10.827159  KB strength:   1.876669  KB cosine:  -0.173330
 el0       :  -0.035528  el1        :  -0.019593  eig      :  -0.044283
 No ghosts!  Ekb<0  and eig < el0

 Test  state: 2s
 ...seems like this angular momentum is the local part!
 ------------------------------

 No ghosts present for local potential

   ------------------------------------------------
   ================================================

 ======================================================================== 
 Begin KE convergence testing
 ======================================================================== 
 ----------------------------------------------------------------------
                     Kinetic energy convergence
      ==============================|100>==============================
      Ecut(Ry)  KE/electron(Ry)         KE error/electron (mRy,meV)
        17       1.068425673                69.301445     942.894670
        27       1.130627384                 7.099734      96.596846
        35       1.137023389                 0.703729       9.574725
        41       1.137662245                 0.064873       0.882644
      ==============================|210>==============================
      Ecut(Ry)  KE/electron(Ry)         KE error/electron (mRy,meV)
         9       1.904346115                66.883028     909.990408
        14       1.964502653                 6.726489      91.518594
        36       1.970539131                 0.690011       9.388080
        46       1.971162988                 0.066155       0.900079
      ==============================|320>==============================
      Ecut(Ry)  KE/electron(Ry)         KE error/electron (mRy,meV)
        19       1.581724263                71.366348     970.989128
        33       1.646128517                 6.962094      94.724168
        40       1.652365608                 0.725003       9.864179
        46       1.653027849                 0.062762       0.853924
      ==============================|200>==============================
      Ecut(Ry)  KE/electron(Ry)         KE error/electron (mRy,meV)
        17       1.068425673                69.301445     942.894670
        27       1.130627384                 7.099734      96.596846
        35       1.137023389                 0.703729       9.574725
        41       1.137662245                 0.064873       0.882644

 ======================================================================== 
 End KE convergence testing
 ======================================================================== 
<<<do_rpt>>>
<<<do_upf>>>
------------- closing opium session ------------
