
 ++++++++++++++++++++++++++++++++++++++++++++++++++++++++++++++++++++++++
           OPIUM  Version:        3.8                             
           =====================================            
 See http://opium.sourceforge.net for help and information                 
 Copyright 2009 : The OPIUM project                         

 Compile host     : vagvlan567.217.wlan.design.upenn.edu
 Compile OS       : Darwin 14.1.0 i386
 Compile date     : Wed Mar 18 18:57:27 EDT 2015

 Execution host   : vagvlan567.215.wlan.design.upenn.edu
 time of execution: Wed Oct 14 12:03:02 2015

 ++++++++++++++++++++++++++++++++++++++++++++++++++++++++++++++++++++++++
 Reading parameter file:  <ca.param> ... 
 File prefix             : ca 
 Element                 : Calcium    (Ca) 
 Z                       : 20 
 
 Number of all-electron orbitals   : 7 
 Number of pseudo       orbitals   : 4 
 
 Pseudopotential is non-relativistic 
 Exchage-correlation functional is : Perdew, Burke, Ernzerhof GGA 
 GGA smoothed from 0 to 0.001000 bohr using switch to LDA 
 The s potential is used for the KB construction 
 Optimized (RRKJ) pseudopotential method will be used 

 nl    cutoff radii    q-max      # bessel functions
 3s       1.420        7.070              10 
 3p       1.720        7.070              10 
 3d       1.800        7.070              10 
 4s       1.740        7.070              10 

 Reference Configuration: core  <-/-> valence 
 1s2  2s2  2p6  <-/-> 3s2  3p6  3d0  4s0.1 

 Grid definitions: 
 a_grid=1.00e-04    b_grid=1.30e-02    # points=1153 
 r(1)=3.68e-05      r(np)=1.18e+02    

 dEmax tolerance:  1.00e-08      dVmax tolerance:  1.00e-06     

 Box 1  0.0101233 --> 1.39666  height: 1.52 
 Starting calculation...

 ======================================================================== 
 Begin AE calculation
 ======================================================================== 
 Performing non-relativistic AE calculation...  
 ---------Eigenvalue guesses---------
 1s           -13.00000000
 2s            -1.40000000
 2p            -0.40000000
 3s            -0.10000000
 3p           -13.00000000
 3d            -1.40000000
 4s            -0.40000000

 iter       Etot             Ebs             Ehxc       de_max   dv_max
   1    -1522.5225287    -938.8994688    -583.6230599 0.83E+02 0.32E+01
   2    -1408.7067526    -862.0087454    -546.6980073 0.40E+00 0.10E+01
   3    -1354.0092454    -824.6649356    -529.3443098 0.22E+00 0.18E+00
   4    -1352.0997428    -822.8758385    -529.2239043 0.21E-01 0.85E-01
   5    -1353.7621419    -824.0752459    -529.6868960 0.20E-01 0.18E-01
   6    -1353.7944965    -823.9102095    -529.8842871 0.35E-02 0.18E-01
   7    -1353.5318111    -823.6351788    -529.8966323 0.70E-02 0.11E-01
   8    -1353.4713077    -823.5823544    -529.8889533 0.25E-02 0.92E-03
   9    -1353.4663838    -823.5819989    -529.8843849 0.33E-03 0.73E-03
  10    -1353.4692066    -823.5864820    -529.8827245 0.89E-04 0.35E-03
  11    -1353.4720447    -823.5898787    -529.8821660 0.65E-04 0.18E-03
  12    -1353.4743435    -823.5920108    -529.8823327 0.11E-04 0.11E-03
  13    -1353.4756775    -823.5930363    -529.8826412 0.55E-05 0.68E-04
  14    -1353.4762728    -823.5934061    -529.8828667 0.36E-05 0.43E-04
  15    -1353.4764573    -823.5934753    -529.8829820 0.22E-05 0.27E-04
  16    -1353.4764700    -823.5934465    -529.8830236 0.14E-05 0.17E-04
  17    -1353.4764351    -823.5934053    -529.8830298 0.85E-06 0.10E-04
  18    -1353.4764047    -823.5933800    -529.8830247 0.54E-06 0.58E-05
  19    -1353.4763886    -823.5933699    -529.8830187 0.34E-06 0.34E-05
  20    -1353.4763833    -823.5933683    -529.8830150 0.23E-06 0.19E-05
  21    -1353.4763814    -823.5933676    -529.8830138 0.17E-06 0.11E-05
  22    -1353.4763824    -823.5933688    -529.8830136 0.88E-07 0.60E-06
  23    -1353.4763832    -823.5933695    -529.8830138 0.56E-07 0.33E-06
  24    -1353.4763837    -823.5933697    -529.8830140 0.18E-07 0.18E-06
  25    -1353.4763838    -823.5933697    -529.8830141 0.84E-08 0.99E-07

   25 iterations: (units are Ry and bohr)
 Energy:   -1353.47638383  Ebs:    -823.59336969  Ehxc:    -529.88301414
 Eh    :     550.77063083  Exc:     -70.98648788

   Orbital    Filling       Eigenvalues    Norm(rc->oo)      Peak
    |100>      2.000        -289.771217
    |200>      2.000         -31.249401
    |210>      6.000         -25.648545
    |300>      2.000          -4.475846      0.245455      0.996090
    |310>      6.000          -3.100906      0.169600      1.049257
    |320>      0.000          -1.121926      0.408560      1.210559
    |400>      0.100          -1.037328      0.938801      2.930234

 ======================================================================== 
 End AE calculation
 ======================================================================== 

 ======================================================================== 
 Begin PS construction
 ======================================================================== 
 Optimized Pseudopotential Generation ...

 ==================
 zeff=   9.9000000000000004     
 Pseudizing state : |300>
 eigenvalue       : -4.475846
 qc               :  7.070000
 # bessel fxns    : 10
 point nearest rc :  813
 rc               :  1.420000
 actual rc        :  1.414933

 Psi(rc)          :     0.5665621743
 Slope at rc      :    -0.9837738159
 Curvature at rc  :     1.2233329610
 Del^2 Psi at rc  :    -0.1672258753
 Log Deriv at rc  :    -1.7363916276

 Starting KE minimization...
  step #    theta       slope       curv       KEresid    coeffsum
     1    0.004133   -1.391270  168.329868    0.003820    0.371284
     2   -0.001585    0.677198  213.629610    0.003283    0.411333
     3   -0.003591    0.446946   62.230413    0.002481    0.488082
     4   -0.005102    0.401241   39.322466    0.001457    0.542085
    11   -0.000127    0.058271  229.263264    0.000614    0.504090
    21   -0.000167    0.078190  234.249552    0.000413    0.561908
    31   -0.000136    0.053634  197.550734    0.000290    0.608558
    41   -0.000059    0.023367  199.475543    0.000264    0.624135
    51   -0.000064    0.022613  177.081055    0.000180    0.680193
    61   -0.000031    0.011049  178.813278    0.000148    0.723742
    71   -0.000013    0.003895  149.853340    0.000143    0.745876

 # steps:    74
 Final KE error:    0.0001430106
 Sum of coeffs :    0.7459366231
 ---------------------------------------------------------------
 Coeff:      1.423528 -0.350326 -0.344176  0.022229 -0.013118  0.008685 -0.006767  0.005897 -0.005679  0.005663
 ---------------------------------------------------------------
 Resid KE (Ry)     :        0.0001430106
 Norm error        :    -0.444E-15
 Continuity error  :     0.444E-15
 Curvature error   :     0.106E-12
 ---------------------------------------------------------------
 Bessel wavevectors and final coefficients
   1        1.5290119298        1.4235282981
   2        3.5309962183       -0.3503260667
   3        5.6775723989       -0.3441760334
   4        7.8631138953        0.0222290890
   5       10.0634637258       -0.0131180432
   6       12.2708797301        0.0086853450
   7       14.4821907592       -0.0067673063
   8       16.6958696637        0.0058969133
   9       18.9110931809       -0.0056787138
  10       21.1273792169        0.0056631411

 Total KE           (Ry) :     1.6851976608
 0  -> qc contribution   :     1.6850546502
 qc -> oo contribution   :     0.0001430106   (=Convergence term)
 Occupancy of this state :     2.0000000000
 Convergence term (Ry/e) :     0.0001430106
 Convergence error (mRy) :     0.2860211763
 Convergence error (meV) :     3.8915469206


 ==================
 zeff=   9.9000000000000004     
 Pseudizing state : |310>
 eigenvalue       : -3.100906
 qc               :  7.070000
 # bessel fxns    : 10
 point nearest rc :  828
 rc               :  1.720000
 actual rc        :  1.719584

 Psi(rc)          :     0.3646831648
 Slope at rc      :    -0.5770395934
 Curvature at rc  :     0.8005077115
 Del^2 Psi at rc  :    -0.1172912213
 Log Deriv at rc  :    -1.5823038988

 Starting KE minimization...
  step #    theta       slope       curv       KEresid    coeffsum
     1    0.002020   -0.778689  192.749421    0.000436    2.928437
     2   -0.000967    0.232379  120.092759    0.000324    2.931949
     3   -0.001880    0.166710   44.327837    0.000167    2.905294
     4   -0.000584    0.115501   98.902059    0.000133    2.895065
    11   -0.000025    0.009777  195.887889    0.000062    2.896832

 # steps:    20
 Final KE error:    0.0000063623
 Sum of coeffs :    2.8253468069
 ---------------------------------------------------------------
 Coeff:      1.801368  0.919633  0.097007  0.008284 -0.003022  0.002897 -0.001741  0.001807 -0.001710  0.000825
 ---------------------------------------------------------------
 Resid KE (Ry)     :        0.0000063623
 Norm error        :    -0.666E-15
 Continuity error  :    -0.167E-15
 Curvature error   :     0.217E-13
 ---------------------------------------------------------------
 Bessel wavevectors and final coefficients
   1        1.9432265709        1.8013678482
   2        3.7180722220        0.9196328134
   3        5.5245466269        0.0970066674
   4        7.3408245130        0.0082835125
   5        9.1612643197       -0.0030220971
   6       10.9838381386        0.0028966831
   7       12.8076474523       -0.0017406958
   8       14.6322349144        0.0018071054
   9       16.4573436991       -0.0017100809
  10       18.2828186294        0.0008250507

 Total KE           (Ry) :     3.5978643967
 0  -> qc contribution   :     3.5978580343
 qc -> oo contribution   :     0.0000063623   (=Convergence term)
 Occupancy of this state :     6.0000000000
 Convergence term (Ry/e) :     0.0000063623
 Convergence error (mRy) :     0.0381739508
 Convergence error (meV) :     0.5193871395


 ==================
 zeff=   9.9000000000000004     
 Pseudizing state : |320>
 eigenvalue       : -1.121926
 qc               :  7.070000
 # bessel fxns    : 10
 point nearest rc :  832
 rc               :  1.800000
 actual rc        :  1.811368

 Psi(rc)          :     0.3525298128
 Slope at rc      :    -0.3220912702
 Curvature at rc  :     0.2879313195
 Del^2 Psi at rc  :    -0.7123665528
 Log Deriv at rc  :    -0.9136568270

 Starting KE minimization...
  step #    theta       slope       curv       KEresid    coeffsum
     1    0.058077   -6.261333   53.905730    0.069770    3.880783
     2   -0.013644    3.101119  113.642950    0.048628    4.212596
     3   -0.020534    1.653602   40.264027    0.031687    4.303808
     4   -0.024472    1.391572   28.431426    0.014701    4.045480
    11   -0.000750    0.205568  136.967547    0.006199    3.901674
    21   -0.000828    0.179516  108.422531    0.000294    3.471586
    31   -0.000056    0.006906   61.200604    0.000128    3.452467

 # steps:    38
 Final KE error:    0.0001146485
 Sum of coeffs :    3.4267758375
 ---------------------------------------------------------------
 Coeff:      1.875874  1.263917  0.291147 -0.004594  0.003531 -0.002707  0.002560 -0.002717  0.002836 -0.003072
 ---------------------------------------------------------------
 Resid KE (Ry)     :        0.0001146485
 Norm error        :     0.777E-15
 Continuity error  :     0.000E+00
 Curvature error   :    -0.326E-13
 ---------------------------------------------------------------
 Bessel wavevectors and final coefficients
   1        2.2754408816        1.8758741903
   2        4.1626435876        1.2639166944
   3        5.9496665494        0.2911472440
   4        7.7117778626       -0.0045935972
   5        9.4634174036        0.0035306624
   6       11.2096089120       -0.0027067947
   7       12.9525914773        0.0025603794
   8       14.6935207180       -0.0027166667
   9       16.4330552487        0.0028361745
  10       18.1715985522       -0.0030724490

 Total KE           (Ry) :     4.5170424735
 0  -> qc contribution   :     4.5169278250
 qc -> oo contribution   :     0.0001146485   (=Convergence term)
 Occupancy of this state :     0.0000000000
 Convergence term (Ry/e) :     0.0001146485
 Convergence error (mRy) :     0.0000000000
 Convergence error (meV) :     0.0000000000

 ------------------------------
 Descreening potential
 valence charge          :   8.000000
 core    charge          :   0.000000

 ----Solving the Schrodinger equation for all states----
 State: 3s  AE eigenvalue =  -4.475846  PS eigenvalue =  -4.475846
 State: 3p  AE eigenvalue =  -3.100906  PS eigenvalue =  -3.100906
 State: 3d  AE eigenvalue =  -1.121926  PS eigenvalue =  -1.121926

 ---Semilocal ghost testing---
 Local state: 3s

 Test  state: 3p
 KB energy :  -7.709376  KB strength:   2.573206  KB cosine:  -0.333776
 el0       :  -2.578547  el1        :  -0.698404  eig      :  -3.100906
 No ghosts!  Ekb<0  and eig < el0

 Test  state: 3d
 KB energy :  -7.791647  KB strength:   2.933799  KB cosine:  -0.376531
 el0       :  -0.753035  el1        :  -0.337022  eig      :  -1.121926
 No ghosts!  Ekb<0  and eig < el0

 No ghosts for local potential: 3s
 ------------------------------

 Local state: 3p

 Test  state: 3s
 KB energy :   8.577685  KB strength:   3.083434  KB cosine:   0.359472
 el0       :  -6.824239  el1        :  -1.551315  eig      :  -4.475846
 No ghosts!  Ekb>0  and el0 < eig < el1

 Test  state: 3d
 KB energy :  -4.496556  KB strength:   1.955247  KB cosine:  -0.434832
 el0       :  -0.768237  el1        :  -0.342013  eig      :  -1.121926
 No ghosts!  Ekb<0  and eig < el0

 No ghosts for local potential: 3p
 ------------------------------

 Local state: 3d

 Test  state: 3s
 KB energy :   9.892634  KB strength:   5.640134  KB cosine:   0.570135
 el0       : -11.199564  el1        :  -2.044163  eig      :  -4.475846
 No ghosts!  Ekb>0  and el0 < eig < el1

 Test  state: 3p
 KB energy :   4.559612  KB strength:   2.835695  KB cosine:   0.621916
 el0       :  -5.671315  el1        :  -0.945796  eig      :  -3.100906
 No ghosts!  Ekb>0  and el0 < eig < el1

 No ghosts for local potential: 3d
 ------------------------------


 ======================================================================== 
 End PS construction
 ======================================================================== 

 ======================================================================== 
 Begin NL calculation
 ======================================================================== 
 ---------Eigenvalue guesses---------
 1s            -4.47584561
 2p            -3.10090649
 3d            -1.12192578
 2s            -1.03732776
 Performing non-local pseudopotential calculation
 Using the s potential as the local potential

 --Augmentation operator info--
 Number of functions:   1
 # 1 range(a.u.):   0.009993 ----->  1.378619   size(Ry):  1.520000
 ------------------------------

 iter       Etot             Ebs             Ehxc       de_max   dv_max
   1      -72.1492528     -27.6609079     -44.4883449 0.43E-03 0.20E+00
   2      -71.8757871     -27.4146219     -44.4611652 0.24E-01 0.20E+00
   3      -71.6362856     -27.1878236     -44.4484619 0.23E-01 0.10E+00
   4      -71.6033521     -27.1574832     -44.4458689 0.29E-02 0.95E-02
   5      -71.6004616     -27.1558679     -44.4445938 0.18E-03 0.52E-03
   6      -71.6006136     -27.1564961     -44.4441175 0.48E-04 0.27E-03
   7      -71.6011857     -27.1571677     -44.4440180 0.55E-04 0.14E-03
   8      -71.6016324     -27.1575839     -44.4440486 0.35E-04 0.10E-03
   9      -71.6018846     -27.1577862     -44.4440984 0.18E-04 0.75E-04
  10      -71.6019970     -27.1578644     -44.4441326 0.74E-05 0.50E-04
  11      -71.6020346     -27.1578858     -44.4441488 0.25E-05 0.34E-04
  12      -71.6020411     -27.1578875     -44.4441536 0.13E-05 0.21E-04
  13      -71.6020386     -27.1578852     -44.4441534 0.66E-06 0.13E-04
  14      -71.6020357     -27.1578840     -44.4441517 0.38E-06 0.79E-05
  15      -71.6020344     -27.1578842     -44.4441502 0.23E-06 0.47E-05
  16      -71.6020342     -27.1578847     -44.4441495 0.13E-06 0.27E-05
  17      -71.6020346     -27.1578855     -44.4441491 0.96E-07 0.16E-05
  18      -71.6020351     -27.1578861     -44.4441490 0.56E-07 0.92E-06
  19      -71.6020355     -27.1578864     -44.4441490 0.43E-07 0.53E-06
  20      -71.6020357     -27.1578866     -44.4441491 0.16E-07 0.30E-06
  21      -71.6020358     -27.1578866     -44.4441491 0.71E-08 0.17E-06

   21 iterations: (units are Ry and bohr)
 Energy:     -71.60203575  Ebs:     -27.15788664  Ehxc:     -44.44414911
 Eh    :      47.19558489  Exc:      -9.26509003

   Orbital    Filling       Eigenvalues    Norm(rc->oo)      Peak
    |100>      2.000          -4.412804      0.245759      1.022328
    |210>      6.000          -3.038477      0.170318      1.062986
    |320>      0.000          -1.066264      0.420763      1.164256
    |200>      0.100          -1.014174      0.942698      3.007419

 ---Non-local ghost testing---
 Local state: 1s

 Test  state: 1s
 KB energy :  -1.520000  KB strength:   1.304458  KB cosine:  -0.858196
 el0       :  -3.374503  el1        :  -0.403783  eig      :  -4.412804
 No ghosts!  Ekb<0  and eig < el0

 Test  state: 2p
 KB energy :  -5.778119  KB strength:   3.268029  KB cosine:  -0.565587
 el0       :  -1.873514  el1        :  -0.624044  eig      :  -3.038477
 No ghosts!  Ekb<0  and eig < el0

 Test  state: 3d
 KB energy :  -7.756460  KB strength:   3.641151  KB cosine:  -0.469435
 el0       :  -0.643733  el1        :  -0.300808  eig      :  -1.066264
 No ghosts!  Ekb<0  and eig < el0

 Test  state: 2s
 KB energy :  -1.520000  KB strength:   1.304458  KB cosine:  -0.858196
 el0       :  -0.930143  el1        :  -0.403777  eig      :  -1.014174
 No ghosts!  Ekb<0  and eig < el0
 ------------------------------

 No ghosts present for designed local pot


 ======================================================================== 
 End NL calculation
 ======================================================================== 
<<<do_tc>>>


 ===============Configuration 1 AE Calc=============== 
 ---------Eigenvalue guesses---------
 1s           -13.00000000
 2s            -1.40000000
 2p            -0.40000000
 3s            -1.40000000
 3p            -0.40000000
 3d            -0.40000000
 4s            -0.40000000

 iter       Etot             Ebs             Ehxc       de_max   dv_max
   1    -1529.8878512    -945.2805630    -584.6072883 0.85E+02 0.34E+01
   2    -1411.3823789    -864.9590199    -546.4233590 0.41E+00 0.10E+01
   3    -1353.8730494    -825.7088457    -528.1642037 0.23E+00 0.19E+00
   4    -1351.9085120    -823.8810440    -528.0274680 0.22E-01 0.90E-01
   5    -1353.6639906    -825.1620290    -528.5019615 0.20E-01 0.19E-01
   6    -1353.6957412    -824.9918282    -528.7039130 0.35E-02 0.18E-01
   7    -1353.4255279    -824.7086707    -528.7168572 0.70E-02 0.11E-01
   8    -1353.3683317    -824.6570584    -528.7112733 0.23E-02 0.61E-03
   9    -1353.3633613    -824.6556756    -528.7076857 0.32E-03 0.56E-03
  10    -1353.3653247    -824.6590405    -528.7062841 0.11E-03 0.39E-03
  11    -1353.3665760    -824.6611144    -528.7054616 0.96E-04 0.10E-03
  12    -1353.3687864    -824.6632206    -528.7055658 0.83E-05 0.74E-04
  13    -1353.3702160    -824.6643186    -528.7058974 0.45E-05 0.48E-04
  14    -1353.3708852    -824.6647229    -528.7061623 0.29E-05 0.30E-04
  15    -1353.3710985    -824.6647914    -528.7063071 0.17E-05 0.18E-04
  16    -1353.3711115    -824.6647469    -528.7063646 0.10E-05 0.11E-04
  17    -1353.3710663    -824.6646898    -528.7063766 0.63E-06 0.67E-05
  18    -1353.3710247    -824.6646517    -528.7063730 0.41E-06 0.41E-05
  19    -1353.3710025    -824.6646362    -528.7063663 0.28E-06 0.24E-05
  20    -1353.3709918    -824.6646295    -528.7063623 0.18E-06 0.14E-05
  21    -1353.3709891    -824.6646286    -528.7063605 0.11E-06 0.79E-06
  22    -1353.3709894    -824.6646294    -528.7063600 0.74E-07 0.43E-06
  23    -1353.3709902    -824.6646301    -528.7063601 0.34E-07 0.24E-06
  24    -1353.3709907    -824.6646304    -528.7063603 0.24E-07 0.13E-06
  25    -1353.3709908    -824.6646304    -528.7063604 0.82E-08 0.68E-07

   25 iterations: (units are Ry and bohr)
 Energy:   -1353.37099085  Ebs:    -824.66463042  Ehxc:    -528.70636042
 Eh    :     549.58585545  Exc:     -70.95540907

   Orbital    Filling       Eigenvalues    Norm(rc->oo)      Peak
    |100>      2.000        -289.837983
    |200>      2.000         -31.315627
    |210>      6.000         -25.714814
    |300>      2.000          -4.540243      0.245135      0.996090
    |310>      6.000          -3.164674      0.168857      1.049257
    |320>      0.000          -1.179430      0.397726      1.210559
    |400>      0.000          -1.063739      0.934353      2.892387


 ===============Configuration 1 NL: Calc ===============
 ---------Eigenvalue guesses---------
 1s            -4.47584561
 2p            -3.10090649
 3d            -1.12192578
 2s            -1.03732776
 Performing non-local pseudopotential calculation
 Using the s potential as the local potential

 --Augmentation operator info--
 Number of functions:   1
 # 1 range(a.u.):   0.009993 ----->  1.378619   size(Ry):  1.520000
 ------------------------------

 iter       Etot             Ebs             Ehxc       de_max   dv_max
   1      -71.4990608     -27.5571301     -43.9419306 0.43E-03 0.19E-08
   2      -71.4990608     -27.5571301     -43.9419306 0.37E-09 0.65E-09

    2 iterations: (units are Ry and bohr)
 Energy:     -71.49906076  Ebs:     -27.55713013  Ehxc:     -43.94193062
 Eh    :      46.68598236  Exc:      -9.23662950

   Orbital    Filling       Eigenvalues    Norm(rc->oo)      Peak
    |100>      2.000          -4.475846      0.245455      1.022328
    |210>      6.000          -3.100906      0.169600      1.062986
    |320>      0.000          -1.121926      0.408560      1.164256
    |200>      0.000          -1.037778      0.938027      2.930234

 ---Non-local ghost testing---
 Local state: 1s

 Test  state: 1s
 KB energy :  -1.520000  KB strength:   1.304458  KB cosine:  -0.858196
 el0       :  -3.436808  el1        :  -0.407209  eig      :  -4.475846
 No ghosts!  Ekb<0  and eig < el0

 Test  state: 2p
 KB energy :  -5.778119  KB strength:   3.268029  KB cosine:  -0.565587
 el0       :  -1.931901  el1        :  -0.619454  eig      :  -3.100906
 No ghosts!  Ekb<0  and eig < el0

 Test  state: 3d
 KB energy :  -7.756460  KB strength:   3.641151  KB cosine:  -0.469435
 el0       :  -0.665814  el1        :  -0.308608  eig      :  -1.121926
 No ghosts!  Ekb<0  and eig < el0

 Test  state: 2s
 KB energy :  -1.520000  KB strength:   1.304458  KB cosine:  -0.858196
 el0       :  -0.947214  el1        :  -0.407199  eig      :  -1.037778
 No ghosts!  Ekb<0  and eig < el0
 ------------------------------

 No ghosts present for designed local pot



 ===============Configuration 2 AE Calc=============== 
 ---------Eigenvalue guesses---------
 1s           -13.00000000
 2s            -1.40000000
 2p            -0.40000000
 3s            -1.40000000
 3p            -0.40000000
 3d            -0.40000000
 4s            -0.40000000

 iter       Etot             Ebs             Ehxc       de_max   dv_max
   1    -1451.3453319    -881.1488564    -570.1964755 0.73E+02 0.20E+01
   2    -1385.6323998    -837.1034610    -548.5289388 0.27E+00 0.10E+01
   3    -1354.4455391    -815.3557297    -539.0898095 0.12E+00 0.19E+00
   4    -1353.5029648    -814.2488715    -539.2540933 0.27E-01 0.75E-01
   5    -1354.5188847    -814.7875379    -539.7313468 0.28E-01 0.24E-01
   6    -1354.6097393    -814.6569663    -539.9527731 0.56E-02 0.20E-01
   7    -1354.4217105    -814.4268070    -539.9949035 0.87E-02 0.14E-01
   8    -1354.2028527    -814.2600149    -539.9428378 0.92E-02 0.20E-02
   9    -1354.1826454    -814.2667252    -539.9159202 0.37E-03 0.17E-02
  10    -1354.2001303    -814.2912805    -539.9088497 0.59E-03 0.94E-03
  11    -1354.2375309    -814.3229336    -539.9145972 0.84E-03 0.20E-03
  12    -1354.2392047    -814.3222672    -539.9169375 0.24E-04 0.13E-03
  13    -1354.2384789    -814.3209233    -539.9175556 0.31E-04 0.88E-04
  14    -1354.2373270    -814.3198697    -539.9174573 0.22E-04 0.59E-04
  15    -1354.2365523    -814.3193529    -539.9171994 0.87E-05 0.43E-04
  16    -1354.2362099    -814.3192100    -539.9169999 0.28E-05 0.29E-04
  17    -1354.2361392    -814.3192436    -539.9168956 0.29E-05 0.19E-04
  18    -1354.2361752    -814.3193165    -539.9168586 0.31E-05 0.12E-04
  19    -1354.2362285    -814.3193740    -539.9168545 0.22E-05 0.74E-05
  20    -1354.2362662    -814.3194053    -539.9168609 0.12E-05 0.45E-05
  21    -1354.2362879    -814.3194211    -539.9168668 0.54E-06 0.27E-05
  22    -1354.2362948    -814.3194244    -539.9168705 0.19E-06 0.16E-05
  23    -1354.2362962    -814.3194242    -539.9168720 0.68E-07 0.10E-05
  24    -1354.2362955    -814.3194233    -539.9168722 0.48E-07 0.63E-06
  25    -1354.2362947    -814.3194227    -539.9168720 0.20E-07 0.40E-06
  26    -1354.2362942    -814.3194225    -539.9168717 0.13E-07 0.25E-06
  27    -1354.2362941    -814.3194226    -539.9168715 0.83E-08 0.16E-06

   27 iterations: (units are Ry and bohr)
 Energy:   -1354.23629411  Ebs:    -814.31942257  Ehxc:    -539.91687154
 Eh    :     560.88449526  Exc:     -71.27690927

   Orbital    Filling       Eigenvalues    Norm(rc->oo)      Peak
    |100>      2.000        -289.214406
    |200>      2.000         -30.696732
    |210>      6.000         -25.095523
    |300>      2.000          -3.936696      0.247528      0.996090
    |310>      6.000          -2.565700      0.174134      1.049257
    |320>      0.000          -0.621755      0.468916      1.242446
    |400>      1.000          -0.656417      0.952720      3.167942


 ===============Configuration 2 NL: Calc ===============
 ---------Eigenvalue guesses---------
 1s            -4.47584561
 2p            -3.10090649
 3d            -1.12192578
 2s            -1.03732776
 Performing non-local pseudopotential calculation
 Using the s potential as the local potential

 --Augmentation operator info--
 Number of functions:   1
 # 1 range(a.u.):   0.009993 ----->  1.378619   size(Ry):  1.520000
 ------------------------------

 iter       Etot             Ebs             Ehxc       de_max   dv_max
   1      -78.2304900     -28.5949077     -49.6355823 0.43E-03 0.20E+01
   2      -75.1146178     -25.9422033     -49.1724145 0.25E+00 0.10E+01
   3      -72.6242227     -23.7462915     -48.8779312 0.28E+00 0.41E-01
   4      -72.3467658     -23.5011926     -48.8455732 0.41E-01 0.14E-01
   5      -72.3184492     -23.4909477     -48.8275015 0.19E-02 0.52E-02
   6      -72.3240056     -23.5037249     -48.8202807 0.19E-02 0.38E-02
   7      -72.3450653     -23.5246863     -48.8203790 0.30E-02 0.12E-02
   8      -72.3471176     -23.5267161     -48.8204016 0.36E-03 0.77E-03
   9      -72.3471940     -23.5268919     -48.8203021 0.44E-04 0.70E-03
  10      -72.3470787     -23.5269329     -48.8201458 0.19E-04 0.56E-03
  11      -72.3470284     -23.5270349     -48.8199935 0.42E-04 0.27E-03
  12      -72.3470480     -23.5271571     -48.8198910 0.26E-04 0.19E-03
  13      -72.3471044     -23.5272689     -48.8198355 0.20E-04 0.12E-03
  14      -72.3471644     -23.5273548     -48.8198096 0.14E-04 0.77E-04
  15      -72.3472114     -23.5274124     -48.8197989 0.94E-05 0.48E-04
  16      -72.3472426     -23.5274475     -48.8197951 0.57E-05 0.30E-04
  17      -72.3472611     -23.5274674     -48.8197938 0.32E-05 0.19E-04
  18      -72.3472713     -23.5274781     -48.8197932 0.18E-05 0.12E-04
  19      -72.3472765     -23.5274839     -48.8197927 0.96E-06 0.78E-05
  20      -72.3472792     -23.5274869     -48.8197923 0.53E-06 0.50E-05
  21      -72.3472806     -23.5274887     -48.8197919 0.31E-06 0.32E-05
  22      -72.3472814     -23.5274898     -48.8197916 0.18E-06 0.21E-05
  23      -72.3472819     -23.5274905     -48.8197914 0.11E-06 0.13E-05
  24      -72.3472822     -23.5274909     -48.8197913 0.82E-07 0.86E-06
  25      -72.3472824     -23.5274912     -48.8197912 0.44E-07 0.55E-06
  26      -72.3472825     -23.5274913     -48.8197912 0.27E-07 0.36E-06
  27      -72.3472826     -23.5274914     -48.8197912 0.16E-07 0.23E-06
  28      -72.3472827     -23.5274915     -48.8197912 0.10E-07 0.15E-06

   28 iterations: (units are Ry and bohr)
 Energy:     -72.34728266  Ebs:     -23.52749148  Ehxc:     -48.81979118
 Eh    :      51.64510157  Exc:      -9.53440307

   Orbital    Filling       Eigenvalues    Norm(rc->oo)      Peak
    |100>      2.000          -3.888043      0.247682      1.035705
    |210>      6.000          -2.517423      0.174506      1.062986
    |320>      0.000          -0.581793      0.487679      1.164256
    |200>      1.000          -0.646867      0.956859      3.251389

 ---Non-local ghost testing---
 Local state: 1s

 Test  state: 1s
 KB energy :  -1.520000  KB strength:   1.304458  KB cosine:  -0.858196
 el0       :  -2.854272  el1        :  -0.582420  eig      :  -3.888043
 No ghosts!  Ekb<0  and eig < el0

 Test  state: 2p
 KB energy :  -5.778119  KB strength:   3.268029  KB cosine:  -0.565587
 el0       :  -1.374468  el1        :  -0.345566  eig      :  -2.517423
 No ghosts!  Ekb<0  and eig < el0

 Test  state: 3d
 KB energy :  -7.756460  KB strength:   3.641151  KB cosine:  -0.469435
 el0       :  -0.299521  el1        :  -0.095553  eig      :  -0.581793
 No ghosts!  Ekb<0  and eig < el0

 Test  state: 2s
 KB energy :  -1.520000  KB strength:   1.304458  KB cosine:  -0.858196
 el0       :  -0.582420  el1        :  -0.186617  eig      :  -0.646867
 No ghosts!  Ekb<0  and eig < el0
 ------------------------------

 No ghosts present for designed local pot



 ===============Configuration 3 AE Calc=============== 
 ---------Eigenvalue guesses---------
 1s           -13.00000000
 2s            -1.40000000
 2p            -0.40000000
 3s            -1.40000000
 3p            -0.40000000
 3d            -0.40000000
 4s            -0.40000000

 iter       Etot             Ebs             Ehxc       de_max   dv_max
   1    -1357.4389799    -816.9648743    -540.4741055 0.62E+02 0.21E+01
   2    -1365.7260491    -815.5551004    -550.1709488 0.44E+00 0.10E+01
   3    -1354.1146343    -805.3621585    -548.7524758 0.47E+00 0.40E+00
   4    -1355.1004912    -805.7358414    -549.3646498 0.11E+00 0.12E+00
   5    -1355.1889031    -805.4844903    -549.7044128 0.11E+00 0.30E-01
   6    -1354.9641729    -805.1858246    -549.7783483 0.44E-01 0.17E-01
   7    -1354.6383916    -804.9450184    -549.6933732 0.21E-01 0.13E-01
   8    -1354.6302665    -804.9756190    -549.6546475 0.74E-02 0.47E-02
   9    -1354.6507463    -805.0077781    -549.6429682 0.58E-02 0.29E-02
  10    -1354.6975930    -805.0492781    -549.6483148 0.74E-02 0.34E-03
  11    -1354.7009008    -805.0501409    -549.6507599 0.27E-03 0.37E-03
  12    -1354.7005243    -805.0490272    -549.6514971 0.14E-03 0.29E-03
  13    -1354.6994576    -805.0479799    -549.6514776 0.14E-03 0.20E-03
  14    -1354.6986916    -805.0474275    -549.6512641 0.79E-04 0.13E-03
  15    -1354.6983219    -805.0472341    -549.6510878 0.31E-04 0.81E-04
  16    -1354.6982278    -805.0472329    -549.6509949 0.68E-05 0.51E-04
  17    -1354.6982398    -805.0472767    -549.6509631 0.18E-05 0.32E-04
  18    -1354.6982803    -805.0473195    -549.6509609 0.28E-05 0.21E-04
  19    -1354.6983115    -805.0473439    -549.6509675 0.16E-05 0.14E-04
  20    -1354.6983261    -805.0473522    -549.6509739 0.42E-06 0.88E-05
  21    -1354.6983307    -805.0473529    -549.6509777 0.19E-06 0.57E-05
  22    -1354.6983307    -805.0473516    -549.6509791 0.36E-06 0.37E-05
  23    -1354.6983294    -805.0473501    -549.6509792 0.30E-06 0.24E-05
  24    -1354.6983284    -805.0473494    -549.6509790 0.20E-06 0.15E-05
  25    -1354.6983279    -805.0473491    -549.6509788 0.97E-07 0.97E-06
  26    -1354.6983277    -805.0473490    -549.6509787 0.66E-07 0.62E-06
  27    -1354.6983277    -805.0473491    -549.6509786 0.29E-07 0.40E-06
  28    -1354.6983278    -805.0473491    -549.6509787 0.19E-07 0.26E-06
  29    -1354.6983278    -805.0473491    -549.6509787 0.15E-07 0.16E-06
  30    -1354.6983278    -805.0473491    -549.6509787 0.11E-07 0.11E-06
  31    -1354.6983278    -805.0473491    -549.6509787 0.85E-08 0.68E-07

   31 iterations: (units are Ry and bohr)
 Energy:   -1354.69832782  Ebs:    -805.04734909  Ehxc:    -549.65097873
 Eh    :     570.71294281  Exc:     -71.58521819

   Orbital    Filling       Eigenvalues    Norm(rc->oo)      Peak
    |100>      2.000        -288.698840
    |200>      2.000         -30.183712
    |210>      6.000         -24.582276
    |300>      2.000          -3.431401      0.248485      0.996090
    |310>      6.000          -2.062351      0.176518      1.049257
    |320>      0.000          -0.152096      0.549822      1.258703
    |400>      2.000          -0.275843      0.965070      3.424934


 ===============Configuration 3 NL: Calc ===============
 ---------Eigenvalue guesses---------
 1s            -4.47584561
 2p            -3.10090649
 3d            -1.12192578
 2s            -1.03732776
 Performing non-local pseudopotential calculation
 Using the s potential as the local potential

 --Augmentation operator info--
 Number of functions:   1
 # 1 range(a.u.):   0.009993 ----->  1.378619   size(Ry):  1.520000
 ------------------------------

 iter       Etot             Ebs             Ehxc       de_max   dv_max
   1      -85.4734845     -29.6326852     -55.8407993 0.43E-03 0.40E+01
   2      -78.3215090     -23.9029062     -54.4186028 0.50E+00 0.20E+01
   3      -73.1048414     -19.7149342     -53.3899072 0.74E+00 0.20E+02
   4      -72.7376138     -19.4162734     -53.3213404 0.19E+00 0.20E+02
   5      -72.7546449     -19.4685408     -53.2861041 0.36E-01 0.10E+02
   6      -72.7941625     -19.5144730     -53.2796894 0.25E-01 0.58E-02
   7      -72.8029590     -19.5253653     -53.2775936 0.69E-02 0.27E-02
   8      -72.8045278     -19.5283532     -53.2761746 0.24E-02 0.15E-02
   9      -72.8046128     -19.5292809     -53.2753319 0.70E-03 0.16E-02
  10      -72.8048644     -19.5300580     -53.2748064 0.56E-03 0.12E-02
  11      -72.8052555     -19.5308218     -53.2744337 0.62E-03 0.29E-03
  12      -72.8055884     -19.5313413     -53.2742472 0.35E-03 0.18E-03
  13      -72.8058473     -19.5316730     -53.2741743 0.19E-03 0.13E-03
  14      -72.8060281     -19.5318741     -53.2741541 0.11E-03 0.99E-04
  15      -72.8061353     -19.5319872     -53.2741481 0.65E-04 0.78E-04
  16      -72.8061910     -19.5320478     -53.2741432 0.36E-04 0.56E-04
  17      -72.8062181     -19.5320807     -53.2741375 0.21E-04 0.39E-04
  18      -72.8062318     -19.5320999     -53.2741319 0.13E-04 0.27E-04
  19      -72.8062396     -19.5321124     -53.2741272 0.82E-05 0.18E-04
  20      -72.8062449     -19.5321210     -53.2741240 0.56E-05 0.12E-04
  21      -72.8062488     -19.5321269     -53.2741219 0.39E-05 0.82E-05
  22      -72.8062516     -19.5321311     -53.2741206 0.26E-05 0.54E-05
  23      -72.8062536     -19.5321337     -53.2741199 0.17E-05 0.36E-05
  24      -72.8062549     -19.5321355     -53.2741194 0.11E-05 0.24E-05
  25      -72.8062558     -19.5321367     -53.2741191 0.72E-06 0.15E-05
  26      -72.8062563     -19.5321374     -53.2741189 0.46E-06 0.10E-05
  27      -72.8062566     -19.5321378     -53.2741189 0.29E-06 0.67E-06
  28      -72.8062568     -19.5321380     -53.2741188 0.18E-06 0.44E-06
  29      -72.8062569     -19.5321382     -53.2741188 0.11E-06 0.29E-06
  30      -72.8062571     -19.5321384     -53.2741187 0.78E-07 0.19E-06
  31      -72.8062571     -19.5321385     -53.2741186 0.57E-07 0.12E-06
  32      -72.8062572     -19.5321386     -53.2741186 0.40E-07 0.80E-07
  33      -72.8062572     -19.5321386     -53.2741186 0.24E-07 0.52E-07
  34      -72.8062572     -19.5321386     -53.2741186 0.13E-07 0.34E-07
  35      -72.8062573     -19.5321387     -53.2741186 0.66E-08 0.22E-07

   35 iterations: (units are Ry and bohr)
 Energy:     -72.80625725  Ebs:     -19.53213866  Ehxc:     -53.27411860
 Eh    :      56.18858783  Exc:      -9.82671972

   Orbital    Filling       Eigenvalues    Norm(rc->oo)      Peak
    |100>      2.000          -3.398563      0.248523      1.035705
    |210>      6.000          -2.029673      0.176576      1.062986
    |320>      0.000          -0.130527      0.584610      1.179490
    |200>      2.000          -0.278487      0.968702      3.561145

 ---Non-local ghost testing---
 Local state: 1s

 Test  state: 1s
 KB energy :  -1.520000  KB strength:   1.304458  KB cosine:  -0.858196
 el0       :  -2.366850  el1        :  -0.231533  eig      :  -3.398563
 No ghosts!  Ekb<0  and eig < el0

 Test  state: 2p
 KB energy :  -5.778119  KB strength:   3.268029  KB cosine:  -0.565587
 el0       :  -0.899497  el1        :  -0.058874  eig      :  -2.029673
 No ghosts!  Ekb<0  and eig < el0

 Test  state: 3d
 !WARNING! : schsl found a positive eigenvalue. n,l=:   3   2
 !WARNING! No solution for ground state of local potential.  Setting e=0.0
 !WARNING! : schsl found too few nodes   n,l=   4   2  e= -.7517E-08
 !WARNING! No solution for 1st excited state of local potential.  Setting e=0.0
 KB energy :  -7.756460  KB strength:   3.641151  KB cosine:  -0.469435
 el0       :   0.000000  el1        :   0.000000  eig      :  -0.130527
 No ghosts!  Ekb<0  and eig < el0

 Test  state: 2s
 !WARNING! : schsl found a positive eigenvalue. n,l=:   3   0
 !WARNING! No solution for 1st excited state of local potential.  Setting e=0.0
 KB energy :  -1.520000  KB strength:   1.304458  KB cosine:  -0.858196
 el0       :  -0.231533  el1        :   0.000000  eig      :  -0.278487
 No ghosts!  Ekb<0  and eig < el0
 ------------------------------

 No ghosts present for designed local pot

   ------------------------------------------------
   ================================================

 ======================================================================== 
 Begin KE convergence testing
 ======================================================================== 
 ----------------------------------------------------------------------
                     Kinetic energy convergence
      ==============================|100>==============================
      Ecut(Ry)  KE/electron(Ry)         KE error/electron (mRy,meV)
        23       1.613687299                71.490765     972.681903
        35       1.678289632                 6.888432      93.721938
        44       1.684519041                 0.659023       8.966469
        66       1.685105884                 0.072180       0.982061
      ==============================|210>==============================
      Ecut(Ry)  KE/electron(Ry)         KE error/electron (mRy,meV)
        17       3.524925059                72.939100     992.387514
        25       3.590612097                 7.252062      98.669386
        33       3.597198253                 0.665906       9.060119
        40       3.597800490                 0.063669       0.866266
      ==============================|320>==============================
      Ecut(Ry)  KE/electron(Ry)         KE error/electron (mRy,meV)
        28       4.443706119                73.335703     997.783572
        38       4.510601282                 6.440540      87.628055
        45       4.516394552                 0.647270       8.806560
        61       4.516969298                 0.072524       0.986737
      ==============================|200>==============================
      Ecut(Ry)  KE/electron(Ry)         KE error/electron (mRy,meV)
        23       1.613687299                71.490765     972.681903
        35       1.678289632                 6.888432      93.721938
        44       1.684519041                 0.659023       8.966469
        66       1.685105884                 0.072180       0.982061

 ======================================================================== 
 End KE convergence testing
 ======================================================================== 
<<<do_rpt>>>
<<<do_upf>>>
------------- closing opium session ------------
