##########################################################
#    Opium Report File                                   #
##########################################################
     Opium version:        3.8

### copy of the parameter file #######################

[Atom]
Ca                 # chemical symbol (max. 2 characters)
7                 # norb: number of orbitals
100 2.00   -       # reference configuration
200 2.00   -      # reference configuration
210 6.00   -      # reference configuration
300 2.00   -      # reference configuration
310 6.00   -       # reference configuration
320 0.00   -   
400 0.50   -      # reference configuration
[Pseudo]
3  2.72 2.80 4.44
opt
[XC]
gga
[Optinfo]
7.07  10    # rc[a.u.]  Qc[sqrt(Ry)]  Nb
7.07  10    # rc[a.u.]  Qc[sqrt(Ry)]  Nb
7.07  10    # rc[a.u.]  Qc[sqrt(Ry)]  Nb
[Configs]
2                 # number of valence configurations
#
310 6.00   -       # reference configuration
320 0.00   -      # test configuration     
400 0.51   -      # test configuration 
#
310 6.00   -       # reference configuration
320 0.00   -      # test configuration
400 0.80   -      # test configuration    
#
310 6.00   -       # reference configuration
320 0.00   -      # test configuration
400 2.00   -      # test configuration    

### AE report ########################################

 AE:Orbital    Filling       Eigenvalues[Ry]          Norm
    ----------------------------------------------------------
	100	 2.000	    -289.5135102168
	200	 2.000	     -30.9937351763
	210	 6.000	     -25.3927092338
	300	 2.000	      -4.2270165652
	400	 0.500	      -0.8637927675	  0.2001804484
	310	 6.000	      -2.8541670425	  0.0139761072
	320	 0.000	      -0.8912533315	  0.1550084656

      E_tot =    -1353.8567840900 Ry

### PS report ########################################

    ====================Optimized pseudopotential method====================

                       Pseudopotential convergence error                      
    Orbital      [mRy/e]       [meV/e]         [mRy]        [meV]        Ghost
    --------------------------------------------------------------------------
	400       0.000048      0.000648      0.000024      0.000324	    no
	310       0.009311      0.126685      0.055867      0.760110	   yes
	320       0.019616      0.266895      0.000000      0.000000	   yes

                  Tot. error =               0.055891      0.760435

	310  SHOULD NOT be used as the local potential 
	320  SHOULD NOT be used as the local potential 

### NL/SL report #####################################


 NL:Orbital    Filling       Eigenvalues[Ry]          Norm       Ghost
    ------------------------------------------------------------------
	100 	 0.500	      -0.8637928068	  0.2001804694	    no
	210 	 6.000	      -2.8541671940	  0.0139761267	    no
	320 	 0.000	      -0.8912534244	  0.1550084607	    no

	 ========== No ghosts in potential!!========== 

      E_tot =      -44.1079096895 Ry

### KE report ########################################

	 ===   Ecut necessary for ~1    eV convergence error / electron === 
	 --------------------------------------------------------------- 
		 	 Ecut[Ry] 	 error [meV/e] 
	100  		   0 	          902.711 
	210  		   26 	          947.087 
	320  		   30 	          951.714 
	 ===   Ecut necessary for ~100 meV convergence error / electron === 
	 --------------------------------------------------------------- 
		 	 Ecut[Ry] 	 error [meV/e] 
	100  		   3 	           90.349 
	210  		   35 	           96.794 
	320  		   38 	           94.327 

	 ===   Ecut necessary for  ~10 meV convergence error / electron === 
	 --------------------------------------------------------------- 
		 	 Ecut[Ry] 	 error [meV/e] 
	100  		   5 	            9.356 
	210  		   41 	            9.030 
	320  		   44 	            8.677 

	 ===   Ecut necessary for   ~1 meV convergence error / electron === 
	 --------------------------------------------------------------- 
		 	 Ecut[Ry] 	 error [meV/e] 
	100  		   17 	            0.989 
	210  		   46 	            0.843 
	320  		   47 	            0.974 

### TC report ########################################

 AE:Orbital    Filling       Eigenvalues[Ry]          Norm
    ----------------------------------------------------------
	100	 2.000	    -289.5072744887
	200	 2.000	     -30.9875463979
	210	 6.000	     -25.3865164755
	300	 2.000	      -4.2209815489
	400	 0.510	      -0.8595034134	  0.2010758826
	310	 6.000	      -2.8481771644	  0.0139921838
	320	 0.000	      -0.8856499487	  0.1556421339

      E_tot =    -1353.8654002170 Ry

 NL:Orbital    Filling       Eigenvalues[Ry]          Norm       Ghost
    ------------------------------------------------------------------
	100 	 0.510	      -0.8595283637	  0.2011162711	    no
	210 	 6.000	      -2.8482398512	  0.0139900408	    no
	320 	 0.000	      -0.8856927893	  0.1556056227	    no

      E_tot =      -44.1165257910 Ry

 AE-NL:Orbital Filling       Eigenvalues[mRy]         Norm[1e-3] 
 AE-NL- --------------------------------------------------------------
 AE-NL- 100 	 0.510	       0.0249503312	 -0.0403884534	
 AE-NL- 210 	 6.000	       0.0626868551	  0.0021430128	
 AE-NL- 320 	 0.000	       0.0428405987	  0.0365112371	
 AE-NL-  total error =	       0.1304777849	  0.0790427033

 =====================================================================
 AE:Orbital    Filling       Eigenvalues[Ry]          Norm
    ----------------------------------------------------------
	100	 2.000	    -289.3309275183
	200	 2.000	     -30.8124750422
	210	 6.000	     -25.2113352878
	300	 2.000	      -4.0500089063
	400	 0.800	      -0.7378577795	  0.2273822635
	310	 6.000	      -2.6783637035	  0.0144345767
	320	 0.000	      -0.7269475902	  0.1755908053

      E_tot =    -1354.0968937761 Ry

 NL:Orbital    Filling       Eigenvalues[Ry]          Norm       Ghost
    ------------------------------------------------------------------
	100 	 0.800	      -0.7386742313	  0.2285223005	    no
	210 	 6.000	      -2.6805211093	  0.0143668572	    no
	320 	 0.000	      -0.7283470826	  0.1743692747	    no

      E_tot =      -44.3481446412 Ry

 AE-NL:Orbital Filling       Eigenvalues[mRy]         Norm[1e-3] 
 AE-NL- --------------------------------------------------------------
 AE-NL- 100 	 0.800	       0.8164518576	 -1.1400369670	
 AE-NL- 210 	 6.000	       2.1574057968	  0.0677194824	
 AE-NL- 320 	 0.000	       1.3994924019	  1.2215306233	
 AE-NL-  total error =	       4.3733500563	  2.4292870726

 =====================================================================

  Comparison of total energy differences.           
   DD_ij = (E_i - E_j)_AE - (E_i-E_j)_NL     

 AE-NL-   i   j         DD[mRy]        DD[meV] 
 AE-NL- ------------------------------------------
 AE-NL-   0   1         0.000025       0.000346
 AE-NL-   0   2        -0.125266      -1.704327
 AE-NL-   1   2        -0.125291      -1.704673
