
 ++++++++++++++++++++++++++++++++++++++++++++++++++++++++++++++++++++++++
           OPIUM  Version:        3.8                             
           =====================================            
 See http://opium.sourceforge.net for help and information                 
 Copyright 2009 : The OPIUM project                         

 Compile host     : vagvlan567.217.wlan.design.upenn.edu
 Compile OS       : Darwin 14.1.0 i386
 Compile date     : Wed Mar 18 18:57:27 EDT 2015

 Execution host   : vagvlan567.0951.wlan.wireless-pennnet.upenn.edu
 time of execution: Tue Oct 13 15:19:40 2015

 ++++++++++++++++++++++++++++++++++++++++++++++++++++++++++++++++++++++++
 Reading parameter file:  <he.param> ... 
 File prefix             : he 
 Element                 : Helium     (He) 
 Z                       : 2 
 
 Number of all-electron orbitals   : 1 
 Number of pseudo       orbitals   : 1 
 
 Pseudopotential is non-relativistic 
 Exchage-correlation functional is : Perdew, Burke, Ernzerhof GGA 
 GGA smoothed from 0 to 0.001000 bohr using switch to LDA 
 The s potential is used for the KB construction 
 Optimized (RRKJ) pseudopotential method will be used 

 nl    cutoff radii    q-max      # bessel functions
 1s       0.800        7.000              10 

 Reference Configuration: core  <-/-> valence 
 <-/-> 1s2 

 Grid definitions: 
 a_grid=1.00e-04    b_grid=6.50e-03    # points=2189 
 r(1)=7.94e-05      r(np)=1.19e+02    

 dEmax tolerance:  1.00e-08      dVmax tolerance:  1.00e-06     

 Starting calculation...

 ======================================================================== 
 Begin AE calculation
 ======================================================================== 
 Performing non-relativistic AE calculation...  
 ---------Eigenvalue guesses---------
 1s            -4.00000000

 iter       Etot             Ebs             Ehxc       de_max   dv_max
   1       -8.9002289      -4.9176956      -3.9825334 0.39E+00 0.20E+01
   2       -7.1929841      -3.4968637      -3.6961204 0.29E+00 0.10E+01
   3       -5.8688142      -2.3958277      -3.4729865 0.31E+00 0.19E-01
   4       -5.7819962      -2.3140082      -3.4679880 0.34E-01 0.59E-02
   5       -5.7858399      -2.3174924      -3.4683475 0.15E-02 0.16E-02
   6       -5.7862094      -2.3175374      -3.4686721 0.19E-04 0.46E-03
   7       -5.7861849      -2.3173918      -3.4687931 0.63E-04 0.25E-03
   8       -5.7860483      -2.3172456      -3.4688027 0.63E-04 0.15E-03
   9       -5.7859349      -2.3171606      -3.4687742 0.37E-04 0.15E-03
  10       -5.7858728      -2.3171297      -3.4687431 0.13E-04 0.12E-03
  11       -5.7858505      -2.3171295      -3.4687210 0.12E-06 0.86E-04
  12       -5.7858493      -2.3171408      -3.4687085 0.49E-05 0.56E-04
  13       -5.7858559      -2.3171532      -3.4687027 0.54E-05 0.35E-04
  14       -5.7858633      -2.3171627      -3.4687005 0.41E-05 0.20E-04
  15       -5.7858688      -2.3171688      -3.4687000 0.26E-05 0.11E-04
  16       -5.7858723      -2.3171722      -3.4687001 0.15E-05 0.63E-05
  17       -5.7858741      -2.3171739      -3.4687002 0.74E-06 0.34E-05
  18       -5.7858750      -2.3171747      -3.4687004 0.34E-06 0.18E-05
  19       -5.7858754      -2.3171750      -3.4687004 0.14E-06 0.98E-06
  20       -5.7858755      -2.3171751      -3.4687004 0.47E-07 0.53E-06
  21       -5.7858756      -2.3171752      -3.4687004 0.32E-07 0.28E-06
  22       -5.7858756      -2.3171752      -3.4687004 0.96E-08 0.15E-06

   22 iterations: (units are Ry and bohr)
 Energy:      -5.78587564  Ebs:      -2.31717520  Ehxc:      -3.46870044
 Eh    :       4.05346840  Exc:      -2.09232752

   Orbital    Filling       Eigenvalues    Norm(rc->oo)      Peak
    |100>      2.000          -1.158588      0.512316      0.558841

 ======================================================================== 
 End AE calculation
 ======================================================================== 

 ======================================================================== 
 Begin PS construction
 ======================================================================== 
 Optimized Pseudopotential Generation ...

 ==================
 zeff=   2.0000000000000000     
 Pseudizing state : |100>
 eigenvalue       : -1.158588
 qc               :  7.000000
 # bessel fxns    : 10
 point nearest rc : 1419
 rc               :  0.800000
 actual rc        :  0.799004

 Psi(rc)          :     1.0891051817
 Slope at rc      :    -1.8421422049
 Curvature at rc  :     3.4981470657
 Del^2 Psi at rc  :    -1.1129497464
 Log Deriv at rc  :    -1.6914272706

 Error in constraints
   1         0.72498E-12
   2        -0.72498E-12
   3        -0.19283E-10
   4         0.19283E-10
   5        -0.76971E-06
   6         0.76971E-06
   7         0.16029E-01
   8         0.16029E-01
   9         0.00000E+00
  10         0.76971E-06
 Bessel wavevectors and final coefficients
   1        2.2116552835        2.3028849141
   2        5.9895781948        0.8190669745
   3        9.8853699055       -0.1155271017
   4       13.8014776045        0.0564969770
   5       17.7245424059       -0.0272206784
   6       21.6507991730        0.0077671800
   7       25.5787822552        0.0072539004
   8       29.5078036487       -0.0198943791
   9       33.4374978939        0.0310927470
  10       37.3676529640       -0.0413548927

 Total KE           (Ry) :     2.5870482217
 0  -> qc contribution   :     2.5710196755
 qc -> oo contribution   :     0.0160285462   (=Convergence term)
 Occupancy of this state :     2.0000000000
 Convergence term (Ry/e) :     0.0160285462
 Convergence error (mRy) :    32.0570923950
 Convergence error (meV) :   436.1623877077

 ------------------------------
 Descreening potential
 valence charge          :   2.000000
 core    charge          :   0.000000

 ----Solving the Schrodinger equation for all states----
 State: 1s  AE eigenvalue =  -1.158588  PS eigenvalue =  -1.158588

 ---Semilocal ghost testing---
 Local state: 1s

 No ghosts for local potential: 1s
 ------------------------------


 ======================================================================== 
 End PS construction
 ======================================================================== 

 ======================================================================== 
 Begin NL calculation
 ======================================================================== 
 ---------Eigenvalue guesses---------
 1s            -1.15858760
 Performing non-local pseudopotential calculation
 Using the s potential as the local potential

 iter       Etot             Ebs             Ehxc       de_max   dv_max
   1       -5.7424731      -2.3171752      -3.4252979 0.11E-07 0.14E-07
   2       -5.7424731      -2.3171752      -3.4252979 0.73E-08 0.58E-08

    2 iterations: (units are Ry and bohr)
 Energy:      -5.74247312  Ebs:      -2.31717519  Ehxc:      -3.42529792
 Eh    :       4.00334538  Exc:      -2.05736138

   Orbital    Filling       Eigenvalues    Norm(rc->oo)      Peak
    |100>      2.000          -1.158588      0.512317      0.551624

 ---Non-local ghost testing---
 Local state: 1s

 Test  state: 1s
 !WARNING! : schsl found a positive eigenvalue. n,l=:   2   0
 !WARNING! No solution for 1st excited state of local potential.  Setting e=0.0
 ...seems like this angular momentum is the local part!
 ------------------------------

 No ghosts present for local potential


 ======================================================================== 
 End NL calculation
 ======================================================================== 
<<<do_tc>>>


 ===============Configuration 1 AE Calc=============== 
 ---------Eigenvalue guesses---------
 1s            -4.00000000

 iter       Etot             Ebs             Ehxc       de_max   dv_max
   1       -8.3376164      -5.0708341      -3.2667823 0.30E+00 0.20E+01
   2       -6.8524548      -3.7885521      -3.0639028 0.25E+00 0.10E+01
   3       -5.6119104      -2.7205388      -2.8913716 0.28E+00 0.18E-01
   4       -5.5230779      -2.6367483      -2.8863296 0.31E-01 0.53E-02
   5       -5.5225844      -2.6373463      -2.8852381 0.23E-03 0.19E-02
   6       -5.5233613      -2.6383970      -2.8849643 0.40E-03 0.55E-03
   7       -5.5236255      -2.6387465      -2.8848789 0.13E-03 0.26E-03
   8       -5.5236686      -2.6388272      -2.8848414 0.31E-04 0.13E-03
   9       -5.5236950      -2.6388687      -2.8848263 0.16E-04 0.13E-03
  10       -5.5237171      -2.6388964      -2.8848207 0.10E-04 0.97E-04
  11       -5.5237321      -2.6389134      -2.8848187 0.65E-05 0.65E-04
  12       -5.5237412      -2.6389232      -2.8848180 0.37E-05 0.40E-04
  13       -5.5237461      -2.6389285      -2.8848176 0.20E-05 0.24E-04
  14       -5.5237487      -2.6389314      -2.8848174 0.11E-05 0.14E-04
  15       -5.5237501      -2.6389329      -2.8848172 0.59E-06 0.84E-05
  16       -5.5237509      -2.6389338      -2.8848171 0.33E-06 0.48E-05
  17       -5.5237513      -2.6389343      -2.8848170 0.19E-06 0.27E-05
  18       -5.5237515      -2.6389346      -2.8848169 0.10E-06 0.16E-05
  19       -5.5237517      -2.6389348      -2.8848169 0.76E-07 0.87E-06
  20       -5.5237518      -2.6389349      -2.8848169 0.37E-07 0.49E-06
  21       -5.5237518      -2.6389349      -2.8848169 0.22E-07 0.27E-06
  22       -5.5237518      -2.6389350      -2.8848169 0.12E-07 0.15E-06
  23       -5.5237519      -2.6389350      -2.8848169 0.70E-08 0.84E-07

   23 iterations: (units are Ry and bohr)
 Energy:      -5.52375186  Ebs:      -2.63893499  Ehxc:      -2.88481686
 Eh    :       3.41168859  Exc:      -1.89390084

   Orbital    Filling       Eigenvalues    Norm(rc->oo)      Peak
    |100>      1.800          -1.466075      0.490125      0.548050


 ===============Configuration 1 NL: Calc ===============
 ---------Eigenvalue guesses---------
 1s            -1.15858760
 Performing non-local pseudopotential calculation
 Using the s potential as the local potential

 iter       Etot             Ebs             Ehxc       de_max   dv_max
   1       -4.8255189      -2.0854577      -2.7400612 0.11E-07 0.40E+00
   2       -5.1819654      -2.3791509      -2.8028145 0.14E+00 0.20E+00
   3       -5.4488950      -2.6096788      -2.8392162 0.97E-01 0.50E-02
   4       -5.4784459      -2.6373605      -2.8410854 0.11E-01 0.90E-03
   5       -5.4815776      -2.6394741      -2.8421036 0.80E-03 0.10E-02
   6       -5.4815577      -2.6390485      -2.8425092 0.16E-03 0.82E-03
   7       -5.4807419      -2.6382042      -2.8425377 0.32E-03 0.40E-03
   8       -5.4804311      -2.6379002      -2.8425308 0.12E-03 0.11E-03
   9       -5.4803961      -2.6378698      -2.8425263 0.12E-04 0.66E-04
  10       -5.4803937      -2.6378688      -2.8425249 0.38E-06 0.37E-04
  11       -5.4803953      -2.6378704      -2.8425250 0.59E-06 0.21E-04
  12       -5.4803968      -2.6378713      -2.8425255 0.35E-06 0.12E-04
  13       -5.4803976      -2.6378715      -2.8425260 0.90E-07 0.77E-05
  14       -5.4803978      -2.6378714      -2.8425264 0.52E-07 0.47E-05
  15       -5.4803977      -2.6378711      -2.8425266 0.10E-06 0.28E-05
  16       -5.4803976      -2.6378709      -2.8425267 0.91E-07 0.17E-05
  17       -5.4803975      -2.6378707      -2.8425268 0.67E-07 0.96E-06
  18       -5.4803974      -2.6378706      -2.8425268 0.43E-07 0.55E-06
  19       -5.4803973      -2.6378705      -2.8425268 0.25E-07 0.31E-06
  20       -5.4803973      -2.6378705      -2.8425268 0.14E-07 0.17E-06
  21       -5.4803973      -2.6378705      -2.8425268 0.72E-08 0.98E-07

   21 iterations: (units are Ry and bohr)
 Energy:      -5.48039727  Ebs:      -2.63787047  Ehxc:      -2.84252680
 Eh    :       3.36268661  Exc:      -1.85851471

   Orbital    Filling       Eigenvalues    Norm(rc->oo)      Peak
    |100>      1.800          -1.465484      0.490896      0.548050

 ---Non-local ghost testing---
 Local state: 1s

 Test  state: 1s
 ...seems like this angular momentum is the local part!
 ------------------------------

 No ghosts present for local potential



 ===============Configuration 2 AE Calc=============== 
 ---------Eigenvalue guesses---------
 1s            -4.00000000

 iter       Etot             Ebs             Ehxc       de_max   dv_max
   1       -7.6542559      -5.0598385      -2.5944173 0.21E+00 0.20E+01
   2       -6.4016260      -3.9425883      -2.4590376 0.22E+00 0.10E+01
   3       -5.2869233      -2.9513900      -2.3355333 0.25E+00 0.16E-01
   4       -5.2002449      -2.8690260      -2.3312189 0.28E-01 0.48E-02
   5       -5.1967630      -2.8671122      -2.3296508 0.67E-03 0.20E-02
   6       -5.1974330      -2.8683379      -2.3290951 0.43E-03 0.10E-02
   7       -5.1978591      -2.8689619      -2.3288971 0.22E-03 0.28E-03
   8       -5.1980150      -2.8691917      -2.3288234 0.80E-04 0.13E-03
   9       -5.1980477      -2.8692539      -2.3287938 0.22E-04 0.13E-03
  10       -5.1980764      -2.8692931      -2.3287834 0.14E-04 0.94E-04
  11       -5.1980989      -2.8693181      -2.3287807 0.87E-05 0.61E-04
  12       -5.1981132      -2.8693324      -2.3287808 0.50E-05 0.37E-04
  13       -5.1981211      -2.8693397      -2.3287814 0.25E-05 0.22E-04
  14       -5.1981250      -2.8693431      -2.3287819 0.12E-05 0.13E-04
  15       -5.1981267      -2.8693445      -2.3287822 0.50E-06 0.72E-05
  16       -5.1981274      -2.8693451      -2.3287823 0.20E-06 0.41E-05
  17       -5.1981277      -2.8693453      -2.3287823 0.72E-07 0.23E-05
  18       -5.1981277      -2.8693454      -2.3287823 0.22E-07 0.13E-05
  19       -5.1981277      -2.8693454      -2.3287823 0.11E-07 0.74E-06
  20       -5.1981277      -2.8693454      -2.3287823 0.80E-08 0.42E-06

   20 iterations: (units are Ry and bohr)
 Energy:      -5.19812774  Ebs:      -2.86934543  Ehxc:      -2.32878232
 Eh    :       2.79489518  Exc:      -1.68445515

   Orbital    Filling       Eigenvalues    Norm(rc->oo)      Peak
    |100>      1.600          -1.793341      0.468321      0.537466


 ===============Configuration 2 NL: Calc ===============
 ---------Eigenvalue guesses---------
 1s            -1.15858760
 Performing non-local pseudopotential calculation
 Using the s potential as the local potential

 iter       Etot             Ebs             Ehxc       de_max   dv_max
   1       -3.9858473      -1.8537401      -2.1321072 0.11E-07 0.80E+00
   2       -4.6022366      -2.3762553      -2.2259813 0.28E+00 0.40E+00
   3       -5.0951468      -2.8120321      -2.2831147 0.18E+00 0.99E-02
   4       -5.1509519      -2.8647718      -2.2861800 0.19E-01 0.17E-02
   5       -5.1567874      -2.8689014      -2.2878859 0.14E-02 0.20E-02
   6       -5.1569360      -2.8683100      -2.2886260 0.21E-03 0.16E-02
   7       -5.1554282      -2.8666616      -2.2887666 0.57E-03 0.68E-03
   8       -5.1551025      -2.8662908      -2.2888117 0.13E-03 0.13E-03
   9       -5.1550620      -2.8662325      -2.2888295 0.20E-04 0.87E-04
  10       -5.1550441      -2.8662081      -2.2888360 0.85E-05 0.64E-04
  11       -5.1550313      -2.8661934      -2.2888379 0.51E-05 0.42E-04
  12       -5.1550231      -2.8661849      -2.2888381 0.29E-05 0.26E-04
  13       -5.1550184      -2.8661805      -2.2888378 0.15E-05 0.15E-04
  14       -5.1550160      -2.8661784      -2.2888376 0.73E-06 0.88E-05
  15       -5.1550149      -2.8661775      -2.2888374 0.32E-06 0.50E-05
  16       -5.1550144      -2.8661771      -2.2888373 0.12E-06 0.28E-05
  17       -5.1550143      -2.8661771      -2.2888372 0.34E-07 0.16E-05
  18       -5.1550142      -2.8661770      -2.2888372 0.22E-07 0.90E-06
  19       -5.1550142      -2.8661770      -2.2888372 0.24E-08 0.51E-06

   19 iterations: (units are Ry and bohr)
 Energy:      -5.15501420  Ebs:      -2.86617698  Ehxc:      -2.28883721
 Eh    :       2.74838041  Exc:      -1.64912412

   Orbital    Filling       Eigenvalues    Norm(rc->oo)      Peak
    |100>      1.600          -1.791361      0.470037      0.540971

 ---Non-local ghost testing---
 Local state: 1s

 Test  state: 1s
 ...seems like this angular momentum is the local part!
 ------------------------------

 No ghosts present for local potential

   ------------------------------------------------
   ================================================

 ======================================================================== 
 Begin KE convergence testing
 ======================================================================== 
 ----------------------------------------------------------------------
                     Kinetic energy convergence
      ==============================|100>==============================
      Ecut(Ry)  KE/electron(Ry)         KE error/electron (mRy,meV)
        33       2.513883153                71.374021     971.093518
        57       2.578133969                 7.123206      96.916199
       246       2.584529440                 0.727734       9.901333
       389       2.585192450                 0.064724       0.880617

 ======================================================================== 
 End KE convergence testing
 ======================================================================== 
<<<do_rpt>>>
------------- closing opium session ------------
