
 ++++++++++++++++++++++++++++++++++++++++++++++++++++++++++++++++++++++++
           OPIUM  Version:        3.8                             
           =====================================            
 See http://opium.sourceforge.net for help and information                 
 Copyright 2009 : The OPIUM project                         

 Compile host     : vagvlan567.217.wlan.design.upenn.edu
 Compile OS       : Darwin 14.1.0 i386
 Compile date     : Wed Mar 18 18:57:27 EDT 2015

 Execution host   : vagvlan567.215.wlan.design.upenn.edu
 time of execution: Wed Oct 14 11:30:00 2015

 ++++++++++++++++++++++++++++++++++++++++++++++++++++++++++++++++++++++++
 Reading parameter file:  <ar.param> ... 
 File prefix             : ar 
 Element                 : Argon      (Ar) 
 Z                       : 18 
 
 Number of all-electron orbitals   : 7 
 Number of pseudo       orbitals   : 4 
 
 Pseudopotential is non-relativistic 
 Exchage-correlation functional is : Perdew, Burke, Ernzerhof GGA 
 GGA smoothed from 0 to 0.001000 bohr using switch to LDA 
 The s potential is used for the KB construction 
 Optimized (RRKJ) pseudopotential method will be used 

 nl    cutoff radii    q-max      # bessel functions
 3s       1.580        7.070              10 
 3p       1.350        7.070              10 
 3d       3.070        7.070              10 
 4s       1.050        7.070              10 

 Reference Configuration: core  <-/-> valence 
 1s2  2s2  2p6  <-/-> 3s2  3p5  3d1  4s0 

 Grid definitions: 
 a_grid=1.00e-04    b_grid=1.30e-02    # points=1150 
 r(1)=3.82e-05      r(np)=1.17e+02    

 dEmax tolerance:  1.00e-08      dVmax tolerance:  1.00e-06     

 Starting calculation...

 ======================================================================== 
 Begin AE calculation
 ======================================================================== 
 Performing non-relativistic AE calculation...  
 ---------Eigenvalue guesses---------
 1s          -324.00000000
 2s           -20.25000000
 2p           -20.25000000
 3s            -4.00000000
 3p            -4.00000000
 3d            -4.00000000
 4s            -1.26562500

 iter       Etot             Ebs             Ehxc       de_max   dv_max
   1    -1063.9876323    -634.6286518    -429.3589805 0.97E+00 0.20E+01
   2    -1066.3936605    -629.8147672    -436.5788933 0.51E+00 0.10E+01
   3    -1054.0312030    -618.8528515    -435.1783515 0.33E+00 0.55E+00
   4    -1053.3739550    -618.6798853    -434.6940696 0.60E+00 0.18E+00
   5    -1053.1707502    -618.9773120    -434.1934382 0.34E-01 0.20E+00
   6    -1053.3690969    -619.2196722    -434.1494247 0.30E+00 0.15E+00
   7    -1054.0035964    -619.4960758    -434.5075206 0.40E+00 0.41E-01
   8    -1053.8841209    -619.3353631    -434.5487578 0.27E-01 0.38E-01
   9    -1053.7089501    -619.2229024    -434.4860477 0.16E-01 0.29E-01
  10    -1053.6234800    -619.1857298    -434.4377502 0.43E-02 0.98E-02
  11    -1053.6235040    -619.1967239    -434.4267801 0.42E-02 0.68E-02
  12    -1053.6553876    -619.2159652    -434.4394224 0.59E-02 0.55E-02
  13    -1053.6578636    -619.2148562    -434.4430074 0.23E-02 0.47E-02
  14    -1053.6494393    -619.2098604    -434.4395790 0.40E-02 0.28E-02
  15    -1053.6514605    -619.2111676    -434.4402929 0.61E-04 0.13E-02
  16    -1053.6528616    -619.2115065    -434.4413551 0.11E-03 0.12E-02
  17    -1053.6529714    -619.2111737    -434.4417976 0.40E-04 0.11E-02
  18    -1053.6528360    -619.2107518    -434.4420843 0.24E-03 0.90E-03
  19    -1053.6526583    -619.2103839    -434.4422744 0.31E-03 0.60E-03
  20    -1053.6523484    -619.2100961    -434.4422523 0.17E-03 0.39E-03
  21    -1053.6521361    -619.2099580    -434.4421780 0.79E-04 0.22E-03
  22    -1053.6520553    -619.2099234    -434.4421319 0.28E-04 0.18E-03
  23    -1053.6520666    -619.2099250    -434.4421416 0.11E-04 0.15E-03
  24    -1053.6521022    -619.2099256    -434.4421766 0.94E-05 0.12E-03
  25    -1053.6521162    -619.2099099    -434.4422063 0.12E-04 0.98E-04
  26    -1053.6521092    -619.2098872    -434.4422220 0.13E-04 0.77E-04
  27    -1053.6520960    -619.2098676    -434.4422284 0.12E-04 0.59E-04
  28    -1053.6520864    -619.2098543    -434.4422321 0.90E-05 0.46E-04
  29    -1053.6520815    -619.2098458    -434.4422358 0.67E-05 0.36E-04
  30    -1053.6520791    -619.2098397    -434.4422394 0.52E-05 0.28E-04
  31    -1053.6520774    -619.2098349    -434.4422425 0.41E-05 0.22E-04
  32    -1053.6520758    -619.2098308    -434.4422450 0.32E-05 0.17E-04
  33    -1053.6520742    -619.2098275    -434.4422467 0.25E-05 0.13E-04
  34    -1053.6520730    -619.2098251    -434.4422479 0.19E-05 0.10E-04
  35    -1053.6520721    -619.2098232    -434.4422489 0.15E-05 0.78E-05
  36    -1053.6520714    -619.2098217    -434.4422497 0.11E-05 0.60E-05
  37    -1053.6520709    -619.2098206    -434.4422503 0.85E-06 0.46E-05
  38    -1053.6520705    -619.2098198    -434.4422507 0.65E-06 0.36E-05
  39    -1053.6520702    -619.2098191    -434.4422511 0.50E-06 0.28E-05
  40    -1053.6520700    -619.2098187    -434.4422513 0.39E-06 0.21E-05
  41    -1053.6520698    -619.2098183    -434.4422515 0.29E-06 0.16E-05
  42    -1053.6520697    -619.2098179    -434.4422518 0.23E-06 0.13E-05
  43    -1053.6520696    -619.2098177    -434.4422519 0.17E-06 0.99E-06
  44    -1053.6520695    -619.2098175    -434.4422520 0.13E-06 0.76E-06
  45    -1053.6520694    -619.2098174    -434.4422521 0.11E-06 0.59E-06
  46    -1053.6520694    -619.2098173    -434.4422521 0.79E-07 0.46E-06
  47    -1053.6520693    -619.2098172    -434.4422521 0.61E-07 0.35E-06
  48    -1053.6520693    -619.2098171    -434.4422522 0.45E-07 0.27E-06
  49    -1053.6520693    -619.2098171    -434.4422522 0.33E-07 0.21E-06
  50    -1053.6520692    -619.2098170    -434.4422522 0.25E-07 0.16E-06
  51    -1053.6520692    -619.2098170    -434.4422522 0.19E-07 0.12E-06
  52    -1053.6520692    -619.2098170    -434.4422522 0.15E-07 0.93E-07
  53    -1053.6520692    -619.2098170    -434.4422522 0.13E-07 0.71E-07
  54    -1053.6520692    -619.2098170    -434.4422522 0.88E-08 0.55E-07

   54 iterations: (units are Ry and bohr)
 Energy:   -1053.65206921  Ebs:    -619.20981697  Ehxc:    -434.44225224
 Eh    :     452.24904650  Exc:     -60.72742440

   Orbital    Filling       Eigenvalues    Norm(rc->oo)      Peak
    |100>      2.000        -229.029051
    |200>      2.000         -22.332888
    |210>      6.000         -17.561820
    |300>      2.000          -2.330401      0.315286      1.174923
    |310>      5.000          -1.281819      0.591422      1.270236
    |320>      1.000          -0.045120      0.866991      7.346341
    |400>      0.000          -0.204820      0.983778      4.092690

 ======================================================================== 
 End AE calculation
 ======================================================================== 

 ======================================================================== 
 Begin PS construction
 ======================================================================== 
 Optimized Pseudopotential Generation ...

 ==================
 zeff=   8.0000000000000000     
 Pseudizing state : |300>
 eigenvalue       : -2.330401
 qc               :  7.070000
 # bessel fxns    : 10
 point nearest rc :  819
 rc               :  1.580000
 actual rc        :  1.584395

 Psi(rc)          :     0.4954291233
 Slope at rc      :    -0.6870557245
 Curvature at rc  :     0.6189352626
 Del^2 Psi at rc  :    -0.2483432887
 Log Deriv at rc  :    -1.3867891334

 Starting KE minimization...
  step #    theta       slope       curv       KEresid    coeffsum
     1    0.003035   -0.906512  149.355031    0.000622    0.259933
     2   -0.001262    0.294294  116.629640    0.000437    0.290809
     3   -0.002230    0.196160   43.973607    0.000218    0.323796
     4   -0.000801    0.137712   85.920700    0.000163    0.320273
    11   -0.000057    0.016086  141.124995    0.000017    0.323567

 # steps:    20
 Final KE error:    0.0000165984
 Sum of coeffs :    0.3253296757
 ---------------------------------------------------------------
 Coeff:      1.112240 -0.411030 -0.370953 -0.001729 -0.007113  0.004801 -0.003501  0.002824 -0.002466  0.002257
 ---------------------------------------------------------------
 Resid KE (Ry)     :        0.0000165984
 Norm error        :     0.144E-14
 Continuity error  :     0.333E-15
 Curvature error   :     0.161E-13
 ---------------------------------------------------------------
 Bessel wavevectors and final coefficients
   1        1.3196393682        1.1122395058
   2        3.1240374830       -0.4110304000
   3        5.0508165104       -0.3709525433
   4        7.0077164137       -0.0017288557
   5        8.9757658091       -0.0071129837
   6       10.9490803564        0.0048013553
   7       12.9252823056       -0.0035012931
   8       14.9032344771        0.0028236582
   9       16.8823262965       -0.0024655276
  10       18.8622011247        0.0022567598

 Total KE           (Ry) :     1.2891603776
 0  -> qc contribution   :     1.2891437792
 qc -> oo contribution   :     0.0000165984   (=Convergence term)
 Occupancy of this state :     2.0000000000
 Convergence term (Ry/e) :     0.0000165984
 Convergence error (mRy) :     0.0331968512
 Convergence error (meV) :     0.4516697179


 ==================
 zeff=   8.0000000000000000     
 Pseudizing state : |310>
 eigenvalue       : -1.281819
 qc               :  7.070000
 # bessel fxns    : 10
 point nearest rc :  807
 rc               :  1.350000
 actual rc        :  1.355543

 Psi(rc)          :     0.6235958159
 Slope at rc      :    -0.5625458027
 Curvature at rc  :    -0.1582293966
 Del^2 Psi at rc  :    -1.6669670369
 Log Deriv at rc  :    -0.9021000275

 Starting KE minimization...
  step #    theta       slope       curv       KEresid    coeffsum
     1    0.003487   -0.771496  110.631946    0.001894    1.701426
     2   -0.001491    0.353785  118.619370    0.001630    1.733427
     3   -0.003956    0.245267   30.996412    0.001145    1.791285
     4   -0.004002    0.219167   27.385303    0.000706    1.812527
    11   -0.000293    0.082811  141.555834    0.000337    1.796269
    21   -0.000066    0.016800  128.179522    0.000096    1.855148
    31   -0.000002    0.000362   92.269691    0.000095    1.856241

 # steps:    31
 Final KE error:    0.0000949973
 Sum of coeffs :    1.8562405548
 ---------------------------------------------------------------
 Coeff:      1.762021  0.138412 -0.056077  0.013782 -0.007216  0.005155 -0.004436  0.004300 -0.004421  0.004721
 ---------------------------------------------------------------
 Resid KE (Ry)     :        0.0000949973
 Norm error        :     0.333E-15
 Continuity error  :     0.000E+00
 Curvature error   :     0.331E-13
 ---------------------------------------------------------------
 Bessel wavevectors and final coefficients
   1        2.1014102691        1.7620205288
   2        4.5406012984        0.1384123874
   3        6.8909840178       -0.0560765918
   4        9.2243363494        0.0137816607
   5       11.5512450669       -0.0072164416
   6       13.8750029057        0.0051545545
   7       16.1969805216       -0.0044361245
   8       18.5178528078        0.0043003409
   9       20.8379912862       -0.0044207071
  10       23.1576175507        0.0047209476

 Total KE           (Ry) :     2.3552945271
 0  -> qc contribution   :     2.3551995298
 qc -> oo contribution   :     0.0000949973   (=Convergence term)
 Occupancy of this state :     5.0000000000
 Convergence term (Ry/e) :     0.0000949973
 Convergence error (mRy) :     0.4749864754
 Convergence error (meV) :     6.4625709875


 ==================
 zeff=   8.0000000000000000     
 Pseudizing state : |320>
 eigenvalue       : -0.045120
 qc               :  7.070000
 # bessel fxns    : 10
 point nearest rc :  870
 rc               :  3.070000
 actual rc        :  3.074685

 Psi(rc)          :     0.0866762543
 Slope at rc      :    -0.0248290449
 Curvature at rc  :     0.0152523944
 Del^2 Psi at rc  :    -0.0559093171
 Log Deriv at rc  :    -0.2864572899

 Starting KE minimization...
  step #    theta       slope       curv       KEresid    coeffsum
     1    0.019671   -0.312249    7.936657    0.000426    1.108406
     2   -0.004243    0.075687    8.918267    0.000265    1.118938
     3   -0.005739    0.037501    3.267085    0.000157    1.105493
     4   -0.004689    0.025620    2.732066    0.000097    1.093603
    11   -0.000088    0.000995    5.654932    0.000052    1.097242

 # steps:    11
 Final KE error:    0.0000518908
 Sum of coeffs :    1.0972423291
 ---------------------------------------------------------------
 Coeff:      0.392314  0.285749  0.185538  0.121864  0.085392  0.027255 -0.002237  0.001443 -0.001283  0.001208
 ---------------------------------------------------------------
 Resid KE (Ry)     :        0.0000518908
 Norm error        :    -0.278E-16
 Continuity error  :     0.555E-16
 Curvature error   :    -0.121E-14
 ---------------------------------------------------------------
 Bessel wavevectors and final coefficients
   1        1.2416495504        0.3923138943
   2        2.4149060346        0.2857489851
   3        3.4804394469        0.1855380498
   4        4.5245864063        0.1218641665
   5        5.5601213246        0.0853922843
   6        6.5912547680        0.0272548853
   7        7.6198197945       -0.0022373801
   8        8.6467504782        0.0014425006
   9        9.6725750382       -0.0012827036
  10       10.6976154146        0.0012076469

 Total KE           (Ry) :     0.5013085842
 0  -> qc contribution   :     0.5012566934
 qc -> oo contribution   :     0.0000518908   (=Convergence term)
 Occupancy of this state :     1.0000000000
 Convergence term (Ry/e) :     0.0000518908
 Convergence error (mRy) :     0.0518908287
 Convergence error (meV) :     0.7060162376

 ------------------------------
 Descreening potential
 valence charge          :   8.000000
 core    charge          :   0.000000

 ----Solving the Schrodinger equation for all states----
 State: 3s  AE eigenvalue =  -2.330401  PS eigenvalue =  -2.330401
 State: 3p  AE eigenvalue =  -1.281819  PS eigenvalue =  -1.281819
 State: 3d  AE eigenvalue =  -0.045120  PS eigenvalue =  -0.045120

 ---Semilocal ghost testing---
 Local state: 3s

 Test  state: 3p
 KB energy :  -6.893912  KB strength:   1.684623  KB cosine:  -0.244364
 el0       :  -1.019301  el1        :  -0.012071  eig      :  -1.281819
 No ghosts!  Ekb<0  and eig < el0

 Test  state: 3d
 KB energy : -11.445246  KB strength:   0.963563  KB cosine:  -0.084189
 !WARNING! : schsl found a positive eigenvalue. n,l=:   4   2
    !WARNING! No solution for 1st excited state of local potential.  Setting e=0.0
 el0       :  -0.034642  el1        :   0.000000  eig      :  -0.045120
 No ghosts!  Ekb<0  and eig < el0

 No ghosts for local potential: 3s
 ------------------------------

 Local state: 3p

 Test  state: 3s
 KB energy :   7.501995  KB strength:   2.066887  KB cosine:   0.275512
 el0       :  -3.538448  el1        :  -0.340073  eig      :  -2.330401
 No ghosts!  Ekb>0  and el0 < eig < el1

 Test  state: 3d
 KB energy :  -7.517104  KB strength:   0.679711  KB cosine:  -0.090422
 !WARNING! : schsl found a positive eigenvalue. n,l=:   4   2
    !WARNING! No solution for 1st excited state of local potential.  Setting e=0.0
 el0       :  -0.034883  el1        :   0.000000  eig      :  -0.045120
 No ghosts!  Ekb<0  and eig < el0

 No ghosts for local potential: 3p
 ------------------------------

 Local state: 3d

 Test  state: 3s
 KB energy :  13.110577  KB strength:   5.173557  KB cosine:   0.394609
 el0       : -10.395821  el1        :  -1.098654  eig      :  -2.330401
 No ghosts!  Ekb>0  and el0 < eig < el1

 Test  state: 3p
 KB energy :   7.808264  KB strength:   2.928553  KB cosine:   0.375058
 el0       :  -4.094784  el1        :  -0.192971  eig      :  -1.281819
 No ghosts!  Ekb>0  and el0 < eig < el1

 No ghosts for local potential: 3d
 ------------------------------


 ======================================================================== 
 End PS construction
 ======================================================================== 

 ======================================================================== 
 Begin NL calculation
 ======================================================================== 
 ---------Eigenvalue guesses---------
 1s            -2.33040124
 2p            -1.28181922
 3d            -0.04511952
 2s            -0.20481965
 Performing non-local pseudopotential calculation
 Using the s potential as the local potential

 iter       Etot             Ebs             Ehxc       de_max   dv_max
   1      -41.0892189     -11.1150181     -29.9742008 0.62E-02 0.25E-07
   2      -41.0892190     -11.1150181     -29.9742009 0.31E-07 0.21E-07
   3      -41.0892190     -11.1150181     -29.9742009 0.68E-08 0.30E-07

    3 iterations: (units are Ry and bohr)
 Energy:     -41.08921903  Ebs:     -11.11501814  Ehxc:     -29.97420089
 Eh    :      31.93386972  Exc:      -6.64636266

   Orbital    Filling       Eigenvalues    Norm(rc->oo)      Peak
    |100>      2.000          -2.330401      0.315286      1.190296
    |210>      5.000          -1.281819      0.591422      1.270236
    |320>      1.000          -0.045120      0.866992      7.346341
    |200>      0.000          -0.206084      0.982257      4.092690

 ---Non-local ghost testing---
 Local state: 1s

 Test  state: 1s
 ...seems like this angular momentum is the local part!

 Test  state: 2p
 KB energy :  -6.893912  KB strength:   1.684623  KB cosine:  -0.244364
 el0       :  -1.019301  el1        :  -0.090900  eig      :  -1.281819
 No ghosts!  Ekb<0  and eig < el0

 Test  state: 3d
 !WARNING! : schsl found a positive eigenvalue. n,l=:   4   2
 !WARNING! No solution for 1st excited state of local potential.  Setting e=0.0
 KB energy : -11.445246  KB strength:   0.963563  KB cosine:  -0.084189
 el0       :  -0.034642  el1        :   0.000000  eig      :  -0.045120
 No ghosts!  Ekb<0  and eig < el0

 Test  state: 2s
 ...seems like this angular momentum is the local part!
 ------------------------------

 No ghosts present for local potential


 ======================================================================== 
 End NL calculation
 ======================================================================== 
<<<do_tc>>>


 ===============Configuration 1 AE Calc=============== 
 ---------Eigenvalue guesses---------
 1s          -324.00000000
 2s           -20.25000000
 2p           -20.25000000
 3s            -1.40000000
 3p            -0.40000000
 3d            -4.00000000
 4s            -1.26562500

 iter       Etot             Ebs             Ehxc       de_max   dv_max
   1    -1073.0494367    -634.9842174    -438.0652193 0.11E+01 0.20E+01
   2    -1067.9383055    -626.3660769    -441.5722286 0.37E+00 0.10E+01
   3    -1051.6653384    -614.7781098    -436.8872285 0.60E+00 0.45E+00
   4    -1054.0987339    -616.1498456    -437.9488883 0.62E-01 0.18E+00
   5    -1054.9079238    -616.3353455    -438.5725783 0.83E-01 0.26E+00
   6    -1054.6737629    -615.9967265    -438.6770364 0.35E-01 0.36E+00
   7    -1054.1729785    -615.6027520    -438.5702265 0.19E-01 0.37E+00
   8    -1054.1523770    -615.6338472    -438.5185298 0.13E-01 0.35E+00
   9    -1054.1734437    -615.6724828    -438.5009609 0.27E-02 0.31E+00
  10    -1054.2301892    -615.7259195    -438.5042697 0.37E-02 0.24E+00
  11    -1054.2308412    -615.7300201    -438.5008211 0.64E-02 0.92E-01
  12    -1054.2273986    -615.7321697    -438.4952290 0.62E-02 0.13E+00
  13    -1054.2259105    -615.7356267    -438.4902838 0.24E-02 0.13E+00
  14    -1054.2262492    -615.7398172    -438.4864320 0.19E-02 0.12E+00
  15    -1054.2263971    -615.7442729    -438.4821241 0.19E-02 0.52E-01
  16    -1054.2290636    -615.7482772    -438.4807863 0.35E-03 0.61E-01
  17    -1054.2333879    -615.7519158    -438.4814722 0.21E-03 0.58E-01
  18    -1054.2335419    -615.7527733    -438.4807686 0.94E-03 0.27E-01
  19    -1054.2326914    -615.7534023    -438.4792891 0.14E-02 0.24E-01
  20    -1054.2323949    -615.7543929    -438.4780020 0.65E-03 0.19E-01
  21    -1054.2326400    -615.7555315    -438.4771084 0.37E-03 0.14E-01
  22    -1054.2330501    -615.7565649    -438.4764853 0.35E-03 0.12E-01
  23    -1054.2334901    -615.7574025    -438.4760876 0.11E-03 0.14E-01
  24    -1054.2337857    -615.7580300    -438.4757557 0.59E-04 0.14E-01
  25    -1054.2340056    -615.7585190    -438.4754865 0.99E-04 0.61E-02
  26    -1054.2340920    -615.7589027    -438.4751893 0.36E-03 0.56E-02
  27    -1054.2341836    -615.7592410    -438.4749425 0.17E-03 0.44E-02
  28    -1054.2342735    -615.7595352    -438.4747383 0.11E-03 0.38E-02
  29    -1054.2343558    -615.7597863    -438.4745695 0.89E-04 0.35E-02
  30    -1054.2344320    -615.7599976    -438.4744344 0.56E-04 0.37E-02
  31    -1054.2344804    -615.7601724    -438.4743080 0.61E-04 0.39E-02
  32    -1054.2345261    -615.7603223    -438.4742038 0.57E-04 0.36E-02
  33    -1054.2345657    -615.7604526    -438.4741131 0.73E-04 0.16E-02
  34    -1054.2346078    -615.7605669    -438.4740409 0.59E-04 0.13E-02
  35    -1054.2346408    -615.7606600    -438.4739808 0.37E-04 0.12E-02
  36    -1054.2346680    -615.7607356    -438.4739324 0.13E-04 0.11E-02
  37    -1054.2346876    -615.7607990    -438.4738885 0.25E-04 0.11E-02
  38    -1054.2346992    -615.7608528    -438.4738465 0.21E-04 0.12E-02
  39    -1054.2347114    -615.7609005    -438.4738109 0.21E-04 0.11E-02
  40    -1054.2347241    -615.7609423    -438.4737818 0.20E-04 0.10E-02
  41    -1054.2347319    -615.7609779    -438.4737540 0.14E-04 0.62E-03
  42    -1054.2347416    -615.7610108    -438.4737308 0.15E-04 0.55E-03
  43    -1054.2347511    -615.7610384    -438.4737127 0.14E-04 0.47E-03
  44    -1054.2347589    -615.7610614    -438.4736975 0.11E-04 0.48E-03
  45    -1054.2347648    -615.7610805    -438.4736843 0.93E-05 0.45E-03
  46    -1054.2347698    -615.7610972    -438.4736726 0.77E-05 0.41E-03
  47    -1054.2347734    -615.7611113    -438.4736621 0.66E-05 0.37E-03
  48    -1054.2347765    -615.7611235    -438.4736530 0.57E-05 0.33E-03
  49    -1054.2347793    -615.7611342    -438.4736451 0.49E-05 0.30E-03
  50    -1054.2347817    -615.7611436    -438.4736381 0.43E-05 0.26E-03
  51    -1054.2347838    -615.7611517    -438.4736320 0.38E-05 0.23E-03
  52    -1054.2347856    -615.7611590    -438.4736267 0.33E-05 0.20E-03
  53    -1054.2347872    -615.7611652    -438.4736220 0.29E-05 0.18E-03
  54    -1054.2347887    -615.7611706    -438.4736181 0.25E-05 0.16E-03
  55    -1054.2347899    -615.7611754    -438.4736145 0.22E-05 0.14E-03
  56    -1054.2347918    -615.7611806    -438.4736112 0.19E-05 0.12E-03
  57    -1054.2347928    -615.7611843    -438.4736085 0.17E-05 0.10E-03
  58    -1054.2347937    -615.7611876    -438.4736061 0.14E-05 0.91E-04
  59    -1054.2347945    -615.7611904    -438.4736041 0.13E-05 0.80E-04
  60    -1054.2347952    -615.7611928    -438.4736023 0.11E-05 0.69E-04
  61    -1054.2347957    -615.7611949    -438.4736008 0.95E-06 0.61E-04
  62    -1054.2347962    -615.7611967    -438.4735995 0.83E-06 0.53E-04
  63    -1054.2347966    -615.7611983    -438.4735984 0.72E-06 0.46E-04
  64    -1054.2347970    -615.7611996    -438.4735974 0.63E-06 0.40E-04
  65    -1054.2347973    -615.7612008    -438.4735965 0.54E-06 0.35E-04
  66    -1054.2347976    -615.7612018    -438.4735957 0.48E-06 0.30E-04
  67    -1054.2347978    -615.7612028    -438.4735950 0.41E-06 0.26E-04
  68    -1054.2347980    -615.7612036    -438.4735944 0.37E-06 0.23E-04
  69    -1054.2347982    -615.7612043    -438.4735939 0.31E-06 0.20E-04
  70    -1054.2347984    -615.7612049    -438.4735935 0.27E-06 0.17E-04
  71    -1054.2347985    -615.7612054    -438.4735931 0.25E-06 0.15E-04
  72    -1054.2347986    -615.7612058    -438.4735928 0.20E-06 0.13E-04
  73    -1054.2347987    -615.7612062    -438.4735925 0.18E-06 0.12E-04
  74    -1054.2347988    -615.7612066    -438.4735923 0.15E-06 0.10E-04
  75    -1054.2347989    -615.7612069    -438.4735920 0.15E-06 0.88E-05
  76    -1054.2347990    -615.7612072    -438.4735918 0.12E-06 0.76E-05
  77    -1054.2347990    -615.7612074    -438.4735916 0.10E-06 0.66E-05
  78    -1054.2347991    -615.7612076    -438.4735915 0.89E-07 0.58E-05
  79    -1054.2347992    -615.7612078    -438.4735914 0.77E-07 0.50E-05
  80    -1054.2347992    -615.7612079    -438.4735913 0.67E-07 0.44E-05
  81    -1054.2347992    -615.7612081    -438.4735912 0.58E-07 0.38E-05
  82    -1054.2347993    -615.7612082    -438.4735911 0.51E-07 0.33E-05
  83    -1054.2347993    -615.7612083    -438.4735910 0.54E-07 0.29E-05
  84    -1054.2347993    -615.7612084    -438.4735909 0.39E-07 0.25E-05
  85    -1054.2347993    -615.7612084    -438.4735909 0.34E-07 0.22E-05
  86    -1054.2347993    -615.7612085    -438.4735908 0.30E-07 0.19E-05
  87    -1054.2347994    -615.7612086    -438.4735908 0.26E-07 0.17E-05
  88    -1054.2347994    -615.7612086    -438.4735908 0.22E-07 0.15E-05
  89    -1054.2347994    -615.7612086    -438.4735907 0.19E-07 0.13E-05
  90    -1054.2347994    -615.7612087    -438.4735907 0.17E-07 0.11E-05
  91    -1054.2347994    -615.7612087    -438.4735907 0.15E-07 0.96E-06
  92    -1054.2347994    -615.7612087    -438.4735907 0.13E-07 0.83E-06
  93    -1054.2347994    -615.7612088    -438.4735906 0.11E-07 0.72E-06
  94    -1054.2347994    -615.7612088    -438.4735906 0.96E-08 0.63E-06

   94 iterations: (units are Ry and bohr)
 Energy:   -1054.23479941  Ebs:    -615.76120879  Ehxc:    -438.47359062
 Eh    :     456.37068338  Exc:     -61.01083089

   Orbital    Filling       Eigenvalues    Norm(rc->oo)      Peak
    |100>      2.000        -228.748870
    |200>      2.000         -22.072812
    |210>      6.000         -17.299450
    |300>      2.000          -2.131081      0.326168      1.174923
    |310>      5.500          -1.098690      0.608600      1.270236
    |320>      0.500          -0.032377      0.993869     14.631875
    |400>      0.000          -0.155693      0.986226      4.311140


 ===============Configuration 1 NL: Calc ===============
 ---------Eigenvalue guesses---------
 1s            -2.33040124
 2p            -1.28181922
 3d            -0.04511952
 2s            -0.20481965
 Performing non-local pseudopotential calculation
 Using the s potential as the local potential

 iter       Etot             Ebs             Ehxc       de_max   dv_max
   1      -44.5071473     -11.7333680     -32.7737793 0.62E-02 0.57E+00
   2      -42.1110341     -10.4546501     -31.6563840 0.53E+00 0.56E+00
   3      -41.6031130     -10.1762196     -31.4268934 0.75E-01 0.58E+00
   4      -41.5995658     -10.1938912     -31.4056746 0.23E+00 0.47E+00
   5      -41.6545175     -10.2589798     -31.3955377 0.14E+00 0.48E+00
   6      -41.6599412     -10.2747748     -31.3851664 0.41E-01 0.44E+00
   7      -41.6588588     -10.2834683     -31.3753905 0.16E-01 0.40E+00
   8      -41.6594271     -10.2917949     -31.3676323 0.78E-02 0.34E+00
   9      -41.6617665     -10.2978726     -31.3638938 0.19E-02 0.31E+00
  10      -41.6685705     -10.3054807     -31.3630898 0.12E-02 0.24E+00
  11      -41.6685002     -10.3085385     -31.3599618 0.41E-02 0.21E+00
  12      -41.6677607     -10.3109490     -31.3568118 0.82E-02 0.13E+00
  13      -41.6678284     -10.3130583     -31.3547701 0.33E-02 0.14E+00
  14      -41.6685620     -10.3150981     -31.3534639 0.15E-02 0.12E+00
  15      -41.6707874     -10.3176266     -31.3531608 0.17E-02 0.10E+00
  16      -41.6709396     -10.3183109     -31.3526287 0.85E-04 0.88E-01
  17      -41.6707674     -10.3190298     -31.3517376 0.54E-03 0.50E-01
  18      -41.6707582     -10.3197246     -31.3510336 0.45E-03 0.44E-01
  19      -41.6708600     -10.3203500     -31.3505100 0.21E-02 0.24E-01
  20      -41.6710353     -10.3209149     -31.3501205 0.80E-03 0.19E-01
  21      -41.6712139     -10.3213943     -31.3498196 0.35E-03 0.15E-01
  22      -41.6713622     -10.3217890     -31.3495731 0.33E-03 0.13E-01
  23      -41.6715135     -10.3221086     -31.3494048 0.13E-03 0.15E-01
  24      -41.6716326     -10.3223547     -31.3492778 0.12E-03 0.14E-01
  25      -41.6716913     -10.3225459     -31.3491454 0.20E-03 0.65E-02
  26      -41.6717235     -10.3227091     -31.3490144 0.26E-03 0.56E-02
  27      -41.6717575     -10.3228552     -31.3489023 0.13E-03 0.45E-02
  28      -41.6717954     -10.3229851     -31.3488103 0.11E-03 0.37E-02
  29      -41.6718319     -10.3230971     -31.3487348 0.10E-03 0.30E-02
  30      -41.6718703     -10.3231912     -31.3486791 0.56E-04 0.37E-02
  31      -41.6719035     -10.3232673     -31.3486362 0.61E-04 0.36E-02
  32      -41.6719208     -10.3233273     -31.3485935 0.40E-04 0.23E-02
  33      -41.6719336     -10.3233789     -31.3485547 0.59E-04 0.21E-02
  34      -41.6719490     -10.3234244     -31.3485245 0.51E-04 0.13E-02
  35      -41.6719606     -10.3234627     -31.3484979 0.43E-04 0.10E-02
  36      -41.6719706     -10.3234953     -31.3484753 0.29E-04 0.10E-02
  37      -41.6719800     -10.3235230     -31.3484569 0.22E-04 0.11E-02
  38      -41.6719888     -10.3235464     -31.3484424 0.23E-04 0.11E-02
  39      -41.6719948     -10.3235655     -31.3484293 0.18E-04 0.10E-02
  40      -41.6719988     -10.3235817     -31.3484171 0.15E-04 0.93E-03
  41      -41.6720020     -10.3235959     -31.3484061 0.14E-04 0.85E-03
  42      -41.6720051     -10.3236086     -31.3483965 0.13E-04 0.77E-03
  43      -41.6720080     -10.3236199     -31.3483881 0.11E-04 0.68E-03
  44      -41.6720107     -10.3236297     -31.3483810 0.10E-04 0.61E-03
  45      -41.6720130     -10.3236383     -31.3483747 0.89E-05 0.54E-03
  46      -41.6720150     -10.3236457     -31.3483693 0.77E-05 0.47E-03
  47      -41.6720168     -10.3236523     -31.3483645 0.67E-05 0.41E-03
  48      -41.6720184     -10.3236579     -31.3483605 0.59E-05 0.36E-03
  49      -41.6720197     -10.3236628     -31.3483569 0.51E-05 0.32E-03
  50      -41.6720209     -10.3236670     -31.3483539 0.44E-05 0.28E-03
  51      -41.6720219     -10.3236707     -31.3483512 0.38E-05 0.24E-03
  52      -41.6720227     -10.3236739     -31.3483488 0.33E-05 0.21E-03
  53      -41.6720235     -10.3236768     -31.3483467 0.29E-05 0.19E-03
  54      -41.6720242     -10.3236792     -31.3483450 0.25E-05 0.16E-03
  55      -41.6720248     -10.3236813     -31.3483436 0.22E-05 0.14E-03
  56      -41.6720252     -10.3236831     -31.3483421 0.19E-05 0.12E-03
  57      -41.6720256     -10.3236847     -31.3483409 0.17E-05 0.11E-03
  58      -41.6720260     -10.3236862     -31.3483399 0.15E-05 0.93E-04
  59      -41.6720264     -10.3236874     -31.3483391 0.13E-05 0.81E-04
  60      -41.6720267     -10.3236884     -31.3483384 0.11E-05 0.71E-04
  61      -41.6720269     -10.3236893     -31.3483376 0.96E-06 0.62E-04
  62      -41.6720271     -10.3236901     -31.3483370 0.83E-06 0.54E-04
  63      -41.6720273     -10.3236909     -31.3483365 0.73E-06 0.47E-04
  64      -41.6720275     -10.3236915     -31.3483361 0.63E-06 0.41E-04
  65      -41.6720277     -10.3236920     -31.3483357 0.54E-06 0.35E-04
  66      -41.6720278     -10.3236924     -31.3483354 0.49E-06 0.31E-04
  67      -41.6720279     -10.3236928     -31.3483351 0.41E-06 0.27E-04
  68      -41.6720280     -10.3236931     -31.3483349 0.37E-06 0.23E-04
  69      -41.6720280     -10.3236934     -31.3483347 0.31E-06 0.20E-04
  70      -41.6720281     -10.3236936     -31.3483345 0.27E-06 0.18E-04
  71      -41.6720282     -10.3236938     -31.3483343 0.25E-06 0.15E-04
  72      -41.6720282     -10.3236940     -31.3483342 0.21E-06 0.13E-04
  73      -41.6720283     -10.3236942     -31.3483341 0.18E-06 0.12E-04
  74      -41.6720282     -10.3236944     -31.3483339 0.16E-06 0.10E-04
  75      -41.6720283     -10.3236945     -31.3483338 0.15E-06 0.89E-05
  76      -41.6720283     -10.3236947     -31.3483337 0.12E-06 0.77E-05
  77      -41.6720283     -10.3236948     -31.3483335 0.10E-06 0.68E-05
  78      -41.6720284     -10.3236950     -31.3483334 0.91E-07 0.59E-05
  79      -41.6720284     -10.3236951     -31.3483333 0.78E-07 0.51E-05
  80      -41.6720285     -10.3236952     -31.3483333 0.67E-07 0.44E-05
  81      -41.6720286     -10.3236953     -31.3483333 0.57E-07 0.38E-05
  82      -41.6720286     -10.3236953     -31.3483332 0.50E-07 0.33E-05
  83      -41.6720286     -10.3236954     -31.3483332 0.54E-07 0.29E-05
  84      -41.6720286     -10.3236954     -31.3483332 0.39E-07 0.25E-05
  85      -41.6720286     -10.3236954     -31.3483332 0.34E-07 0.22E-05
  86      -41.6720286     -10.3236955     -31.3483331 0.30E-07 0.19E-05
  87      -41.6720286     -10.3236955     -31.3483331 0.26E-07 0.17E-05
  88      -41.6720286     -10.3236955     -31.3483331 0.22E-07 0.15E-05
  89      -41.6720286     -10.3236955     -31.3483331 0.20E-07 0.13E-05
  90      -41.6720286     -10.3236955     -31.3483331 0.17E-07 0.11E-05
  91      -41.6720286     -10.3236955     -31.3483331 0.15E-07 0.96E-06
  92      -41.6720286     -10.3236956     -31.3483331 0.13E-07 0.84E-06
  93      -41.6720286     -10.3236956     -31.3483331 0.11E-07 0.73E-06
  94      -41.6720286     -10.3236956     -31.3483330 0.97E-08 0.63E-06

   94 iterations: (units are Ry and bohr)
 Energy:     -41.67202862  Ebs:     -10.32369558  Ehxc:     -31.34833305
 Eh    :      33.38988938  Exc:      -6.90798212

   Orbital    Filling       Eigenvalues    Norm(rc->oo)      Peak
    |100>      2.000          -2.131366      0.326140      1.190296
    |210>      5.500          -1.099050      0.608557      1.270236
    |320>      0.500          -0.032377      0.993863     14.631875
    |200>      0.000          -0.156594      0.985036      4.311140

 ---Non-local ghost testing---
 Local state: 1s

 Test  state: 1s
 ...seems like this angular momentum is the local part!

 Test  state: 2p
 KB energy :  -6.893912  KB strength:   1.684623  KB cosine:  -0.244364
 el0       :  -0.852946  el1        :  -0.066420  eig      :  -1.099050
 No ghosts!  Ekb<0  and eig < el0

 Test  state: 3d
 KB energy : -11.445246  KB strength:   0.963563  KB cosine:  -0.084189
 el0       :  -0.031866  el1        :  -0.001563  eig      :  -0.032377
 No ghosts!  Ekb<0  and eig < el0

 Test  state: 2s
 ...seems like this angular momentum is the local part!
 ------------------------------

 No ghosts present for local potential



 ===============Configuration 2 AE Calc=============== 
 ---------Eigenvalue guesses---------
 1s          -324.00000000
 2s           -20.25000000
 2p           -20.25000000
 3s            -4.00000000
 3p            -4.00000000
 3d            -4.00000000
 4s            -1.26562500

 iter       Etot             Ebs             Ehxc       de_max   dv_max
   1    -1120.4041223    -663.4810026    -456.9231197 0.93E+00 0.20E+01
   2    -1075.5057345    -633.4711470    -442.0345875 0.44E+00 0.10E+01
   3    -1055.4809364    -618.7728293    -436.7081071 0.66E+00 0.92E-01
   4    -1054.5761589    -617.4876010    -437.0885579 0.29E+00 0.32E-01
   5    -1054.4404890    -617.2110624    -437.2294265 0.62E-01 0.28E-01
   6    -1054.2229441    -617.0546314    -437.1683127 0.21E-01 0.14E-01
   7    -1054.1377165    -617.0251609    -437.1125557 0.26E-02 0.19E-02
   8    -1054.1527035    -617.0584108    -437.0942927 0.12E-02 0.14E-02
   9    -1054.1808707    -617.0863400    -437.0945307 0.13E-02 0.93E-03
  10    -1054.2166523    -617.1130536    -437.1035987 0.15E-02 0.28E-03
  11    -1054.2171156    -617.1102237    -437.1068919 0.87E-04 0.25E-03
  12    -1054.2147958    -617.1073630    -437.1074328 0.44E-04 0.14E-03
  13    -1054.2124831    -617.1055084    -437.1069746 0.25E-04 0.49E-04
  14    -1054.2112946    -617.1047862    -437.1065084 0.27E-04 0.39E-04
  15    -1054.2109013    -617.1046510    -437.1062503 0.30E-04 0.27E-04
  16    -1054.2108862    -617.1047222    -437.1061640 0.24E-04 0.16E-04
  17    -1054.2109746    -617.1048125    -437.1061620 0.15E-04 0.86E-05
  18    -1054.2110452    -617.1048620    -437.1061832 0.78E-05 0.43E-05
  19    -1054.2110784    -617.1048781    -437.1062003 0.35E-05 0.21E-05
  20    -1054.2110848    -617.1048763    -437.1062085 0.14E-05 0.14E-05
  21    -1054.2110815    -617.1048711    -437.1062104 0.49E-06 0.85E-06
  22    -1054.2110771    -617.1048675    -437.1062095 0.21E-06 0.44E-06
  23    -1054.2110744    -617.1048661    -437.1062082 0.13E-06 0.21E-06
  24    -1054.2110735    -617.1048660    -437.1062074 0.12E-06 0.14E-06
  25    -1054.2110735    -617.1048664    -437.1062071 0.84E-07 0.82E-07
  26    -1054.2110739    -617.1048668    -437.1062071 0.56E-07 0.47E-07
  27    -1054.2110741    -617.1048670    -437.1062071 0.33E-07 0.26E-07
  28    -1054.2110742    -617.1048670    -437.1062072 0.28E-07 0.14E-07
  29    -1054.2110743    -617.1048670    -437.1062072 0.84E-08 0.75E-08

   29 iterations: (units are Ry and bohr)
 Energy:   -1054.21107429  Ebs:    -617.10486705  Ehxc:    -437.10620724
 Eh    :     454.99514127  Exc:     -60.98370284

   Orbital    Filling       Eigenvalues    Norm(rc->oo)      Peak
    |100>      2.000        -228.826342
    |200>      2.000         -22.150482
    |210>      6.000         -17.377098
    |300>      2.000          -2.208977      0.326143      1.174923
    |310>      5.500          -1.176487      0.608468      1.270236
    |320>      0.000          -0.036130      0.936852      7.442467
    |400>      0.000          -0.209055      0.982557      4.146242


 ===============Configuration 2 NL: Calc ===============
 ---------Eigenvalue guesses---------
 1s            -2.33040124
 2p            -1.28181922
 3d            -0.04511952
 2s            -0.20481965
 Performing non-local pseudopotential calculation
 Using the s potential as the local potential

 iter       Etot             Ebs             Ehxc       de_max   dv_max
   1      -43.0878814     -11.7108082     -31.3770732 0.62E-02 0.10E+01
   2      -41.9805923     -11.0611865     -30.9194058 0.20E+00 0.50E+00
   3      -41.5998036     -10.8525139     -30.7472897 0.30E-01 0.61E-01
   4      -41.6112023     -10.8651747     -30.7460276 0.18E-01 0.16E-01
   5      -41.6538218     -10.8985662     -30.7552556 0.96E-02 0.20E-02
   6      -41.6536565     -10.8954104     -30.7582461 0.34E-03 0.11E-02
   7      -41.6482751     -10.8905952     -30.7576800 0.89E-03 0.17E-03
   8      -41.6478599     -10.8905524     -30.7573074 0.64E-04 0.16E-03
   9      -41.6478947     -10.8907493     -30.7571454 0.54E-04 0.12E-03
  10      -41.6480416     -10.8909425     -30.7570992 0.58E-04 0.80E-04
  11      -41.6481675     -10.8910694     -30.7570981 0.38E-04 0.46E-04
  12      -41.6482432     -10.8911363     -30.7571070 0.20E-04 0.25E-04
  13      -41.6482795     -10.8911661     -30.7571133 0.90E-05 0.13E-04
  14      -41.6482936     -10.8911778     -30.7571157 0.33E-05 0.69E-05
  15      -41.6482980     -10.8911823     -30.7571158 0.95E-06 0.38E-05
  16      -41.6482994     -10.8911843     -30.7571150 0.34E-06 0.22E-05
  17      -41.6483001     -10.8911856     -30.7571146 0.15E-06 0.13E-05
  18      -41.6483007     -10.8911866     -30.7571141 0.12E-06 0.75E-06
  19      -41.6483012     -10.8911872     -30.7571140 0.74E-07 0.42E-06
  20      -41.6483017     -10.8911876     -30.7571141 0.59E-07 0.22E-06
  21      -41.6483019     -10.8911878     -30.7571141 0.61E-07 0.13E-06
  22      -41.6483019     -10.8911880     -30.7571139 0.49E-07 0.82E-07
  23      -41.6483020     -10.8911881     -30.7571139 0.20E-07 0.50E-07
  24      -41.6483021     -10.8911881     -30.7571139 0.11E-07 0.39E-07
  25      -41.6483021     -10.8911882     -30.7571139 0.96E-08 0.23E-07

   25 iterations: (units are Ry and bohr)
 Energy:     -41.64830210  Ebs:     -10.89118817  Ehxc:     -30.75711394
 Eh    :      32.79043419  Exc:      -6.88063084

   Orbital    Filling       Eigenvalues    Norm(rc->oo)      Peak
    |100>      2.000          -2.209262      0.326114      1.190296
    |210>      5.500          -1.176848      0.608424      1.270236
    |320>      0.000          -0.036130      0.936735      7.442467
    |200>      0.000          -0.210218      0.981095      4.092690

 ---Non-local ghost testing---
 Local state: 1s

 Test  state: 1s
 ...seems like this angular momentum is the local part!

 Test  state: 2p
 KB energy :  -6.893912  KB strength:   1.684623  KB cosine:  -0.244364
 el0       :  -0.930598  el1        :  -0.079855  eig      :  -1.176848
 No ghosts!  Ekb<0  and eig < el0

 Test  state: 3d
 KB energy : -11.445246  KB strength:   0.963563  KB cosine:  -0.084189
 el0       :  -0.031989  el1        :  -0.018038  eig      :  -0.036130
 No ghosts!  Ekb<0  and eig < el0

 Test  state: 2s
 ...seems like this angular momentum is the local part!
 ------------------------------

 No ghosts present for local potential

   ------------------------------------------------
   ================================================

 ======================================================================== 
 Begin KE convergence testing
 ======================================================================== 
 ----------------------------------------------------------------------
                     Kinetic energy convergence
      ==============================|100>==============================
      Ecut(Ry)  KE/electron(Ry)         KE error/electron (mRy,meV)
        20       1.219436780                69.722391     948.621940
        30       1.282254521                 6.904651      93.942611
        38       1.288458138                 0.701033       9.538050
        45       1.289085967                 0.073204       0.995998
      ==============================|210>==============================
      Ecut(Ry)  KE/electron(Ry)         KE error/electron (mRy,meV)
        11       2.288626361                66.651584     906.841460
        16       2.348434017                 6.843929      93.116444
        38       2.354597387                 0.680559       9.259478
        51       2.355209152                 0.068793       0.935983
      ==============================|320>==============================
      Ecut(Ry)  KE/electron(Ry)         KE error/electron (mRy,meV)
       397       1.605353521                52.438066     713.456591
       398       1.653351555                 4.440032      60.409741
      ==============================|200>==============================
      Ecut(Ry)  KE/electron(Ry)         KE error/electron (mRy,meV)
        20       1.219436780                69.722391     948.621940
        30       1.282254521                 6.904651      93.942611
        38       1.288458138                 0.701033       9.538050
        45       1.289085967                 0.073204       0.995998

 ======================================================================== 
 End KE convergence testing
 ======================================================================== 
<<<do_rpt>>>
<<<do_upf>>>
------------- closing opium session ------------
