##########################################################
#    Opium Report File                                   #
##########################################################
     Opium version:        3.8

### copy of the parameter file #######################

[Atom]
Ar                 # chemical symbol (max. 2 characters)
7                 # norb: number of orbitals
100 2.00  -       # reference configuration
200 2.00  -       # reference configuration
210 6.00  -       # reference configuration
300 2.00  -       # reference configuration
310 5.00  -       # reference configuration
400 0.00  -
320 1.00  -

[Pseudo]
4  1.58 1.35 1.05 3.07
opt

[XC]
gga
                                                                                                                 
[Optinfo]
7.07  10    # rc[a.u.]  Qc[sqrt(Ry)]  Nb
7.07  10    # rc[a.u.]  Qc[sqrt(Ry)]  Nb
7.07  10    # rc[a.u.]  Qc[sqrt(Ry)]  Nb
7.07  10    # rc[a.u.]  Qc[sqrt(Ry)]  Nb
[Configs]  
2                 # number of valence configurations
#
300 2.00   -1.4   # test configuration
310 5.50   -0.4   # test configuration
400 0.00   -
320 0.50  -
#
300 2.00   -      # test configuration
310 5.50   -      # test configuration
400 0.00   -
320 0.00  -

[KBdesign]
0  # local orbital [0..lmax]
0  # number of boxes
au      0.1 1.25 5.79

### AE report ########################################

 AE:Orbital    Filling       Eigenvalues[Ry]          Norm
    ----------------------------------------------------------
	100	 2.000	    -229.0290506060
	200	 2.000	     -22.3328879835
	210	 6.000	     -17.5618202792
	300	 2.000	      -2.3304012432	  0.3152857981
	310	 5.000	      -1.2818192215	  0.5914222665
	320	 1.000	      -0.0451195190	  0.8669914964
	400	 0.000	      -0.2048196540	  0.9837777407

      E_tot =    -1053.6520692090 Ry

### PS report ########################################

    ====================Optimized pseudopotential method====================

                       Pseudopotential convergence error                      
    Orbital      [mRy/e]       [meV/e]         [mRy]        [meV]        Ghost
    --------------------------------------------------------------------------
	300       0.016598      0.225833      0.033197      0.451666	    no
	310       0.094997      1.292505      0.474986      6.462523	    no
	320       0.051891      0.706011      0.051891      0.706011	    no

                  Tot. error =               0.560074      7.620201


### NL/SL report #####################################


 NL:Orbital    Filling       Eigenvalues[Ry]          Norm       Ghost
    ------------------------------------------------------------------
	100 	 2.000	      -2.3304012479	  0.3152858312	    no
	210 	 5.000	      -1.2818192259	  0.5914222999	    no
	320 	 1.000	      -0.0451195183	  0.8669915060	    no
	200 	 0.000	      -0.2060839556	  0.9822569717	    no

	 ========== No ghosts in potential!!========== 

      E_tot =      -41.0892190347 Ry

### KE report ########################################

	 ===   Ecut necessary for ~1    eV convergence error / electron === 
	 --------------------------------------------------------------- 
		 	 Ecut[Ry] 	 error [meV/e] 
	100  		   20 	          948.622 
	210  		   11 	          906.841 
	320  		   397 	          713.457 
	200  		   20 	          948.622 
	 ===   Ecut necessary for ~100 meV convergence error / electron === 
	 --------------------------------------------------------------- 
		 	 Ecut[Ry] 	 error [meV/e] 
	100  		   30 	           93.943 
	210  		   16 	           93.116 
	320  		   398 	           60.410 
	200  		   30 	           93.943 

	 ===   Ecut necessary for  ~10 meV convergence error / electron === 
	 --------------------------------------------------------------- 
		 	 Ecut[Ry] 	 error [meV/e] 
	100  		   38 	            9.538 
	210  		   38 	            9.259 
	320  		   -----  >400 Ry   -----
	200  		   38 	            9.538 

	 ===   Ecut necessary for   ~1 meV convergence error / electron === 
	 --------------------------------------------------------------- 
		 	 Ecut[Ry] 	 error [meV/e] 
	100  		   45 	            0.996 
	210  		   51 	            0.936 
	320  		   -----  >400 Ry   -----
	200  		   45 	            0.996 

### TC report ########################################

 AE:Orbital    Filling       Eigenvalues[Ry]          Norm
    ----------------------------------------------------------
	100	 2.000	    -228.7488703776
	200	 2.000	     -22.0728120374
	210	 6.000	     -17.2994498060
	300	 2.000	      -2.1310810311	  0.3261683543
	310	 5.500	      -1.0986898971	  0.6085995427
	320	 0.500	      -0.0323772573	  0.9938686962
	400	 0.000	      -0.1556927664	  0.9862256264

      E_tot =    -1054.2347994117 Ry

 NL:Orbital    Filling       Eigenvalues[Ry]          Norm       Ghost
    ------------------------------------------------------------------
	100 	 2.000	      -2.1313664339	  0.3261402126	    no
	210 	 5.500	      -1.0990498423	  0.6085566862	    no
	320 	 0.500	      -0.0323771535	  0.9938633037	    no
	200 	 0.000	      -0.1565935119	  0.9850362849	    no

      E_tot =      -41.6720286228 Ry

 AE-NL:Orbital Filling       Eigenvalues[mRy]         Norm[1e-3] 
 AE-NL- --------------------------------------------------------------
 AE-NL- 100 	 2.000	       0.2854028367	  0.0281417550	
 AE-NL- 210 	 5.500	       0.3599452144	  0.0428564172	
 AE-NL- 320 	 0.500	      -0.0001038694	  0.0053925103	
 AE-NL- 200 	 0.000	       0.9007455042	  1.1893415498	
 AE-NL-  total error =	       1.5461974247	  1.2657322323

 =====================================================================
 AE:Orbital    Filling       Eigenvalues[Ry]          Norm
    ----------------------------------------------------------
	100	 2.000	    -228.8263417707
	200	 2.000	     -22.1504819898
	210	 6.000	     -17.3770984241
	300	 2.000	      -2.2089765057	  0.3261427698
	310	 5.500	      -1.1764865403	  0.6084683349
	320	 0.000	      -0.0361300434	  0.9368520353
	400	 0.000	      -0.2090553358	  0.9825573342

      E_tot =    -1054.2110742896 Ry

 NL:Orbital    Filling       Eigenvalues[Ry]          Norm       Ghost
    ------------------------------------------------------------------
	100 	 2.000	      -2.2092618440	  0.3261143482	    no
	210 	 5.500	      -1.1768480872	  0.6084243342	    no
	320 	 0.000	      -0.0361302338	  0.9367354764	    no
	200 	 0.000	      -0.2102181953	  0.9810953162	    no

      E_tot =      -41.6483021037 Ry

 AE-NL:Orbital Filling       Eigenvalues[mRy]         Norm[1e-3] 
 AE-NL- --------------------------------------------------------------
 AE-NL- 100 	 2.000	       0.2853382177	  0.0284216156	
 AE-NL- 210 	 5.500	       0.3615468614	  0.0440007528	
 AE-NL- 320 	 0.000	       0.0001903645	  0.1165589026	
 AE-NL- 200 	 0.000	       1.1628594149	  1.4620179962	
 AE-NL-  total error =	       1.8099348585	  1.6509992672

 =====================================================================

  Comparison of total energy differences.           
   DD_ij = (E_i - E_j)_AE - (E_i-E_j)_NL     

 AE-NL-   i   j         DD[mRy]        DD[meV] 
 AE-NL- ------------------------------------------
 AE-NL-   0   1        -0.079385      -1.080094
 AE-NL-   0   2        -0.077988      -1.061085
 AE-NL-   1   2         0.001397       0.019009
