
 ++++++++++++++++++++++++++++++++++++++++++++++++++++++++++++++++++++++++
           OPIUM  Version:        3.8                             
           =====================================            
 See http://opium.sourceforge.net for help and information                 
 Copyright 2009 : The OPIUM project                         

 Compile host     : vagvlan567.217.wlan.design.upenn.edu
 Compile OS       : Darwin 14.1.0 i386
 Compile date     : Wed Mar 18 18:57:27 EDT 2015

 Execution host   : vagvlan567.215.wlan.design.upenn.edu
 time of execution: Wed Oct 14 12:13:51 2015

 ++++++++++++++++++++++++++++++++++++++++++++++++++++++++++++++++++++++++
 Reading parameter file:  <he.param> ... 
 File prefix             : he 
 Element                 : Helium     (He) 
 Z                       : 2 
 
 Number of all-electron orbitals   : 1 
 Number of pseudo       orbitals   : 1 
 
 Pseudopotential is non-relativistic 
 Using Hartree-Fock Exchange (Beta!!)                
 HF pseudopotential NOT being smoothed! 
 The s potential is used for the KB construction 
 Optimized (RRKJ) pseudopotential method will be used 

 nl    cutoff radii    q-max      # bessel functions
 1s       0.800        7.000              10 

 Reference Configuration: core  <-/-> valence 
 <-/-> 1s2 

 Grid definitions: 
 a_grid=1.00e-04    b_grid=6.50e-03    # points=2189 
 r(1)=7.94e-05      r(np)=1.19e+02    

 dEmax tolerance:  1.00e-08      dVmax tolerance:  1.00e-06     

 Starting calculation...

 ======================================================================== 
 Begin AE calculation
 ======================================================================== 
 Performing non-relativistic AE calculation...  

 iter       Etot             Eeig             Ehart    de_max   dv_max
   1       -5.7232527       3.6717394       2.0515133 0.53E+00 0.64E-04
   2       -5.7233062       3.6717925       2.0515138 0.59E-05 0.31E-04
   3       -5.7233104       3.6717961       2.0515143 0.30E-06 0.29E-04
   4       -5.7233109       3.6717966       2.0515143 0.35E-07 0.28E-04
   5       -5.7233110       3.6717966       2.0515143 0.46E-08 0.28E-04
   6       -5.7233110       3.6717966       2.0515143 0.62E-09 0.28E-04
   7       -5.7233488       3.6718209       2.0515279 0.41E-05 0.65E-05
   8       -5.7233508       3.6718216       2.0515292 0.61E-07 0.51E-05
   9       -5.7233510       3.6718216       2.0515294 0.52E-08 0.49E-05
  10       -5.7233510       3.6718216       2.0515294 0.65E-09 0.49E-05
  11       -5.7233510       3.6718216       2.0515294 0.87E-10 0.49E-05
  12       -5.7233568       3.6718225       2.0515343 0.20E-06 0.22E-05

 Hartree-Fock converged!

   12 iterations: (units are Ry and bohr)
 Energy:      -5.72335679    Ebs:      -3.67182254
 Eh:           2.05153425    Ex :       0.00000000

   Orbital    Filling       Eigenvalues    Norm(rc->oo)      Peak
    |100>      2.000          -1.835911      0.507751      0.569846

 ======================================================================== 
 End AE calculation
 ======================================================================== 

 ======================================================================== 
 Begin PS construction
 ======================================================================== 
 Optimized Pseudopotential Generation ...

 ==================
 zeff=   2.0000000000000000     
 Pseudizing state : |100>
 eigenvalue       : -1.835911
 qc               :  7.000000
 # bessel fxns    : 10
 point nearest rc : 1419
 rc               :  0.800000
 actual rc        :  0.799004

 Psi(rc)          :     1.1015299307
 Slope at rc      :    -1.8553204495
 Curvature at rc  :     3.4314733432
 Del^2 Psi at rc  :    -1.2126101523
 Log Deriv at rc  :    -1.6843123349

 Error in constraints
   1        -0.38791E-12
   2         0.38791E-12
   3        -0.18068E-10
   4         0.18068E-10
   5        -0.92812E-05
   6         0.92812E-05
   7         0.14973E-01
   8         0.14973E-01
   9         0.00000E+00
  10         0.92812E-05
 Bessel wavevectors and final coefficients
   1        2.2081538120        2.3123283168
   2        5.9881212214        0.7996966183
   3        9.8844758019       -0.1124607247
   4       13.8008348713        0.0548974022
   5       17.7240411768       -0.0264605755
   6       21.6503885242        0.0076095784
   7       25.5784345137        0.0069310798
   8       29.5075021258       -0.0191560112
   9       33.4372317576        0.0299833228
  10       37.3674147874       -0.0399010729

 Total KE           (Ry) :     2.6082206568
 0  -> qc contribution   :     2.5932480601
 qc -> oo contribution   :     0.0149725967   (=Convergence term)
 Occupancy of this state :     2.0000000000
 Convergence term (Ry/e) :     0.0149725967
 Convergence error (mRy) :    29.9451933086
 Convergence error (meV) :   407.4283111176


 Running HF solver for raw psp...
 Results of HF psp solve...
 State: 1s  AE eigenvalue =  -1.835911  PS eigenvalue =  -1.835909

 ======================================================================== 
 End PS construction
 ======================================================================== 

 ======================================================================== 
 Begin SL calculation
 ======================================================================== 

 iter       Etot             Eeig             Ehart    de_max   dv_max
   1       -5.6991730       3.6718179       2.0273551 0.13E-05 0.39E-07
   2       -5.6991730       3.6718179       2.0273551 0.73E-08 0.88E-08

 Hartree-Fock converged!

    2 iterations: (units are Ry and bohr)
 Energy:      -5.69917301    Ebs:      -3.67181790
 Eh:           2.02735512    Ex :       0.00000000

   Orbital    Filling       Eigenvalues    Norm(rc->oo)      Peak
    |100>      2.000          -1.835909      0.507754      0.558841

 ======================================================================== 
 End SL calculation
 ======================================================================== 
<<<do_tc>>>


 ===============Configuration 1 AE Calc=============== 

 iter       Etot             Eeig             Ehart    de_max   dv_max
   1       -5.3584917       3.6769339       1.6815579 0.48E+00 0.12E-02
   2       -5.3585708       3.6770019       1.6815689 0.62E-05 0.76E-03
   3       -5.3585787       3.6770089       1.6815697 0.56E-06 0.71E-03
   4       -5.3585797       3.6770099       1.6815698 0.71E-07 0.70E-03
   5       -5.3585798       3.6770100       1.6815698 0.94E-08 0.70E-03
   6       -5.3585858       3.6770100       1.6815758 0.13E-08 0.70E-03
   7       -5.3586740       3.6771013       1.6815727 0.11E-04 0.15E-03
   8       -5.3586785       3.6771064       1.6815721 0.42E-06 0.12E-03
   9       -5.3586790       3.6771070       1.6815720 0.48E-07 0.12E-03
  10       -5.3586791       3.6771071       1.6815720 0.63E-08 0.12E-03
  11       -5.3586791       3.6771071       1.6815720 0.84E-09 0.12E-03
  12       -5.3586938       3.6771259       1.6815680 0.26E-05 0.35E-04
  13       -5.3586963       3.6771289       1.6815674 0.28E-06 0.23E-04
  14       -5.3586965       3.6771292       1.6815673 0.25E-07 0.21E-04
  15       -5.3586965       3.6771292       1.6815673 0.31E-08 0.21E-04
  16       -5.3586966       3.6771292       1.6815673 0.41E-09 0.21E-04
  17       -5.3586977       3.6771312       1.6815665 0.55E-06 0.13E-04
  18       -5.3586995       3.6771334       1.6815661 0.26E-06 0.49E-05

 Hartree-Fock converged!

   18 iterations: (units are Ry and bohr)
 Energy:      -5.35869947    Ebs:      -3.67713336
 Eh:           1.68156611    Ex :       0.00000000

   Orbital    Filling       Eigenvalues    Norm(rc->oo)      Peak
    |100>      1.800          -2.042852      0.493252      0.562486
!!NOTE!!: All Hartree-Fock tests are done with the semi-local form of the potential 
!!NOTE!!: Use the 'sl' command instead of the 'nl' command to remove this warning...


 ===============Configuration 1 SL: Calc ===============

 iter       Etot             Eeig             Ehart    de_max   dv_max
   1       -5.3343288       3.6752047       1.6591241 0.12E+00 0.16E-03
   2       -5.3343141       3.6751313       1.6591827 0.72E-05 0.96E-04
   3       -5.3343134       3.6751247       1.6591887 0.54E-06 0.89E-04
   4       -5.3343133       3.6751238       1.6591895 0.67E-07 0.89E-04
   5       -5.3343133       3.6751237       1.6591896 0.88E-08 0.89E-04
   6       -5.3343595       3.6751237       1.6592358 0.12E-08 0.89E-04
   7       -5.3343308       3.6750510       1.6592798 0.10E-04 0.17E-04
   8       -5.3343306       3.6750483       1.6592823 0.23E-06 0.14E-04
   9       -5.3343306       3.6750480       1.6592826 0.25E-07 0.14E-04
  10       -5.3343306       3.6750480       1.6592826 0.32E-08 0.14E-04
  11       -5.3343306       3.6750480       1.6592826 0.43E-09 0.14E-04
  12       -5.3343339       3.6750393       1.6592946 0.13E-05 0.37E-05
  13       -5.3343338       3.6750389       1.6592949 0.10E-06 0.24E-05

 Hartree-Fock converged!

   13 iterations: (units are Ry and bohr)
 Energy:      -5.33433381    Ebs:      -3.67503890
 Eh:           1.65929491    Ex :       0.00000000

   Orbital    Filling       Eigenvalues    Norm(rc->oo)      Peak
    |100>      1.800          -2.041688      0.493868      0.555221


 ===============Configuration 2 AE Calc=============== 

 iter       Etot             Eeig             Ehart    de_max   dv_max
   1       -5.0002697       3.7014079       1.2988618 0.42E+00 0.91E-03
   2       -5.0002945       3.7014359       1.2988586 0.25E-05 0.55E-03
   3       -5.0002970       3.7014389       1.2988581 0.24E-06 0.52E-03
   4       -5.0002973       3.7014393       1.2988580 0.31E-07 0.51E-03
   5       -5.0002973       3.7014393       1.2988580 0.41E-08 0.51E-03
   6       -5.0002926       3.7014394       1.2988532 0.54E-09 0.51E-03
   7       -5.0003221       3.7014812       1.2988410 0.47E-05 0.11E-03
   8       -5.0003236       3.7014838       1.2988399 0.21E-06 0.90E-04
   9       -5.0003238       3.7014841       1.2988397 0.25E-07 0.88E-04
  10       -5.0003238       3.7014841       1.2988397 0.32E-08 0.88E-04
  11       -5.0003238       3.7014841       1.2988397 0.43E-09 0.88E-04
  12       -5.0003273       3.7014940       1.2988333 0.13E-05 0.25E-04
  13       -5.0003282       3.7014957       1.2988325 0.15E-06 0.16E-04
  14       -5.0003283       3.7014958       1.2988324 0.14E-07 0.15E-04
  15       -5.0003283       3.7014959       1.2988324 0.17E-08 0.15E-04
  16       -5.0003283       3.7014959       1.2988324 0.23E-09 0.15E-04
  17       -5.0003283       3.7014970       1.2988313 0.31E-06 0.94E-05
  18       -5.0003289       3.7014980       1.2988308 0.15E-06 0.44E-05

 Hartree-Fock converged!

   18 iterations: (units are Ry and bohr)
 Energy:      -5.00032888    Ebs:      -3.70149805
 Eh:           1.29883083    Ex :       0.00000000

   Orbital    Filling       Eigenvalues    Norm(rc->oo)      Peak
    |100>      1.600          -2.313436      0.475199      0.551624


 ===============Configuration 2 SL: Calc ===============

 iter       Etot             Eeig             Ehart    de_max   dv_max
   1       -4.9752486       3.6966670       1.2785816 0.28E+00 0.46E-03
   2       -4.9752238       3.6964865       1.2787373 0.17E-04 0.27E-03
   3       -4.9752232       3.6964699       1.2787533 0.13E-05 0.26E-03
   4       -4.9752231       3.6964678       1.2787553 0.17E-06 0.25E-03
   5       -4.9752231       3.6964675       1.2787556 0.22E-07 0.25E-03
   6       -4.9753472       3.6964675       1.2788798 0.29E-08 0.25E-03
   7       -4.9752853       3.6962828       1.2790024 0.26E-04 0.49E-04
   8       -4.9752853       3.6962757       1.2790095 0.60E-06 0.41E-04
   9       -4.9752853       3.6962749       1.2790104 0.66E-07 0.40E-04
  10       -4.9752853       3.6962748       1.2790105 0.85E-08 0.40E-04
  11       -4.9752853       3.6962748       1.2790105 0.11E-08 0.40E-04
  12       -4.9752966       3.6962513       1.2790453 0.36E-05 0.11E-04
  13       -4.9752966       3.6962483       1.2790483 0.28E-06 0.68E-05
  14       -4.9752966       3.6962481       1.2790486 0.23E-07 0.64E-05
  15       -4.9752966       3.6962480       1.2790486 0.29E-08 0.64E-05
  16       -4.9752966       3.6962480       1.2790486 0.38E-09 0.64E-05
  17       -4.9752988       3.6962461       1.2790527 0.50E-06 0.39E-05
  18       -4.9752987       3.6962453       1.2790534 0.22E-06 0.21E-05

 Hartree-Fock converged!

   18 iterations: (units are Ry and bohr)
 Energy:      -4.97529869    Ebs:      -3.69624534
 Eh:           1.27905335    Ex :       0.00000000

   Orbital    Filling       Eigenvalues    Norm(rc->oo)      Peak
    |100>      1.600          -2.310153      0.476681      0.548050
   ------------------------------------------------
   ================================================

 ======================================================================== 
 Begin KE convergence testing
 ======================================================================== 
 ----------------------------------------------------------------------
                     Kinetic energy convergence
      ==============================|100>==============================
      Ecut(Ry)  KE/electron(Ry)         KE error/electron (mRy,meV)
        32       2.536226624                70.351406     957.180122
        56       2.599373330                 7.204700      98.024992
       242       2.605857712                 0.720318       9.800434
       387       2.606508127                 0.069903       0.951077

 ======================================================================== 
 End KE convergence testing
 ======================================================================== 
<<<do_rpt>>>
<<<do_upf>>>
------------- closing opium session ------------
