
 ++++++++++++++++++++++++++++++++++++++++++++++++++++++++++++++++++++++++
           OPIUM  Version:        3.8                             
           =====================================            
 See http://opium.sourceforge.net for help and information                 
 Copyright 2009 : The OPIUM project                         

 Compile host     : vagvlan567.217.wlan.design.upenn.edu
 Compile OS       : Darwin 14.1.0 i386
 Compile date     : Wed Mar 18 18:57:27 EDT 2015

 Execution host   : vagvlan567.215.wlan.design.upenn.edu
 time of execution: Wed Oct 14 12:39:07 2015

 ++++++++++++++++++++++++++++++++++++++++++++++++++++++++++++++++++++++++
 Reading parameter file:  <li.param> ... 
 File prefix             : li 
 Element                 : Lithium    (Li) 
 Z                       : 3 
 
 Number of all-electron orbitals   : 3 
 Number of pseudo       orbitals   : 3 
 
 Pseudopotential is non-relativistic 
 Using Hartree-Fock Exchange (Beta!!)                
 HF pseudopotential NOT being smoothed! 
 The s potential is used for the KB construction 
 Optimized (RRKJ) pseudopotential method will be used 

 nl    cutoff radii    q-max      # bessel functions
 1s       1.550        7.070              10 
 2p       1.600        7.070              10 
 2s       2.200        10.000              10 

 Reference Configuration: core  <-/-> valence 
 <-/-> 1s2  2p0.091  2s0 

 Grid definitions: 
 a_grid=1.00e-04    b_grid=1.30e-02    # points=1104 
 r(1)=6.93e-05      r(np)=1.17e+02    

 dEmax tolerance:  1.00e-08      dVmax tolerance:  1.00e-06     

 Box 1  7.02434e-05 --> 2.52807  height: 6.5 
 Starting calculation...

 ======================================================================== 
 Begin AE calculation
 ======================================================================== 
 Performing non-relativistic AE calculation...  
 Rotation needed            1           3   1.0000000000000001E-005

 iter       Etot             Eeig             Ehart    de_max   dv_max
   1      -14.4951936      11.0967739       3.3989525 0.80E+00 0.40E-03
   2      -14.4962435      11.0976666       3.3991099 0.55E-01 0.42E-06
   3      -14.4962426      11.0976657       3.3991099 0.25E-02 0.75E-08
   4      -14.4962426      11.0976657       3.3991099 0.12E-06 0.83E-09

 Hartree-Fock converged!

    4 iterations: (units are Ry and bohr)
 Energy:     -14.49624257    Ebs:     -11.09766566
 Eh:           3.39910994    Ex :      -0.00053303

   Orbital    Filling       Eigenvalues    Norm(rc->oo)      Peak
    |100>      2.000          -5.537127      0.015732      0.364385
    |210>      0.091          -0.257280      0.968326      3.832263
    |200>      0.000          -0.358787      0.875126      3.153319

 ======================================================================== 
 End AE calculation
 ======================================================================== 

 ======================================================================== 
 Begin PS construction
 ======================================================================== 
 Optimized Pseudopotential Generation ...

 ==================
 zeff=   3.0000000000000000     
 Pseudizing state : |100>
 eigenvalue       : -5.537127
 qc               :  7.070000
 # bessel fxns    : 10
 point nearest rc :  771
 rc               :  1.550000
 actual rc        :  1.542579

 Psi(rc)          :     0.1581671441
 Slope at rc      :    -0.3910700402
 Curvature at rc  :     0.9794239739
 Del^2 Psi at rc  :     0.4723898414
 Log Deriv at rc  :    -2.4725112319

 Error in constraints
   1         0.16956E-12
   2        -0.16956E-12
   3         0.73218E-11
   4        -0.73218E-11
   5        -0.17064E-07
   6         0.17064E-07
   7         0.55490E-04
   8         0.55490E-04
   9         0.00000E+00
  10         0.17064E-07
 Bessel wavevectors and final coefficients
   1        1.5749062326        1.4286405775
   2        3.3760317626        1.7041873631
   3        5.3061292424        0.5319976645
   4        7.2870659946        0.0067423889
   5        9.2903262025        0.0043023940
   6       11.3049318710       -0.0033413265
   7       13.3259973471        0.0027576824
   8       15.3510641164       -0.0025083429
   9       17.3787719175        0.0024419726
  10       19.4083108054       -0.0024573622

 Total KE           (Ry) :     4.4889823379
 0  -> qc contribution   :     4.4889268477
 qc -> oo contribution   :     0.0000554902   (=Convergence term)
 Occupancy of this state :     2.0000000000
 Convergence term (Ry/e) :     0.0000554902
 Convergence error (mRy) :     0.1109803282
 Convergence error (meV) :     1.5099761499


 ==================
 zeff=   3.0000000000000000     
 Pseudizing state : |210>
 eigenvalue       : -0.257280
 qc               :  7.070000
 # bessel fxns    : 10
 point nearest rc :  774
 rc               :  1.600000
 actual rc        :  1.603928

 Psi(rc)          :     0.1642401918
 Slope at rc      :     0.0039328490
 Curvature at rc  :    -0.0451202922
 Del^2 Psi at rc  :    -0.1679012398
 Log Deriv at rc  :     0.0239457159

 Error in constraints
   1         0.20690E-11
   2        -0.20690E-11
   3        -0.24089E-11
   4         0.24089E-11
   5        -0.52547E-05
   6         0.52547E-05
   7         0.24433E-05
   8         0.24433E-05
   9         0.00000E+00
  10         0.52547E-05
 Bessel wavevectors and final coefficients
   1        1.2761264523        0.3968605311
   2        3.6993657041        0.0611633076
   3        5.7368959535        0.0152297677
   4        7.7318365312        0.0010857049
   5        9.7116279732       -0.0001173320
   6       11.6841817901        0.0003925370
   7       13.6526934529       -0.0002619895
   8       15.6187120360        0.0004606253
   9       17.5830824592       -0.0004480956
  10       19.5463056863        0.0005934480

 Total KE           (Ry) :     0.2816193292
 0  -> qc contribution   :     0.2816168859
 qc -> oo contribution   :     0.0000024433   (=Convergence term)
 Occupancy of this state :     0.0910000000
 Convergence term (Ry/e) :     0.0000024433
 Convergence error (mRy) :     0.0002223412
 Convergence error (meV) :     0.0030251301


 Running HF solver for raw psp...
 Results of HF psp solve...
 State: 1s  AE eigenvalue =  -5.537127  PS eigenvalue =  -5.537127
 State: 2p  AE eigenvalue =  -0.257280  PS eigenvalue =  -0.257280

 ======================================================================== 
 End PS construction
 ======================================================================== 

 ======================================================================== 
 Begin SL calculation
 ======================================================================== 
 Rotation needed            1           3   1.0000000000000001E-005

 iter       Etot             Eeig             Ehart    de_max   dv_max
   1      -13.9762665      11.0976651       2.8792224 0.20E+00 0.29E-06
   2      -13.9762671      11.0976657       2.8792224 0.12E-01 0.92E-07
   3      -13.9762671      11.0976656       2.8792224 0.12E-04 0.51E-07
   4      -13.9762671      11.0976656       2.8792224 0.11E-08 0.96E-08

 Hartree-Fock converged!

    4 iterations: (units are Ry and bohr)
 Energy:     -13.97626707    Ebs:     -11.09766563
 Eh:           2.87922245    Ex :      -0.00062101

   Orbital    Filling       Eigenvalues    Norm(rc->oo)      Peak
    |100>      2.000          -5.537127      0.015732      0.538190
    |210>      0.091          -0.257280      0.968331      3.832263
    |200>      0.000          -0.298427      0.912265      3.365093

 ======================================================================== 
 End SL calculation
 ======================================================================== 
<<<do_tc>>>


 ===============Configuration 1 AE Calc=============== 
 Rotation needed            1           3   1.0000000000000001E-005
 Solve for HF wfn failed, orthogonalizing...

 iter       Etot             Eeig             Ehart    de_max   dv_max
   1      -14.4728868      11.1696142       3.3032726 0.55E+00 0.76E-04
   2      -14.4728323      11.1694707       3.3033616 0.33E-01 0.71E-05
   3      -14.4728307      11.1694605       3.3033702 0.76E-03 0.17E-05
   4      -14.4728308      11.1694591       3.3033717 0.42E-05 0.92E-06
   5      -14.4728306      11.1694587       3.3033719 0.42E-07 0.69E-06

 Hartree-Fock converged!

    5 iterations: (units are Ry and bohr)
 Energy:     -14.47283061    Ebs:     -11.16945871
 Eh:           3.30337189    Ex :       0.00000000

   Orbital    Filling       Eigenvalues    Norm(rc->oo)      Peak
    |100>      2.000          -5.584729      0.015703      0.364385
    |210>      0.000          -0.257273      0.968333      3.832263
    |200>      0.000          -0.392609      0.869933      3.112591
!!NOTE!!: All Hartree-Fock tests are done with the semi-local form of the potential 
!!NOTE!!: Use the 'sl' command instead of the 'nl' command to remove this warning...


 ===============Configuration 1 SL: Calc ===============
 Rotation needed            1           3   1.0000000000000001E-005

 iter       Etot             Eeig             Ehart    de_max   dv_max
   1      -13.9528562      11.1694394       2.7834168 0.98E-01 0.97E-06
   2      -13.9528551      11.1694381       2.7834170 0.78E-02 0.18E-06
   3      -13.9528550      11.1694379       2.7834171 0.47E-07 0.68E-07

 Hartree-Fock converged!

    3 iterations: (units are Ry and bohr)
 Energy:     -13.95285497    Ebs:     -11.16943790
 Eh:           2.78341707    Ex :       0.00000000

   Orbital    Filling       Eigenvalues    Norm(rc->oo)      Peak
    |100>      2.000          -5.584719      0.015703      0.538190
    |210>      0.000          -0.257274      0.968337      3.832263
    |200>      0.000          -0.332166      0.909682      3.321630
   ------------------------------------------------
   ================================================

 ======================================================================== 
 Begin KE convergence testing
 ======================================================================== 
 ----------------------------------------------------------------------
                     Kinetic energy convergence
      ==============================|100>==============================
      Ecut(Ry)  KE/electron(Ry)         KE error/electron (mRy,meV)
        26       4.418493378                70.486993     959.024886
        36       4.482125640                 6.854731      93.263420
        43       4.488272426                 0.707945       9.632094
        49       4.488916779                 0.063593       0.865224
      ==============================|210>==============================
      Ecut(Ry)  KE/electron(Ry)         KE error/electron (mRy,meV)
         1       0.211624501                70.254650     955.863689
         4       0.274918461                 6.960691      94.705067
        19       0.281156482                 0.722669       9.832418
       390       0.281822019                 0.057132       0.777326
      ==============================|200>==============================
      Ecut(Ry)  KE/electron(Ry)         KE error/electron (mRy,meV)
        26       4.418493378                70.486993     959.024886
        36       4.482125640                 6.854731      93.263420
        43       4.488272426                 0.707945       9.632094
        49       4.488916779                 0.063593       0.865224

 ======================================================================== 
 End KE convergence testing
 ======================================================================== 
<<<do_rpt>>>
<<<do_upf>>>
------------- closing opium session ------------
You MUST run nl before writing out your psp file since you are 
using augmentation functions in your [KBdesign] keyblock.  

