
 ++++++++++++++++++++++++++++++++++++++++++++++++++++++++++++++++++++++++
           OPIUM  Version:        3.8                             
           =====================================            
 See http://opium.sourceforge.net for help and information                 
 Copyright 2009 : The OPIUM project                         

 Compile host     : vagvlan567.217.wlan.design.upenn.edu
 Compile OS       : Darwin 14.1.0 i386
 Compile date     : Wed Mar 18 18:57:27 EDT 2015

 Execution host   : vagvlan567.0951.wlan.wireless-pennnet.upenn.edu
 time of execution: Tue Oct 13 17:25:39 2015

 ++++++++++++++++++++++++++++++++++++++++++++++++++++++++++++++++++++++++
 Reading parameter file:  <f.param> ... 
 File prefix             : f 
 Element                 : Fluorine   (F) 
 Z                       : 9 
 
 Number of all-electron orbitals   : 3 
 Number of pseudo       orbitals   : 2 
 
 Pseudopotential is non-relativistic 
 Exchage-correlation functional is : Perdew, Burke, Ernzerhof GGA 
 GGA smoothed from 0 to 0.001000 bohr using switch to LDA 
 The s potential is used for the KB construction 
 Optimized (RRKJ) pseudopotential method will be used 

 nl    cutoff radii    q-max      # bessel functions
 2s       1.140        7.070              10 
 2p       1.630        7.070              10 

 Reference Configuration: core  <-/-> valence 
 1s2  <-/-> 2s2  2p5 

 Grid definitions: 
 a_grid=1.00e-04    b_grid=1.30e-02    # points=1133 
 r(1)=4.81e-05      r(np)=1.18e+02    

 dEmax tolerance:  1.00e-08      dVmax tolerance:  1.00e-06     

 Starting calculation...

 ======================================================================== 
 Begin AE calculation
 ======================================================================== 
 Performing non-relativistic AE calculation...  
 ---------Eigenvalue guesses---------
 1s           -81.00000000
 2s            -5.06250000
 2p            -5.06250000

 iter       Etot             Ebs             Ehxc       de_max   dv_max
   1     -221.7501460    -119.5607407    -102.1894052 0.62E+00 0.20E+01
   2     -203.5175760    -109.4341626     -94.0834133 0.43E+00 0.10E+01
   3     -200.1335330    -106.7450042     -93.3885287 0.20E+00 0.10E+00
   4     -199.5581534    -106.0987094     -93.4594440 0.57E-01 0.18E-01
   5     -199.3127916    -105.8712465     -93.4415451 0.19E-01 0.41E-02
   6     -199.2872758    -105.8598396     -93.4274363 0.11E-02 0.43E-02
   7     -199.2903872    -105.8680607     -93.4223265 0.10E-02 0.32E-02
   8     -199.2999680    -105.8758173     -93.4241507 0.83E-03 0.42E-03
   9     -199.3019922    -105.8769643     -93.4250279 0.34E-04 0.43E-03
  10     -199.3017022    -105.8768902     -93.4248120 0.58E-04 0.35E-03
  11     -199.3011615    -105.8768653     -93.4242962 0.25E-04 0.25E-03
  12     -199.3010325    -105.8770861     -93.4239465 0.13E-04 0.17E-03
  13     -199.3012034    -105.8773771     -93.4238262 0.26E-04 0.10E-03
  14     -199.3014277    -105.8775949     -93.4238328 0.21E-04 0.59E-04
  15     -199.3015766    -105.8777081     -93.4238686 0.11E-04 0.32E-04
  16     -199.3016398    -105.8777489     -93.4238908 0.44E-05 0.17E-04
  17     -199.3016536    -105.8777578     -93.4238958 0.11E-05 0.93E-05
  18     -199.3016513    -105.8777585     -93.4238928 0.25E-06 0.52E-05
  19     -199.3016492    -105.8777601     -93.4238891 0.25E-06 0.29E-05
  20     -199.3016501    -105.8777628     -93.4238873 0.32E-06 0.16E-05
  21     -199.3016521    -105.8777650     -93.4238871 0.25E-06 0.85E-06
  22     -199.3016537    -105.8777662     -93.4238875 0.15E-06 0.44E-06
  23     -199.3016545    -105.8777667     -93.4238878 0.51E-07 0.23E-06
  24     -199.3016547    -105.8777668     -93.4238879 0.26E-07 0.11E-06
  25     -199.3016547    -105.8777668     -93.4238879 0.14E-08 0.61E-07

   25 iterations: (units are Ry and bohr)
 Energy:    -199.30165471  Ebs:    -105.87776679  Ehxc:     -93.42388792
 Eh    :      99.26173635  Exc:     -20.40470452

   Orbital    Filling       Eigenvalues    Norm(rc->oo)      Peak
    |100>      2.000         -48.703528
    |200>      2.000          -2.191737      0.328839      0.762808
    |210>      5.000          -0.817448      0.175327      0.705571

 ======================================================================== 
 End AE calculation
 ======================================================================== 

 ======================================================================== 
 Begin PS construction
 ======================================================================== 
 Optimized Pseudopotential Generation ...

 ==================
 zeff=   7.0000000000000000     
 Pseudizing state : |200>
 eigenvalue       : -2.191737
 qc               :  7.070000
 # bessel fxns    : 10
 point nearest rc :  776
 rc               :  1.140000
 actual rc        :  1.141395

 Psi(rc)          :     0.7375366043
 Slope at rc      :    -1.2856314168
 Curvature at rc  :     1.9287564724
 Del^2 Psi at rc  :    -0.3239800685
 Log Deriv at rc  :    -1.7431425224

 Error in constraints
   1        -0.36207E-10
   2         0.36207E-10
   3        -0.76752E-11
   4         0.76752E-11
   5        -0.63461E-08
   6         0.63461E-08
   7         0.49046E-03
   8         0.49046E-03
   9         0.00000E+00
  10         0.63461E-08
 Bessel wavevectors and final coefficients
   1        1.7744098222        1.7728701912
   2        4.3028274509        0.1768611517
   3        6.9891680223       -0.0783345047
   4        9.7114616678        0.0163040974
   5       12.4467949086       -0.0088539970
   6       15.1882377995        0.0073227858
   7       17.9330184289       -0.0074422146
   8       20.6798179044        0.0081966009
   9       23.4279301889       -0.0092024805
  10       26.1769436581        0.0103395036

 Total KE           (Ry) :     1.9520815769
 0  -> qc contribution   :     1.9515911134
 qc -> oo contribution   :     0.0004904635   (=Convergence term)
 Occupancy of this state :     2.0000000000
 Convergence term (Ry/e) :     0.0004904635
 Convergence error (mRy) :     0.9809269735
 Convergence error (meV) :    13.3462962166


 ==================
 zeff=   7.0000000000000000     
 Pseudizing state : |210>
 eigenvalue       : -0.817448
 qc               :  7.070000
 # bessel fxns    : 10
 point nearest rc :  803
 rc               :  1.630000
 actual rc        :  1.621338

 Psi(rc)          :     0.3349000816
 Slope at rc      :    -0.4722794257
 Curvature at rc  :     0.7304046843
 Del^2 Psi at rc  :    -0.1069747321
 Log Deriv at rc  :    -1.4102099451

 Error in constraints
   1        -0.57132E-11
   2         0.57132E-11
   3        -0.91478E-11
   4         0.91478E-11
   5        -0.37545E-05
   6         0.37545E-05
   7         0.20989E-03
   8         0.20989E-03
   9         0.00000E+00
  10         0.37545E-05
 Bessel wavevectors and final coefficients
   1        1.9907905294        1.8032828928
   2        3.9030098357        1.6093643406
   3        5.8315839151        0.4090090942
   4        7.7646248926       -0.0103226823
   5        9.6994940361        0.0074017269
   6       11.6352860106       -0.0055762747
   7       13.5716079160        0.0049191062
   8       15.5082619838       -0.0048333526
   9       17.4451379004        0.0049809311
  10       19.3821693046       -0.0052383745

 Total KE           (Ry) :     4.9266097732
 0  -> qc contribution   :     4.9263998827
 qc -> oo contribution   :     0.0002098905   (=Convergence term)
 Occupancy of this state :     5.0000000000
 Convergence term (Ry/e) :     0.0002098905
 Convergence error (mRy) :     1.0494526298
 Convergence error (meV) :    14.2786425903

 ------------------------------
 Descreening potential
 valence charge          :   7.000000
 core    charge          :   0.000000

 ----Solving the Schrodinger equation for all states----
 State: 2s  AE eigenvalue =  -2.191737  PS eigenvalue =  -2.191737
 State: 2p  AE eigenvalue =  -0.817448  PS eigenvalue =  -0.817448

 ---Semilocal ghost testing---
 Local state: 2s

 Test  state: 2p
 KB energy :  -6.412632  KB strength:   3.606109  KB cosine:  -0.562345
 !WARNING! : schsl found too few nodes   n,l=   3   1  e= -.9823E-08
    !WARNING! No solution for 1st excited state of local potential.  Setting e=0.0
 el0       :  -0.030836  el1        :   0.000000  eig      :  -0.817448
 No ghosts!  Ekb<0  and eig < el0

 No ghosts for local potential: 2s
 ------------------------------

 Local state: 2p

 Test  state: 2s
 KB energy :   7.036385  KB strength:   4.395432  KB cosine:   0.624672
 el0       :  -6.523217  el1        :  -0.060256  eig      :  -2.191737
 No ghosts!  Ekb>0  and el0 < eig < el1

 No ghosts for local potential: 2p
 ------------------------------


 ======================================================================== 
 End PS construction
 ======================================================================== 

 ======================================================================== 
 Begin NL calculation
 ======================================================================== 
 ---------Eigenvalue guesses---------
 1s            -2.19173672
 2p            -0.81744754
 Performing non-local pseudopotential calculation
 Using the s potential as the local potential

 iter       Etot             Ebs             Ehxc       de_max   dv_max
   1      -46.6306824      -8.4707111     -38.1599713 0.00E+00 0.22E-08

 Converged in 1 iteration (probably reference state)
 Energy:     -46.63068243  Ebs:      -8.47071114  Ehxc:     -38.15997129
 Eh    :      40.73450579  Exc:      -8.70490724

   Orbital    Filling       Eigenvalues    Norm(rc->oo)      Peak
    |100>      2.000          -2.191737      0.328839      0.814038
    |210>      5.000          -0.817448      0.175327      0.835480

 ---Non-local ghost testing---
 Local state: 1s

 Test  state: 1s
 ...seems like this angular momentum is the local part!

 Test  state: 2p
 !WARNING! : schsl found too few nodes   n,l=   3   1  e= -.9823E-08
 !WARNING! No solution for 1st excited state of local potential.  Setting e=0.0
 KB energy :  -6.412632  KB strength:   3.606109  KB cosine:  -0.562345
 el0       :  -0.030836  el1        :   0.000000  eig      :  -0.817448
 No ghosts!  Ekb<0  and eig < el0
 ------------------------------

 No ghosts present for local potential


 ======================================================================== 
 End NL calculation
 ======================================================================== 
<<<do_tc>>>


 ===============Configuration 1 AE Calc=============== 
 ---------Eigenvalue guesses---------
 1s           -81.00000000
 2s            -5.06250000
 2p            -5.06250000

 iter       Etot             Ebs             Ehxc       de_max   dv_max
   1     -217.6256957    -115.0258307    -102.5998650 0.70E+00 0.20E+01
   2     -202.3032915    -106.8400043     -95.4632872 0.44E+00 0.10E+01
   3     -200.6291661    -104.9674517     -95.6617144 0.19E+00 0.13E+00
   4     -199.4487707    -103.9236878     -95.5250829 0.12E+00 0.11E-01
   5     -199.3822997    -103.9081841     -95.4741156 0.29E-02 0.68E-02
   6     -199.4383676    -103.9596793     -95.4786883 0.69E-02 0.17E-02
   7     -199.4476508    -103.9639040     -95.4837469 0.86E-03 0.78E-03
   8     -199.4462700    -103.9621057     -95.4841642 0.17E-03 0.46E-03
   9     -199.4434324    -103.9606493     -95.4827832 0.15E-03 0.50E-03
  10     -199.4418297    -103.9603991     -95.4814307 0.68E-05 0.40E-03
  11     -199.4419713    -103.9610234     -95.4809479 0.10E-03 0.27E-03
  12     -199.4425910    -103.9616227     -95.4809683 0.91E-04 0.12E-03
  13     -199.4430490    -103.9619417     -95.4811073 0.48E-04 0.63E-04
  14     -199.4432269    -103.9620405     -95.4811864 0.16E-04 0.33E-04
  15     -199.4432432    -103.9620482     -95.4811950 0.21E-05 0.18E-04
  16     -199.4432197    -103.9620439     -95.4811758 0.12E-06 0.96E-05
  17     -199.4432099    -103.9620502     -95.4811596 0.95E-06 0.52E-05
  18     -199.4432155    -103.9620615     -95.4811541 0.15E-05 0.27E-05
  19     -199.4432251    -103.9620702     -95.4811550 0.12E-05 0.13E-05
  20     -199.4432314    -103.9620743     -95.4811571 0.59E-06 0.57E-06
  21     -199.4432337    -103.9620753     -95.4811584 0.15E-06 0.24E-06
  22     -199.4432337    -103.9620752     -95.4811585 0.12E-07 0.13E-06
  23     -199.4432333    -103.9620750     -95.4811583 0.28E-07 0.62E-07
  24     -199.4432331    -103.9620750     -95.4811581 0.20E-08 0.42E-07

   24 iterations: (units are Ry and bohr)
 Energy:    -199.44323313  Ebs:    -103.96207503  Ehxc:     -95.48115810
 Eh    :     101.37057572  Exc:     -20.57225741

   Orbital    Filling       Eigenvalues    Norm(rc->oo)      Peak
    |100>      2.000         -48.451165
    |200>      2.000          -1.968214      0.334352      0.762808
    |210>      5.200          -0.600638      0.190270      0.714803


 ===============Configuration 1 NL: Calc ===============
 ---------Eigenvalue guesses---------
 1s            -2.19173672
 2p            -0.81744754
 Performing non-local pseudopotential calculation
 Using the s potential as the local potential

 iter       Etot             Ebs             Ehxc       de_max   dv_max
   1      -49.0142302      -8.6342006     -40.3800295 0.00E+00 0.40E+00
   2      -47.3974800      -7.6249718     -39.7725082 0.17E+00 0.40E+01
   3      -46.9772436      -7.2118420     -39.7654016 0.85E-01 0.40E+01
   4      -46.7480590      -7.0303756     -39.7176834 0.40E-01 0.40E+01
   5      -46.7473060      -7.0422392     -39.7050668 0.26E-02 0.20E+01
   6      -46.7772981      -7.0647656     -39.7125325 0.50E-02 0.11E-02
   7      -46.7762721      -7.0619146     -39.7143576 0.63E-03 0.54E-03
   8      -46.7711585      -7.0583710     -39.7127874 0.78E-03 0.31E-03
   9      -46.7708342      -7.0587229     -39.7121113 0.80E-04 0.26E-03
  10      -46.7715305      -7.0594156     -39.7121150 0.16E-03 0.16E-03
  11      -46.7723765      -7.0599641     -39.7124124 0.12E-03 0.77E-04
  12      -46.7724587      -7.0599467     -39.7125120 0.40E-05 0.40E-04
  13      -46.7723974      -7.0598899     -39.7125075 0.12E-04 0.24E-04
  14      -46.7723339      -7.0598586     -39.7124753 0.68E-05 0.15E-04
  15      -46.7723090      -7.0598573     -39.7124518 0.24E-06 0.98E-05
  16      -46.7723116      -7.0598686     -39.7124430 0.25E-05 0.57E-05
  17      -46.7723224      -7.0598793     -39.7124431 0.24E-05 0.30E-05
  18      -46.7723307      -7.0598852     -39.7124455 0.13E-05 0.14E-05
  19      -46.7723345      -7.0598871     -39.7124473 0.43E-06 0.62E-06
  20      -46.7723352      -7.0598871     -39.7124480 0.90E-08 0.28E-06

   20 iterations: (units are Ry and bohr)
 Energy:     -46.77233515  Ebs:      -7.05988715  Ehxc:     -39.71244800
 Eh    :      42.33980975  Exc:      -8.87937125

   Orbital    Filling       Eigenvalues    Norm(rc->oo)      Peak
    |100>      2.000          -1.966634      0.334448      0.814038
    |210>      5.200          -0.601273      0.189718      0.846412

 ---Non-local ghost testing---
 Local state: 1s

 Test  state: 1s
 !WARNING! : schsl found a positive eigenvalue. n,l=:   2   0
 !WARNING! No solution for 1st excited state of local potential.  Setting e=0.0
 ...seems like this angular momentum is the local part!

 Test  state: 2p
 !WARNING! : schsl found a positive eigenvalue. n,l=:   2   1
 !WARNING! No solution for ground state of local potential.  Setting e=0.0
 !WARNING! : schsl found too few nodes   n,l=   3   1  e= -.7517E-08
 !WARNING! No solution for 1st excited state of local potential.  Setting e=0.0
 KB energy :  -6.412632  KB strength:   3.606109  KB cosine:  -0.562345
 el0       :   0.000000  el1        :   0.000000  eig      :  -0.601273
 No ghosts!  Ekb<0  and eig < el0
 ------------------------------

 No ghosts present for local potential



 ===============Configuration 2 AE Calc=============== 
 ---------Eigenvalue guesses---------
 1s           -81.00000000
 2s            -5.06250000
 2p            -5.06250000

 iter       Etot             Ebs             Ehxc       de_max   dv_max
   1     -212.6082317    -110.3943170    -102.2139147 0.78E+00 0.20E+01
   2     -201.4842311    -104.5188802     -96.9653509 0.44E+00 0.10E+01
   3     -201.1806293    -103.2078063     -97.9728230 0.20E+00 0.15E+00
   4     -199.9233853    -102.1075491     -97.8158362 0.18E+00 0.52E-01
   5     -199.2350936    -101.8149830     -97.4201105 0.59E-01 0.32E-01
   6     -199.2597099    -101.9456187     -97.3140912 0.28E-01 0.24E-01
   7     -199.6643695    -102.2005389     -97.4638306 0.55E-01 0.12E-01
   8     -199.6257546    -102.1397735     -97.4859811 0.12E-01 0.65E-02
   9     -199.5603342    -102.0994255     -97.4609087 0.81E-02 0.14E-02
  10     -199.5262291    -102.0882979     -97.4379311 0.22E-02 0.14E-02
  11     -199.5274920    -102.0952164     -97.4322756 0.14E-02 0.12E-02
  12     -199.5487417    -102.1075298     -97.4412119 0.28E-02 0.73E-03
  13     -199.5473734    -102.1047510     -97.4426225 0.73E-03 0.40E-03
  14     -199.5402024    -102.1008937     -97.4393087 0.95E-03 0.27E-03
  15     -199.5408829    -102.1020996     -97.4387834 0.27E-03 0.15E-03
  16     -199.5424205    -102.1030409     -97.4393796 0.20E-03 0.31E-04
  17     -199.5432279    -102.1032951     -97.4399328 0.59E-04 0.34E-04
  18     -199.5432077    -102.1031335     -97.4400741 0.31E-04 0.28E-04
  19     -199.5429557    -102.1029602     -97.4399955 0.34E-04 0.80E-05
  20     -199.5428042    -102.1028999     -97.4399043 0.12E-04 0.36E-05
  21     -199.5427842    -102.1029133     -97.4398709 0.29E-05 0.44E-05
  22     -199.5428172    -102.1029400     -97.4398772 0.54E-05 0.17E-05
  23     -199.5428426    -102.1029516     -97.4398911 0.25E-05 0.34E-06
  24     -199.5428486    -102.1029508     -97.4398978 0.40E-07 0.70E-06
  25     -199.5428447    -102.1029468     -97.4398979 0.77E-06 0.36E-06
  26     -199.5428406    -102.1029446     -97.4398959 0.47E-06 0.40E-07
  27     -199.5428391    -102.1029444     -97.4398947 0.63E-07 0.93E-07
  28     -199.5428394    -102.1029449     -97.4398945 0.99E-07 0.62E-07
  29     -199.5428400    -102.1029453     -97.4398948 0.78E-07 0.12E-07
  30     -199.5428403    -102.1029454     -97.4398950 0.14E-07 0.12E-07
  31     -199.5428403    -102.1029453     -97.4398950 0.32E-08 0.12E-07

   31 iterations: (units are Ry and bohr)
 Energy:    -199.54284034  Ebs:    -102.10294531  Ehxc:     -97.43989503
 Eh    :     103.37642142  Exc:     -20.72559965

   Orbital    Filling       Eigenvalues    Norm(rc->oo)      Peak
    |100>      2.000         -48.218608
    |200>      2.000          -1.758321      0.339286      0.772790
    |210>      5.400          -0.397979      0.206285      0.714803


 ===============Configuration 2 NL: Calc ===============
 ---------Eigenvalue guesses---------
 1s            -2.19173672
 2p            -0.81744754
 Performing non-local pseudopotential calculation
 Using the s potential as the local potential

 iter       Etot             Ebs             Ehxc       de_max   dv_max
   1      -51.4609719      -8.7976902     -42.6632817 0.00E+00 0.80E+00
   2      -48.0279916      -6.7315160     -41.2964756 0.34E+00 0.40E+01
   3      -47.3100004      -5.9736432     -41.3363572 0.19E+00 0.40E+01
   4      -46.7888268      -5.5799126     -41.2089142 0.12E+00 0.40E+01
   5      -46.8052970      -5.6230117     -41.1822853 0.14E-01 0.20E+01
   6      -46.8946325      -5.6831341     -41.2114984 0.20E-01 0.42E-02
   7      -46.8887549      -5.6712733     -41.2174816 0.38E-02 0.22E-02
   8      -46.8652693      -5.6562700     -41.2089992 0.48E-02 0.12E-02
   9      -46.8646642      -5.6585863     -41.2060779 0.76E-03 0.10E-02
  10      -46.8741524      -5.6651572     -41.2089952 0.22E-02 0.41E-03
  11      -46.8735576      -5.6640238     -41.2095338 0.37E-03 0.20E-03
  12      -46.8714763      -5.6627002     -41.2087760 0.43E-03 0.11E-03
  13      -46.8715934      -5.6630032     -41.2085902 0.99E-04 0.65E-04
  14      -46.8718795      -5.6632389     -41.2086406 0.77E-04 0.26E-04
  15      -46.8720673      -5.6633424     -41.2087248 0.34E-04 0.91E-05
  16      -46.8721235      -5.6633549     -41.2087686 0.42E-05 0.63E-05
  17      -46.8721122      -5.6633375     -41.2087747 0.55E-05 0.40E-05
  18      -46.8720900      -5.6633237     -41.2087663 0.44E-05 0.11E-05
  19      -46.8720786      -5.6633201     -41.2087585 0.12E-05 0.11E-05
  20      -46.8720776      -5.6633221     -41.2087555 0.66E-06 0.82E-06
  21      -46.8720804      -5.6633249     -41.2087556 0.90E-06 0.40E-06
  22      -46.8720829      -5.6633263     -41.2087565 0.50E-06 0.10E-06
  23      -46.8720839      -5.6633267     -41.2087572 0.11E-06 0.67E-07
  24      -46.8720839      -5.6633265     -41.2087574 0.55E-07 0.61E-07
  25      -46.8720836      -5.6633263     -41.2087573 0.69E-07 0.24E-07
  26      -46.8720834      -5.6633262     -41.2087572 0.26E-07 0.53E-08
  27      -46.8720834      -5.6633262     -41.2087572 0.36E-08 0.10E-07

   27 iterations: (units are Ry and bohr)
 Energy:     -46.87208340  Ebs:      -5.66332621  Ehxc:     -41.20875719
 Eh    :      43.88450431  Exc:      -9.03909537

   Orbital    Filling       Eigenvalues    Norm(rc->oo)      Peak
    |100>      2.000          -1.755199      0.339487      0.814038
    |210>      5.400          -0.398690      0.205272      0.846412

 ---Non-local ghost testing---
 Local state: 1s

 Test  state: 1s
 !WARNING! : schsl found a positive eigenvalue. n,l=:   2   0
 !WARNING! No solution for 1st excited state of local potential.  Setting e=0.0
 ...seems like this angular momentum is the local part!

 Test  state: 2p
 !WARNING! : schsl found a positive eigenvalue. n,l=:   2   1
 !WARNING! No solution for ground state of local potential.  Setting e=0.0
 !WARNING! : schsl found too few nodes   n,l=   3   1  e= -.7517E-08
 !WARNING! No solution for 1st excited state of local potential.  Setting e=0.0
 KB energy :  -6.412632  KB strength:   3.606109  KB cosine:  -0.562345
 el0       :   0.000000  el1        :   0.000000  eig      :  -0.398690
 No ghosts!  Ekb<0  and eig < el0
 ------------------------------

 No ghosts present for local potential

   ------------------------------------------------
   ================================================

 ======================================================================== 
 Begin KE convergence testing
 ======================================================================== 
 ----------------------------------------------------------------------
                     Kinetic energy convergence
      ==============================|100>==============================
      Ecut(Ry)  KE/electron(Ry)         KE error/electron (mRy,meV)
        10       1.884045200                67.946017     924.453125
        18       1.944833177                 7.158040      97.390149
        45       1.951266773                 0.724444       9.856569
       192       1.951917841                 0.073377       0.998341
      ==============================|210>==============================
      Ecut(Ry)  KE/electron(Ry)         KE error/electron (mRy,meV)
        29       4.854084284                72.536433     986.908947
        38       4.919761894                 6.858823      93.319093
        46       4.926011969                 0.608748       8.282442
       121       4.926547638                 0.073079       0.994290

 ======================================================================== 
 End KE convergence testing
 ======================================================================== 
<<<do_upf>>>
<<<do_rpt>>>
------------- closing opium session ------------
