##########################################################
#    Opium Report File                                   #
##########################################################
     Opium version:        3.8

### copy of the parameter file #######################

[Atom]
F  
3
100   2.00   -
200   2.00   -
210   5.00   -

[Pseudo]
2  1.14 1.63
opt

[Optinfo]
7.07  10
7.07  10
conmax

[Configs]
2
#
200  2.00  -
210  5.20  -
#
200  2.00  -
210  5.40  -

[XC]
gga

### AE report ########################################

 AE:Orbital    Filling       Eigenvalues[Ry]          Norm
    ----------------------------------------------------------
	100	 2.000	     -48.7035278263
	200	 2.000	      -2.1917367212	  0.3288393026
	210	 5.000	      -0.8174475387	  0.1753265191

      E_tot =     -199.3016547133 Ry

### PS report ########################################

    ====================Optimized pseudopotential method====================

                       Pseudopotential convergence error                      
    Orbital      [mRy/e]       [meV/e]         [mRy]        [meV]        Ghost
    --------------------------------------------------------------------------
	200       0.490463      6.673099      0.980927     13.346198	    no
	210       0.209891      2.855708      1.049453     14.278538	    no

                  Tot. error =               2.030380     27.624736


### NL/SL report #####################################


 NL:Orbital    Filling       Eigenvalues[Ry]          Norm       Ghost
    ------------------------------------------------------------------
	100 	 2.000	      -2.1917367212	  0.3288393179	    no
	210 	 5.000	      -0.8174475387	  0.1753271756	    no

	 ========== No ghosts in potential!!========== 

      E_tot =      -46.6306824253 Ry

### KE report ########################################

	 ===   Ecut necessary for ~1    eV convergence error / electron === 
	 --------------------------------------------------------------- 
		 	 Ecut[Ry] 	 error [meV/e] 
	100  		   10 	          924.453 
	210  		   29 	          986.909 
	 ===   Ecut necessary for ~100 meV convergence error / electron === 
	 --------------------------------------------------------------- 
		 	 Ecut[Ry] 	 error [meV/e] 
	100  		   18 	           97.390 
	210  		   38 	           93.319 

	 ===   Ecut necessary for  ~10 meV convergence error / electron === 
	 --------------------------------------------------------------- 
		 	 Ecut[Ry] 	 error [meV/e] 
	100  		   45 	            9.857 
	210  		   46 	            8.282 

	 ===   Ecut necessary for   ~1 meV convergence error / electron === 
	 --------------------------------------------------------------- 
		 	 Ecut[Ry] 	 error [meV/e] 
	100  		   192 	            0.998 
	210  		   121 	            0.994 

### TC report ########################################

 AE:Orbital    Filling       Eigenvalues[Ry]          Norm
    ----------------------------------------------------------
	100	 2.000	     -48.4511652260
	200	 2.000	      -1.9682140492	  0.3343516575
	210	 5.200	      -0.6006377844	  0.1902702554

      E_tot =     -199.4432331339 Ry

 NL:Orbital    Filling       Eigenvalues[Ry]          Norm       Ghost
    ------------------------------------------------------------------
	100 	 2.000	      -1.9666344110	  0.3344475658	    no
	210 	 5.200	      -0.6012727553	  0.1897182666	    no

      E_tot =      -46.7723351527 Ry

 AE-NL:Orbital Filling       Eigenvalues[mRy]         Norm[1e-3] 
 AE-NL- --------------------------------------------------------------
 AE-NL- 100 	 2.000	      -1.5796382320	 -0.0959082900	
 AE-NL- 210 	 5.200	       0.6349709325	  0.5519887881	
 AE-NL-  total error =	       2.2146091645	  0.6478970781

 =====================================================================
 AE:Orbital    Filling       Eigenvalues[Ry]          Norm
    ----------------------------------------------------------
	100	 2.000	     -48.2186077218
	200	 2.000	      -1.7583206091	  0.3392856174
	210	 5.400	      -0.3979793795	  0.2062850407

      E_tot =     -199.5428403411 Ry

 NL:Orbital    Filling       Eigenvalues[Ry]          Norm       Ghost
    ------------------------------------------------------------------
	100 	 2.000	      -1.7551990052	  0.3394873078	    no
	210 	 5.400	      -0.3986904082	  0.2052723699	    no

      E_tot =      -46.8720834001 Ry

 AE-NL:Orbital Filling       Eigenvalues[mRy]         Norm[1e-3] 
 AE-NL- --------------------------------------------------------------
 AE-NL- 100 	 2.000	      -3.1216039128	 -0.2016904815	
 AE-NL- 210 	 5.400	       0.7110287300	  1.0126708049	
 AE-NL-  total error =	       3.8326326428	  1.2143612863

 =====================================================================

  Comparison of total energy differences.           
   DD_ij = (E_i - E_j)_AE - (E_i-E_j)_NL     

 AE-NL-   i   j         DD[mRy]        DD[meV] 
 AE-NL- ------------------------------------------
 AE-NL-   0   1        -0.074307      -1.010995
 AE-NL-   0   2        -0.215347      -2.929946
 AE-NL-   1   2        -0.141040      -1.918951
