
 ++++++++++++++++++++++++++++++++++++++++++++++++++++++++++++++++++++++++
           OPIUM  Version:        3.8                             
           =====================================            
 See http://opium.sourceforge.net for help and information                 
 Copyright 2009 : The OPIUM project                         

 Compile host     : vagvlan567.217.wlan.design.upenn.edu
 Compile OS       : Darwin 14.1.0 i386
 Compile date     : Wed Mar 18 18:57:27 EDT 2015

 Execution host   : vagvlan567.0951.wlan.wireless-pennnet.upenn.edu
 time of execution: Tue Oct 13 17:27:22 2015

 ++++++++++++++++++++++++++++++++++++++++++++++++++++++++++++++++++++++++
 Reading parameter file:  <ne.param> ... 
 File prefix             : ne 
 Element                 : Neon       (Ne) 
 Z                       : 10 
 
 Number of all-electron orbitals   : 3 
 Number of pseudo       orbitals   : 2 
 
 Pseudopotential is non-relativistic 
 Exchage-correlation functional is : Perdew, Burke, Ernzerhof GGA 
 GGA smoothed from 0 to 0.001000 bohr using switch to LDA 
 The s potential is used for the KB construction 
 Optimized (RRKJ) pseudopotential method will be used 

 nl    cutoff radii    q-max      # bessel functions
 2s       1.140        7.070              10 
 2p       1.630        7.070              10 

 Reference Configuration: core  <-/-> valence 
 1s2  <-/-> 2s2  2p6 

 Grid definitions: 
 a_grid=1.00e-04    b_grid=1.30e-02    # points=1135 
 r(1)=4.64e-05      r(np)=1.17e+02    

 dEmax tolerance:  1.00e-08      dVmax tolerance:  1.00e-06     

 Starting calculation...

 ======================================================================== 
 Begin AE calculation
 ======================================================================== 
 Performing non-relativistic AE calculation...  
 ---------Eigenvalue guesses---------
 1s          -100.00000000
 2s            -6.25000000
 2p            -6.25000000

 iter       Etot             Ebs             Ehxc       de_max   dv_max
   1     -296.6723293    -155.6092612    -141.0630681 0.56E+00 0.22E+01
   2     -264.0530836    -138.0107507    -126.0423329 0.50E+00 0.10E+01
   3     -258.0476229    -133.9668283    -124.0807947 0.24E+00 0.10E+00
   4     -257.9743345    -133.5819776    -124.3923569 0.33E-01 0.31E-01
   5     -258.0448144    -133.4220752    -124.6227392 0.13E-01 0.26E-01
   6     -257.9219852    -133.2592277    -124.6627574 0.12E-01 0.15E-01
   7     -257.6424332    -133.0895027    -124.5529305 0.11E-01 0.73E-02
   8     -257.6600391    -133.1330005    -124.5270386 0.35E-02 0.50E-02
   9     -257.7060943    -133.1680746    -124.5380197 0.30E-02 0.19E-02
  10     -257.7429740    -133.1874836    -124.5554904 0.17E-02 0.79E-03
  11     -257.7452395    -133.1837422    -124.5614973 0.28E-03 0.79E-03
  12     -257.7383650    -133.1781147    -124.5602503 0.43E-03 0.32E-03
  13     -257.7307098    -133.1742148    -124.5564950 0.31E-03 0.19E-03
  14     -257.7304402    -133.1751531    -124.5552872 0.77E-04 0.18E-03
  15     -257.7320109    -133.1764196    -124.5555913 0.10E-03 0.68E-04
  16     -257.7331492    -133.1769957    -124.5561535 0.46E-04 0.73E-05
  17     -257.7334766    -133.1770250    -124.5564516 0.24E-05 0.23E-04
  18     -257.7333727    -133.1768797    -124.5564930 0.11E-04 0.14E-04
  19     -257.7332069    -133.1767724    -124.5564345 0.85E-05 0.36E-05
  20     -257.7331236    -133.1767416    -124.5563820 0.25E-05 0.21E-05
  21     -257.7331148    -133.1767521    -124.5563627 0.80E-06 0.23E-05
  22     -257.7331335    -133.1767689    -124.5563646 0.13E-05 0.10E-05
  23     -257.7331486    -133.1767771    -124.5563715 0.66E-06 0.14E-06
  24     -257.7331537    -133.1767780    -124.5563757 0.88E-07 0.29E-06
  25     -257.7331528    -133.1767762    -124.5563766 0.13E-06 0.20E-06
  26     -257.7331508    -133.1767748    -124.5563760 0.11E-06 0.64E-07
  27     -257.7331497    -133.1767744    -124.5563753 0.32E-07 0.21E-07
  28     -257.7331495    -133.1767744    -124.5563750 0.47E-08 0.31E-07

   28 iterations: (units are Ry and bohr)
 Energy:    -257.73314946  Ebs:    -133.17677443  Ehxc:    -124.55637503
 Eh    :     131.68550462  Exc:     -24.74924654

   Orbital    Filling       Eigenvalues    Norm(rc->oo)      Peak
    |100>      2.000         -60.978828
    |200>      2.000          -2.666403      0.240139      0.681221
    |210>      6.000          -0.981052      0.123519      0.621967

 ======================================================================== 
 End AE calculation
 ======================================================================== 

 ======================================================================== 
 Begin PS construction
 ======================================================================== 
 Optimized Pseudopotential Generation ...

 ==================
 zeff=   8.0000000000000000     
 Pseudizing state : |200>
 eigenvalue       : -2.666403
 qc               :  7.070000
 # bessel fxns    : 10
 point nearest rc :  779
 rc               :  1.140000
 actual rc        :  1.145832

 Psi(rc)          :     0.6796115890
 Slope at rc      :    -1.3558107242
 Curvature at rc  :     2.5398591868
 Del^2 Psi at rc  :     0.1733510406
 Log Deriv at rc  :    -1.9949788174

 Error in constraints
   1         0.69807E-11
   2        -0.69807E-11
   3         0.22349E-10
   4        -0.22349E-10
   5        -0.76137E-06
   6         0.76137E-06
   7         0.22583E-03
   8         0.22583E-03
   9         0.00000E+00
  10         0.76137E-06
 Bessel wavevectors and final coefficients
   1        1.8473163255        1.9365800985
   2        4.3337735057        0.4791625386
   3        6.9932582113       -0.0461086557
   4        9.6967043347        0.0136923753
   5       12.4165687000       -0.0078195024
   6       15.1442133445        0.0062093899
   7       17.8761319875       -0.0060384852
   8       20.6106438543        0.0063955554
   9       23.3468452976       -0.0070197985
  10       26.0842080468        0.0077533075

 Total KE           (Ry) :     2.4589607066
 0  -> qc contribution   :     2.4587348802
 qc -> oo contribution   :     0.0002258264   (=Convergence term)
 Occupancy of this state :     2.0000000000
 Convergence term (Ry/e) :     0.0002258264
 Convergence error (mRy) :     0.4516528700
 Convergence error (meV) :     6.1450986189


 ==================
 zeff=   8.0000000000000000     
 Pseudizing state : |210>
 eigenvalue       : -0.981052
 qc               :  7.070000
 # bessel fxns    : 10
 point nearest rc :  806
 rc               :  1.630000
 actual rc        :  1.627640

 Psi(rc)          :     0.2974832711
 Slope at rc      :    -0.4564812892
 Curvature at rc  :     0.7740436361
 Del^2 Psi at rc  :    -0.0114505311
 Log Deriv at rc  :    -1.5344771738

 Error in constraints
   1        -0.23119E-11
   2         0.23119E-11
   3         0.27686E-10
   4        -0.27686E-10
   5         0.45219E-07
   6        -0.45219E-07
   7         0.30847E-03
   8         0.30847E-03
   9         0.00000E+00
  10         0.45219E-07
 Bessel wavevectors and final coefficients
   1        2.0184876461        1.8230668214
   2        3.9076896570        1.8288028865
   3        5.8225060837        0.5041130958
   4        7.7447700823       -0.0129821550
   5        9.6701360940        0.0091180210
   6       11.5970796375       -0.0068582341
   7       13.5249325784        0.0058506311
   8       15.4533568300       -0.0058271382
   9       17.3821632108        0.0059160357
  10       19.3112376796       -0.0062971814

 Total KE           (Ry) :     5.7296005525
 0  -> qc contribution   :     5.7292920815
 qc -> oo contribution   :     0.0003084710   (=Convergence term)
 Occupancy of this state :     6.0000000000
 Convergence term (Ry/e) :     0.0003084710
 Convergence error (mRy) :     1.8508259947
 Convergence error (meV) :    25.1819683190

 ------------------------------
 Descreening potential
 valence charge          :   8.000000
 core    charge          :   0.000000

 ----Solving the Schrodinger equation for all states----
 State: 2s  AE eigenvalue =  -2.666403  PS eigenvalue =  -2.666403
 State: 2p  AE eigenvalue =  -0.981052  PS eigenvalue =  -0.981052

 ---Semilocal ghost testing---
 Local state: 2s

 Test  state: 2p
 KB energy :  -5.960090  KB strength:   3.748846  KB cosine:  -0.628991
 !WARNING! : schsl found too few nodes   n,l=   3   1  e= -.9093E-08
    !WARNING! No solution for 1st excited state of local potential.  Setting e=0.0
 el0       :  -0.006774  el1        :   0.000000  eig      :  -0.981052
 No ghosts!  Ekb<0  and eig < el0

 No ghosts for local potential: 2s
 ------------------------------

 Local state: 2p

 Test  state: 2s
 KB energy :   6.380788  KB strength:   4.566594  KB cosine:   0.715679
 el0       :  -7.089406  el1        :  -0.036815  eig      :  -2.666403
 No ghosts!  Ekb>0  and el0 < eig < el1

 No ghosts for local potential: 2p
 ------------------------------


 ======================================================================== 
 End PS construction
 ======================================================================== 

 ======================================================================== 
 Begin NL calculation
 ======================================================================== 
 ---------Eigenvalue guesses---------
 1s            -2.66640305
 2p            -0.98105219
 Performing non-local pseudopotential calculation
 Using the s potential as the local potential

 iter       Etot             Ebs             Ehxc       de_max   dv_max
   1      -66.0509895     -11.2191193     -54.8318702 0.00E+00 0.21E-08

 Converged in 1 iteration (probably reference state)
 Energy:     -66.05098950  Ebs:     -11.21911926  Ehxc:     -54.83187024
 Eh    :      58.18736342  Exc:     -11.29014807

   Orbital    Filling       Eigenvalues    Norm(rc->oo)      Peak
    |100>      2.000          -2.666403      0.240139      0.717582
    |210>      6.000          -0.981052      0.123519      0.806647

 ---Non-local ghost testing---
 Local state: 1s

 Test  state: 1s
 ...seems like this angular momentum is the local part!

 Test  state: 2p
 !WARNING! : schsl found too few nodes   n,l=   3   1  e= -.9093E-08
 !WARNING! No solution for 1st excited state of local potential.  Setting e=0.0
 KB energy :  -5.960090  KB strength:   3.748846  KB cosine:  -0.628991
 el0       :  -0.006774  el1        :   0.000000  eig      :  -0.981052
 No ghosts!  Ekb<0  and eig < el0
 ------------------------------

 No ghosts present for local potential


 ======================================================================== 
 End NL calculation
 ======================================================================== 
<<<do_tc>>>


 ===============Configuration 1 AE Calc=============== 
 ---------Eigenvalue guesses---------
 1s          -100.00000000
 2s            -6.25000000
 2p            -6.25000000

 iter       Etot             Ebs             Ehxc       de_max   dv_max
   1     -307.2040781    -175.3843092    -131.8197689 0.31E+00 0.27E+01
   2     -270.5287417    -152.2956214    -118.2331203 0.40E+00 0.10E+01
   3     -256.2807521    -143.2246171    -113.0561350 0.26E+00 0.12E+00
   4     -256.1882184    -142.9587208    -113.2294977 0.82E-02 0.47E-01
   5     -256.7704553    -143.2059860    -113.5644693 0.12E-01 0.17E-01
   6     -256.7996059    -143.0991974    -113.7004085 0.41E-02 0.17E-01
   7     -256.5712736    -142.8863737    -113.6848998 0.83E-02 0.74E-02
   8     -256.4995934    -142.8467255    -113.6528679 0.15E-02 0.22E-02
   9     -256.4961608    -142.8559361    -113.6402246 0.37E-03 0.19E-02
  10     -256.5193345    -142.8760930    -113.6432415 0.89E-03 0.49E-03
  11     -256.5261409    -142.8800687    -113.6460721 0.77E-04 0.20E-03
  12     -256.5264971    -142.8794218    -113.6470753 0.39E-04 0.16E-03
  13     -256.5255446    -142.8784757    -113.6470689 0.43E-04 0.79E-04
  14     -256.5247208    -142.8779432    -113.6467776 0.23E-04 0.22E-04
  15     -256.5243475    -142.8778022    -113.6465453 0.64E-05 0.19E-04
  16     -256.5242897    -142.8778487    -113.6464410 0.16E-05 0.15E-04
  17     -256.5243530    -142.8779306    -113.6464224 0.32E-05 0.89E-05
  18     -256.5244221    -142.8779858    -113.6464364 0.22E-05 0.43E-05
  19     -256.5244610    -142.8780085    -113.6464525 0.94E-06 0.20E-05
  20     -256.5244726    -142.8780113    -113.6464613 0.18E-06 0.95E-06
  21     -256.5244718    -142.8780081    -113.6464637 0.92E-07 0.49E-06
  22     -256.5244682    -142.8780051    -113.6464632 0.11E-06 0.28E-06
  23     -256.5244658    -142.8780038    -113.6464620 0.42E-07 0.18E-06
  24     -256.5244650    -142.8780037    -113.6464613 0.19E-08 0.11E-06

   24 iterations: (units are Ry and bohr)
 Energy:    -256.52446502  Ebs:    -142.87800375  Ehxc:    -113.64646127
 Eh    :     120.49973118  Exc:     -23.85892978

   Orbital    Filling       Eigenvalues    Norm(rc->oo)      Peak
    |100>      2.000         -62.274577
    |200>      2.000          -3.776794      0.218270      0.672422
    |210>      5.200          -2.072166      0.084850      0.606004


 ===============Configuration 1 NL: Calc ===============
 ---------Eigenvalue guesses---------
 1s            -2.66640305
 2p            -0.98105219
 Performing non-local pseudopotential calculation
 Using the s potential as the local potential

 iter       Etot             Ebs             Ehxc       de_max   dv_max
   1      -54.8456179     -10.4342775     -44.4113404 0.00E+00 0.16E+01
   2      -61.1186137     -14.9254502     -46.1931635 0.62E+00 0.80E+00
   3      -64.0133144     -17.5466765     -46.4666379 0.23E+00 0.80E-01
   4      -64.7957875     -18.2449564     -46.5508311 0.49E-01 0.47E-02
   5      -64.8936503     -18.2957138     -46.5979365 0.34E-02 0.63E-02
   6      -64.8932809     -18.2777785     -46.6155023 0.11E-02 0.53E-02
   7      -64.8495315     -18.2373089     -46.6122226 0.26E-02 0.97E-03
   8      -64.8464695     -18.2359884     -46.6104811 0.91E-04 0.29E-03
   9      -64.8467179     -18.2367521     -46.6099657 0.47E-04 0.22E-03
  10      -64.8475394     -18.2375084     -46.6100310 0.47E-04 0.16E-03
  11      -64.8483826     -18.2380510     -46.6103316 0.34E-04 0.12E-03
  12      -64.8485121     -18.2380229     -46.6104892 0.22E-05 0.85E-04
  13      -64.8484848     -18.2379321     -46.6105527 0.62E-05 0.53E-04
  14      -64.8484177     -18.2378505     -46.6105673 0.55E-05 0.31E-04
  15      -64.8483631     -18.2377994     -46.6105636 0.34E-05 0.17E-04
  16      -64.8483315     -18.2377746     -46.6105569 0.17E-05 0.93E-05
  17      -64.8483175     -18.2377652     -46.6105523 0.64E-06 0.50E-05
  18      -64.8483131     -18.2377629     -46.6105502 0.17E-06 0.26E-05
  19      -64.8483126     -18.2377631     -46.6105496 0.24E-07 0.14E-05
  20      -64.8483131     -18.2377634     -46.6105497 0.25E-07 0.79E-06
  21      -64.8483136     -18.2377636     -46.6105500 0.99E-08 0.44E-06

   21 iterations: (units are Ry and bohr)
 Energy:     -64.84831358  Ebs:     -18.23776359  Ehxc:     -46.61054998
 Eh    :      49.68469436  Exc:     -10.35899898

   Orbital    Filling       Eigenvalues    Norm(rc->oo)      Peak
    |100>      2.000          -3.782299      0.218391      0.708313
    |210>      5.200          -2.052532      0.087583      0.796229

 ---Non-local ghost testing---
 Local state: 1s

 Test  state: 1s
 ...seems like this angular momentum is the local part!

 Test  state: 2p
 KB energy :  -5.960090  KB strength:   3.748846  KB cosine:  -0.628991
 el0       :  -0.718586  el1        :  -0.131032  eig      :  -2.052532
 No ghosts!  Ekb<0  and eig < el0
 ------------------------------

 No ghosts present for local potential



 ===============Configuration 2 AE Calc=============== 
 ---------Eigenvalue guesses---------
 1s          -100.00000000
 2s            -6.25000000
 2p            -6.25000000

 iter       Etot             Ebs             Ehxc       de_max   dv_max
   1     -305.2653276    -170.6960539    -134.5692737 0.32E+00 0.26E+01
   2     -269.1780074    -148.7035697    -120.4744378 0.43E+00 0.10E+01
   3     -256.7094475    -140.8589625    -115.8504850 0.26E+00 0.11E+00
   4     -256.6574964    -140.5980320    -116.0594644 0.10E-01 0.42E-01
   5     -257.1741468    -140.7716705    -116.4024763 0.95E-02 0.21E-01
   6     -257.1966504    -140.6567787    -116.5398717 0.49E-02 0.17E-01
   7     -257.0071103    -140.4614485    -116.5456619 0.79E-02 0.89E-02
   8     -256.8508627    -140.3737914    -116.4770713 0.45E-02 0.45E-02
   9     -256.8476264    -140.3958819    -116.4517445 0.95E-03 0.39E-02
  10     -256.9186490    -140.4507862    -116.4678628 0.25E-02 0.11E-02
  11     -256.9183225    -140.4455527    -116.4727698 0.27E-03 0.55E-03
  12     -256.9086975    -140.4378492    -116.4708484 0.37E-03 0.13E-03
  13     -256.9086134    -140.4384238    -116.4701896 0.28E-04 0.69E-04
  14     -256.9090642    -140.4389378    -116.4701263 0.24E-04 0.40E-04
  15     -256.9094985    -140.4392459    -116.4702526 0.14E-04 0.16E-04
  16     -256.9097143    -140.4393483    -116.4703660 0.49E-05 0.69E-05
  17     -256.9097607    -140.4393433    -116.4704174 0.83E-07 0.48E-05
  18     -256.9097358    -140.4393109    -116.4704249 0.13E-05 0.29E-05
  19     -256.9097056    -140.4392895    -116.4704161 0.95E-06 0.12E-05
  20     -256.9096896    -140.4392826    -116.4704070 0.32E-06 0.90E-06
  21     -256.9096861    -140.4392836    -116.4704025 0.39E-07 0.59E-06
  22     -256.9096880    -140.4392865    -116.4704015 0.13E-06 0.34E-06
  23     -256.9096905    -140.4392885    -116.4704021 0.93E-07 0.17E-06
  24     -256.9096920    -140.4392893    -116.4704027 0.45E-07 0.79E-07
  25     -256.9096925    -140.4392894    -116.4704031 0.22E-08 0.36E-07

   25 iterations: (units are Ry and bohr)
 Energy:    -256.90969246  Ebs:    -140.43928936  Ehxc:    -116.47040309
 Eh    :     123.39805058  Exc:     -24.09878941

   Orbital    Filling       Eigenvalues    Norm(rc->oo)      Peak
    |100>      2.000         -61.925108
    |200>      2.000          -3.483190      0.224054      0.681221
    |210>      5.400          -1.781980      0.093333      0.613933


 ===============Configuration 2 NL: Calc ===============
 ---------Eigenvalue guesses---------
 1s            -2.66640305
 2p            -0.98105219
 Performing non-local pseudopotential calculation
 Using the s potential as the local potential

 iter       Etot             Ebs             Ehxc       de_max   dv_max
   1      -57.5433798     -10.6304879     -46.9128918 0.00E+00 0.12E+01
   2      -62.4639592     -14.0841159     -48.3798433 0.47E+00 0.60E+00
   3      -64.5830661     -16.0070583     -48.5760077 0.18E+00 0.63E-01
   4      -65.1959011     -16.5475178     -48.6483832 0.43E-01 0.38E-02
   5      -65.2699571     -16.5823714     -48.6875858 0.27E-02 0.53E-02
   6      -65.2676868     -16.5662132     -48.7014736 0.12E-02 0.43E-02
   7      -65.2299635     -16.5326652     -48.6972983 0.25E-02 0.70E-03
   8      -65.2281344     -16.5326566     -48.6954778 0.61E-05 0.31E-03
   9      -65.2287186     -16.5336801     -48.6950385 0.73E-04 0.22E-03
  10      -65.2296783     -16.5344923     -48.6951860 0.58E-04 0.13E-03
  11      -65.2305717     -16.5350300     -48.6955417 0.38E-04 0.11E-03
  12      -65.2306755     -16.5349637     -48.6957118 0.53E-05 0.73E-04
  13      -65.2306069     -16.5348408     -48.6957661 0.93E-05 0.45E-04
  14      -65.2305138     -16.5347460     -48.6957678 0.71E-05 0.26E-04
  15      -65.2304497     -16.5346944     -48.6957553 0.39E-05 0.14E-04
  16      -65.2304183     -16.5346739     -48.6957445 0.16E-05 0.72E-05
  17      -65.2304078     -16.5346690     -48.6957388 0.39E-06 0.37E-05
  18      -65.2304067     -16.5346697     -48.6957370 0.51E-07 0.20E-05
  19      -65.2304081     -16.5346712     -48.6957369 0.10E-06 0.11E-05
  20      -65.2304095     -16.5346720     -48.6957375 0.55E-07 0.63E-06
  21      -65.2304102     -16.5346721     -48.6957380 0.81E-08 0.37E-06

   21 iterations: (units are Ry and bohr)
 Energy:     -65.23041016  Ebs:     -16.53467212  Ehxc:     -48.69573803
 Eh    :      51.84502473  Exc:     -10.60801223

   Orbital    Filling       Eigenvalues    Norm(rc->oo)      Peak
    |100>      2.000          -3.488368      0.224074      0.708313
    |210>      5.400          -1.769988      0.095376      0.796229

 ---Non-local ghost testing---
 Local state: 1s

 Test  state: 1s
 ...seems like this angular momentum is the local part!

 Test  state: 2p
 KB energy :  -5.960090  KB strength:   3.748846  KB cosine:  -0.628991
 el0       :  -0.513942  el1        :  -0.076386  eig      :  -1.769988
 No ghosts!  Ekb<0  and eig < el0
 ------------------------------

 No ghosts present for local potential

   ------------------------------------------------
   ================================================

 ======================================================================== 
 Begin KE convergence testing
 ======================================================================== 
 ----------------------------------------------------------------------
                     Kinetic energy convergence
      ==============================|100>==============================
      Ecut(Ry)  KE/electron(Ry)         KE error/electron (mRy,meV)
        14       2.388771325                70.140511     954.310751
        21       2.452339758                 6.572078      89.417719
        27       2.458240873                 0.670963       9.128922
       118       2.458838644                 0.073192       0.995832
      ==============================|210>==============================
      Ecut(Ry)  KE/electron(Ry)         KE error/electron (mRy,meV)
        31       5.656142781                73.447668     999.306930
        40       5.722846098                 6.744351      91.761619
        47       5.728933130                 0.657319       8.943285
       165       5.729517373                 0.073075       0.994242

 ======================================================================== 
 End KE convergence testing
 ======================================================================== 
<<<do_upf>>>
<<<do_rpt>>>
<<<do_upf>>>
------------- closing opium session ------------
