This file contains any messages produced by compilers while
running configure, to aid debugging if configure makes a mistake.

It was created by opium configure ac1.2, which was
generated by GNU Autoconf 2.59.  Invocation command line was

  $ ./configure 

## --------- ##
## Platform. ##
## --------- ##

hostname = seas1435.wireless-pennnet.upenn.edu
uname -m = x86_64
uname -r = 14.4.0
uname -s = Darwin
uname -v = Darwin Kernel Version 14.4.0: Thu May 28 11:35:04 PDT 2015; root:xnu-2782.30.5~1/RELEASE_X86_64

/usr/bin/uname -p = i386
/bin/uname -X     = unknown

/bin/arch              = unknown
/usr/bin/arch -k       = unknown
/usr/convex/getsysinfo = unknown
hostinfo               = Mach kernel version:
	 Darwin Kernel Version 14.4.0: Thu May 28 11:35:04 PDT 2015; root:xnu-2782.30.5~1/RELEASE_X86_64
Kernel configured for up to 4 processors.
2 processors are physically available.
4 processors are logically available.
Processor type: i486 (Intel 80486)
Processors active: 0 1 2 3
Primary memory available: 8.00 gigabytes
Default processor set: 320 tasks, 1542 threads, 4 processors
Load average: 1.18, Mach factor: 2.80
/bin/machine           = unknown
/usr/bin/oslevel       = unknown
/bin/universe          = unknown

PATH: /Applications/Absoft15.0/bin
PATH: /Library/Frameworks/Python.framework/Versions/2.7/bin
PATH: /Library/Frameworks/Python.framework/Versions/Current/bin
PATH: /usr/local/mysql/bin
PATH: /usr/local/bin
PATH: /usr/bin
PATH: /bin
PATH: /usr/sbin
PATH: /sbin
PATH: /opt/X11/bin


## ----------- ##
## Core tests. ##
## ----------- ##

configure:1378: checking build system type
configure:1396: result: i386-apple-darwin14.4.0
configure:1404: checking host system type
configure:1418: result: i386-apple-darwin14.4.0
configure:1483: checking for ifort
configure:1499: found /usr/bin/ifort
configure:1509: result: ifort
configure:1524: checking for Fortran 77 compiler version
configure:1527: ifort --version </dev/null >&5
ifort (IFORT) 15.0.3 20150408
Copyright (C) 1985-2015 Intel Corporation.  All rights reserved.

configure:1530: $? = 0
configure:1532: ifort -v </dev/null >&5
ifort version 15.0.3
configure:1535: $? = 0
configure:1537: ifort -V </dev/null >&5
Intel(R) Fortran Intel(R) 64 Compiler XE for applications running on Intel(R) 64, Version 15.0.3.187 Build 20150408
Copyright (C) 1985-2015 Intel Corporation.  All rights reserved.

configure:1540: $? = 0
configure:1554: checking for Fortran 77 compiler default output file name
configure:1557: ifort   conftest.f  >&5
configure:1560: $? = 0
configure:1606: result: a.out
configure:1611: checking whether the Fortran 77 compiler works
configure:1617: ./a.out
configure:1620: $? = 0
configure:1637: result: yes
configure:1644: checking whether we are cross compiling
configure:1646: result: no
configure:1649: checking for suffix of executables
configure:1651: ifort -o conftest   conftest.f  >&5
configure:1654: $? = 0
configure:1679: result: 
configure:1685: checking for suffix of object files
configure:1696: ifort -c  conftest.f >&5
configure:1699: $? = 0
configure:1721: result: o
configure:1729: checking whether we are using the GNU Fortran 77 compiler
configure:1743: ifort -c  conftest.F >&5
conftest.F(3): error #5082: Syntax error, found END-OF-STATEMENT when expecting one of: ( % [ : . = =>
       choke me
---------------^
conftest.F(3): error #6218: This statement is positioned incorrectly and/or has syntax errors.
       choke me
---------------^
compilation aborted for conftest.F (code 1)
configure:1749: $? = 1
configure: failed program was:
|       program main
| #ifndef __GNUC__
|        choke me
| #endif
| 
|       end
configure:1775: result: no
configure:1781: checking whether ifort accepts -g
configure:1793: ifort -c -g conftest.f >&5
configure:1799: $? = 0
configure:1803: test -z 
			 || test ! -s conftest.err
configure:1806: $? = 0
configure:1809: test -s conftest.o
configure:1812: $? = 0
configure:1824: result: yes
configure:1854: checking how to get verbose linking output from ifort
configure:1865: ifort -c -g conftest.f >&5
configure:1871: $? = 0
configure:1875: test -z 
			 || test ! -s conftest.err
configure:1878: $? = 0
configure:1881: test -s conftest.o
configure:1884: $? = 0
configure:1901: ifort -o conftest -g -v  conftest.f  >&5
ifort version 15.0.3
/usr/bin/ifort-15.0-base/bin/intel64/fortcom    -D__INTEL_COMPILER=1500 -D__INTEL_COMPILER_UPDATE=3 -D__x86_64 -D__x86_64__ -D__amd64 -D__amd64__ -D_MT -D__INTEL_COMPILER_BUILD_DATE=20150408 -D__PIC__ -D__APPLE__ -D__MACH__ -D__pentium4 -D__pentium4__ -D__tune_pentium4__ -D__SSE2__ -D__SSE2_MATH__ -D__SSE3__ -D__SSSE3__ -D__SSE__ -D__SSE_MATH__ -D__MMX__ -mGLOB_pack_sort_init_list -I. -I/usr/bin/ifort-15.0-base/compiler/include/intel64 -I/usr/bin/ifort-15.0-base/compiler/include -I/Applications/Xcode.app/Contents/Developer/Toolchains/XcodeDefault.xctoolchain/usr/bin/../lib/clang/6.1.0/include -I/usr/local/include -I/usr/include/ -I/usr/include "-fp_modbits honor_f32_conversion" "-fp_modbits honor_f64_conversion" -O0 -g2 -simd -mP1OPT_version=15.0-intel64 -mGLOB_diag_file=conftest.diag -mGLOB_diag_use_message_catalog=FALSE -mGLOB_source_language=GLOB_SOURCE_LANGUAGE_F90 -mP2OPT_static_promotion -mP1OPT_print_version=FALSE -mCG_use_gas_got_workaround=F -mP2OPT_align_option_used=TRUE -mGLOB_gcc_version=510 "-mGLOB_options_string=-o conftest -g -v" -mGLOB_position_independent_code -mGLOB_preemption_model=1 -mGLOB_no_compact_unwind=TRUE -mGLOB_cxx_limited_range=FALSE -mCG_extend_parms=FALSE -mGLOB_compiler_bin_directory=/usr/bin/ifort-15.0-base/bin/intel64 -mP3OPT_emit_line_numbers -mP2OPT_suppress_unreferenced_locals=FALSE -mGLOB_debug_target=GLOB_DEBUG_TARGET_ALL -mDEBUG_info_level=2 -mP1OPT_vft_trigger_debug_types=FALSE -mGLOB_debug_format=GLOB_DEBUG_FORMAT_DWARF20 -mP3OPT_dwarf_format=P3OPT_DWARF_FORMAT_OBJ_ONLY -mGLOB_as_output_backup_file_name=conftest_as_.s -mGLOB_em64t -mGLOB_instruction_tuning=0x0 -mGLOB_product_id_code=0x22006d8f -mGLOB_maintain_errno -mGLOB_noinline_intrinsics -mGLOB_use_base_pointer -mCG_bnl_movbe=T -mGLOB_extended_instructions=0x80 -mP3OPT_use_mspp_call_convention -mP2OPT_subs_out_of_bound=FALSE -mGLOB_ansi_alias -mIPOPT_ninl_limit=0 -mIPOPT_ninl_user_level=0 -mPGOPTI_value_profile_use=T -mP2OPT_gen_linux_const_pooling=FALSE -mP2OPT_il0_array_sections=TRUE -mGLOB_opt_level=0 -mIPOPT_args_in_regs=0 -mP2OPT_disam_assume_nonstd_intent_in=FALSE -mGLOB_imf_mapping_library=/usr/bin/ifort-15.0-base/bin/intel64/libiml_attr.dylib -mIPOPT_single_file_compile_and_link=TRUE -mP2OPT_hlo_embed_loopinfo -mPGOPTI_gen_threadsafe_level=0 -mIPOPT_obj_output_file_name=conftest.o -mIPOPT_whole_archive_fixup_file_name=/var/folders/nh/5r9dyz516jv8gg5kpmp4t67c0000gn/T/ifortwarchDmiqaT -mGLOB_long_size_64 -mGLOB_routine_pointer_size_64 -mGLOB_driver_tempfile_name=/var/folders/nh/5r9dyz516jv8gg5kpmp4t67c0000gn/T/iforttempfileC85y9y -mGLOB_os_target=GLOB_OS_TARGET_MACH -mGLOB_async_unwind_tables=TRUE -mGLOB_obj_output_file=conftest.o -mGLOB_source_dialect=GLOB_SOURCE_DIALECT_FORTRAN -mP1OPT_source_file_name=conftest.f -mP2OPT_symtab_type_copy=true conftest.f
#include "..." search starts here:
#include <...> search starts here:
 .
 /usr/bin/ifort-15.0-base/compiler/include/intel64
 /usr/bin/ifort-15.0-base/compiler/include
 /Applications/Xcode.app/Contents/Developer/Toolchains/XcodeDefault.xctoolchain/usr/bin/../lib/clang/6.1.0/include
 /usr/local/include
 /usr/include/
 /usr/include
End of search list.
/Applications/Xcode.app/Contents/Developer/Toolchains/XcodeDefault.xctoolchain/usr/bin/ld    -dynamic -arch x86_64 -weak_reference_mismatches non-weak -macosx_version_min 10.10.4 -no_compact_unwind -o conftest /usr/bin/ifort-15.0-base/compiler/lib/for_main.o -L/usr/bin/ifort-15.0-base/compiler/lib -L/usr/lib conftest.o /usr/bin/ifort-15.0-base/compiler/lib/libifport.a /usr/bin/ifort-15.0-base/compiler/lib/libifcore.a /usr/bin/ifort-15.0-base/compiler/lib/libimf.a /usr/bin/ifort-15.0-base/compiler/lib/libsvml.a /usr/bin/ifort-15.0-base/compiler/lib/libipgo.a -lSystem /usr/bin/ifort-15.0-base/compiler/lib/libirc.a -lpthread /usr/bin/ifort-15.0-base/compiler/lib/libsvml.a /Applications/Xcode.app/Contents/Developer/Toolchains/XcodeDefault.xctoolchain/usr/bin/../lib/clang/6.1.0/lib/darwin/libclang_rt.osx.a
dsymutil    -f conftest
configure:1956: result: -v
configure:1958: checking for Fortran libraries of ifort
configure:1979: ifort -o conftest -g -v  conftest.f  >&5
ifort version 15.0.3
/usr/bin/ifort-15.0-base/bin/intel64/fortcom    -D__INTEL_COMPILER=1500 -D__INTEL_COMPILER_UPDATE=3 -D__x86_64 -D__x86_64__ -D__amd64 -D__amd64__ -D_MT -D__INTEL_COMPILER_BUILD_DATE=20150408 -D__PIC__ -D__APPLE__ -D__MACH__ -D__pentium4 -D__pentium4__ -D__tune_pentium4__ -D__SSE2__ -D__SSE2_MATH__ -D__SSE3__ -D__SSSE3__ -D__SSE__ -D__SSE_MATH__ -D__MMX__ -mGLOB_pack_sort_init_list -I. -I/usr/bin/ifort-15.0-base/compiler/include/intel64 -I/usr/bin/ifort-15.0-base/compiler/include -I/Applications/Xcode.app/Contents/Developer/Toolchains/XcodeDefault.xctoolchain/usr/bin/../lib/clang/6.1.0/include -I/usr/local/include -I/usr/include/ -I/usr/include "-fp_modbits honor_f32_conversion" "-fp_modbits honor_f64_conversion" -O0 -g2 -simd -mP1OPT_version=15.0-intel64 -mGLOB_diag_file=conftest.diag -mGLOB_diag_use_message_catalog=FALSE -mGLOB_source_language=GLOB_SOURCE_LANGUAGE_F90 -mP2OPT_static_promotion -mP1OPT_print_version=FALSE -mCG_use_gas_got_workaround=F -mP2OPT_align_option_used=TRUE -mGLOB_gcc_version=510 "-mGLOB_options_string=-o conftest -g -v" -mGLOB_position_independent_code -mGLOB_preemption_model=1 -mGLOB_no_compact_unwind=TRUE -mGLOB_cxx_limited_range=FALSE -mCG_extend_parms=FALSE -mGLOB_compiler_bin_directory=/usr/bin/ifort-15.0-base/bin/intel64 -mP3OPT_emit_line_numbers -mP2OPT_suppress_unreferenced_locals=FALSE -mGLOB_debug_target=GLOB_DEBUG_TARGET_ALL -mDEBUG_info_level=2 -mP1OPT_vft_trigger_debug_types=FALSE -mGLOB_debug_format=GLOB_DEBUG_FORMAT_DWARF20 -mP3OPT_dwarf_format=P3OPT_DWARF_FORMAT_OBJ_ONLY -mGLOB_as_output_backup_file_name=conftest_as_.s -mGLOB_em64t -mGLOB_instruction_tuning=0x0 -mGLOB_product_id_code=0x22006d8f -mGLOB_maintain_errno -mGLOB_noinline_intrinsics -mGLOB_use_base_pointer -mCG_bnl_movbe=T -mGLOB_extended_instructions=0x80 -mP3OPT_use_mspp_call_convention -mP2OPT_subs_out_of_bound=FALSE -mGLOB_ansi_alias -mIPOPT_ninl_limit=0 -mIPOPT_ninl_user_level=0 -mPGOPTI_value_profile_use=T -mP2OPT_gen_linux_const_pooling=FALSE -mP2OPT_il0_array_sections=TRUE -mGLOB_opt_level=0 -mIPOPT_args_in_regs=0 -mP2OPT_disam_assume_nonstd_intent_in=FALSE -mGLOB_imf_mapping_library=/usr/bin/ifort-15.0-base/bin/intel64/libiml_attr.dylib -mIPOPT_single_file_compile_and_link=TRUE -mP2OPT_hlo_embed_loopinfo -mPGOPTI_gen_threadsafe_level=0 -mIPOPT_obj_output_file_name=conftest.o -mIPOPT_whole_archive_fixup_file_name=/var/folders/nh/5r9dyz516jv8gg5kpmp4t67c0000gn/T/ifortwarchMOogdM -mGLOB_long_size_64 -mGLOB_routine_pointer_size_64 -mGLOB_driver_tempfile_name=/var/folders/nh/5r9dyz516jv8gg5kpmp4t67c0000gn/T/iforttempfileW4n5SQ -mGLOB_os_target=GLOB_OS_TARGET_MACH -mGLOB_async_unwind_tables=TRUE -mGLOB_obj_output_file=conftest.o -mGLOB_source_dialect=GLOB_SOURCE_DIALECT_FORTRAN -mP1OPT_source_file_name=conftest.f -mP2OPT_symtab_type_copy=true conftest.f
#include "..." search starts here:
#include <...> search starts here:
 .
 /usr/bin/ifort-15.0-base/compiler/include/intel64
 /usr/bin/ifort-15.0-base/compiler/include
 /Applications/Xcode.app/Contents/Developer/Toolchains/XcodeDefault.xctoolchain/usr/bin/../lib/clang/6.1.0/include
 /usr/local/include
 /usr/include/
 /usr/include
End of search list.
/Applications/Xcode.app/Contents/Developer/Toolchains/XcodeDefault.xctoolchain/usr/bin/ld    -dynamic -arch x86_64 -weak_reference_mismatches non-weak -macosx_version_min 10.10.4 -no_compact_unwind -o conftest /usr/bin/ifort-15.0-base/compiler/lib/for_main.o -L/usr/bin/ifort-15.0-base/compiler/lib -L/usr/lib conftest.o /usr/bin/ifort-15.0-base/compiler/lib/libifport.a /usr/bin/ifort-15.0-base/compiler/lib/libifcore.a /usr/bin/ifort-15.0-base/compiler/lib/libimf.a /usr/bin/ifort-15.0-base/compiler/lib/libsvml.a /usr/bin/ifort-15.0-base/compiler/lib/libipgo.a -lSystem /usr/bin/ifort-15.0-base/compiler/lib/libirc.a -lpthread /usr/bin/ifort-15.0-base/compiler/lib/libsvml.a /Applications/Xcode.app/Contents/Developer/Toolchains/XcodeDefault.xctoolchain/usr/bin/../lib/clang/6.1.0/lib/darwin/libclang_rt.osx.a
dsymutil    -f conftest
configure:2140: result:  -L/usr/bin/ifort-15.0-base/compiler/lib -L/usr/lib /usr/bin/ifort-15.0-base/compiler/lib/libifport.a /usr/bin/ifort-15.0-base/compiler/lib/libifcore.a /usr/bin/ifort-15.0-base/compiler/lib/libimf.a /usr/bin/ifort-15.0-base/compiler/lib/libsvml.a /usr/bin/ifort-15.0-base/compiler/lib/libipgo.a -lSystem /usr/bin/ifort-15.0-base/compiler/lib/libirc.a -lpthread /Applications/Xcode.app/Contents/Developer/Toolchains/XcodeDefault.xctoolchain/usr/bin/../lib/clang/6.1.0/lib/darwin/libclang_rt.osx.a
configure:2214: checking for ccc
configure:2243: result: no
configure:2214: checking for pgcc
configure:2243: result: no
configure:2214: checking for icc
configure:2230: found /usr/bin/icc
configure:2240: result: icc
configure:2261: checking for C compiler version
configure:2264: icc --version </dev/null >&5
icc (ICC) 15.0.3 20150408
Copyright (C) 1985-2015 Intel Corporation.  All rights reserved.

configure:2267: $? = 0
configure:2269: icc -v </dev/null >&5
icc version 15.0.3 (gcc version 5.1.0 compatibility)
configure:2272: $? = 0
configure:2274: icc -V </dev/null >&5
Intel(R) C Intel(R) 64 Compiler XE for applications running on Intel(R) 64, Version 15.0.3.187 Build 20150408
Copyright (C) 1985-2015 Intel Corporation.  All rights reserved.

configure:2277: $? = 0
configure:2280: checking whether we are using the GNU C compiler
configure:2304: icc -c   conftest.c >&5
configure:2310: $? = 0
configure:2314: test -z 
			 || test ! -s conftest.err
configure:2317: $? = 0
configure:2320: test -s conftest.o
configure:2323: $? = 0
configure:2336: result: yes
configure:2342: checking whether icc accepts -g
configure:2363: icc -c -g  conftest.c >&5
configure:2369: $? = 0
configure:2373: test -z 
			 || test ! -s conftest.err
configure:2376: $? = 0
configure:2379: test -s conftest.o
configure:2382: $? = 0
configure:2393: result: yes
configure:2410: checking for icc option to accept ANSI C
configure:2480: icc  -c -g -O2  conftest.c >&5
configure:2486: $? = 0
configure:2490: test -z 
			 || test ! -s conftest.err
configure:2493: $? = 0
configure:2496: test -s conftest.o
configure:2499: $? = 0
configure:2517: result: none needed
configure:2535: icc -c -g -O2  conftest.c >&5
conftest.c(2): error: identifier "choke" is undefined
    choke me
    ^

conftest.c(3): error: expected a ";"

compilation aborted for conftest.c (code 2)
configure:2541: $? = 2
configure: failed program was:
| #ifndef __cplusplus
|   choke me
| #endif
configure:2690: checking how to run the C preprocessor
configure:2725: icc -E  conftest.c
configure:2731: $? = 0
configure:2763: icc -E  conftest.c
conftest.c(9): error #2379: cannot open source file "ac_nonexistent.h"
  #include <ac_nonexistent.h>
                             ^

configure:2769: $? = 2
configure: failed program was:
| /* confdefs.h.  */
| 
| #define PACKAGE_NAME "opium"
| #define PACKAGE_TARNAME "opium"
| #define PACKAGE_VERSION "ac1.2"
| #define PACKAGE_STRING "opium ac1.2"
| #define PACKAGE_BUGREPORT "ejwalt@wm.edu"
| /* end confdefs.h.  */
| #include <ac_nonexistent.h>
configure:2808: result: icc -E
configure:2832: icc -E  conftest.c
configure:2838: $? = 0
configure:2870: icc -E  conftest.c
conftest.c(9): error #2379: cannot open source file "ac_nonexistent.h"
  #include <ac_nonexistent.h>
                             ^

configure:2876: $? = 2
configure: failed program was:
| /* confdefs.h.  */
| 
| #define PACKAGE_NAME "opium"
| #define PACKAGE_TARNAME "opium"
| #define PACKAGE_VERSION "ac1.2"
| #define PACKAGE_STRING "opium ac1.2"
| #define PACKAGE_BUGREPORT "ejwalt@wm.edu"
| /* end confdefs.h.  */
| #include <ac_nonexistent.h>
configure:2937: checking for cpp
configure:2955: found /usr/local/bin/cpp
configure:2968: result: /usr/local/bin/cpp
configure:2977: checking if /usr/local/bin/cpp needs -traditional
configure:2985: result: no
configure:3000: checking if /usr/local/bin/cpp is broken with unnecessary pragma statements
configure:3025: result: no
configure:3031: checking whether make sets $(MAKE)
configure:3051: result: yes
configure:3101: checking for ranlib
configure:3117: found /usr/bin/ranlib
configure:3128: result: ranlib
configure:3144: checking for ar
configure:3162: found /usr/bin/ar
configure:3175: result: /usr/bin/ar
configure:3194: checking for cos in -lm
configure:3224: icc -o conftest -g -O2   conftest.c -lm   >&5
configure:3230: $? = 0
configure:3234: test -z 
			 || test ! -s conftest.err
configure:3237: $? = 0
configure:3240: test -s conftest
configure:3243: $? = 0
configure:3256: result: yes
configure:3542: checking for fort77
configure:3573: result: huh
configure:4107: checking for ANSI C header files
configure:4132: icc -c -g -O2  conftest.c >&5
configure:4138: $? = 0
configure:4142: test -z 
			 || test ! -s conftest.err
configure:4145: $? = 0
configure:4148: test -s conftest.o
configure:4151: $? = 0
icc: error #10106: Fatal error in /usr/bin/icc-15.0-base/bin/intel64/mcpcom, terminated by broken pipe
configure:4263: result: no
configure:4289: checking stdlib.h usability
configure:4301: icc -c -g -O2  conftest.c >&5
configure:4307: $? = 0
configure:4311: test -z 
			 || test ! -s conftest.err
configure:4314: $? = 0
configure:4317: test -s conftest.o
configure:4320: $? = 0
configure:4330: result: yes
configure:4334: checking stdlib.h presence
configure:4344: icc -E  conftest.c
configure:4350: $? = 0
configure:4370: result: yes
configure:4405: checking for stdlib.h
configure:4412: result: yes
configure:4289: checking string.h usability
configure:4301: icc -c -g -O2  conftest.c >&5
configure:4307: $? = 0
configure:4311: test -z 
			 || test ! -s conftest.err
configure:4314: $? = 0
configure:4317: test -s conftest.o
configure:4320: $? = 0
configure:4330: result: yes
configure:4334: checking string.h presence
configure:4344: icc -E  conftest.c
configure:4350: $? = 0
configure:4370: result: yes
configure:4405: checking for string.h
configure:4412: result: yes
configure:4289: checking unistd.h usability
configure:4301: icc -c -g -O2  conftest.c >&5
configure:4307: $? = 0
configure:4311: test -z 
			 || test ! -s conftest.err
configure:4314: $? = 0
configure:4317: test -s conftest.o
configure:4320: $? = 0
configure:4330: result: yes
configure:4334: checking unistd.h presence
configure:4344: icc -E  conftest.c
configure:4350: $? = 0
configure:4370: result: yes
configure:4405: checking for unistd.h
configure:4412: result: yes
configure:4427: checking for an ANSI C-conforming const
configure:4494: icc -c -g -O2  conftest.c >&5
configure:4500: $? = 0
configure:4504: test -z 
			 || test ! -s conftest.err
configure:4507: $? = 0
configure:4510: test -s conftest.o
configure:4513: $? = 0
configure:4524: result: yes
configure:4670: creating ./config.status

## ---------------------- ##
## Running config.status. ##
## ---------------------- ##

This file was extended by opium config.status ac1.2, which was
generated by GNU Autoconf 2.59.  Invocation command line was

  CONFIG_FILES    = 
  CONFIG_HEADERS  = 
  CONFIG_LINKS    = 
  CONFIG_COMMANDS = 
  $ ./config.status 

on seas1435.wireless-pennnet.upenn.edu

config.status:657: creating makevars

## ---------------- ##
## Cache variables. ##
## ---------------- ##

ac_cv_build=i386-apple-darwin14.4.0
ac_cv_build_alias=i386-apple-darwin14.4.0
ac_cv_c_compiler_gnu=yes
ac_cv_c_const=yes
ac_cv_env_CC_set=
ac_cv_env_CC_value=
ac_cv_env_CFLAGS_set=
ac_cv_env_CFLAGS_value=
ac_cv_env_CPPFLAGS_set=
ac_cv_env_CPPFLAGS_value=
ac_cv_env_CPP_set=
ac_cv_env_CPP_value=
ac_cv_env_F77_set=
ac_cv_env_F77_value=
ac_cv_env_FFLAGS_set=
ac_cv_env_FFLAGS_value=
ac_cv_env_LDFLAGS_set=
ac_cv_env_LDFLAGS_value=
ac_cv_env_build_alias_set=
ac_cv_env_build_alias_value=
ac_cv_env_host_alias_set=
ac_cv_env_host_alias_value=
ac_cv_env_target_alias_set=
ac_cv_env_target_alias_value=
ac_cv_exeext=
ac_cv_f77_compiler_gnu=no
ac_cv_f77_libs=' -L/usr/bin/ifort-15.0-base/compiler/lib -L/usr/lib /usr/bin/ifort-15.0-base/compiler/lib/libifport.a /usr/bin/ifort-15.0-base/compiler/lib/libifcore.a /usr/bin/ifort-15.0-base/compiler/lib/libimf.a /usr/bin/ifort-15.0-base/compiler/lib/libsvml.a /usr/bin/ifort-15.0-base/compiler/lib/libipgo.a -lSystem /usr/bin/ifort-15.0-base/compiler/lib/libirc.a -lpthread /Applications/Xcode.app/Contents/Developer/Toolchains/XcodeDefault.xctoolchain/usr/bin/../lib/clang/6.1.0/lib/darwin/libclang_rt.osx.a'
ac_cv_header_stdc=no
ac_cv_header_stdlib_h=yes
ac_cv_header_string_h=yes
ac_cv_header_unistd_h=yes
ac_cv_host=i386-apple-darwin14.4.0
ac_cv_host_alias=i386-apple-darwin14.4.0
ac_cv_lib_m_cos=yes
ac_cv_objext=o
ac_cv_path_AR=/usr/bin/ar
ac_cv_path_FPP=/usr/local/bin/cpp
ac_cv_path_XFORT77=huh
ac_cv_prog_CPP='icc -E'
ac_cv_prog_ac_ct_CC=icc
ac_cv_prog_ac_ct_F77=ifort
ac_cv_prog_ac_ct_RANLIB=ranlib
ac_cv_prog_cc_g=yes
ac_cv_prog_cc_stdc=
ac_cv_prog_f77_g=yes
ac_cv_prog_f77_v=-v
ac_cv_prog_make_make_set=yes

## ----------------- ##
## Output variables. ##
## ----------------- ##

AR='/usr/bin/ar'
CC='icc'
CFLAGS='-I../include -I../FlexiLib -I../uniPPlib -g -O2 -DCSYS=\"'Darwin 14.4.0 i386'\" -DCHOST=\"seas1435.wireless-pennnet.upenn.edu\" -DCDATE=\"'Sat Aug 29 12:51:02 EDT 2015'\" '
CPP='icc -E'
CPPFLAGS=''
DEFS='-DPACKAGE_NAME=\"opium\" -DPACKAGE_TARNAME=\"opium\" -DPACKAGE_VERSION=\"ac1.2\" -DPACKAGE_STRING=\"opium\ ac1.2\" -DPACKAGE_BUGREPORT=\"ejwalt@wm.edu\" -DHAVE_STDLIB_H=1 -DHAVE_STRING_H=1 -DHAVE_UNISTD_H=1 '
ECHO_C='ECHO_N=''
ECHO_T=''
EGREP=''
EXEEXT=''
F2C_H=''
F77='ifort'
FC='ifort'
FFLAGS='-O3 -save -r8 -fp-model strict'
FLIBS=' -L/usr/bin/ifort-15.0-base/compiler/lib -L/usr/lib /usr/bin/ifort-15.0-base/compiler/lib/libifport.a /usr/bin/ifort-15.0-base/compiler/lib/libifcore.a /usr/bin/ifort-15.0-base/compiler/lib/libimf.a /usr/bin/ifort-15.0-base/compiler/lib/libsvml.a /usr/bin/ifort-15.0-base/compiler/lib/libipgo.a -lSystem /usr/bin/ifort-15.0-base/compiler/lib/libirc.a -lpthread /Applications/Xcode.app/Contents/Developer/Toolchains/XcodeDefault.xctoolchain/usr/bin/../lib/clang/6.1.0/lib/darwin/libclang_rt.osx.a'
FPP='/usr/local/bin/cpp'
FPPFLAGS=''
LD='ifort'
LDFLAGS=' -lm -Vaxlib -L -static-libcxa -nofor_main'
LIBOBJS=''
LIBS=''
LTLIBOBJS=''
NOOPT='-O0'
OBJEXT='o'
PACKAGE_BUGREPORT='ejwalt@wm.edu'
PACKAGE_NAME='opium'
PACKAGE_STRING='opium ac1.2'
PACKAGE_TARNAME='opium'
PACKAGE_VERSION='ac1.2'
PATH_SEPARATOR=':'
RANLIB='ranlib'
SET_MAKE=''
SHELL='/bin/sh'
XFORT77='huh'
XPGF77=''
ac_ct_CC='icc'
ac_ct_F77='ifort'
ac_ct_RANLIB='ranlib'
bindir='${exec_prefix}/bin'
build='i386-apple-darwin14.4.0'
build_alias=''
build_cpu='i386'
build_os='darwin14.4.0'
build_vendor='apple'
datadir='${prefix}/share'
exec_prefix='${prefix}'
host='i386-apple-darwin14.4.0'
host_alias=''
host_cpu='i386'
host_os='darwin14.4.0'
host_vendor='apple'
includedir='${prefix}/include'
infodir='${prefix}/info'
libdir='${exec_prefix}/lib'
libexecdir='${exec_prefix}/libexec'
localstatedir='${prefix}/var'
mandir='${prefix}/man'
oldincludedir='/usr/include'
prefix='/usr/local'
program_transform_name='s,x,x,'
sbindir='${exec_prefix}/sbin'
sharedstatedir='${prefix}/com'
sysconfdir='${prefix}/etc'
target_alias=''

## ----------- ##
## confdefs.h. ##
## ----------- ##

#define HAVE_STDLIB_H 1
#define HAVE_STRING_H 1
#define HAVE_UNISTD_H 1
#define PACKAGE_BUGREPORT "ejwalt@wm.edu"
#define PACKAGE_NAME "opium"
#define PACKAGE_STRING "opium ac1.2"
#define PACKAGE_TARNAME "opium"
#define PACKAGE_VERSION "ac1.2"

configure: exit 0
