
 ++++++++++++++++++++++++++++++++++++++++++++++++++++++++++++++++++++++++
           OPIUM  Version:        3.8                             
           =====================================            
 See http://opium.sourceforge.net for help and information                 
 Copyright 2009 : The OPIUM project                         

 Compile host     : vagvlan567.217.wlan.design.upenn.edu
 Compile OS       : Darwin 14.1.0 i386
 Compile date     : Wed Mar 18 18:57:27 EDT 2015

 Execution host   : vagvlan567.0723.wlan.wireless-pennnet.upenn.edu
 time of execution: Wed Oct 14 15:27:15 2015

 ++++++++++++++++++++++++++++++++++++++++++++++++++++++++++++++++++++++++
 Reading parameter file:  <mg.param> ... 
 File prefix             : mg 
 Element                 : Magnesium  (Mg) 
 Z                       : 12 
 
 Number of all-electron orbitals   : 4 
 Number of pseudo       orbitals   : 2 
 
 Pseudopotential is non-relativistic 
 Using Hartree-Fock Exchange (Beta!!)                
 HF pseudopotential NOT being smoothed! 
 The s potential is used for the KB construction 
 Optimized (RRKJ) pseudopotential method will be used 

 nl    cutoff radii    q-max      # bessel functions
 3s       1.900        7.070              10 
 2p       1.850        7.070              10 

 Reference Configuration: core  <-/-> valence 
 1s2  2s2  <-/-> 3s2  2p6 

 Grid definitions: 
 a_grid=1.00e-04    b_grid=1.30e-02    # points=1140 
 r(1)=4.37e-05      r(np)=1.18e+02    

 dEmax tolerance:  1.00e-08      dVmax tolerance:  1.00e-06     

 Starting calculation...

 ======================================================================== 
 Begin AE calculation
 ======================================================================== 
 Performing non-relativistic AE calculation...  
 Rotation needed            1           2   1.0000000000000001E-005
 Rotation needed            1           3   1.0000000000000001E-005
 Rotation needed            2           3   1.0000000000000001E-005
 method 1  unable to solve equation for electron 3 0
          nc =   2   nj = 521   ed =   1.067456   el =   0.205743   eu =  10.562500
 HF solver failed:  #fails=           1
 Solve for HF wfn failed, orthogonalizing...
 method 1  unable to solve equation for electron 3 0
          nc =   2   nj = 521   ed =   1.067456   el =   0.205743   eu =  10.562500
 HF solver failed:  #fails=           2

 iter       Etot             Eeig             Ehart    de_max   dv_max
   1     -421.0337762     263.1192884     162.7505442 0.78E+00 0.18E+00
   2     -399.3027146     239.6861464     164.4481281 0.11E+00 0.12E-01
   3     -399.2327712     239.5998837     164.4645871 0.16E-02 0.11E-03
   4     -399.2291959     239.5966728     164.4642138 0.73E-04 0.17E-05
   5     -399.2292695     239.5967508     164.4642091 0.45E-06 0.93E-07
   6     -399.2292743     239.5967537     164.4642110 0.82E-07 0.55E-07

 Hartree-Fock converged!
      {100|200}=-3.5D-17
      {100|300}= 1.8D-17
      {200|300}=-5.1D-18

    6 iterations: (units are Ry and bohr)
 Energy:    -399.22927427    Ebs:    -239.59675370
 Eh:         164.46421105    Ex :      -4.83169047

   Orbital    Filling       Eigenvalues    Norm(rc->oo)      Peak
    |100>      2.000         -98.063472
    |200>      2.000          -7.535443
    |300>      2.000          -0.506105      0.874493      2.576308
    |210>      6.000          -4.564452      0.009260      0.481599

 ======================================================================== 
 End AE calculation
 ======================================================================== 

 ======================================================================== 
 Begin PS construction
 ======================================================================== 
 Optimized Pseudopotential Generation ...

 ==================
 zeff=   8.0000000000000000     
 Pseudizing state : |300>
 eigenvalue       : -0.506105
 qc               :  7.070000
 # bessel fxns    : 10
 point nearest rc :  823
 rc               :  1.900000
 actual rc        :  1.910486

 Psi(rc)          :     0.2690851694
 Slope at rc      :    -0.0133782960
 Curvature at rc  :    -0.2372305652
 Del^2 Psi at rc  :    -0.2512356920
 Log Deriv at rc  :    -0.0497177010

 Error in constraints
   1        -0.31813E-12
   2         0.31813E-12
   3        -0.22288E-12
   4         0.22288E-12
   5        -0.45982E-06
   6         0.45982E-06
   7         0.94361E-06
   8         0.94361E-06
   9         0.00000E+00
  10         0.45982E-06
 Bessel wavevectors and final coefficients
   1        0.2767738632        0.2397099834
   2        2.3630353832       -0.1859180611
   3        4.0500419874       -0.0027831038
   4        5.7120727768       -0.0048875971
   5        7.3661623370       -0.0013282697
   6        9.0166979616        0.0002008479
   7       10.6653336760        0.0000421750
   8       12.3128339556       -0.0001703316
   9       13.9596013209        0.0002418837
  10       15.6058680169       -0.0003062599

 Total KE           (Ry) :     0.2351893436
 0  -> qc contribution   :     0.2351884000
 qc -> oo contribution   :     0.0000009436   (=Convergence term)
 Occupancy of this state :     2.0000000000
 Convergence term (Ry/e) :     0.0000009436
 Convergence error (mRy) :     0.0018872162
 Convergence error (meV) :     0.0256770860


 ==================
 zeff=   8.0000000000000000     
 Pseudizing state : |210>
 eigenvalue       : -4.564452
 qc               :  7.070000
 # bessel fxns    : 10
 point nearest rc :  821
 rc               :  1.850000
 actual rc        :  1.861453

 Psi(rc)          :     0.0947293805
 Slope at rc      :    -0.2215453766
 Curvature at rc  :     0.5265873520
 Del^2 Psi at rc  :     0.2338747433
 Log Deriv at rc  :    -2.3387187313

 Error in constraints
   1        -0.14206E-11
   2         0.14206E-11
   3        -0.79997E-11
   4         0.79997E-11
   5        -0.10075E-07
   6         0.10075E-07
   7         0.57826E-04
   8         0.57826E-04
   9         0.00000E+00
  10         0.10075E-07
 Bessel wavevectors and final coefficients
   1        1.9572936834        1.4983408695
   2        3.5504668870        2.1991014414
   3        5.1884863729        0.9238650876
   4        6.8475524708        0.0506035513
   5        8.5169928932        0.0023796838
   6       10.1921330150       -0.0030737876
   7       11.8706985543        0.0027221092
   8       13.5514704537       -0.0024277581
   9       15.2337421238        0.0022714493
  10       16.9170776553       -0.0022013223

 Total KE           (Ry) :     7.7357871889
 0  -> qc contribution   :     7.7357293626
 qc -> oo contribution   :     0.0000578263   (=Convergence term)
 Occupancy of this state :     6.0000000000
 Convergence term (Ry/e) :     0.0000578263
 Convergence error (mRy) :     0.3469578180
 Convergence error (meV) :     4.7206386808


 Running HF solver for raw psp...
 Results of HF psp solve...
 State: 1s  AE eigenvalue =  -0.506105  PS eigenvalue =  -0.506105
 State: 2p  AE eigenvalue =  -4.564452  PS eigenvalue =  -4.564452

 ======================================================================== 
 End PS construction
 ======================================================================== 

 ======================================================================== 
 Begin SL calculation
 ======================================================================== 

 iter       Etot             Eeig             Ehart    de_max   dv_max
   1      -67.7363211      28.3989226      39.4422502 0.74E-08 0.99E-09

 Hartree-Fock converged!

 Converged in 1 iteration (probably reference state)
 Energy:     -67.73632105    Ebs:     -28.39892263
 Eh:          39.44225015    Ex :      -0.10485172

   Orbital    Filling       Eigenvalues    Norm(rc->oo)      Peak
    |100>      2.000          -0.506105      0.874493      2.576308
    |210>      6.000          -4.564452      0.009260      0.779079

 ======================================================================== 
 End SL calculation
 ======================================================================== 
<<<do_tc>>>


 ===============Configuration 1 AE Calc=============== 
 Rotation needed            1           2   1.0000000000000001E-005
 Rotation needed            1           3   1.0000000000000001E-005
 Rotation needed            2           3   1.0000000000000001E-005

 iter       Etot             Eeig             Ehart    de_max   dv_max
   1     -418.2808571     265.5319229     157.5979328 0.66E+00 0.18E+00
 Rotation needed            1           3   2.9167322792994347E-004
 Rotation needed            2           3   2.4062741970550715E-002
   2     -398.7504795     246.0838040     157.4606445 0.88E-01 0.44E-03
 Rotation needed            1           3   4.1784185185668758E-004
 Rotation needed            2           3   5.2289317565996076E-003
   3     -398.7436467     246.0860776     157.4511437 0.13E-02 0.59E-05
 Rotation needed            1           3   4.5671368472578592E-004
 Rotation needed            2           3   5.2459530245941854E-003
   4     -398.7435978     246.0860313     157.4511400 0.13E-05 0.69E-06
 Rotation needed            1           3   4.5292846368641534E-004
 Rotation needed            2           3   5.2097990511586357E-003
   5     -398.7436274     246.0860523     157.4511491 0.25E-06 0.69E-06
 Rotation needed            1           3   4.5292709271951099E-004
 Rotation needed            2           3   5.2097727566260974E-003
   6     -398.7436181     246.0860458     157.4511471 0.69E-07 0.68E-06

 Hartree-Fock converged!
      {100|200}= 1.6D-17
      {100|300}=-4.0D-18
      {200|300}= 2.3D-18

    6 iterations: (units are Ry and bohr)
 Energy:    -398.74361810    Ebs:    -246.08604579
 Eh:         157.45114707    Ex :      -4.79357475

   Orbital    Filling       Eigenvalues    Norm(rc->oo)      Peak
    |100>      2.000         -98.712727
    |200>      2.000          -8.171230
    |300>      1.000          -1.082879      0.827418      2.382993
    |210>      6.000          -5.205876      0.008914      0.481599
!!NOTE!!: All Hartree-Fock tests are done with the semi-local form of the potential 
!!NOTE!!: Use the 'sl' command instead of the 'nl' command to remove this warning...


 ===============Configuration 1 SL: Calc ===============

 iter       Etot             Eeig             Ehart    de_max   dv_max
   1      -67.2529603      32.2504736      35.0747054 0.11E+01 0.24E-03
   2      -67.2504849      32.2482933      35.0744254 0.81E-04 0.78E-06
   3      -67.2504750      32.2482833      35.0744255 0.32E-06 0.24E-06
   4      -67.2504752      32.2482832      35.0744259 0.10E-07 0.16E-06

 Hartree-Fock converged!

    4 iterations: (units are Ry and bohr)
 Energy:     -67.25047522    Ebs:     -32.24828322
 Eh:          35.07442588    Ex :      -0.07223388

   Orbital    Filling       Eigenvalues    Norm(rc->oo)      Peak
    |100>      1.000          -1.081863      0.827627      2.382993
    |210>      6.000          -5.194403      0.008869      0.779079


 ===============Configuration 2 AE Calc=============== 
 Rotation needed            1           2   1.0000000000000001E-005
 Rotation needed            1           3   1.0000000000000001E-005
 Rotation needed            2           3   1.0000000000000001E-005

 iter       Etot             Eeig             Ehart    de_max   dv_max
   1     -399.3239053     250.9277937     153.1412388 0.47E+00 0.15E+00
 Rotation needed            1           3   1.0090480799108698E-004
 Rotation needed            2           3   5.0335352244111680E-003
   2     -398.2044330     249.5856424     153.3708236 0.48E-01 0.24E-03
 Rotation needed            1           3   4.0611647800381725E-005
 Rotation needed            2           3   5.5392555893508195E-004
   3     -398.2022196     249.5841108     153.3701073 0.33E-04 0.12E-05
 Rotation needed            1           3   7.4059092412832815E-005
 Rotation needed            2           3   8.4590335729639587E-004
   4     -398.2024014     249.5842991     153.3700996 0.10E-05 0.64E-06
 Rotation needed            1           3   7.4061841015729465E-005
 Rotation needed            2           3   8.4585821632913907E-004
   5     -398.2024067     249.5843038     153.3701000 0.66E-07 0.11E-06

 Hartree-Fock converged!
      {100|200}=-5.3D-18
      {100|300}= 1.2D-18
      {200|300}= 2.0D-17

    5 iterations: (units are Ry and bohr)
 Energy:    -398.20240668    Ebs:    -249.58430377
 Eh:         153.37009998    Ex :      -4.75199707

   Orbital    Filling       Eigenvalues    Norm(rc->oo)      Peak
    |100>      2.000         -99.125163
    |200>      2.000          -8.568723
    |300>      0.500          -1.081988      0.827995      2.382993
    |210>      6.000          -5.609256      0.008593      0.481599


 ===============Configuration 2 SL: Calc ===============

 iter       Etot             Eeig             Ehart    de_max   dv_max
   1      -66.7130718      34.0543197      32.6944299 0.11E+01 0.31E-03
   2      -66.7097638      34.0507573      32.6946961 0.10E-03 0.12E-05
   3      -66.7097656      34.0507580      32.6946974 0.51E-07 0.11E-05

 Hartree-Fock converged!

    3 iterations: (units are Ry and bohr)
 Energy:     -66.70976559    Ebs:     -34.05075796
 Eh:          32.69469742    Ex :      -0.03568979

   Orbital    Filling       Eigenvalues    Norm(rc->oo)      Peak
    |100>      0.500          -1.080983      0.828093      2.382993
    |210>      6.000          -5.585044      0.008516      0.779079


 ===============Configuration 3 AE Calc=============== 
 Rotation needed            1           2   1.0000000000000001E-005
 Rotation needed            1           3   1.0000000000000001E-005
 Rotation needed            2           3   1.0000000000000001E-005

 iter       Etot             Eeig             Ehart    de_max   dv_max
   1     -398.7113365     254.1516986     149.2696809 0.42E+00 0.51E-01
   2     -397.6620390     253.0810792     149.2921319 0.30E-01 0.63E-04
   3     -397.6616196     253.0806314     149.2921633 0.34E-03 0.48E-06
   4     -397.6616215     253.0806326     149.2921641 0.15E-04 0.19E-06
   5     -397.6616209     253.0806318     149.2921642 0.71E-06 0.49E-07
   6     -397.6616208     253.0806317     149.2921643 0.34E-07 0.99E-08

 Hartree-Fock converged!
      {100|200}=-5.8D-17

    6 iterations: (units are Ry and bohr)
 Energy:    -397.66162082    Ebs:    -253.08063168
 Eh:         149.29216427    Ex :      -4.71117513

   Orbital    Filling       Eigenvalues    Norm(rc->oo)      Peak
    |100>      2.000         -99.537421
    |200>      2.000          -8.965890
    |300>      0.000          -1.081161      0.828511      2.382993
    |210>      6.000          -6.012335      0.008290      0.481599


 ===============Configuration 3 SL: Calc ===============
 Solve for HF wfn failed, orthogonalizing...

 iter       Etot             Eeig             Ehart    de_max   dv_max
   1      -66.1695017      35.8525036      30.3169981 0.11E+01 0.60E-05
   2      -66.1694870      35.8524633      30.3170237 0.12E-02 0.41E-06
   3      -66.1694863      35.8524617      30.3170246 0.11E-06 0.19E-06

 Hartree-Fock converged!

    3 iterations: (units are Ry and bohr)
 Energy:     -66.16948630    Ebs:     -35.85246170
 Eh:          30.31702460    Ex :       0.00000000

   Orbital    Filling       Eigenvalues    Norm(rc->oo)      Peak
    |100>      0.000          -1.080145      0.828540      2.414175
    |210>      6.000          -5.975410      0.008184      0.779079
   ------------------------------------------------
   ================================================

 ======================================================================== 
 Begin KE convergence testing
 ======================================================================== 
 ----------------------------------------------------------------------
                     Kinetic energy convergence
      ==============================|100>==============================
      Ecut(Ry)  KE/electron(Ry)         KE error/electron (mRy,meV)
         1       0.166855858                68.333592     929.726353
         6       0.228131859                 7.057591      96.023469
         9       0.234460263                 0.729187       9.921100
        13       0.235116324                 0.073126       0.994931
      ==============================|210>==============================
      Ecut(Ry)  KE/electron(Ry)         KE error/electron (mRy,meV)
        31       7.664503989                71.282974     969.854758
        38       7.728727747                 7.059215      96.045567
        44       7.735077513                 0.709450       9.652562
        49       7.735715434                 0.071529       0.973197

 ======================================================================== 
 End KE convergence testing
 ======================================================================== 
<<<do_rpt>>>
<<<do_upf>>>
------------- closing opium session ------------
