
 ++++++++++++++++++++++++++++++++++++++++++++++++++++++++++++++++++++++++
           OPIUM  Version:        3.8                             
           =====================================            
 See http://opium.sourceforge.net for help and information                 
 Copyright 2009 : The OPIUM project                         

 Compile host     : vagvlan567.217.wlan.design.upenn.edu
 Compile OS       : Darwin 14.1.0 i386
 Compile date     : Wed Mar 18 18:57:27 EDT 2015

 Execution host   : vagvlan567.0723.wlan.wireless-pennnet.upenn.edu
 time of execution: Wed Oct 14 17:03:19 2015

 ++++++++++++++++++++++++++++++++++++++++++++++++++++++++++++++++++++++++
 Reading parameter file:  <s.param> ... 
 File prefix             : s 
 Element                 : Sulfur     (S) 
 Z                       : 16 
 
 Number of all-electron orbitals   : 7 
 Number of pseudo       orbitals   : 4 
 
 Pseudopotential is non-relativistic 
 Using Hartree-Fock Exchange (Beta!!)                
 HF pseudopotential NOT being smoothed! 
 The s potential is used for the KB construction 
 Optimized (RRKJ) pseudopotential method will be used 

 nl    cutoff radii    q-max      # bessel functions
 3s       1.580        7.070              10 
 3p       1.350        7.070              10 
 3d       2.670        7.070              10 
 4s       1.320        7.070              10 

 Reference Configuration: core  <-/-> valence 
 1s2  2s2  2p6  <-/-> 3s2  3p2  3d0  4s0 

 Grid definitions: 
 a_grid=1.00e-04    b_grid=1.30e-02    # points=1147 
 r(1)=3.97e-05      r(np)=1.17e+02    

 dEmax tolerance:  1.00e-08      dVmax tolerance:  1.00e-06     

 Starting calculation...

 ======================================================================== 
 Begin AE calculation
 ======================================================================== 
 Performing non-relativistic AE calculation...  
 Rotation needed            1           2   1.0000000000000001E-005
 Rotation needed            1           4   1.0000000000000001E-005
 Rotation needed            1           7   1.0000000000000001E-005
 Rotation needed            2           4   1.0000000000000001E-005
 Rotation needed            2           7   1.0000000000000001E-005
 Rotation needed            3           5   1.0000000000000001E-005
 Rotation needed            4           7   1.0000000000000001E-005

 iter       Etot             Eeig             Ehart    de_max   dv_max
   1     -813.2831734     536.2892456     285.5230556 0.84E+00 0.16E+00
 Rotation needed            3           5  -1.6579342308029692E-003
   2     -792.5488469     514.8560979     286.2180401 0.78E-01 0.43E-02
 Rotation needed            3           5   1.1936909872264706E-002
   3     -792.6082531     514.9015133     286.2331535 0.18E-01 0.48E-04
 Rotation needed            3           5   1.1888524286033134E-002
   4     -792.6027488     514.8958761     286.2333104 0.19E-03 0.53E-06
 Rotation needed            3           5   1.1897751997365766E-002
   5     -792.6026172     514.8957637     286.2332909 0.20E-05 0.43E-06
 Rotation needed            3           5   1.1897904691321452E-002
   6     -792.6026325     514.8957761     286.2332940 0.53E-07 0.77E-07

 Hartree-Fock converged!
      {100|200}= 2.8D-17
      {100|300}= 1.3D-17
      {200|300}= 1.6D-17
      {210|310}=-2.0D-17

    6 iterations: (units are Ry and bohr)
 Energy:    -792.60263250    Ebs:    -514.89577608
 Eh:         286.23329396    Ex :      -8.52643753

   Orbital    Filling       Eigenvalues    Norm(rc->oo)      Peak
    |100>      2.000        -185.960524
    |200>      2.000         -19.910832
    |210>      6.000         -15.258870
    |300>      2.000          -3.320055      0.476286      1.373639
    |310>      2.000          -2.479869      0.730916      1.504504
    |320>      0.000          -0.566584      0.648198      2.700571
    |400>      0.000          -0.672233      0.967714      4.147324

 ======================================================================== 
 End AE calculation
 ======================================================================== 

 ======================================================================== 
 Begin PS construction
 ======================================================================== 
 Optimized Pseudopotential Generation ...

 ==================
 zeff=   6.0000000000000000     
 Pseudizing state : |300>
 eigenvalue       : -3.320055
 qc               :  7.070000
 # bessel fxns    : 10
 point nearest rc :  816
 rc               :  1.580000
 actual rc        :  1.584808

 Psi(rc)          :     0.5322684721
 Slope at rc      :    -0.5331785179
 Curvature at rc  :     0.0175981218
 Del^2 Psi at rc  :    -0.6552637673
 Log Deriv at rc  :    -1.0017097496

 Starting KE minimization...
  step #    theta       slope       curv       KEresid    coeffsum
     1    0.002802   -0.688015  122.785309    0.000066    0.111660
     2   -0.000662    0.072397   54.675563    0.000042    0.123454
     3   -0.000213    0.033404   78.274115    0.000038    0.122472
     4   -0.000091    0.009039   49.605888    0.000038    0.121786
    11   -0.000011    0.002695  118.515306    0.000037    0.118318
    21   -0.000038    0.003756   49.707124    0.000029    0.098132
    31   -0.000034    0.006116   89.582046    0.000025    0.076081
    41   -0.000008    0.001681  112.015540    0.000023    0.076415
    51   -0.000017    0.003994  120.360574    0.000022    0.068138
    61   -0.000007    0.001516  111.202296    0.000021    0.068577

 # steps:    65
 Final KE error:    0.0000208534
 Sum of coeffs :    0.0673806880
 ---------------------------------------------------------------
 Coeff:      0.882008 -0.572828 -0.252238  0.013793 -0.007751  0.005075 -0.003827  0.003344 -0.003271  0.003075
 ---------------------------------------------------------------
 Resid KE (Ry)     :        0.0000208534
 Norm error        :     0.444E-15
 Continuity error  :     0.111E-15
 Curvature error   :     0.411E-14
 ---------------------------------------------------------------
 Bessel wavevectors and final coefficients
   1        1.1828066481        0.8820081279
   2        3.0498015746       -0.5728275643
   3        5.0024687940       -0.2522379438
   4        6.9716320123        0.0137930489
   5        8.9465591452       -0.0077507527
   6       10.9241498896        0.0050746817
   7       12.9031861337       -0.0038269825
   8       14.8830934451        0.0033443896
   9       16.8635658911       -0.0032710625
  10       18.8444256878        0.0030747457

 Total KE           (Ry) :     1.0642686219
 0  -> qc contribution   :     1.0642477685
 qc -> oo contribution   :     0.0000208534   (=Convergence term)
 Occupancy of this state :     2.0000000000
 Convergence term (Ry/e) :     0.0000208534
 Convergence error (mRy) :     0.0417067260
 Convergence error (meV) :     0.5674533727


 ==================
 zeff=   6.0000000000000000     
 Pseudizing state : |310>
 eigenvalue       : -2.479869
 qc               :  7.070000
 # bessel fxns    : 10
 point nearest rc :  804
 rc               :  1.350000
 actual rc        :  1.355897

 Psi(rc)          :     0.5870147543
 Slope at rc      :    -0.2780898410
 Curvature at rc  :    -0.8018099402
 Del^2 Psi at rc  :    -1.8505979826
 Log Deriv at rc  :    -0.4737356923

 Starting KE minimization...
  step #    theta       slope       curv       KEresid    coeffsum
     1    0.001730   -0.250149   72.294124    0.000185    1.303930
     2   -0.000795    0.100879   63.444895    0.000145    1.317391
     3   -0.002126    0.071003   16.700514    0.000070    1.339349
     4   -0.001301    0.062368   23.962420    0.000029    1.340884
    11   -0.000053    0.008032   75.773664    0.000013    1.333255

 # steps:    15
 Final KE error:    0.0000071815
 Sum of coeffs :    1.3382449961
 ---------------------------------------------------------------
 Coeff:      1.421701 -0.046778 -0.041244  0.008405 -0.004406  0.001582 -0.000968  0.001199 -0.001406  0.000159
 ---------------------------------------------------------------
 Resid KE (Ry)     :        0.0000071815
 Norm error        :     0.500E-15
 Continuity error  :    -0.333E-15
 Curvature error   :    -0.204E-13
 ---------------------------------------------------------------
 Bessel wavevectors and final coefficients
   1        1.8799346935        1.4217007228
   2        4.4652303772       -0.0467779819
   3        6.8420889444       -0.0412439605
   4        9.1871707975        0.0084052768
   5       11.5206259241       -0.0044059765
   6       13.8484680637        0.0015821629
   7       16.1731591867       -0.0009680434
   8       18.4959010948        0.0011994574
   9       20.8173519824       -0.0014055930
  10       23.1379031307        0.0001589315

 Total KE           (Ry) :     1.7850839293
 0  -> qc contribution   :     1.7850767478
 qc -> oo contribution   :     0.0000071815   (=Convergence term)
 Occupancy of this state :     2.0000000000
 Convergence term (Ry/e) :     0.0000071815
 Convergence error (mRy) :     0.0143629472
 Convergence error (meV) :     0.1954193872


 ==================
 zeff=   6.0000000000000000     
 Pseudizing state : |320>
 eigenvalue       : -0.566584
 qc               :  7.070000
 # bessel fxns    : 10
 point nearest rc :  856
 rc               :  2.670000
 actual rc        :  2.665691

 Psi(rc)          :     0.1918414095
 Slope at rc      :    -0.0708420920
 Curvature at rc  :     0.0123203634
 Del^2 Psi at rc  :    -0.2028153233
 Log Deriv at rc  :    -0.3692742468

 Starting KE minimization...
  step #    theta       slope       curv       KEresid    coeffsum
     1    0.010900   -0.504879   23.159296    0.000573    1.634217
     2   -0.002696    0.174795   32.419149    0.000338    1.652597
     3   -0.003309    0.088006   13.299260    0.000192    1.642835
     4   -0.001601    0.058083   18.142659    0.000146    1.629187

 # steps:     8
 Final KE error:    0.0000098694
 Sum of coeffs :    1.6094472048
 ---------------------------------------------------------------
 Coeff:      0.826092  0.421908  0.205929  0.121090  0.032425  0.000660  0.000099  0.000821  0.001221 -0.000796
 ---------------------------------------------------------------
 Resid KE (Ry)     :        0.0000098694
 Norm error        :    -0.278E-15
 Continuity error  :     0.278E-16
 Curvature error   :     0.808E-14
 ---------------------------------------------------------------
 Bessel wavevectors and final coefficients
   1        1.4493359980        0.8260919808
   2        2.7912953271        0.4219079255
   3        4.0182716579        0.2059287707
   4        5.2216711053        0.1210896105
   5        6.4155247074        0.0324254351
   6        7.6044887166        0.0006596485
   7        8.7905961552        0.0000986684
   8        9.9748846340        0.0008207751
   9       11.1579414890        0.0012205692
  10       12.3401249193       -0.0007961791

 Total KE           (Ry) :     1.2656597128
 0  -> qc contribution   :     1.2656498434
 qc -> oo contribution   :     0.0000098694   (=Convergence term)
 Occupancy of this state :     0.0000000000
 Convergence term (Ry/e) :     0.0000098694
 Convergence error (mRy) :     0.0000000000
 Convergence error (meV) :     0.0000000000


 Running HF solver for raw psp...
 Results of HF psp solve...
 State: 1s  AE eigenvalue =  -3.320055  PS eigenvalue =  -3.320055
 State: 2p  AE eigenvalue =  -2.479869  PS eigenvalue =  -2.479869
 State: 3d  AE eigenvalue =  -0.566584  PS eigenvalue =  -0.566584

 ======================================================================== 
 End PS construction
 ======================================================================== 

 ======================================================================== 
 Begin SL calculation
 ======================================================================== 
 Rotation needed            1           4   1.0000000000000001E-005
  4            117.1509632491-0.721E+01-0.703E+01 0.100E-06  : function truncated in nmrvs
  4            117.1509632491-0.721E+01-0.704E+01 0.100E-06  : function truncated in nmrvs
  4            117.1509632491 0.546E+01 0.571E+01 0.100E-06  : function truncated in nmrvs
  4            117.1509632491 0.545E+01 0.570E+01 0.100E-06  : function truncated in nmrvs
 method 1  unable to solve equation for electron 2 0
          nc =   2   nj = 792   ed =   0.332186   el =   0.000100   eu =  12.026023
 HF solver failed:  #fails=           1
 Solve for HF wfn failed, orthogonalizing...
 method 1  unable to solve equation for electron 2 0
          nc =   2   nj = 792   ed =   0.332186   el =   0.000100   eu =  12.026023
 HF solver failed:  #fails=           2

 iter       Etot             Eeig             Ehart    de_max   dv_max
   1      -17.4381563      11.5998478       6.3351554 0.41E+00 0.96E-06
 method 1  unable to solve equation for electron 2 0
          nc =   1   nj = 805   ed =   0.302435   el =   0.000100   eu =   2.174404
 HF solver failed:  #fails=           3
 Solve for HF wfn failed, orthogonalizing...
 method 1  unable to solve equation for electron 2 0
          nc =   1   nj = 805   ed =   0.302435   el =   0.000100   eu =   2.174404
 HF solver failed:  #fails=           4
   2      -17.4381556      11.5998475       6.3351549 0.63E+00 0.23E-06
   3      -17.4381560      11.5998478       6.3351549 0.15E+00 0.39E-07
   4      -17.4381560      11.5998479       6.3351549 0.70E-01 0.12E-07
   5      -17.4381560      11.5998479       6.3351550 0.57E-03 0.23E-08
   6      -17.4381560      11.5998479       6.3351550 0.19E-04 0.29E-09
   7      -17.4381560      11.5998479       6.3351550 0.91E-06 0.22E-10
   8      -17.4381560      11.5998479       6.3351550 0.48E-07 0.75E-11

 Hartree-Fock converged!

    8 iterations: (units are Ry and bohr)
 Energy:     -17.43815604    Ebs:     -11.59984787
 Eh:           6.33515495    Ex :      -0.49684678

   Orbital    Filling       Eigenvalues    Norm(rc->oo)      Peak
    |100>      2.000          -3.320055      0.476286      1.373639
    |210>      2.000          -2.479869      0.730916      1.504504
    |320>      0.000          -0.566584      0.648198      2.700571
    |200>      0.000          -0.671472      0.967080      4.147324

 ======================================================================== 
 End SL calculation
 ======================================================================== 
<<<do_tc>>>


 ===============Configuration 1 AE Calc=============== 
 Rotation needed            1           2   1.0000000000000001E-005
 Rotation needed            1           4   1.0000000000000001E-005
 Rotation needed            1           7   1.0000000000000001E-005
 Rotation needed            2           4   1.0000000000000001E-005
 Rotation needed            2           7   1.0000000000000001E-005
 Rotation needed            3           5   1.0000000000000001E-005
 Rotation needed            4           7   1.0000000000000001E-005
 method 1  unable to solve equation for electron 3 0
          nc =   2   nj = 534   ed =   1.185536   el =   1.139021   eu =  12.840278
 Rotation needed            3           5  -2.1518802334621369E-003
 HF solver failed:  #fails=           1
 Solve for HF wfn failed, orthogonalizing...
 Rotation needed            3           5   1.6493468073942817E-003
 method 1  unable to solve equation for electron 3 0
          nc =   2   nj = 534   ed =   1.186902   el =   1.138993   eu =  12.840278
 Rotation needed            3           5   1.6491007981438040E-003
 HF solver failed:  #fails=           2
 method 2  unable to solve equation for electron 3 0
          nc =   3   nj = 505   ed =   3.787866   el =   1.138686   eu =  12.840278
 Rotation needed            3           5   1.6493438705476057E-003
 HF solver failed:  #fails=           3
  7            117.1509632491-0.348E-06-0.452E-06 0.100E-06  : function truncated in nmrvs
  7            117.1509632491-0.400E-06-0.519E-06 0.100E-06  : function truncated in nmrvs

 iter       Etot             Eeig             Ehart    de_max   dv_max
   1     -813.3501225     530.2620667     291.3679553 0.54E+01 0.15E+00
 Rotation needed            3           5   1.6491007981425741E-003
  7            117.1509632491-0.154E-06-0.200E-06 0.100E-06  : function truncated in nmrvs
  7            117.1509632491-0.415E-06-0.539E-06 0.100E-06  : function truncated in nmrvs
   2     -799.9345609     508.5778380     300.1268538 0.20E+01 0.18E-01
 Rotation needed            3           5   1.6953567350167995E-002
   3     -794.1676109     502.8317161     300.1167235 0.19E+00 0.52E-03
 Rotation needed            3           5   1.4700077517992086E-002
   4     -794.1716928     502.8338245     300.1186543 0.14E+00 0.21E-04
 Rotation needed            3           5   1.4658150360675212E-002
   5     -794.1711385     502.8332332     300.1187003 0.29E-01 0.12E-05
 Rotation needed            3           5   1.4661687253106860E-002
   6     -794.1711146     502.8332058     300.1187040 0.33E-03 0.15E-06
 Rotation needed            3           5   1.4661712208481781E-002
   7     -794.1711102     502.8332022     300.1187032 0.12E-04 0.61E-07
 Rotation needed            3           5   1.4661718207069283E-002
   8     -794.1711108     502.8332027     300.1187034 0.64E-06 0.12E-06
 Rotation needed            3           5   1.4661718265364177E-002
   9     -794.1711107     502.8332026     300.1187033 0.40E-07 0.19E-08

 Hartree-Fock converged!
      {100|200}=-4.9D-17
      {100|300}=-8.5D-18
      {200|300}= 1.8D-17
      {210|310}= 1.7D-17

    9 iterations: (units are Ry and bohr)
 Energy:    -794.17111069    Ebs:    -502.83320258
 Eh:         300.11870334    Ex :      -8.78079523

   Orbital    Filling       Eigenvalues    Norm(rc->oo)      Peak
    |100>      2.000        -184.901161
    |200>      2.000         -18.884816
    |210>      6.000         -14.237115
    |300>      2.000          -2.495641      0.510336      1.391613
    |310>      3.000          -1.615758      0.768008      1.564339
    |320>      0.000          -0.118445      0.979302      7.944369
    |400>      0.000          -0.251000      0.986112      5.240744
!!NOTE!!: All Hartree-Fock tests are done with the semi-local form of the potential 
!!NOTE!!: Use the 'sl' command instead of the 'nl' command to remove this warning...


 ===============Configuration 1 SL: Calc ===============
 Rotation needed            1           4   1.0000000000000001E-005
  3            117.1509632491 0.857E-01 0.935E-01 0.100E-06  : function truncated in nmrvs
  3            117.1509632491 0.564E-01 0.615E-01 0.100E-06  : function truncated in nmrvs
  4            117.1509632491-0.448E+00-0.488E+00 0.100E-06  : function truncated in nmrvs
  4            117.1509632491-0.431E+00-0.470E+00 0.100E-06  : function truncated in nmrvs
 method 1  unable to solve equation for electron 2 0
          nc =   0   nj = 799   ed =   0.564907   el =   0.000100   eu =   1.129713
 HF solver failed:  #fails=           1
 Solve for HF wfn failed, orthogonalizing...
  4            117.1509632491-0.448E+00-0.488E+00 0.100E-06  : function truncated in nmrvs
  4            117.1509632491-0.431E+00-0.470E+00 0.100E-06  : function truncated in nmrvs
 method 1  unable to solve equation for electron 2 0
          nc =   0   nj = 799   ed =   0.564907   el =   0.000100   eu =   1.129713
 HF solver failed:  #fails=           2
  4            117.1509632491-0.448E+00-0.488E+00 0.100E-06  : function truncated in nmrvs
  4            117.1509632491-0.431E+00-0.470E+00 0.100E-06  : function truncated in nmrvs
  4            117.1509632491-0.143E+00-0.155E+00 0.100E-06  : function truncated in nmrvs

 iter       Etot             Eeig             Ehart    de_max   dv_max
   1      -19.0172886       9.8557553       9.8591077 0.78E+00 0.17E-02
  3            117.1509632491 0.225E+00 0.246E+00 0.100E-06  : function truncated in nmrvs
  3            117.1509632491 0.182E+00 0.199E+00 0.100E-06  : function truncated in nmrvs
   2      -19.0104866       9.8504926       9.8574270 0.27E+00 0.48E-05
  3            117.1509632491 0.169E+00 0.184E+00 0.100E-06  : function truncated in nmrvs
  3            117.1509632491 0.123E+00 0.135E+00 0.100E-06  : function truncated in nmrvs
   3      -19.0104628       9.8504742       9.8574211 0.61E-01 0.95E-06
  3            117.1509632491 0.163E+00 0.177E+00 0.100E-06  : function truncated in nmrvs
  3            117.1509632491 0.117E+00 0.127E+00 0.100E-06  : function truncated in nmrvs
  3            117.1509632491 0.161E+00 0.176E+00 0.100E-06  : function truncated in nmrvs
  3            117.1509632491 0.115E+00 0.126E+00 0.100E-06  : function truncated in nmrvs
   4      -19.0104679       9.8504782       9.8574223 0.29E-01 0.18E-06
  3            117.1509632491 0.161E+00 0.176E+00 0.100E-06  : function truncated in nmrvs
  3            117.1509632491 0.115E+00 0.125E+00 0.100E-06  : function truncated in nmrvs
   5      -19.0104669       9.8504774       9.8574221 0.69E-02 0.35E-07
  3            117.1509632491 0.161E+00 0.176E+00 0.100E-06  : function truncated in nmrvs
  3            117.1509632491 0.115E+00 0.125E+00 0.100E-06  : function truncated in nmrvs
 Solve for HF wfn failed, orthogonalizing...
  3            117.1509632491 0.161E+00 0.176E+00 0.100E-06  : function truncated in nmrvs
  3            117.1509632491 0.115E+00 0.125E+00 0.100E-06  : function truncated in nmrvs
  3            117.1509632491 0.123E+00 0.135E+00 0.100E-06  : function truncated in nmrvs
  3            117.1509632491 0.107E+00 0.117E+00 0.100E-06  : function truncated in nmrvs
  3            117.1509632491 0.679E-01 0.741E-01 0.100E-06  : function truncated in nmrvs
  3            117.1509632491 0.618E-01 0.675E-01 0.100E-06  : function truncated in nmrvs
   6      -19.0104671       9.8504776       9.8574221 0.51E-02 0.67E-08
  3            117.1509632491 0.823E-01 0.898E-01 0.100E-06  : function truncated in nmrvs
  3            117.1509632491 0.484E-01 0.528E-01 0.100E-06  : function truncated in nmrvs
  3            117.1509632491 0.213E-02 0.232E-02 0.100E-06  : function truncated in nmrvs
  3            117.1509632491 0.702E-01 0.766E-01 0.100E-06  : function truncated in nmrvs
  3            117.1509632491 0.407E-01 0.444E-01 0.100E-06  : function truncated in nmrvs
  3            117.1509632491-0.494E-01-0.539E-01 0.100E-06  : function truncated in nmrvs
   7      -19.0104671       9.8504775       9.8574221 0.42E-03 0.13E-08
  3            117.1509632491 0.658E-01 0.769E-01 0.100E-06  : function truncated in nmrvs
  3            117.1509632491 0.972E-02 0.114E-01 0.100E-06  : function truncated in nmrvs
  3            117.1509632491 0.416E+00 0.486E+00 0.100E-06  : function truncated in nmrvs
 method 2  unable to solve equation for electron 3 2
          nc =   1   nj = 829   ed =   0.066425   el =   0.000100   eu =   1.222841
 HF solver failed:  #fails=           3
 Solve for HF wfn failed, orthogonalizing...
 method 2  unable to solve equation for electron 3 2
          nc =   1   nj = 829   ed =   0.066425   el =   0.000100   eu =   1.222841
 HF solver failed:  #fails=           4
   8      -19.0104671       9.8504775       9.8574221 0.78E+00 0.24E-09
 method 2  unable to solve equation for electron 3 2
          nc =   1   nj = 829   ed =   0.066425   el =   0.000100   eu =   1.222841
 HF solver failed:  #fails=           5
 Solve for HF wfn failed, orthogonalizing...
 method 2  unable to solve equation for electron 3 2
          nc =   1   nj = 829   ed =   0.066425   el =   0.000100   eu =   1.222841
 HF solver failed:  #fails=           6
 method 2  unable to solve equation for electron 3 2
          nc =   1   nj = 829   ed =   0.066425   el =   0.000100   eu =   1.222841
 HF solver failed:  #fails=           7
 Solve for HF wfn failed, orthogonalizing...
 method 2  unable to solve equation for electron 3 2
          nc =   1   nj = 829   ed =   0.066425   el =   0.000100   eu =   1.222841
 HF solver failed:  #fails=           8
   9      -19.0104671       9.8504775       9.8574221 0.24E-08 0.46E-10

 Hartree-Fock converged!

    9 iterations: (units are Ry and bohr)
 Energy:     -19.01046707    Ebs:      -9.85047754
 Eh:           9.85742211    Ex :      -0.69743258

   Orbital    Filling       Eigenvalues    Norm(rc->oo)      Peak
    |100>      2.000          -2.499348      0.509570      1.391613
    |210>      3.000          -1.617260      0.767681      1.564339
    |320>      0.000          -0.222841      0.863180      4.483766
    |200>      0.000          -0.250103      0.985980      5.240744


 ===============Configuration 2 AE Calc=============== 
 Rotation needed            1           2   1.0000000000000001E-005
 Rotation needed            1           4   1.0000000000000001E-005
 Rotation needed            1           7   1.0000000000000001E-005
 Rotation needed            2           4   1.0000000000000001E-005
 Rotation needed            2           7   1.0000000000000001E-005
 Rotation needed            3           5   1.0000000000000001E-005
 Rotation needed            4           7   1.0000000000000001E-005

 iter       Etot             Eeig             Ehart    de_max   dv_max
   1     -813.4944983     532.4860981     289.5537424 0.44E+01 0.18E+00
 Rotation needed            3           5  -1.6659265805229926E-003
   2     -793.5477224     511.3140483     290.7967371 0.10E+00 0.72E-02
 Rotation needed            3           5   1.0424136816476822E-002
   3     -792.8909972     510.6540752     290.8013450 0.75E-02 0.16E-03
 Rotation needed            3           5   1.1466145096552928E-002
   4     -792.8876790     510.6499153     290.8022273 0.43E-03 0.61E-05
 Rotation needed            3           5   1.1485621691981703E-002
   5     -792.8874778     510.6498575     290.8020765 0.22E-04 0.62E-06
 Rotation needed            3           5   1.1485602796272178E-002
   6     -792.8876289     510.6499875     290.8020982 0.10E-05 0.48E-06
 Rotation needed            3           5   1.1485363964375569E-002
   7     -792.8876121     510.6499730     290.8020958 0.68E-07 0.16E-05

 Hartree-Fock converged!
      {100|200}=-7.1D-17
      {100|300}=-2.7D-17
      {200|300}=-2.3D-17
      {210|310}= 5.6D-17

    7 iterations: (units are Ry and bohr)
 Energy:    -792.88761208    Ebs:    -510.64997303
 Eh:         290.80209577    Ex :      -8.56445673

   Orbital    Filling       Eigenvalues    Norm(rc->oo)      Peak
    |100>      2.000        -185.638414
    |200>      2.000         -19.580671
    |210>      6.000         -14.929961
    |300>      2.000          -3.002337      0.482301      1.373639
    |310>      2.000          -2.170294      0.737837      1.504504
    |320>      0.500          -0.573551      0.636424      2.631261
    |400>      0.000          -0.470134      0.974306      4.368691


 ===============Configuration 2 SL: Calc ===============
 Rotation needed            1           4   1.0000000000000001E-005
  4            117.1509632491-0.210E+01-0.217E+01 0.100E-06  : function truncated in nmrvs
  4            117.1509632491-0.208E+01-0.215E+01 0.100E-06  : function truncated in nmrvs

 iter       Etot             Eeig             Ehart    de_max   dv_max
   1      -17.7227618      10.6333789       7.6310397 0.16E+00 0.16E-03
 method 1  unable to solve equation for electron 2 0
          nc =   0   nj = 804   ed =   0.337042   el =   0.000100   eu =   1.956766
 HF solver failed:  #fails=           1
 Solve for HF wfn failed, orthogonalizing...
 method 1  unable to solve equation for electron 2 0
          nc =   0   nj = 804   ed =   0.337042   el =   0.000100   eu =   1.956766
 HF solver failed:  #fails=           2
 method 2  unable to solve equation for electron 2 0
          nc =   0   nj = 801   ed =   0.337042   el =   0.000100   eu =   1.956766
 HF solver failed:  #fails=           3
 method 1  unable to solve equation for electron 2 0
          nc =   0   nj = 804   ed =   0.337042   el =   0.000100   eu =   1.956766
 HF solver failed:  #fails=           4
 Solve for HF wfn failed, orthogonalizing...
 method 1  unable to solve equation for electron 2 0
          nc =   0   nj = 804   ed =   0.337042   el =   0.000100   eu =   1.956766
 HF solver failed:  #fails=           5
 method 2  unable to solve equation for electron 2 0
          nc =   0   nj = 801   ed =   0.337042   el =   0.000100   eu =   1.956766
 HF solver failed:  #fails=           6
   2      -17.7229349      10.6338807       7.6306778 0.26E-03 0.19E-05
 method 1  unable to solve equation for electron 2 0
          nc =   0   nj = 804   ed =   0.337050   el =   0.000100   eu =   1.956757
 HF solver failed:  #fails=           7
 Solve for HF wfn failed, orthogonalizing...
 method 1  unable to solve equation for electron 2 0
          nc =   0   nj = 804   ed =   0.337050   el =   0.000100   eu =   1.956757
 HF solver failed:  #fails=           8
 method 2  unable to solve equation for electron 2 0
          nc =   0   nj = 801   ed =   0.337050   el =   0.000100   eu =   1.956757
 HF solver failed:  #fails=           9
 method 1  unable to solve equation for electron 2 0
          nc =   0   nj = 804   ed =   0.337050   el =   0.000100   eu =   1.956757
 HF solver failed:  #fails=          10
 Solve for HF wfn failed, orthogonalizing...
 method 1  unable to solve equation for electron 2 0
          nc =   0   nj = 804   ed =   0.337050   el =   0.000100   eu =   1.956757
 HF solver failed:  #fails=          11
 method 2  unable to solve equation for electron 2 0
          nc =   0   nj = 801   ed =   0.337050   el =   0.000100   eu =   1.956757
 HF solver failed:  #fails=          12
   3      -17.7231057      10.6340406       7.6306887 0.28E-04 0.92E-06
 method 1  unable to solve equation for electron 2 0
          nc =   0   nj = 804   ed =   0.337050   el =   0.000100   eu =   1.956757
 HF solver failed:  #fails=          13
 Solve for HF wfn failed, orthogonalizing...
 method 1  unable to solve equation for electron 2 0
          nc =   0   nj = 804   ed =   0.337050   el =   0.000100   eu =   1.956757
 HF solver failed:  #fails=          14
 method 2  unable to solve equation for electron 2 0
          nc =   0   nj = 801   ed =   0.337050   el =   0.000100   eu =   1.956757
 HF solver failed:  #fails=          15
 method 1  unable to solve equation for electron 2 0
          nc =   0   nj = 804   ed =   0.337050   el =   0.000100   eu =   1.956757
 HF solver failed:  #fails=          16
 Solve for HF wfn failed, orthogonalizing...
 method 1  unable to solve equation for electron 2 0
          nc =   0   nj = 804   ed =   0.337050   el =   0.000100   eu =   1.956757
 HF solver failed:  #fails=          17
 method 2  unable to solve equation for electron 2 0
          nc =   0   nj = 801   ed =   0.337050   el =   0.000100   eu =   1.956757
 HF solver failed:  #fails=          18
   4      -17.7231070      10.6340420       7.6306885 0.31E-06 0.19E-06
 method 1  unable to solve equation for electron 2 0
          nc =   0   nj = 804   ed =   0.337050   el =   0.000100   eu =   1.956757
 HF solver failed:  #fails=          19
 Solve for HF wfn failed, orthogonalizing...
 method 1  unable to solve equation for electron 2 0
          nc =   0   nj = 804   ed =   0.337050   el =   0.000100   eu =   1.956757
 HF solver failed:  #fails=          20
 method 2  unable to solve equation for electron 2 0
          nc =   0   nj = 801   ed =   0.337050   el =   0.000100   eu =   1.956757
 HF solver failed:  #fails=          21
 method 1  unable to solve equation for electron 2 0
          nc =   0   nj = 804   ed =   0.337050   el =   0.000100   eu =   1.956757
 HF solver failed:  #fails=          22
 Solve for HF wfn failed, orthogonalizing...
 method 1  unable to solve equation for electron 2 0
          nc =   0   nj = 804   ed =   0.337050   el =   0.000100   eu =   1.956757
 HF solver failed:  #fails=          23
 method 2  unable to solve equation for electron 2 0
          nc =   0   nj = 801   ed =   0.337050   el =   0.000100   eu =   1.956757
 HF solver failed:  #fails=          24
   5      -17.7231072      10.6340423       7.6306885 0.36E-07 0.42E-07

 Hartree-Fock converged!

    5 iterations: (units are Ry and bohr)
 Energy:     -17.72310721    Ebs:     -10.63404225
 Eh:           7.63068848    Ex :      -0.54162352

   Orbital    Filling       Eigenvalues    Norm(rc->oo)      Peak
    |100>      2.000          -3.002765      0.482292      1.373639
    |210>      2.000          -2.170903      0.737836      1.504504
    |320>      0.500          -0.573415      0.636806      2.631261
    |200>      0.000          -0.529251      0.744401     22.770444


 ===============Configuration 3 AE Calc=============== 
 Rotation needed            1           2   1.0000000000000001E-005
 Rotation needed            1           4   1.0000000000000001E-005
 Rotation needed            1           7   1.0000000000000001E-005
 Rotation needed            2           4   1.0000000000000001E-005
 Rotation needed            2           7   1.0000000000000001E-005
 Rotation needed            3           5   1.0000000000000001E-005
 Rotation needed            4           7   1.0000000000000001E-005
  6            117.1509632491 0.452E-06 0.603E-06 0.100E-06  : function truncated in nmrvs
  6            117.1509632491 0.440E-06 0.587E-06 0.100E-06  : function truncated in nmrvs
  7            117.1509632491-0.122E-04-0.148E-04 0.100E-06  : function truncated in nmrvs
  7            117.1509632491-0.326E-05-0.395E-05 0.100E-06  : function truncated in nmrvs
 method 1  unable to solve equation for electron 4 0
          nc =   2   nj = 505   ed =   0.236732   el =   0.031605   eu =   0.441859
 Rotation needed            3           5  -1.9773699012769698E-003
 HF solver failed:  #fails=           1
 Solve for HF wfn failed, orthogonalizing...
 Rotation needed            3           5   2.1857272774286198E-002
  7            117.1509632491-0.126E-04-0.152E-04 0.100E-06  : function truncated in nmrvs
  7            117.1509632491-0.365E-05-0.442E-05 0.100E-06  : function truncated in nmrvs

 iter       Etot             Eeig             Ehart    de_max   dv_max
   1     -816.1857218     524.2429714     300.7172886 0.42E+01 0.17E+00
 Rotation needed            3           5   2.1655177344234371E-002
  6            117.1509632491 0.132E-06 0.175E-06 0.100E-06  : function truncated in nmrvs
 Solve for HF wfn failed, orthogonalizing...
 Rotation needed            3           5   1.1029562735376407E-002
  6            117.1509632491 0.131E-06 0.175E-06 0.100E-06  : function truncated in nmrvs
   2     -795.3509551     501.4135360     302.7579955 0.89E+00 0.94E-02
 Rotation needed            3           5   1.3429361209092813E-002
  6            117.1509632491-0.160E-06-0.215E-06 0.100E-06  : function truncated in nmrvs
   3     -794.2699880     500.4199891     302.6668479 0.36E+00 0.14E-03
 Rotation needed            3           5   1.3267880845713620E-002
 Solve for HF wfn failed, orthogonalizing...
 Rotation needed            3           5   1.3183725699237961E-002
   4     -794.3152399     500.4633066     302.6689236 0.80E-02 0.18E-04
 Rotation needed            3           5   1.3183634841385190E-002
   5     -794.3158001     500.4639247     302.6688596 0.80E-02 0.77E-06
 Rotation needed            3           5   1.3183599895155678E-002
   6     -794.3158019     500.4639333     302.6688522 0.76E-02 0.21E-06
 Rotation needed            3           5   1.3183492325460752E-002
   7     -794.3158079     500.4639389     302.6688527 0.84E-02 0.24E-07
 Rotation needed            3           5   1.3183489967654788E-002
   8     -794.3158072     500.4639384     302.6688524 0.32E-02 0.56E-08
 Rotation needed            3           5   1.3183490723113429E-002
   9     -794.3158075     500.4639387     302.6688525 0.65E-03 0.17E-08
 Rotation needed            3           5   1.3183490561717580E-002
  10     -794.3158075     500.4639386     302.6688525 0.91E-04 0.19E-08
 Rotation needed            3           5   1.3183490606395848E-002
  11     -794.3158075     500.4639386     302.6688525 0.10E-04 0.19E-08
 Rotation needed            3           5   1.3183490596611067E-002
  12     -794.3158075     500.4639386     302.6688525 0.99E-06 0.19E-08
 Rotation needed            3           5   1.3183490598872668E-002
  13     -794.3158075     500.4639386     302.6688525 0.85E-07 0.19E-08

 Hartree-Fock converged!
      {100|200}=-6.1D-17
      {100|300}= 3.2D-17
      {200|300}= 6.5D-17
      {210|310}= 9.2D-17

   13 iterations: (units are Ry and bohr)
 Energy:    -794.31580746    Ebs:    -500.46393863
 Eh:         302.66885248    Ex :      -8.81698364

   Orbital    Filling       Eigenvalues    Norm(rc->oo)      Peak
    |100>      2.000        -184.723860
    |200>      2.000         -18.710110
    |210>      6.000         -14.063238
    |300>      2.000          -2.347126      0.516233      1.409822
    |310>      3.200          -1.413224      0.777147      1.564339
    |320>      0.000          -0.073336      0.994997     10.574690
    |400>      0.000          -0.181989      0.989549      5.665887


 ===============Configuration 3 SL: Calc ===============
 Rotation needed            1           4   1.0000000000000001E-005
  3            117.1509632491-0.144E+00-0.160E+00 0.100E-06  : function truncated in nmrvs
  3            117.1509632491-0.879E-01-0.977E-01 0.100E-06  : function truncated in nmrvs
  4            117.1509632491-0.456E+00-0.506E+00 0.100E-06  : function truncated in nmrvs
  4            117.1509632491-0.471E+00-0.522E+00 0.100E-06  : function truncated in nmrvs
 method 1  unable to solve equation for electron 2 0
          nc =   0   nj = 799   ed =   0.492073   el =   0.000100   eu =   0.984046
 HF solver failed:  #fails=           1
 Solve for HF wfn failed, orthogonalizing...
  4            117.1509632491-0.456E+00-0.506E+00 0.100E-06  : function truncated in nmrvs
  4            117.1509632491-0.471E+00-0.522E+00 0.100E-06  : function truncated in nmrvs
 method 1  unable to solve equation for electron 2 0
          nc =   0   nj = 799   ed =   0.492073   el =   0.000100   eu =   0.984046
 HF solver failed:  #fails=           2
  4            117.1509632491-0.456E+00-0.506E+00 0.100E-06  : function truncated in nmrvs
  4            117.1509632491-0.471E+00-0.522E+00 0.100E-06  : function truncated in nmrvs
  4            117.1509632491 0.178E+00 0.198E+00 0.100E-06  : function truncated in nmrvs
 method 1  unable to solve equation for electron 2 0
          nc =   0   nj = 796   ed =   0.080307   el =   0.000100   eu =   0.160514
 HF solver failed:  #fails=           3
 Solve for HF wfn failed, orthogonalizing...
 method 1  unable to solve equation for electron 2 0
          nc =   0   nj = 796   ed =   0.080307   el =   0.000100   eu =   0.160514
 HF solver failed:  #fails=           4

 iter       Etot             Eeig             Ehart    de_max   dv_max
   1      -19.1431321       9.2174743      10.6560185 0.73E+00 0.35E-02
  3            117.1509632491-0.385E+00-0.428E+00 0.100E-06  : function truncated in nmrvs
  3            117.1509632491-0.303E+00-0.337E+00 0.100E-06  : function truncated in nmrvs
   2      -19.1562656       9.2299128      10.6567568 0.19E+00 0.94E-06
  3            117.1509632491-0.295E+00-0.328E+00 0.100E-06  : function truncated in nmrvs
  3            117.1509632491-0.209E+00-0.233E+00 0.100E-06  : function truncated in nmrvs
  3            117.1509632491-0.283E+00-0.315E+00 0.100E-06  : function truncated in nmrvs
  3            117.1509632491-0.196E+00-0.218E+00 0.100E-06  : function truncated in nmrvs
   3      -19.1562632       9.2299110      10.6567561 0.61E-01 0.14E-06
  3            117.1509632491-0.281E+00-0.312E+00 0.100E-06  : function truncated in nmrvs
  3            117.1509632491-0.194E+00-0.215E+00 0.100E-06  : function truncated in nmrvs
  3            117.1509632491-0.280E+00-0.312E+00 0.100E-06  : function truncated in nmrvs
  3            117.1509632491-0.193E+00-0.215E+00 0.100E-06  : function truncated in nmrvs
   4      -19.1562639       9.2299115      10.6567563 0.14E-01 0.24E-07
  3            117.1509632491-0.280E+00-0.312E+00 0.100E-06  : function truncated in nmrvs
  3            117.1509632491-0.193E+00-0.215E+00 0.100E-06  : function truncated in nmrvs
 Solve for HF wfn failed, orthogonalizing...
  3            117.1509632491-0.280E+00-0.312E+00 0.100E-06  : function truncated in nmrvs
  3            117.1509632491-0.193E+00-0.215E+00 0.100E-06  : function truncated in nmrvs
  3            117.1509632491-0.289E+00-0.321E+00 0.100E-06  : function truncated in nmrvs
  3            117.1509632491-0.192E+00-0.214E+00 0.100E-06  : function truncated in nmrvs
  3            117.1509632491-0.116E+00-0.129E+00 0.100E-06  : function truncated in nmrvs
  3            117.1509632491-0.239E+00-0.266E+00 0.100E-06  : function truncated in nmrvs
   5      -19.1562638       9.2299114      10.6567563 0.51E-02 0.50E-08
  3            117.1509632491-0.144E+00-0.161E+00 0.100E-06  : function truncated in nmrvs
  3            117.1509632491-0.788E-01-0.876E-01 0.100E-06  : function truncated in nmrvs
  3            117.1509632491-0.181E+00-0.201E+00 0.100E-06  : function truncated in nmrvs
  3            117.1509632491-0.121E+00-0.134E+00 0.100E-06  : function truncated in nmrvs
  3            117.1509632491-0.635E-01-0.706E-01 0.100E-06  : function truncated in nmrvs
  3            117.1509632491-0.120E+00-0.134E+00 0.100E-06  : function truncated in nmrvs
   6      -19.1562638       9.2299114      10.6567563 0.42E-03 0.10E-08
  3            117.1509632491-0.104E+00-0.115E+00 0.100E-06  : function truncated in nmrvs
  3            117.1509632491-0.535E-01-0.595E-01 0.100E-06  : function truncated in nmrvs
  3            117.1509632491-0.639E-01-0.710E-01 0.100E-06  : function truncated in nmrvs
  3            117.1509632491-0.902E-01-0.100E+00 0.100E-06  : function truncated in nmrvs
  3            117.1509632491-0.460E-01-0.511E-01 0.100E-06  : function truncated in nmrvs
  3            117.1509632491-0.115E-01-0.128E-01 0.100E-06  : function truncated in nmrvs
   7      -19.1562638       9.2299114      10.6567563 0.11E-03 0.22E-09
  3            117.1509632491-0.796E-01-0.885E-01 0.100E-06  : function truncated in nmrvs
  3            117.1509632491-0.402E-01-0.447E-01 0.100E-06  : function truncated in nmrvs
  3            117.1509632491 0.354E-01 0.393E-01 0.100E-06  : function truncated in nmrvs
  3            117.1509632491-0.709E-01-0.789E-01 0.100E-06  : function truncated in nmrvs
  3            117.1509632491-0.355E-01-0.395E-01 0.100E-06  : function truncated in nmrvs
  3            117.1509632491 0.769E-01 0.855E-01 0.100E-06  : function truncated in nmrvs
   8      -19.1562638       9.2299114      10.6567563 0.26E-04 0.50E-10
  3            117.1509632491 0.549E-01 0.623E-01 0.100E-06  : function truncated in nmrvs
  3            117.1509632491 0.155E-01 0.175E-01 0.100E-06  : function truncated in nmrvs
  3            117.1509632491 0.430E+00 0.488E+00 0.100E-06  : function truncated in nmrvs
 method 2  unable to solve equation for electron 3 2
          nc =   1   nj = 802   ed =   0.080349   el =   0.000100   eu =   1.072029
 HF solver failed:  #fails=           5
 Solve for HF wfn failed, orthogonalizing...
 method 2  unable to solve equation for electron 3 2
          nc =   1   nj = 802   ed =   0.080349   el =   0.000100   eu =   1.072029
 HF solver failed:  #fails=           6
   9      -19.1562638       9.2299114      10.6567563 0.93E+00 0.11E-10
 method 2  unable to solve equation for electron 3 2
          nc =   1   nj = 802   ed =   0.080349   el =   0.000100   eu =   1.072029
 HF solver failed:  #fails=           7
 Solve for HF wfn failed, orthogonalizing...
 method 2  unable to solve equation for electron 3 2
          nc =   1   nj = 802   ed =   0.080349   el =   0.000100   eu =   1.072029
 HF solver failed:  #fails=           8
 method 2  unable to solve equation for electron 3 2
          nc =   1   nj = 802   ed =   0.080349   el =   0.000100   eu =   1.072029
 HF solver failed:  #fails=           9
 Solve for HF wfn failed, orthogonalizing...
 method 2  unable to solve equation for electron 3 2
          nc =   1   nj = 802   ed =   0.080349   el =   0.000100   eu =   1.072029
 HF solver failed:  #fails=          10
  10      -19.1562638       9.2299114      10.6567563 0.88E-07 0.75E-11

 Hartree-Fock converged!

   10 iterations: (units are Ry and bohr)
 Energy:     -19.15626382    Ebs:      -9.22991141
 Eh:          10.65675626    Ex :      -0.73040385

   Orbital    Filling       Eigenvalues    Norm(rc->oo)      Peak
    |100>      2.000          -2.351028      0.515391      1.409822
    |210>      3.200          -1.414955      0.776713      1.564339
    |320>      0.000          -0.072029      0.974927     10.438108
    |200>      0.000          -0.181093      0.989465      5.665887


 ===============Configuration 4 AE Calc=============== 
 Rotation needed            1           2   1.0000000000000001E-005
 Rotation needed            1           4   1.0000000000000001E-005
 Rotation needed            1           7   1.0000000000000001E-005
 Rotation needed            2           4   1.0000000000000001E-005
 Rotation needed            2           7   1.0000000000000001E-005
 Rotation needed            3           5   1.0000000000000001E-005
 Rotation needed            4           7   1.0000000000000001E-005
 method 1  unable to solve equation for electron 3 0
          nc =   2   nj = 524   ed =   2.055817   el =   1.019512   eu =  12.840278
 Rotation needed            3           5  -9.7859536708712444E-004
 HF solver failed:  #fails=           1
 Solve for HF wfn failed, orthogonalizing...
 Rotation needed            3           5   5.7617224240819130E-004
 method 1  unable to solve equation for electron 3 0
          nc =   2   nj = 525   ed =   2.038570   el =   1.020292   eu =  12.840278
 Rotation needed            3           5   5.7524338308646784E-004
 HF solver failed:  #fails=           2
 method 2  unable to solve equation for electron 3 0
          nc =   3   nj = 505   ed =   1.996348   el =   1.021368   eu =  12.840278
 Rotation needed            3           5   5.7541874638097749E-004
 HF solver failed:  #fails=           3
  7            117.1509632491-0.591E-05-0.738E-05 0.100E-06  : function truncated in nmrvs
  7            117.1509632491-0.530E-05-0.662E-05 0.100E-06  : function truncated in nmrvs

 iter       Etot             Eeig             Ehart    de_max   dv_max
   1     -810.0378009     530.8960897     287.3020448 0.46E+01 0.15E+00
 Rotation needed            3           5   5.7524337984030029E-004
 method 1  unable to solve equation for electron 3 0
          nc =   4   nj = 502   ed =   1.323303   el =   0.369009   eu =  12.840278
 Rotation needed            3           5   5.8100558329448786E-003
 HF solver failed:  #fails=           4
 Solve for HF wfn failed, orthogonalizing...
 Rotation needed            3           5   5.6817097852010128E-003
 method 1  unable to solve equation for electron 3 0
          nc =   4   nj = 502   ed =   1.323798   el =   0.369147   eu =  12.840278
 Rotation needed            3           5   5.6817022719255978E-003
 HF solver failed:  #fails=           5
   2     -799.9220602     510.6249121     297.8006064 0.24E+01 0.19E-01
 Rotation needed            3           5   5.6817023056247055E-003
 method 1  unable to solve equation for electron 4 0
          nc =   3   nj = 507   ed =   0.168887   el =   0.105074   eu =   2.404688
 Rotation needed            3           5   5.4871100657499158E-003
 HF solver failed:  #fails=           6
 Solve for HF wfn failed, orthogonalizing...
 Rotation needed            3           5   5.0435254311387888E-003
 method 1  unable to solve equation for electron 4 0
          nc =   3   nj = 507   ed =   0.168955   el =   0.105053   eu =   2.404603
 Rotation needed            3           5   5.0433985108037614E-003
 HF solver failed:  #fails=           7
 method 2  unable to solve equation for electron 4 0
          nc =   3   nj = 507   ed =   0.168955   el =   0.105053   eu =   2.404603
 Rotation needed            3           5   5.0433985107431311E-003
 HF solver failed:  #fails=           8
 method 1  unable to solve equation for electron 4 0
          nc =   3   nj = 507   ed =   0.168955   el =   0.105053   eu =   2.404603
 Rotation needed            3           5   5.0433985107431484E-003
 HF solver failed:  #fails=           9
 Solve for HF wfn failed, orthogonalizing...
 Rotation needed            3           5   5.0433985107431389E-003
 method 1  unable to solve equation for electron 4 0
          nc =   3   nj = 507   ed =   0.168955   el =   0.105053   eu =   2.404603
 Rotation needed            3           5   5.0433985107431302E-003
 HF solver failed:  #fails=          10
 method 2  unable to solve equation for electron 4 0
          nc =   3   nj = 507   ed =   0.168955   el =   0.105053   eu =   2.404603
 Rotation needed            3           5   5.0433985107431354E-003
 HF solver failed:  #fails=          11
   3     -787.6033633     503.2737260     292.7147650 0.39E+00 0.88E-02
 Rotation needed            3           5   5.0433985107431597E-003
   4     -793.1130673     507.9003147     293.6357945 0.24E+00 0.22E-02
 Rotation needed            3           5   5.2039083996638005E-003
   5     -792.2684851     507.1282955     293.5621119 0.96E-01 0.41E-03
 Rotation needed            3           5   5.8421404341783478E-003
   6     -792.2765343     507.1420124     293.5562568 0.43E-01 0.16E-04
 Rotation needed            3           5   5.8396304260311125E-003
   7     -792.2774801     507.1425515     293.5566815 0.21E-03 0.15E-05
 Rotation needed            3           5   5.8392039926773035E-003
   8     -792.2770964     507.1421991     293.5566494 0.15E-04 0.67E-06
 Rotation needed            3           5   5.8396035012178412E-003
   9     -792.2771150     507.1422134     293.5566538 0.93E-06 0.11E-06
 Rotation needed            3           5   5.8395978799346757E-003
  10     -792.2771122     507.1422112     293.5566533 0.46E-07 0.19E-07

 Hartree-Fock converged!
      {100|200}= 4.3D-17
      {100|300}= 1.8D-18
      {200|300}= 1.9D-17
      {210|310}=-8.9D-17

   10 iterations: (units are Ry and bohr)
 Energy:    -792.27711222    Ebs:    -507.14221119
 Eh:         293.55665329    Ex :      -8.42175225

   Orbital    Filling       Eigenvalues    Norm(rc->oo)      Peak
    |100>      2.000        -185.529530
    |200>      2.000         -19.404667
    |210>      6.000         -14.755594
    |300>      2.000          -2.696562      0.477302      1.373639
    |310>      1.200          -1.840081      0.738455      1.504504
    |320>      1.910          -0.596352      0.545067      2.280657
    |400>      0.000          -0.252673      0.981320      4.723091


 ===============Configuration 4 SL: Calc ===============
 Rotation needed            1           4   1.0000000000000001E-005
  4            117.1509632491-0.191E+01-0.211E+01 0.100E-06  : function truncated in nmrvs
  4            117.1509632491-0.191E+01-0.210E+01 0.100E-06  : function truncated in nmrvs
  4            117.1509632491-0.109E+01-0.123E+01 0.100E-06  : function truncated in nmrvs
  4            117.1509632491-0.111E+01-0.124E+01 0.100E-06  : function truncated in nmrvs
 method 1  unable to solve equation for electron 2 0
          nc =   1   nj = 789   ed =   0.214707   el =   0.004296   eu =   1.672233
 HF solver failed:  #fails=           1
 Solve for HF wfn failed, orthogonalizing...
  4            117.1509632491-0.191E+01-0.211E+01 0.100E-06  : function truncated in nmrvs
  4            117.1509632491-0.191E+01-0.210E+01 0.100E-06  : function truncated in nmrvs
  4            117.1509632491-0.109E+01-0.123E+01 0.100E-06  : function truncated in nmrvs
  4            117.1509632491-0.111E+01-0.124E+01 0.100E-06  : function truncated in nmrvs
 method 1  unable to solve equation for electron 2 0
          nc =   1   nj = 789   ed =   0.214707   el =   0.004296   eu =   1.672233
 HF solver failed:  #fails=           2
  4            117.1509632491-0.191E+01-0.211E+01 0.100E-06  : function truncated in nmrvs
  4            117.1509632491-0.191E+01-0.210E+01 0.100E-06  : function truncated in nmrvs
  4            117.1509632491 0.416E-01 0.458E-01 0.100E-06  : function truncated in nmrvs

 iter       Etot             Eeig             Ehart    de_max   dv_max
   1      -17.0857299       8.7492221       8.8104794 0.72E+00 0.11E-01
   2      -17.1165285       8.7513993       8.8416774 0.87E-01 0.11E-03
   3      -17.1084572       8.7439105       8.8409922 0.35E-02 0.60E-05
   4      -17.1088836       8.7443202       8.8410050 0.78E-04 0.12E-05
   5      -17.1088770       8.7443155       8.8410029 0.82E-06 0.41E-06
   6      -17.1088792       8.7443172       8.8410034 0.21E-06 0.58E-07
   7      -17.1088788       8.7443169       8.8410033 0.45E-07 0.12E-05

 Hartree-Fock converged!

    7 iterations: (units are Ry and bohr)
 Energy:     -17.10887877    Ebs:      -8.74431689
 Eh:           8.84100332    Ex :      -0.47644144

   Orbital    Filling       Eigenvalues    Norm(rc->oo)      Peak
    |100>      2.000          -2.696845      0.477762      1.373639
    |210>      1.200          -1.843945      0.738335      1.504504
    |320>      1.910          -0.595755      0.547497      2.222124
    |200>      0.000          -0.252032      0.980955      4.723091


 ===============Configuration 5 AE Calc=============== 
 Rotation needed            1           2   1.0000000000000001E-005
 Rotation needed            1           4   1.0000000000000001E-005
 Rotation needed            1           7   1.0000000000000001E-005
 Rotation needed            2           4   1.0000000000000001E-005
 Rotation needed            2           7   1.0000000000000001E-005
 Rotation needed            3           5   1.0000000000000001E-005
 Rotation needed            4           7   1.0000000000000001E-005
  7            117.1509632491 0.611E-03 0.619E-03 0.100E-06  : function truncated in nmrvs
  7            117.1509632491 0.843E-03 0.860E-03 0.100E-06  : function truncated in nmrvs

 iter       Etot             Eeig             Ehart    de_max   dv_max
   1     -827.5426847     534.8588319     301.1341962 0.24E+01 0.26E+00
 Rotation needed            3           5  -6.6543641464034315E-004
   2     -790.3314855     500.8191168     297.8295952 0.14E+04 0.92E-01
 Rotation needed            3           5   3.6974738768134007E-003
   3     -791.9155726     502.5914447     297.6340008 0.69E+00 0.24E-02
 Rotation needed            3           5   3.6646727866386508E-003
  7            117.1509632491 0.121E-06 0.143E-06 0.100E-06  : function truncated in nmrvs
  7            117.1509632491 0.176E-06 0.209E-06 0.100E-06  : function truncated in nmrvs
  7            117.1509632491 0.562E-06 0.644E-06 0.100E-06  : function truncated in nmrvs
  7            117.1509632491 0.305E-06 0.349E-06 0.100E-06  : function truncated in nmrvs
   4     -791.9717015     502.6469091     297.6350391 0.57E+00 0.68E-03
 Rotation needed            3           5   3.7888584119676653E-003
  7            117.1509632491 0.189E-04 0.206E-04 0.100E-06  : function truncated in nmrvs
  7            117.1509632491 0.171E-04 0.187E-04 0.100E-06  : function truncated in nmrvs
  7            117.1509632491 0.589E-05 0.652E-05 0.100E-06  : function truncated in nmrvs
  7            117.1509632491 0.518E-05 0.574E-05 0.100E-06  : function truncated in nmrvs
   5     -791.9746893     502.6455151     297.6395790 0.56E+00 0.18E-04
 Rotation needed            3           5   3.7883610134160314E-003
  7            117.1509632491 0.535E-05 0.593E-05 0.100E-06  : function truncated in nmrvs
  7            117.1509632491 0.475E-05 0.526E-05 0.100E-06  : function truncated in nmrvs
  7            117.1509632491 0.510E-05 0.565E-05 0.100E-06  : function truncated in nmrvs
  7            117.1509632491 0.454E-05 0.503E-05 0.100E-06  : function truncated in nmrvs
   6     -791.9742985     502.6447402     297.6399757 0.18E-01 0.31E-05
 Rotation needed            3           5   3.7904246260152003E-003
  7            117.1509632491 0.504E-05 0.559E-05 0.100E-06  : function truncated in nmrvs
  7            117.1509632491 0.449E-05 0.497E-05 0.100E-06  : function truncated in nmrvs
  7            117.1509632491 0.500E-05 0.554E-05 0.100E-06  : function truncated in nmrvs
  7            117.1509632491 0.445E-05 0.494E-05 0.100E-06  : function truncated in nmrvs
   7     -791.9739241     502.6444084     297.6399318 0.10E-02 0.73E-06
 Rotation needed            3           5   3.7905298086522952E-003
  7            117.1509632491 0.499E-05 0.553E-05 0.100E-06  : function truncated in nmrvs
  7            117.1509632491 0.444E-05 0.493E-05 0.100E-06  : function truncated in nmrvs
  7            117.1509632491 0.498E-05 0.552E-05 0.100E-06  : function truncated in nmrvs
  7            117.1509632491 0.444E-05 0.492E-05 0.100E-06  : function truncated in nmrvs
   8     -791.9739525     502.6444336     297.6399352 0.71E-04 0.16E-06
 Rotation needed            3           5   3.7905272592685542E-003
  7            117.1509632491 0.498E-05 0.552E-05 0.100E-06  : function truncated in nmrvs
  7            117.1509632491 0.443E-05 0.492E-05 0.100E-06  : function truncated in nmrvs
  7            117.1509632491 0.497E-05 0.551E-05 0.100E-06  : function truncated in nmrvs
  7            117.1509632491 0.443E-05 0.491E-05 0.100E-06  : function truncated in nmrvs
   9     -791.9739533     502.6444331     297.6399365 0.37E-05 0.85E-07
 Rotation needed            3           5   3.7905275756235438E-003
  7            117.1509632491 0.497E-05 0.551E-05 0.100E-06  : function truncated in nmrvs
  7            117.1509632491 0.443E-05 0.491E-05 0.100E-06  : function truncated in nmrvs
  7            117.1509632491 0.497E-05 0.551E-05 0.100E-06  : function truncated in nmrvs
  7            117.1509632491 0.443E-05 0.491E-05 0.100E-06  : function truncated in nmrvs
  10     -791.9739498     502.6444314     297.6399347 0.23E-05 0.57E-07
 Rotation needed            3           5   3.7905276245964862E-003
  7            117.1509632491 0.497E-05 0.551E-05 0.100E-06  : function truncated in nmrvs
  7            117.1509632491 0.443E-05 0.491E-05 0.100E-06  : function truncated in nmrvs
  7            117.1509632491 0.497E-05 0.551E-05 0.100E-06  : function truncated in nmrvs
  7            117.1509632491 0.443E-05 0.491E-05 0.100E-06  : function truncated in nmrvs
  11     -791.9739534     502.6444332     297.6399365 0.16E-05 0.14E-06
 Rotation needed            3           5   3.7905274926404039E-003
  7            117.1509632491 0.497E-05 0.551E-05 0.100E-06  : function truncated in nmrvs
  7            117.1509632491 0.443E-05 0.491E-05 0.100E-06  : function truncated in nmrvs
  7            117.1509632491 0.497E-05 0.551E-05 0.100E-06  : function truncated in nmrvs
  7            117.1509632491 0.443E-05 0.491E-05 0.100E-06  : function truncated in nmrvs
  12     -791.9739498     502.6444314     297.6399346 0.17E-05 0.50E-07
 Rotation needed            3           5   3.7905276057227676E-003
  7            117.1509632491 0.497E-05 0.551E-05 0.100E-06  : function truncated in nmrvs
  7            117.1509632491 0.443E-05 0.491E-05 0.100E-06  : function truncated in nmrvs
  13     -791.9739537     502.6444332     297.6399368 0.19E-05 0.12E-05
 Rotation needed            3           5   3.7905274869617042E-003
  7            117.1509632491 0.497E-05 0.551E-05 0.100E-06  : function truncated in nmrvs
  7            117.1509632491 0.443E-05 0.491E-05 0.100E-06  : function truncated in nmrvs
  14     -791.9739492     502.6444312     297.6399342 0.23E-05 0.51E-06
 Rotation needed            3           5   3.7905276149685207E-003
  7            117.1509632491 0.497E-05 0.551E-05 0.100E-06  : function truncated in nmrvs
  7            117.1509632491 0.443E-05 0.491E-05 0.100E-06  : function truncated in nmrvs
  15     -791.9739546     502.6444336     297.6399373 0.28E-05 0.34E-06
 Rotation needed            3           5   3.7905274661268131E-003
  7            117.1509632491 0.497E-05 0.551E-05 0.100E-06  : function truncated in nmrvs
  7            117.1509632491 0.443E-05 0.491E-05 0.100E-06  : function truncated in nmrvs
  16     -791.9739478     502.6444307     297.6399334 0.36E-05 0.14E-06
 Rotation needed            3           5   3.7905276458349360E-003
  7            117.1509632491 0.497E-05 0.551E-05 0.100E-06  : function truncated in nmrvs
  7            117.1509632491 0.443E-05 0.491E-05 0.100E-06  : function truncated in nmrvs
  17     -791.9739565     502.6444344     297.6399385 0.46E-05 0.25E-06
 Rotation needed            3           5   3.7905274214147730E-003
  7            117.1509632491 0.497E-05 0.551E-05 0.100E-06  : function truncated in nmrvs
  7            117.1509632491 0.443E-05 0.491E-05 0.100E-06  : function truncated in nmrvs
  18     -791.9739452     502.6444296     297.6399319 0.60E-05 0.32E-06
 Rotation needed            3           5   3.7905277086784680E-003
  7            117.1509632491 0.497E-05 0.551E-05 0.100E-06  : function truncated in nmrvs
  7            117.1509632491 0.443E-05 0.491E-05 0.100E-06  : function truncated in nmrvs
  19     -791.9739601     502.6444359     297.6399406 0.80E-05 0.44E-06
 Rotation needed            3           5   3.7905273343970141E-003
  7            117.1509632491 0.497E-05 0.551E-05 0.100E-06  : function truncated in nmrvs
  7            117.1509632491 0.443E-05 0.491E-05 0.100E-06  : function truncated in nmrvs
  20     -791.9739403     502.6444275     297.6399289 0.11E-04 0.59E-06
 Rotation needed            3           5   3.7905278281162506E-003
  7            117.1509632491 0.497E-05 0.551E-05 0.100E-06  : function truncated in nmrvs
  7            117.1509632491 0.443E-05 0.491E-05 0.100E-06  : function truncated in nmrvs
  21     -791.9739668     502.6444387     297.6399446 0.14E-04 0.80E-06
 Rotation needed            3           5   3.7905271710793539E-003
  7            117.1509632491 0.497E-05 0.551E-05 0.100E-06  : function truncated in nmrvs
  7            117.1509632491 0.443E-05 0.491E-05 0.100E-06  : function truncated in nmrvs
  22     -791.9739311     502.6444237     297.6399234 0.19E-04 0.11E-05
 Rotation needed            3           5   3.7905280514031643E-003
  7            117.1509632491 0.497E-05 0.551E-05 0.100E-06  : function truncated in nmrvs
  7            117.1509632491 0.443E-05 0.491E-05 0.100E-06  : function truncated in nmrvs
  23     -791.9739794     502.6444439     297.6399521 0.26E-04 0.15E-05
 Rotation needed            3           5   3.7905268655362909E-003
  7            117.1509632491 0.497E-05 0.551E-05 0.100E-06  : function truncated in nmrvs
  7            117.1509632491 0.443E-05 0.491E-05 0.100E-06  : function truncated in nmrvs
  24     -791.9739138     502.6444166     297.6399132 0.36E-04 0.20E-05
 Rotation needed            3           5   3.7905284698322036E-003
  7            117.1509632491 0.497E-05 0.551E-05 0.100E-06  : function truncated in nmrvs
  7            117.1509632491 0.443E-05 0.491E-05 0.100E-06  : function truncated in nmrvs
  25     -791.9740030     502.6444537     297.6399662 0.49E-04 0.28E-05
 Rotation needed            3           5   3.7905262938346652E-003
  7            117.1509632491 0.497E-05 0.551E-05 0.100E-06  : function truncated in nmrvs
  7            117.1509632491 0.443E-05 0.491E-05 0.100E-06  : function truncated in nmrvs
  26     -791.9738816     502.6444032     297.6398940 0.66E-04 0.38E-05
 Rotation needed            3           5   3.7905292517132518E-003
  7            117.1509632491 0.497E-05 0.551E-05 0.100E-06  : function truncated in nmrvs
  7            117.1509632491 0.443E-05 0.491E-05 0.100E-06  : function truncated in nmrvs
  27     -791.9740471     502.6444720     297.6399924 0.90E-04 0.52E-05
 Rotation needed            3           5   3.7905252244690192E-003
  7            117.1509632491 0.497E-05 0.551E-05 0.100E-06  : function truncated in nmrvs
  7            117.1509632491 0.443E-05 0.491E-05 0.100E-06  : function truncated in nmrvs
  28     -791.9738213     502.6443782     297.6398580 0.12E-03 0.71E-05
 Rotation needed            3           5   3.7905307144016475E-003
  7            117.1509632491 0.497E-05 0.551E-05 0.100E-06  : function truncated in nmrvs
  7            117.1509632491 0.443E-05 0.491E-05 0.100E-06  : function truncated in nmrvs
  29     -791.9741295     502.6445062     297.6400416 0.17E-03 0.97E-05
 Rotation needed            3           5   3.7905232238935487E-003
  7            117.1509632491 0.497E-05 0.551E-05 0.100E-06  : function truncated in nmrvs
  7            117.1509632491 0.443E-05 0.491E-05 0.100E-06  : function truncated in nmrvs
  30     -791.9737085     502.6443314     297.6397908 0.23E-03 0.13E-04
 Rotation needed            3           5   3.7905334511223309E-003
  7            117.1509632491 0.497E-05 0.551E-05 0.100E-06  : function truncated in nmrvs
  7            117.1509632491 0.443E-05 0.491E-05 0.100E-06  : function truncated in nmrvs
  7            117.1509632491 0.497E-05 0.551E-05 0.100E-06  : function truncated in nmrvs
  7            117.1509632491 0.443E-05 0.491E-05 0.100E-06  : function truncated in nmrvs
  31     -791.9742839     502.6445702     297.6401336 0.31E-03 0.83E-05
 Rotation needed            3           5   3.7905194805272859E-003
  7            117.1509632491 0.497E-05 0.551E-05 0.100E-06  : function truncated in nmrvs
  7            117.1509632491 0.443E-05 0.491E-05 0.100E-06  : function truncated in nmrvs
  7            117.1509632491 0.497E-05 0.551E-05 0.100E-06  : function truncated in nmrvs
  7            117.1509632491 0.443E-05 0.491E-05 0.100E-06  : function truncated in nmrvs
  32     -791.9734973     502.6442438     297.6396649 0.43E-03 0.11E-04
 Rotation needed            3           5   3.7905385721483009E-003
  7            117.1509632491 0.498E-05 0.552E-05 0.100E-06  : function truncated in nmrvs
  7            117.1509632491 0.444E-05 0.492E-05 0.100E-06  : function truncated in nmrvs
  7            117.1509632491 0.498E-05 0.552E-05 0.100E-06  : function truncated in nmrvs
  7            117.1509632491 0.444E-05 0.492E-05 0.100E-06  : function truncated in nmrvs
  33     -791.9745728     502.6446901     297.6403058 0.59E-03 0.16E-04
 Rotation needed            3           5   3.7905124746968320E-003
  7            117.1509632491 0.496E-05 0.550E-05 0.100E-06  : function truncated in nmrvs
  7            117.1509632491 0.442E-05 0.490E-05 0.100E-06  : function truncated in nmrvs
  7            117.1509632491 0.496E-05 0.550E-05 0.100E-06  : function truncated in nmrvs
  7            117.1509632491 0.442E-05 0.490E-05 0.100E-06  : function truncated in nmrvs
  34     -791.9731021     502.6440798     297.6394294 0.81E-03 0.21E-04
 Rotation needed            3           5   3.7905481559344519E-003
  7            117.1509632491 0.498E-05 0.552E-05 0.100E-06  : function truncated in nmrvs
  7            117.1509632491 0.444E-05 0.492E-05 0.100E-06  : function truncated in nmrvs
  7            117.1509632491 0.498E-05 0.552E-05 0.100E-06  : function truncated in nmrvs
  7            117.1509632491 0.444E-05 0.492E-05 0.100E-06  : function truncated in nmrvs
  35     -791.9744471     502.6448831     297.6399820 0.11E-02 0.36E-05
 Rotation needed            3           5   3.7904993633420462E-003
  7            117.1509632491 0.497E-05 0.551E-05 0.100E-06  : function truncated in nmrvs
  7            117.1509632491 0.443E-05 0.491E-05 0.100E-06  : function truncated in nmrvs
  36     -791.9739194     502.6443977     297.6399381 0.63E-03 0.25E-04
 Rotation needed            3           5   3.7905492078123236E-003
  7            117.1509632491 0.497E-05 0.551E-05 0.100E-06  : function truncated in nmrvs
  7            117.1509632491 0.443E-05 0.491E-05 0.100E-06  : function truncated in nmrvs
  37     -791.9739455     502.6444283     297.6399335 0.88E-05 0.11E-04
 Rotation needed            3           5   3.7905311242048129E-003
  7            117.1509632491 0.497E-05 0.551E-05 0.100E-06  : function truncated in nmrvs
  7            117.1509632491 0.443E-05 0.491E-05 0.100E-06  : function truncated in nmrvs
  38     -791.9739554     502.6444345     297.6399373 0.28E-05 0.34E-05

 Hartree-Fock converged!
      {100|200}= 1.9D-17
      {100|300}=-1.8D-18
      {200|300}=-1.7D-18
      {210|310}=-9.0D-17

   38 iterations: (units are Ry and bohr)
 Energy:    -791.97395541    Ebs:    -502.64443448
 Eh:         297.63993727    Ex :      -8.31041633

   Orbital    Filling       Eigenvalues    Norm(rc->oo)      Peak
    |100>      2.000        -185.304542
    |200>      2.000         -19.148491
    |210>      6.000         -14.499751
    |300>      2.000          -2.365306      0.472645      1.355897
    |310>      0.800          -1.557926      0.735441      1.504504
    |320>      3.200          -0.238410      0.638581      2.433823
    |400>      0.000          -0.005335      0.994121      5.968308


 ===============Configuration 5 SL: Calc ===============
 Rotation needed            1           4   1.0000000000000001E-005
  4            117.1509632491 0.190E-01 0.192E-01 0.100E-06  : function truncated in nmrvs
  4            117.1509632491 0.189E-01 0.192E-01 0.100E-06  : function truncated in nmrvs
  4            117.1509632491 0.235E-06 0.253E-06 0.100E-06  : function truncated in nmrvs
  4            117.1509632491-0.265E-05-0.287E-05 0.100E-06  : function truncated in nmrvs

 iter       Etot             Eeig             Ehart    de_max   dv_max
   1      -16.7381546       6.6788722      10.4620265 0.27E+02 0.15E-01
  4            117.1509632491 0.166E-04 0.182E-04 0.100E-06  : function truncated in nmrvs
  4            117.1509632491 0.145E-04 0.157E-04 0.100E-06  : function truncated in nmrvs
  4            117.1509632491 0.101E-04 0.111E-04 0.100E-06  : function truncated in nmrvs
  4            117.1509632491 0.855E-05 0.940E-05 0.100E-06  : function truncated in nmrvs
   2      -16.8039362       6.7425291      10.4646390 0.44E+00 0.38E-03
  4            117.1509632491 0.856E-05 0.944E-05 0.100E-06  : function truncated in nmrvs
  4            117.1509632491 0.714E-05 0.787E-05 0.100E-06  : function truncated in nmrvs
  4            117.1509632491 0.793E-05 0.875E-05 0.100E-06  : function truncated in nmrvs
  4            117.1509632491 0.649E-05 0.715E-05 0.100E-06  : function truncated in nmrvs
   3      -16.8040455       6.7422122      10.4650907 0.21E-01 0.19E-04
  4            117.1509632491 0.766E-05 0.846E-05 0.100E-06  : function truncated in nmrvs
  4            117.1509632491 0.622E-05 0.686E-05 0.100E-06  : function truncated in nmrvs
  4            117.1509632491 0.751E-05 0.829E-05 0.100E-06  : function truncated in nmrvs
  4            117.1509632491 0.606E-05 0.669E-05 0.100E-06  : function truncated in nmrvs
   4      -16.8038422       6.7419895      10.4651130 0.18E-02 0.48E-06
  4            117.1509632491 0.746E-05 0.823E-05 0.100E-06  : function truncated in nmrvs
  4            117.1509632491 0.601E-05 0.662E-05 0.100E-06  : function truncated in nmrvs
  4            117.1509632491 0.742E-05 0.818E-05 0.100E-06  : function truncated in nmrvs
  4            117.1509632491 0.596E-05 0.658E-05 0.100E-06  : function truncated in nmrvs
   5      -16.8038338       6.7419806      10.4651135 0.60E-04 0.70E-06
  4            117.1509632491 0.740E-05 0.817E-05 0.100E-06  : function truncated in nmrvs
  4            117.1509632491 0.595E-05 0.656E-05 0.100E-06  : function truncated in nmrvs
  4            117.1509632491 0.739E-05 0.815E-05 0.100E-06  : function truncated in nmrvs
  4            117.1509632491 0.594E-05 0.655E-05 0.100E-06  : function truncated in nmrvs
   6      -16.8038320       6.7419795      10.4651126 0.49E-05 0.14E-06
  4            117.1509632491 0.739E-05 0.815E-05 0.100E-06  : function truncated in nmrvs
  4            117.1509632491 0.593E-05 0.654E-05 0.100E-06  : function truncated in nmrvs
  4            117.1509632491 0.738E-05 0.815E-05 0.100E-06  : function truncated in nmrvs
  4            117.1509632491 0.593E-05 0.654E-05 0.100E-06  : function truncated in nmrvs
   7      -16.8038332       6.7419803      10.4651131 0.21E-05 0.78E-07
  4            117.1509632491 0.738E-05 0.815E-05 0.100E-06  : function truncated in nmrvs
  4            117.1509632491 0.593E-05 0.654E-05 0.100E-06  : function truncated in nmrvs
  4            117.1509632491 0.738E-05 0.814E-05 0.100E-06  : function truncated in nmrvs
  4            117.1509632491 0.593E-05 0.654E-05 0.100E-06  : function truncated in nmrvs
   8      -16.8038324       6.7419799      10.4651127 0.19E-05 0.56E-07
  4            117.1509632491 0.738E-05 0.814E-05 0.100E-06  : function truncated in nmrvs
  4            117.1509632491 0.593E-05 0.654E-05 0.100E-06  : function truncated in nmrvs
   9      -16.8038331       6.7419802      10.4651131 0.18E-05 0.11E-05
  4            117.1509632491 0.738E-05 0.814E-05 0.100E-06  : function truncated in nmrvs
  4            117.1509632491 0.593E-05 0.654E-05 0.100E-06  : function truncated in nmrvs
  10      -16.8038324       6.7419799      10.4651127 0.19E-05 0.63E-06
  4            117.1509632491 0.738E-05 0.814E-05 0.100E-06  : function truncated in nmrvs
  4            117.1509632491 0.593E-05 0.654E-05 0.100E-06  : function truncated in nmrvs
  11      -16.8038332       6.7419802      10.4651132 0.21E-05 0.12E-06
  4            117.1509632491 0.738E-05 0.814E-05 0.100E-06  : function truncated in nmrvs
  4            117.1509632491 0.593E-05 0.654E-05 0.100E-06  : function truncated in nmrvs
  12      -16.8038322       6.7419798      10.4651126 0.25E-05 0.18E-06
  4            117.1509632491 0.738E-05 0.814E-05 0.100E-06  : function truncated in nmrvs
  4            117.1509632491 0.593E-05 0.654E-05 0.100E-06  : function truncated in nmrvs
  13      -16.8038334       6.7419803      10.4651133 0.31E-05 0.15E-06
  4            117.1509632491 0.738E-05 0.814E-05 0.100E-06  : function truncated in nmrvs
  4            117.1509632491 0.593E-05 0.654E-05 0.100E-06  : function truncated in nmrvs
  14      -16.8038319       6.7419797      10.4651124 0.40E-05 0.21E-06
  4            117.1509632491 0.738E-05 0.814E-05 0.100E-06  : function truncated in nmrvs
  4            117.1509632491 0.593E-05 0.654E-05 0.100E-06  : function truncated in nmrvs
  15      -16.8038338       6.7419805      10.4651136 0.51E-05 0.27E-06
  4            117.1509632491 0.738E-05 0.814E-05 0.100E-06  : function truncated in nmrvs
  4            117.1509632491 0.593E-05 0.654E-05 0.100E-06  : function truncated in nmrvs
  16      -16.8038314       6.7419795      10.4651121 0.67E-05 0.37E-06
  4            117.1509632491 0.738E-05 0.814E-05 0.100E-06  : function truncated in nmrvs
  4            117.1509632491 0.593E-05 0.654E-05 0.100E-06  : function truncated in nmrvs
  17      -16.8038346       6.7419808      10.4651140 0.88E-05 0.49E-06
  4            117.1509632491 0.738E-05 0.814E-05 0.100E-06  : function truncated in nmrvs
  4            117.1509632491 0.593E-05 0.654E-05 0.100E-06  : function truncated in nmrvs
  18      -16.8038304       6.7419791      10.4651114 0.12E-04 0.66E-06
  4            117.1509632491 0.738E-05 0.814E-05 0.100E-06  : function truncated in nmrvs
  4            117.1509632491 0.593E-05 0.654E-05 0.100E-06  : function truncated in nmrvs
  19      -16.8038360       6.7419814      10.4651149 0.16E-04 0.88E-06
  4            117.1509632491 0.738E-05 0.814E-05 0.100E-06  : function truncated in nmrvs
  4            117.1509632491 0.593E-05 0.654E-05 0.100E-06  : function truncated in nmrvs
  20      -16.8038285       6.7419783      10.4651103 0.21E-04 0.12E-05
  4            117.1509632491 0.738E-05 0.814E-05 0.100E-06  : function truncated in nmrvs
  4            117.1509632491 0.593E-05 0.654E-05 0.100E-06  : function truncated in nmrvs
  21      -16.8038385       6.7419824      10.4651165 0.28E-04 0.16E-05
  4            117.1509632491 0.738E-05 0.814E-05 0.100E-06  : function truncated in nmrvs
  4            117.1509632491 0.593E-05 0.654E-05 0.100E-06  : function truncated in nmrvs
  22      -16.8038250       6.7419769      10.4651081 0.38E-04 0.22E-05
  4            117.1509632491 0.738E-05 0.814E-05 0.100E-06  : function truncated in nmrvs
  4            117.1509632491 0.593E-05 0.654E-05 0.100E-06  : function truncated in nmrvs
  23      -16.8038432       6.7419843      10.4651194 0.51E-04 0.29E-05
  4            117.1509632491 0.738E-05 0.814E-05 0.100E-06  : function truncated in nmrvs
  4            117.1509632491 0.593E-05 0.654E-05 0.100E-06  : function truncated in nmrvs
  24      -16.8038187       6.7419743      10.4651042 0.68E-04 0.40E-05
  4            117.1509632491 0.738E-05 0.814E-05 0.100E-06  : function truncated in nmrvs
  4            117.1509632491 0.593E-05 0.654E-05 0.100E-06  : function truncated in nmrvs
  25      -16.8038518       6.7419879      10.4651248 0.93E-04 0.53E-05
  4            117.1509632491 0.738E-05 0.814E-05 0.100E-06  : function truncated in nmrvs
  4            117.1509632491 0.592E-05 0.654E-05 0.100E-06  : function truncated in nmrvs
  26      -16.8038070       6.7419695      10.4650969 0.13E-03 0.72E-05
  4            117.1509632491 0.738E-05 0.815E-05 0.100E-06  : function truncated in nmrvs
  4            117.1509632491 0.593E-05 0.654E-05 0.100E-06  : function truncated in nmrvs
  27      -16.8038676       6.7419944      10.4651346 0.17E-03 0.98E-05
  4            117.1509632491 0.738E-05 0.814E-05 0.100E-06  : function truncated in nmrvs
  4            117.1509632491 0.592E-05 0.653E-05 0.100E-06  : function truncated in nmrvs
  4            117.1509632491 0.738E-05 0.814E-05 0.100E-06  : function truncated in nmrvs
  4            117.1509632491 0.592E-05 0.654E-05 0.100E-06  : function truncated in nmrvs
  28      -16.8037855       6.7419607      10.4650835 0.23E-03 0.56E-05
  4            117.1509632491 0.739E-05 0.815E-05 0.100E-06  : function truncated in nmrvs
  4            117.1509632491 0.593E-05 0.654E-05 0.100E-06  : function truncated in nmrvs
  4            117.1509632491 0.738E-05 0.815E-05 0.100E-06  : function truncated in nmrvs
  4            117.1509632491 0.593E-05 0.654E-05 0.100E-06  : function truncated in nmrvs
  29      -16.8038967       6.7420063      10.4651527 0.31E-03 0.77E-05
  4            117.1509632491 0.737E-05 0.814E-05 0.100E-06  : function truncated in nmrvs
  4            117.1509632491 0.592E-05 0.653E-05 0.100E-06  : function truncated in nmrvs
  4            117.1509632491 0.737E-05 0.814E-05 0.100E-06  : function truncated in nmrvs
  4            117.1509632491 0.592E-05 0.653E-05 0.100E-06  : function truncated in nmrvs
  30      -16.8037461       6.7419445      10.4650590 0.42E-03 0.10E-04
  4            117.1509632491 0.739E-05 0.815E-05 0.100E-06  : function truncated in nmrvs
  4            117.1509632491 0.593E-05 0.655E-05 0.100E-06  : function truncated in nmrvs
  4            117.1509632491 0.739E-05 0.815E-05 0.100E-06  : function truncated in nmrvs
  4            117.1509632491 0.593E-05 0.654E-05 0.100E-06  : function truncated in nmrvs
  31      -16.8039502       6.7420282      10.4651860 0.57E-03 0.14E-04
  4            117.1509632491 0.737E-05 0.813E-05 0.100E-06  : function truncated in nmrvs
  4            117.1509632491 0.592E-05 0.653E-05 0.100E-06  : function truncated in nmrvs
  4            117.1509632491 0.737E-05 0.813E-05 0.100E-06  : function truncated in nmrvs
  4            117.1509632491 0.592E-05 0.653E-05 0.100E-06  : function truncated in nmrvs
  32      -16.8036736       6.7419148      10.4650139 0.77E-03 0.19E-04
  4            117.1509632491 0.740E-05 0.816E-05 0.100E-06  : function truncated in nmrvs
  4            117.1509632491 0.594E-05 0.655E-05 0.100E-06  : function truncated in nmrvs
  4            117.1509632491 0.739E-05 0.816E-05 0.100E-06  : function truncated in nmrvs
  4            117.1509632491 0.594E-05 0.655E-05 0.100E-06  : function truncated in nmrvs
  33      -16.8038946       6.7420409      10.4651137 0.10E-02 0.33E-05
  4            117.1509632491 0.738E-05 0.814E-05 0.100E-06  : function truncated in nmrvs
  4            117.1509632491 0.593E-05 0.654E-05 0.100E-06  : function truncated in nmrvs
  34      -16.8038361       6.7419822      10.4651142 0.60E-03 0.23E-04
  4            117.1509632491 0.738E-05 0.814E-05 0.100E-06  : function truncated in nmrvs
  4            117.1509632491 0.593E-05 0.654E-05 0.100E-06  : function truncated in nmrvs
  35      -16.8038311       6.7419789      10.4651124 0.96E-05 0.10E-04
  4            117.1509632491 0.738E-05 0.814E-05 0.100E-06  : function truncated in nmrvs
  4            117.1509632491 0.593E-05 0.654E-05 0.100E-06  : function truncated in nmrvs
  36      -16.8038336       6.7419805      10.4651133 0.34E-05 0.32E-05
  4            117.1509632491 0.738E-05 0.814E-05 0.100E-06  : function truncated in nmrvs
  4            117.1509632491 0.593E-05 0.654E-05 0.100E-06  : function truncated in nmrvs
  37      -16.8038321       6.7419797      10.4651126 0.30E-05 0.99E-06

 Hartree-Fock converged!

   37 iterations: (units are Ry and bohr)
 Energy:     -16.80383215    Ebs:      -6.74197973
 Eh:          10.46511261    Ex :      -0.40326019

   Orbital    Filling       Eigenvalues    Norm(rc->oo)      Peak
    |100>      2.000          -2.364608      0.473432      1.373639
    |210>      0.800          -1.562292      0.735388      1.504504
    |320>      3.200          -0.238416      0.640267      2.310499
    |200>      0.000          -0.004870      0.994153      5.968308
   ------------------------------------------------
   ================================================

 ======================================================================== 
 Begin KE convergence testing
 ======================================================================== 
 ----------------------------------------------------------------------
                     Kinetic energy convergence
      ==============================|100>==============================
      Ecut(Ry)  KE/electron(Ry)         KE error/electron (mRy,meV)
        16       0.993415081                70.851956     963.990460
        25       1.057567221                 6.699816      91.155682
        32       1.063533069                 0.733968       9.986151
        38       1.064201293                 0.065744       0.894489
      ==============================|210>==============================
      Ecut(Ry)  KE/electron(Ry)         KE error/electron (mRy,meV)
         7       1.718943338                66.139959     899.880446
        18       1.777856877                 7.226420      98.320509
        34       1.784382182                 0.701116       9.539169
        43       1.785011620                 0.071678       0.975226
      ==============================|320>==============================
      Ecut(Ry)  KE/electron(Ry)         KE error/electron (mRy,meV)
        12       1.193086102                72.573509     987.413392
        28       1.258310418                 7.349193      99.990914
        38       1.265022630                 0.636981       8.666573
        45       1.265597154                 0.062457       0.849768
      ==============================|200>==============================
      Ecut(Ry)  KE/electron(Ry)         KE error/electron (mRy,meV)
        16       0.993415081                70.851956     963.990460
        25       1.057567221                 6.699816      91.155682
        32       1.063533069                 0.733968       9.986151
        38       1.064201293                 0.065744       0.894489

 ======================================================================== 
 End KE convergence testing
 ======================================================================== 
<<<do_rpt>>>
<<<do_upf>>>
------------- closing opium session ------------
