##########################################################
#    Opium Report File                                   #
##########################################################
     Opium version:        3.8

### copy of the parameter file #######################

[Atom]
S                 # chemical symbol (max. 2 characters)
7                 # norb: number of orbitals
100 2.00  -       # reference configuration
200 2.00  -       # reference configuration
210 6.00  -       # reference configuration
300 2.00  -       # reference configuration
310 2.00  -       # reference configuration
400 0.00  -
320 0.00  -

[Pseudo]
4  1.58 1.35 1.32 2.67
opt

[XC]
hf
                                                                                                                 
[Optinfo]
7.07  10    # rc[a.u.]  Qc[sqrt(Ry)]  Nb
7.07  10    # rc[a.u.]  Qc[sqrt(Ry)]  Nb
7.07  10    # rc[a.u.]  Qc[sqrt(Ry)]  Nb
7.07  10    # rc[a.u.]  Qc[sqrt(Ry)]  Nb
[Configs]  
5                 # number of valence configurations
#
300 2.00   -1.4   # test configuration
310 3.00   -0.4   # test configuration
400 0.00   -
320 0.00  -
#
300 2.00   -1.4   # test configuration
310 2.00   -0.4   # test configuration
400 0.00   -
320 0.50  -
#
300 2.00   -1.4   # test configuration
310 3.20   -0.4   # test configuration
400 0.00   -
320 0.00  -
#
300 2.00   -1.4   # test configuration
310 1.20   -0.4   # test configuration
400 0.00   -
320 1.91  -
#
300 2.00   -1.4   # test configuration
310 0.80   -0.4   # test configuration
400 0.00   -
320 3.20  -

[KBdesign]
0  # local orbital [0..lmax]
0  # number of boxes
au      0.1 1.25 5.79

### AE report ########################################

 AE:Orbital    Filling       Eigenvalues[Ry]          Norm
    ----------------------------------------------------------
	100	 2.000	    -185.9605237853
	200	 2.000	     -19.9108316518
	210	 6.000	     -15.2588695090
	300	 2.000	      -3.3200553800	  0.4762859671
	310	 2.000	      -2.4798686934	  0.7309159561
	320	 0.000	      -0.5665838584	  0.6481976966
	400	 0.000	      -0.6722326373	  0.9677138644

      E_tot =     -792.6026325045 Ry

### PS report ########################################



 NOTICE!! :Ghost testing not done for HF psps yet, sorry :( 
    ====================Optimized pseudopotential method====================

                       Pseudopotential convergence error                      
    Orbital      [mRy/e]       [meV/e]         [mRy]        [meV]        Ghost
    --------------------------------------------------------------------------
	100       0.020853      0.283725      0.041707      0.567449	   ???
	210       0.007181      0.097709      0.014363      0.195418	   ???
	320       0.009869      0.134280      0.000000      0.000000	   ???

                  Tot. error =               0.056070      0.762867


### NL/SL report #####################################



 NOTICE!! :Ghost testing not done for HF psps yet, sorry :( 

 SL:Orbital    Filling       Eigenvalues[Ry]          Norm       Ghost
    ------------------------------------------------------------------
	100 	 2.000	      -3.3200553049	  0.4762860156	   ???
	210 	 2.000	      -2.4798686288	  0.7309159635	   ???
	320 	 0.000	      -0.5665838200	  0.6481977394	   ???
	200 	 0.000	      -0.6714719681	  0.9670798848	   ???

      E_tot =      -17.4381560424 Ry

### KE report ########################################

	 ===   Ecut necessary for ~1    eV convergence error / electron === 
	 --------------------------------------------------------------- 
		 	 Ecut[Ry] 	 error [meV/e] 
	100  		   16 	          963.990 
	210  		   7 	          899.880 
	320  		   12 	          987.413 
	200  		   16 	          963.990 
	 ===   Ecut necessary for ~100 meV convergence error / electron === 
	 --------------------------------------------------------------- 
		 	 Ecut[Ry] 	 error [meV/e] 
	100  		   25 	           91.156 
	210  		   18 	           98.321 
	320  		   28 	           99.991 
	200  		   25 	           91.156 

	 ===   Ecut necessary for  ~10 meV convergence error / electron === 
	 --------------------------------------------------------------- 
		 	 Ecut[Ry] 	 error [meV/e] 
	100  		   32 	            9.986 
	210  		   34 	            9.539 
	320  		   38 	            8.667 
	200  		   32 	            9.986 

	 ===   Ecut necessary for   ~1 meV convergence error / electron === 
	 --------------------------------------------------------------- 
		 	 Ecut[Ry] 	 error [meV/e] 
	100  		   38 	            0.894 
	210  		   43 	            0.975 
	320  		   45 	            0.850 
	200  		   38 	            0.894 

### TC report ########################################

 AE:Orbital    Filling       Eigenvalues[Ry]          Norm
    ----------------------------------------------------------
	100	 2.000	    -184.9011610619
	200	 2.000	     -18.8848159103
	210	 6.000	     -14.2371151571
	300	 2.000	      -2.4956414940	  0.5103360423
	310	 3.000	      -1.6157582351	  0.7680081956
	320	 0.000	      -0.1184449651	  0.9793023677
	400	 0.000	      -0.2509999943	  0.9861115489

      E_tot =     -794.1711106928 Ry


 NOTICE!! :Ghost testing not done for HF psps yet, sorry :( 

 SL:Orbital    Filling       Eigenvalues[Ry]          Norm       Ghost
    ------------------------------------------------------------------
	100 	 2.000	      -2.4993481159	  0.5095700184	   ???
	210 	 3.000	      -1.6172604369	  0.7676807128	   ???
	320 	 0.000	      -0.2228414679	  0.8631797149	   ???
	200 	 0.000	      -0.2501034412	  0.9859804705	   ???

      E_tot =      -19.0104670717 Ry

 AE-SL:Orbital Filling       Eigenvalues[mRy]         Norm[1e-3] 
 AE-SL- --------------------------------------------------------------
 AE-SL- 100 	 2.000	       3.7066218959	  0.7660239538	
 AE-SL- 210 	 3.000	       1.5022018233	  0.3274828063	
 AE-SL- 320 	 0.000	     104.3965027464	116.1226527491	
 AE-SL- 200 	 0.000	      -0.8965531626	  0.1310784108	
 AE-SL-  total error =	     110.5018796283	117.3472379200

 =====================================================================
 AE:Orbital    Filling       Eigenvalues[Ry]          Norm
    ----------------------------------------------------------
	100	 2.000	    -185.6384136096
	200	 2.000	     -19.5806713880
	210	 6.000	     -14.9299608098
	300	 2.000	      -3.0023370594	  0.4823007647
	310	 2.000	      -2.1702943598	  0.7378371323
	320	 0.500	      -0.5735506825	  0.6364240163
	400	 0.000	      -0.4701336730	  0.9743064305

      E_tot =     -792.8876120766 Ry


 NOTICE!! :Ghost testing not done for HF psps yet, sorry :( 

 SL:Orbital    Filling       Eigenvalues[Ry]          Norm       Ghost
    ------------------------------------------------------------------
	100 	 2.000	      -3.0027647103	  0.4822916475	   ???
	210 	 2.000	      -2.1709026574	  0.7378356299	   ???
	320 	 0.500	      -0.5734150386	  0.6368056620	   ???
	200 	 0.000	      -0.5292512564	  0.7444014527	   ???

      E_tot =      -17.7231072146 Ry

 AE-SL:Orbital Filling       Eigenvalues[mRy]         Norm[1e-3] 
 AE-SL- --------------------------------------------------------------
 AE-SL- 100 	 2.000	       0.4276509156	  0.0091171893	
 AE-SL- 210 	 2.000	       0.6082975985	  0.0015023699	
 AE-SL- 320 	 0.500	      -0.1356439353	 -0.3816456865	
 AE-SL- 200 	 0.000	      59.1175834125	229.9049777567	
 AE-SL-  total error =	      60.2891758619	230.2972430025

 =====================================================================
 AE:Orbital    Filling       Eigenvalues[Ry]          Norm
    ----------------------------------------------------------
	100	 2.000	    -184.7238597240
	200	 2.000	     -18.7101100718
	210	 6.000	     -14.0632381407
	300	 2.000	      -2.3471262930	  0.5162331833
	310	 3.200	      -1.4132242533	  0.7771473648
	320	 0.000	      -0.0733361593	  0.9949969299
	400	 0.000	      -0.1819894689	  0.9895494569

      E_tot =     -794.3158074637 Ry


 NOTICE!! :Ghost testing not done for HF psps yet, sorry :( 

 SL:Orbital    Filling       Eigenvalues[Ry]          Norm       Ghost
    ------------------------------------------------------------------
	100 	 2.000	      -2.3510283532	  0.5153905301	   ???
	210 	 3.200	      -1.4149545954	  0.7767134708	   ???
	320 	 0.000	      -0.0720294283	  0.9749270420	   ???
	200 	 0.000	      -0.1810928249	  0.9894645499	   ???

      E_tot =      -19.1562638184 Ry

 AE-SL:Orbital Filling       Eigenvalues[mRy]         Norm[1e-3] 
 AE-SL- --------------------------------------------------------------
 AE-SL- 100 	 2.000	       3.9020602364	  0.8426531445	
 AE-SL- 210 	 3.200	       1.7303421525	  0.4338939792	
 AE-SL- 320 	 0.000	      -1.3067310083	 20.0698879456	
 AE-SL- 200 	 0.000	      -0.8966439934	  0.0849069596	
 AE-SL-  total error =	       7.8357773905	 21.4313420289

 =====================================================================
 AE:Orbital    Filling       Eigenvalues[Ry]          Norm
    ----------------------------------------------------------
	100	 2.000	    -185.5295304069
	200	 2.000	     -19.4046666690
	210	 6.000	     -14.7555938589
	300	 2.000	      -2.6965624738	  0.4773018872
	310	 1.200	      -1.8400810384	  0.7384549137
	320	 1.910	      -0.5963516682	  0.5450670764
	400	 0.000	      -0.2526729993	  0.9813200293

      E_tot =     -792.2771122247 Ry


 NOTICE!! :Ghost testing not done for HF psps yet, sorry :( 

 SL:Orbital    Filling       Eigenvalues[Ry]          Norm       Ghost
    ------------------------------------------------------------------
	100 	 2.000	      -2.6968452036	  0.4777617182	   ???
	210 	 1.200	      -1.8439454124	  0.7383352435	   ???
	320 	 1.910	      -0.5957549652	  0.5474974227	   ???
	200 	 0.000	      -0.2520319557	  0.9809553332	   ???

      E_tot =      -17.1088787666 Ry

 AE-SL:Orbital Filling       Eigenvalues[mRy]         Norm[1e-3] 
 AE-SL- --------------------------------------------------------------
 AE-SL- 100 	 2.000	       0.2827297914	 -0.4598309814	
 AE-SL- 210 	 1.200	       3.8643739668	  0.1196701921	
 AE-SL- 320 	 1.910	      -0.5967029496	 -2.4303463061	
 AE-SL- 200 	 0.000	      -0.6410435174	  0.3646960829	
 AE-SL-  total error =	       5.3848502251	  3.3745435624

 =====================================================================
 AE:Orbital    Filling       Eigenvalues[Ry]          Norm
    ----------------------------------------------------------
	100	 2.000	    -185.3045423639
	200	 2.000	     -19.1484907967
	210	 6.000	     -14.4997507415
	300	 2.000	      -2.3653055577	  0.4726451306
	310	 0.800	      -1.5579263699	  0.7354409757
	320	 3.200	      -0.2384098421	  0.6385809402
	400	 0.000	      -0.0053346168	  0.9941213530

      E_tot =     -791.9739554104 Ry


 NOTICE!! :Ghost testing not done for HF psps yet, sorry :( 

 SL:Orbital    Filling       Eigenvalues[Ry]          Norm       Ghost
    ------------------------------------------------------------------
	100 	 2.000	      -2.3646078277	  0.4734323807	   ???
	210 	 0.800	      -1.5622924812	  0.7353884751	   ???
	320 	 3.200	      -0.2384156518	  0.6402673631	   ???
	200 	 0.000	      -0.0048703403	  0.9941525199	   ???

      E_tot =      -16.8038321472 Ry

 AE-SL:Orbital Filling       Eigenvalues[mRy]         Norm[1e-3] 
 AE-SL- --------------------------------------------------------------
 AE-SL- 100 	 2.000	      -0.6977299999	 -0.7872500700	
 AE-SL- 210 	 0.800	       4.3661112284	  0.0525006159	
 AE-SL- 320 	 3.200	       0.0058097063	 -1.6864228885	
 AE-SL- 200 	 0.000	      -0.4642764617	 -0.0311669248	
 AE-SL-  total error =	       5.5339273963	  2.5573404993

 =====================================================================

  Comparison of total energy differences.           
   DD_ij = (E_i - E_j)_AE - (E_i-E_j)_SL     

 AE-SL-   i   j         DD[mRy]        DD[meV] 
 AE-SL- ------------------------------------------
 AE-SL-   0   1        -3.832841     -52.148484
 AE-SL-   0   2         0.028400       0.386401
 AE-SL-   0   3        -4.932817     -67.114425
 AE-SL-   0   4         3.756996      51.116562
 AE-SL-   0   5         5.646801      76.828683
 AE-SL-   1   2         3.861241      52.534885
 AE-SL-   1   3        -1.099976     -14.965941
 AE-SL-   1   4         7.589837     103.265046
 AE-SL-   1   5         9.479642     128.977167
 AE-SL-   2   3        -4.961217     -67.500826
 AE-SL-   2   4         3.728596      50.730161
 AE-SL-   2   5         5.618401      76.442282
 AE-SL-   3   4         8.689813     118.230987
 AE-SL-   3   5        10.579618     143.943108
 AE-SL-   4   5         1.889805      25.712121
