##########################################################
#    Opium Report File                                   #
##########################################################
     Opium version:        3.8

### copy of the parameter file #######################

[Atom]
Cl                 # chemical symbol (max. 2 characters)
7                 # norb: number of orbitals
100 2.00  -       # reference configuration
200 2.00  -       # reference configuration
210 6.00  -       # reference configuration
300 2.00  -       # reference configuration
310 4.00  -       # reference configuration
400 0.00  -
320 0.00  -

[Pseudo]
4  1.58 1.35 1.05 2.67
opt

[XC]
hf
                                                                                                                 
[Optinfo]
7.07  10    # rc[a.u.]  Qc[sqrt(Ry)]  Nb
7.07  10    # rc[a.u.]  Qc[sqrt(Ry)]  Nb
7.07  10    # rc[a.u.]  Qc[sqrt(Ry)]  Nb
7.07  10    # rc[a.u.]  Qc[sqrt(Ry)]  Nb
[Configs]  
5                 # number of valence configurations
#
300 2.00   -1.4   # test configuration
310 3.00   -0.4   # test configuration
400 0.00   -
320 0.50  -
#
300 2.00   -      # test configuration
310 4.50   -      # test configuration
400 0.00   -
320 0.00   -
#
300 2.00   -      # test configuration
310 3.50   -      # test configuration
400 0.00   -
320 1.00   -
#
300 2.00   -      # test configuration
310 4.00   -      # test configuration
400 0.00   -
320 0.50   -
#
300 2.00   -      # test configuration
310 3.00   -      # test configuration
400 0.00   -
320 1.90   -

[KBdesign]
0  # local orbital [0..lmax]
0  # number of boxes
au      0.1 1.25 5.79

### AE report ########################################

 AE:Orbital    Filling       Eigenvalues[Ry]          Norm
    ----------------------------------------------------------
	100	 2.000	    -210.7320704532
	200	 2.000	     -22.1614827379
	210	 6.000	     -17.0872241634
	300	 2.000	      -2.9451289361	  0.4001506000
	310	 4.000	      -1.8489997184	  0.6753641366
	320	 0.000	      -0.1178097683	  0.9794264867
	400	 0.000	      -0.2663920621	  0.9916013321

      E_tot =     -918.0329245601 Ry

### PS report ########################################



 NOTICE!! :Ghost testing not done for HF psps yet, sorry :( 
    ====================Optimized pseudopotential method====================

                       Pseudopotential convergence error                      
    Orbital      [mRy/e]       [meV/e]         [mRy]        [meV]        Ghost
    --------------------------------------------------------------------------
	100       0.025324      0.344548      0.050648      0.689096	   ???
	210       0.054553      0.742233      0.218212      2.968932	   ???
	320       0.009222      0.125471      0.000000      0.000000	   ???

                  Tot. error =               0.268860      3.658029


### NL/SL report #####################################



 NOTICE!! :Ghost testing not done for HF psps yet, sorry :( 

 SL:Orbital    Filling       Eigenvalues[Ry]          Norm       Ghost
    ------------------------------------------------------------------
	100 	 2.000	      -2.9451286341	  0.4001506185	   ???
	210 	 4.000	      -1.8489994379	  0.6753640890	   ???
	320 	 0.000	      -0.1178104888	  0.9794271490	   ???
	200 	 0.000	      -0.2643524417	  0.9911166341	   ???

      E_tot =      -28.4194245015 Ry

### KE report ########################################

	 ===   Ecut necessary for ~1    eV convergence error / electron === 
	 --------------------------------------------------------------- 
		 	 Ecut[Ry] 	 error [meV/e] 
	100  		   17 	          951.034 
	210  		   8 	          964.607 
	320  		   398 	          203.077 
	200  		   17 	          951.034 
	 ===   Ecut necessary for ~100 meV convergence error / electron === 
	 --------------------------------------------------------------- 
		 	 Ecut[Ry] 	 error [meV/e] 
	100  		   27 	           98.334 
	210  		   14 	           98.563 
	320  		   -----  >400 Ry   -----
	200  		   27 	           98.334 

	 ===   Ecut necessary for  ~10 meV convergence error / electron === 
	 --------------------------------------------------------------- 
		 	 Ecut[Ry] 	 error [meV/e] 
	100  		   35 	            9.730 
	210  		   37 	            9.857 
	320  		   -----  >400 Ry   -----
	200  		   35 	            9.730 

	 ===   Ecut necessary for   ~1 meV convergence error / electron === 
	 --------------------------------------------------------------- 
		 	 Ecut[Ry] 	 error [meV/e] 
	100  		   41 	            0.908 
	210  		   48 	            0.920 
	320  		   -----  >400 Ry   -----
	200  		   41 	            0.908 

### TC report ########################################

 AE:Orbital    Filling       Eigenvalues[Ry]          Norm
    ----------------------------------------------------------
	100	 2.000	    -211.5228602279
	200	 2.000	     -22.9058413702
	210	 6.000	     -17.8293603435
	300	 2.000	      -3.4899046586	  0.3744525744
	310	 3.000	      -2.4477609312	  0.6422553134
	320	 0.500	      -0.6042773450	  0.5622278042
	400	 0.000	      -0.4986002791	  0.9841698916

      E_tot =     -916.5450295824 Ry


 NOTICE!! :Ghost testing not done for HF psps yet, sorry :( 

 SL:Orbital    Filling       Eigenvalues[Ry]          Norm       Ghost
    ------------------------------------------------------------------
	100 	 2.000	      -3.7012833593	  0.3691506224	   ???
	210 	 3.000	      -2.6519351637	  0.6350807649	   ???
	320 	 0.500	      -0.1178097683	  0.9794271507	   ???
	200 	 0.000	      -0.5930607046	  0.9790500587	   ???

      E_tot =      -26.6881140488 Ry

 AE-SL:Orbital Filling       Eigenvalues[mRy]         Norm[1e-3] 
 AE-SL- --------------------------------------------------------------
 AE-SL- 100 	 2.000	     211.3787006294	  5.3019519428	
 AE-SL- 210 	 3.000	     204.1742325161	  7.1745484771	
 AE-SL- 320 	 0.500	    -486.4675767438	-417.1993464626	
 AE-SL- 200 	 0.000	      94.4604254427	  5.1198329162	
 AE-SL-  total error =	     996.4809353320	434.7956797986

 =====================================================================
 AE:Orbital    Filling       Eigenvalues[Ry]          Norm
    ----------------------------------------------------------
	100	 2.000	    -210.2482279768
	200	 2.000	     -21.6853819660
	210	 6.000	     -16.6130544657
	300	 2.000	      -2.5415290154	  0.4144758416
	310	 4.500	      -1.3692098203	  0.6978928267
	320	 0.000	      -0.0278942443	  0.9998140475
	400	 0.000	      -0.0956853702	  0.9968007871

      E_tot =     -918.4765338316 Ry


 NOTICE!! :Ghost testing not done for HF psps yet, sorry :( 

 SL:Orbital    Filling       Eigenvalues[Ry]          Norm       Ghost
    ------------------------------------------------------------------
	100 	 2.000	      -2.5424554883	  0.4143512396	   ???
	210 	 4.500	      -1.3699196116	  0.6976707274	   ???
	320 	 0.000	      -0.1178097683	  0.9794271507	   ???
	200 	 0.000	      -0.2663920621	  0.9720022804	   ???

      E_tot =      -28.8653355390 Ry

 AE-SL:Orbital Filling       Eigenvalues[mRy]         Norm[1e-3] 
 AE-SL- --------------------------------------------------------------
 AE-SL- 100 	 2.000	       0.9264728040	  0.1246020560	
 AE-SL- 210 	 4.500	       0.7097912739	  0.2220992913	
 AE-SL- 320 	 0.000	      89.9155239946	 20.3868968261	
 AE-SL- 200 	 0.000	     170.7066919572	 24.7985066856	
 AE-SL-  total error =	     262.2584800297	 45.5321048589

 =====================================================================
 AE:Orbital    Filling       Eigenvalues[Ry]          Norm
    ----------------------------------------------------------
	100	 2.000	    -210.7880078283
	200	 2.000	     -22.1872573643
	210	 6.000	     -17.1125738919
	300	 2.000	      -2.8667251816	  0.3896098765
	310	 3.500	      -1.7255388736	  0.6665766043
	320	 1.000	      -0.3126160327	  0.7825844386
	400	 0.000	      -0.1371149965	  0.9927004477

      E_tot =     -917.4312189983 Ry


 NOTICE!! :Ghost testing not done for HF psps yet, sorry :( 

 SL:Orbital    Filling       Eigenvalues[Ry]          Norm       Ghost
    ------------------------------------------------------------------
	100 	 2.000	      -2.8659793993	  0.3898525091	   ???
	210 	 3.500	      -1.7266470395	  0.6665988702	   ???
	320 	 1.000	      -0.3122594464	  0.7845125797	   ???
	200 	 0.000	      -0.1353524053	  0.9922361060	   ???

      E_tot =      -27.8168611705 Ry

 AE-SL:Orbital Filling       Eigenvalues[mRy]         Norm[1e-3] 
 AE-SL- --------------------------------------------------------------
 AE-SL- 100 	 2.000	      -0.7457823010	 -0.2426325891	
 AE-SL- 210 	 3.500	       1.1081658271	 -0.0222658215	
 AE-SL- 320 	 1.000	      -0.3565863159	 -1.9281411286	
 AE-SL- 200 	 0.000	      -1.7625912360	  0.4643417734	
 AE-SL-  total error =	       3.9731256800	  2.6573813126

 =====================================================================
 AE:Orbital    Filling       Eigenvalues[Ry]          Norm
    ----------------------------------------------------------
	100	 2.000	    -210.6018758531
	200	 2.000	     -22.0306376138
	210	 6.000	     -16.9564404597
	300	 2.000	      -2.8137788294	  0.4003995576
	310	 4.000	      -1.7181473976	  0.6758120389
	320	 0.500	      -0.1178772072	  0.9792181682
	400	 0.000	      -0.1556961144	  0.9927740467

      E_tot =     -918.0918418838 Ry


 NOTICE!! :Ghost testing not done for HF psps yet, sorry :( 

 SL:Orbital    Filling       Eigenvalues[Ry]          Norm       Ghost
    ------------------------------------------------------------------
	100 	 2.000	      -2.8137631957	  0.4004039539	   ???
	210 	 4.000	      -1.7181532619	  0.6758146826	   ???
	320 	 0.500	      -0.1178778995	  0.9792122325	   ???
	200 	 0.000	      -0.1536571521	  0.9923681332	   ???

      E_tot =      -28.4783464904 Ry

 AE-SL:Orbital Filling       Eigenvalues[mRy]         Norm[1e-3] 
 AE-SL- --------------------------------------------------------------
 AE-SL- 100 	 2.000	      -0.0156337074	 -0.0043963005	
 AE-SL- 210 	 4.000	       0.0058642752	 -0.0026437752	
 AE-SL- 320 	 0.500	       0.0006922770	  0.0059356279	
 AE-SL- 200 	 0.000	      -2.0389622652	  0.4059134428	
 AE-SL-  total error =	       2.0611525249	  0.4188891465

 =====================================================================
 AE:Orbital    Filling       Eigenvalues[Ry]          Norm
    ----------------------------------------------------------
	100	 2.000	    -210.8572070921
	200	 2.000	     -22.2286052344
	210	 6.000	     -17.1535841551
	300	 2.000	      -2.8195168293	  0.3806439991
	310	 3.000	      -1.7874863578	  0.6512643405
	320	 1.900	      -0.1996908144	  0.7617791277
	400	 0.000	      -0.0442258562	  0.9937781307

      E_tot =     -916.9670561065 Ry


 NOTICE!! :Ghost testing not done for HF psps yet, sorry :( 

 SL:Orbital    Filling       Eigenvalues[Ry]          Norm       Ghost
    ------------------------------------------------------------------
	100 	 2.000	      -2.8185951079	  0.3810256583	   ???
	210 	 3.000	      -1.7888390062	  0.6515190349	   ???
	320 	 1.900	      -0.1996044725	  0.7638567641	   ???
	200 	 0.000	      -0.0426997065	  0.9933626632	   ???

      E_tot =      -27.3499062910 Ry

 AE-SL:Orbital Filling       Eigenvalues[mRy]         Norm[1e-3] 
 AE-SL- --------------------------------------------------------------
 AE-SL- 100 	 2.000	      -0.9217214599	 -0.3816592244	
 AE-SL- 210 	 3.000	       1.3526483976	 -0.2546944384	
 AE-SL- 320 	 1.900	      -0.0863419302	 -2.0776363609	
 AE-SL- 200 	 0.000	      -1.5261497273	  0.4154675807	
 AE-SL-  total error =	       3.8868615150	  3.1294576044

 =====================================================================

  Comparison of total energy differences.           
   DD_ij = (E_i - E_j)_AE - (E_i-E_j)_SL     

 AE-SL-   i   j         DD[mRy]        DD[meV] 
 AE-SL- ------------------------------------------
 AE-SL-   0   1       243.415475    3311.837929
 AE-SL-   0   2        -2.301766     -31.317137
 AE-SL-   0   3         0.857769      11.670552
 AE-SL-   0   4        -0.004665      -0.063473
 AE-SL-   0   5         3.649757      49.657498
 AE-SL-   1   2      -245.717241   -3343.155066
 AE-SL-   1   3      -242.557706   -3300.167377
 AE-SL-   1   4      -243.420140   -3311.901403
 AE-SL-   1   5      -239.765718   -3262.180431
 AE-SL-   2   3         3.159535      42.987689
 AE-SL-   2   4         2.297101      31.253664
 AE-SL-   2   5         5.951523      80.974636
 AE-SL-   3   4        -0.862435     -11.734025
 AE-SL-   3   5         2.791988      37.986947
 AE-SL-   4   5         3.654422      49.720972
