
 ++++++++++++++++++++++++++++++++++++++++++++++++++++++++++++++++++++++++
           OPIUM  Version:        3.8                             
           =====================================            
 See http://opium.sourceforge.net for help and information                 
 Copyright 2009 : The OPIUM project                         

 Compile host     : vagvlan567.217.wlan.design.upenn.edu
 Compile OS       : Darwin 14.1.0 i386
 Compile date     : Wed Mar 18 18:57:27 EDT 2015

 Execution host   : vagvlan567.0723.wlan.wireless-pennnet.upenn.edu
 time of execution: Wed Oct 14 16:34:21 2015

 ++++++++++++++++++++++++++++++++++++++++++++++++++++++++++++++++++++++++
 Reading parameter file:  <al.param> ... 
 File prefix             : al 
 Element                 : Aluminum   (Al) 
 Z                       : 13 
 
 Number of all-electron orbitals   : 6 
 Number of pseudo       orbitals   : 3 
 
 Pseudopotential is non-relativistic 
 Using Hartree-Fock Exchange (Beta!!)                
 HF pseudopotential NOT being smoothed! 
 The s potential is used for the KB construction 
 Optimized (RRKJ) pseudopotential method will be used 

 nl    cutoff radii    q-max      # bessel functions
 3s       1.850        7.070              10 
 3p       1.850        7.070              10 
 3d       1.970        7.070              10 

 Reference Configuration: core  <-/-> valence 
 1s2  2s2  2p6  <-/-> 3s2  3p0.1  3d0 

 Grid definitions: 
 a_grid=1.00e-04    b_grid=1.30e-02    # points=1142 
 r(1)=4.25e-05      r(np)=1.18e+02    

 dEmax tolerance:  1.00e-08      dVmax tolerance:  1.00e-06     

 Starting calculation...

 ======================================================================== 
 Begin AE calculation
 ======================================================================== 
 Performing non-relativistic AE calculation...  
 Rotation needed            1           2   1.0000000000000001E-005
 Rotation needed            1           4   1.0000000000000001E-005
 Rotation needed            2           4   1.0000000000000001E-005
 Rotation needed            3           5   1.0000000000000001E-005

 iter       Etot             Eeig             Ehart    de_max   dv_max
   1     -501.7160414     319.6249780     187.6751227 0.25E+02 0.21E+00
 Rotation needed            3           5  -4.1938878707813193E-006
   2     -484.0677913     300.8761480     188.7875875 0.14E+00 0.28E-02
 Rotation needed            3           5   3.3443710842411882E-006
   3     -483.3220774     300.2657917     188.6482763 0.16E-01 0.30E-03
 Rotation needed            3           5   1.0220947465473393E-005
   4     -483.3885712     300.3274705     188.6535228 0.77E-03 0.43E-04
 Rotation needed            3           5   1.0200426618835157E-005
   5     -483.3884538     300.3273984     188.6534757 0.14E-04 0.98E-06
 Rotation needed            3           5   1.0198881844369497E-005
   6     -483.3884849     300.3274274     188.6534779 0.27E-06 0.12E-05
 Rotation needed            3           5   1.0197887899745419E-005
   7     -483.3884843     300.3274268     188.6534779 0.18E-07 0.41E-06

 Hartree-Fock converged!
      {100|200}= 4.2D-17
      {100|300}=-3.1D-17
      {200|300}= 3.2D-17
      {210|310}=-1.0D-17

    7 iterations: (units are Ry and bohr)
 Energy:    -483.38848433    Ebs:    -300.32742676
 Eh:         188.65347793    Ex :      -5.59242036

   Orbital    Filling       Eigenvalues    Norm(rc->oo)      Peak
    |100>      2.000        -117.562699
    |200>      2.000         -10.374187
    |210>      6.000          -6.984834
    |300>      2.000          -1.252692      0.730488      2.037404
    |310>      0.100          -0.392682      0.901987      2.747459
    |320>      0.000          -0.093553      0.998524      9.324791

 ======================================================================== 
 End AE calculation
 ======================================================================== 

 ======================================================================== 
 Begin PS construction
 ======================================================================== 
 Optimized Pseudopotential Generation ...

 ==================
 zeff=   3.0000000000000000     
 Pseudizing state : |300>
 eigenvalue       : -1.252692
 qc               :  7.070000
 # bessel fxns    : 10
 point nearest rc :  823
 rc               :  1.850000
 actual rc        :  1.860186

 Psi(rc)          :     0.3693922432
 Slope at rc      :    -0.1359778796
 Curvature at rc  :    -0.2555176961
 Del^2 Psi at rc  :    -0.4017158462
 Log Deriv at rc  :    -0.3681124389

 Starting KE minimization...
  step #    theta       slope       curv       KEresid    coeffsum
     1    0.001831   -0.148771   40.620166    0.000011    0.045929
     2   -0.000500    0.018847   18.836380    0.000006    0.050958

 # steps:     2
 Final KE error:    0.0000058886
 Sum of coeffs :    0.0509581245
 ---------------------------------------------------------------
 Coeff:      0.420719 -0.331061 -0.046200  0.009394 -0.004753  0.001762 -0.001435  0.001380 -0.000626  0.001779
 ---------------------------------------------------------------
 Resid KE (Ry)     :        0.0000058886
 Norm error        :    -0.389E-15
 Continuity error  :     0.167E-15
 Curvature error   :     0.231E-13
 ---------------------------------------------------------------
 Bessel wavevectors and final coefficients
   1        0.7201918321        0.4207186381
   2        2.4968579550       -0.3310608774
   3        4.2004714887       -0.0462003953
   4        5.8955592911        0.0093939578
   5        7.5878628105       -0.0047530359
   6        9.2789094038        0.0017616183
   7       10.9692813515       -0.0014351005
   8       12.6592492248        0.0013804875
   9       14.3489559200       -0.0006260450
  10       16.0384840412        0.0017788769

 Total KE           (Ry) :     0.4392595019
 0  -> qc contribution   :     0.4392536133
 qc -> oo contribution   :     0.0000058886   (=Convergence term)
 Occupancy of this state :     2.0000000000
 Convergence term (Ry/e) :     0.0000058886
 Convergence error (mRy) :     0.0117772507
 Convergence error (meV) :     0.1602389177


 ==================
 zeff=   3.0000000000000000     
 Pseudizing state : |310>
 eigenvalue       : -0.392682
 qc               :  7.070000
 # bessel fxns    : 10
 point nearest rc :  823
 rc               :  1.850000
 actual rc        :  1.860186

 Psi(rc)          :     0.2458795931
 Slope at rc      :    -0.0022944127
 Curvature at rc  :    -0.1998300656
 Del^2 Psi at rc  :    -0.3444118625
 Log Deriv at rc  :    -0.0093314481

 Starting KE minimization...
  step #    theta       slope       curv       KEresid    coeffsum
     1    0.000249   -0.007488   15.057958    0.000002    0.543137

 # steps:     1
 Final KE error:    0.0000020782
 Sum of coeffs :    0.5431371294
 ---------------------------------------------------------------
 Coeff:      0.557374 -0.015332  0.001366 -0.000371  0.000071 -0.000017  0.000076 -0.000117  0.000189 -0.000103
 ---------------------------------------------------------------
 Resid KE (Ry)     :        0.0000020782
 Norm error        :    -0.416E-16
 Continuity error  :     0.278E-16
 Curvature error   :     0.122E-13
 ---------------------------------------------------------------
 Bessel wavevectors and final coefficients
   1        1.1272882154        0.5573737807
   2        3.1950930557       -0.0153323752
   3        4.9499195409        0.0013661596
   4        6.6691516216       -0.0003712362
   5        8.3756997684        0.0000711172
   6       10.0761840659       -0.0000168947
   7       11.7732806558        0.0000762713
   8       13.4682874217       -0.0001165825
   9       15.1619124564        0.0001894378
  10       16.8545756662       -0.0001025486

 Total KE           (Ry) :     0.4798942364
 0  -> qc contribution   :     0.4798921582
 qc -> oo contribution   :     0.0000020782   (=Convergence term)
 Occupancy of this state :     0.1000000000
 Convergence term (Ry/e) :     0.0000020782
 Convergence error (mRy) :     0.0002078203
 Convergence error (meV) :     0.0028275613


 ==================
 zeff=   3.0000000000000000     
 Pseudizing state : |320>
 eigenvalue       : -0.093553
 qc               :  7.070000
 # bessel fxns    : 10
 point nearest rc :  827
 rc               :  1.970000
 actual rc        :  1.959475

 Psi(rc)          :     0.0291870602
 Slope at rc      :     0.0089319752
 Curvature at rc  :    -0.0047554925
 Del^2 Psi at rc  :    -0.0412490143
 Log Deriv at rc  :     0.3060251746

 Starting KE minimization...
  step #    theta       slope       curv       KEresid    coeffsum
     1    0.004417   -0.001246    0.141091    0.000002    0.130104

 # steps:     1
 Final KE error:    0.0000017947
 Sum of coeffs :    0.1301037060
 ---------------------------------------------------------------
 Coeff:      0.106539  0.016660  0.004820  0.002151  0.000401  0.000319 -0.000080  0.000069 -0.000419 -0.000356
 ---------------------------------------------------------------
 Resid KE (Ry)     :        0.0000017947
 Norm error        :    -0.434E-18
 Continuity error  :    -0.694E-17
 Curvature error   :    -0.847E-15
 ---------------------------------------------------------------
 Bessel wavevectors and final coefficients
   1        1.4765560936        0.1065393491
   2        3.6730751304        0.0166599904
   3        5.3862538403        0.0048195717
   4        7.0434325511        0.0021506179
   5        8.6793606612        0.0004013118
   6       10.3046842912        0.0003189270
   7       11.9238962474       -0.0000800732
   8       13.5392478043        0.0000688902
   9       15.1519990758       -0.0004190663
  10       16.7629129030       -0.0003558123

 Total KE           (Ry) :     0.1118671820
 0  -> qc contribution   :     0.1118653873
 qc -> oo contribution   :     0.0000017947   (=Convergence term)
 Occupancy of this state :     0.0000000000
 Convergence term (Ry/e) :     0.0000017947
 Convergence error (mRy) :     0.0000000000
 Convergence error (meV) :     0.0000000000


 Running HF solver for raw psp...
 Results of HF psp solve...
 State: 1s  AE eigenvalue =  -1.252692  PS eigenvalue =  -1.252692
 State: 2p  AE eigenvalue =  -0.392682  PS eigenvalue =  -0.392682
 State: 3d  AE eigenvalue =  -0.093553  PS eigenvalue =  -0.093553

 ======================================================================== 
 End PS construction
 ======================================================================== 

 ======================================================================== 
 Begin SL calculation
 ======================================================================== 

 iter       Etot             Eeig             Ehart    de_max   dv_max
   1       -3.3891360       2.5446527       0.8565880 0.18E-07 0.63E-09

 Hartree-Fock converged!

 Converged in 1 iteration (probably reference state)
 Energy:      -3.38913603    Ebs:      -2.54465270
 Eh:           0.85658797    Ex :      -0.01210464

   Orbital    Filling       Eigenvalues    Norm(rc->oo)      Peak
    |100>      2.000          -1.252692      0.730488      2.037404
    |210>      0.100          -0.392682      0.901987      2.747459
    |320>      0.000          -0.093553      0.998524      9.324791

 ======================================================================== 
 End SL calculation
 ======================================================================== 
<<<do_tc>>>


 ===============Configuration 1 AE Calc=============== 
 Rotation needed            1           2   1.0000000000000001E-005
 Rotation needed            1           4   1.0000000000000001E-005
 Rotation needed            2           4   1.0000000000000001E-005
 Rotation needed            3           5   1.0000000000000001E-005
  6            117.6455757016 0.214E-02 0.251E-02 0.100E-06  : function truncated in nmrvs
  6            117.6455757016 0.211E-02 0.248E-02 0.100E-06  : function truncated in nmrvs
  6            117.6455757016-0.164E-04-0.215E-04 0.100E-06  : function truncated in nmrvs
  6            117.6455757016-0.162E-04-0.212E-04 0.100E-06  : function truncated in nmrvs

 iter       Etot             Eeig             Ehart    de_max   dv_max
   1     -502.2760410     317.4469485     190.4674695 0.25E+02 0.17E+00
 Rotation needed            3           5  -8.8322764460288650E-005
  6            117.6455757016 0.210E-03 0.246E-03 0.100E-06  : function truncated in nmrvs
  6            117.6455757016 0.102E-03 0.119E-03 0.100E-06  : function truncated in nmrvs
  6            117.6455757016-0.166E-05-0.218E-05 0.100E-06  : function truncated in nmrvs
  6            117.6455757016-0.806E-06-0.106E-05 0.100E-06  : function truncated in nmrvs
 Solve for HF wfn failed, orthogonalizing...
 Rotation needed            3           5   8.4752384439368636E-005
  6            117.6455757016 0.210E-03 0.246E-03 0.100E-06  : function truncated in nmrvs
  6            117.6455757016 0.102E-03 0.119E-03 0.100E-06  : function truncated in nmrvs
  6            117.6455757016-0.528E-03-0.618E-03 0.100E-06  : function truncated in nmrvs
  6            117.6455757016-0.166E-05-0.218E-05 0.100E-06  : function truncated in nmrvs
  6            117.6455757016-0.805E-06-0.105E-05 0.100E-06  : function truncated in nmrvs
  6            117.6455757016-0.109E-04-0.143E-04 0.100E-06  : function truncated in nmrvs
  6            117.6455757016-0.381E-05-0.460E-05 0.100E-06  : function truncated in nmrvs
  6            117.6455757016-0.217E-05-0.262E-05 0.100E-06  : function truncated in nmrvs
  6            117.6455757016-0.175E-03-0.211E-03 0.100E-06  : function truncated in nmrvs
  6            117.6455757016-0.450E-05-0.548E-05 0.100E-06  : function truncated in nmrvs
  6            117.6455757016-0.268E-05-0.326E-05 0.100E-06  : function truncated in nmrvs
  6            117.6455757016-0.859E-04-0.105E-03 0.100E-06  : function truncated in nmrvs
  6            117.6455757016-0.382E-05-0.468E-05 0.100E-06  : function truncated in nmrvs
  6            117.6455757016-0.230E-05-0.282E-05 0.100E-06  : function truncated in nmrvs
  6            117.6455757016-0.412E-04-0.505E-04 0.100E-06  : function truncated in nmrvs
   2     -484.2437610     298.2636523     191.6295195 0.34E+00 0.85E-02
 Rotation needed            3           5   1.9871399758125710E-004
  6            117.6455757016-0.107E-06-0.132E-06 0.100E-06  : function truncated in nmrvs
  6            117.6455757016 0.138E-06 0.169E-06 0.100E-06  : function truncated in nmrvs
  6            117.6455757016 0.601E-04 0.727E-04 0.100E-06  : function truncated in nmrvs
  6            117.6455757016-0.467E-06-0.573E-06 0.100E-06  : function truncated in nmrvs
  6            117.6455757016-0.130E-06-0.160E-06 0.100E-06  : function truncated in nmrvs
  6            117.6455757016 0.677E-04 0.820E-04 0.100E-06  : function truncated in nmrvs
   3     -483.5053281     297.5936593     191.5590788 0.17E-01 0.22E-03
 Rotation needed            3           5   2.8577166576446795E-004
  6            117.6455757016-0.574E-06-0.705E-06 0.100E-06  : function truncated in nmrvs
  6            117.6455757016-0.212E-06-0.260E-06 0.100E-06  : function truncated in nmrvs
  6            117.6455757016 0.685E-04 0.829E-04 0.100E-06  : function truncated in nmrvs
  6            117.6455757016-0.641E-06-0.787E-06 0.100E-06  : function truncated in nmrvs
  6            117.6455757016-0.263E-06-0.322E-06 0.100E-06  : function truncated in nmrvs
  6            117.6455757016 0.687E-04 0.832E-04 0.100E-06  : function truncated in nmrvs
   4     -483.5475157     297.6311745     191.5641061 0.46E-03 0.21E-04
 Rotation needed            3           5   2.8584427457012835E-004
  6            117.6455757016-0.665E-06-0.816E-06 0.100E-06  : function truncated in nmrvs
  6            117.6455757016-0.280E-06-0.344E-06 0.100E-06  : function truncated in nmrvs
  6            117.6455757016 0.687E-04 0.833E-04 0.100E-06  : function truncated in nmrvs
  6            117.6455757016-0.681E-06-0.836E-06 0.100E-06  : function truncated in nmrvs
  6            117.6455757016-0.293E-06-0.360E-06 0.100E-06  : function truncated in nmrvs
  6            117.6455757016 0.687E-04 0.832E-04 0.100E-06  : function truncated in nmrvs
   5     -483.5476942     297.6313431     191.5641132 0.53E-05 0.10E-05
 Rotation needed            3           5   2.8590720666912269E-004
  6            117.6455757016-0.688E-06-0.844E-06 0.100E-06  : function truncated in nmrvs
  6            117.6455757016-0.298E-06-0.366E-06 0.100E-06  : function truncated in nmrvs
  6            117.6455757016 0.687E-04 0.832E-04 0.100E-06  : function truncated in nmrvs
  6            117.6455757016-0.693E-06-0.850E-06 0.100E-06  : function truncated in nmrvs
  6            117.6455757016-0.302E-06-0.371E-06 0.100E-06  : function truncated in nmrvs
  6            117.6455757016 0.687E-04 0.832E-04 0.100E-06  : function truncated in nmrvs
   6     -483.5476789     297.6313340     191.5641062 0.23E-06 0.86E-06
 Rotation needed            3           5   2.8590574647371236E-004
  6            117.6455757016-0.695E-06-0.853E-06 0.100E-06  : function truncated in nmrvs
  6            117.6455757016-0.304E-06-0.372E-06 0.100E-06  : function truncated in nmrvs
  6            117.6455757016 0.687E-04 0.832E-04 0.100E-06  : function truncated in nmrvs
  6            117.6455757016-0.696E-06-0.855E-06 0.100E-06  : function truncated in nmrvs
  6            117.6455757016-0.305E-06-0.374E-06 0.100E-06  : function truncated in nmrvs
  6            117.6455757016 0.687E-04 0.832E-04 0.100E-06  : function truncated in nmrvs
   7     -483.5476863     297.6313391     191.5641082 0.57E-07 0.91E-06

 Hartree-Fock converged!
      {100|200}= 5.1D-17
      {100|300}= 3.1D-18
      {200|300}= 1.4D-17
      {210|310}= 7.9D-18

    7 iterations: (units are Ry and bohr)
 Energy:    -483.54768628    Ebs:    -297.63133914
 Eh:         191.56410819    Ex :      -5.64776105

   Orbital    Filling       Eigenvalues    Norm(rc->oo)      Peak
    |100>      2.000        -117.314436
    |200>      2.000         -10.129311
    |210>      6.000          -6.741921
    |300>      2.000          -1.045263      0.744255      2.064063
    |310>      0.500          -0.403591      0.899063      2.711973
    |320>      0.000          -0.028094      0.999949     17.631314
!!NOTE!!: All Hartree-Fock tests are done with the semi-local form of the potential 
!!NOTE!!: Use the 'sl' command instead of the 'nl' command to remove this warning...


 ===============Configuration 1 SL: Calc ===============
  3            117.6455757016 0.104E-01 0.112E-01 0.100E-06  : function truncated in nmrvs
  3            117.6455757016 0.838E-02 0.908E-02 0.100E-06  : function truncated in nmrvs
 method 1  unable to solve equation for electron 3 2
          nc =   3   nj = 866   ed =   0.049685   el =   0.008783   eu =   1.093553
 HF solver failed:  #fails=           1
 Solve for HF wfn failed, orthogonalizing...
  3            117.6455757016 0.104E-01 0.112E-01 0.100E-06  : function truncated in nmrvs
  3            117.6455757016 0.838E-02 0.908E-02 0.100E-06  : function truncated in nmrvs
 method 1  unable to solve equation for electron 3 2
          nc =   3   nj = 866   ed =   0.049685   el =   0.008783   eu =   1.093553
 HF solver failed:  #fails=           2
  3            117.6455757016 0.104E-01 0.112E-01 0.100E-06  : function truncated in nmrvs
  3            117.6455757016 0.838E-02 0.908E-02 0.100E-06  : function truncated in nmrvs
  3            117.6455757016-0.423E+00-0.458E+00 0.100E-06  : function truncated in nmrvs
 method 2  unable to solve equation for electron 3 2
          nc =   3   nj = 861   ed =   0.049685   el =   0.008783   eu =   1.093553
 HF solver failed:  #fails=           3

 iter       Etot             Eeig             Ehart    de_max   dv_max
   1       -3.5482643       2.2935941       1.3165119 0.17E+00 0.59E-04
  3            117.6455757016 0.140E-01 0.153E-01 0.100E-06  : function truncated in nmrvs
  3            117.6455757016 0.111E-01 0.120E-01 0.100E-06  : function truncated in nmrvs
 method 1  unable to solve equation for electron 3 2
          nc =   3   nj = 866   ed =   0.049451   el =   0.008742   eu =   1.093553
 HF solver failed:  #fails=           4
 Solve for HF wfn failed, orthogonalizing...
  3            117.6455757016 0.140E-01 0.153E-01 0.100E-06  : function truncated in nmrvs
  3            117.6455757016 0.111E-01 0.120E-01 0.100E-06  : function truncated in nmrvs
 method 1  unable to solve equation for electron 3 2
          nc =   3   nj = 866   ed =   0.049451   el =   0.008742   eu =   1.093553
 HF solver failed:  #fails=           5
  3            117.6455757016 0.140E-01 0.153E-01 0.100E-06  : function truncated in nmrvs
  3            117.6455757016 0.111E-01 0.120E-01 0.100E-06  : function truncated in nmrvs
  3            117.6455757016-0.441E+00-0.481E+00 0.100E-06  : function truncated in nmrvs
 method 2  unable to solve equation for electron 3 2
          nc =   3   nj = 862   ed =   0.049451   el =   0.008742   eu =   1.093553
 HF solver failed:  #fails=           6
   2       -3.5482626       2.2935916       1.3165130 0.31E-05 0.24E-06
  3            117.6455757016 0.140E-01 0.153E-01 0.100E-06  : function truncated in nmrvs
  3            117.6455757016 0.111E-01 0.120E-01 0.100E-06  : function truncated in nmrvs
 method 1  unable to solve equation for electron 3 2
          nc =   3   nj = 866   ed =   0.049451   el =   0.008742   eu =   1.093553
 HF solver failed:  #fails=           7
 Solve for HF wfn failed, orthogonalizing...
  3            117.6455757016 0.140E-01 0.153E-01 0.100E-06  : function truncated in nmrvs
  3            117.6455757016 0.111E-01 0.120E-01 0.100E-06  : function truncated in nmrvs
 method 1  unable to solve equation for electron 3 2
          nc =   3   nj = 866   ed =   0.049451   el =   0.008742   eu =   1.093553
 HF solver failed:  #fails=           8
  3            117.6455757016 0.140E-01 0.153E-01 0.100E-06  : function truncated in nmrvs
  3            117.6455757016 0.111E-01 0.120E-01 0.100E-06  : function truncated in nmrvs
  3            117.6455757016-0.441E+00-0.481E+00 0.100E-06  : function truncated in nmrvs
 method 2  unable to solve equation for electron 3 2
          nc =   3   nj = 862   ed =   0.049451   el =   0.008742   eu =   1.093553
 HF solver failed:  #fails=           9
   3       -3.5482617       2.2935908       1.3165129 0.38E-06 0.42E-07
  3            117.6455757016 0.140E-01 0.153E-01 0.100E-06  : function truncated in nmrvs
  3            117.6455757016 0.111E-01 0.120E-01 0.100E-06  : function truncated in nmrvs
 method 1  unable to solve equation for electron 3 2
          nc =   3   nj = 866   ed =   0.049451   el =   0.008742   eu =   1.093553
 HF solver failed:  #fails=          10
 Solve for HF wfn failed, orthogonalizing...
  3            117.6455757016 0.140E-01 0.153E-01 0.100E-06  : function truncated in nmrvs
  3            117.6455757016 0.111E-01 0.120E-01 0.100E-06  : function truncated in nmrvs
 method 1  unable to solve equation for electron 3 2
          nc =   3   nj = 866   ed =   0.049451   el =   0.008742   eu =   1.093553
 HF solver failed:  #fails=          11
  3            117.6455757016 0.140E-01 0.153E-01 0.100E-06  : function truncated in nmrvs
  3            117.6455757016 0.111E-01 0.120E-01 0.100E-06  : function truncated in nmrvs
  3            117.6455757016-0.441E+00-0.481E+00 0.100E-06  : function truncated in nmrvs
 method 2  unable to solve equation for electron 3 2
          nc =   3   nj = 862   ed =   0.049451   el =   0.008742   eu =   1.093553
 HF solver failed:  #fails=          12
   4       -3.5482617       2.2935908       1.3165129 0.77E-08 0.10E-07

 Hartree-Fock converged!

    4 iterations: (units are Ry and bohr)
 Energy:      -3.54826175    Ebs:      -2.29359078
 Eh:           1.31651293    Ex :      -0.06184196

   Orbital    Filling       Eigenvalues    Norm(rc->oo)      Peak
    |100>      2.000          -1.045995      0.744023      2.064063
    |210>      0.500          -0.403202      0.899272      2.711973
    |320>      0.000          -0.093553      0.998524      9.324791


 ===============Configuration 2 AE Calc=============== 
 Rotation needed            1           2   1.0000000000000001E-005
 Rotation needed            1           4   1.0000000000000001E-005
 Rotation needed            2           4   1.0000000000000001E-005
 Rotation needed            3           5   1.0000000000000001E-005

 iter       Etot             Eeig             Ehart    de_max   dv_max
   1     -498.3015498     321.7945163     182.0360843 0.26E+02 0.20E+00
 Rotation needed            1           4  -3.2759291408797174E-005
 Rotation needed            2           4   1.1337067778381853E-004
   2     -482.8196248     305.1950456     183.1612754 0.11E+00 0.55E-02
 Rotation needed            1           4   3.3470288243750326E-004
 Rotation needed            2           4   3.2763432202237018E-003
   3     -482.6808155     305.1052938     183.1121631 0.45E+00 0.22E-03
 Rotation needed            1           4   3.8590058192982670E-004
 Rotation needed            2           4   3.9045675954698907E-003
   4     -482.6999249     305.1241348     183.1123711 0.20E+00 0.12E-05
 Rotation needed            1           4   3.8372989005670149E-004
 Rotation needed            2           4   3.9028048677562321E-003
   5     -482.6999440     305.1241503     183.1123756 0.86E-03 0.53E-06
 Rotation needed            1           4   3.8385165114181700E-004
 Rotation needed            2           4   3.9028826388713815E-003
   6     -482.6999394     305.1241467     183.1123746 0.78E-07 0.53E-06

 Hartree-Fock converged!
      {100|200}=-2.1D-17
      {100|300}=-5.9D-18
      {200|300}=-2.6D-17

    6 iterations: (units are Ry and bohr)
 Energy:    -482.69993939    Ebs:    -305.12414669
 Eh:         183.11237457    Ex :      -5.53658187

   Orbital    Filling       Eigenvalues    Norm(rc->oo)      Peak
    |100>      2.000        -118.076112
    |200>      2.000         -10.869171
    |210>      6.000          -7.485716
    |300>      1.500          -1.546189      0.708647      1.985114
    |310>      0.000          -0.658500      0.873321      2.574554
    |320>      0.000          -0.269861      0.982994      5.194896


 ===============Configuration 2 SL: Calc ===============
 method 1  unable to solve equation for electron 1 0
          nc =   4   nj = 813   ed =  12.183997   el =   1.372845   eu =  13.728448
 HF solver failed:  #fails=           1
 Solve for HF wfn failed, orthogonalizing...
 method 1  unable to solve equation for electron 1 0
          nc =   4   nj = 813   ed =  12.183997   el =   1.372845   eu =  13.728447
 HF solver failed:  #fails=           2
 Solve for HF wfn failed, orthogonalizing...

 iter       Etot             Eeig             Ehart    de_max   dv_max
   1       -2.7004581       2.3192375       0.3812206 0.24E+01 0.12E-04
   2       -2.7004574       2.3192355       0.3812219 0.33E-01 0.14E-05
   3       -2.7004574       2.3192355       0.3812219 0.75E-04 0.12E-05
   4       -2.7004574       2.3192354       0.3812220 0.35E-07 0.11E-05

 Hartree-Fock converged!

    4 iterations: (units are Ry and bohr)
 Energy:      -2.70045740    Ebs:      -2.31923545
 Eh:           0.38122196    Ex :       0.00000000

   Orbital    Filling       Eigenvalues    Norm(rc->oo)      Peak
    |100>      1.500          -1.546157      0.708466      1.985114
    |210>      0.000          -0.657645      0.873217      2.574554
    |320>      0.000          -0.269838      0.983025      5.194896


 ===============Configuration 3 AE Calc=============== 
 Rotation needed            1           2   1.0000000000000001E-005
 Rotation needed            1           4   1.0000000000000001E-005
 Rotation needed            2           4   1.0000000000000001E-005
 Rotation needed            3           5   1.0000000000000001E-005

 iter       Etot             Eeig             Ehart    de_max   dv_max
   1     -499.7949061     318.1039018     187.2839263 0.25E+02 0.18E+00
   2     -483.4616018     301.0670511     187.9739019 0.12E+00 0.52E-02
   3     -483.3334952     300.9854160     187.9270386 0.45E+00 0.14E-03
   4     -483.3493395     301.0005660     187.9277556 0.33E+00 0.11E-05
   5     -483.3493393     301.0005670     187.9277543 0.47E-02 0.14E-06
   6     -483.3493413     301.0005687     187.9277547 0.16E-02 0.57E-07
   7     -483.3493408     301.0005684     187.9277545 0.32E-02 0.65E-07
   8     -483.3493410     301.0005685     187.9277546 0.73E-02 0.65E-07
   9     -483.3493409     301.0005684     187.9277546 0.22E-01 0.65E-07
  10     -483.3493409     301.0005685     187.9277546 0.14E+00 0.65E-07
  11     -483.3493409     301.0005685     187.9277546 0.35E+00 0.65E-07
  12     -483.3493409     301.0005685     187.9277546 0.31E+00 0.65E-07
  13     -483.3493409     301.0005685     187.9277546 0.93E-01 0.65E-07
  14     -483.3493409     301.0005685     187.9277546 0.37E+00 0.65E-07
  15     -483.3493409     301.0005685     187.9277546 0.47E-01 0.65E-07
  16     -483.3493409     301.0005685     187.9277546 0.53E-02 0.65E-07
  17     -483.3493409     301.0005685     187.9277546 0.14E-01 0.65E-07
  18     -483.3493409     301.0005685     187.9277546 0.62E-01 0.65E-07
  19     -483.3493409     301.0005685     187.9277546 0.42E+00 0.65E-07
  20     -483.3493409     301.0005685     187.9277546 0.91E-01 0.65E-07
  21     -483.3493409     301.0005685     187.9277546 0.60E-01 0.65E-07
  22     -483.3493409     301.0005685     187.9277546 0.20E+00 0.65E-07
 method 1  unable to solve equation for electron 3 1
          nc =   0   nj = 790   ed =   0.222894   el =   0.081633   eu =   7.333210
 HF solver failed:  #fails=           1
 Solve for HF wfn failed, orthogonalizing...
 method 1  unable to solve equation for electron 3 1
          nc =   0   nj = 790   ed =   0.222894   el =   0.081633   eu =   7.333210
 HF solver failed:  #fails=           2
 method 2  unable to solve equation for electron 3 1
          nc =   1   nj = 710   ed =   0.222894   el =   0.081633   eu =   7.333210
 HF solver failed:  #fails=           3
  23     -483.3493409     301.0005685     187.9277546 0.51E+00 0.65E-07
 method 1  unable to solve equation for electron 3 1
          nc =   0   nj = 790   ed =   0.222894   el =   0.081633   eu =   7.333210
 HF solver failed:  #fails=           4
 Solve for HF wfn failed, orthogonalizing...
 method 1  unable to solve equation for electron 3 1
          nc =   0   nj = 790   ed =   0.222894   el =   0.081633   eu =   7.333210
 HF solver failed:  #fails=           5
 method 2  unable to solve equation for electron 3 1
          nc =   1   nj = 710   ed =   0.222894   el =   0.081633   eu =   7.333210
 HF solver failed:  #fails=           6
 method 1  unable to solve equation for electron 3 1
          nc =   0   nj = 790   ed =   0.222894   el =   0.081633   eu =   7.333210
 HF solver failed:  #fails=           7
 Solve for HF wfn failed, orthogonalizing...
 method 1  unable to solve equation for electron 3 1
          nc =   0   nj = 790   ed =   0.222894   el =   0.081633   eu =   7.333210
 HF solver failed:  #fails=           8
 method 2  unable to solve equation for electron 3 1
          nc =   1   nj = 710   ed =   0.222894   el =   0.081633   eu =   7.333210
 HF solver failed:  #fails=           9
  24     -483.3493409     301.0005685     187.9277546 0.14E-13 0.65E-07

 Hartree-Fock converged!
      {100|200}= 2.7D-18
      {100|300}= 1.0D-17
      {200|300}= 6.3D-17

   24 iterations: (units are Ry and bohr)
 Energy:    -483.34934093    Ebs:    -301.00056846
 Eh:         187.92775456    Ex :      -5.57898209

   Orbital    Filling       Eigenvalues    Norm(rc->oo)      Peak
    |100>      2.000        -117.624505
    |200>      2.000         -10.435164
    |210>      6.000          -7.045340
    |300>      2.000          -1.304597      0.727198      2.037404
    |310>      0.000          -0.591496      0.385564     21.707906
    |320>      0.000          -0.115850      0.997581      8.295196


 ===============Configuration 3 SL: Calc ===============
 Solve for HF wfn failed, orthogonalizing...

 iter       Etot             Eeig             Ehart    de_max   dv_max
   1       -3.3499893       2.6088600       0.7411293 0.23E+00 0.33E-05
   2       -3.3499888       2.6088586       0.7411302 0.78E-03 0.77E-06
   3       -3.3499887       2.6088584       0.7411303 0.23E-05 0.48E-06
   4       -3.3499888       2.6088583       0.7411304 0.15E-06 0.35E-06
   5       -3.3499887       2.6088582       0.7411305 0.10E-06 0.18E-06

 Hartree-Fock converged!

    5 iterations: (units are Ry and bohr)
 Energy:      -3.34998872    Ebs:      -2.60885824
 Eh:           0.74113048    Ex :       0.00000000

   Orbital    Filling       Eigenvalues    Norm(rc->oo)      Peak
    |100>      2.000          -1.304429      0.727250      2.037404
    |210>      0.000          -0.390279      0.902627      2.747459
    |320>      0.000          -0.115850      0.997581      8.295196
   ------------------------------------------------
   ================================================

 ======================================================================== 
 Begin KE convergence testing
 ======================================================================== 
 ----------------------------------------------------------------------
                     Kinetic energy convergence
      ==============================|100>==============================
      Ecut(Ry)  KE/electron(Ry)         KE error/electron (mRy,meV)
         5       0.367753829                71.505610     972.883884
        10       0.432222573                 7.036866      95.741490
        14       0.438525453                 0.733986       9.986394
        19       0.439191485                 0.067954       0.924565
      ==============================|210>==============================
      Ecut(Ry)  KE/electron(Ry)         KE error/electron (mRy,meV)
         1       0.407265069                72.629513     988.175362
         3       0.472765202                 7.129380      97.000210
         8       0.479177385                 0.717197       9.757970
        14       0.479822684                 0.071898       0.978221
      ==============================|320>==============================
      Ecut(Ry)  KE/electron(Ry)         KE error/electron (mRy,meV)

 ======================================================================== 
 End KE convergence testing
 ======================================================================== 
<<<do_rpt>>>
<<<do_upf>>>
------------- closing opium session ------------
