##########################################################
#    Opium Report File                                   #
##########################################################
     Opium version:        3.8

### copy of the parameter file #######################

[Atom]
Al
6
100 2.00  -13.0   # reference configuration
200 2.00   -1.4   # reference configuration
210 6.00   -0.4   # reference configuration
300 2.00   -0.1   # reference configuration
310 0.10  -13.0   # reference configuration
320 0.00   -1.4   # reference configuration
[Pseudo]
3 1.85 1.85 1.97
opt
[Optinfo]
7.07 10    # rc[a.u.] qc[sqrt(Ry)] Nb
7.07 10
7.07 10
[XC]
hf
[Configs]
3                 # number of valence configurations
#
300  2.00  -13.0   # nlm occ eigen(- means auto-generate)
310  0.50   -6.0 
320  0.00   -6.0
#
300  1.50  -13.0 
310  0.00   -6.0 
320  0.00   -6.0
#
300  2.00  -13.0 
310  0.00   -6.0 
320  0.00   -6.0

### AE report ########################################

 AE:Orbital    Filling       Eigenvalues[Ry]          Norm
    ----------------------------------------------------------
	100	 2.000	    -117.5626989641
	200	 2.000	     -10.3741867102
	210	 6.000	      -6.9848337862
	300	 2.000	      -1.2526922285	  0.7304880007
	310	 0.100	      -0.3926824119	  0.9019873777
	320	 0.000	      -0.0935534571	  0.9985238191

      E_tot =     -483.3884843313 Ry

### PS report ########################################



 NOTICE!! :Ghost testing not done for HF psps yet, sorry :( 
    ====================Optimized pseudopotential method====================

                       Pseudopotential convergence error                      
    Orbital      [mRy/e]       [meV/e]         [mRy]        [meV]        Ghost
    --------------------------------------------------------------------------
	100       0.005889      0.080119      0.011777      0.160238	   ???
	210       0.002078      0.028275      0.000208      0.002828	   ???
	320       0.001795      0.024419      0.000000      0.000000	   ???

                  Tot. error =               0.011985      0.163065


### NL/SL report #####################################



 NOTICE!! :Ghost testing not done for HF psps yet, sorry :( 

 SL:Orbital    Filling       Eigenvalues[Ry]          Norm       Ghost
    ------------------------------------------------------------------
	100 	 2.000	      -1.2526922277	  0.7304880214	   ???
	210 	 0.100	      -0.3926824118	  0.9019873841	   ???
	320 	 0.000	      -0.0935534554	  0.9985238190	   ???

      E_tot =       -3.3891360276 Ry

### KE report ########################################

	 ===   Ecut necessary for ~1    eV convergence error / electron === 
	 --------------------------------------------------------------- 
		 	 Ecut[Ry] 	 error [meV/e] 
	100  		   5 	          972.884 
	210  		   1 	          988.175 
	320  		   -----  >400 Ry   -----
	 ===   Ecut necessary for ~100 meV convergence error / electron === 
	 --------------------------------------------------------------- 
		 	 Ecut[Ry] 	 error [meV/e] 
	100  		   10 	           95.741 
	210  		   3 	           97.000 
	320  		   -----  >400 Ry   -----

	 ===   Ecut necessary for  ~10 meV convergence error / electron === 
	 --------------------------------------------------------------- 
		 	 Ecut[Ry] 	 error [meV/e] 
	100  		   14 	            9.986 
	210  		   8 	            9.758 
	320  		   -----  >400 Ry   -----

	 ===   Ecut necessary for   ~1 meV convergence error / electron === 
	 --------------------------------------------------------------- 
		 	 Ecut[Ry] 	 error [meV/e] 
	100  		   19 	            0.925 
	210  		   14 	            0.978 
	320  		   -----  >400 Ry   -----

### TC report ########################################

 AE:Orbital    Filling       Eigenvalues[Ry]          Norm
    ----------------------------------------------------------
	100	 2.000	    -117.3144358474
	200	 2.000	     -10.1293107717
	210	 6.000	      -6.7419206902
	300	 2.000	      -1.0452632452	  0.7442548212
	310	 0.500	      -0.4035905377	  0.8990626045
	320	 0.000	      -0.0280939678	  0.9999488388

      E_tot =     -483.5476862784 Ry


 NOTICE!! :Ghost testing not done for HF psps yet, sorry :( 

 SL:Orbital    Filling       Eigenvalues[Ry]          Norm       Ghost
    ------------------------------------------------------------------
	100 	 2.000	      -1.0459948407	  0.7440230865	   ???
	210 	 0.500	      -0.4032021981	  0.8992724734	   ???
	320 	 0.000	      -0.0935534571	  0.9985238190	   ???

      E_tot =       -3.5482617493 Ry

 AE-SL:Orbital Filling       Eigenvalues[mRy]         Norm[1e-3] 
 AE-SL- --------------------------------------------------------------
 AE-SL- 100 	 2.000	       0.7315955379	  0.2317347942	
 AE-SL- 210 	 0.500	      -0.3883395856	 -0.2098688276	
 AE-SL- 320 	 0.000	      65.4594892973	  1.4250197626	
 AE-SL-  total error =	      66.5794244208	  1.8666233844

 =====================================================================
 AE:Orbital    Filling       Eigenvalues[Ry]          Norm
    ----------------------------------------------------------
	100	 2.000	    -118.0761122762
	200	 2.000	     -10.8691714409
	210	 6.000	      -7.4857158634
	300	 1.500	      -1.5461893850	  0.7086466277
	310	 0.000	      -0.6584995181	  0.8733208100
	320	 0.000	      -0.2698614375	  0.9829937182

      E_tot =     -482.6999393886 Ry


 NOTICE!! :Ghost testing not done for HF psps yet, sorry :( 

 SL:Orbital    Filling       Eigenvalues[Ry]          Norm       Ghost
    ------------------------------------------------------------------
	100 	 1.500	      -1.5461569639	  0.7084658413	   ???
	210 	 0.000	      -0.6576446676	  0.8732171132	   ???
	320 	 0.000	      -0.2698382647	  0.9830251774	   ???

      E_tot =       -2.7004574014 Ry

 AE-SL:Orbital Filling       Eigenvalues[mRy]         Norm[1e-3] 
 AE-SL- --------------------------------------------------------------
 AE-SL- 100 	 1.500	      -0.0324210916	  0.1807863618	
 AE-SL- 210 	 0.000	      -0.8548505164	  0.1036968666	
 AE-SL- 320 	 0.000	      -0.0231728066	 -0.0314592811	
 AE-SL-  total error =	       0.9104444146	  0.3159425095

 =====================================================================
 AE:Orbital    Filling       Eigenvalues[Ry]          Norm
    ----------------------------------------------------------
	100	 2.000	    -117.6245054035
	200	 2.000	     -10.4351635865
	210	 6.000	      -7.0453395125
	300	 2.000	      -1.3045967003	  0.7271984407
	310	 0.000	      -0.5914962977	  0.3855635041
	320	 0.000	      -0.1158500883	  0.9975806423

      E_tot =     -483.3493409301 Ry


 NOTICE!! :Ghost testing not done for HF psps yet, sorry :( 

 SL:Orbital    Filling       Eigenvalues[Ry]          Norm       Ghost
    ------------------------------------------------------------------
	100 	 2.000	      -1.3044291197	  0.7272495271	   ???
	210 	 0.000	      -0.3902788747	  0.9026267489	   ???
	320 	 0.000	      -0.1158503989	  0.9975814817	   ???

      E_tot =       -3.3499887215 Ry

 AE-SL:Orbital Filling       Eigenvalues[mRy]         Norm[1e-3] 
 AE-SL- --------------------------------------------------------------
 AE-SL- 100 	 2.000	      -0.1675805632	 -0.0510863967	
 AE-SL- 210 	 0.000	    -201.2174229435	-517.0632448426	
 AE-SL- 320 	 0.000	       0.0003105887	 -0.0008394191	
 AE-SL-  total error =	     201.3853140955	517.1151706583

 =====================================================================

  Comparison of total energy differences.           
   DD_ij = (E_i - E_j)_AE - (E_i-E_j)_SL     

 AE-SL-   i   j         DD[mRy]        DD[meV] 
 AE-SL- ------------------------------------------
 AE-SL-   0   1         0.076225       1.037098
 AE-SL-   0   2         0.133684       1.818858
 AE-SL-   0   3         0.003905       0.053128
 AE-SL-   1   2         0.057458       0.781760
 AE-SL-   1   3        -0.072320      -0.983970
 AE-SL-   2   3        -0.129779      -1.765730
