##########################################################
#    Opium Report File                                   #
##########################################################
     Opium version:        3.8

### copy of the parameter file #######################

[Atom]
P                 # chemical symbol (max. 2 characters)
7                 # norb: number of orbitals
100 2.00  -13.0   # reference configuration
200 2.00   -1.4   # reference configuration
210 6.00   -0.4   # reference configuration
300 2.00   -0.1   # reference configuration
310 1.00  -13.0   # reference configuration
400 0.00  -
320 0.00  -

[Pseudo]
4  1.63 1.63 1.62 1.82
opt

[XC]
hf
                                                                                                                 
[Optinfo]
7.07  10    # rc[a.u.]  Qc[sqrt(Ry)]  Nb
7.07  10    # rc[a.u.]  Qc[sqrt(Ry)]  Nb
7.07  10    # rc[a.u.]  Qc[sqrt(Ry)]  Nb
7.07  10    # rc[a.u.]  Qc[sqrt(Ry)]  Nb
[Configs]  
5                 # number of valence configurations
#
300 2.00   -1.4   # test configuration
310 1.00   -0.4   # test configuration
400 0.00   -
320 0.01  -
#
300 2.00   -1.4   # test configuration
310 2.00   -0.4   # test configuration
400 0.00   -
320 0.01  -
#
300 2.00   -1.4   # test configuration
310 1.50   -0.4   # test configuration
400 0.00   -
320 0.50  -
#
300 2.00   -1.4   # test configuration
310 1.50   -0.4   # test configuration
400 0.00   -
320 0.10  -
#
300 2.00   -1.4   # test configuration
310 0.00   -0.4   # test configuration
400 0.00   -
320 0.00  -
#
[KBdesign]
0  # local orbital [0..lmax]
0  # number of boxes
au      0.1 1.25 5.79

### AE report ########################################

 AE:Orbital    Filling       Eigenvalues[Ry]          Norm
    ----------------------------------------------------------
	100	 2.000	    -161.7511015697
	200	 2.000	     -16.7868141845
	210	 6.000	     -12.5568836029
	300	 2.000	      -2.8291680057	  0.5518627386
	310	 1.000	      -2.1809055664	  0.6614536991
	320	 0.000	      -0.5359196561	  0.9070653840
	400	 0.000	      -0.6265740921	  0.9559523106

      E_tot =     -679.2899886277 Ry

### PS report ########################################



 NOTICE!! :Ghost testing not done for HF psps yet, sorry :( 
    ====================Optimized pseudopotential method====================

                       Pseudopotential convergence error                      
    Orbital      [mRy/e]       [meV/e]         [mRy]        [meV]        Ghost
    --------------------------------------------------------------------------
	100       0.023813      0.323993      0.047626      0.647986	   ???
	210       0.005071      0.068993      0.005071      0.068993	   ???
	320       0.009856      0.134100      0.000000      0.000000	   ???

                  Tot. error =               0.052697      0.716979


### NL/SL report #####################################



 NOTICE!! :Ghost testing not done for HF psps yet, sorry :( 

 SL:Orbital    Filling       Eigenvalues[Ry]          Norm       Ghost
    ------------------------------------------------------------------
	100 	 2.000	      -2.8291679992	  0.5518627731	   ???
	210 	 1.000	      -2.1809055651	  0.6614537223	   ???
	320 	 0.000	      -0.5359196540	  0.9070653918	   ???
	200 	 0.000	      -0.6265081285	  0.9553039823	   ???

      E_tot =      -10.5389384361 Ry

### KE report ########################################

	 ===   Ecut necessary for ~1    eV convergence error / electron === 
	 --------------------------------------------------------------- 
		 	 Ecut[Ry] 	 error [meV/e] 
	100  		   12 	          943.436 
	210  		   5 	          942.164 
	320  		   8 	          987.432 
	200  		   12 	          943.436 
	 ===   Ecut necessary for ~100 meV convergence error / electron === 
	 --------------------------------------------------------------- 
		 	 Ecut[Ry] 	 error [meV/e] 
	100  		   19 	           90.891 
	210  		   17 	           99.386 
	320  		   21 	           97.082 
	200  		   19 	           90.891 

	 ===   Ecut necessary for  ~10 meV convergence error / electron === 
	 --------------------------------------------------------------- 
		 	 Ecut[Ry] 	 error [meV/e] 
	100  		   25 	            8.948 
	210  		   30 	            9.563 
	320  		   33 	            9.060 
	200  		   25 	            8.948 

	 ===   Ecut necessary for   ~1 meV convergence error / electron === 
	 --------------------------------------------------------------- 
		 	 Ecut[Ry] 	 error [meV/e] 
	100  		   41 	            0.986 
	210  		   40 	            0.875 
	320  		   43 	            0.886 
	200  		   41 	            0.986 

### TC report ########################################

 AE:Orbital    Filling       Eigenvalues[Ry]          Norm
    ----------------------------------------------------------
	100	 2.000	    -161.7452403333
	200	 2.000	     -16.7808462776
	210	 6.000	     -12.5509366562
	300	 2.000	      -2.8234386310	  0.5519793483
	310	 1.000	      -2.1753091472	  0.6616341316
	320	 0.010	      -0.5360004447	  0.9070043170
	400	 0.000	      -0.6227508498	  0.9561092679

      E_tot =     -679.2953522084 Ry


 NOTICE!! :Ghost testing not done for HF psps yet, sorry :( 

 SL:Orbital    Filling       Eigenvalues[Ry]          Norm       Ghost
    ------------------------------------------------------------------
	100 	 2.000	      -2.8234398964	  0.5519802281	   ???
	210 	 1.000	      -2.1753141030	  0.6616343498	   ???
	320 	 0.010	      -0.5359998332	  0.9070051676	   ???
	200 	 0.000	      -0.6226817843	  0.9554672126	   ???

      E_tot =      -10.5442980331 Ry

 AE-SL:Orbital Filling       Eigenvalues[mRy]         Norm[1e-3] 
 AE-SL- --------------------------------------------------------------
 AE-SL- 100 	 2.000	       0.0012654037	 -0.0008798156	
 AE-SL- 210 	 1.000	       0.0049558393	 -0.0002182434	
 AE-SL- 320 	 0.010	      -0.0006115695	 -0.0008505442	
 AE-SL- 200 	 0.000	      -0.0690655257	  0.6420552736	
 AE-SL-  total error =	       0.0758983383	  0.6440038768

 =====================================================================
 AE:Orbital    Filling       Eigenvalues[Ry]          Norm
    ----------------------------------------------------------
	100	 2.000	    -160.7709304032
	200	 2.000	     -15.8374681088
	210	 6.000	     -11.6124748399
	300	 2.000	      -2.0706223241	  0.5884766463
	310	 2.000	      -1.3877358122	  0.7137208102
	320	 0.010	      -0.1186770565	  0.9950443791
	400	 0.000	      -0.2320121315	  0.9804060315

      E_tot =     -680.6488940093 Ry


 NOTICE!! :Ghost testing not done for HF psps yet, sorry :( 

 SL:Orbital    Filling       Eigenvalues[Ry]          Norm       Ghost
    ------------------------------------------------------------------
	100 	 2.000	      -2.0740782294	  0.5876280200	   ???
	210 	 2.000	      -1.3892424474	  0.7130243425	   ???
	320 	 0.010	      -0.1186536037	  0.9950299074	   ???
	200 	 0.000	      -0.2317260369	  0.9802804423	   ???

      E_tot =      -11.9011420919 Ry

 AE-SL:Orbital Filling       Eigenvalues[mRy]         Norm[1e-3] 
 AE-SL- --------------------------------------------------------------
 AE-SL- 100 	 2.000	       3.4559052432	  0.8486262150	
 AE-SL- 210 	 2.000	       1.5066352125	  0.6964677137	
 AE-SL- 320 	 0.010	      -0.0234528105	  0.0144717376	
 AE-SL- 200 	 0.000	      -0.2860945959	  0.1255892203	
 AE-SL-  total error =	       5.2720878621	  1.6851548866

 =====================================================================
 AE:Orbital    Filling       Eigenvalues[Ry]          Norm
    ----------------------------------------------------------
	100	 2.000	    -160.9615517439
	200	 2.000	     -16.0062480573
	210	 6.000	     -11.7800024504
	300	 2.000	      -2.1562417093	  0.5767630172
	310	 1.500	      -1.4539585658	  0.7044425910
	320	 0.500	      -0.5550603691	  0.8926100288
	400	 0.000	      -0.2467492033	  0.9776191805

      E_tot =     -680.2356807780 Ry


 NOTICE!! :Ghost testing not done for HF psps yet, sorry :( 

 SL:Orbital    Filling       Eigenvalues[Ry]          Norm       Ghost
    ------------------------------------------------------------------
	100 	 2.000	      -2.1582590358	  0.5763795281	   ???
	210 	 1.500	      -1.4558741645	  0.7037509470	   ???
	320 	 0.500	      -0.5545617228	  0.8932307465	   ???
	200 	 0.000	      -0.2464850307	  0.9774151556	   ???

      E_tot =      -11.4865603024 Ry

 AE-SL:Orbital Filling       Eigenvalues[mRy]         Norm[1e-3] 
 AE-SL- --------------------------------------------------------------
 AE-SL- 100 	 2.000	       2.0173264848	  0.3834890753	
 AE-SL- 210 	 1.500	       1.9155987303	  0.6916439821	
 AE-SL- 320 	 0.500	      -0.4986463389	 -0.6207177127	
 AE-SL- 200 	 0.000	      -0.2641725597	  0.2040248468	
 AE-SL-  total error =	       4.6957441138	  1.8998756169

 =====================================================================
 AE:Orbital    Filling       Eigenvalues[Ry]          Norm
    ----------------------------------------------------------
	100	 2.000	    -161.2021250719
	200	 2.000	     -16.2517997328
	210	 6.000	     -12.0245551103
	300	 2.000	      -2.3906791077	  0.5710808131
	310	 1.500	      -1.6008220887	  0.6988473298
	320	 0.100	      -0.5510575942	  0.8955184998
	400	 0.000	      -0.3829763439	  0.9695858210

      E_tot =     -680.0144731442 Ry


 NOTICE!! :Ghost testing not done for HF psps yet, sorry :( 

 SL:Orbital    Filling       Eigenvalues[Ry]          Norm       Ghost
    ------------------------------------------------------------------
	100 	 2.000	      -2.3923961256	  0.5706948825	   ???
	210 	 1.500	      -1.6026197000	  0.6981281498	   ???
	320 	 0.100	      -0.5506183963	  0.8960550061	   ???
	200 	 0.000	      -0.3827426441	  0.9692789005	   ???

      E_tot =      -11.2655394788 Ry

 AE-SL:Orbital Filling       Eigenvalues[mRy]         Norm[1e-3] 
 AE-SL- --------------------------------------------------------------
 AE-SL- 100 	 2.000	       1.7170179203	  0.3859305798	
 AE-SL- 210 	 1.500	       1.7976112462	  0.7191799784	
 AE-SL- 320 	 0.100	      -0.4391979262	 -0.5365063137	
 AE-SL- 200 	 0.000	      -0.2336998139	  0.3069204698	
 AE-SL-  total error =	       4.1875269067	  1.9485373417

 =====================================================================
 AE:Orbital    Filling       Eigenvalues[Ry]          Norm
    ----------------------------------------------------------
	100	 2.000	    -162.8956392942
	200	 2.000	     -17.8792012648
	210	 6.000	     -13.6442031346
	300	 2.000	      -3.6663535101	  0.5125124316
	310	 0.000	      -2.1465376082	  0.6667561921
	320	 0.000	      -1.1713153445	  0.7827595440
	400	 0.000	      -1.1100849961	  0.9331242310

      E_tot =     -677.1267906075 Ry


 NOTICE!! :Ghost testing not done for HF psps yet, sorry :( 

 SL:Orbital    Filling       Eigenvalues[Ry]          Norm       Ghost
    ------------------------------------------------------------------
	100 	 2.000	      -3.6596815615	  0.5136721189	   ???
	210 	 0.000	      -2.1500634681	  0.6654568072	   ???
	320 	 0.000	      -1.1702017024	  0.7846229945	   ???
	200 	 0.000	      -0.6265740921	  0.0013862548	   ???

      E_tot =       -8.3738825128 Ry

 AE-SL:Orbital Filling       Eigenvalues[mRy]         Norm[1e-3] 
 AE-SL- --------------------------------------------------------------
 AE-SL- 100 	 2.000	      -6.6719485999	 -1.1596872598	
 AE-SL- 210 	 0.000	       3.5258598564	  1.2993848170	
 AE-SL- 320 	 0.000	      -1.1136420964	 -1.8634505038	
 AE-SL- 200 	 0.000	    -483.5109039856	931.7379762334	
 AE-SL-  total error =	     494.8223545382	936.0604988139

 =====================================================================

  Comparison of total energy differences.           
   DD_ij = (E_i - E_j)_AE - (E_i-E_j)_SL     

 AE-SL-   i   j         DD[mRy]        DD[meV] 
 AE-SL- ------------------------------------------
 AE-SL-   0   1         0.003984       0.054202
 AE-SL-   0   2        -3.298274     -44.875330
 AE-SL-   0   3        -1.929716     -26.255138
 AE-SL-   0   4        -2.116526     -28.796820
 AE-SL-   0   5         1.857903      25.278072
 AE-SL-   1   2        -3.302258     -44.929532
 AE-SL-   1   3        -1.933700     -26.309339
 AE-SL-   1   4        -2.120510     -28.851022
 AE-SL-   1   5         1.853919      25.223870
 AE-SL-   2   3         1.368558      18.620193
 AE-SL-   2   4         1.181748      16.078510
 AE-SL-   2   5         5.156177      70.153402
 AE-SL-   3   4        -0.186810      -2.541683
 AE-SL-   3   5         3.787619      51.533210
 AE-SL-   4   5         3.974429      54.074892
