
 ++++++++++++++++++++++++++++++++++++++++++++++++++++++++++++++++++++++++
           OPIUM  Version:        3.8                             
           =====================================            
 See http://opium.sourceforge.net for help and information                 
 Copyright 2009 : The OPIUM project                         

 Compile host     : vagvlan567.217.wlan.design.upenn.edu
 Compile OS       : Darwin 14.1.0 i386
 Compile date     : Wed Mar 18 18:57:27 EDT 2015

 Execution host   : vagvlan567.215.wlan.design.upenn.edu
 time of execution: Wed Oct 14 12:02:30 2015

 ++++++++++++++++++++++++++++++++++++++++++++++++++++++++++++++++++++++++
 Reading parameter file:  <ca.param> ... 
 File prefix             : ca 
 Element                 : Calcium    (Ca) 
 Z                       : 20 
 
 Number of all-electron orbitals   : 7 
 Number of pseudo       orbitals   : 4 
 
 Pseudopotential is non-relativistic 
 Using Hartree-Fock Exchange (Beta!!)                
 HF pseudopotential NOT being smoothed! 
 The s potential is used for the KB construction 
 Optimized (RRKJ) pseudopotential method will be used 

 nl    cutoff radii    q-max      # bessel functions
 3s       2.420        7.070              10 
 3p       2.720        7.070              10 
 3d       2.800        7.070              10 
 4s       5.740        7.070              10 

 Reference Configuration: core  <-/-> valence 
 1s2  2s2  2p6  <-/-> 3s2  3p6  3d0  4s0.1 

 Grid definitions: 
 a_grid=1.00e-04    b_grid=1.30e-02    # points=1153 
 r(1)=3.68e-05      r(np)=1.18e+02    

 dEmax tolerance:  1.00e-08      dVmax tolerance:  1.00e-06     

 Box 1  3.73224e-05 --> 3.42493  height: 15.52 
 Starting calculation...

 ======================================================================== 
 Begin AE calculation
 ======================================================================== 
 Performing non-relativistic AE calculation...  
 Rotation needed            1           2   1.0000000000000001E-005
 Rotation needed            1           4   1.0000000000000001E-005
 Rotation needed            1           7   1.0000000000000001E-005
 Rotation needed            2           4   1.0000000000000001E-005
 Rotation needed            2           7   1.0000000000000001E-005
 Rotation needed            3           5   1.0000000000000001E-005
 Rotation needed            4           7   1.0000000000000001E-005
 method 1  unable to solve equation for electron 3 0
          nc =   2   nj = 497   ed =   8.126723   el =   2.324332   eu =  34.255743
 Rotation needed            1           7   3.9224425937216923E-008
 Rotation needed            2           7  -7.7497035104501706E-007
 Rotation needed            4           7   1.2131679561882220E-005
 HF solver failed:  #fails=           1
 Solve for HF wfn failed, orthogonalizing...
 Rotation needed            1           7   2.4526936749467476E-007
 Rotation needed            2           7   2.3884343370500373E-007
 Rotation needed            4           7   1.3200208147209432E-005
 method 1  unable to solve equation for electron 3 0
          nc =   2   nj = 497   ed =   8.127385   el =   2.324193   eu =  34.265550
 Rotation needed            1           7   2.3950472236417856E-007
 Rotation needed            2           7   2.2935545887294133E-007
 Rotation needed            4           7   1.3263534108699070E-005
 HF solver failed:  #fails=           2

 iter       Etot             Eeig             Ehart    de_max   dv_max
   1    -1397.1250649     918.9408700     492.0969165 0.98E+00 0.22E+00
 Rotation needed            1           7   2.3926113184862379E-007
 Rotation needed            2           7   2.2849310175281562E-007
 Rotation needed            4           7   1.3264510638008317E-005
   2    -1352.6443110     872.2614576     494.3674426 0.19E+00 0.15E-01
 Rotation needed            1           7   2.9056530920712673E-008
 Rotation needed            2           7   6.5633492747209988E-007
 Rotation needed            4           7   3.4176961423875939E-006
   3    -1352.3933552     871.9184252     494.4671724 0.81E-01 0.35E-03
 Rotation needed            1           7   4.0345735430787199E-007
 Rotation needed            2           7   2.4160112562758985E-006
 Rotation needed            4           7   2.3067541499660735E-005
   4    -1352.3916776     871.9173773     494.4665578 0.24E-03 0.77E-05
 Rotation needed            1           7   4.0871713348146348E-007
 Rotation needed            2           7   2.4734517061733962E-006
 Rotation needed            4           7   2.3399917667211396E-005
   5    -1352.3917950     871.9174074     494.4666473 0.17E-04 0.12E-05
 Rotation needed            1           7   4.0924074485020257E-007
 Rotation needed            2           7   2.4756776045037249E-006
 Rotation needed            4           7   2.3409196994795861E-005
   6    -1352.3917288     871.9173392     494.4666502 0.35E-06 0.26E-06
 Rotation needed            1           7   4.0923879766764879E-007
 Rotation needed            2           7   2.4756438670111881E-006
 Rotation needed            4           7   2.3409279889054823E-005
   7    -1352.3917238     871.9173372     494.4666472 0.75E-07 0.68E-07

 Hartree-Fock converged!
      {100|200}= 7.7D-17
      {100|300}=-1.8D-17
      {200|300}= 2.0D-18
      {210|310}= 3.8D-17
      {100|400}=-2.5D-18
      {200|400}=-2.9D-18
      {300|400}=-2.8D-17

    7 iterations: (units are Ry and bohr)
 Energy:   -1352.39172380    Ebs:    -871.91733716
 Eh:         494.46664718    Ex :     -13.99226054

   Orbital    Filling       Eigenvalues    Norm(rc->oo)      Peak
    |100>      2.000        -299.769502
    |200>      2.000         -34.677840
    |210>      6.000         -28.296018
    |300>      2.000          -5.497616      0.010943      0.996090
    |310>      6.000          -3.694714      0.012554      1.049257
    |320>      0.000          -0.613989      0.377238      1.590554
    |400>      0.100          -0.830318      0.079157      3.251389

 ======================================================================== 
 End AE calculation
 ======================================================================== 

 ======================================================================== 
 Begin PS construction
 ======================================================================== 
 Optimized Pseudopotential Generation ...

 ==================
 zeff=   9.9000000000000004     
 Pseudizing state : |300>
 eigenvalue       : -5.497616
 qc               :  7.070000
 # bessel fxns    : 10
 point nearest rc :  854
 rc               :  2.420000
 actual rc        :  2.411098

 Psi(rc)          :     0.0807658118
 Slope at rc      :    -0.1678829736
 Curvature at rc  :     0.3379501108
 Del^2 Psi at rc  :     0.1986915816
 Log Deriv at rc  :    -2.0786390915

 Starting KE minimization...
  step #    theta       slope       curv       KEresid    coeffsum
     1    0.003174   -0.458005   72.155001    0.000106    1.521995
     2   -0.000867    0.125552   72.373975    0.000051    1.518995
     3   -0.001053    0.069844   33.163028    0.000015    1.524623
     4   -0.000219    0.035281   80.415691    0.000011    1.527148

 # steps:     5
 Final KE error:    0.0000099843
 Sum of coeffs :    1.5278634767
 ---------------------------------------------------------------
 Coeff:      0.830462  0.693854  0.081351 -0.041382 -0.034129 -0.002606  0.000206  0.000111  0.000772 -0.000776
 ---------------------------------------------------------------
 Resid KE (Ry)     :        0.0000099843
 Norm error        :    -0.444E-15
 Continuity error  :    -0.139E-16
 Curvature error   :     0.172E-14
 ---------------------------------------------------------------
 Bessel wavevectors and final coefficients
   1        1.0665554496        0.8304620626
   2        2.2211163030        0.6938536677
   3        3.4440867393        0.0813512556
   4        4.7014790358       -0.0413816102
   5        5.9759987764       -0.0341285973
   6        7.2597886130       -0.0026061375
   7        8.5490423080        0.0002060916
   8        9.8417512034        0.0001113372
   9       11.1367711954        0.0007717814
  10       12.4334080204       -0.0007763743

 Total KE           (Ry) :     1.5924189650
 0  -> qc contribution   :     1.5924089807
 qc -> oo contribution   :     0.0000099843   (=Convergence term)
 Occupancy of this state :     2.0000000000
 Convergence term (Ry/e) :     0.0000099843
 Convergence error (mRy) :     0.0199685876
 Convergence error (meV) :     0.2716886097


 ==================
 zeff=   9.9000000000000004     
 Pseudizing state : |310>
 eigenvalue       : -3.694714
 qc               :  7.070000
 # bessel fxns    : 10
 point nearest rc :  863
 rc               :  2.720000
 actual rc        :  2.710362

 Psi(rc)          :     0.0698427474
 Slope at rc      :    -0.1213906989
 Curvature at rc  :     0.2054658005
 Del^2 Psi at rc  :     0.0968755172
 Log Deriv at rc  :    -1.7380573275

 Starting KE minimization...
  step #    theta       slope       curv       KEresid    coeffsum
     1    0.019545   -2.847448   72.844574    0.004606    3.445739
     2   -0.004818    0.830661   86.200428    0.002606    3.495060
     3   -0.007718    0.451942   29.276931    0.000862    3.452947
     4   -0.002618    0.298200   56.953331    0.000472    3.421971
    11   -0.000315    0.051195   81.372674    0.000221    3.403287
    21   -0.000158    0.028104   89.043084    0.000008    3.323268

 # steps:    21
 Final KE error:    0.0000082793
 Sum of coeffs :    3.3232679029
 ---------------------------------------------------------------
 Coeff:      0.890925  1.114643  0.716552  0.436855  0.155280  0.009332  0.000546 -0.000851  0.001095 -0.001110
 ---------------------------------------------------------------
 Resid KE (Ry)     :        0.0000082793
 Norm error        :     0.122E-14
 Continuity error  :    -0.694E-16
 Curvature error   :     0.577E-14
 ---------------------------------------------------------------
 Bessel wavevectors and final coefficients
   1        1.3618735758        0.8909252128
   2        2.4535118762        1.1146431703
   3        3.5752614182        0.7165518724
   4        4.7123539033        0.4368554069
   5        5.8572690553        0.1552795126
   6        7.0065544601        0.0093319556
   7        8.1584909872        0.0005460144
   8        9.3121449440       -0.0008507392
   9       10.4669707054        0.0010953254
  10       11.6226298363       -0.0011098283

 Total KE           (Ry) :     3.9090314311
 0  -> qc contribution   :     3.9090231518
 qc -> oo contribution   :     0.0000082793   (=Convergence term)
 Occupancy of this state :     6.0000000000
 Convergence term (Ry/e) :     0.0000082793
 Convergence error (mRy) :     0.0496757337
 Convergence error (meV) :     0.6758780975


 ==================
 zeff=   9.9000000000000004     
 Pseudizing state : |320>
 eigenvalue       : -0.613989
 qc               :  7.070000
 # bessel fxns    : 10
 point nearest rc :  866
 rc               :  2.800000
 actual rc        :  2.818154

 Psi(rc)          :     0.1717168543
 Slope at rc      :    -0.0979266579
 Curvature at rc  :     0.0598619996
 Del^2 Psi at rc  :    -0.1393632784
 Log Deriv at rc  :    -0.5702798267

 Starting KE minimization...
  step #    theta       slope       curv       KEresid    coeffsum
     1    0.033582   -2.802074   41.719780    0.007206    2.954233
     2   -0.008187    0.836316   51.073685    0.003784    3.022151
     3   -0.010631    0.439462   20.668138    0.001450    2.979330
     4   -0.002974    0.254854   42.843042    0.001071    2.946472
    11   -0.000264    0.025536   48.397810    0.000042    2.847891

 # steps:    19
 Final KE error:    0.0000191989
 Sum of coeffs :    2.8290632108
 ---------------------------------------------------------------
 Coeff:      0.926669  0.779844  0.552654  0.412358  0.154309  0.003022  0.001517 -0.001428  0.001293 -0.001176
 ---------------------------------------------------------------
 Resid KE (Ry)     :        0.0000191989
 Norm error        :    -0.777E-15
 Continuity error  :    -0.833E-16
 Curvature error   :    -0.186E-14
 ---------------------------------------------------------------
 Bessel wavevectors and final coefficients
   1        1.4566962216        0.9266690236
   2        2.6730696281        0.7798440197
   3        3.8225003052        0.5526541017
   4        4.9554954424        0.4123577872
   5        6.0816008196        0.1543094528
   6        7.2041258878        0.0030221267
   7        8.3245434078        0.0015173673
   8        9.4436128512       -0.0014276197
   9       10.5617668373        0.0012926716
  10       11.6792703095       -0.0011757202

 Total KE           (Ry) :     2.6674819955
 0  -> qc contribution   :     2.6674627966
 qc -> oo contribution   :     0.0000191989   (=Convergence term)
 Occupancy of this state :     0.0000000000
 Convergence term (Ry/e) :     0.0000191989
 Convergence error (mRy) :     0.0000000000
 Convergence error (meV) :     0.0000000000


 Running HF solver for raw psp...
 Results of HF psp solve...
 State: 1s  AE eigenvalue =  -5.497616  PS eigenvalue =  -5.497616
 State: 2p  AE eigenvalue =  -3.694714  PS eigenvalue =  -3.694714
 State: 3d  AE eigenvalue =  -0.613989  PS eigenvalue =  -0.613989

 ======================================================================== 
 End PS construction
 ======================================================================== 

 ======================================================================== 
 Begin SL calculation
 ======================================================================== 
 Rotation needed            1           4   1.0000000000000001E-005

 iter       Etot             Eeig             Ehart    de_max   dv_max
   1      -72.5603656      32.7632459      41.8405354 0.10E+01 0.89E-02
 Rotation needed            1           4   3.3263874774085394E-004
   2      -72.5291699      32.7436859      41.8277621 0.17E-01 0.15E-02
 Rotation needed            1           4   7.1553888975967923E-005
   3      -72.5237471      32.7421257      41.8236093 0.17E-02 0.15E-03
 Rotation needed            1           4   6.7645664352912506E-005
   4      -72.5189202      32.7387167      41.8221217 0.87E-03 0.49E-03
 Rotation needed            1           4   6.6459680987908799E-005
   5      -72.5179638      32.7388770      41.8209368 0.66E-03 0.56E-03
 Rotation needed            1           4   6.6303115646316246E-005
   6      -72.5172358      32.7388785      41.8201640 0.67E-03 0.60E-03
 Rotation needed            1           4   6.6284970911248715E-005
   7      -72.5167110      32.7387877      41.8197049 0.69E-03 0.64E-03
 Rotation needed            1           4   6.6277325398143370E-005
   8      -72.5213228      32.7411190      41.8221144 0.63E-03 0.24E-03
 Rotation needed            1           4   6.6272054244606303E-005
   9      -72.5390275      32.7530092      41.8282459 0.65E-03 0.51E-03
 Rotation needed            1           4   6.6332165888558845E-005
  10      -72.5256127      32.7446327      41.8229276 0.46E-03 0.45E-03
 Rotation needed            1           4   6.6315827287870131E-005
  11      -72.5312998      32.7479727      41.8254036 0.22E-03 0.32E-03
 Rotation needed            1           4   6.6367457055524880E-005
  12      -72.5290236      32.7468090      41.8242284 0.19E-03 0.35E-03
 Rotation needed            1           4   6.6348801641179350E-005
  13      -72.5301265      32.7474381      41.8247284 0.19E-03 0.35E-03
 Rotation needed            1           4   6.6357038584508312E-005
  14      -72.5296579      32.7471912      41.8244942 0.19E-03 0.36E-03
 Rotation needed            1           4   6.6353253469440674E-005
  15      -72.5298772      32.7473132      41.8245968 0.18E-03 0.36E-03
 Rotation needed            1           4   6.6354920298231253E-005
  16      -72.5297809      32.7472617      41.8245495 0.18E-03 0.36E-03
 Rotation needed            1           4   6.6354157216890570E-005
  17      -72.5298252      32.7472861      41.8245706 0.18E-03 0.36E-03
 Rotation needed            1           4   6.6354498538099375E-005
  18      -72.5298054      32.7472754      41.8245610 0.18E-03 0.36E-03
 Rotation needed            1           4   6.6354342969729530E-005
  19      -72.5298145      32.7472804      41.8245653 0.18E-03 0.36E-03
 Rotation needed            1           4   6.6354413087386233E-005
  20      -72.5298104      32.7472782      41.8245633 0.18E-03 0.36E-03
 Rotation needed            1           4   6.6354381192682978E-005
  21      -72.5298123      32.7472792      41.8245642 0.18E-03 0.36E-03
 Rotation needed            1           4   6.6354395623899020E-005
  22      -72.5298114      32.7472787      41.8245638 0.18E-03 0.36E-03
 Rotation needed            1           4   6.6354389065624345E-005
  23      -72.5298118      32.7472789      41.8245640 0.18E-03 0.36E-03
 Rotation needed            1           4   6.6354392039439590E-005
  24      -72.5298116      32.7472789      41.8245639 0.18E-03 0.36E-03
 Rotation needed            1           4   6.6354390689128342E-005
  25      -72.5298117      32.7472789      41.8245640 0.18E-03 0.36E-03
 Rotation needed            1           4   6.6354391302761497E-005
  26      -72.5298117      32.7472789      41.8245639 0.18E-03 0.36E-03
 Rotation needed            1           4   6.6354391024953663E-005
  27      -72.5298117      32.7472789      41.8245639 0.18E-03 0.36E-03
 Rotation needed            1           4   6.6354391152126580E-005
  28      -72.5298117      32.7472789      41.8245639 0.18E-03 0.36E-03
 Rotation needed            1           4   6.6354391095461364E-005
  29      -72.5298117      32.7472789      41.8245639 0.18E-03 0.36E-03
 Rotation needed            1           4   6.6354391122371790E-005
  30      -72.5298117      32.7472789      41.8245639 0.18E-03 0.36E-03
 Rotation needed            1           4   6.6354391111400802E-005
  31      -72.5298117      32.7472789      41.8245639 0.18E-03 0.36E-03
 Rotation needed            1           4   6.6354391117705601E-005
  32      -72.5298117      32.7472789      41.8245639 0.18E-03 0.36E-03
 Rotation needed            1           4   6.6354391116220583E-005
  33      -72.5298117      32.7472789      41.8245639 0.18E-03 0.36E-03
 Rotation needed            1           4   6.6354391118340848E-005
  34      -72.5298117      32.7472789      41.8245639 0.18E-03 0.36E-03
 Rotation needed            1           4   6.6354391118892246E-005
  35      -72.5298117      32.7472789      41.8245639 0.18E-03 0.36E-03
 Rotation needed            1           4   6.6354391120226249E-005
  36      -72.5298117      32.7472789      41.8245639 0.18E-03 0.36E-03
 Rotation needed            1           4   6.6354391121270403E-005
  37      -72.5298117      32.7472789      41.8245639 0.18E-03 0.36E-03
 Rotation needed            1           4   6.6354391122511096E-005
  38      -72.5298117      32.7472789      41.8245639 0.18E-03 0.36E-03
 Rotation needed            1           4   6.6354391123721554E-005
  39      -72.5298117      32.7472789      41.8245639 0.18E-03 0.36E-03
 Rotation needed            1           4   6.6354391125013693E-005
  40      -72.5298117      32.7472789      41.8245639 0.18E-03 0.36E-03
 Rotation needed            1           4   6.6354391126320305E-005
  41      -72.5298117      32.7472789      41.8245639 0.18E-03 0.36E-03
 Rotation needed            1           4   6.6354391127686725E-005
  42      -72.5298117      32.7472789      41.8245639 0.18E-03 0.36E-03
 Rotation needed            1           4   6.6354391129079437E-005
  43      -72.5298117      32.7472789      41.8245639 0.18E-03 0.36E-03
 Rotation needed            1           4   6.6354391130530330E-005
  44      -72.5298117      32.7472789      41.8245639 0.18E-03 0.36E-03
 Rotation needed            1           4   6.6354391132008125E-005
  45      -72.5298117      32.7472789      41.8245639 0.18E-03 0.36E-03
 Rotation needed            1           4   6.6354391133533936E-005
  46      -72.5298117      32.7472789      41.8245639 0.18E-03 0.36E-03
 Rotation needed            1           4   6.6354391135097084E-005
  47      -72.5298117      32.7472789      41.8245639 0.18E-03 0.36E-03
 Rotation needed            1           4   6.6354391136698397E-005
  48      -72.5298117      32.7472789      41.8245639 0.18E-03 0.36E-03
 Rotation needed            1           4   6.6354391138348160E-005
  49      -72.5298117      32.7472789      41.8245639 0.18E-03 0.36E-03
 Rotation needed            1           4   6.6354391140012572E-005
  50      -72.5298117      32.7472789      41.8245639 0.18E-03 0.36E-03
 Rotation needed            1           4   6.6354391141739449E-005
  51      -72.5298117      32.7472789      41.8245639 0.18E-03 0.36E-03
 Rotation needed            1           4   6.6354391143483429E-005
  52      -72.5298117      32.7472789      41.8245639 0.18E-03 0.36E-03
 Rotation needed            1           4   6.6354391145275032E-005
  53      -72.5298117      32.7472789      41.8245639 0.18E-03 0.36E-03
 Rotation needed            1           4   6.6354391147105355E-005
  54      -72.5298117      32.7472789      41.8245639 0.18E-03 0.36E-03
 Rotation needed            1           4   6.6354391148970373E-005
  55      -72.5298117      32.7472789      41.8245639 0.18E-03 0.36E-03
 Rotation needed            1           4   6.6354391150859866E-005
  56      -72.5298117      32.7472789      41.8245639 0.18E-03 0.36E-03
 Rotation needed            1           4   6.6354391152793717E-005
  57      -72.5298117      32.7472789      41.8245639 0.18E-03 0.36E-03
 Rotation needed            1           4   6.6354391154769391E-005
  58      -72.5298117      32.7472789      41.8245639 0.18E-03 0.36E-03
 Rotation needed            1           4   6.6354391156769093E-005
  59      -72.5298117      32.7472789      41.8245639 0.18E-03 0.36E-03
 Rotation needed            1           4   6.6354391158802514E-005
  60      -72.5298117      32.7472789      41.8245639 0.18E-03 0.36E-03
 Rotation needed            1           4   6.6354391160871335E-005
  61      -72.5298117      32.7472789      41.8245639 0.18E-03 0.36E-03
 Rotation needed            1           4   6.6354391162968968E-005
  62      -72.5298117      32.7472789      41.8245639 0.18E-03 0.36E-03
 Rotation needed            1           4   6.6354391165110023E-005
  63      -72.5298117      32.7472789      41.8245639 0.18E-03 0.36E-03
 Rotation needed            1           4   6.6354391167281111E-005
  64      -72.5298117      32.7472789      41.8245639 0.18E-03 0.36E-03
 Rotation needed            1           4   6.6354391169474682E-005
  65      -72.5298117      32.7472789      41.8245639 0.18E-03 0.36E-03
 Rotation needed            1           4   6.6354391171710700E-005
  66      -72.5298117      32.7472789      41.8245639 0.18E-03 0.36E-03
 Rotation needed            1           4   6.6354391173969771E-005
  67      -72.5298117      32.7472789      41.8245639 0.18E-03 0.36E-03
 Rotation needed            1           4   6.6354391176261395E-005
  68      -72.5298117      32.7472789      41.8245639 0.18E-03 0.36E-03
 Rotation needed            1           4   6.6354391178585138E-005
  69      -72.5290107      32.7474689      41.8235083 0.18E-03 0.64E-03
 Rotation needed            1           4   6.6354391180938236E-005
  70      -72.5274481      32.7457063      41.8237272 0.17E-03 0.63E-03
 Rotation needed            1           4   6.6356302982976110E-005
  71      -72.5301669      32.7484319      41.8237081 0.19E-03 0.75E-03
 Rotation needed            1           4   6.6359349565487226E-005
  72      -72.5270894      32.7456255      41.8234328 0.16E-03 0.67E-03
 Rotation needed            1           4   6.6352589762381635E-005
  73      -72.5304530      32.7486374      41.8237920 0.19E-03 0.93E-03
 Rotation needed            1           4   6.6359907271691077E-005
  74      -72.5292544      32.7486906      41.8224647 0.16E-03 0.97E-03
 Rotation needed            1           4   6.6363425714839562E-005
  75      -72.5277536      32.7461895      41.8235367 0.21E-03 0.72E-03
 Rotation needed            1           4   6.6356572049846010E-005
  76      -72.5302650      32.7486620      41.8235665 0.18E-03 0.95E-03
 Rotation needed            1           4   6.6361106088948455E-005
  77      -72.5294029      32.7488140      41.8224902 0.15E-03 0.11E-02
 Rotation needed            1           4   6.6364645435669094E-005
  78      -72.5298311      32.7493162      41.8224090 0.14E-03 0.11E-02

 Hartree-Fock converged!
      {100|200}=-3.1D-17

   78 iterations: (units are Ry and bohr)
 Energy:     -72.52983115    Ebs:     -32.74931621
 Eh:          41.82240897    Ex :      -2.04189403

   Orbital    Filling       Eigenvalues    Norm(rc->oo)      Peak
    |100>      2.000          -5.434529      0.011081      0.945617
    |210>      6.000          -3.631718      0.012734      0.945617
    |320>      0.000          -0.560138      0.396705      1.958311
    |200>      0.100          -0.899494      0.092355      2.930234

 ======================================================================== 
 End SL calculation
 ======================================================================== 
<<<do_tc>>>


 ===============Configuration 1 AE Calc=============== 
 Rotation needed            1           2   1.0000000000000001E-005
 Rotation needed            1           4   1.0000000000000001E-005
 Rotation needed            1           7   1.0000000000000001E-005
 Rotation needed            2           4   1.0000000000000001E-005
 Rotation needed            2           7   1.0000000000000001E-005
 Rotation needed            3           5   1.0000000000000001E-005
 Rotation needed            4           7   1.0000000000000001E-005
 method 1  unable to solve equation for electron 3 0
          nc =   3   nj = 485   ed =   8.337822   el =   2.630370   eu =  37.503984
 Rotation needed            3           5  -2.3016545369865635E-003
 HF solver failed:  #fails=           1
 Solve for HF wfn failed, orthogonalizing...
 Rotation needed            3           5   1.3196674250684484E-003
 method 1  unable to solve equation for electron 3 0
          nc =   3   nj = 485   ed =   8.337990   el =   2.630430   eu =  37.504247
 Rotation needed            3           5   1.3194591838299088E-003
 HF solver failed:  #fails=           2
 method 1  unable to solve equation for electron 3 1
          nc =   1   nj = 645   ed =   5.884724   el =   1.838512   eu =  22.134624
 Rotation needed            3           5   1.3195527412691206E-003
 HF solver failed:  #fails=           3
 Solve for HF wfn failed, orthogonalizing...
 Rotation needed            3           5   1.4411589006526971E-003
 method 1  unable to solve equation for electron 3 1
          nc =   1   nj = 645   ed =   5.888330   el =   1.839232   eu =  22.134309
 Rotation needed            3           5   1.4411686531020235E-003
 HF solver failed:  #fails=           4

 iter       Etot             Eeig             Ehart    de_max   dv_max
   1    -1397.5837445     928.9874011     482.4786277 0.85E+00 0.19E+00
 Rotation needed            3           5   1.4411587166383107E-003
   2    -1350.4811214     882.6772051     481.6160414 0.22E+00 0.10E-01
 Rotation needed            3           5   2.5236049241410430E-002
   3    -1350.4445204     882.7058573     481.5471934 0.19E+00 0.57E-03
 Rotation needed            3           5   2.4722579323855829E-002
   4    -1350.4530740     882.7113752     481.5498966 0.60E-01 0.32E-04
 Rotation needed            3           5   2.4684685959309279E-002
   5    -1350.4514205     882.7102231     481.5493819 0.28E-02 0.11E-05
 Rotation needed            3           5   2.4686313369056856E-002
   6    -1350.4516695     882.7104420     481.5494132 0.32E-04 0.81E-06
 Rotation needed            3           5   2.4685961639186672E-002
   7    -1350.4516443     882.7104197     481.5494101 0.78E-06 0.12E-06
 Rotation needed            3           5   2.4685967389800379E-002
   8    -1350.4516481     882.7104225     481.5494111 0.37E-07 0.49E-07

 Hartree-Fock converged!
      {100|200}=-1.4D-18
      {100|300}=-9.6D-19
      {200|300}=-5.0D-17
      {210|310}= 2.6D-17

    8 iterations: (units are Ry and bohr)
 Energy:   -1350.45164811    Ebs:    -882.71042249
 Eh:         481.54941110    Ex :     -13.80818548

   Orbital    Filling       Eigenvalues    Norm(rc->oo)      Peak
    |100>      2.000        -300.603296
    |200>      2.000         -35.478338
    |210>      6.000         -29.096321
    |300>      2.000          -6.141217      0.009161      0.996090
    |310>      5.500          -4.306690      0.009721      1.035705
    |320>      0.000          -1.119804      0.196339      1.360813
    |400>      0.000          -1.137396      0.039381      3.007419
!!NOTE!!: All Hartree-Fock tests are done with the semi-local form of the potential 
!!NOTE!!: Use the 'sl' command instead of the 'nl' command to remove this warning...


 ===============Configuration 1 SL: Calc ===============
 Rotation needed            1           4   1.0000000000000001E-005
  4            117.5756790769-0.300E+00-0.276E+00 0.100E-06  : function truncated in nmrvs
  4            117.5756790769-0.345E+00-0.318E+00 0.100E-06  : function truncated in nmrvs
  4            117.5756790769 0.395E+00 0.407E+00 0.100E-06  : function truncated in nmrvs
  4            117.5756790769 0.429E+00 0.442E+00 0.100E-06  : function truncated in nmrvs
 method 1  unable to solve equation for electron 2 0
          nc =   2   nj = 733   ed =   1.300470   el =   0.770622   eu =   1.830318
 HF solver failed:  #fails=           1
 Solve for HF wfn failed, orthogonalizing...
  4            117.5756790769-0.300E+00-0.276E+00 0.100E-06  : function truncated in nmrvs
  4            117.5756790769-0.345E+00-0.318E+00 0.100E-06  : function truncated in nmrvs
  4            117.5756790769 0.395E+00 0.407E+00 0.100E-06  : function truncated in nmrvs
  4            117.5756790769 0.429E+00 0.442E+00 0.100E-06  : function truncated in nmrvs
 method 1  unable to solve equation for electron 2 0
          nc =   2   nj = 733   ed =   1.300470   el =   0.770622   eu =   1.830318
 HF solver failed:  #fails=           2
  4            117.5756790769-0.300E+00-0.276E+00 0.100E-06  : function truncated in nmrvs
  4            117.5756790769-0.345E+00-0.318E+00 0.100E-06  : function truncated in nmrvs
  4            117.5756790769 0.101E+00 0.932E-01 0.100E-06  : function truncated in nmrvs

 iter       Etot             Eeig             Ehart    de_max   dv_max
   1      -70.6221289      35.5241434      37.0021272 0.64E+00 0.13E-02
   2      -70.6119547      35.5161827      36.9997830 0.52E-01 0.76E-05
   3      -70.6120207      35.5162322      36.9998001 0.19E-02 0.68E-06
   4      -70.6120150      35.5162277      36.9997989 0.65E-05 0.17E-06
   5      -70.6120168      35.5162289      36.9997995 0.37E-07 0.73E-07

 Hartree-Fock converged!

    5 iterations: (units are Ry and bohr)
 Energy:     -70.61201683    Ebs:     -35.51622893
 Eh:          36.99979954    Ex :      -1.90401164

   Orbital    Filling       Eigenvalues    Norm(rc->oo)      Peak
    |100>      2.000          -6.086815      0.009029      0.933403
    |210>      5.500          -4.244109      0.009764      0.933403
    |320>      0.000          -1.053954      0.210617      1.742084
    |200>      0.000          -1.241105      0.026392      2.675355


 ===============Configuration 2 AE Calc=============== 
 Rotation needed            1           2   1.0000000000000001E-005
 Rotation needed            1           4   1.0000000000000001E-005
 Rotation needed            1           7   1.0000000000000001E-005
 Rotation needed            2           4   1.0000000000000001E-005
 Rotation needed            2           7   1.0000000000000001E-005
 Rotation needed            3           5   1.0000000000000001E-005
 Rotation needed            4           7   1.0000000000000001E-005

 iter       Etot             Eeig             Ehart    de_max   dv_max
   1    -1402.2325872     917.2228101     499.0323599 0.93E+00 0.37E+00
 Rotation needed            1           7  -1.9032088669178037E-007
 Rotation needed            2           7  -2.7076246132793068E-005
 Rotation needed            4           7   3.3392904823658265E-004
   2    -1352.0979021     867.5123486     498.5968615 0.20E+00 0.24E-01
 Rotation needed            1           7   1.0700461660362610E-005
 Rotation needed            2           7   1.0445253869714501E-004
 Rotation needed            4           7   3.4627576198389639E-004
   3    -1352.8109257     868.0159998     498.8141851 0.77E-01 0.87E-03
 Rotation needed            1           7   1.1829979631807901E-005
 Rotation needed            2           7   7.1694888038922137E-005
 Rotation needed            4           7   7.1301389391067581E-004
   4    -1352.7236014     867.9319514     498.8107539 0.14E-02 0.32E-04
 Rotation needed            1           7   1.3089350808200764E-005
 Rotation needed            2           7   7.9348474012836578E-005
 Rotation needed            4           7   7.5137705549058350E-004
   5    -1352.7239374     867.9326771     498.8103493 0.54E-04 0.13E-05
 Rotation needed            1           7   1.3149238547695065E-005
 Rotation needed            2           7   7.9560986012285184E-005
 Rotation needed            4           7   7.5348463544952331E-004
   6    -1352.7240379     867.9327866     498.8103400 0.42E-05 0.55E-06
 Rotation needed            1           7   1.3149726861235506E-005
 Rotation needed            2           7   7.9561749166567520E-005
 Rotation needed            4           7   7.5347678116756541E-004
   7    -1352.7240493     867.9327965     498.8103417 0.85E-07 0.23E-06

 Hartree-Fock converged!
      {100|200}=-1.7D-18
      {100|300}=-2.0D-17
      {200|300}= 3.4D-18
      {210|310}=-3.1D-17
      {100|400}=-3.0D-18
      {200|400}=-1.2D-17
      {300|400}= 3.0D-16

    7 iterations: (units are Ry and bohr)
 Energy:   -1352.72404931    Ebs:    -867.93279647
 Eh:         498.81034166    Ex :     -14.01908882

   Orbital    Filling       Eigenvalues    Norm(rc->oo)      Peak
    |100>      2.000        -299.524808
    |200>      2.000         -34.436054
    |210>      6.000         -28.052740
    |300>      2.000          -5.263408      0.011023      0.996090
    |310>      6.000          -3.458694      0.013059      1.049257
    |320>      0.000          -0.409527      0.458683      1.653811
    |400>      0.500          -0.831298      0.078698      3.251389


 ===============Configuration 2 SL: Calc ===============
 Rotation needed            1           4   1.0000000000000001E-005
 Solve for HF wfn failed, orthogonalizing...
 Rotation needed            1           4   9.2603621374229752E-003

 iter       Etot             Eeig             Ehart    de_max   dv_max
   1      -71.9935285      30.0499612      44.0491145 0.10E+01 0.93E-01
 Rotation needed            1           4   1.1730892239793343E-002
   2      -72.8725886      30.8575934      44.1112656 0.54E-01 0.27E-01
 Rotation needed            1           4   5.0185794589894138E-003
   3      -72.7431965      30.8861262      43.9436149 0.60E-01 0.12E-01
 Rotation needed            1           4   2.9936903239267416E-003
   4      -72.8898121      31.0181605      43.9578635 0.11E-01 0.52E-02
 Rotation needed            1           4   2.5145243401201605E-003
   5      -72.8622629      31.0206331      43.9260148 0.84E-02 0.27E-02
 Rotation needed            1           4   2.3397876480201070E-003
   6      -72.8799949      31.0414259      43.9226158 0.21E-02 0.11E-02
 Rotation needed            1           4   2.2603202140377208E-003
   7      -72.8772954      31.0450247      43.9159032 0.23E-02 0.37E-03
 Rotation needed            1           4   2.2091911754927979E-003
   8      -72.8954445      31.0630407      43.9164516 0.15E-02 0.42E-02
 Rotation needed            1           4   2.1911879672797327E-003
   9      -72.8837972      31.0486005      43.9189825 0.13E-02 0.47E-03
 Rotation needed            1           4   2.2055672805671527E-003
  10      -72.8918872      31.0605862      43.9153041 0.13E-02 0.43E-02
 Rotation needed            1           4   2.1951253819659715E-003
  11      -72.8864267      31.0513977      43.9187966 0.17E-02 0.46E-03
 Rotation needed            1           4   2.2082688057169400E-003
  12      -72.8924748      31.0607113      43.9157953 0.19E-02 0.44E-02
 Rotation needed            1           4   2.1905465292335253E-003
  13      -72.8877422      31.0521000      43.9194398 0.18E-02 0.47E-03
 Rotation needed            1           4   2.2089500203172881E-003
  14      -72.8918727      31.0602164      43.9156843 0.19E-02 0.44E-02
 Rotation needed            1           4   2.1905616547883765E-003
  15      -72.8882459      31.0523292      43.9197279 0.18E-02 0.48E-03
 Rotation needed            1           4   2.2089931059402160E-003
  16      -72.8915661      31.0599878      43.9156030 0.19E-02 0.44E-02
 Rotation needed            1           4   2.1905978103547931E-003
  17      -72.8884436      31.0524128      43.9198479 0.19E-02 0.48E-03
 Rotation needed            1           4   2.2090037918835919E-003
  18      -72.8914328      31.0598915      43.9155644 0.19E-02 0.44E-02
 Rotation needed            1           4   2.1906118144497970E-003
  19      -72.8885244      31.0524457      43.9198982 0.19E-02 0.48E-03
 Rotation needed            1           4   2.2090086941548128E-003
  20      -72.8913761      31.0598510      43.9155474 0.19E-02 0.44E-02
 Rotation needed            1           4   2.1906173979506379E-003
  21      -72.8885580      31.0524593      43.9199193 0.19E-02 0.48E-03
 Rotation needed            1           4   2.2090108995255924E-003
  22      -72.8913521      31.0598340      43.9155401 0.19E-02 0.44E-02
 Rotation needed            1           4   2.1906196932126544E-003
  23      -72.8885721      31.0524649      43.9199282 0.19E-02 0.48E-03
 Rotation needed            1           4   2.2090118561310700E-003
  24      -72.8913419      31.0598268      43.9155370 0.19E-02 0.44E-02
 Rotation needed            1           4   2.1906206506523227E-003
  25      -72.8885780      31.0524672      43.9199319 0.19E-02 0.48E-03
 Rotation needed            1           4   2.2090122644337104E-003
  26      -72.8913376      31.0598238      43.9155357 0.19E-02 0.44E-02
 Rotation needed            1           4   2.1906210526609683E-003
  27      -72.8885805      31.0524682      43.9199335 0.19E-02 0.48E-03
 Rotation needed            1           4   2.2090124375849494E-003
  28      -72.8913358      31.0598225      43.9155352 0.19E-02 0.44E-02
 Rotation needed            1           4   2.1906212219688793E-003
  29      -72.8885816      31.0524687      43.9199341 0.19E-02 0.48E-03
 Rotation needed            1           4   2.2090125108569793E-003
  30      -72.8913351      31.0598220      43.9155349 0.19E-02 0.44E-02
 Rotation needed            1           4   2.1906212933987062E-003
  31      -72.8885820      31.0524688      43.9199344 0.19E-02 0.48E-03
 Rotation needed            1           4   2.2090125418749991E-003
  32      -72.8913347      31.0598217      43.9155348 0.19E-02 0.44E-02
 Rotation needed            1           4   2.1906213235911749E-003
  33      -72.8885822      31.0524689      43.9199345 0.19E-02 0.48E-03
 Rotation needed            1           4   2.2090125550476409E-003
  34      -72.8913346      31.0598217      43.9155348 0.19E-02 0.44E-02
 Rotation needed            1           4   2.1906213363973954E-003
  35      -72.8885823      31.0524689      43.9199346 0.19E-02 0.48E-03
 Rotation needed            1           4   2.2090125606909600E-003
  36      -72.8913345      31.0598216      43.9155348 0.19E-02 0.44E-02
 Rotation needed            1           4   2.1906213418732196E-003
  37      -72.8885823      31.0524689      43.9199346 0.19E-02 0.48E-03
 Rotation needed            1           4   2.2090125631587898E-003
  38      -72.8913345      31.0598216      43.9155348 0.19E-02 0.44E-02
 Rotation needed            1           4   2.1906213442585247E-003
  39      -72.8885823      31.0524690      43.9199346 0.19E-02 0.48E-03
 Rotation needed            1           4   2.2090125642889903E-003
  40      -72.8913345      31.0598216      43.9155348 0.19E-02 0.44E-02
 Rotation needed            1           4   2.1906213453427880E-003
  41      -72.8885823      31.0524690      43.9199346 0.19E-02 0.48E-03
 Rotation needed            1           4   2.2090125648574236E-003
  42      -72.8913345      31.0598216      43.9155348 0.19E-02 0.44E-02
 Rotation needed            1           4   2.1906213458800215E-003
  43      -72.8885823      31.0524690      43.9199346 0.19E-02 0.48E-03
 Rotation needed            1           4   2.2090125651908358E-003
  44      -72.8913345      31.0598216      43.9155348 0.19E-02 0.44E-02
 Rotation needed            1           4   2.1906213461881647E-003
  45      -72.8885823      31.0524690      43.9199346 0.19E-02 0.48E-03
 Rotation needed            1           4   2.2090125654271311E-003
  46      -72.8913345      31.0598216      43.9155348 0.19E-02 0.44E-02
 Rotation needed            1           4   2.1906213464017439E-003
  47      -72.8885823      31.0524690      43.9199346 0.19E-02 0.48E-03
 Rotation needed            1           4   2.2090125656236584E-003
  48      -72.8913345      31.0598216      43.9155348 0.19E-02 0.44E-02
 Rotation needed            1           4   2.1906213465775607E-003
  49      -72.8885823      31.0524690      43.9199346 0.19E-02 0.48E-03
 Rotation needed            1           4   2.2090125658064349E-003
  50      -72.8913345      31.0598216      43.9155348 0.19E-02 0.44E-02
 Rotation needed            1           4   2.1906213467393237E-003
  51      -72.8885823      31.0524690      43.9199346 0.19E-02 0.48E-03
 Rotation needed            1           4   2.2090125659844791E-003
  52      -72.8913345      31.0598216      43.9155348 0.19E-02 0.44E-02
 Rotation needed            1           4   2.1906213468966965E-003
  53      -72.8885823      31.0524690      43.9199346 0.19E-02 0.48E-03
 Rotation needed            1           4   2.2090125661621629E-003
  54      -72.8913345      31.0598216      43.9155348 0.19E-02 0.44E-02
 Rotation needed            1           4   2.1906213470536157E-003
  55      -72.8885823      31.0524690      43.9199346 0.19E-02 0.48E-03
 Rotation needed            1           4   2.2090125663419475E-003
  56      -72.8913345      31.0598216      43.9155348 0.19E-02 0.44E-02
 Rotation needed            1           4   2.1906213472128299E-003
  57      -72.8885823      31.0524690      43.9199346 0.19E-02 0.48E-03
 Rotation needed            1           4   2.2090125665239426E-003
  58      -72.8913345      31.0598216      43.9155348 0.19E-02 0.44E-02
 Rotation needed            1           4   2.1906213473739718E-003
  59      -72.8885823      31.0524690      43.9199346 0.19E-02 0.48E-03
 Rotation needed            1           4   2.2090125667083241E-003
  60      -72.8913345      31.0598216      43.9155348 0.19E-02 0.44E-02
 Rotation needed            1           4   2.1906213475374656E-003
  61      -72.8885823      31.0524690      43.9199346 0.19E-02 0.48E-03
 Rotation needed            1           4   2.2090125668956244E-003
  62      -72.8913345      31.0598216      43.9155348 0.19E-02 0.44E-02
 Rotation needed            1           4   2.1906213477036452E-003
  63      -72.8885823      31.0524690      43.9199346 0.19E-02 0.48E-03
 Rotation needed            1           4   2.2090125670855471E-003
  64      -72.8913345      31.0598216      43.9155348 0.19E-02 0.44E-02
 Rotation needed            1           4   2.1906213478726654E-003
  65      -72.8885823      31.0524690      43.9199346 0.19E-02 0.48E-03
 Rotation needed            1           4   2.2090125672776166E-003
  66      -72.8913345      31.0598216      43.9155348 0.19E-02 0.44E-02
 Rotation needed            1           4   2.1906213480439593E-003
  67      -72.8900496      31.0525406      43.9214188 0.19E-02 0.49E-03
 Rotation needed            1           4   2.2090125674725440E-003
  68      -72.8894991      31.0584727      43.9150220 0.17E-02 0.44E-02
 Rotation needed            1           4   2.1956836517330893E-003
  69      -72.8733347      31.0417290      43.9152032 0.16E-02 0.58E-03
 Rotation needed            1           4   2.2084461610216428E-003
  70      -72.8976607      31.0637902      43.9179961 0.13E-02 0.43E-02
 Rotation needed            1           4   2.1947019747858391E-003
  71      -72.8894791      31.0513861      43.9220355 0.11E-02 0.76E-03
 Rotation needed            1           4   2.2079617398495783E-003
  72      -72.8785503      31.0448665      43.9174003 0.31E-03 0.72E-03
 Rotation needed            1           4   2.1979393440380592E-003
  73      -72.8845942      31.0498799      43.9184891 0.28E-03 0.64E-03
 Rotation needed            1           4   2.1975241888977674E-003
  74      -72.8922684      31.0604472      43.9158553 0.14E-02 0.43E-02
 Rotation needed            1           4   2.1915999486650105E-003
  75      -72.8774155      31.0426955      43.9185120 0.16E-02 0.12E-02
 Rotation needed            1           4   2.2084887387074600E-003
  76      -72.8852307      31.0494525      43.9196287 0.39E-03 0.80E-03
 Rotation needed            1           4   2.2049657166581093E-003
  77      -72.8826398      31.0477622      43.9186667 0.59E-03 0.11E-02
 Rotation needed            1           4   2.1951850036268229E-003
  78      -72.8850701      31.0503442      43.9185225 0.19E-03 0.92E-03
 Rotation needed            1           4   2.1979329712892180E-003
  79      -72.8836588      31.0485714      43.9188889 0.17E-03 0.12E-02

 Hartree-Fock converged!
      {100|200}= 2.0D-17

   79 iterations: (units are Ry and bohr)
 Energy:     -72.88365881    Ebs:     -31.04857138
 Eh:          43.91888889    Ex :      -2.08380146

   Orbital    Filling       Eigenvalues    Norm(rc->oo)      Peak
    |100>      2.000          -5.180520      0.011179      0.945617
    |210>      6.000          -3.372706      0.013532      0.945617
    |320>      0.000          -0.348929      0.508998      2.009894
    |200>      0.500          -0.902594      0.088957      2.930234


 ===============Configuration 3 AE Calc=============== 
 Rotation needed            1           2   1.0000000000000001E-005
 Rotation needed            1           4   1.0000000000000001E-005
 Rotation needed            1           7   1.0000000000000001E-005
 Rotation needed            2           4   1.0000000000000001E-005
 Rotation needed            2           7   1.0000000000000001E-005
 Rotation needed            3           5   1.0000000000000001E-005
 Rotation needed            4           7   1.0000000000000001E-005

 iter       Etot             Eeig             Ehart    de_max   dv_max
   1    -1406.4256537     906.5468739     513.9977191 0.97E+00 0.37E+00
  6            117.5756790769-0.170E-06-0.177E-06 0.100E-06  : function truncated in nmrvs
  6            117.5756790769-0.229E-05-0.238E-05 0.100E-06  : function truncated in nmrvs
  6            117.5756790769-0.888E-06-0.922E-06 0.100E-06  : function truncated in nmrvs
  6            117.5756790769-0.298E-05-0.309E-05 0.100E-06  : function truncated in nmrvs
 Solve for HF wfn failed, orthogonalizing...
  6            117.5756790769-0.885E-06-0.919E-06 0.100E-06  : function truncated in nmrvs
  6            117.5756790769-0.316E-05-0.328E-05 0.100E-06  : function truncated in nmrvs
  6            117.5756790769 0.892E-04 0.926E-04 0.100E-06  : function truncated in nmrvs
   2    -1354.6838320     854.7313777     514.0577083 0.10E+01 0.32E-01
  6            117.5756790769-0.305E-06-0.317E-06 0.100E-06  : function truncated in nmrvs
  6            117.5756790769-0.230E-05-0.238E-05 0.100E-06  : function truncated in nmrvs
  6            117.5756790769 0.893E-04 0.927E-04 0.100E-06  : function truncated in nmrvs
  6            117.5756790769-0.388E-06-0.402E-06 0.100E-06  : function truncated in nmrvs
  6            117.5756790769-0.238E-05-0.247E-05 0.100E-06  : function truncated in nmrvs
  6            117.5756790769 0.894E-04 0.928E-04 0.100E-06  : function truncated in nmrvs
   3    -1353.5884689     854.1917564     513.4839037 0.99E-02 0.24E-02
  6            117.5756790769-0.414E-06-0.430E-06 0.100E-06  : function truncated in nmrvs
  6            117.5756790769-0.241E-05-0.250E-05 0.100E-06  : function truncated in nmrvs
  6            117.5756790769 0.894E-04 0.928E-04 0.100E-06  : function truncated in nmrvs
  6            117.5756790769-0.425E-06-0.441E-06 0.100E-06  : function truncated in nmrvs
  6            117.5756790769-0.242E-05-0.251E-05 0.100E-06  : function truncated in nmrvs
  6            117.5756790769 0.894E-04 0.928E-04 0.100E-06  : function truncated in nmrvs
   4    -1353.5021324     854.1368991     513.4514523 0.24E-02 0.10E-03
  6            117.5756790769-0.430E-06-0.447E-06 0.100E-06  : function truncated in nmrvs
  6            117.5756790769-0.243E-05-0.252E-05 0.100E-06  : function truncated in nmrvs
  6            117.5756790769 0.894E-04 0.928E-04 0.100E-06  : function truncated in nmrvs
  6            117.5756790769-0.433E-06-0.449E-06 0.100E-06  : function truncated in nmrvs
  6            117.5756790769-0.243E-05-0.252E-05 0.100E-06  : function truncated in nmrvs
  6            117.5756790769 0.894E-04 0.928E-04 0.100E-06  : function truncated in nmrvs
   5    -1353.5165777     854.1495406     513.4533120 0.69E-04 0.96E-05
  6            117.5756790769-0.434E-06-0.451E-06 0.100E-06  : function truncated in nmrvs
  6            117.5756790769-0.243E-05-0.253E-05 0.100E-06  : function truncated in nmrvs
  6            117.5756790769 0.894E-04 0.928E-04 0.100E-06  : function truncated in nmrvs
  6            117.5756790769-0.435E-06-0.451E-06 0.100E-06  : function truncated in nmrvs
  6            117.5756790769-0.244E-05-0.253E-05 0.100E-06  : function truncated in nmrvs
  6            117.5756790769 0.894E-04 0.928E-04 0.100E-06  : function truncated in nmrvs
   6    -1353.5164611     854.1493098     513.4534290 0.43E-05 0.11E-05
  6            117.5756790769-0.435E-06-0.452E-06 0.100E-06  : function truncated in nmrvs
  6            117.5756790769-0.244E-05-0.253E-05 0.100E-06  : function truncated in nmrvs
  6            117.5756790769 0.894E-04 0.928E-04 0.100E-06  : function truncated in nmrvs
  6            117.5756790769-0.435E-06-0.452E-06 0.100E-06  : function truncated in nmrvs
  6            117.5756790769-0.244E-05-0.253E-05 0.100E-06  : function truncated in nmrvs
  6            117.5756790769 0.894E-04 0.928E-04 0.100E-06  : function truncated in nmrvs
   7    -1353.5163815     854.1492222     513.4534373 0.71E-06 0.31E-06
  6            117.5756790769-0.435E-06-0.452E-06 0.100E-06  : function truncated in nmrvs
  6            117.5756790769-0.244E-05-0.253E-05 0.100E-06  : function truncated in nmrvs
  6            117.5756790769 0.894E-04 0.928E-04 0.100E-06  : function truncated in nmrvs
  6            117.5756790769-0.436E-06-0.452E-06 0.100E-06  : function truncated in nmrvs
  6            117.5756790769-0.244E-05-0.253E-05 0.100E-06  : function truncated in nmrvs
  6            117.5756790769 0.894E-04 0.928E-04 0.100E-06  : function truncated in nmrvs
   8    -1353.5163662     854.1492130     513.4534311 0.12E-06 0.14E-06

 Hartree-Fock converged!
      {100|200}= 1.5D-17
      {100|300}=-2.0D-17
      {200|300}=-5.0D-18
      {210|310}= 1.8D-17
      {100|400}=-2.5D-18
      {200|400}=-2.7D-18
      {300|400}= 3.2D-17

    8 iterations: (units are Ry and bohr)
 Energy:   -1353.51636622    Ebs:    -854.14921295
 Eh:         513.45343110    Ex :     -14.08627783

   Orbital    Filling       Eigenvalues    Norm(rc->oo)      Peak
    |100>      2.000        -298.727451
    |200>      2.000         -33.645488
    |210>      6.000         -27.258538
    |300>      2.000          -4.490752      0.011134      0.996090
    |310>      6.000          -2.681414      0.014536      1.049257
    |320>      0.000          -0.000204      0.865620      4.865075
    |400>      2.000          -0.391059      0.166666      3.469749


 ===============Configuration 3 SL: Calc ===============
 Rotation needed            1           4   1.0000000000000001E-005
  3            117.5756790769-0.162E-06-0.174E-06 0.100E-06  : function truncated in nmrvs
  4            117.5756790769 0.965E-01 0.106E+00 0.100E-06  : function truncated in nmrvs
  4            117.5756790769 0.117E+00 0.129E+00 0.100E-06  : function truncated in nmrvs

 iter       Etot             Eeig             Ehart    de_max   dv_max
   1      -72.0449877      24.7536630      49.4306207 0.10E+01 0.60E-01
  3            117.5756790769-0.139E-06-0.149E-06 0.100E-06  : function truncated in nmrvs
 Solve for HF wfn failed, orthogonalizing...
  3            117.5756790769-0.189E-06-0.203E-06 0.100E-06  : function truncated in nmrvs
  3            117.5756790769 0.585E-05 0.627E-05 0.100E-06  : function truncated in nmrvs
  3            117.5756790769-0.227E-06-0.243E-06 0.100E-06  : function truncated in nmrvs
  3            117.5756790769 0.582E-05 0.624E-05 0.100E-06  : function truncated in nmrvs
   2      -73.9581550      26.2485525      49.8603314 0.82E-01 0.89E-02
  3            117.5756790769-0.223E-06-0.239E-06 0.100E-06  : function truncated in nmrvs
  3            117.5756790769 0.577E-05 0.618E-05 0.100E-06  : function truncated in nmrvs
  3            117.5756790769-0.226E-06-0.242E-06 0.100E-06  : function truncated in nmrvs
  3            117.5756790769 0.577E-05 0.619E-05 0.100E-06  : function truncated in nmrvs
   3      -73.7964483      26.1409549      49.8041816 0.12E-01 0.59E-03
  3            117.5756790769-0.226E-06-0.242E-06 0.100E-06  : function truncated in nmrvs
  3            117.5756790769 0.577E-05 0.619E-05 0.100E-06  : function truncated in nmrvs
  3            117.5756790769-0.227E-06-0.243E-06 0.100E-06  : function truncated in nmrvs
  3            117.5756790769 0.577E-05 0.619E-05 0.100E-06  : function truncated in nmrvs
   4      -73.7998700      26.1477796      49.8005691 0.40E-03 0.31E-04
  3            117.5756790769-0.227E-06-0.243E-06 0.100E-06  : function truncated in nmrvs
  3            117.5756790769 0.577E-05 0.619E-05 0.100E-06  : function truncated in nmrvs
  3            117.5756790769-0.227E-06-0.243E-06 0.100E-06  : function truncated in nmrvs
  3            117.5756790769 0.577E-05 0.619E-05 0.100E-06  : function truncated in nmrvs
   5      -73.8007146      26.1488723      49.8003109 0.82E-04 0.34E-05
  3            117.5756790769-0.227E-06-0.243E-06 0.100E-06  : function truncated in nmrvs
  3            117.5756790769 0.577E-05 0.619E-05 0.100E-06  : function truncated in nmrvs
  3            117.5756790769-0.227E-06-0.243E-06 0.100E-06  : function truncated in nmrvs
  3            117.5756790769 0.577E-05 0.619E-05 0.100E-06  : function truncated in nmrvs
   6      -73.8006628      26.1488429      49.8002875 0.14E-05 0.14E-05
  3            117.5756790769-0.227E-06-0.243E-06 0.100E-06  : function truncated in nmrvs
  3            117.5756790769 0.577E-05 0.619E-05 0.100E-06  : function truncated in nmrvs
  3            117.5756790769-0.227E-06-0.243E-06 0.100E-06  : function truncated in nmrvs
  3            117.5756790769 0.577E-05 0.619E-05 0.100E-06  : function truncated in nmrvs
   7      -73.8006794      26.1488607      49.8002862 0.79E-06 0.11E-05
  3            117.5756790769-0.227E-06-0.243E-06 0.100E-06  : function truncated in nmrvs
  3            117.5756790769 0.577E-05 0.619E-05 0.100E-06  : function truncated in nmrvs
  3            117.5756790769-0.227E-06-0.243E-06 0.100E-06  : function truncated in nmrvs
  3            117.5756790769 0.577E-05 0.619E-05 0.100E-06  : function truncated in nmrvs
   8      -73.8006836      26.1488625      49.8002887 0.23E-06 0.14E-05
  3            117.5756790769-0.227E-06-0.243E-06 0.100E-06  : function truncated in nmrvs
  3            117.5756790769 0.577E-05 0.619E-05 0.100E-06  : function truncated in nmrvs
  3            117.5756790769-0.227E-06-0.243E-06 0.100E-06  : function truncated in nmrvs
  3            117.5756790769 0.577E-05 0.619E-05 0.100E-06  : function truncated in nmrvs
   9      -73.8006791      26.1488599      49.8002868 0.13E-06 0.12E-05

 Hartree-Fock converged!
      {100|200}= 1.1D-17

    9 iterations: (units are Ry and bohr)
 Energy:     -73.80067912    Ebs:     -26.14885993
 Eh:          49.80028676    Ex :      -2.14846757

   Orbital    Filling       Eigenvalues    Norm(rc->oo)      Peak
    |100>      2.000          -4.503462      0.011271      0.945617
    |210>      6.000          -2.690083      0.014978      0.957990
    |320>      0.000          -0.000100      0.835228      4.618556
    |200>      2.000          -0.500720      0.347334      7.973170
   ------------------------------------------------
   ================================================

 ======================================================================== 
 Begin KE convergence testing
 ======================================================================== 
 ----------------------------------------------------------------------
                     Kinetic energy convergence
      ==============================|100>==============================
      Ecut(Ry)  KE/electron(Ry)         KE error/electron (mRy,meV)
         7       1.522102795                70.316162     956.700608
        10       1.585865753                 6.553204      89.160933
        33       1.591702476                 0.716481       9.748225
        44       1.592349212                 0.069745       0.948926
      ==============================|210>==============================
      Ecut(Ry)  KE/electron(Ry)         KE error/electron (mRy,meV)
        25       3.837380390                71.651004     974.862063
        35       3.901942798                 7.088596      96.445312
        41       3.908318677                 0.712717       9.697019
        46       3.908958112                 0.073282       0.997047
      ==============================|320>==============================
      Ecut(Ry)  KE/electron(Ry)         KE error/electron (mRy,meV)
        28       2.596192577                71.289283     969.940600
        37       2.660213531                 7.268330      98.890712
        43       2.666798600                 0.683261       9.296239
        47       2.667417330                 0.064531       0.877987
      ==============================|200>==============================
      Ecut(Ry)  KE/electron(Ry)         KE error/electron (mRy,meV)
         7       1.522102795                70.316162     956.700608
        10       1.585865753                 6.553204      89.160933
        33       1.591702476                 0.716481       9.748225
        44       1.592349212                 0.069745       0.948926

 ======================================================================== 
 End KE convergence testing
 ======================================================================== 
<<<do_rpt>>>
<<<do_upf>>>
------------- closing opium session ------------
You MUST run nl before writing out your psp file since you are 
using augmentation functions in your [KBdesign] keyblock.  

