
 ++++++++++++++++++++++++++++++++++++++++++++++++++++++++++++++++++++++++
           OPIUM  Version:        3.8                             
           =====================================            
 See http://opium.sourceforge.net for help and information                 
 Copyright 2009 : The OPIUM project                         

 Compile host     : vagvlan567.217.wlan.design.upenn.edu
 Compile OS       : Darwin 14.1.0 i386
 Compile date     : Wed Mar 18 18:57:27 EDT 2015

 Execution host   : vagvlan567.0951.wlan.wireless-pennnet.upenn.edu
 time of execution: Tue Oct 13 15:29:39 2015

 ++++++++++++++++++++++++++++++++++++++++++++++++++++++++++++++++++++++++
 Reading parameter file:  <h.param> ... 
 File prefix             : h 
 Element                 : Hydrogen   (H) 
 Z                       : 1 
 
 Number of all-electron orbitals   : 1 
 Number of pseudo       orbitals   : 1 
 
 Pseudopotential is non-relativistic 
 Using Hartree-Fock Exchange (Beta!!)                
 HF pseudopotential NOT being smoothed! 
 The s potential is used for the KB construction 
 Optimized (RRKJ) pseudopotential method will be used 

 nl    cutoff radii    q-max      # bessel functions
 1s       1.800        3.000              4 

 Reference Configuration: core  <-/-> valence 
 <-/-> 1s1 

 Grid definitions: 
 a_grid=1.00e-04    b_grid=1.30e-02    # points=1076 
 r(1)=1.00e-04      r(np)=1.17e+02    

 dEmax tolerance:  1.00e-08      dVmax tolerance:  1.00e-06     

 Starting calculation...

 ======================================================================== 
 Begin AE calculation
 ======================================================================== 
 Performing non-relativistic AE calculation...  

 iter       Etot             Eeig             Ehart    de_max   dv_max
   1       -1.0000000       1.0000000       0.0000000 0.34E-09 0.34E-06

 Hartree-Fock converged!

 Converged in 1 iteration (probably reference state)
 Energy:      -1.00000000    Ebs:      -1.00000000
 Eh:           0.00000000    Ex :       0.00000000

   Orbital    Filling       Eigenvalues    Norm(rc->oo)      Peak
    |100>      1.000          -1.000000      0.308580      0.993680

 ======================================================================== 
 End AE calculation
 ======================================================================== 

 ======================================================================== 
 Begin PS construction
 ======================================================================== 
 Optimized Pseudopotential Generation ...

 ==================
 zeff=   1.0000000000000000     
 Pseudizing state : |100>
 eigenvalue       : -1.000000
 qc               :  3.000000
 # bessel fxns    :  4
 point nearest rc :  755
 rc               :  1.800000
 actual rc        :  1.806985

 Psi(rc)          :     0.3282966461
 Slope at rc      :    -0.3282966470
 Curvature at rc  :     0.3282966470
 Del^2 Psi at rc  :    -0.0350673810
 Log Deriv at rc  :    -1.0000000027

 Starting KE minimization...
  step #    theta       slope       curv       KEresid    coeffsum
     1    0.075753   -1.369905    9.041900    0.022503    1.203065
     2    0.001635   -0.028251    8.638261    0.022479    1.195018
     3    0.000001   -0.000018    8.627541    0.022479    1.195013

 # steps:     3
 Final KE error:    0.0224794561
 Sum of coeffs :    1.1950130310
 ---------------------------------------------------------------
 Coeff:      0.865751  0.410084 -0.019783 -0.061040
 ---------------------------------------------------------------
 Resid KE (Ry)     :        0.0224794561
 Norm error        :     0.222E-15
 Continuity error  :    -0.167E-15
 Curvature error   :     0.294E-14
 ---------------------------------------------------------------
 Bessel wavevectors and final coefficients
   1        1.0853231104        0.8657514955
   2        2.6986340066        0.4100838145
   3        4.4024046575       -0.0197826612
   4        6.1253168230       -0.0610396178

 Total KE           (Ry) :     0.9077691434
 0  -> qc contribution   :     0.8852896874
 qc -> oo contribution   :     0.0224794561   (=Convergence term)
 Occupancy of this state :     1.0000000000
 Convergence term (Ry/e) :     0.0224794561
 Convergence error (mRy) :    22.4794560553
 Convergence error (meV) :   305.8509831976


 Running HF solver for raw psp...
 Results of HF psp solve...
 State: 1s  AE eigenvalue =  -1.000000  PS eigenvalue =  -1.000000

 ======================================================================== 
 End PS construction
 ======================================================================== 

 ======================================================================== 
 Begin SL calculation
 ======================================================================== 

 iter       Etot             Eeig             Ehart    de_max   dv_max
   1       -1.0000000       1.0000000       0.0000000 0.11E-08 0.46E-08

 Hartree-Fock converged!

 Converged in 1 iteration (probably reference state)
 Energy:      -1.00000000    Ebs:      -1.00000000
 Eh:           0.00000000    Ex :       0.00000000

   Orbital    Filling       Eigenvalues    Norm(rc->oo)      Peak
    |100>      1.000          -1.000000      0.308580      0.980845

 ======================================================================== 
 End SL calculation
 ======================================================================== 
<<<do_tc>>>


 ===============Configuration 1 AE Calc=============== 

 iter       Etot             Eeig             Ehart    de_max   dv_max
   1       -0.7499920       0.7499920       0.0000000 0.16E-01 0.17E-02
   2       -0.7499970       0.7499970       0.0000000 0.27E-05 0.10E-02
   3       -0.7499973       0.7499973       0.0000000 0.14E-06 0.97E-03
   4       -0.7499974       0.7499974       0.0000000 0.17E-07 0.96E-03
   5       -0.7499974       0.7499974       0.0000000 0.22E-08 0.96E-03
   6       -0.7499974       0.7499974       0.0000000 0.30E-09 0.96E-03
   7       -0.7499999       0.7499999       0.0000000 0.21E-05 0.21E-03
   8       -0.7499999       0.7499999       0.0000000 0.17E-07 0.18E-03
   9       -0.7499999       0.7499999       0.0000000 0.16E-08 0.18E-03
  10       -0.7499999       0.7499999       0.0000000 0.21E-09 0.17E-03
  11       -0.7499999       0.7499999       0.0000000 0.28E-10 0.17E-03
  12       -0.7500000       0.7500000       0.0000000 0.70E-07 0.52E-04
  13       -0.7500000       0.7500000       0.0000000 0.22E-08 0.34E-04
  14       -0.7500000       0.7500000       0.0000000 0.13E-09 0.32E-04
  15       -0.7500000       0.7500000       0.0000000 0.15E-10 0.32E-04
  16       -0.7500000       0.7500000       0.0000000 0.20E-11 0.32E-04
  17       -0.7500000       0.7500000       0.0000000 0.21E-08 0.20E-04
  18       -0.7500000       0.7500000       0.0000000 0.62E-09 0.68E-05
  19       -0.7500000       0.7500000       0.0000000 0.75E-11 0.59E-05
  20       -0.7500000       0.7500000       0.0000000 0.72E-12 0.59E-05

 Hartree-Fock converged!

   20 iterations: (units are Ry and bohr)
 Energy:      -0.75000000    Ebs:      -0.75000000
 Eh:           0.00000000    Ex :       0.00000000

   Orbital    Filling       Eigenvalues    Norm(rc->oo)      Peak
    |100>      0.750          -1.000000      0.308574      0.993680
!!NOTE!!: All Hartree-Fock tests are done with the semi-local form of the potential 
!!NOTE!!: Use the 'sl' command instead of the 'nl' command to remove this warning...


 ===============Configuration 1 SL: Calc ===============

 iter       Etot             Eeig             Ehart    de_max   dv_max
   1       -0.7500000       0.7500000       0.0000000 0.11E-08 0.46E-08

 Hartree-Fock converged!

 Converged in 1 iteration (probably reference state)
 Energy:      -0.75000000    Ebs:      -0.75000000
 Eh:           0.00000000    Ex :       0.00000000

   Orbital    Filling       Eigenvalues    Norm(rc->oo)      Peak
    |100>      0.750          -1.000000      0.308580      0.980845


 ===============Configuration 2 AE Calc=============== 

 iter       Etot             Eeig             Ehart    de_max   dv_max
   1       -0.4999821       0.4999821       0.0000000 0.63E-01 0.24E-02
   2       -0.4999932       0.4999932       0.0000000 0.89E-05 0.15E-02
   3       -0.4999940       0.4999940       0.0000000 0.48E-06 0.14E-02
   4       -0.4999941       0.4999941       0.0000000 0.57E-07 0.14E-02
   5       -0.4999941       0.4999941       0.0000000 0.75E-08 0.14E-02
   6       -0.4999941       0.4999941       0.0000000 0.10E-08 0.14E-02
   7       -0.4999997       0.4999997       0.0000000 0.72E-05 0.31E-03
   8       -0.4999998       0.4999998       0.0000000 0.57E-07 0.26E-03
   9       -0.4999998       0.4999998       0.0000000 0.55E-08 0.25E-03
  10       -0.4999998       0.4999998       0.0000000 0.70E-09 0.25E-03
  11       -0.4999998       0.4999998       0.0000000 0.93E-10 0.25E-03
  12       -0.5000000       0.5000000       0.0000000 0.24E-06 0.74E-04
  13       -0.5000000       0.5000000       0.0000000 0.77E-08 0.49E-04
  14       -0.5000000       0.5000000       0.0000000 0.45E-09 0.46E-04
  15       -0.5000000       0.5000000       0.0000000 0.55E-10 0.46E-04
  16       -0.5000000       0.5000000       0.0000000 0.72E-11 0.46E-04
  17       -0.5000000       0.5000000       0.0000000 0.77E-08 0.28E-04
  18       -0.5000000       0.5000000       0.0000000 0.23E-08 0.97E-05
  19       -0.5000000       0.5000000       0.0000000 0.37E-10 0.85E-05
  20       -0.5000000       0.5000000       0.0000000 0.38E-11 0.83E-05
  21       -0.5000000       0.5000000       0.0000000 0.49E-12 0.83E-05
  22       -0.5000000       0.5000000       0.0000000 0.64E-13 0.83E-05
  23       -0.5000000       0.5000000       0.0000000 0.21E-09 0.52E-05

 Hartree-Fock converged!

   23 iterations: (units are Ry and bohr)
 Energy:      -0.50000000    Ebs:      -0.50000000
 Eh:           0.00000000    Ex :       0.00000000

   Orbital    Filling       Eigenvalues    Norm(rc->oo)      Peak
    |100>      0.500          -1.000000      0.308576      0.993680


 ===============Configuration 2 SL: Calc ===============

 iter       Etot             Eeig             Ehart    de_max   dv_max
   1       -0.5000000       0.5000000       0.0000000 0.11E-08 0.46E-08

 Hartree-Fock converged!

 Converged in 1 iteration (probably reference state)
 Energy:      -0.50000000    Ebs:      -0.50000000
 Eh:           0.00000000    Ex :       0.00000000

   Orbital    Filling       Eigenvalues    Norm(rc->oo)      Peak
    |100>      0.500          -1.000000      0.308580      0.980845


 ===============Configuration 3 AE Calc=============== 

 iter       Etot             Eeig             Ehart    de_max   dv_max
   1       -0.3499818       0.3499818       0.0000000 0.11E+00 0.23E-02
   2       -0.3499931       0.3499931       0.0000000 0.13E-04 0.14E-02
   3       -0.3499939       0.3499939       0.0000000 0.70E-06 0.13E-02
   4       -0.3499940       0.3499940       0.0000000 0.83E-07 0.13E-02
   5       -0.3499940       0.3499940       0.0000000 0.11E-07 0.13E-02
   6       -0.3499940       0.3499940       0.0000000 0.14E-08 0.13E-02
   7       -0.3499997       0.3499997       0.0000000 0.10E-04 0.29E-03
   8       -0.3499998       0.3499998       0.0000000 0.83E-07 0.25E-03
   9       -0.3499998       0.3499998       0.0000000 0.80E-08 0.24E-03
  10       -0.3499998       0.3499998       0.0000000 0.10E-08 0.24E-03
  11       -0.3499998       0.3499998       0.0000000 0.14E-09 0.24E-03
  12       -0.3500000       0.3500000       0.0000000 0.35E-06 0.71E-04
  13       -0.3500000       0.3500000       0.0000000 0.11E-07 0.46E-04
  14       -0.3500000       0.3500000       0.0000000 0.67E-09 0.44E-04
  15       -0.3500000       0.3500000       0.0000000 0.80E-10 0.44E-04
  16       -0.3500000       0.3500000       0.0000000 0.11E-10 0.44E-04
  17       -0.3500000       0.3500000       0.0000000 0.11E-07 0.27E-04
  18       -0.3500000       0.3500000       0.0000000 0.35E-08 0.93E-05
  19       -0.3500000       0.3500000       0.0000000 0.60E-10 0.81E-05
  20       -0.3500000       0.3500000       0.0000000 0.62E-11 0.80E-05
  21       -0.3500000       0.3500000       0.0000000 0.79E-12 0.80E-05
  22       -0.3500000       0.3500000       0.0000000 0.11E-12 0.80E-05
  23       -0.3500000       0.3500000       0.0000000 0.14E-13 0.80E-05

 Hartree-Fock converged!

   23 iterations: (units are Ry and bohr)
 Energy:      -0.35000000    Ebs:      -0.35000000
 Eh:           0.00000000    Ex :       0.00000000

   Orbital    Filling       Eigenvalues    Norm(rc->oo)      Peak
    |100>      0.350          -1.000000      0.308576      0.993680


 ===============Configuration 3 SL: Calc ===============

 iter       Etot             Eeig             Ehart    de_max   dv_max
   1       -0.3500000       0.3500000       0.0000000 0.11E-08 0.46E-08

 Hartree-Fock converged!

 Converged in 1 iteration (probably reference state)
 Energy:      -0.35000000    Ebs:      -0.35000000
 Eh:           0.00000000    Ex :       0.00000000

   Orbital    Filling       Eigenvalues    Norm(rc->oo)      Peak
    |100>      0.350          -1.000000      0.308580      0.980845
   ------------------------------------------------
   ================================================

 ======================================================================== 
 Begin KE convergence testing
 ======================================================================== 
 ----------------------------------------------------------------------
                     Kinetic energy convergence
      ==============================|100>==============================
      Ecut(Ry)  KE/electron(Ry)         KE error/electron (mRy,meV)
         6       0.834556174                73.212964     996.113618
        13       0.900566531                 7.202606      97.996499
        39       0.907064743                 0.704394       9.583779
        48       0.907699316                 0.069822       0.949971

 ======================================================================== 
 End KE convergence testing
 ======================================================================== 
<<<do_rpt>>>
------------- closing opium session ------------
