##########################################################
#    Opium Report File                                   #
##########################################################
     Opium version:        3.8

### copy of the parameter file #######################

[Atom]
H
1
100 1.00  -

[Pseudo]
1 1.80
opt

[Optinfo]
3.00  4

[XC]
hf

[Configs]
3
100 0.75 -

100 0.50 -

100 0.35 -

### AE report ########################################

 AE:Orbital    Filling       Eigenvalues[Ry]          Norm
    ----------------------------------------------------------
	100	 1.000	      -1.0000000003	  0.3085801551

      E_tot =       -1.0000000003 Ry

### PS report ########################################



 NOTICE!! :Ghost testing not done for HF psps yet, sorry :( 
    ====================Optimized pseudopotential method====================

                       Pseudopotential convergence error                      
    Orbital      [mRy/e]       [meV/e]         [mRy]        [meV]        Ghost
    --------------------------------------------------------------------------
	100      22.479456    305.848735     22.479456    305.848735	   ???

                  Tot. error =              22.479456    305.848735


### NL/SL report #####################################



 NOTICE!! :Ghost testing not done for HF psps yet, sorry :( 

 SL:Orbital    Filling       Eigenvalues[Ry]          Norm       Ghost
    ------------------------------------------------------------------
	100 	 1.000	      -0.9999999993	  0.3085801604	   ???

      E_tot =       -0.9999999993 Ry

### KE report ########################################

	 ===   Ecut necessary for ~1    eV convergence error / electron === 
	 --------------------------------------------------------------- 
		 	 Ecut[Ry] 	 error [meV/e] 
	100  		   6 	          996.114 
	 ===   Ecut necessary for ~100 meV convergence error / electron === 
	 --------------------------------------------------------------- 
		 	 Ecut[Ry] 	 error [meV/e] 
	100  		   13 	           97.996 

	 ===   Ecut necessary for  ~10 meV convergence error / electron === 
	 --------------------------------------------------------------- 
		 	 Ecut[Ry] 	 error [meV/e] 
	100  		   39 	            9.584 

	 ===   Ecut necessary for   ~1 meV convergence error / electron === 
	 --------------------------------------------------------------- 
		 	 Ecut[Ry] 	 error [meV/e] 
	100  		   48 	            0.950 

### TC report ########################################

 AE:Orbital    Filling       Eigenvalues[Ry]          Norm
    ----------------------------------------------------------
	100	 0.750	      -1.0000000000	  0.3085739450

      E_tot =       -0.7500000000 Ry


 NOTICE!! :Ghost testing not done for HF psps yet, sorry :( 

 SL:Orbital    Filling       Eigenvalues[Ry]          Norm       Ghost
    ------------------------------------------------------------------
	100 	 0.750	      -0.9999999993	  0.3085801604	   ???

      E_tot =       -0.7499999995 Ry

 AE-SL:Orbital Filling       Eigenvalues[mRy]         Norm[1e-3] 
 AE-SL- --------------------------------------------------------------
 AE-SL- 100 	 0.750	      -0.0000007098	 -0.0062154153	
 AE-SL-  total error =	       0.0000007098	  0.0062154153

 =====================================================================
 AE:Orbital    Filling       Eigenvalues[Ry]          Norm
    ----------------------------------------------------------
	100	 0.500	      -0.9999999999	  0.3085763540

      E_tot =       -0.5000000000 Ry


 NOTICE!! :Ghost testing not done for HF psps yet, sorry :( 

 SL:Orbital    Filling       Eigenvalues[Ry]          Norm       Ghost
    ------------------------------------------------------------------
	100 	 0.500	      -0.9999999993	  0.3085801604	   ???

      E_tot =       -0.4999999996 Ry

 AE-SL:Orbital Filling       Eigenvalues[mRy]         Norm[1e-3] 
 AE-SL- --------------------------------------------------------------
 AE-SL- 100 	 0.500	      -0.0000006317	 -0.0038064319	
 AE-SL-  total error =	       0.0000006317	  0.0038064319

 =====================================================================
 AE:Orbital    Filling       Eigenvalues[Ry]          Norm
    ----------------------------------------------------------
	100	 0.350	      -0.9999999994	  0.3085756329

      E_tot =       -0.3499999998 Ry


 NOTICE!! :Ghost testing not done for HF psps yet, sorry :( 

 SL:Orbital    Filling       Eigenvalues[Ry]          Norm       Ghost
    ------------------------------------------------------------------
	100 	 0.350	      -0.9999999993	  0.3085801604	   ???

      E_tot =       -0.3499999997 Ry

 AE-SL:Orbital Filling       Eigenvalues[mRy]         Norm[1e-3] 
 AE-SL- --------------------------------------------------------------
 AE-SL- 100 	 0.350	      -0.0000001552	 -0.0045275609	
 AE-SL-  total error =	       0.0000001552	  0.0045275609

 =====================================================================

  Comparison of total energy differences.           
   DD_ij = (E_i - E_j)_AE - (E_i-E_j)_SL     

 AE-SL-   i   j         DD[mRy]        DD[meV] 
 AE-SL- ------------------------------------------
 AE-SL-   0   1        -0.000001      -0.000007
 AE-SL-   0   2        -0.000001      -0.000010
 AE-SL-   0   3        -0.000001      -0.000014
 AE-SL-   1   2        -0.000000      -0.000003
 AE-SL-   1   3        -0.000000      -0.000007
 AE-SL-   2   3        -0.000000      -0.000004
