
 ++++++++++++++++++++++++++++++++++++++++++++++++++++++++++++++++++++++++
           OPIUM  Version:        3.7                             
           =====================================            
 See http://opium.sourceforge.net for help and information                 
 Copyright 2009 : The OPIUM project                         

 Compile host     : vagvlan567.045.wlan.design.upenn.edu
 Compile OS       : Darwin 11.4.2 i386
 Compile date     : Fri Aug  2 18:20:33 EDT 2013

 Execution host   : vagvlan567.0798.wlan.wireless-pennnet.upenn.edu
 time of execution: Wed Oct 22 12:43:32 2014

 ++++++++++++++++++++++++++++++++++++++++++++++++++++++++++++++++++++++++
 Reading parameter file:  <re.param> ... 
 File prefix             : re 
 Element                 : Rhenium    (Re) 
 Z                       : 75 
 
 Number of all-electron orbitals   : 14 
 Number of pseudo       orbitals   : 4 
 
 Pseudopotential is scalar-relativistic 
 Relativistic corrections applied to XC potential 
 Using the minimum cut-off radius for srl averaging 
 Exchage-correlation functional is : Perdew, Burke, Ernzerhof GGA 
 GGA smoothed from 0 to 0.001000 bohr using switch to LDA 
 The s potential is used for the KB construction 
 Optimized (RRKJ) pseudopotential method will be used 

 nl    cutoff radii    q-max      # bessel functions
 5s       1.750        7.070              10 
 5p       1.770        7.070              10 
 5d       1.800        7.070              10 
 6s       1.830        7.070              10 

 Reference Configuration: core  <-/-> valence 
 1s2  2s2  2p6  3s2  3p6  3d10  4s2  4p6  4d10  4f14  <-/-> 5s2  5p6  5d0  6s0 

 Grid definitions: 
 a_grid=1.00e-04    b_grid=1.30e-02    # points=1187 
 r(1)=2.37e-05      r(np)=1.18e+02    

 dEmax tolerance:  1.00e-08      dVmax tolerance:  1.00e-06     

 Box 1  0.0101376 --> 1.63476  height: 2.08 
 Starting calculation...

 ======================================================================== 
 Begin AE calculation
 ======================================================================== 
 Performing relativistic AE calculation...  
 ---------Eigenvalue guesses---------
 1s         -5625.00000000
 2s         -1406.25000000
 2p         -1406.25000000
 2p         -1406.25000000
 3s          -625.00000000
 3p          -625.00000000
 3p          -625.00000000
 3d          -625.00000000
 3d          -625.00000000
 4s          -351.56250000
 4p          -351.56250000
 4p          -351.56250000
 4d          -351.56250000
 4d          -351.56250000
 4f          -351.56250000
 4f          -351.56250000
 5s          -225.00000000
 5p          -225.00000000
 5p          -225.00000000
 5d          -225.00000000
 5d          -225.00000000
 6s          -156.25000000

 iter       Etot             Ebs             Ehxc       de_max   dv_max
   1   -38611.7881935  -24176.2965981  -14435.4915954 0.94E+00 0.19E+02
   2   -34599.3421485  -21793.1777227  -12806.1644258 0.58E+00 0.39E+01
   3   -33284.1948603  -20995.8747263  -12288.3201340 0.35E+00 0.14E+01
   4   -33332.0524997  -20991.7876903  -12340.2648094 0.50E-01 0.39E+00
   5   -33414.2094531  -21012.9463969  -12401.2630562 0.37E-01 0.25E+00
   6   -33412.6919655  -20991.6673507  -12421.0246147 0.16E-01 0.25E+00
   7   -33369.8192912  -20959.6143900  -12410.2049012 0.31E-01 0.75E-01
   8   -33358.0262656  -20957.9335450  -12400.0927207 0.29E-02 0.61E-01
   9   -33359.5531443  -20962.5074102  -12397.0457342 0.38E-02 0.46E-01
  10   -33368.4322770  -20969.4999975  -12398.9322795 0.59E-02 0.10E-01
  11   -33369.7084915  -20969.5052135  -12400.2032781 0.10E-03 0.86E-02
  12   -33368.7828983  -20968.4359288  -12400.3469695 0.97E-03 0.31E-02
  13   -33368.1723088  -20968.0734650  -12400.0988437 0.37E-03 0.13E-02
  14   -33368.2055984  -20968.1632267  -12400.0423718 0.89E-04 0.97E-03
  15   -33368.4214560  -20968.3049532  -12400.1165028 0.15E-03 0.41E-03
  16   -33368.4320339  -20968.2925157  -12400.1395182 0.18E-04 0.33E-03
  17   -33368.3976491  -20968.2676098  -12400.1300393 0.28E-04 0.11E-03
  18   -33368.3677624  -20968.2543124  -12400.1134500 0.16E-04 0.66E-04
  19   -33368.3661357  -20968.2582856  -12400.1078502 0.36E-05 0.65E-04
  20   -33368.3730086  -20968.2638543  -12400.1091544 0.55E-05 0.26E-04
  21   -33368.3781391  -20968.2664100  -12400.1117291 0.26E-05 0.29E-05
  22   -33368.3796334  -20968.2665063  -12400.1131271 0.20E-06 0.81E-05
  23   -33368.3791456  -20968.2658072  -12400.1133385 0.62E-06 0.52E-05
  24   -33368.3783633  -20968.2652878  -12400.1130755 0.47E-06 0.12E-05
  25   -33368.3779616  -20968.2651295  -12400.1128321 0.14E-06 0.70E-06
  26   -33368.3779107  -20968.2651700  -12400.1127407 0.43E-07 0.83E-06
  27   -33368.3779915  -20968.2652433  -12400.1127482 0.71E-07 0.37E-06
  28   -33368.3780616  -20968.2652819  -12400.1127796 0.37E-07 0.34E-07
  29   -33368.3780862  -20968.2652873  -12400.1127989 0.47E-08 0.10E-06

   29 iterations: (units are Ry and bohr)
 Energy:  -33368.37808620  Ebs:  -20968.26528728  Ehxc:  -12400.11279891
 Eh    :   12550.88004153  Exc:    -614.25010037

   Orbital    Filling       Eigenvalues    Norm(rc->oo)      Peak
    |100 >      2.000       -5242.392557
    |200 >      2.000        -914.877936
    |210->      2.000        -875.286204
    |210+>      4.000        -770.578007
    |300 >      2.000        -217.354766
    |310->      2.000        -199.797885
    |310+>      4.000        -177.027033
    |320->      4.000        -147.821856
    |320+>      6.000        -142.861024
    |400 >      2.000         -50.950395
    |410->      2.000         -43.635727
    |410+>      4.000         -38.322144
    |420->      4.000         -26.368923
    |420+>      6.000         -25.383011
    |430->      6.000         -10.273101
    |430+>      8.000         -10.086290
    |500 >      2.000         -13.100700      0.024592      0.934725
    |510->      2.000         -10.800698      0.044226      0.984616
    |510+>      4.000          -9.901641      0.070570      1.064491
    |520->      0.000          -6.633573      0.202887      1.244205
    |520+>      0.000          -6.513085      0.219628      1.276979
    |600 >      0.000          -5.427812      0.702414      2.012740
 -----------------------------------------------
 Starting j-averaging procedure                 
 -----------------------------------------------
     Z atom                            : 75.000000
     Z valence                         : 15.000000
     Ideal tail norms and bp radius   :

 5s  Norm rc->oo:   0.025071    bp radius:   1.634762
 5p  Norm rc->oo:   0.062166    bp radius:   1.634762
 5d  Norm rc->oo:   0.213167    bp radius:   1.634762
 6s  Norm rc->oo:   0.702555    bp radius:   1.634762

     Converged in   7 iterations
     Breakpoint norm error    : 5s   0.374E-13
     Breakpoint norm error    : 5p   0.218E-13
     Breakpoint norm error    : 5d   0.167E-13
     Breakpoint norm error    : 6s   0.144E-12

     Final averaged tail norms and eigenvalues: ...
 5s  Norm rc->oo                       :   0.024635
 5p  Norm rc->oo                       :   0.061555
 5d  Norm rc->oo                       :   0.213007
 6s  Norm rc->oo                       :   0.702307
 5s  Avg. eigenvalue                   : -13.100700
 5p  Avg. eigenvalue                   : -10.201327
 5d  Avg. eigenvalue                   :  -6.561280
 6s  Avg. eigenvalue                   :  -5.427812

 ======================================================================== 
 End AE calculation
 ======================================================================== 

 ======================================================================== 
 Begin PS construction
 ======================================================================== 
 Optimized Pseudopotential Generation ...

 ==================
 zeff=   15.000000000000000     
 Pseudizing state : |500>
 eigenvalue       :-13.100700
 qc               :  7.070000
 # bessel fxns    : 10
 point nearest rc :  863
 rc               :  1.750000
 actual rc        :  1.744550

 Psi(rc)          :     0.1983950322
 Slope at rc      :    -0.5664158838
 Curvature at rc  :     1.4926853719
 Del^2 Psi at rc  :     0.8433308394
 Log Deriv at rc  :    -2.8549902560

 Starting KE minimization...
  step #    theta       slope       curv       KEresid    coeffsum
     1    0.010100   -1.912135   94.656507    0.005359    0.758675
     2   -0.002490    0.999934  200.823637    0.004114    0.765746
     3   -0.003282    0.534337   81.413017    0.003238    0.793188
     4   -0.004419    0.437319   49.485482    0.002272    0.822426
    11   -0.000494    0.166986  168.945757    0.000318    0.884229
    21   -0.000085    0.019725  115.764389    0.000106    0.921346
    31   -0.000022    0.005951  137.941747    0.000103    0.934470
    41   -0.000021    0.006061  146.818071    0.000100    0.936406
    51   -0.000016    0.004457  139.711486    0.000098    0.945652
    61   -0.000043    0.012929  151.864981    0.000085    0.979156
    71   -0.000079    0.021902  139.335548    0.000036    1.170345
    81   -0.000004    0.001757  214.967580    0.000033    1.168972
    91   -0.000035    0.008212  117.337639    0.000028    1.216350
   101   -0.000006    0.001732  152.398717    0.000026    1.213735

 # steps:   108
 Final KE error:    0.0000254166
 Sum of coeffs :    1.2182284395
 ---------------------------------------------------------------
 Coeff:      1.418112  0.358139 -0.486986 -0.071418 -0.000724  0.001884 -0.001533  0.001005 -0.000584  0.000333
 ---------------------------------------------------------------
 Resid KE (Ry)     :        0.0000254166
 Norm error        :    -0.888E-15
 Continuity error  :    -0.555E-16
 Curvature error   :    -0.422E-13
 ---------------------------------------------------------------
 Bessel wavevectors and final coefficients
   1        1.4723327499        1.4181121496
   2        3.0677827228        0.3581388489
   3        4.7583163840       -0.4869860362
   4        6.4964295495       -0.0714181972
   5        8.2581428647       -0.0007241228
   6       10.0326081625        0.0018842127
   7       11.8145824213       -0.0015327699
   8       13.6013023988        0.0010051180
   9       15.3911954757       -0.0005840390
  10       17.1833078695        0.0003332754

 Total KE           (Ry) :     2.2810199706
 0  -> qc contribution   :     2.2809945540
 qc -> oo contribution   :     0.0000254166   (=Convergence term)
 Occupancy of this state :     2.0000000000
 Convergence term (Ry/e) :     0.0000254166
 Convergence error (mRy) :     0.0508331018
 Convergence error (meV) :     0.6916250168


 ==================
 zeff=   15.000000000000000     
 Pseudizing state : |510>
 eigenvalue       :-10.201327
 qc               :  7.070000
 # bessel fxns    : 10
 point nearest rc :  864
 rc               :  1.770000
 actual rc        :  1.767378

 Psi(rc)          :     0.2768784064
 Slope at rc      :    -0.6444431940
 Curvature at rc  :     1.3175177405
 Del^2 Psi at rc  :     0.4109726732
 Log Deriv at rc  :    -2.3275314325

 Starting KE minimization...
  step #    theta       slope       curv       KEresid    coeffsum
     1    0.007571   -1.765538  116.595237    0.005695    2.532868
     2   -0.002176    1.025578  235.681064    0.004580    2.568714
     3   -0.002789    0.599360  107.454531    0.003744    2.623913
     4   -0.005951    0.505682   42.488421    0.002240    2.693956
    11   -0.000186    0.072822  195.510866    0.000221    2.681459
    21   -0.000051    0.018571  180.521050    0.000189    2.691192
    31   -0.000074    0.026358  177.425496    0.000024    2.878200

 # steps:    38
 Final KE error:    0.0000234817
 Sum of coeffs :    2.8795962753
 ---------------------------------------------------------------
 Coeff:      1.956187  0.967922 -0.043973  0.001681 -0.005937  0.004480 -0.003499  0.002905 -0.002584  0.002415
 ---------------------------------------------------------------
 Resid KE (Ry)     :        0.0000234817
 Norm error        :     0.122E-14
 Continuity error  :    -0.222E-15
 Curvature error   :    -0.133E-13
 ---------------------------------------------------------------
 Bessel wavevectors and final coefficients
   1        2.0416648077        1.9561865204
   2        3.7232386287        0.9679221993
   3        5.4521689728       -0.0439727716
   4        7.2021039368        0.0016806702
   5        8.9621614108       -0.0059374678
   6       10.7277196404        0.0044799900
   7       12.4965637382       -0.0034991342
   8       14.2675165160        0.0029051958
   9       16.0398992211       -0.0025839417
  10       17.8132945691        0.0024150149

 Total KE           (Ry) :     4.3585226454
 0  -> qc contribution   :     4.3584991637
 qc -> oo contribution   :     0.0000234817   (=Convergence term)
 Occupancy of this state :     6.0000000000
 Convergence term (Ry/e) :     0.0000234817
 Convergence error (mRy) :     0.1408903315
 Convergence error (meV) :     1.9169256717


 ==================
 zeff=   15.000000000000000     
 Pseudizing state : |520>
 eigenvalue       : -6.561280
 qc               :  7.070000
 # bessel fxns    : 10
 point nearest rc :  865
 rc               :  1.800000
 actual rc        :  1.790504

 Psi(rc)          :     0.4008970861
 Slope at rc      :    -0.5991746555
 Curvature at rc  :     0.6073167970
 Del^2 Psi at rc  :    -0.8122617285
 Log Deriv at rc  :    -1.4945847109

 Starting KE minimization...
  step #    theta       slope       curv       KEresid    coeffsum
     1    0.003096   -1.246705  201.324273    0.000188    3.460541
     2   -0.001136    0.095801   42.184115    0.000134    3.455882
     3   -0.000529    0.065773   62.216492    0.000116    3.448867
     4   -0.000439    0.038688   44.072541    0.000108    3.448387
    11   -0.000019    0.007128  183.583899    0.000010    3.391364

 # steps:    12
 Final KE error:    0.0000099898
 Sum of coeffs :    3.3918217991
 ---------------------------------------------------------------
 Coeff:      2.317212  1.007311  0.060872  0.008593 -0.006033  0.004231 -0.003284  0.002715 -0.002344  0.002548
 ---------------------------------------------------------------
 Resid KE (Ry)     :        0.0000099898
 Norm error        :    -0.111E-15
 Continuity error  :     0.167E-15
 Curvature error   :     0.191E-13
 ---------------------------------------------------------------
 Bessel wavevectors and final coefficients
   1        2.4672912173        2.3172124996
   2        4.2907724457        1.0073110979
   3        6.0732502361        0.0608716625
   4        7.8430751290        0.0085933962
   5        9.6072883825       -0.0060325420
   6       11.3685138995        0.0042313506
   7       13.1279578221       -0.0032844032
   8       14.8862532862        0.0027150857
   9       16.6437649052       -0.0023439770
  10       18.4007175939        0.0025476288

 Total KE           (Ry) :     5.5181445341
 0  -> qc contribution   :     5.5181345443
 qc -> oo contribution   :     0.0000099898   (=Convergence term)
 Occupancy of this state :     0.0000000000
 Convergence term (Ry/e) :     0.0000099898
 Convergence error (mRy) :     0.0000000000
 Convergence error (meV) :     0.0000000000

 ------------------------------
 Descreening potential
 valence charge          :   8.000000
 core    charge          :   0.000000

 ----Solving the Schrodinger equation for all states----
 State: 5s  AE eigenvalue = -13.100700  PS eigenvalue = -13.100700
 State: 5p  AE eigenvalue = -10.201327  PS eigenvalue = -10.201327
 State: 5d  AE eigenvalue =  -6.561280  PS eigenvalue =  -6.561280

 ---Semilocal ghost testing---
 Local state: 5s

 Test  state: 5p
 KB energy :   9.926354  KB strength:   1.265661  KB cosine:   0.127505
 el0       : -10.428390  el1        :  -4.591388  eig      : -10.201327
 No ghosts!  Ekb>0  and el0 < eig < el1

 Test  state: 5d
 KB energy :   2.841914  KB strength:   1.158255  KB cosine:   0.407562
 el0       :  -7.084170  el1        :  -3.354715  eig      :  -6.561280
 No ghosts!  Ekb>0  and el0 < eig < el1

 No ghosts for local potential: 5s
 ------------------------------

 Local state: 5p

 Test  state: 5s
 KB energy :  15.356707  KB strength:   1.947722  KB cosine:   0.126832
 el0       : -13.686181  el1        :  -6.852374  eig      : -13.100700
 No ghosts!  Ekb>0  and el0 < eig < el1

 Test  state: 5d
 KB energy :   1.651986  KB strength:   0.549508  KB cosine:   0.332635
 el0       :  -6.758959  el1        :  -3.299256  eig      :  -6.561280
 No ghosts!  Ekb>0  and el0 < eig < el1

 No ghosts for local potential: 5p
 ------------------------------

 Local state: 5d

 Test  state: 5s
 KB energy :  13.684521  KB strength:   2.950795  KB cosine:   0.215630
 el0       : -14.662699  el1        :  -7.200344  eig      : -13.100700
 No ghosts!  Ekb>0  and el0 < eig < el1

 Test  state: 5p
 KB energy :   9.420196  KB strength:   0.814320  KB cosine:   0.086444
 el0       : -10.333023  el1        :  -4.853881  eig      : -10.201327
 No ghosts!  Ekb>0  and el0 < eig < el1

 No ghosts for local potential: 5d
 ------------------------------


 ======================================================================== 
 End PS construction
 ======================================================================== 

 ======================================================================== 
 Begin NL calculation
 ======================================================================== 
 ---------Eigenvalue guesses---------
 1s           -13.10070018
 2p           -10.20132692
 3d            -6.56128009
 2s            -5.42781200
 Performing non-local pseudopotential calculation
 Using the s potential as the local potential

 --Augmentation operator info--
 Number of functions:   1
 # 1 range(a.u.):   0.010007 ----->  1.613647   size(Ry):  2.080000
 ------------------------------

 iter       Etot             Ebs             Ehxc       de_max   dv_max
   1     -136.7159500     -87.4093619     -49.3065881 0.68E-02 0.40E-08
   2     -136.7159499     -87.4093619     -49.3065881 0.12E-09 0.24E-08

    2 iterations: (units are Ry and bohr)
 Energy:    -136.71594994  Ebs:     -87.40936186  Ehxc:     -49.30658808
 Eh    :      52.40925926  Exc:     -10.40719404

   Orbital    Filling       Eigenvalues    Norm(rc->oo)      Peak
    |100>      2.000         -13.100700      0.024635      0.934725
    |210>      6.000         -10.201327      0.061555      1.050742
    |320>      0.000          -6.561280      0.213007      1.276979
    |200>      0.000          -5.464451      0.663411      2.012740

 ---Non-local ghost testing---
 Local state: 1s

 Test  state: 1s
 KB energy :  -2.080000  KB strength:   2.034000  KB cosine:  -0.977885
 el0       : -11.130248  el1        :  -5.407020  eig      : -13.100700
 No ghosts!  Ekb<0  and eig < el0

 Test  state: 2p
 KB energy :  -2.811007  KB strength:   2.185100  KB cosine:  -0.777337
 el0       :  -8.624096  el1        :  -4.285158  eig      : -10.201327
 No ghosts!  Ekb<0  and eig < el0

 Test  state: 3d
 KB energy :  -2.445731  KB strength:   1.530589  KB cosine:  -0.625821
 el0       :  -5.727342  el1        :  -3.088894  eig      :  -6.561280
 No ghosts!  Ekb<0  and eig < el0

 Test  state: 2s
 KB energy :  -2.080000  KB strength:   2.034000  KB cosine:  -0.977885
 el0       :  -5.407020  el1        :  -3.037134  eig      :  -5.464451
 No ghosts!  Ekb<0  and eig < el0
 ------------------------------

 No ghosts present for designed local pot


 ======================================================================== 
 End NL calculation
 ======================================================================== 
<<<do_tc>>>


 ===============Configuration 1 AE Calc=============== 
 ---------Eigenvalue guesses---------
 1s         -5625.00000000
 2s         -1406.25000000
 2p         -1406.25000000
 2p         -1406.25000000
 3s          -625.00000000
 3p          -625.00000000
 3p          -625.00000000
 3d          -625.00000000
 3d          -625.00000000
 4s          -351.56250000
 4p          -351.56250000
 4p          -351.56250000
 4d          -351.56250000
 4d          -351.56250000
 4f          -351.56250000
 4f          -351.56250000
 5s          -225.00000000
 5p          -225.00000000
 5p          -225.00000000
 5d          -225.00000000
 5d          -225.00000000
 6s          -156.25000000

 iter       Etot             Ebs             Ehxc       de_max   dv_max
   1   -38611.7881935  -24176.2965981  -14435.4915954 0.94E+00 0.19E+02
   2   -34599.3421485  -21793.1777227  -12806.1644258 0.58E+00 0.39E+01
   3   -33284.1948603  -20995.8747263  -12288.3201340 0.35E+00 0.14E+01
   4   -33332.0524997  -20991.7876903  -12340.2648094 0.50E-01 0.39E+00
   5   -33414.2094531  -21012.9463969  -12401.2630562 0.37E-01 0.25E+00
   6   -33412.6919655  -20991.6673507  -12421.0246147 0.16E-01 0.25E+00
   7   -33369.8192912  -20959.6143900  -12410.2049012 0.31E-01 0.75E-01
   8   -33358.0262656  -20957.9335450  -12400.0927207 0.29E-02 0.61E-01
   9   -33359.5531443  -20962.5074102  -12397.0457342 0.38E-02 0.46E-01
  10   -33368.4322770  -20969.4999975  -12398.9322795 0.59E-02 0.10E-01
  11   -33369.7084915  -20969.5052135  -12400.2032781 0.10E-03 0.86E-02
  12   -33368.7828983  -20968.4359288  -12400.3469695 0.97E-03 0.31E-02
  13   -33368.1723088  -20968.0734650  -12400.0988437 0.37E-03 0.13E-02
  14   -33368.2055984  -20968.1632267  -12400.0423718 0.89E-04 0.97E-03
  15   -33368.4214560  -20968.3049532  -12400.1165028 0.15E-03 0.41E-03
  16   -33368.4320339  -20968.2925157  -12400.1395182 0.18E-04 0.33E-03
  17   -33368.3976491  -20968.2676098  -12400.1300393 0.28E-04 0.11E-03
  18   -33368.3677624  -20968.2543124  -12400.1134500 0.16E-04 0.66E-04
  19   -33368.3661357  -20968.2582856  -12400.1078502 0.36E-05 0.65E-04
  20   -33368.3730086  -20968.2638543  -12400.1091544 0.55E-05 0.26E-04
  21   -33368.3781391  -20968.2664100  -12400.1117291 0.26E-05 0.29E-05
  22   -33368.3796334  -20968.2665063  -12400.1131271 0.20E-06 0.81E-05
  23   -33368.3791456  -20968.2658072  -12400.1133385 0.62E-06 0.52E-05
  24   -33368.3783633  -20968.2652878  -12400.1130755 0.47E-06 0.12E-05
  25   -33368.3779616  -20968.2651295  -12400.1128321 0.14E-06 0.70E-06
  26   -33368.3779107  -20968.2651700  -12400.1127407 0.43E-07 0.83E-06
  27   -33368.3779915  -20968.2652433  -12400.1127482 0.71E-07 0.37E-06
  28   -33368.3780616  -20968.2652819  -12400.1127796 0.37E-07 0.34E-07
  29   -33368.3780862  -20968.2652873  -12400.1127989 0.47E-08 0.10E-06

   29 iterations: (units are Ry and bohr)
 Energy:  -33368.37808620  Ebs:  -20968.26528728  Ehxc:  -12400.11279891
 Eh    :   12550.88004153  Exc:    -614.25010037

   Orbital    Filling       Eigenvalues    Norm(rc->oo)      Peak
    |100 >      2.000       -5242.392557
    |200 >      2.000        -914.877936
    |210->      2.000        -875.286204
    |210+>      4.000        -770.578007
    |300 >      2.000        -217.354766
    |310->      2.000        -199.797885
    |310+>      4.000        -177.027033
    |320->      4.000        -147.821856
    |320+>      6.000        -142.861024
    |400 >      2.000         -50.950395
    |410->      2.000         -43.635727
    |410+>      4.000         -38.322144
    |420->      4.000         -26.368923
    |420+>      6.000         -25.383011
    |430->      6.000         -10.273101
    |430+>      8.000         -10.086290
    |500 >      2.000         -13.100700      0.024592      0.934725
    |510->      2.000         -10.800698      0.044226      0.984616
    |510+>      4.000          -9.901641      0.070570      1.064491
    |520->      0.000          -6.633573      0.202887      1.244205
    |520+>      0.000          -6.513085      0.219628      1.276979
    |600 >      0.000          -5.427812      0.702414      2.012740


 ===============Configuration 1 NL: Calc ===============
 ---------Eigenvalue guesses---------
 1s           -13.10070018
 2p           -10.20132692
 3d            -6.56128009
 2s            -5.42781200
 Performing non-local pseudopotential calculation
 Using the s potential as the local potential

 --Augmentation operator info--
 Number of functions:   1
 # 1 range(a.u.):   0.010007 ----->  1.613647   size(Ry):  2.080000
 ------------------------------

 iter       Etot             Ebs             Ehxc       de_max   dv_max
   1     -136.7159500     -87.4093619     -49.3065881 0.68E-02 0.40E-08
   2     -136.7159499     -87.4093619     -49.3065881 0.12E-09 0.24E-08

    2 iterations: (units are Ry and bohr)
 Energy:    -136.71594994  Ebs:     -87.40936186  Ehxc:     -49.30658808
 Eh    :      52.40925926  Exc:     -10.40719404

   Orbital    Filling       Eigenvalues    Norm(rc->oo)      Peak
    |100>      2.000         -13.100700      0.024635      0.934725
    |210>      6.000         -10.201327      0.061555      1.050742
    |320>      0.000          -6.561280      0.213007      1.276979
    |200>      0.000          -5.464451      0.663411      2.012740

 ---Non-local ghost testing---
 Local state: 1s

 Test  state: 1s
 KB energy :  -2.080000  KB strength:   2.034000  KB cosine:  -0.977885
 el0       : -11.130248  el1        :  -5.407020  eig      : -13.100700
 No ghosts!  Ekb<0  and eig < el0

 Test  state: 2p
 KB energy :  -2.811007  KB strength:   2.185100  KB cosine:  -0.777337
 el0       :  -8.624096  el1        :  -4.285158  eig      : -10.201327
 No ghosts!  Ekb<0  and eig < el0

 Test  state: 3d
 KB energy :  -2.445731  KB strength:   1.530589  KB cosine:  -0.625821
 el0       :  -5.727342  el1        :  -3.088894  eig      :  -6.561280
 No ghosts!  Ekb<0  and eig < el0

 Test  state: 2s
 KB energy :  -2.080000  KB strength:   2.034000  KB cosine:  -0.977885
 el0       :  -5.407020  el1        :  -3.037134  eig      :  -5.464451
 No ghosts!  Ekb<0  and eig < el0
 ------------------------------

 No ghosts present for designed local pot



 ===============Configuration 2 AE Calc=============== 
 ---------Eigenvalue guesses---------
 1s         -5625.00000000
 2s         -1406.25000000
 2p         -1406.25000000
 2p         -1406.25000000
 3s          -625.00000000
 3p          -625.00000000
 3p          -625.00000000
 3d          -625.00000000
 3d          -625.00000000
 4s          -351.56250000
 4p          -351.56250000
 4p          -351.56250000
 4d          -351.56250000
 4d          -351.56250000
 4f          -351.56250000
 4f          -351.56250000
 5s          -225.00000000
 5p          -225.00000000
 5p          -225.00000000
 5d          -225.00000000
 5d          -225.00000000
 6s          -156.25000000

 iter       Etot             Ebs             Ehxc       de_max   dv_max
   1   -38192.0895045  -23781.1661146  -14410.9233899 0.95E+00 0.17E+02
   2   -34422.4595459  -21594.7890427  -12827.6705032 0.60E+00 0.32E+01
   3   -33300.2053012  -20914.6953230  -12385.5099782 0.33E+00 0.13E+01
   4   -33347.9306888  -20909.8902866  -12438.0404022 0.61E-01 0.34E+00
   5   -33418.2929580  -20923.9568272  -12494.3361307 0.36E-01 0.24E+00
   6   -33414.6346438  -20903.1327477  -12511.5018962 0.18E-01 0.23E+00
   7   -33364.8324350  -20870.3673714  -12494.4650636 0.38E-01 0.85E-01
   8   -33363.8843575  -20875.2062552  -12488.6781023 0.51E-02 0.52E-01
   9   -33368.8330014  -20880.1688277  -12488.6641737 0.50E-02 0.25E-01
  10   -33376.5002744  -20885.1056629  -12491.3946114 0.48E-02 0.14E-01
  11   -33376.0821930  -20884.0583727  -12492.0238203 0.12E-02 0.93E-02
  12   -33373.7197691  -20882.5229511  -12491.1968179 0.17E-02 0.47E-02
  13   -33373.9018760  -20882.8580936  -12491.0437824 0.38E-03 0.26E-02
  14   -33374.5889127  -20883.2810538  -12491.3078589 0.49E-03 0.14E-02
  15   -33374.5392249  -20883.1776991  -12491.3615258 0.12E-03 0.80E-03
  16   -33374.4308892  -20883.0989180  -12491.3319712 0.87E-04 0.24E-03
  17   -33374.3532794  -20883.0615859  -12491.2916935 0.41E-04 0.15E-03
  18   -33374.3481707  -20883.0698035  -12491.2783672 0.99E-05 0.15E-03
  19   -33374.3641020  -20883.0825754  -12491.2815266 0.15E-04 0.57E-04
  20   -33374.3759756  -20883.0884059  -12491.2875697 0.67E-05 0.53E-05
  21   -33374.3792746  -20883.0885463  -12491.2907283 0.24E-06 0.20E-04
  22   -33374.3780131  -20883.0869176  -12491.2910955 0.18E-05 0.12E-04
  23   -33374.3761859  -20883.0857681  -12491.2904178 0.13E-05 0.24E-05
  24   -33374.3753144  -20883.0854648  -12491.2898495 0.34E-06 0.19E-05
  25   -33374.3752578  -20883.0855961  -12491.2896617 0.14E-06 0.20E-05
  26   -33374.3754747  -20883.0857745  -12491.2897002 0.20E-06 0.78E-06
  27   -33374.3756389  -20883.0858576  -12491.2897812 0.91E-07 0.64E-07
  28   -33374.3756871  -20883.0858622  -12491.2898249 0.38E-08 0.27E-06

   28 iterations: (units are Ry and bohr)
 Energy:  -33374.37568711  Ebs:  -20883.08586217  Ehxc:  -12491.28982494
 Eh    :   12642.44606193  Exc:    -615.47883512

   Orbital    Filling       Eigenvalues    Norm(rc->oo)      Peak
    |100 >      2.000       -5241.026566
    |200 >      2.000        -913.504983
    |210->      2.000        -873.912311
    |210+>      4.000        -769.204453
    |300 >      2.000        -216.004949
    |310->      2.000        -198.446820
    |310+>      4.000        -175.677575
    |320->      4.000        -146.467816
    |320+>      6.000        -141.507705
    |400 >      2.000         -49.611872
    |410->      2.000         -42.297176
    |410+>      4.000         -36.984320
    |420->      4.000         -25.031391
    |420+>      6.000         -24.045863
    |430->      6.000          -8.944549
    |430+>      8.000          -8.758479
    |500 >      2.000         -11.832179      0.027030      0.934725
    |510->      2.000          -9.557111      0.049464      0.997500
    |510+>      4.000          -8.684300      0.079107      1.064491
    |520->      0.400          -5.508182      0.234982      1.276979
    |520+>      0.600          -5.397838      0.253953      1.293688
    |600 >      0.000          -4.547686      0.741275      2.065757


 ===============Configuration 2 NL: Calc ===============
 ---------Eigenvalue guesses---------
 1s           -13.10070018
 2p           -10.20132692
 3d            -6.56128009
 2s            -5.42781200
 Performing non-local pseudopotential calculation
 Using the s potential as the local potential

 --Augmentation operator info--
 Number of functions:   1
 # 1 range(a.u.):   0.010007 ----->  1.613647   size(Ry):  2.080000
 ------------------------------

 iter       Etot             Ebs             Ehxc       de_max   dv_max
   1     -154.6464261     -93.9706420     -60.6757842 0.68E-02 0.20E+01
   2     -148.7946505     -88.5940496     -60.2006009 0.82E-01 0.10E+01
   3     -143.3381873     -83.4751999     -59.8629874 0.87E-01 0.77E-02
   4     -142.7563846     -82.9162381     -59.8401466 0.10E-01 0.24E-02
   5     -142.7000918     -82.8722184     -59.8278734 0.86E-03 0.24E-02
   6     -142.7028552     -82.8800684     -59.8227868 0.11E-03 0.19E-02
   7     -142.7114839     -82.8894493     -59.8220346 0.11E-03 0.23E-03
   8     -142.7129451     -82.8910648     -59.8218802 0.23E-04 0.11E-03
   9     -142.7131161     -82.8912960     -59.8218201 0.39E-05 0.11E-03
  10     -142.7131664     -82.8913809     -59.8217855 0.19E-05 0.83E-04
  11     -142.7131991     -82.8914359     -59.8217632 0.14E-05 0.55E-04
  12     -142.7132236     -82.8914747     -59.8217489 0.94E-06 0.35E-04
  13     -142.7132419     -82.8915014     -59.8217405 0.62E-06 0.21E-04
  14     -142.7132552     -82.8915197     -59.8217355 0.39E-06 0.12E-04
  15     -142.7132641     -82.8915307     -59.8217333 0.24E-06 0.69E-05
  16     -142.7132703     -82.8915382     -59.8217321 0.14E-06 0.39E-05
  17     -142.7132739     -82.8915425     -59.8217315 0.76E-07 0.22E-05
  18     -142.7132761     -82.8915448     -59.8217314 0.53E-07 0.12E-05
  19     -142.7132774     -82.8915460     -59.8217314 0.32E-07 0.64E-06
  20     -142.7132780     -82.8915465     -59.8217315 0.11E-07 0.34E-06
  21     -142.7132783     -82.8915468     -59.8217316 0.49E-08 0.18E-06

   21 iterations: (units are Ry and bohr)
 Energy:    -142.71327834  Ebs:     -82.89154676  Ehxc:     -59.82173158
 Eh    :      63.27434740  Exc:     -11.56512854

   Orbital    Filling       Eigenvalues    Norm(rc->oo)      Peak
    |100>      2.000         -11.821187      0.027198      0.934725
    |210>      6.000          -8.968023      0.069085      1.064491
    |320>      1.000          -5.441037      0.246336      1.293688
    |200>      0.000          -4.564758      0.712604      2.065757

 ---Non-local ghost testing---
 Local state: 1s

 Test  state: 1s
 KB energy :  -2.080000  KB strength:   2.034000  KB cosine:  -0.977885
 el0       :  -9.862189  el1        :  -4.500598  eig      : -11.821187
 No ghosts!  Ekb<0  and eig < el0

 Test  state: 2p
 KB energy :  -2.811007  KB strength:   2.185100  KB cosine:  -0.777337
 el0       :  -7.425225  el1        :  -3.507161  eig      :  -8.968023
 No ghosts!  Ekb<0  and eig < el0

 Test  state: 3d
 KB energy :  -2.445731  KB strength:   1.530589  KB cosine:  -0.625821
 el0       :  -4.673033  el1        :  -2.448044  eig      :  -5.441037
 No ghosts!  Ekb<0  and eig < el0

 Test  state: 2s
 KB energy :  -2.080000  KB strength:   2.034000  KB cosine:  -0.977885
 el0       :  -4.500598  el1        :  -2.445603  eig      :  -4.564758
 No ghosts!  Ekb<0  and eig < el0
 ------------------------------

 No ghosts present for designed local pot



 ===============Configuration 3 AE Calc=============== 
 ---------Eigenvalue guesses---------
 1s         -5625.00000000
 2s         -1406.25000000
 2p         -1406.25000000
 2p         -1406.25000000
 3s          -625.00000000
 3p          -625.00000000
 3p          -625.00000000
 3d          -625.00000000
 3d          -625.00000000
 4s          -351.56250000
 4p          -351.56250000
 4p          -351.56250000
 4d          -351.56250000
 4d          -351.56250000
 4f          -351.56250000
 4f          -351.56250000
 5s          -225.00000000
 5p          -225.00000000
 5p          -225.00000000
 5d          -225.00000000
 5d          -225.00000000
 6s          -156.25000000

 iter       Etot             Ebs             Ehxc       de_max   dv_max
   1   -37748.7296535  -23383.2142707  -14365.5153827 0.96E+00 0.16E+02
   2   -34244.2964314  -21403.3186947  -12840.9777367 0.62E+00 0.25E+01
   3   -33317.3793175  -20836.8871399  -12480.4921777 0.30E+00 0.12E+01
   4   -33362.5932895  -20830.1451863  -12532.4481032 0.74E-01 0.29E+00
   5   -33420.7956422  -20837.4037740  -12583.3918682 0.35E-01 0.22E+00
   6   -33415.0320914  -20817.2729844  -12597.7591070 0.20E-01 0.21E+00
   7   -33363.1971566  -20785.1099492  -12578.0872074 0.45E-01 0.10E+00
   8   -33367.2619920  -20793.1416446  -12574.1203474 0.10E-01 0.52E-01
   9   -33374.8877876  -20798.9509271  -12575.9368606 0.71E-02 0.17E-01
  10   -33380.5923410  -20802.1352343  -12578.4571067 0.34E-02 0.96E-02
  11   -33380.9243053  -20801.6384214  -12579.2858839 0.72E-03 0.94E-02
  12   -33379.0396849  -20800.4113292  -12578.6283557 0.18E-02 0.37E-02
  13   -33378.9627541  -20800.5328930  -12578.4298611 0.18E-03 0.21E-02
  14   -33379.3558794  -20800.7930853  -12578.5627941 0.36E-03 0.74E-03
  15   -33379.3471775  -20800.7532401  -12578.5939374 0.61E-04 0.37E-03
  16   -33379.3041746  -20800.7206684  -12578.5835063 0.46E-04 0.13E-03
  17   -33379.2677331  -20800.7037786  -12578.5639545 0.26E-04 0.80E-04
  18   -33379.2659910  -20800.7081342  -12578.5578568 0.59E-05 0.74E-04
  19   -33379.2741702  -20800.7143063  -12578.5598639 0.84E-05 0.26E-04
  20   -33379.2799175  -20800.7168886  -12578.5630288 0.35E-05 0.71E-05
  21   -33379.2812632  -20800.7167052  -12578.5645580 0.38E-06 0.11E-04
  22   -33379.2804276  -20800.7157779  -12578.5646496 0.12E-05 0.61E-05
  23   -33379.2794490  -20800.7151895  -12578.5642595 0.80E-06 0.11E-05
  24   -33379.2790277  -20800.7150584  -12578.5639694 0.19E-06 0.12E-05
  25   -33379.2790279  -20800.7151397  -12578.5638882 0.99E-07 0.10E-05
  26   -33379.2791497  -20800.7152315  -12578.5639181 0.12E-06 0.35E-06
  27   -33379.2792306  -20800.7152691  -12578.5639615 0.48E-07 0.75E-07
  28   -33379.2792491  -20800.7152676  -12578.5639815 0.29E-08 0.14E-06

   28 iterations: (units are Ry and bohr)
 Energy:  -33379.27924908  Ebs:  -20800.71526759  Ehxc:  -12578.56398149
 Eh    :   12730.08873049  Exc:    -616.64264896

   Orbital    Filling       Eigenvalues    Norm(rc->oo)      Peak
    |100 >      2.000       -5239.741644
    |200 >      2.000        -912.213383
    |210->      2.000        -872.620110
    |210+>      4.000        -767.912424
    |300 >      2.000        -214.731562
    |310->      2.000        -197.172466
    |310+>      4.000        -174.404469
    |320->      4.000        -145.191041
    |320+>      6.000        -140.231498
    |400 >      2.000         -48.346816
    |410->      2.000         -41.032069
    |410+>      4.000         -35.719648
    |420->      4.000         -23.766819
    |420+>      6.000         -22.781536
    |430->      6.000          -7.686977
    |430+>      8.000          -7.501502
    |500 >      2.000         -10.621691      0.029443      0.934725
    |510->      2.000          -8.368994      0.054853      0.997500
    |510+>      4.000          -7.519731      0.088013      1.078420
    |520->      0.800          -4.434866      0.271015      1.293688
    |520+>      1.200          -4.334409      0.292430      1.327765
    |600 >      0.000          -3.702846      0.777231      2.147914


 ===============Configuration 3 NL: Calc ===============
 ---------Eigenvalue guesses---------
 1s           -13.10070018
 2p           -10.20132692
 3d            -6.56128009
 2s            -5.42781200
 Performing non-local pseudopotential calculation
 Using the s potential as the local potential

 --Augmentation operator info--
 Number of functions:   1
 # 1 range(a.u.):   0.010007 ----->  1.613647   size(Ry):  2.080000
 ------------------------------

 iter       Etot             Ebs             Ehxc       de_max   dv_max
   1     -173.8107260    -100.5319220     -73.2788040 0.68E-02 0.40E+01
   2     -160.6844900     -88.7100175     -71.9744725 0.16E+00 0.20E+01
   3     -148.9197306     -77.8696464     -71.0500843 0.18E+00 0.17E-01
   4     -147.6901284     -76.7033324     -70.9867960 0.24E-01 0.66E-02
   5     -147.5690571     -76.6160511     -70.9530060 0.19E-02 0.69E-02
   6     -147.5787216     -76.6390490     -70.9396727 0.39E-03 0.50E-02
   7     -147.6114987     -76.6715929     -70.9399057 0.46E-03 0.46E-03
   8     -147.6151285     -76.6746508     -70.9404777 0.51E-04 0.22E-03
   9     -147.6154012     -76.6746933     -70.9407080 0.43E-05 0.22E-03
  10     -147.6151850     -76.6744619     -70.9407230 0.37E-05 0.17E-03
  11     -147.6149745     -76.6743143     -70.9406602 0.24E-05 0.11E-03
  12     -147.6148569     -76.6742655     -70.9405914 0.10E-05 0.73E-04
  13     -147.6148159     -76.6742746     -70.9405413 0.10E-05 0.45E-04
  14     -147.6148170     -76.6743050     -70.9405120 0.91E-06 0.27E-04
  15     -147.6148335     -76.6743363     -70.9404973 0.72E-06 0.15E-04
  16     -147.6148511     -76.6743594     -70.9404917 0.50E-06 0.87E-05
  17     -147.6148648     -76.6743748     -70.9404900 0.30E-06 0.48E-05
  18     -147.6148733     -76.6743831     -70.9404902 0.17E-06 0.26E-05
  19     -147.6148782     -76.6743878     -70.9404905 0.76E-07 0.13E-05
  20     -147.6148806     -76.6743897     -70.9404909 0.50E-07 0.70E-06
  21     -147.6148816     -76.6743904     -70.9404913 0.14E-07 0.36E-06
  22     -147.6148820     -76.6743905     -70.9404915 0.49E-08 0.19E-06

   22 iterations: (units are Ry and bohr)
 Energy:    -147.61488200  Ebs:     -76.67439054  Ehxc:     -70.94049147
 Eh    :      74.73238989  Exc:     -12.68225246

   Orbital    Filling       Eigenvalues    Norm(rc->oo)      Peak
    |100>      2.000         -10.600617      0.029735      0.946956
    |210>      6.000          -7.788389      0.076921      1.064491
    |320>      2.000          -4.371412      0.283917      1.327765
    |200>      0.000          -3.706620      0.757094      2.147914

 ---Non-local ghost testing---
 Local state: 1s

 Test  state: 1s
 KB energy :  -2.080000  KB strength:   2.034000  KB cosine:  -0.977885
 el0       :  -8.653143  el1        :  -3.637946  eig      : -10.600617
 No ghosts!  Ekb<0  and eig < el0

 Test  state: 2p
 KB energy :  -2.811007  KB strength:   2.185100  KB cosine:  -0.777337
 el0       :  -6.279541  el1        :  -2.763966  eig      :  -7.788389
 No ghosts!  Ekb<0  and eig < el0

 Test  state: 3d
 KB energy :  -2.445731  KB strength:   1.530589  KB cosine:  -0.625821
 el0       :  -3.672725  el1        :  -1.843272  eig      :  -4.371412
 No ghosts!  Ekb<0  and eig < el0

 Test  state: 2s
 KB energy :  -2.080000  KB strength:   2.034000  KB cosine:  -0.977885
 el0       :  -3.637946  el1        :  -1.889129  eig      :  -3.706620
 No ghosts!  Ekb<0  and eig < el0
 ------------------------------

 No ghosts present for designed local pot



 ===============Configuration 4 AE Calc=============== 
 ---------Eigenvalue guesses---------
 1s         -5625.00000000
 2s         -1406.25000000
 2p         -1406.25000000
 2p         -1406.25000000
 3s          -625.00000000
 3p          -625.00000000
 3p          -625.00000000
 3d          -625.00000000
 3d          -625.00000000
 4s          -351.56250000
 4p          -351.56250000
 4p          -351.56250000
 4d          -351.56250000
 4d          -351.56250000
 4f          -351.56250000
 4f          -351.56250000
 5s          -225.00000000
 5p          -225.00000000
 5p          -225.00000000
 5d          -225.00000000
 5d          -225.00000000
 6s          -156.25000000

 iter       Etot             Ebs             Ehxc       de_max   dv_max
   1   -37215.4432773  -22979.5750974  -14235.8681800 0.97E+00 0.14E+02
   2   -34076.8748358  -21245.3895724  -12831.4852634 0.63E+00 0.18E+01
   3   -33335.7873325  -20781.9970875  -12553.7902450 0.25E+00 0.11E+01
   4   -33373.2981222  -20771.7371948  -12601.5609274 0.83E-01 0.25E+00
   5   -33419.8019859  -20774.0379787  -12645.7640071 0.33E-01 0.20E+00
   6   -33413.1553769  -20755.6456834  -12657.5096935 0.21E-01 0.18E+00
   7   -33367.9359182  -20728.1940320  -12639.7418862 0.44E-01 0.91E-01
   8   -33371.6498196  -20735.4521105  -12636.1977091 0.11E-01 0.47E-01
   9   -33378.6840821  -20740.7606318  -12637.9234503 0.73E-02 0.15E-01
  10   -33383.8608595  -20743.6157701  -12640.2450894 0.33E-02 0.90E-02
  11   -33384.1460952  -20743.1525239  -12640.9935714 0.78E-03 0.86E-02
  12   -33382.2809351  -20741.9726491  -12640.3082860 0.20E-02 0.39E-02
  13   -33382.3183803  -20742.1545040  -12640.1638763 0.29E-03 0.20E-02
  14   -33382.7768546  -20742.4277219  -12640.3491327 0.42E-03 0.10E-02
  15   -33382.7447821  -20742.3602034  -12640.3845787 0.11E-03 0.56E-03
  16   -33382.6712224  -20742.3097487  -12640.3614737 0.79E-04 0.16E-03
  17   -33382.6218457  -20742.2893921  -12640.3324536 0.33E-04 0.11E-03
  18   -33382.6199908  -20742.2966168  -12640.3233740 0.11E-04 0.11E-03
  19   -33382.6322046  -20742.3060552  -12640.3261494 0.14E-04 0.38E-04
  20   -33382.6408015  -20742.3101082  -12640.3306933 0.61E-05 0.66E-05
  21   -33382.6429336  -20742.3100232  -12640.3329104 0.26E-06 0.15E-04
  22   -33382.6418275  -20742.3087719  -12640.3330556 0.19E-05 0.85E-05
  23   -33382.6404629  -20742.3079601  -12640.3325028 0.12E-05 0.12E-05
  24   -33382.6398768  -20742.3077843  -12640.3320925 0.28E-06 0.17E-05
  25   -33382.6398854  -20742.3079040  -12640.3319813 0.18E-06 0.14E-05
  26   -33382.6400621  -20742.3080347  -12640.3320274 0.20E-06 0.48E-06
  27   -33382.6401768  -20742.3080864  -12640.3320904 0.78E-07 0.11E-06
  28   -33382.6402011  -20742.3080825  -12640.3321186 0.56E-08 0.21E-06

   28 iterations: (units are Ry and bohr)
 Energy:  -33382.64020111  Ebs:  -20742.30808252  Ehxc:  -12640.33211860
 Eh    :   12792.03539266  Exc:    -617.25207659

   Orbital    Filling       Eigenvalues    Norm(rc->oo)      Peak
    |100 >      2.000       -5238.841223
    |200 >      2.000        -911.324009
    |210->      2.000        -871.729652
    |210+>      4.000        -767.022897
    |300 >      2.000        -213.847797
    |310->      2.000        -196.288377
    |310+>      4.000        -173.520802
    |320->      4.000        -144.306903
    |320+>      6.000        -139.347503
    |400 >      2.000         -47.465216
    |410->      2.000         -40.150539
    |410+>      4.000         -34.838395
    |420->      4.000         -22.886042
    |420+>      6.000         -21.900915
    |430->      6.000          -6.808855
    |430+>      8.000          -6.623596
    |500 >      2.000          -9.758206      0.030354      0.934725
    |510->      2.000          -7.512031      0.057158      0.997500
    |510+>      4.000          -6.670051      0.092117      1.078420
    |520->      0.800          -3.626522      0.292608      1.310616
    |520+>      1.200          -3.530870      0.315805      1.345138
    |600 >      1.000          -3.022960      0.799918      2.176019


 ===============Configuration 4 NL: Calc ===============
 ---------Eigenvalue guesses---------
 1s           -13.10070018
 2p           -10.20132692
 3d            -6.56128009
 2s            -5.42781200
 Performing non-local pseudopotential calculation
 Using the s potential as the local potential

 --Augmentation operator info--
 Number of functions:   1
 # 1 range(a.u.):   0.010007 ----->  1.613647   size(Ry):  2.080000
 ------------------------------

 iter       Etot             Ebs             Ehxc       de_max   dv_max
   1     -190.1553757    -105.9963734     -84.1590023 0.68E-02 0.60E+01
   2     -170.0430372     -88.2850529     -81.7579843 0.23E+00 0.30E+01
   3     -152.8047591     -72.7238757     -80.0808834 0.27E+00 0.37E-01
   4     -151.0539195     -71.0879859     -79.9659336 0.38E-01 0.12E-01
   5     -150.8755195     -70.9712727     -79.9042468 0.30E-02 0.13E-01
   6     -150.8925745     -71.0104349     -79.8821396 0.71E-03 0.90E-02
   7     -150.9698938     -71.0844991     -79.8853946 0.15E-02 0.63E-03
   8     -150.9766307     -71.0891322     -79.8874984 0.11E-03 0.35E-03
   9     -150.9768506     -71.0885711     -79.8882796 0.95E-05 0.30E-03
  10     -150.9760187     -71.0876512     -79.8883675 0.14E-04 0.23E-03
  11     -150.9748888     -71.0867856     -79.8881032 0.13E-04 0.16E-03
  12     -150.9747136     -71.0867677     -79.8879459 0.18E-05 0.11E-03
  13     -150.9747034     -71.0868367     -79.8878667 0.21E-05 0.66E-04
  14     -150.9747486     -71.0869146     -79.8878340 0.18E-05 0.40E-04
  15     -150.9747967     -71.0869727     -79.8878240 0.13E-05 0.23E-04
  16     -150.9748312     -71.0870080     -79.8878231 0.78E-06 0.13E-04
  17     -150.9748514     -71.0870268     -79.8878247 0.42E-06 0.71E-05
  18     -150.9748617     -71.0870356     -79.8878262 0.20E-06 0.39E-05
  19     -150.9748661     -71.0870388     -79.8878274 0.91E-07 0.21E-05
  20     -150.9748679     -71.0870402     -79.8878277 0.33E-07 0.11E-05
  21     -150.9748684     -71.0870405     -79.8878279 0.15E-07 0.62E-06
  22     -150.9748684     -71.0870406     -79.8878279 0.72E-08 0.34E-06

   22 iterations: (units are Ry and bohr)
 Energy:    -150.97486845  Ebs:     -71.08704057  Ehxc:     -79.88782788
 Eh    :      83.85478683  Exc:     -13.26506711

   Orbital    Filling       Eigenvalues    Norm(rc->oo)      Peak
    |100>      2.000          -9.715485      0.030906      0.946956
    |210>      6.000          -6.920039      0.080938      1.064491
    |320>      2.000          -3.558593      0.307961      1.345138
    |200>      1.000          -3.018653      0.784810      2.176019

 ---Non-local ghost testing---
 Local state: 1s

 Test  state: 1s
 KB energy :  -2.080000  KB strength:   2.034000  KB cosine:  -0.977885
 el0       :  -7.773281  el1        :  -2.950169  eig      :  -9.715485
 No ghosts!  Ekb<0  and eig < el0

 Test  state: 2p
 KB energy :  -2.811007  KB strength:   2.185100  KB cosine:  -0.777337
 el0       :  -5.427998  el1        :  -2.162841  eig      :  -6.920039
 No ghosts!  Ekb<0  and eig < el0

 Test  state: 3d
 KB energy :  -2.445731  KB strength:   1.530589  KB cosine:  -0.625821
 el0       :  -2.902136  el1        :  -1.364604  eig      :  -3.558593
 No ghosts!  Ekb<0  and eig < el0

 Test  state: 2s
 KB energy :  -2.080000  KB strength:   2.034000  KB cosine:  -0.977885
 el0       :  -2.950169  el1        :  -1.446107  eig      :  -3.018653
 No ghosts!  Ekb<0  and eig < el0
 ------------------------------

 No ghosts present for designed local pot



 ===============Configuration 5 AE Calc=============== 
 ---------Eigenvalue guesses---------
 1s         -5625.00000000
 2s         -1406.25000000
 2p         -1406.25000000
 2p         -1406.25000000
 3s          -625.00000000
 3p          -625.00000000
 3p          -625.00000000
 3d          -625.00000000
 3d          -625.00000000
 4s          -351.56250000
 4p          -351.56250000
 4p          -351.56250000
 4d          -351.56250000
 4d          -351.56250000
 4f          -351.56250000
 4f          -351.56250000
 5s          -225.00000000
 5p          -225.00000000
 5p          -225.00000000
 5d          -225.00000000
 5d          -225.00000000
 6s          -156.25000000
 orb # 19 did not converge
 ev = -0.2640565029E+02 nodes =       4 dev =  0.2250000000E+02

 iter       Etot             Ebs             Ehxc       de_max   dv_max
   1   -35962.8166865  -22245.5656213  -13717.2510652 0.98E+00 0.33E+04
 orb #  5 did not converge
 ev = -0.2154325359E+03 nodes =       2 dev =  0.9945690102E-08
 orb #  6 did not converge
 ev = -0.1986638259E+03 nodes =       2 dev =  0.3662681627E-07
 orb #  7 did not converge
 ev = -0.1750971624E+03 nodes =       2 dev =  0.8058460107E-08
 orb #  8 did not converge
 ev = -0.1454068338E+03 nodes =       0 dev =  0.1667477494E-08
 orb #  9 did not converge
 ev = -0.1401833661E+03 nodes =       0 dev =  0.1606296196E-08
 orb # 13 did not converge
 ev = -0.1109745005E+03 nodes =       1 dev = -0.3158460058E-08
 orb # 14 did not converge
 ev = -0.1109979936E+03 nodes =       1 dev =  0.4198245450E-05
 orb # 15 did not converge
 ev = -0.2714247358E+02 nodes =       0 dev = -0.4523745597E+00
 orb # 16 did not converge
 ev = -0.2603666451E+02 nodes =       0 dev = -0.4339444084E+00
 orb # 17 did not converge
 ev = -0.4749053569E+02 nodes =       4 dev = -0.2110690475E+00
 orb # 18 did not converge
 ev = -0.3739103764E+02 nodes =       3 dev = -0.6231839607E+00
 orb # 20 did not converge
 ev = -0.2282621863E+02 nodes =       2 dev = -0.1001149940E+00
 orb # 21 did not converge
 ev = -0.2174364931E+02 nodes =       1 dev = -0.2640394573E-01
   2   -30497.4588597  -23105.2746349   -7392.1842247 0.41E+01 0.16E+04
 !WARNING! positive eigenvalue predicted in scpot  nlm= 300     new e =-.3162482E+07
 !WARNING! positive eigenvalue predicted in scpot  nlm= 430     new e =-.2112699E+03
 !WARNING! positive eigenvalue predicted in scpot  nlm= 430     new e =-.2112699E+03
 !WARNING! positive eigenvalue predicted in scpot  nlm= 500     new e =-.3162482E+07
 !WARNING! positive eigenvalue predicted in scpot  nlm= 510     new e =-.1043135E+04
 orb #  5 did not converge
 ev = -0.2705037064E+03 nodes =       3 dev =  0.9424930482E-02
 orb #  6 did not converge
 ev = -0.1173101172E+03 nodes =       2 dev =  0.9424930482E-02
 orb #  7 did not converge
 ev = -0.2298599692E+03 nodes =       1 dev =  0.6850800577E-06
 orb #  8 did not converge
 ev = -0.2022297904E+03 nodes =       0 dev =  0.6116284618E-09
 orb #  9 did not converge
 ev = -0.1968264532E+03 nodes =       1 dev =  0.9534446896E-08
 orb # 10 did not converge
 ev = -0.8809957290E+02 nodes =       3 dev =  0.2194985217E-04
 orb # 11 did not converge
 ev = -0.8087746730E+02 nodes =       2 dev =  0.1350303355E-05
 orb # 12 did not converge
 ev = -0.7388710923E+02 nodes =       2 dev =  0.4033907643E-06
 orb # 13 did not converge
 ev = -0.6192832951E+02 nodes =       1 dev =  0.1302022813E-09
 orb # 14 did not converge
 ev = -0.6043792822E+02 nodes =       1 dev = -0.5679211443E-07
   3   -32908.7484354  -24028.6330792   -8880.1153562 0.25E+01 0.86E+03
 !WARNING! positive eigenvalue predicted in scpot  nlm= 310     new e =-.1065020E+04
 !WARNING! positive eigenvalue predicted in scpot  nlm= 320     new e =-.2223149E+03
 !WARNING! positive eigenvalue predicted in scpot  nlm= 500     new e =-.3162512E+07
 !WARNING! positive eigenvalue predicted in scpot  nlm= 510     new e =-.1065020E+04
 !WARNING! positive eigenvalue predicted in scpot  nlm= 510     new e =-.1065020E+04
 !WARNING! positive eigenvalue predicted in scpot  nlm= 520     new e =-.2223149E+03
 !WARNING! positive eigenvalue predicted in scpot  nlm= 520     new e =-.2223149E+03
 orb #  6 did not converge
 ev = -0.3361317842E+02 nodes =       3 dev =  0.2582674169E-13
   4   -36609.3677238  -24752.8170365  -11856.5506873 0.71E+00 0.42E+02
 orb #  6 did not converge
 ev = -0.1294970395E+03 nodes =       2 dev =  0.6461732606E-13
   5   -36878.2522946  -23475.6925081  -13402.5597865 0.29E+01 0.67E+02
 !WARNING! positive eigenvalue predicted in scpot  nlm= 520     new e =-.1852379E+03
 !WARNING! positive eigenvalue predicted in scpot  nlm= 520     new e =-.1852379E+03
 !WARNING! positive eigenvalue predicted in scpot  nlm= 600     new e =-.3162467E+07
   6   -34495.1532209  -21178.9871936  -13316.1660273 0.82E+00 0.89E+02
   7   -33006.0204907  -20311.1114555  -12694.9090352 0.72E+00 0.50E+02
   8   -33145.9963199  -20513.6339413  -12632.3623786 0.93E+00 0.21E+02
   9   -33363.0607700  -20644.2095108  -12718.8512592 0.36E+00 0.90E+02
  10   -33450.2281203  -20666.6918268  -12783.5362935 0.22E+00 0.16E+03
  11   -33436.0220495  -20639.2960231  -12796.7260265 0.16E+00 0.78E+02
  12   -33358.2734655  -20596.9700056  -12761.3034600 0.16E+00 0.14E+02
  13   -33369.8402332  -20609.5332202  -12760.3070130 0.84E-01 0.26E+01
  14   -33400.6528306  -20625.5903362  -12775.0624944 0.38E-01 0.73E+00
  15   -33398.7773635  -20620.1045195  -12778.6728440 0.12E-01 0.63E+00
  16   -33391.3459757  -20614.8368091  -12776.5091666 0.12E-01 0.62E+00
  17   -33386.0723414  -20612.3084462  -12773.7638952 0.68E-02 0.26E+00
  18   -33385.7948826  -20612.9277017  -12772.8671808 0.13E-02 0.82E-01
  19   -33387.9992753  -20614.4298472  -12773.5694282 0.31E-02 0.43E-01
  20   -33388.0916694  -20614.2586939  -12773.8329755 0.27E-03 0.22E-01
  21   -33387.6321166  -20613.9091251  -12773.7229915 0.67E-03 0.11E-01
  22   -33387.6255073  -20613.9369770  -12773.6885303 0.56E-04 0.55E-02
  23   -33387.6552816  -20613.9636265  -12773.6916551 0.55E-04 0.56E-02
  24   -33387.6895430  -20613.9815202  -12773.7080228 0.40E-04 0.43E-02
  25   -33387.6918104  -20613.9784492  -12773.7133612 0.11E-04 0.76E-03
  26   -33387.6857232  -20613.9737126  -12773.7120106 0.13E-04 0.39E-03
  27   -33387.6812975  -20613.9716315  -12773.7096660 0.60E-05 0.20E-03
  28   -33387.6802982  -20613.9716729  -12773.7086253 0.15E-05 0.10E-03
  29   -33387.6809350  -20613.9722760  -12773.7086590 0.11E-05 0.10E-03
  30   -33387.6816320  -20613.9726206  -12773.7090114 0.71E-06 0.76E-04
  31   -33387.6818831  -20613.9726387  -12773.7092444 0.11E-06 0.52E-04
  32   -33387.6818266  -20613.9725274  -12773.7092992 0.20E-06 0.33E-04
  33   -33387.6817048  -20613.9724351  -12773.7092697 0.17E-06 0.20E-04
  34   -33387.6816345  -20613.9723986  -12773.7092360 0.70E-07 0.12E-04
  35   -33387.6816200  -20613.9723964  -12773.7092236 0.27E-07 0.69E-05
  36   -33387.6816284  -20613.9724025  -12773.7092259 0.15E-07 0.40E-05
  37   -33387.6816365  -20613.9724053  -12773.7092313 0.10E-07 0.23E-05
  38   -33387.6816384  -20613.9724042  -12773.7092342 0.87E-08 0.13E-05
  39   -33387.6816367  -20613.9724021  -12773.7092346 0.67E-08 0.74E-06

   39 iterations: (units are Ry and bohr)
 Energy:  -33387.68163667  Ebs:  -20613.97240209  Ehxc:  -12773.70923458
 Eh    :   12925.91874544  Exc:    -618.84137481

   Orbital    Filling       Eigenvalues    Norm(rc->oo)      Peak
    |100 >      2.000       -5236.946495
    |200 >      2.000        -909.429446
    |210->      2.000        -869.834346
    |210+>      4.000        -765.128053
    |300 >      2.000        -211.967146
    |310->      2.000        -194.406992
    |310+>      4.000        -171.640371
    |320->      4.000        -142.423929
    |320+>      6.000        -137.464948
    |400 >      2.000         -45.590128
    |410->      2.000         -38.275425
    |410+>      4.000         -32.963549
    |420->      4.000         -21.011381
    |420+>      6.000         -20.026429
    |430->      6.000          -4.939728
    |430+>      8.000          -4.754954
    |500 >      2.000          -7.924683      0.032856      0.934725
    |510->      2.000          -5.698374      0.063486      0.997500
    |510+>      4.000          -4.878043      0.103320      1.078420
    |520->      1.200          -1.952780      0.358324      1.345138
    |520+>      1.800          -1.870733      0.386920      1.380571
    |600 >      2.000          -1.654059      0.852914      2.322158


 ===============Configuration 5 NL: Calc ===============
 ---------Eigenvalue guesses---------
 1s           -13.10070018
 2p           -10.20132692
 3d            -6.56128009
 2s            -5.42781200
 Performing non-local pseudopotential calculation
 Using the s potential as the local potential

 --Augmentation operator info--
 Number of functions:   1
 # 1 range(a.u.):   0.010007 ----->  1.613647   size(Ry):  2.080000
 ------------------------------

 iter       Etot             Ebs             Ehxc       de_max   dv_max
   1     -229.7534843    -118.0221048    -111.7313795 0.68E-02 0.10E+02
   2     -189.9339765     -84.5399734    -105.3940031 0.37E+00 0.50E+01
   3     -158.6665677     -57.7028585    -100.9637092 0.50E+00 0.16E+00
   4     -155.9566524     -55.2650950    -100.6915574 0.89E-01 0.34E-01
   5     -155.7627378     -55.1991451    -100.5635927 0.42E-02 0.31E-01
   6     -155.9832998     -55.4115277    -100.5717721 0.63E-02 0.85E-02
   7     -156.0034710     -55.4260178    -100.5774532 0.57E-03 0.13E-02
   8     -155.9989445     -55.4220233    -100.5769213 0.91E-04 0.81E-03
   9     -155.9977484     -55.4217602    -100.5759881 0.40E-04 0.83E-03
  10     -155.9974642     -55.4222220    -100.5752422 0.42E-04 0.64E-03
  11     -155.9975607     -55.4229200    -100.5746408 0.51E-04 0.25E-03
  12     -155.9978859     -55.4235311    -100.5743548 0.28E-04 0.15E-03
  13     -155.9982554     -55.4239750    -100.5742804 0.19E-04 0.88E-04
  14     -155.9985323     -55.4242439    -100.5742884 0.11E-04 0.45E-04
  15     -155.9986925     -55.4243795    -100.5743130 0.56E-05 0.22E-04
  16     -155.9987678     -55.4244364    -100.5743315 0.24E-05 0.12E-04
  17     -155.9987962     -55.4244553    -100.5743408 0.89E-06 0.66E-05
  18     -155.9988037     -55.4244597    -100.5743440 0.26E-06 0.37E-05
  19     -155.9988042     -55.4244597    -100.5743445 0.78E-07 0.22E-05
  20     -155.9988034     -55.4244593    -100.5743441 0.22E-07 0.13E-05
  21     -155.9988029     -55.4244593    -100.5743435 0.13E-07 0.79E-06
  22     -155.9988028     -55.4244596    -100.5743432 0.11E-07 0.49E-06
  23     -155.9988029     -55.4244599    -100.5743430 0.95E-08 0.30E-06

   23 iterations: (units are Ry and bohr)
 Energy:    -155.99880294  Ebs:     -55.42445992  Ehxc:    -100.57434302
 Eh    :     105.02414897  Exc:     -14.80754065

   Orbital    Filling       Eigenvalues    Norm(rc->oo)      Peak
    |100>      2.000          -7.874223      0.033611      0.946956
    |210>      6.000          -5.116543      0.090734      1.078420
    |320>      3.000          -1.894782      0.377762      1.380571
    |200>      2.000          -1.646204      0.845994      2.352543

 ---Non-local ghost testing---
 Local state: 1s

 Test  state: 1s
 KB energy :  -2.080000  KB strength:   2.034000  KB cosine:  -0.977885
 el0       :  -5.944454  el1        :  -1.582153  eig      :  -7.874223
 No ghosts!  Ekb<0  and eig < el0

 Test  state: 2p
 KB energy :  -2.811007  KB strength:   2.185100  KB cosine:  -0.777337
 el0       :  -3.664649  el1        :  -0.991832  eig      :  -5.116543
 No ghosts!  Ekb<0  and eig < el0

 Test  state: 3d
 KB energy :  -2.445731  KB strength:   1.530589  KB cosine:  -0.625821
 el0       :  -1.355154  el1        :  -0.472681  eig      :  -1.894782
 No ghosts!  Ekb<0  and eig < el0

 Test  state: 2s
 KB energy :  -2.080000  KB strength:   2.034000  KB cosine:  -0.977885
 el0       :  -1.582153  el1        :  -0.593405  eig      :  -1.646204
 No ghosts!  Ekb<0  and eig < el0
 ------------------------------

 No ghosts present for designed local pot



 ===============Configuration 6 AE Calc=============== 
 ---------Eigenvalue guesses---------
 1s         -5625.00000000
 2s         -1406.25000000
 2p         -1406.25000000
 2p         -1406.25000000
 3s          -625.00000000
 3p          -625.00000000
 3p          -625.00000000
 3d          -625.00000000
 3d          -625.00000000
 4s          -351.56250000
 4p          -351.56250000
 4p          -351.56250000
 4d          -351.56250000
 4d          -351.56250000
 4f          -351.56250000
 4f          -351.56250000
 5s          -225.00000000
 5p          -225.00000000
 5p          -225.00000000
 5d          -225.00000000
 5d          -225.00000000
 6s          -156.25000000

 iter       Etot             Ebs             Ehxc       de_max   dv_max
   1   -35535.4406014  -21771.8635107  -13763.5770907 0.99E+00 0.74E+01
   2   -33621.1328987  -20804.4840854  -12816.6488133 0.66E+00 0.12E+01
   3   -33414.2292241  -20606.0300725  -12808.1991515 0.60E-01 0.45E+00
   4   -33428.2002504  -20581.8236461  -12846.3766043 0.13E+00 0.17E+00
   5   -33411.5087740  -20556.3838304  -12855.1249435 0.26E-01 0.16E+00
   6   -33376.2801180  -20536.2805262  -12839.9995918 0.65E-01 0.75E-01
   7   -33379.8621388  -20542.4814030  -12837.3807358 0.16E-01 0.35E-01
   8   -33392.7390319  -20550.8598044  -12841.8792275 0.18E-01 0.26E-01
   9   -33392.6083031  -20549.6733720  -12842.9349311 0.41E-02 0.19E-01
  10   -33387.2883411  -20546.5824001  -12840.7059410 0.90E-02 0.12E-01
  11   -33387.8056461  -20547.4669617  -12840.3386844 0.25E-02 0.68E-02
  12   -33389.8394904  -20548.6932740  -12841.1462164 0.33E-02 0.45E-02
  13   -33389.6564162  -20548.3751078  -12841.2813084 0.88E-03 0.25E-02
  14   -33388.9121702  -20547.9408418  -12840.9713284 0.12E-02 0.17E-02
  15   -33388.9805673  -20548.0614086  -12840.9191587 0.34E-03 0.99E-03
  16   -33389.1235417  -20548.1534728  -12840.9700689 0.25E-03 0.21E-03
  17   -33389.2050604  -20548.1841125  -12841.0209480 0.85E-04 0.21E-03
  18   -33389.2054476  -20548.1706585  -12841.0347891 0.37E-04 0.18E-03
  19   -33389.1830547  -20548.1548256  -12841.0282290 0.44E-04 0.53E-04
  20   -33389.1669930  -20548.1482197  -12841.0187732 0.21E-04 0.38E-04
  21   -33389.1658218  -20548.1500339  -12841.0157879 0.59E-05 0.36E-04
  22   -33389.1695782  -20548.1527960  -12841.0167822 0.83E-05 0.12E-04
  23   -33389.1722110  -20548.1539151  -12841.0182959 0.34E-05 0.31E-05
  24   -33389.1727206  -20548.1537674  -12841.0189532 0.25E-06 0.51E-05
  25   -33389.1722418  -20548.1533269  -12841.0189148 0.12E-05 0.24E-05
  26   -33389.1717784  -20548.1530874  -12841.0186910 0.65E-06 0.19E-06
  27   -33389.1716242  -20548.1530664  -12841.0185578 0.61E-07 0.71E-06
  28   -33389.1716643  -20548.1531257  -12841.0185386 0.16E-06 0.45E-06
  29   -33389.1717366  -20548.1531710  -12841.0185656 0.12E-06 0.79E-07
  30   -33389.1717715  -20548.1531830  -12841.0185886 0.29E-07 0.92E-07
  31   -33389.1717728  -20548.1531776  -12841.0185952 0.17E-07 0.82E-07
  32   -33389.1717635  -20548.1531708  -12841.0185927 0.20E-07 0.27E-07
  33   -33389.1717573  -20548.1531682  -12841.0185891 0.77E-08 0.70E-08

   33 iterations: (units are Ry and bohr)
 Energy:  -33389.17175728  Ebs:  -20548.15316816  Ehxc:  -12841.01858912
 Eh    :   12993.50028303  Exc:    -619.69010919

   Orbital    Filling       Eigenvalues    Norm(rc->oo)      Peak
    |100 >      2.000       -5236.015036
    |200 >      2.000        -908.490110
    |210->      2.000        -868.895312
    |210+>      4.000        -764.188662
    |300 >      2.000        -211.033655
    |310->      2.000        -193.473220
    |310+>      4.000        -170.706965
    |320->      4.000        -141.489050
    |320+>      6.000        -136.530262
    |400 >      2.000         -44.658685
    |410->      2.000         -37.343903
    |410+>      4.000         -32.031946
    |420->      4.000         -20.079511
    |420+>      6.000         -19.094544
    |430->      6.000          -4.009851
    |430+>      8.000          -3.825278
    |500 >      2.000          -7.010001      0.034310      0.934725
    |510->      2.000          -4.795151      0.067238      1.010552
    |510+>      4.000          -3.987279      0.110015      1.092531
    |520->      1.600          -1.137134      0.406474      1.380571
    |520+>      2.400          -1.063983      0.439456      1.416936
    |600 >      2.000          -1.003117      0.882623      2.446105


 ===============Configuration 6 NL: Calc ===============
 ---------Eigenvalue guesses---------
 1s           -13.10070018
 2p           -10.20132692
 3d            -6.56128009
 2s            -5.42781200
 Performing non-local pseudopotential calculation
 Using the s potential as the local potential

 --Augmentation operator info--
 Number of functions:   1
 # 1 range(a.u.):   0.010007 ----->  1.613647   size(Ry):  2.080000
 ------------------------------

 iter       Etot             Ebs             Ehxc       de_max   dv_max
   1     -253.3845228    -124.5833849    -128.8011380 0.68E-02 0.12E+02
   2     -200.1466700     -80.9326848    -119.2139852 0.45E+00 0.60E+01
   3     -159.8755035     -47.7345728    -112.1409307 0.65E+00 0.27E+00
   4     -157.2150475     -45.3700372    -111.8450103 0.14E+00 0.55E-01
   5     -157.4664948     -45.6101659    -111.8563289 0.10E-01 0.13E-01
   6     -157.4878808     -45.6252736    -111.8626072 0.12E-02 0.40E-02
   7     -157.4778059     -45.6200822    -111.8577237 0.42E-03 0.21E-02
   8     -157.4758083     -45.6222260    -111.8535823 0.32E-03 0.12E-02
   9     -157.4770468     -45.6251505    -111.8518962 0.22E-03 0.11E-02
  10     -157.4809305     -45.6289871    -111.8519434 0.29E-03 0.74E-03
  11     -157.4816532     -45.6299130    -111.8517402 0.89E-04 0.13E-03
  12     -157.4817859     -45.6301710    -111.8516149 0.21E-04 0.76E-04
  13     -157.4818933     -45.6303113    -111.8515821 0.82E-05 0.67E-04
  14     -157.4819778     -45.6303973    -111.8515805 0.53E-05 0.50E-04
  15     -157.4820248     -45.6304426    -111.8515822 0.30E-05 0.34E-04
  16     -157.4820455     -45.6304648    -111.8515808 0.16E-05 0.22E-04
  17     -157.4820540     -45.6304764    -111.8515776 0.97E-06 0.14E-04
  18     -157.4820582     -45.6304835    -111.8515747 0.59E-06 0.86E-05
  19     -157.4820614     -45.6304887    -111.8515727 0.37E-06 0.53E-05
  20     -157.4820640     -45.6304923    -111.8515717 0.24E-06 0.32E-05
  21     -157.4820659     -45.6304945    -111.8515714 0.14E-06 0.19E-05
  22     -157.4820672     -45.6304959    -111.8515713 0.96E-07 0.12E-05
  23     -157.4820679     -45.6304965    -111.8515713 0.50E-07 0.69E-06
  24     -157.4820682     -45.6304969    -111.8515713 0.22E-07 0.42E-06
  25     -157.4820684     -45.6304970    -111.8515713 0.12E-07 0.25E-06
  26     -157.4820684     -45.6304971    -111.8515713 0.69E-08 0.15E-06

   26 iterations: (units are Ry and bohr)
 Energy:    -157.48206841  Ebs:     -45.63049710  Ehxc:    -111.85157131
 Eh    :     116.56242576  Exc:     -15.64951852

   Orbital    Filling       Eigenvalues    Norm(rc->oo)      Peak
    |100>      2.000          -6.964559      0.035060      0.946956
    |210>      6.000          -4.225827      0.096291      1.078420
    |320>      4.000          -1.088136      0.428447      1.398635
    |200>      2.000          -0.996935      0.878703      2.446105

 ---Non-local ghost testing---
 Local state: 1s

 Test  state: 1s
 KB energy :  -2.080000  KB strength:   2.034000  KB cosine:  -0.977885
 el0       :  -5.041516  el1        :  -0.939016  eig      :  -6.964559
 No ghosts!  Ekb<0  and eig < el0

 Test  state: 2p
 KB energy :  -2.811007  KB strength:   2.185100  KB cosine:  -0.777337
 el0       :  -2.796290  el1        :  -0.472640  eig      :  -4.225827
 No ghosts!  Ekb<0  and eig < el0

 Test  state: 3d
 KB energy :  -2.445731  KB strength:   1.530589  KB cosine:  -0.625821
 el0       :  -0.630867  el1        :  -0.140729  eig      :  -1.088136
 No ghosts!  Ekb<0  and eig < el0

 Test  state: 2s
 KB energy :  -2.080000  KB strength:   2.034000  KB cosine:  -0.977885
 el0       :  -0.939016  el1        :  -0.247387  eig      :  -0.996935
 No ghosts!  Ekb<0  and eig < el0
 ------------------------------

 No ghosts present for designed local pot



 ===============Configuration 7 AE Calc=============== 
 ---------Eigenvalue guesses---------
 1s         -5625.00000000
 2s         -1406.25000000
 2p         -1406.25000000
 2p         -1406.25000000
 3s          -625.00000000
 3p          -625.00000000
 3p          -625.00000000
 3d          -625.00000000
 3d          -625.00000000
 4s          -351.56250000
 4p          -351.56250000
 4p          -351.56250000
 4d          -351.56250000
 4d          -351.56250000
 4f          -351.56250000
 4f          -351.56250000
 5s          -225.00000000
 5p          -225.00000000
 5p          -225.00000000
 5d          -225.00000000
 5d          -225.00000000
 6s          -156.25000000

 iter       Etot             Ebs             Ehxc       de_max   dv_max
   1   -34868.7419665  -21370.4397575  -13498.3022090 0.10E+01 0.47E+01
 !WARNING! positive eigenvalue predicted in scpot  nlm= 520     new e =-.1673856E+03
 !WARNING! positive eigenvalue predicted in scpot  nlm= 520     new e =-.1673856E+03
   2   -33502.8562674  -20704.0964862  -12798.7597811 0.78E+00 0.17E+01
   3   -33490.5424742  -20573.1349188  -12917.4075554 0.19E+01 0.57E+00
   4   -33402.1826631  -20494.6614478  -12907.5212153 0.16E+00 0.27E+00
   5   -33385.4712234  -20484.9258104  -12900.5454130 0.18E+00 0.52E-01
   6   -33386.9120939  -20488.2405214  -12898.6715725 0.16E-01 0.55E-01
   7   -33389.3694801  -20490.4772958  -12898.8921843 0.38E-01 0.28E-01
   8   -33390.3070429  -20491.1396727  -12899.1673703 0.26E-01 0.15E-01
   9   -33390.0144519  -20490.9922838  -12899.0221681 0.65E-02 0.13E-01
  10   -33389.4863696  -20490.7917385  -12898.6946311 0.16E-01 0.37E-02
  11   -33389.6913961  -20491.0521736  -12898.6392225 0.21E-02 0.18E-02
  12   -33390.0007357  -20491.2421405  -12898.7585951 0.27E-02 0.73E-03
  13   -33389.9730649  -20491.1987853  -12898.7742796 0.37E-03 0.35E-03
  14   -33389.8675828  -20491.1429963  -12898.7245864 0.38E-03 0.29E-03
  15   -33389.8759367  -20491.1595905  -12898.7163461 0.13E-03 0.19E-03
  16   -33389.8999681  -20491.1738712  -12898.7260969 0.12E-03 0.40E-04
  17   -33389.9122770  -20491.1774987  -12898.7347783 0.36E-04 0.38E-04
  18   -33389.9113897  -20491.1747780  -12898.7366118 0.16E-04 0.30E-04
  19   -33389.9071712  -20491.1721391  -12898.7350321 0.17E-04 0.61E-05
  20   -33389.9049044  -20491.1714027  -12898.7335017 0.39E-05 0.59E-05
  21   -33389.9048222  -20491.1717815  -12898.7330408 0.36E-05 0.54E-05
  22   -33389.9054703  -20491.1722530  -12898.7332173 0.38E-05 0.16E-05
  23   -33389.9058985  -20491.1724375  -12898.7334609 0.14E-05 0.62E-06
  24   -33389.9059700  -20491.1724150  -12898.7335549 0.19E-06 0.85E-06
  25   -33389.9058889  -20491.1723500  -12898.7335389 0.52E-06 0.33E-06
  26   -33389.9058206  -20491.1723193  -12898.7335012 0.25E-06 0.66E-07
  27   -33389.9058046  -20491.1723211  -12898.7334835 0.52E-08 0.14E-06

   27 iterations: (units are Ry and bohr)
 Energy:  -33389.90580462  Ebs:  -20491.17232115  Ehxc:  -12898.73348347
 Eh    :   13051.43506341  Exc:    -620.37905574

   Orbital    Filling       Eigenvalues    Norm(rc->oo)      Peak
    |100 >      2.000       -5235.230536
    |200 >      2.000        -907.699094
    |210->      2.000        -868.104682
    |210+>      4.000        -763.397662
    |300 >      2.000        -210.245359
    |310->      2.000        -192.684809
    |310+>      4.000        -169.918709
    |320->      4.000        -140.699960
    |320+>      6.000        -135.741267
    |400 >      2.000         -43.871099
    |410->      2.000         -36.556250
    |410+>      4.000         -31.244158
    |420->      4.000         -19.291454
    |420+>      6.000         -18.306437
    |430->      6.000          -3.222588
    |430+>      8.000          -3.038111
    |500 >      2.000          -6.230028      0.035297      0.934725
    |510->      2.000          -4.022611      0.069912      1.010552
    |510+>      4.000          -3.222994      0.114935      1.092531
    |520->      2.000          -0.435884      0.457603      1.398635
    |520+>      3.000          -0.371239      0.497054      1.435477
    |600 >      2.000          -0.435755      0.909805      2.576668


 ===============Configuration 7 NL: Calc ===============
 ---------Eigenvalue guesses---------
 1s           -13.10070018
 2p           -10.20132692
 3d            -6.56128009
 2s            -5.42781200
 Performing non-local pseudopotential calculation
 Using the s potential as the local potential

 --Augmentation operator info--
 Number of functions:   1
 # 1 range(a.u.):   0.010007 ----->  1.613647   size(Ry):  2.080000
 ------------------------------

 iter       Etot             Ebs             Ehxc       de_max   dv_max
   1     -278.2559276    -131.1446650    -147.1112626 0.68E-02 0.14E+02
   2     -209.5335825     -76.3459414    -133.1876411 0.53E+00 0.70E+01
   3     -158.6000997     -37.1034604    -121.4966393 0.84E+00 0.49E+00
   4     -157.5750414     -35.8839596    -121.6910818 0.19E+00 0.79E-01
   5     -158.6464214     -36.4105821    -122.2358393 0.62E-01 0.50E-01
   6     -158.6007134     -36.2113737    -122.3893397 0.26E-01 0.37E-01
   7     -158.0896360     -35.8621982    -122.2274378 0.44E-01 0.16E-01
   8     -158.1160591     -35.9278584    -122.1882008 0.92E-02 0.94E-02
   9     -158.1705489     -35.9745965    -122.1959524 0.67E-02 0.45E-02
  10     -158.2247105     -36.0076646    -122.2170460 0.49E-02 0.16E-02
  11     -158.2268783     -36.0025629    -122.2243154 0.70E-03 0.14E-02
  12     -158.2109335     -35.9907608    -122.2201727 0.17E-02 0.42E-03
  13     -158.2102690     -35.9916960    -122.2185730 0.19E-03 0.27E-03
  14     -158.2128602     -35.9937441    -122.2191161 0.31E-03 0.12E-03
  15     -158.2128254     -35.9936205    -122.2192049 0.18E-04 0.49E-04
  16     -158.2126950     -35.9935269    -122.2191681 0.15E-04 0.29E-04
  17     -158.2126146     -35.9934936    -122.2191210 0.63E-05 0.18E-04
  18     -158.2125967     -35.9934994    -122.2190973 0.44E-06 0.12E-04
  19     -158.2126081     -35.9935153    -122.2190928 0.16E-05 0.83E-05
  20     -158.2126222     -35.9935265    -122.2190957 0.13E-05 0.52E-05
  21     -158.2126297     -35.9935311    -122.2190986 0.59E-06 0.31E-05
  22     -158.2126315     -35.9935318    -122.2190997 0.21E-06 0.19E-05
  23     -158.2126311     -35.9935318    -122.2190994 0.97E-07 0.12E-05
  24     -158.2126306     -35.9935318    -122.2190987 0.65E-07 0.78E-06
  25     -158.2126305     -35.9935322    -122.2190983 0.60E-07 0.48E-06
  26     -158.2126308     -35.9935325    -122.2190983 0.56E-07 0.29E-06
  27     -158.2126310     -35.9935327    -122.2190983 0.34E-07 0.17E-06
  28     -158.2126312     -35.9935328    -122.2190984 0.14E-07 0.98E-07
  29     -158.2126312     -35.9935328    -122.2190984 0.13E-07 0.59E-07
  30     -158.2126312     -35.9935328    -122.2190984 0.62E-09 0.36E-07

   30 iterations: (units are Ry and bohr)
 Energy:    -158.21263122  Ebs:     -35.99353283  Ehxc:    -122.21909839
 Eh    :     127.14455375  Exc:     -16.34117927

   Orbital    Filling       Eigenvalues    Norm(rc->oo)      Peak
    |100>      2.000          -6.189417      0.036026      0.946956
    |210>      6.000          -3.462652      0.100297      1.078420
    |320>      5.000          -0.394988      0.483356      1.435477
    |200>      2.000          -0.431924      0.907809      2.576668

 ---Non-local ghost testing---
 Local state: 1s

 Test  state: 1s
 KB energy :  -2.080000  KB strength:   2.034000  KB cosine:  -0.977885
 el0       :  -4.270865  el1        :  -0.383289  eig      :  -6.189417
 No ghosts!  Ekb<0  and eig < el0

 Test  state: 2p
 KB energy :  -2.811007  KB strength:   2.185100  KB cosine:  -0.777337
 el0       :  -2.049210  el1        :  -0.055826  eig      :  -3.462652
 No ghosts!  Ekb<0  and eig < el0

 Test  state: 3d
 !WARNING! : schsl found too few nodes   n,l=   4   2  e= -.8746E-08
 !WARNING! No solution for 1st excited state of local potential.  Setting e=0.0
 KB energy :  -2.445731  KB strength:   1.530589  KB cosine:  -0.625821
 el0       :  -0.036607  el1        :   0.000000  eig      :  -0.394988
 No ghosts!  Ekb<0  and eig < el0

 Test  state: 2s
 !WARNING! : schsl found a positive eigenvalue. n,l=:   3   0
 !WARNING! No solution for 1st excited state of local potential.  Setting e=0.0
 KB energy :  -2.080000  KB strength:   2.034000  KB cosine:  -0.977885
 el0       :  -0.383289  el1        :   0.000000  eig      :  -0.431924
 No ghosts!  Ekb<0  and eig < el0
 ------------------------------

 No ghosts present for designed local pot

   ------------------------------------------------
   ================================================

 ======================================================================== 
 Begin KE convergence testing
 ======================================================================== 
 ----------------------------------------------------------------------
                     Kinetic energy convergence
      ==============================|100>==============================
      Ecut(Ry)  KE/electron(Ry)         KE error/electron (mRy,meV)
        23       2.208798456                72.220949     982.616565
        35       2.274528228                 6.491178      88.317014
        41       2.280290059                 0.729346       9.923261
        47       2.280957217                 0.062188       0.846110
      ==============================|210>==============================
      Ecut(Ry)  KE/electron(Ry)         KE error/electron (mRy,meV)
        16       4.292960115                65.561685     892.012622
        21       4.351926160                 6.595640      89.738303
        36       4.357805519                 0.716281       9.745507
        45       4.358457058                 0.064742       0.880854
      ==============================|320>==============================
      Ecut(Ry)  KE/electron(Ry)         KE error/electron (mRy,meV)
        22       5.447795401                70.348163     957.136004
        30       5.511139047                 7.004517      95.301363
        36       5.517439938                 0.703627       9.573331
        42       5.518075703                 0.067862       0.923308
      ==============================|200>==============================
      Ecut(Ry)  KE/electron(Ry)         KE error/electron (mRy,meV)
        23       2.208798456                72.220949     982.616565
        35       2.274528228                 6.491178      88.317014
        41       2.280290059                 0.729346       9.923261
        47       2.280957217                 0.062188       0.846110

 ======================================================================== 
 End KE convergence testing
 ======================================================================== 
<<<do_rpt>>>
<<<do_upf>>>
------------- closing opium session ------------
