##########################################################
#    Opium Report File                                   #
##########################################################
     Opium version:        3.7

### copy of the parameter file #######################

[Atom]
Re
14              # norb: number of orbitals
100 2.00 -643.0 # nlm occ eigen(- means auto-generate)
200 2.00 -77.4
210 6.00 -68.4
300 2.00 -10.0
310 6.00  -6.0
320 10.0  -6.4
400 2.00  -6.4
410 6.00  -6.0
420 10.0  -6.0
430 14.0  -1.9
500 2.00  -2.4
510 6.00  -2.0
520 0.00  -1.0
600 0.00  -1.0

[Pseudo]
4  1.75 1.77 1.80 1.83
opt

 [Optinfo]
 7.07  10
 7.07  10
 7.07  10
 7.07  10

[XC]
 gga

[Configs]
7              
#
500 2.00  -2.4 
510 6.00  -2.0
520 0.00 -1.0
600 0.00 -1.0 
#
500 2.00  -2.4 
510 6.00  -2.0
520 1.00 -1.0
600 0.00 -1.0 
#
500 2.00  -2.4 
510 6.00  -2.0
520 2.00 -1.0
600 0.00 -1.0 
#
500 2.00  -2.4 
510 6.00  -2.0
520 2.00 -1.0
600 1.00 -1.0 
#
500 2.00  -2.4 
510 6.00  -2.0
520 3.00 -1.0
600 2.00 -1.0 
#
500 2.00  -2.4 
510 6.00  -2.0
520 4.00 -1.0
600 2.00 -1.0 
#
500 2.00  -2.4 
510 6.00  -2.0
520 5.00 -1.0
600 2.00 -1.0 

[Relativity]
srl              # nrl / srl / frl

[KBdesign]
0                 # local orbital
1                 # number of aug. operators
au 0.01 1.61 2.08

### AE report ########################################

 AE:Orbital    Filling       Eigenvalues[Ry]          Norm
    ----------------------------------------------------------
	500	 2.000	     -13.1007001751	  0.0246345852
	510	 6.000	     -10.2013269195	  0.0615554033
	520	 0.000	      -6.5612800864	  0.2130070547
	600	 0.000	      -5.4278119954	  0.7023065245

      E_tot =   -33368.3780861953 Ry

### PS report ########################################

    ====================Optimized pseudopotential method====================

                       Pseudopotential convergence error                      
    Orbital      [mRy/e]       [meV/e]         [mRy]        [meV]        Ghost
    --------------------------------------------------------------------------
	500       0.025417      0.345810      0.050833      0.691620	    no
	510       0.023482      0.319485      0.140890      1.916912	    no
	520       0.009990      0.135918      0.000000      0.000000	    no

                  Tot. error =               0.191723      2.608532


### NL/SL report #####################################


 NL:Orbital    Filling       Eigenvalues[Ry]          Norm       Ghost
    ------------------------------------------------------------------
	100 	 2.000	     -13.1007001736	  0.0246345895	    no
	210 	 6.000	     -10.2013269183	  0.0615554048	    no
	320 	 0.000	      -6.5612800857	  0.2130070590	    no
	200 	 0.000	      -5.4644513305	  0.6634110015	    no

	 ========== No ghosts in potential!!========== 

      E_tot =     -136.7159499395 Ry

### KE report ########################################

	 ===   Ecut necessary for ~1    eV convergence error / electron === 
	 --------------------------------------------------------------- 
		 	 Ecut[Ry] 	 error [meV/e] 
	100  		   23 	          982.617 
	210  		   16 	          892.013 
	320  		   22 	          957.136 
	200  		   23 	          982.617 
	 ===   Ecut necessary for ~100 meV convergence error / electron === 
	 --------------------------------------------------------------- 
		 	 Ecut[Ry] 	 error [meV/e] 
	100  		   35 	           88.317 
	210  		   21 	           89.738 
	320  		   30 	           95.301 
	200  		   35 	           88.317 

	 ===   Ecut necessary for  ~10 meV convergence error / electron === 
	 --------------------------------------------------------------- 
		 	 Ecut[Ry] 	 error [meV/e] 
	100  		   41 	            9.923 
	210  		   36 	            9.746 
	320  		   36 	            9.573 
	200  		   41 	            9.923 

	 ===   Ecut necessary for   ~1 meV convergence error / electron === 
	 --------------------------------------------------------------- 
		 	 Ecut[Ry] 	 error [meV/e] 
	100  		   47 	            0.846 
	210  		   45 	            0.881 
	320  		   42 	            0.923 
	200  		   47 	            0.846 

### TC report ########################################

 AE:Orbital    Filling       Eigenvalues[Ry]          Norm
    ----------------------------------------------------------
	500	 2.000	     -13.1007001751	  0.0245918104
	510	 6.000	     -10.2013269195	  0.0617883685
	520	 0.000	      -6.5612800864	  0.2129313306
	600	 0.000	      -5.4278119954	  0.7024143807

      E_tot =   -33368.3780861953 Ry

 NL:Orbital    Filling       Eigenvalues[Ry]          Norm       Ghost
    ------------------------------------------------------------------
	100 	 2.000	     -13.1007001736	  0.0246345895	    no
	210 	 6.000	     -10.2013269183	  0.0615554048	    no
	320 	 0.000	      -6.5612800857	  0.2130070590	    no
	200 	 0.000	      -5.4644513305	  0.6634110015	    no

      E_tot =     -136.7159499395 Ry

 AE-NL:Orbital Filling       Eigenvalues[mRy]         Norm[1e-3] 
 AE-NL- --------------------------------------------------------------
 AE-NL- 100 	 2.000	      -0.0000014368	 -0.0427790653	
 AE-NL- 210 	 6.000	      -0.0000011738	  0.2329636559	
 AE-NL- 320 	 0.000	      -0.0000007586	 -0.0757284363	
 AE-NL- 200 	 0.000	      36.6393351172	 39.0033791861	
 AE-NL-  total error =	      36.6393384863	 39.3548503435

 =====================================================================
 AE:Orbital    Filling       Eigenvalues[Ry]          Norm
    ----------------------------------------------------------
	500	 2.000	     -11.8321786518	  0.0270298369
	510	 6.000	      -8.9752371372	  0.0692259287
	520	 1.000	      -5.4419754747	  0.2463647765
	600	 0.000	      -4.5476858821	  0.7412752293

      E_tot =   -33374.3756871146 Ry

 NL:Orbital    Filling       Eigenvalues[Ry]          Norm       Ghost
    ------------------------------------------------------------------
	100 	 2.000	     -11.8211868292	  0.0271977068	    no
	210 	 6.000	      -8.9680227112	  0.0690852599	    no
	320 	 1.000	      -5.4410368376	  0.2463362785	    no
	200 	 0.000	      -4.5647582630	  0.7126040230	    no

      E_tot =     -142.7132783403 Ry

 AE-NL:Orbital Filling       Eigenvalues[mRy]         Norm[1e-3] 
 AE-NL- --------------------------------------------------------------
 AE-NL- 100 	 2.000	     -10.9918225796	 -0.1678699333	
 AE-NL- 210 	 6.000	      -7.2144260125	  0.1406687670	
 AE-NL- 320 	 1.000	      -0.9386371255	  0.0284980282	
 AE-NL- 200 	 0.000	      17.0723808397	 28.6712062686	
 AE-NL-  total error =	      36.2172665573	 29.0082429972

 =====================================================================
 AE:Orbital    Filling       Eigenvalues[Ry]          Norm
    ----------------------------------------------------------
	500	 2.000	     -10.6216911932	  0.0294425910
	510	 6.000	      -7.8028185709	  0.0769597220
	520	 2.000	      -4.3745917575	  0.2838640806
	600	 0.000	      -3.7028460707	  0.7772307900

      E_tot =   -33379.2792490782 Ry

 NL:Orbital    Filling       Eigenvalues[Ry]          Norm       Ghost
    ------------------------------------------------------------------
	100 	 2.000	     -10.6006170868	  0.0297353804	    no
	210 	 6.000	      -7.7883888437	  0.0769210637	    no
	320 	 2.000	      -4.3714116499	  0.2839168947	    no
	200 	 0.000	      -3.7066203423	  0.7570942642	    no

      E_tot =     -147.6148820033 Ry

 AE-NL:Orbital Filling       Eigenvalues[mRy]         Norm[1e-3] 
 AE-NL- --------------------------------------------------------------
 AE-NL- 100 	 2.000	     -21.0741063894	 -0.2927893620	
 AE-NL- 210 	 6.000	     -14.4297272056	  0.0386582762	
 AE-NL- 320 	 2.000	      -3.1801076281	 -0.0528140308	
 AE-NL- 200 	 0.000	       3.7742716594	 20.1365257933	
 AE-NL-  total error =	      42.4582128824	 20.5207874624

 =====================================================================
 AE:Orbital    Filling       Eigenvalues[Ry]          Norm
    ----------------------------------------------------------
	500	 2.000	      -9.7582059575	  0.0303535042
	510	 6.000	      -6.9507108221	  0.0804639336
	520	 2.000	      -3.5691307926	  0.3065259094
	600	 1.000	      -3.0229601368	  0.7999179184

      E_tot =   -33382.6402011118 Ry

 NL:Orbital    Filling       Eigenvalues[Ry]          Norm       Ghost
    ------------------------------------------------------------------
	100 	 2.000	      -9.7154845884	  0.0309056868	    no
	210 	 6.000	      -6.9200388987	  0.0809381760	    no
	320 	 2.000	      -3.5585925877	  0.3079611775	    no
	200 	 1.000	      -3.0186528250	  0.7848101995	    no

      E_tot =     -150.9748684477 Ry

 AE-NL:Orbital Filling       Eigenvalues[mRy]         Norm[1e-3] 
 AE-NL- --------------------------------------------------------------
 AE-NL- 100 	 2.000	     -42.7213691392	 -0.5521826477	
 AE-NL- 210 	 6.000	     -30.6719234090	 -0.4742424382	
 AE-NL- 320 	 2.000	     -10.5382049095	 -1.4352680298	
 AE-NL- 200 	 1.000	      -4.3073118142	 15.1077189476	
 AE-NL-  total error =	      88.2388092719	 17.5694120632

 =====================================================================
 AE:Orbital    Filling       Eigenvalues[Ry]          Norm
    ----------------------------------------------------------
	500	 2.000	      -7.9246825402	  0.0328560379
	510	 6.000	      -5.1514863565	  0.0900419021
	520	 3.000	      -1.9035519062	  0.3754817649
	600	 2.000	      -1.6540590671	  0.8529139544

      E_tot =   -33387.6816366740 Ry

 NL:Orbital    Filling       Eigenvalues[Ry]          Norm       Ghost
    ------------------------------------------------------------------
	100 	 2.000	      -7.8742228302	  0.0336114511	    no
	210 	 6.000	      -5.1165434107	  0.0907343541	    no
	320 	 3.000	      -1.8947816449	  0.3777624123	    no
	200 	 2.000	      -1.6462044294	  0.8459941367	    no

      E_tot =     -155.9988029366 Ry

 AE-NL:Orbital Filling       Eigenvalues[mRy]         Norm[1e-3] 
 AE-NL- --------------------------------------------------------------
 AE-NL- 100 	 2.000	     -50.4597100220	 -0.7554131064	
 AE-NL- 210 	 6.000	     -34.9429458572	 -0.6924519635	
 AE-NL- 320 	 3.000	      -8.7702612567	 -2.2806474350	
 AE-NL- 200 	 2.000	      -7.8546377351	  6.9198176823	
 AE-NL-  total error =	     102.0275548711	 10.6483301873

 =====================================================================
 AE:Orbital    Filling       Eigenvalues[Ry]          Norm
    ----------------------------------------------------------
	500	 2.000	      -7.0100014839	  0.0343100281
	510	 6.000	      -4.2565695879	  0.0957562081
	520	 4.000	      -1.0932437933	  0.4262631297
	600	 2.000	      -1.0031173740	  0.8826226854

      E_tot =   -33389.1717572827 Ry

 NL:Orbital    Filling       Eigenvalues[Ry]          Norm       Ghost
    ------------------------------------------------------------------
	100 	 2.000	      -6.9645592114	  0.0350602285	    no
	210 	 6.000	      -4.2258272150	  0.0962910680	    no
	320 	 4.000	      -1.0881362256	  0.4284467261	    no
	200 	 2.000	      -0.9969352450	  0.8787030730	    no

      E_tot =     -157.4820684125 Ry

 AE-NL:Orbital Filling       Eigenvalues[mRy]         Norm[1e-3] 
 AE-NL- --------------------------------------------------------------
 AE-NL- 100 	 2.000	     -45.4422724965	 -0.7502004230	
 AE-NL- 210 	 6.000	     -30.7423729322	 -0.5348599077	
 AE-NL- 320 	 4.000	      -5.1075677511	 -2.1835963536	
 AE-NL- 200 	 2.000	      -6.1821289712	  3.9196124865	
 AE-NL-  total error =	      87.4743421510	  7.3882691709

 =====================================================================
 AE:Orbital    Filling       Eigenvalues[Ry]          Norm
    ----------------------------------------------------------
	500	 2.000	      -6.2300279309	  0.0352971973
	510	 6.000	      -3.4895328775	  0.0999269881
	520	 5.000	      -0.3970966832	  0.4812734229
	600	 2.000	      -0.4357548899	  0.9098045025

      E_tot =   -33389.9058046215 Ry

 NL:Orbital    Filling       Eigenvalues[Ry]          Norm       Ghost
    ------------------------------------------------------------------
	100 	 2.000	      -6.1894174717	  0.0360259813	    no
	210 	 6.000	      -3.4626516962	  0.1002969167	    no
	320 	 5.000	      -0.3949878253	  0.4833561607	    no
	200 	 2.000	      -0.4319242937	  0.9078086499	    no

      E_tot =     -158.2126312244 Ry

 AE-NL:Orbital Filling       Eigenvalues[mRy]         Norm[1e-3] 
 AE-NL- --------------------------------------------------------------
 AE-NL- 100 	 2.000	     -40.6104592144	 -0.7287840644	
 AE-NL- 210 	 6.000	     -26.8811813756	 -0.3699286219	
 AE-NL- 320 	 5.000	      -2.1088579300	 -2.0827378360	
 AE-NL- 200 	 2.000	      -3.8305961636	  1.9958526051	
 AE-NL-  total error =	      73.4310946836	  5.1773031274

 =====================================================================

  Comparison of total energy differences.           
   DD_ij = (E_i - E_j)_AE - (E_i-E_j)_NL     

 AE-NL-   i   j         DD[mRy]        DD[meV] 
 AE-NL- ------------------------------------------
 AE-NL-   0   1         0.000000       0.000000
 AE-NL-   0   2         0.272518       3.707805
 AE-NL-   0   3         2.230819      30.351855
 AE-NL-   0   4         3.196408      43.489371
 AE-NL-   0   5        20.697482     281.603724
 AE-NL-   0   6        27.552614     374.872606
 AE-NL-   0   7        31.037141     422.282033
 AE-NL-   1   2         0.272518       3.707805
 AE-NL-   1   3         2.230819      30.351855
 AE-NL-   1   4         3.196408      43.489371
 AE-NL-   1   5        20.697482     281.603724
 AE-NL-   1   6        27.552614     374.872606
 AE-NL-   1   7        31.037141     422.282033
 AE-NL-   2   3         1.958301      26.644050
 AE-NL-   2   4         2.923890      39.781567
 AE-NL-   2   5        20.424963     277.895919
 AE-NL-   2   6        27.280096     371.164801
 AE-NL-   2   7        30.764623     418.574228
 AE-NL-   3   4         0.965589      13.137516
 AE-NL-   3   5        18.466662     251.251869
 AE-NL-   3   6        25.321795     344.520751
 AE-NL-   3   7        28.806322     391.930178
 AE-NL-   4   5        17.501073     238.114353
 AE-NL-   4   6        24.356206     331.383235
 AE-NL-   4   7        27.840733     378.792661
 AE-NL-   5   6         6.855133      93.268882
 AE-NL-   5   7        10.339660     140.678309
 AE-NL-   6   7         3.484527      47.409427
