
 ++++++++++++++++++++++++++++++++++++++++++++++++++++++++++++++++++++++++
           OPIUM  Version:        3.8                             
           =====================================            
 See http://opium.sourceforge.net for help and information                 
 Copyright 2009 : The OPIUM project                         

 Compile host     : vagvlan567.217.wlan.design.upenn.edu
 Compile OS       : Darwin 14.1.0 i386
 Compile date     : Wed Mar 18 18:57:27 EDT 2015

 Execution host   : vagvlan567.0951.wlan.wireless-pennnet.upenn.edu
 time of execution: Tue Oct 13 17:24:11 2015

 ++++++++++++++++++++++++++++++++++++++++++++++++++++++++++++++++++++++++
 Reading parameter file:  <n.param> ... 
 File prefix             : n 
 Element                 : Nitrogen   (N) 
 Z                       : 7 
 
 Number of all-electron orbitals   : 3 
 Number of pseudo       orbitals   : 2 
 
 Pseudopotential is non-relativistic 
 Exchage-correlation functional is : Perdew, Burke, Ernzerhof GGA 
 GGA smoothed from 0 to 0.001000 bohr using switch to LDA 
 The s potential is used for the KB construction 
 Optimized (RRKJ) pseudopotential method will be used 

 nl    cutoff radii    q-max      # bessel functions
 2s       1.350        7.070              10 
 2p       1.540        7.070              10 

 Reference Configuration: core  <-/-> valence 
 1s2  <-/-> 2s2  2p3 

 Grid definitions: 
 a_grid=1.00e-04    b_grid=1.30e-02    # points=1126 
 r(1)=5.23e-05      r(np)=1.17e+02    

 dEmax tolerance:  1.00e-08      dVmax tolerance:  1.00e-06     

 Starting calculation...

 ======================================================================== 
 Begin AE calculation
 ======================================================================== 
 Performing non-relativistic AE calculation...  
 ---------Eigenvalue guesses---------
 1s           -49.00000000
 2s            -3.06250000
 2p            -3.06250000

 iter       Etot             Ebs             Ehxc       de_max   dv_max
   1     -114.2205037     -65.5593830     -48.6611207 0.71E+00 0.20E+01
   2     -111.2532900     -63.1353149     -48.1179750 0.20E+00 0.10E+01
   3     -109.4833705     -61.2646777     -48.2186928 0.19E+00 0.56E-01
   4     -108.7400516     -60.6897438     -48.0503078 0.92E-01 0.20E-01
   5     -108.7430735     -60.7396643     -48.0034092 0.10E-01 0.12E-01
   6     -108.8573457     -60.8288565     -48.0284893 0.16E-01 0.32E-02
   7     -108.8563773     -60.8200260     -48.0363513 0.18E-02 0.17E-02
   8     -108.8406250     -60.8072646     -48.0333604 0.26E-02 0.36E-03
   9     -108.8391489     -60.8073220     -48.0318270 0.22E-04 0.37E-03
  10     -108.8404060     -60.8086845     -48.0317215 0.24E-03 0.22E-03
  11     -108.8423587     -60.8099469     -48.0324117 0.27E-03 0.86E-04
  12     -108.8424753     -60.8098591     -48.0326163 0.50E-04 0.55E-04
  13     -108.8423194     -60.8097174     -48.0326020 0.41E-04 0.28E-04
  14     -108.8421780     -60.8096433     -48.0325347 0.21E-04 0.19E-04
  15     -108.8421226     -60.8096362     -48.0324864 0.43E-05 0.14E-04
  16     -108.8421252     -60.8096573     -48.0324678 0.27E-05 0.87E-05
  17     -108.8421456     -60.8096785     -48.0324670 0.36E-05 0.49E-05
  18     -108.8421626     -60.8096909     -48.0324717 0.22E-05 0.25E-05
  19     -108.8421701     -60.8096945     -48.0324756 0.79E-06 0.12E-05
  20     -108.8421724     -60.8096951     -48.0324773 0.70E-07 0.62E-06
  21     -108.8421717     -60.8096942     -48.0324775 0.13E-06 0.35E-06
  22     -108.8421708     -60.8096935     -48.0324772 0.91E-07 0.22E-06
  23     -108.8421703     -60.8096933     -48.0324769 0.28E-07 0.15E-06
  24     -108.8421702     -60.8096934     -48.0324768 0.21E-07 0.92E-07
  25     -108.8421703     -60.8096935     -48.0324768 0.25E-07 0.52E-07
  26     -108.8421703     -60.8096936     -48.0324768 0.15E-07 0.28E-07
  27     -108.8421704     -60.8096936     -48.0324768 0.63E-08 0.14E-07

   27 iterations: (units are Ry and bohr)
 Energy:    -108.84217039  Ebs:     -60.80969359  Ehxc:     -48.03247680
 Eh    :      51.73475314  Exc:     -13.12324223

   Orbital    Filling       Eigenvalues    Norm(rc->oo)      Peak
    |100>      2.000         -28.258648
    |200>      2.000          -1.363980      0.414078      1.008055
    |210>      3.000          -0.521479      0.388121      0.969498

 ======================================================================== 
 End AE calculation
 ======================================================================== 

 ======================================================================== 
 Begin PS construction
 ======================================================================== 
 Optimized Pseudopotential Generation ...

 ==================
 zeff=   5.0000000000000000     
 Pseudizing state : |200>
 eigenvalue       : -1.363980
 qc               :  7.070000
 # bessel fxns    : 10
 point nearest rc :  782
 rc               :  1.350000
 actual rc        :  1.341815

 Psi(rc)          :     0.6048285897
 Slope at rc      :    -0.7664582704
 Curvature at rc  :     0.6893327657
 Del^2 Psi at rc  :    -0.4530877205
 Log Deriv at rc  :    -1.2672322100

 Error in constraints
   1         0.17210E-11
   2        -0.17210E-11
   3         0.19831E-10
   4        -0.19831E-10
   5         0.95355E-07
   6        -0.95355E-07
   7         0.64690E-04
   8         0.64690E-04
   9         0.00000E+00
  10         0.95355E-07
 Bessel wavevectors and final coefficients
   1        1.4312702306        1.2367730397
   2        3.6187140674       -0.1042660520
   3        5.9188077381       -0.1489068427
   4        8.2416919870        0.0144607513
   5       10.5726205646       -0.0075876501
   6       12.9072803013        0.0050644608
   7       15.2439684538       -0.0040944155
   8       17.5818801467        0.0037486726
   9       19.9205861352       -0.0036944124
  10       22.2598367624        0.0037902967

 Total KE           (Ry) :     1.1486273918
 0  -> qc contribution   :     1.1485627020
 qc -> oo contribution   :     0.0000646898   (=Convergence term)
 Occupancy of this state :     2.0000000000
 Convergence term (Ry/e) :     0.0000646898
 Convergence error (mRy) :     0.1293795925
 Convergence error (meV) :     1.7603128601


 ==================
 zeff=   5.0000000000000000     
 Pseudizing state : |210>
 eigenvalue       : -0.521479
 qc               :  7.070000
 # bessel fxns    : 10
 point nearest rc :  793
 rc               :  1.540000
 actual rc        :  1.548092

 Psi(rc)          :     0.4302936544
 Slope at rc      :    -0.4740160479
 Curvature at rc  :     0.5323056577
 Del^2 Psi at rc  :    -0.4391705955
 Log Deriv at rc  :    -1.1016105934

 Error in constraints
   1         0.11907E-11
   2        -0.11907E-11
   3         0.11835E-11
   4        -0.11835E-11
   5         0.17902E-06
   6        -0.17902E-06
   7         0.10690E-03
   8         0.10690E-03
   9         0.00000E+00
  10         0.17902E-06
 Bessel wavevectors and final coefficients
   1        1.9649288414        1.7121221775
   2        4.0279367474        1.0554701182
   3        6.0676772954        0.1959911991
   4        8.1021325577       -0.0064141438
   5       10.1345203730        0.0031581895
   6       12.1658838101       -0.0024396867
   7       14.1966646029        0.0024229737
   8       16.2270822299       -0.0026223256
   9       18.2572581637        0.0028960609
  10       20.2872651099       -0.0032034082

 Total KE           (Ry) :     3.1779262859
 0  -> qc contribution   :     3.1778193880
 qc -> oo contribution   :     0.0001068979   (=Convergence term)
 Occupancy of this state :     3.0000000000
 Convergence term (Ry/e) :     0.0001068979
 Convergence error (mRy) :     0.3206937704
 Convergence error (meV) :     4.3632953020

 ------------------------------
 Descreening potential
 valence charge          :   5.000000
 core    charge          :   0.000000

 ----Solving the Schrodinger equation for all states----
 State: 2s  AE eigenvalue =  -1.363980  PS eigenvalue =  -1.363980
 State: 2p  AE eigenvalue =  -0.521479  PS eigenvalue =  -0.521479

 ---Semilocal ghost testing---
 Local state: 2s

 Test  state: 2p
 KB energy :  -7.778281  KB strength:   3.271958  KB cosine:  -0.420653
 !WARNING! : schsl found a positive eigenvalue. n,l=:   3   1
    !WARNING! No solution for 1st excited state of local potential.  Setting e=0.0
 el0       :  -0.073595  el1        :   0.000000  eig      :  -0.521479
 No ghosts!  Ekb<0  and eig < el0

 No ghosts for local potential: 2s
 ------------------------------

 Local state: 2p

 Test  state: 2s
 KB energy :   8.541699  KB strength:   3.614461  KB cosine:   0.423155
 !WARNING! : schsl found a positive eigenvalue. n,l=:   2   0
    !WARNING! No solution for 1st excited state of local potential.  Setting e=0.0
 el0       :  -5.286232  el1        :   0.000000  eig      :  -1.363980
 No ghosts!  Ekb>0  and el0 < eig < el1

 No ghosts for local potential: 2p
 ------------------------------


 ======================================================================== 
 End PS construction
 ======================================================================== 

 ======================================================================== 
 Begin NL calculation
 ======================================================================== 
 ---------Eigenvalue guesses---------
 1s            -1.36397993
 2p            -0.52147894
 Performing non-local pseudopotential calculation
 Using the s potential as the local potential

 iter       Etot             Ebs             Ehxc       de_max   dv_max
   1      -19.2036949      -4.2923967     -14.9112982 0.00E+00 0.22E-08

 Converged in 1 iteration (probably reference state)
 Energy:     -19.20369486  Ebs:      -4.29239668  Ehxc:     -14.91129819
 Eh    :      16.20918539  Exc:      -4.43064612

   Orbital    Filling       Eigenvalues    Norm(rc->oo)      Peak
    |100>      2.000          -1.363980      0.414078      1.061861
    |210>      3.000          -0.521479      0.388121      0.944616

 ---Non-local ghost testing---
 Local state: 1s

 Test  state: 1s
 ...seems like this angular momentum is the local part!

 Test  state: 2p
 !WARNING! : schsl found a positive eigenvalue. n,l=:   3   1
 !WARNING! No solution for 1st excited state of local potential.  Setting e=0.0
 KB energy :  -7.778281  KB strength:   3.271958  KB cosine:  -0.420653
 el0       :  -0.073595  el1        :   0.000000  eig      :  -0.521479
 No ghosts!  Ekb<0  and eig < el0
 ------------------------------

 No ghosts present for local potential


 ======================================================================== 
 End NL calculation
 ======================================================================== 
<<<do_tc>>>


 ===============Configuration 1 AE Calc=============== 
 ---------Eigenvalue guesses---------
 1s           -49.00000000
 2s            -3.06250000
 2p            -3.06250000

 iter       Etot             Ebs             Ehxc       de_max   dv_max
   1     -110.1901428     -62.4967715     -47.6933713 0.81E+00 0.20E+01
   2     -111.3456341     -61.9281807     -49.4174534 0.41E-01 0.10E+01
   3     -110.4468644     -60.4155521     -50.0313123 0.21E+00 0.26E+00
   4     -108.6864865     -59.1852713     -49.5012152 0.26E+00 0.66E-01
   5     -108.5501561     -59.3016489     -49.2485071 0.20E-01 0.50E-01
   6     -108.8471492     -59.6178981     -49.2292511 0.74E-01 0.18E-01
   7     -108.9774032     -59.6921798     -49.2852234 0.24E-01 0.68E-02
   8     -108.9722264     -59.6718349     -49.3003915 0.53E-02 0.50E-02
   9     -108.9489431     -59.6516565     -49.2972865 0.49E-02 0.21E-02
  10     -108.9246610     -59.6362877     -49.2883733 0.35E-02 0.87E-03
  11     -108.9237256     -59.6384638     -49.2852618 0.58E-03 0.84E-03
  12     -108.9274281     -59.6416188     -49.2858093 0.96E-03 0.36E-03
  13     -108.9305537     -59.6432754     -49.2872782 0.45E-03 0.18E-03
  14     -108.9306605     -59.6428965     -49.2877640 0.12E-03 0.15E-03
  15     -108.9301360     -59.6424220     -49.2877140 0.13E-03 0.68E-04
  16     -108.9297187     -59.6421788     -49.2875399 0.66E-04 0.19E-04
  17     -108.9295615     -59.6421349     -49.2874266 0.11E-04 0.16E-04
  18     -108.9295650     -59.6421717     -49.2873933 0.11E-04 0.13E-04
  19     -108.9296124     -59.6422112     -49.2874012 0.11E-04 0.56E-05
  20     -108.9296458     -59.6422292     -49.2874166 0.54E-05 0.21E-05
  21     -108.9296569     -59.6422312     -49.2874257 0.85E-06 0.18E-05
  22     -108.9296551     -59.6422271     -49.2874280 0.82E-06 0.12E-05
  23     -108.9296508     -59.6422237     -49.2874271 0.79E-06 0.63E-06
  24     -108.9296481     -59.6422224     -49.2874257 0.32E-06 0.30E-06
  25     -108.9296474     -59.6422224     -49.2874250 0.11E-07 0.18E-06
  26     -108.9296476     -59.6422228     -49.2874249 0.11E-06 0.11E-06
  27     -108.9296480     -59.6422230     -49.2874250 0.81E-07 0.62E-07
  28     -108.9296482     -59.6422231     -49.2874251 0.28E-07 0.44E-07
  29     -108.9296482     -59.6422231     -49.2874251 0.11E-07 0.31E-07
  30     -108.9296482     -59.6422231     -49.2874251 0.82E-08 0.19E-07

   30 iterations: (units are Ry and bohr)
 Energy:    -108.92964822  Ebs:     -59.64222308  Ehxc:     -49.28742514
 Eh    :      53.02675299  Exc:     -13.24501735

   Orbital    Filling       Eigenvalues    Norm(rc->oo)      Peak
    |100>      2.000         -28.061043
    |200>      2.000          -1.191263      0.421538      1.021245
    |210>      3.200          -0.355504      0.409812      0.982184


 ===============Configuration 1 NL: Calc ===============
 ---------Eigenvalue guesses---------
 1s            -1.36397993
 2p            -0.52147894
 Performing non-local pseudopotential calculation
 Using the s potential as the local potential

 iter       Etot             Ebs             Ehxc       de_max   dv_max
   1      -20.5350391      -4.3966925     -16.1383466 0.00E+00 0.40E+00
   2      -19.6483995      -3.8366147     -15.8117848 0.20E+00 0.40E+01
   3      -19.3942855      -3.5997039     -15.7945816 0.11E+00 0.40E+01
   4      -19.2899598      -3.5128902     -15.7770695 0.44E-01 0.40E+01
   5      -19.2818108      -3.5118696     -15.7699412 0.60E-03 0.20E+01
   6      -19.2912243      -3.5201879     -15.7710364 0.44E-02 0.19E-02
   7      -19.2916772      -3.5202476     -15.7714296 0.28E-04 0.40E-03
   8      -19.2910480      -3.5198136     -15.7712344 0.22E-03 0.20E-03
   9      -19.2909716      -3.5198583     -15.7711133 0.24E-04 0.20E-03
  10      -19.2910359      -3.5199613     -15.7710746 0.55E-04 0.15E-03
  11      -19.2911105      -3.5200382     -15.7710723 0.41E-04 0.95E-04
  12      -19.2911578      -3.5200803     -15.7710775 0.22E-04 0.57E-04
  13      -19.2911795      -3.5200994     -15.7710802 0.10E-04 0.33E-04
  14      -19.2911873      -3.5201075     -15.7710798 0.44E-05 0.19E-04
  15      -19.2911900      -3.5201116     -15.7710784 0.22E-05 0.11E-04
  16      -19.2911915      -3.5201142     -15.7710773 0.14E-05 0.63E-05
  17      -19.2911929      -3.5201161     -15.7710768 0.10E-05 0.36E-05
  18      -19.2911941      -3.5201174     -15.7710767 0.66E-06 0.20E-05
  19      -19.2911948      -3.5201181     -15.7710767 0.37E-06 0.11E-05
  20      -19.2911952      -3.5201184     -15.7710768 0.18E-06 0.57E-06
  21      -19.2911954      -3.5201186     -15.7710768 0.70E-07 0.31E-06
  22      -19.2911954      -3.5201186     -15.7710768 0.19E-07 0.17E-06
  23      -19.2911954      -3.5201186     -15.7710768 0.80E-08 0.93E-07

   23 iterations: (units are Ry and bohr)
 Energy:     -19.29119545  Ebs:      -3.52011861  Ehxc:     -15.77107683
 Eh    :      17.10658940  Exc:      -4.55558025

   Orbital    Filling       Eigenvalues    Norm(rc->oo)      Peak
    |100>      2.000          -1.190945      0.421610      1.061861
    |210>      3.200          -0.355697      0.409468      0.956976

 ---Non-local ghost testing---
 Local state: 1s

 Test  state: 1s
 !WARNING! : schsl found a positive eigenvalue. n,l=:   2   0
 !WARNING! No solution for 1st excited state of local potential.  Setting e=0.0
 ...seems like this angular momentum is the local part!

 Test  state: 2p
 !WARNING! : schsl found a positive eigenvalue. n,l=:   2   1
 !WARNING! No solution for ground state of local potential.  Setting e=0.0
 !WARNING! : schsl found too few nodes   n,l=   3   1  e= -.7517E-08
 !WARNING! No solution for 1st excited state of local potential.  Setting e=0.0
 KB energy :  -7.778281  KB strength:   3.271958  KB cosine:  -0.420653
 el0       :   0.000000  el1        :   0.000000  eig      :  -0.355697
 No ghosts!  Ekb<0  and eig < el0
 ------------------------------

 No ghosts present for local potential



 ===============Configuration 2 AE Calc=============== 
 ---------Eigenvalue guesses---------
 1s           -49.00000000
 2s            -3.06250000
 2p            -3.06250000

 iter       Etot             Ebs             Ehxc       de_max   dv_max
   1     -104.5163921     -59.4263240     -45.0900681 0.90E+00 0.20E+01
   2     -113.0762933     -61.4804875     -51.5958057 0.63E+00 0.11E+01
   3     -110.6959724     -59.7407741     -50.9551983 0.34E+00 0.36E+00
   4     -109.1299208     -58.4988600     -50.6310608 0.38E+00 0.55E-01
   5     -108.8054670     -58.3682011     -50.4372659 0.57E-01 0.56E-01
   6     -108.8441454     -58.4435796     -50.4005658 0.40E-01 0.38E-01
   7     -109.0437991     -58.5706608     -50.4731383 0.65E-01 0.91E-02
   8     -109.0274301     -58.5412861     -50.4861440 0.13E-01 0.47E-02
   9     -108.9970607     -58.5208515     -50.4762092 0.89E-02 0.24E-02
  10     -108.9774014     -58.5130559     -50.4643455 0.31E-02 0.25E-02
  11     -108.9764761     -58.5162132     -50.4602629 0.16E-02 0.18E-02
  12     -108.9808897     -58.5204349     -50.4604548 0.21E-02 0.54E-03
  13     -108.9876737     -58.5241244     -50.4635493 0.18E-02 0.38E-03
  14     -108.9874236     -58.5231093     -50.4643143 0.51E-03 0.26E-03
  15     -108.9853087     -58.5217917     -50.4635169 0.73E-03 0.10E-03
  16     -108.9848255     -58.5217148     -50.4631107 0.73E-05 0.10E-03
  17     -108.9850151     -58.5219173     -50.4630978 0.13E-03 0.53E-04
  18     -108.9852579     -58.5220485     -50.4632094 0.77E-04 0.12E-04
  19     -108.9853552     -58.5220668     -50.4632884 0.15E-04 0.12E-04
  20     -108.9853446     -58.5220357     -50.4633089 0.12E-04 0.90E-05
  21     -108.9853068     -58.5220073     -50.4632995 0.13E-04 0.42E-05
  22     -108.9852825     -58.5219954     -50.4632870 0.57E-05 0.17E-05
  23     -108.9852768     -58.5219956     -50.4632812 0.39E-06 0.15E-05
  24     -108.9852799     -58.5219990     -50.4632809 0.11E-05 0.93E-06
  25     -108.9852834     -58.5220011     -50.4632823 0.73E-06 0.49E-06
  26     -108.9852848     -58.5220014     -50.4632834 0.57E-07 0.26E-06
  27     -108.9852847     -58.5220010     -50.4632837 0.23E-06 0.17E-06
  28     -108.9852843     -58.5220007     -50.4632836 0.20E-06 0.13E-06
  29     -108.9852840     -58.5220006     -50.4632834 0.87E-07 0.98E-07
  30     -108.9852839     -58.5220006     -50.4632833 0.50E-08 0.68E-07

   30 iterations: (units are Ry and bohr)
 Energy:    -108.98528392  Ebs:     -58.52200062  Ehxc:     -50.46328330
 Eh    :      54.23563688  Exc:     -13.35375039

   Orbital    Filling       Eigenvalues    Norm(rc->oo)      Peak
    |100>      2.000         -27.883375
    |200>      2.000          -1.031908      0.427998      1.021245
    |210>      3.400          -0.203364      0.432218      0.995035


 ===============Configuration 2 NL: Calc ===============
 ---------Eigenvalue guesses---------
 1s            -1.36397993
 2p            -0.52147894
 Performing non-local pseudopotential calculation
 Using the s potential as the local potential

 iter       Etot             Ebs             Ehxc       de_max   dv_max
   1      -21.9152582      -4.5009882     -17.4142700 0.00E+00 0.80E+00
   2      -19.9969816      -3.3441461     -16.6528354 0.40E+00 0.40E+01
   3      -19.5690005      -2.9177210     -16.6512795 0.25E+00 0.40E+01
   4      -19.3122508      -2.7195665     -16.5926843 0.15E+00 0.40E+01
   5      -19.3174972      -2.7368402     -16.5806570 0.15E-01 0.20E+01
   6      -19.3572388      -2.7632868     -16.5939520 0.23E-01 0.33E-02
   7      -19.3543695      -2.7578737     -16.5964958 0.46E-02 0.17E-02
   8      -19.3434533      -2.7511277     -16.5923256 0.58E-02 0.12E-02
   9      -19.3432311      -2.7523296     -16.5909015 0.11E-02 0.10E-02
  10      -19.3478293      -2.7555246     -16.5923047 0.28E-02 0.35E-03
  11      -19.3475529      -2.7550011     -16.5925517 0.45E-03 0.16E-03
  12      -19.3465704      -2.7543926     -16.5921778 0.53E-03 0.93E-04
  13      -19.3466243      -2.7545409     -16.5920834 0.13E-03 0.65E-04
  14      -19.3467672      -2.7546606     -16.5921066 0.10E-03 0.35E-04
  15      -19.3468617      -2.7547145     -16.5921473 0.47E-04 0.14E-04
  16      -19.3468907      -2.7547225     -16.5921682 0.72E-05 0.53E-05
  17      -19.3468860      -2.7547153     -16.5921708 0.62E-05 0.31E-05
  18      -19.3468758      -2.7547094     -16.5921664 0.51E-05 0.21E-05
  19      -19.3468707      -2.7547081     -16.5921626 0.10E-05 0.16E-05
  20      -19.3468705      -2.7547094     -16.5921611 0.11E-05 0.10E-05
  21      -19.3468721      -2.7547109     -16.5921612 0.13E-05 0.49E-06
  22      -19.3468734      -2.7547117     -16.5921617 0.69E-06 0.17E-06
  23      -19.3468739      -2.7547119     -16.5921620 0.16E-06 0.58E-07
  24      -19.3468739      -2.7547118     -16.5921621 0.65E-07 0.48E-07
  25      -19.3468737      -2.7547117     -16.5921620 0.82E-07 0.19E-07
  26      -19.3468737      -2.7547117     -16.5921620 0.27E-07 0.82E-08
  27      -19.3468737      -2.7547117     -16.5921620 0.62E-08 0.80E-08

   27 iterations: (units are Ry and bohr)
 Energy:     -19.34687365  Ebs:      -2.75471167  Ehxc:     -16.59216198
 Eh    :      17.96129451  Exc:      -4.66718514

   Orbital    Filling       Eigenvalues    Norm(rc->oo)      Peak
    |100>      2.000          -1.031285      0.428137      1.061861
    |210>      3.400          -0.203571      0.431632      0.956976

 ---Non-local ghost testing---
 Local state: 1s

 Test  state: 1s
 !WARNING! : schsl found a positive eigenvalue. n,l=:   2   0
 !WARNING! No solution for 1st excited state of local potential.  Setting e=0.0
 ...seems like this angular momentum is the local part!

 Test  state: 2p
 !WARNING! : schsl found a positive eigenvalue. n,l=:   2   1
 !WARNING! No solution for ground state of local potential.  Setting e=0.0
 !WARNING! : schsl found too few nodes   n,l=   3   1  e= -.7517E-08
 !WARNING! No solution for 1st excited state of local potential.  Setting e=0.0
 KB energy :  -7.778281  KB strength:   3.271958  KB cosine:  -0.420653
 el0       :   0.000000  el1        :   0.000000  eig      :  -0.203571
 No ghosts!  Ekb<0  and eig < el0
 ------------------------------

 No ghosts present for local potential

   ------------------------------------------------
   ================================================

 ======================================================================== 
 Begin KE convergence testing
 ======================================================================== 
 ----------------------------------------------------------------------
                     Kinetic energy convergence
      ==============================|100>==============================
      Ecut(Ry)  KE/electron(Ry)         KE error/electron (mRy,meV)
         6       1.075765361                72.852191     991.205053
        28       1.141588735                 7.028817      95.631969
        39       1.147921012                 0.696539       9.476906
        48       1.148548462                 0.069090       0.940015
      ==============================|210>==============================
      Ecut(Ry)  KE/electron(Ry)         KE error/electron (mRy,meV)
        25       3.108088180                69.831016     950.099850
        36       3.171391280                 6.527916      88.816861
        44       3.177278981                 0.640214       8.710563
        52       3.177847729                 0.071467       0.972356

 ======================================================================== 
 End KE convergence testing
 ======================================================================== 
<<<do_upf>>>
<<<do_rpt>>>
------------- closing opium session ------------
