
 ++++++++++++++++++++++++++++++++++++++++++++++++++++++++++++++++++++++++
           OPIUM  Version:        3.8                             
           =====================================            
 See http://opium.sourceforge.net for help and information                 
 Copyright 2009 : The OPIUM project                         

 Compile host     : vagvlan567.217.wlan.design.upenn.edu
 Compile OS       : Darwin 14.1.0 i386
 Compile date     : Wed Mar 18 18:57:27 EDT 2015

 Execution host   : vagvlan567.0951.wlan.wireless-pennnet.upenn.edu
 time of execution: Tue Oct 13 16:20:16 2015

 ++++++++++++++++++++++++++++++++++++++++++++++++++++++++++++++++++++++++
 Reading parameter file:  <li.param> ... 
 File prefix             : li 
 Element                 : Lithium    (Li) 
 Z                       : 3 
 
 Number of all-electron orbitals   : 3 
 Number of pseudo       orbitals   : 3 
 
 Pseudopotential is non-relativistic 
 Exchage-correlation functional is : Perdew, Burke, Ernzerhof GGA 
 GGA smoothed from 0 to 0.001000 bohr using switch to LDA 
 The p potential is used for the KB construction 
 Optimized (RRKJ) pseudopotential method will be used 

 nl    cutoff radii    q-max      # bessel functions
 1s       1.550        7.070              10 
 2p       1.600        7.070              10 
 2s       1.200        7.070              10 

 Reference Configuration: core  <-/-> valence 
 <-/-> 1s2  2p0  2s0 

 Grid definitions: 
 a_grid=1.00e-04    b_grid=1.30e-02    # points=1104 
 r(1)=6.93e-05      r(np)=1.17e+02    

 dEmax tolerance:  1.00e-08      dVmax tolerance:  1.00e-06     

 Box 1  0.0100765 --> 1.64618  height: -0.22 
 Starting calculation...

 ======================================================================== 
 Begin AE calculation
 ======================================================================== 
 Performing non-relativistic AE calculation...  
 ---------Eigenvalue guesses---------
 1s            -9.00000000
 2p            -0.56250000
 2s            -0.56250000

 iter       Etot             Ebs             Ehxc       de_max   dv_max
   1      -20.9130110     -14.6009907      -6.3120203 0.13E+01 0.20E+01
   2      -17.6552877     -11.6826259      -5.9726618 0.38E+00 0.10E+01
   3      -14.7385650      -9.0863007      -5.6522643 0.49E+00 0.20E-01
   4      -14.5177836      -8.8770407      -5.6407429 0.77E-01 0.51E-02
   5      -14.5093860      -8.8732032      -5.6361828 0.57E-02 0.21E-02
   6      -14.5114116      -8.8769316      -5.6344800 0.47E-03 0.12E-02
   7      -14.5126923      -8.8788402      -5.6338521 0.43E-03 0.30E-03
   8      -14.5132080      -8.8795893      -5.6336187 0.21E-03 0.14E-03
   9      -14.5132948      -8.8797732      -5.6335217 0.58E-04 0.13E-03
  10      -14.5133748      -8.8798897      -5.6334851 0.42E-04 0.96E-04
  11      -14.5134413      -8.8799669      -5.6334744 0.30E-04 0.62E-04
  12      -14.5134856      -8.8800122      -5.6334734 0.19E-04 0.37E-04
  13      -14.5135110      -8.8800360      -5.6334750 0.11E-04 0.21E-04
  14      -14.5135239      -8.8800473      -5.6334767 0.65E-05 0.12E-04
  15      -14.5135299      -8.8800521      -5.6334778 0.36E-05 0.65E-05
  16      -14.5135324      -8.8800539      -5.6334784 0.19E-05 0.36E-05
  17      -14.5135332      -8.8800545      -5.6334787 0.10E-05 0.19E-05
  18      -14.5135334      -8.8800546      -5.6334788 0.56E-06 0.11E-05
  19      -14.5135334      -8.8800545      -5.6334788 0.30E-06 0.59E-06
  20      -14.5135334      -8.8800545      -5.6334788 0.16E-06 0.33E-06
  21      -14.5135333      -8.8800545      -5.6334788 0.83E-07 0.18E-06
  22      -14.5135333      -8.8800545      -5.6334788 0.59E-07 0.10E-06
  23      -14.5135333      -8.8800545      -5.6334788 0.32E-07 0.57E-07
  24      -14.5135333      -8.8800545      -5.6334788 0.15E-07 0.32E-07
  25      -14.5135333      -8.8800545      -5.6334788 0.81E-08 0.17E-07

   25 iterations: (units are Ry and bohr)
 Energy:     -14.51353334  Ebs:      -8.88005454  Ehxc:      -5.63347880
 Eh    :       6.55725908  Exc:      -3.32224101

   Orbital    Filling       Eigenvalues    Norm(rc->oo)      Peak
    |100>      2.000          -4.440027      0.018377      0.359679
    |210>      0.000          -0.349088      0.892879      2.528068
    |200>      0.000          -0.499187      0.965579      2.528068

 ======================================================================== 
 End AE calculation
 ======================================================================== 

 ======================================================================== 
 Begin PS construction
 ======================================================================== 
 Optimized Pseudopotential Generation ...

 ==================
 zeff=   3.0000000000000000     
 Pseudizing state : |100>
 eigenvalue       : -4.440027
 qc               :  7.070000
 # bessel fxns    : 10
 point nearest rc :  771
 rc               :  1.550000
 actual rc        :  1.542579

 Psi(rc)          :     0.1661548643
 Slope at rc      :    -0.3942587739
 Curvature at rc  :     0.9558914065
 Del^2 Psi at rc  :     0.4447229844
 Log Deriv at rc  :    -2.3728391923

 Error in constraints
   1        -0.11184E-11
   2         0.11184E-11
   3        -0.15881E-08
   4         0.15881E-08
   5        -0.34039E-05
   6         0.34039E-05
   7         0.65733E-04
   8         0.65733E-04
   9         0.00000E+00
  10         0.34039E-05
 Bessel wavevectors and final coefficients
   1        1.5599113160        1.4093550899
   2        3.3621211891        1.7010031148
   3        5.2955573551        0.5613112052
   4        7.2788592704        0.0110245458
   5        9.2836991110        0.0036046390
   6       11.2994010805       -0.0029077730
   7       13.3212624547        0.0021806426
   8       15.3469299157       -0.0018446662
   9       17.3751057491        0.0016142465
  10       19.4050189167       -0.0015162311

 Total KE           (Ry) :     4.4524865991
 0  -> qc contribution   :     4.4524208658
 qc -> oo contribution   :     0.0000657332   (=Convergence term)
 Occupancy of this state :     2.0000000000
 Convergence term (Ry/e) :     0.0000657332
 Convergence error (mRy) :     0.1314664772
 Convergence error (meV) :     1.7887065960


 ==================
 zeff=   3.0000000000000000     
 Pseudizing state : |210>
 eigenvalue       : -0.349088
 qc               :  7.070000
 # bessel fxns    : 10
 point nearest rc :  774
 rc               :  1.600000
 actual rc        :  1.603928

 Psi(rc)          :     0.2774761530
 Slope at rc      :    -0.0606377818
 Curvature at rc  :    -0.0787703043
 Del^2 Psi at rc  :    -0.3700997203
 Log Deriv at rc  :    -0.2185333085

 Error in constraints
   1        -0.20708E-10
   2         0.20708E-10
   3        -0.20393E-11
   4         0.20393E-11
   5         0.26021E-05
   6        -0.26021E-05
   7         0.10465E-04
   8         0.10465E-04
   9         0.00000E+00
  10         0.26021E-05
 Bessel wavevectors and final coefficients
   1        1.4710720776        0.6980247148
   2        3.7425640889        0.1413589606
   3        5.7638576980        0.0307119405
   4        7.7516363386        0.0015116702
   5        9.7273189504       -0.0021418310
   6       11.6971917121       -0.0001325207
   7       13.6638111827       -0.0012577144
   8       15.6284210962        0.0003174697
   9       17.5917012430       -0.0011211887
  10       19.5540552197        0.0006880570

 Total KE           (Ry) :     0.5823992288
 0  -> qc contribution   :     0.5823887635
 qc -> oo contribution   :     0.0000104653   (=Convergence term)
 Occupancy of this state :     0.0000000000
 Convergence term (Ry/e) :     0.0000104653
 Convergence error (mRy) :     0.0000000000
 Convergence error (meV) :     0.0000000000

 ------------------------------
 Descreening potential
 valence charge          :   2.000000
 core    charge          :   0.000000

 ----Solving the Schrodinger equation for all states----
 State: 1s  AE eigenvalue =  -4.440027  PS eigenvalue =  -4.440027
 State: 2p  AE eigenvalue =  -0.349088  PS eigenvalue =  -0.349088

 ---Semilocal ghost testing---
 Local state: 1s

 Test  state: 2p
 KB energy :  -5.347284  KB strength:   0.598316  KB cosine:  -0.111892
 el0       :  -0.312084  el1        :  -0.126376  eig      :  -0.349088
 No ghosts!  Ekb<0  and eig < el0

 No ghosts for local potential: 1s
 ------------------------------

 Local state: 2p

 Test  state: 1s
 KB energy :  -5.012414  KB strength:   3.958673  KB cosine:  -0.789774
 el0       :  -2.125966  el1        :  -0.338010  eig      :  -4.440027
 No ghosts!  Ekb<0  and eig < el0

 No ghosts for local potential: 2p
 ------------------------------


 ======================================================================== 
 End PS construction
 ======================================================================== 

 ======================================================================== 
 Begin NL calculation
 ======================================================================== 
 ---------Eigenvalue guesses---------
 1s            -4.44002727
 2p            -0.34908784
 2s            -0.49918672
 Performing non-local pseudopotential calculation
 Using the p potential as the local potential

 --Augmentation operator info--
 Number of functions:   1
 # 1 range(a.u.):   0.009946 ----->  1.624915   size(Ry): -0.220000
 WARNING!: One or more functions extend beyond the MAXIMUM cutoff radius
 ------------------------------

 iter       Etot             Ebs             Ehxc       de_max   dv_max
   1      -13.6232597      -8.8800545      -4.7432052 0.17E-02 0.40E-07
   2      -13.6232597      -8.8800546      -4.7432052 0.33E-08 0.23E-07

    2 iterations: (units are Ry and bohr)
 Energy:     -13.62325972  Ebs:      -8.88005455  Ehxc:      -4.74320517
 Eh    :       5.54045294  Exc:      -2.78367909

   Orbital    Filling       Eigenvalues    Norm(rc->oo)      Peak
    |100>      2.000          -4.440027      0.018377      0.538190
    |210>      0.000          -0.349088      0.892877      2.528068
    |200>      0.000          -0.498334      0.970309      2.528068

 ---Non-local ghost testing---
 Local state: 2p

 Test  state: 1s
 KB energy :  -4.930044  KB strength:   3.787246  KB cosine:  -0.768197
 el0       :  -2.319156  el1        :  -0.346195  eig      :  -4.440027
 No ghosts!  Ekb<0  and eig < el0

 Test  state: 2p
 KB energy :   0.220000  KB strength:   0.075419  KB cosine:   0.342814
 el0       :  -0.378933  el1        :  -0.138996  eig      :  -0.349088
 No ghosts!  Ekb>0  and el0 < eig < el1

 Test  state: 2s
 KB energy :  -4.930044  KB strength:   3.787246  KB cosine:  -0.768197
 el0       :  -0.346195  el1        :  -0.135458  eig      :  -0.498334
 No ghosts!  Ekb<0  and eig < el0
 ------------------------------

 No ghosts present for designed local pot


 ======================================================================== 
 End NL calculation
 ======================================================================== 
<<<do_tc>>>


 ===============Configuration 1 AE Calc=============== 
 ---------Eigenvalue guesses---------
 1s            -9.00000000
 2p            -0.56250000
 2s            -0.56250000

 iter       Etot             Ebs             Ehxc       de_max   dv_max
   1      -18.1953784     -10.5118433      -7.6835351 0.46E+00 0.20E+01
   2      -16.3631138      -9.0169269      -7.3461869 0.40E+00 0.10E+01
   3      -14.9800739      -7.8956793      -7.0843946 0.52E+00 0.16E+00
   4      -14.8907052      -7.8162244      -7.0744808 0.96E-01 0.63E-01
   5      -14.8986116      -7.8270574      -7.0715542 0.26E-02 0.84E-02
   6      -14.9013213      -7.8308139      -7.0705074 0.25E-02 0.70E-02
   7      -14.9022418      -7.8321530      -7.0700888 0.11E-02 0.21E-02
   8      -14.9024916      -7.8326149      -7.0698767 0.39E-03 0.11E-02
   9      -14.9025412      -7.8327739      -7.0697673 0.71E-04 0.12E-02
  10      -14.9026045      -7.8328952      -7.0697093 0.74E-04 0.95E-03
  11      -14.9026689      -7.8329890      -7.0696799 0.86E-04 0.28E-03
  12      -14.9027122      -7.8330501      -7.0696622 0.56E-04 0.15E-03
  13      -14.9027405      -7.8330897      -7.0696509 0.41E-04 0.14E-03
  14      -14.9027591      -7.8331156      -7.0696435 0.31E-04 0.12E-03
  15      -14.9027711      -7.8331324      -7.0696387 0.22E-04 0.85E-04
  16      -14.9027789      -7.8331434      -7.0696356 0.16E-04 0.59E-04
  17      -14.9027840      -7.8331505      -7.0696335 0.11E-04 0.40E-04
  18      -14.9027873      -7.8331552      -7.0696321 0.71E-05 0.27E-04
  19      -14.9027895      -7.8331583      -7.0696312 0.47E-05 0.18E-04
  20      -14.9027909      -7.8331603      -7.0696306 0.31E-05 0.12E-04
  21      -14.9027918      -7.8331616      -7.0696303 0.20E-05 0.79E-05
  22      -14.9027925      -7.8331625      -7.0696300 0.13E-05 0.52E-05
  23      -14.9027929      -7.8331630      -7.0696299 0.83E-06 0.34E-05
  24      -14.9027931      -7.8331634      -7.0696298 0.53E-06 0.23E-05
  25      -14.9027933      -7.8331636      -7.0696297 0.34E-06 0.15E-05
  26      -14.9027934      -7.8331637      -7.0696296 0.22E-06 0.98E-06
  27      -14.9027934      -7.8331638      -7.0696296 0.13E-06 0.65E-06
  28      -14.9027936      -7.8331640      -7.0696296 0.10E-06 0.42E-06
  29      -14.9027936      -7.8331640      -7.0696296 0.56E-07 0.28E-06
  30      -14.9027936      -7.8331640      -7.0696296 0.37E-07 0.18E-06
  31      -14.9027936      -7.8331640      -7.0696296 0.24E-07 0.12E-06
  32      -14.9027936      -7.8331640      -7.0696296 0.15E-07 0.78E-07
  33      -14.9027936      -7.8331641      -7.0696296 0.10E-07 0.51E-07
  34      -14.9027936      -7.8331641      -7.0696296 0.66E-08 0.34E-07

   34 iterations: (units are Ry and bohr)
 Energy:     -14.90279363  Ebs:      -7.83316406  Ehxc:      -7.06962957
 Eh    :       8.06333272  Exc:      -3.57350509

   Orbital    Filling       Eigenvalues    Norm(rc->oo)      Peak
    |100>      2.000          -3.810966      0.019282      0.359679
    |210>      0.000          -0.080125      0.967220      3.832263
    |200>      1.000          -0.211233      0.981896      3.153319


 ===============Configuration 1 NL: Calc ===============
 ---------Eigenvalue guesses---------
 1s            -4.44002727
 2p            -0.34908784
 2s            -0.49918672
 Performing non-local pseudopotential calculation
 Using the p potential as the local potential

 --Augmentation operator info--
 Number of functions:   1
 # 1 range(a.u.):   0.009946 ----->  1.624915   size(Ry): -0.220000
 WARNING!: One or more functions extend beyond the MAXIMUM cutoff radius
 ------------------------------

 iter       Etot             Ebs             Ehxc       de_max   dv_max
   1      -15.8644489      -9.3783887      -6.4860602 0.17E-02 0.20E+01
   2      -14.8652653      -8.5390996      -6.3261657 0.43E+00 0.10E+01
   3      -14.0488857      -7.8707161      -6.1781696 0.57E+00 0.14E+00
   4      -14.0025038      -7.8313429      -6.1711609 0.85E-01 0.46E-01
   5      -14.0086593      -7.8408184      -6.1678409 0.14E-01 0.89E-02
   6      -14.0110402      -7.8447868      -6.1662534 0.64E-02 0.58E-02
   7      -14.0121117      -7.8466430      -6.1654686 0.32E-02 0.27E-02
   8      -14.0125679      -7.8475083      -6.1650596 0.14E-02 0.15E-02
   9      -14.0126337      -7.8477881      -6.1648456 0.39E-03 0.16E-02
  10      -14.0127412      -7.8480095      -6.1647317 0.31E-03 0.13E-02
  11      -14.0128660      -7.8481975      -6.1646685 0.41E-03 0.29E-03
  12      -14.0129465      -7.8483143      -6.1646322 0.16E-03 0.20E-03
  13      -14.0129990      -7.8483871      -6.1646119 0.54E-04 0.16E-03
  14      -14.0130328      -7.8484334      -6.1645995 0.35E-04 0.13E-03
  15      -14.0130547      -7.8484631      -6.1645917 0.27E-04 0.10E-03
  16      -14.0130688      -7.8484821      -6.1645867 0.21E-04 0.71E-04
  17      -14.0130778      -7.8484943      -6.1645835 0.15E-04 0.49E-04
  18      -14.0130835      -7.8485020      -6.1645815 0.10E-04 0.34E-04
  19      -14.0130872      -7.8485070      -6.1645802 0.69E-05 0.23E-04
  20      -14.0130895      -7.8485102      -6.1645793 0.46E-05 0.16E-04
  21      -14.0130910      -7.8485122      -6.1645788 0.30E-05 0.10E-04
  22      -14.0130920      -7.8485135      -6.1645785 0.20E-05 0.68E-05
  23      -14.0130926      -7.8485144      -6.1645782 0.13E-05 0.46E-05
  24      -14.0130930      -7.8485149      -6.1645781 0.82E-06 0.30E-05
  25      -14.0130932      -7.8485152      -6.1645780 0.53E-06 0.20E-05
  26      -14.0130934      -7.8485155      -6.1645779 0.34E-06 0.13E-05
  27      -14.0130935      -7.8485156      -6.1645779 0.22E-06 0.85E-06
  28      -14.0130935      -7.8485157      -6.1645779 0.13E-06 0.55E-06
  29      -14.0130936      -7.8485157      -6.1645779 0.10E-06 0.36E-06
  30      -14.0130936      -7.8485158      -6.1645778 0.57E-07 0.30E-06
  31      -14.0130936      -7.8485159      -6.1645778 0.39E-07 0.23E-06
  32      -14.0130937      -7.8485159      -6.1645778 0.26E-07 0.16E-06
  33      -14.0130937      -7.8485159      -6.1645778 0.16E-07 0.10E-06
  34      -14.0130937      -7.8485159      -6.1645778 0.10E-07 0.66E-07

   34 iterations: (units are Ry and bohr)
 Energy:     -14.01309370  Ebs:      -7.84851594  Ehxc:      -6.16457776
 Eh    :       7.03027068  Exc:      -3.02981973

   Orbital    Filling       Eigenvalues    Norm(rc->oo)      Peak
    |100>      2.000          -3.818291      0.019192      0.538190
    |210>      0.000          -0.080065      0.967148      3.832263
    |200>      1.000          -0.211934      0.983831      3.112591

 ---Non-local ghost testing---
 Local state: 2p

 Test  state: 1s
 KB energy :  -4.930044  KB strength:   3.787246  KB cosine:  -0.768197
 el0       :  -1.722402  el1        :  -0.125560  eig      :  -3.818291
 No ghosts!  Ekb<0  and eig < el0

 Test  state: 2p
 !WARNING! : schsl found a positive eigenvalue. n,l=:   3   1
 !WARNING! No solution for 1st excited state of local potential.  Setting e=0.0
 KB energy :   0.220000  KB strength:   0.075419  KB cosine:   0.342814
 el0       :  -0.089566  el1        :   0.000000  eig      :  -0.080065
 No ghosts!  Ekb>0  and el0 < eig < el1

 Test  state: 2s
 !WARNING! : schsl found a positive eigenvalue. n,l=:   3   0
 !WARNING! No solution for 1st excited state of local potential.  Setting e=0.0
 KB energy :  -4.930044  KB strength:   3.787246  KB cosine:  -0.768197
 el0       :  -0.125560  el1        :   0.000000  eig      :  -0.211934
 No ghosts!  Ekb<0  and eig < el0
 ------------------------------

 No ghosts present for designed local pot



 ===============Configuration 2 AE Calc=============== 
 ---------Eigenvalue guesses---------
 1s            -9.00000000
 2p            -0.56250000
 2s            -0.56250000

 iter       Etot             Ebs             Ehxc       de_max   dv_max
   1      -19.9680227     -12.8246429      -7.1433798 0.53E+00 0.20E+01
   2      -17.1852715     -10.4456150      -6.7396565 0.36E+00 0.10E+01
   3      -14.8945489      -8.5098937      -6.3846552 0.42E+00 0.21E+00
   4      -14.7407269      -8.3703930      -6.3703339 0.58E-01 0.60E-01
   5      -14.7453327      -8.3807021      -6.3646306 0.23E-02 0.17E-01
   6      -14.7490955      -8.3868502      -6.3622453 0.22E-02 0.14E-01
   7      -14.7508214      -8.3896543      -6.3611671 0.15E-02 0.44E-02
   8      -14.7515699      -8.3909107      -6.3606591 0.70E-03 0.19E-02
   9      -14.7516831      -8.3912718      -6.3604113 0.20E-03 0.19E-02
  10      -14.7518270      -8.3915377      -6.3602893 0.16E-03 0.15E-02
  11      -14.7519622      -8.3917422      -6.3602200 0.18E-03 0.37E-03
  12      -14.7520599      -8.3918757      -6.3601843 0.71E-04 0.23E-03
  13      -14.7521277      -8.3919602      -6.3601674 0.34E-04 0.19E-03
  14      -14.7521707      -8.3920117      -6.3601590 0.23E-04 0.14E-03
  15      -14.7521964      -8.3920422      -6.3601542 0.16E-04 0.11E-03
  16      -14.7522113      -8.3920601      -6.3601512 0.10E-04 0.78E-04
  17      -14.7522198      -8.3920706      -6.3601492 0.67E-05 0.55E-04
  18      -14.7522247      -8.3920769      -6.3601478 0.43E-05 0.37E-04
  19      -14.7522277      -8.3920808      -6.3601469 0.28E-05 0.25E-04
  20      -14.7522295      -8.3920833      -6.3601462 0.18E-05 0.17E-04
  21      -14.7522306      -8.3920848      -6.3601458 0.11E-05 0.11E-04
  22      -14.7522313      -8.3920858      -6.3601455 0.73E-06 0.75E-05
  23      -14.7522318      -8.3920865      -6.3601453 0.47E-06 0.49E-05
  24      -14.7522321      -8.3920869      -6.3601452 0.31E-06 0.33E-05
  25      -14.7522323      -8.3920871      -6.3601451 0.20E-06 0.22E-05
  26      -14.7522324      -8.3920873      -6.3601451 0.12E-06 0.15E-05
  27      -14.7522325      -8.3920874      -6.3601451 0.91E-07 0.97E-06
  28      -14.7522325      -8.3920875      -6.3601450 0.51E-07 0.64E-06
  29      -14.7522326      -8.3920875      -6.3601450 0.33E-07 0.42E-06
  30      -14.7522326      -8.3920876      -6.3601450 0.22E-07 0.28E-06
  31      -14.7522326      -8.3920876      -6.3601450 0.17E-07 0.19E-06
  32      -14.7522326      -8.3920876      -6.3601450 0.96E-08 0.12E-06

   32 iterations: (units are Ry and bohr)
 Energy:     -14.75223261  Ebs:      -8.39208761  Ehxc:      -6.36014500
 Eh    :       7.31663429  Exc:      -3.44419906

   Orbital    Filling       Eigenvalues    Norm(rc->oo)      Peak
    |100>      2.000          -4.097879      0.019080      0.359679
    |210>      0.000          -0.245821      0.941737      3.236380
    |200>      0.500          -0.392658      0.976265      2.916708


 ===============Configuration 2 NL: Calc ===============
 ---------Eigenvalue guesses---------
 1s            -4.44002727
 2p            -0.34908784
 2s            -0.49918672
 Performing non-local pseudopotential calculation
 Using the p potential as the local potential

 --Augmentation operator info--
 Number of functions:   1
 # 1 range(a.u.):   0.009946 ----->  1.624915   size(Ry): -0.220000
 WARNING!: One or more functions extend beyond the MAXIMUM cutoff radius
 ------------------------------

 iter       Etot             Ebs             Ehxc       de_max   dv_max
   1      -14.6798326      -9.1292216      -5.5506110 0.17E-02 0.10E+01
   2      -14.2661933      -8.7600919      -5.5061014 0.16E+00 0.50E+00
   3      -13.8930425      -8.4281069      -5.4649356 0.15E+00 0.50E-01
   4      -13.8614341      -8.3991237      -5.4623104 0.15E-01 0.20E-01
   5      -13.8605784      -8.3997426      -5.4608358 0.45E-02 0.41E-02
   6      -13.8612142      -8.4011341      -5.4600800 0.14E-02 0.25E-02
   7      -13.8616373      -8.4019463      -5.4596910 0.65E-03 0.20E-02
   8      -13.8617925      -8.4023134      -5.4594791 0.29E-03 0.81E-03
   9      -13.8618646      -8.4024897      -5.4593749 0.93E-04 0.84E-03
  10      -13.8619468      -8.4026238      -5.4593231 0.74E-04 0.67E-03
  11      -13.8620188      -8.4027232      -5.4592955 0.89E-04 0.35E-03
  12      -13.8620670      -8.4027860      -5.4592810 0.43E-04 0.19E-03
  13      -13.8620965      -8.4028237      -5.4592728 0.17E-04 0.13E-03
  14      -13.8621146      -8.4028468      -5.4592678 0.11E-04 0.86E-04
  15      -13.8621256      -8.4028609      -5.4592646 0.77E-05 0.63E-04
  16      -13.8621322      -8.4028697      -5.4592625 0.54E-05 0.44E-04
  17      -13.8621364      -8.4028752      -5.4592612 0.37E-05 0.30E-04
  18      -13.8621389      -8.4028787      -5.4592602 0.25E-05 0.20E-04
  19      -13.8621405      -8.4028809      -5.4592596 0.17E-05 0.14E-04
  20      -13.8621415      -8.4028823      -5.4592592 0.11E-05 0.93E-05
  21      -13.8621422      -8.4028833      -5.4592589 0.72E-06 0.63E-05
  22      -13.8621426      -8.4028839      -5.4592588 0.47E-06 0.42E-05
  23      -13.8621429      -8.4028843      -5.4592587 0.31E-06 0.28E-05
  24      -13.8621431      -8.4028845      -5.4592586 0.20E-06 0.19E-05
  25      -13.8621432      -8.4028846      -5.4592586 0.12E-06 0.12E-05
  26      -13.8621433      -8.4028848      -5.4592585 0.92E-07 0.88E-06
  27      -13.8621434      -8.4028849      -5.4592584 0.53E-07 0.61E-06
  28      -13.8621434      -8.4028850      -5.4592584 0.35E-07 0.41E-06
  29      -13.8621434      -8.4028850      -5.4592584 0.23E-07 0.27E-06
  30      -13.8621434      -8.4028850      -5.4592584 0.15E-07 0.18E-06
  31      -13.8621435      -8.4028851      -5.4592584 0.98E-08 0.12E-06

   31 iterations: (units are Ry and bohr)
 Energy:     -13.86214346  Ebs:      -8.40288506  Ehxc:      -5.45925841
 Eh    :       6.28819528  Exc:      -2.90206501

   Orbital    Filling       Eigenvalues    Norm(rc->oo)      Peak
    |100>      2.000          -4.103088      0.019025      0.538190
    |210>      0.000          -0.246087      0.941626      3.236380
    |200>      0.500          -0.393417      0.979025      2.916708

 ---Non-local ghost testing---
 Local state: 2p

 Test  state: 1s
 KB energy :  -4.930044  KB strength:   3.787246  KB cosine:  -0.768197
 el0       :  -2.001161  el1        :  -0.278906  eig      :  -4.103088
 No ghosts!  Ekb<0  and eig < el0

 Test  state: 2p
 KB energy :   0.220000  KB strength:   0.075419  KB cosine:   0.342814
 el0       :  -0.262599  el1        :  -0.062179  eig      :  -0.246087
 No ghosts!  Ekb>0  and el0 < eig < el1

 Test  state: 2s
 KB energy :  -4.930044  KB strength:   3.787246  KB cosine:  -0.768197
 el0       :  -0.278906  el1        :  -0.066755  eig      :  -0.393417
 No ghosts!  Ekb<0  and eig < el0
 ------------------------------

 No ghosts present for designed local pot



 ===============Configuration 3 AE Calc=============== 
 ---------Eigenvalue guesses---------
 1s            -9.00000000
 2p            -0.56250000
 2s            -0.56250000

 iter       Etot             Ebs             Ehxc       de_max   dv_max
   1      -20.9130110     -14.6009907      -6.3120203 0.13E+01 0.20E+01
   2      -17.6552877     -11.6826259      -5.9726618 0.38E+00 0.10E+01
   3      -14.7385650      -9.0863007      -5.6522643 0.49E+00 0.20E-01
   4      -14.5177836      -8.8770407      -5.6407429 0.77E-01 0.51E-02
   5      -14.5093860      -8.8732032      -5.6361828 0.57E-02 0.21E-02
   6      -14.5114116      -8.8769316      -5.6344800 0.47E-03 0.12E-02
   7      -14.5126923      -8.8788402      -5.6338521 0.43E-03 0.30E-03
   8      -14.5132080      -8.8795893      -5.6336187 0.21E-03 0.14E-03
   9      -14.5132948      -8.8797732      -5.6335217 0.58E-04 0.13E-03
  10      -14.5133748      -8.8798897      -5.6334851 0.42E-04 0.96E-04
  11      -14.5134413      -8.8799669      -5.6334744 0.30E-04 0.62E-04
  12      -14.5134856      -8.8800122      -5.6334734 0.19E-04 0.37E-04
  13      -14.5135110      -8.8800360      -5.6334750 0.11E-04 0.21E-04
  14      -14.5135239      -8.8800473      -5.6334767 0.65E-05 0.12E-04
  15      -14.5135299      -8.8800521      -5.6334778 0.36E-05 0.65E-05
  16      -14.5135324      -8.8800539      -5.6334784 0.19E-05 0.36E-05
  17      -14.5135332      -8.8800545      -5.6334787 0.10E-05 0.19E-05
  18      -14.5135334      -8.8800546      -5.6334788 0.56E-06 0.11E-05
  19      -14.5135334      -8.8800545      -5.6334788 0.30E-06 0.59E-06
  20      -14.5135334      -8.8800545      -5.6334788 0.16E-06 0.33E-06
  21      -14.5135333      -8.8800545      -5.6334788 0.83E-07 0.18E-06
  22      -14.5135333      -8.8800545      -5.6334788 0.59E-07 0.10E-06
  23      -14.5135333      -8.8800545      -5.6334788 0.32E-07 0.57E-07
  24      -14.5135333      -8.8800545      -5.6334788 0.15E-07 0.32E-07
  25      -14.5135333      -8.8800545      -5.6334788 0.81E-08 0.17E-07

   25 iterations: (units are Ry and bohr)
 Energy:     -14.51353334  Ebs:      -8.88005454  Ehxc:      -5.63347880
 Eh    :       6.55725908  Exc:      -3.32224101

   Orbital    Filling       Eigenvalues    Norm(rc->oo)      Peak
    |100>      2.000          -4.440027      0.018377      0.359679
    |210>      0.000          -0.349088      0.892879      2.528068
    |200>      0.000          -0.499187      0.965579      2.528068


 ===============Configuration 3 NL: Calc ===============
 ---------Eigenvalue guesses---------
 1s            -4.44002727
 2p            -0.34908784
 2s            -0.49918672
 Performing non-local pseudopotential calculation
 Using the p potential as the local potential

 --Augmentation operator info--
 Number of functions:   1
 # 1 range(a.u.):   0.009946 ----->  1.624915   size(Ry): -0.220000
 WARNING!: One or more functions extend beyond the MAXIMUM cutoff radius
 ------------------------------

 iter       Etot             Ebs             Ehxc       de_max   dv_max
   1      -13.6232597      -8.8800545      -4.7432052 0.17E-02 0.40E-07
   2      -13.6232597      -8.8800546      -4.7432052 0.33E-08 0.23E-07

    2 iterations: (units are Ry and bohr)
 Energy:     -13.62325972  Ebs:      -8.88005455  Ehxc:      -4.74320517
 Eh    :       5.54045294  Exc:      -2.78367909

   Orbital    Filling       Eigenvalues    Norm(rc->oo)      Peak
    |100>      2.000          -4.440027      0.018377      0.538190
    |210>      0.000          -0.349088      0.892877      2.528068
    |200>      0.000          -0.498334      0.970309      2.528068

 ---Non-local ghost testing---
 Local state: 2p

 Test  state: 1s
 KB energy :  -4.930044  KB strength:   3.787246  KB cosine:  -0.768197
 el0       :  -2.319156  el1        :  -0.346195  eig      :  -4.440027
 No ghosts!  Ekb<0  and eig < el0

 Test  state: 2p
 KB energy :   0.220000  KB strength:   0.075419  KB cosine:   0.342814
 el0       :  -0.378933  el1        :  -0.138996  eig      :  -0.349088
 No ghosts!  Ekb>0  and el0 < eig < el1

 Test  state: 2s
 KB energy :  -4.930044  KB strength:   3.787246  KB cosine:  -0.768197
 el0       :  -0.346195  el1        :  -0.135458  eig      :  -0.498334
 No ghosts!  Ekb<0  and eig < el0
 ------------------------------

 No ghosts present for designed local pot

   ------------------------------------------------
   ================================================

 ======================================================================== 
 Begin KE convergence testing
 ======================================================================== 
 ----------------------------------------------------------------------
                     Kinetic energy convergence
      ==============================|100>==============================
      Ecut(Ry)  KE/electron(Ry)         KE error/electron (mRy,meV)
        27       4.380663002                71.837778     977.403257
        36       4.445156806                 7.343974      99.919904
        44       4.451840477                 0.660303       8.983886
        50       4.452433226                 0.067554       0.919119
      ==============================|210>==============================
      Ecut(Ry)  KE/electron(Ry)         KE error/electron (mRy,meV)
         3       0.510572489                71.827001     977.256621
        11       0.575104988                 7.294502      99.246810
        26       0.581668451                 0.731039       9.946296
        40       0.582332207                 0.067283       0.915434
      ==============================|200>==============================
      Ecut(Ry)  KE/electron(Ry)         KE error/electron (mRy,meV)
        27       4.380663002                71.837778     977.403257
        36       4.445156806                 7.343974      99.919904
        44       4.451840477                 0.660303       8.983886
        50       4.452433226                 0.067554       0.919119

 ======================================================================== 
 End KE convergence testing
 ======================================================================== 
<<<do_rpt>>>
<<<do_upf>>>
------------- closing opium session ------------
