
 ++++++++++++++++++++++++++++++++++++++++++++++++++++++++++++++++++++++++
           OPIUM  Version:        3.8                             
           =====================================            
 See http://opium.sourceforge.net for help and information                 
 Copyright 2009 : The OPIUM project                         

 Compile host     : vagvlan567.217.wlan.design.upenn.edu
 Compile OS       : Darwin 14.1.0 i386
 Compile date     : Wed Mar 18 18:57:27 EDT 2015

 Execution host   : vagvlan567.0951.wlan.wireless-pennnet.upenn.edu
 time of execution: Tue Oct 13 18:11:37 2015

 ++++++++++++++++++++++++++++++++++++++++++++++++++++++++++++++++++++++++
 Reading parameter file:  <p.param> ... 
 File prefix             : p 
 Element                 : Phosphorus (P) 
 Z                       : 15 
 
 Number of all-electron orbitals   : 7 
 Number of pseudo       orbitals   : 4 
 
 Pseudopotential is non-relativistic 
 Exchage-correlation functional is : Perdew, Burke, Ernzerhof GGA 
 GGA smoothed from 0 to 0.001000 bohr using switch to LDA 
 The s potential is used for the KB construction 
 Optimized (RRKJ) pseudopotential method will be used 

 nl    cutoff radii    q-max      # bessel functions
 3s       1.630        7.070              10 
 3p       1.630        7.070              10 
 3d       1.820        7.070              10 
 4s       1.620        7.070              10 

 Reference Configuration: core  <-/-> valence 
 1s2  2s2  2p6  <-/-> 3s2  3p0  3d0  4s0 

 Grid definitions: 
 a_grid=1.00e-04    b_grid=1.30e-02    # points=1146 
 r(1)=4.05e-05      r(np)=1.18e+02    

 dEmax tolerance:  1.00e-08      dVmax tolerance:  1.00e-06     

 Starting calculation...

 ======================================================================== 
 Begin AE calculation
 ======================================================================== 
 Performing non-relativistic AE calculation...  
 ---------Eigenvalue guesses---------
 1s           -13.00000000
 2s            -1.40000000
 2p            -0.40000000
 3s            -0.10000000
 3p           -13.00000000
 3d            -2.77777778
 4s            -0.87890625

 iter       Etot             Ebs             Ehxc       de_max   dv_max
   1     -838.3881346    -538.9195186    -299.4686159 0.52E+02 0.48E+01
   2     -739.2291885    -465.1488919    -274.0802966 0.32E+00 0.17E+01
   3     -677.8468948    -421.1904585    -256.6564364 0.22E+00 0.18E+00
   4     -676.3100236    -419.8572584    -256.4527652 0.14E-01 0.63E-01
   5     -677.8908667    -421.1837919    -256.7070748 0.94E-02 0.89E-02
   6     -677.9370282    -421.1190646    -256.8179636 0.38E-03 0.50E-02
   7     -677.8184153    -420.9812038    -256.8372115 0.90E-03 0.15E-02
   8     -677.7877888    -420.9499086    -256.8378802 0.21E-03 0.79E-03
   9     -677.7834585    -420.9465287    -256.8369298 0.37E-04 0.63E-03
  10     -677.7826160    -420.9465473    -256.8360688 0.49E-04 0.36E-03
  11     -677.7825991    -420.9470880    -256.8355111 0.28E-04 0.23E-03
  12     -677.7828537    -420.9476400    -256.8352137 0.12E-04 0.12E-03
  13     -677.7831485    -420.9480703    -256.8350782 0.67E-05 0.71E-04
  14     -677.7833930    -420.9483663    -256.8350267 0.41E-05 0.42E-04
  15     -677.7835558    -420.9485436    -256.8350121 0.25E-05 0.24E-04
  16     -677.7836498    -420.9486391    -256.8350107 0.14E-05 0.14E-04
  17     -677.7837051    -420.9486927    -256.8350124 0.78E-06 0.79E-05
  18     -677.7837303    -420.9487166    -256.8350137 0.42E-06 0.45E-05
  19     -677.7837414    -420.9487269    -256.8350145 0.22E-06 0.28E-05
  20     -677.7837474    -420.9487330    -256.8350144 0.12E-06 0.17E-05
  21     -677.7837497    -420.9487354    -256.8350143 0.57E-07 0.11E-05
  22     -677.7837507    -420.9487367    -256.8350140 0.31E-07 0.64E-06
  23     -677.7837513    -420.9487375    -256.8350138 0.29E-07 0.39E-06
  24     -677.7837517    -420.9487380    -256.8350137 0.10E-07 0.23E-06
  25     -677.7837519    -420.9487383    -256.8350136 0.60E-08 0.14E-06

   25 iterations: (units are Ry and bohr)
 Energy:    -677.78375195  Ebs:    -420.94873831  Ehxc:    -256.83501364
 Eh    :     269.60719902  Exc:     -43.92092985

   Orbital    Filling       Eigenvalues    Norm(rc->oo)      Peak
    |100>      2.000        -155.642196
    |200>      2.000         -15.541203
    |210>      6.000         -11.982188
    |300>      2.000          -3.344406      0.501266      1.478423
    |310>      0.000          -2.598657      0.598479      1.598357
    |320>      0.000          -1.606422      0.637430      1.844072
    |400>      0.000          -1.292173      0.901089      3.532395

 ======================================================================== 
 End AE calculation
 ======================================================================== 

 ======================================================================== 
 Begin PS construction
 ======================================================================== 
 Optimized Pseudopotential Generation ...

 ==================
 zeff=   5.0000000000000000     
 Pseudizing state : |300>
 eigenvalue       : -3.344406
 qc               :  7.070000
 # bessel fxns    : 10
 point nearest rc :  817
 rc               :  1.630000
 actual rc        :  1.640459

 Psi(rc)          :     0.5141989884
 Slope at rc      :    -0.4590146294
 Curvature at rc  :    -0.1642192382
 Del^2 Psi at rc  :    -0.7238364696
 Log Deriv at rc  :    -0.8926789818

 Starting KE minimization...
  step #    theta       slope       curv       KEresid    coeffsum
     1    0.002598   -0.552158  106.254280    0.000051    0.102905
     2   -0.000719    0.067234   46.735002    0.000027    0.115411
     3   -0.000302    0.034946   57.867353    0.000022    0.115178
     4   -0.000200    0.012359   30.910330    0.000021    0.114347
    11   -0.000004    0.000839  102.334759    0.000017    0.117848

 # steps:    11
 Final KE error:    0.0000172489
 Sum of coeffs :    0.1178481313
 ---------------------------------------------------------------
 Coeff:      0.801959 -0.538844 -0.164333  0.023067 -0.008257  0.004908 -0.003526  0.002930 -0.002689  0.002634
 ---------------------------------------------------------------
 Resid KE (Ry)     :        0.0000172489
 Norm error        :     0.888E-15
 Continuity error  :    -0.111E-15
 Curvature error   :     0.377E-14
 ---------------------------------------------------------------
 Bessel wavevectors and final coefficients
   1        1.1097858117        0.8019585928
   2        2.9312930332       -0.5388441814
   3        4.8234090679       -0.1643331546
   4        6.7283744685        0.0230665635
   5        8.6377818692       -0.0082569466
   6       10.5492341327        0.0049079334
   7       12.4617940823       -0.0035259301
   8       14.3750208508        0.0029298935
   9       16.2886799696       -0.0026887963
  10       18.2026353042        0.0026341570

 Total KE           (Ry) :     0.9549667650
 0  -> qc contribution   :     0.9549495162
 qc -> oo contribution   :     0.0000172489   (=Convergence term)
 Occupancy of this state :     2.0000000000
 Convergence term (Ry/e) :     0.0000172489
 Convergence error (mRy) :     0.0344977891
 Convergence error (meV) :     0.4693700189


 ==================
 zeff=   5.0000000000000000     
 Pseudizing state : |310>
 eigenvalue       : -2.598657
 qc               :  7.070000
 # bessel fxns    : 10
 point nearest rc :  817
 rc               :  1.630000
 actual rc        :  1.640459

 Psi(rc)          :     0.4887816259
 Slope at rc      :    -0.3250418060
 Curvature at rc  :    -0.2930262966
 Del^2 Psi at rc  :    -1.0525647632
 Log Deriv at rc  :    -0.6650041426

 Starting KE minimization...
  step #    theta       slope       curv       KEresid    coeffsum
     1    0.002113   -0.371481   87.891368    0.000175    1.224663
     2   -0.001070    0.100954   47.173839    0.000121    1.241951
     3   -0.002018    0.073448   18.195579    0.000047    1.256752
     4   -0.000638    0.050803   39.820863    0.000031    1.252590

 # steps:     6
 Final KE error:    0.0000060005
 Sum of coeffs :    1.2486155109
 ---------------------------------------------------------------
 Coeff:      1.309215  0.006862 -0.071491  0.008735 -0.004380  0.001436 -0.002581  0.001065 -0.000850  0.000605
 ---------------------------------------------------------------
 Resid KE (Ry)     :        0.0000060005
 Norm error        :     0.111E-15
 Continuity error  :     0.444E-15
 Curvature error   :    -0.111E-13
 ---------------------------------------------------------------
 Bessel wavevectors and final coefficients
   1        1.6994276790        1.3092153092
   2        3.7382354242        0.0068622801
   3        5.6853546561       -0.0714911969
   4        7.6157385110        0.0087346310
   5        9.5398426759       -0.0043802800
   6       11.4608859731        0.0014355908
   7       13.3802026957       -0.0025812515
   8       15.2984484007        0.0010653855
   9       17.2159834977       -0.0008495279
  10       19.1330227730        0.0006045705

 Total KE           (Ry) :     1.6413970758
 0  -> qc contribution   :     1.6413910752
 qc -> oo contribution   :     0.0000060005   (=Convergence term)
 Occupancy of this state :     0.0000000000
 Convergence term (Ry/e) :     0.0000060005
 Convergence error (mRy) :     0.0000000000
 Convergence error (meV) :     0.0000000000


 ==================
 zeff=   5.0000000000000000     
 Pseudizing state : |320>
 eigenvalue       : -1.606422
 qc               :  7.070000
 # bessel fxns    : 10
 point nearest rc :  825
 rc               :  1.820000
 actual rc        :  1.820254

 Psi(rc)          :     0.3754906854
 Slope at rc      :    -0.2018551759
 Curvature at rc  :    -0.0634885750
 Del^2 Psi at rc  :    -0.9652410175
 Log Deriv at rc  :    -0.5375770525

 Starting KE minimization...
  step #    theta       slope       curv       KEresid    coeffsum
     1    0.015578   -1.057329   33.937185    0.004747    2.378800
     2   -0.003983    0.594360   74.617604    0.003563    2.448402
     3   -0.004905    0.329043   33.540260    0.002757    2.471716
     4   -0.010079    0.281171   13.948509    0.001341    2.419077
    11   -0.000254    0.039321   77.541698    0.000456    2.363304
    21   -0.000281    0.034209   60.829103    0.000040    2.244264
    31   -0.000089    0.006835   38.534623    0.000012    2.222262

 # steps:    36
 Final KE error:    0.0000095474
 Sum of coeffs :    2.2175381038
 ---------------------------------------------------------------
 Coeff:      1.548341  0.569105  0.096460  0.003957 -0.000918  0.001059 -0.000163  0.000379 -0.000825  0.000144
 ---------------------------------------------------------------
 Resid KE (Ry)     :        0.0000095474
 Norm error        :    -0.111E-15
 Continuity error  :     0.000E+00
 Curvature error   :    -0.111E-15
 ---------------------------------------------------------------
 Bessel wavevectors and final coefficients
   1        2.1211023297        1.5483408321
   2        4.0872585956        0.5691046369
   3        5.8842852202        0.0964596351
   4        7.6466948889        0.0039569485
   5        9.3950931342       -0.0009177009
   6       11.1363153306        0.0010593471
   7       12.8733454545       -0.0001632370
   8       14.6077063251        0.0003788459
   9       16.3402598818       -0.0008247623
  10       18.0715317768        0.0001435585

 Total KE           (Ry) :     2.6110158656
 0  -> qc contribution   :     2.6110063181
 qc -> oo contribution   :     0.0000095474   (=Convergence term)
 Occupancy of this state :     0.0000000000
 Convergence term (Ry/e) :     0.0000095474
 Convergence error (mRy) :     0.0000000000
 Convergence error (meV) :     0.0000000000

 ------------------------------
 Descreening potential
 valence charge          :   2.000000
 core    charge          :   0.000000

 ----Solving the Schrodinger equation for all states----
 State: 3s  AE eigenvalue =  -3.344406  PS eigenvalue =  -3.344406
 State: 3p  AE eigenvalue =  -2.598657  PS eigenvalue =  -2.598657
 State: 3d  AE eigenvalue =  -1.606422  PS eigenvalue =  -1.606422

 ---Semilocal ghost testing---
 Local state: 3s

 Test  state: 3p
 KB energy :  -5.974283  KB strength:   1.091717  KB cosine:  -0.182736
 el0       :  -2.465519  el1        :  -1.013424  eig      :  -2.598657
 No ghosts!  Ekb<0  and eig < el0

 Test  state: 3d
 KB energy :  -8.940132  KB strength:   2.428065  KB cosine:  -0.271592
 el0       :  -1.365977  el1        :  -0.655786  eig      :  -1.606422
 No ghosts!  Ekb<0  and eig < el0

 No ghosts for local potential: 3s
 ------------------------------

 Local state: 3p

 Test  state: 3s
 KB energy :   5.900984  KB strength:   1.225117  KB cosine:   0.207612
 el0       :  -3.842818  el1        :  -1.493634  eig      :  -3.344406
 No ghosts!  Ekb>0  and el0 < eig < el1

 Test  state: 3d
 KB energy :  -5.535011  KB strength:   1.698553  KB cosine:  -0.306874
 el0       :  -1.376145  el1        :  -0.660359  eig      :  -1.606422
 No ghosts!  Ekb<0  and eig < el0

 No ghosts for local potential: 3p
 ------------------------------

 Local state: 3d

 Test  state: 3s
 KB energy :   9.418711  KB strength:   3.341979  KB cosine:   0.354823
 el0       :  -9.205551  el1        :  -2.610693  eig      :  -3.344406
 No ghosts!  Ekb>0  and el0 < eig < el1

 Test  state: 3p
 KB energy :   5.631119  KB strength:   2.015916  KB cosine:   0.357996
 el0       :  -4.586388  el1        :  -1.509153  eig      :  -2.598657
 No ghosts!  Ekb>0  and el0 < eig < el1

 No ghosts for local potential: 3d
 ------------------------------


 ======================================================================== 
 End PS construction
 ======================================================================== 

 ======================================================================== 
 Begin NL calculation
 ======================================================================== 
 ---------Eigenvalue guesses---------
 1s            -3.34440559
 2p            -2.59865693
 3d            -1.60642173
 2s            -1.29217326
 Performing non-local pseudopotential calculation
 Using the s potential as the local potential

 iter       Etot             Ebs             Ehxc       de_max   dv_max
   1       -8.4884026      -6.6888112      -1.7995914 0.23E-02 0.26E-08
   2       -8.4884026      -6.6888112      -1.7995914 0.38E-10 0.13E-08

    2 iterations: (units are Ry and bohr)
 Energy:      -8.48840257  Ebs:      -6.68881118  Ehxc:      -1.79959139
 Eh    :       2.13337153  Exc:      -1.17151730

   Orbital    Filling       Eigenvalues    Norm(rc->oo)      Peak
    |100>      2.000          -3.344406      0.501266      1.478423
    |210>      0.000          -2.598657      0.598479      1.598357
    |320>      0.000          -1.606422      0.637430      1.844072
    |200>      0.000          -1.295176      0.898366      3.532395

 ---Non-local ghost testing---
 Local state: 1s

 Test  state: 1s
 ...seems like this angular momentum is the local part!

 Test  state: 2p
 KB energy :  -5.974283  KB strength:   1.091717  KB cosine:  -0.182736
 el0       :  -2.465519  el1        :  -1.013424  eig      :  -2.598657
 No ghosts!  Ekb<0  and eig < el0

 Test  state: 3d
 KB energy :  -8.940132  KB strength:   2.428065  KB cosine:  -0.271592
 el0       :  -1.365977  el1        :  -0.655786  eig      :  -1.606422
 No ghosts!  Ekb<0  and eig < el0

 Test  state: 2s
 ...seems like this angular momentum is the local part!
 ------------------------------

 No ghosts present for local potential


 ======================================================================== 
 End NL calculation
 ======================================================================== 
<<<do_tc>>>


 ===============Configuration 1 AE Calc=============== 
 ---------Eigenvalue guesses---------
 1s           -13.00000000
 2s            -1.40000000
 2p            -0.40000000
 3s            -1.40000000
 3p            -0.40000000
 3d            -2.77777778
 4s            -0.87890625

 iter       Etot             Ebs             Ehxc       de_max   dv_max
   1     -837.9753342    -538.5053485    -299.4699857 0.52E+02 0.48E+01
   2     -739.0459740    -464.9329865    -274.1129875 0.32E+00 0.17E+01
   3     -677.8574436    -421.1274877    -256.7299559 0.22E+00 0.18E+00
   4     -676.3256810    -419.7990986    -256.5265824 0.14E-01 0.63E-01
   5     -677.9036449    -421.1231920    -256.7804529 0.93E-02 0.89E-02
   6     -677.9497258    -421.0585719    -256.8911540 0.38E-03 0.50E-02
   7     -677.8313120    -420.9209390    -256.9103730 0.90E-03 0.15E-02
   8     -677.8007395    -420.8896928    -256.9110467 0.21E-03 0.78E-03
   9     -677.7964186    -420.8863149    -256.9101037 0.37E-04 0.62E-03
  10     -677.7955777    -420.8863286    -256.9092492 0.48E-04 0.36E-03
  11     -677.7955572    -420.8868608    -256.9086964 0.27E-04 0.24E-03
  12     -677.7958110    -420.8874099    -256.9084012 0.13E-04 0.12E-03
  13     -677.7961036    -420.8878368    -256.9082668 0.67E-05 0.70E-04
  14     -677.7963460    -420.8881302    -256.9082158 0.40E-05 0.41E-04
  15     -677.7965075    -420.8883060    -256.9082015 0.24E-05 0.24E-04
  16     -677.7966007    -420.8884004    -256.9082003 0.14E-05 0.14E-04
  17     -677.7966554    -420.8884534    -256.9082020 0.76E-06 0.77E-05
  18     -677.7966804    -420.8884770    -256.9082034 0.41E-06 0.45E-05
  19     -677.7966913    -420.8884871    -256.9082042 0.22E-06 0.28E-05
  20     -677.7966972    -420.8884931    -256.9082041 0.12E-06 0.17E-05
  21     -677.7966994    -420.8884954    -256.9082040 0.56E-07 0.11E-05
  22     -677.7967005    -420.8884968    -256.9082037 0.30E-07 0.64E-06
  23     -677.7967010    -420.8884975    -256.9082035 0.28E-07 0.39E-06
  24     -677.7967014    -420.8884980    -256.9082034 0.10E-07 0.23E-06
  25     -677.7967017    -420.8884983    -256.9082033 0.59E-08 0.14E-06

   25 iterations: (units are Ry and bohr)
 Energy:    -677.79670165  Ebs:    -420.88849831  Ehxc:    -256.90820335
 Eh    :     269.68108230  Exc:     -43.92345695

   Orbital    Filling       Eigenvalues    Norm(rc->oo)      Peak
    |100>      2.000        -155.635857
    |200>      2.000         -15.535024
    |210>      6.000         -11.975998
    |300>      2.000          -3.338891      0.501437      1.478423
    |310>      0.000          -2.593391      0.598832      1.598357
    |320>      0.000          -1.602270      0.639136      1.844072
    |400>      0.010          -1.296525      0.902910      3.578616


 ===============Configuration 1 NL: Calc ===============
 ---------Eigenvalue guesses---------
 1s            -3.34440559
 2p            -2.59865693
 3d            -1.60642173
 2s            -1.29217326
 Performing non-local pseudopotential calculation
 Using the s potential as the local potential

 iter       Etot             Ebs             Ehxc       de_max   dv_max
   1       -8.5127894      -6.7017629      -1.8110265 0.23E-02 0.12E+00
   2       -8.5074552      -6.6966289      -1.8108263 0.14E-02 0.62E-01
   3       -8.5019518      -6.6913281      -1.8106237 0.16E-02 0.18E-02
   4       -8.5014270      -6.6908141      -1.8106130 0.24E-03 0.29E-03
   5       -8.5013745      -6.6907679      -1.8106066 0.29E-04 0.65E-04
   6       -8.5013721      -6.6907687      -1.8106034 0.49E-05 0.66E-04
   7       -8.5013749      -6.6907730      -1.8106019 0.23E-05 0.50E-04
   8       -8.5013774      -6.6907761      -1.8106013 0.15E-05 0.34E-04
   9       -8.5013791      -6.6907781      -1.8106010 0.10E-05 0.22E-04
  10       -8.5013801      -6.6907792      -1.8106009 0.62E-06 0.13E-04
  11       -8.5013807      -6.6907798      -1.8106009 0.37E-06 0.79E-05
  12       -8.5013810      -6.6907802      -1.8106008 0.22E-06 0.46E-05
  13       -8.5013812      -6.6907804      -1.8106008 0.12E-06 0.27E-05
  14       -8.5013813      -6.6907804      -1.8106008 0.63E-07 0.15E-05
  15       -8.5013813      -6.6907805      -1.8106008 0.35E-07 0.87E-06
  16       -8.5013813      -6.6907805      -1.8106009 0.31E-07 0.50E-06
  17       -8.5013814      -6.6907805      -1.8106009 0.11E-07 0.28E-06
  18       -8.5013814      -6.6907805      -1.8106009 0.58E-08 0.16E-06

   18 iterations: (units are Ry and bohr)
 Energy:      -8.50138136  Ebs:      -6.69078050  Ehxc:      -1.81060085
 Eh    :       2.14497675  Exc:      -1.17374948

   Orbital    Filling       Eigenvalues    Norm(rc->oo)      Peak
    |100>      2.000          -3.338893      0.501429      1.478423
    |210>      0.000          -2.593391      0.598823      1.598357
    |320>      0.000          -1.602259      0.639113      1.844072
    |200>      0.010          -1.299388      0.900228      3.578616

 ---Non-local ghost testing---
 Local state: 1s

 Test  state: 1s
 ...seems like this angular momentum is the local part!

 Test  state: 2p
 KB energy :  -5.974283  KB strength:   1.091717  KB cosine:  -0.182736
 el0       :  -2.460412  el1        :  -1.022228  eig      :  -2.593391
 No ghosts!  Ekb<0  and eig < el0

 Test  state: 3d
 KB energy :  -8.940132  KB strength:   2.428065  KB cosine:  -0.271592
 el0       :  -1.363790  el1        :  -0.667708  eig      :  -1.602259
 No ghosts!  Ekb<0  and eig < el0

 Test  state: 2s
 ...seems like this angular momentum is the local part!
 ------------------------------

 No ghosts present for local potential



 ===============Configuration 2 AE Calc=============== 
 ---------Eigenvalue guesses---------
 1s           -13.00000000
 2s            -1.40000000
 2p            -0.40000000
 3s            -1.40000000
 3p            -0.40000000
 3d            -2.77777778
 4s            -0.87890625

 iter       Etot             Ebs             Ehxc       de_max   dv_max
   1     -806.2798252    -497.9631627    -308.3166625 0.43E+02 0.37E+01
   2     -724.3049348    -440.1767324    -284.1282024 0.32E+00 0.11E+01
   3     -679.4996594    -409.6719442    -269.8277152 0.19E+00 0.15E+00
   4     -678.5986402    -408.9166467    -269.6819935 0.19E-01 0.58E-01
   5     -680.0996968    -410.1584236    -269.9412732 0.10E-01 0.90E-02
   6     -680.1396260    -410.0854107    -270.0542153 0.89E-03 0.57E-02
   7     -680.0146797    -409.9405072    -270.0741725 0.12E-02 0.34E-02
   8     -679.9834014    -409.9077165    -270.0756849 0.48E-03 0.36E-03
   9     -679.9791098    -409.9037554    -270.0753545 0.74E-04 0.36E-03
  10     -679.9781267    -409.9031666    -270.0749601 0.31E-04 0.27E-03
  11     -679.9778923    -409.9031889    -270.0747034 0.20E-04 0.18E-03
  12     -679.9779136    -409.9033455    -270.0745681 0.13E-04 0.12E-03
  13     -679.9780098    -409.9035020    -270.0745078 0.80E-05 0.74E-04
  14     -679.9780993    -409.9036139    -270.0744854 0.49E-05 0.46E-04
  15     -679.9781623    -409.9036836    -270.0744787 0.29E-05 0.28E-04
  16     -679.9781978    -409.9037206    -270.0744772 0.18E-05 0.17E-04
  17     -679.9782196    -409.9037427    -270.0744769 0.10E-05 0.10E-04
  18     -679.9782297    -409.9037535    -270.0744763 0.62E-06 0.63E-05
  19     -679.9782342    -409.9037585    -270.0744757 0.37E-06 0.38E-05
  20     -679.9782365    -409.9037613    -270.0744752 0.22E-06 0.23E-05
  21     -679.9782377    -409.9037629    -270.0744748 0.12E-06 0.14E-05
  22     -679.9782385    -409.9037640    -270.0744745 0.85E-07 0.83E-06
  23     -679.9782390    -409.9037646    -270.0744744 0.41E-07 0.50E-06
  24     -679.9782393    -409.9037650    -270.0744743 0.24E-07 0.30E-06
  25     -679.9782395    -409.9037652    -270.0744743 0.14E-07 0.18E-06
  26     -679.9782396    -409.9037654    -270.0744742 0.83E-08 0.11E-06

   26 iterations: (units are Ry and bohr)
 Energy:    -679.97823963  Ebs:    -409.90376539  Ehxc:    -270.07447424
 Eh    :     283.06822295  Exc:     -44.64062724

   Orbital    Filling       Eigenvalues    Norm(rc->oo)      Peak
    |100>      2.000        -154.489684
    |200>      2.000         -14.444009
    |210>      6.000         -10.880052
    |300>      2.000          -2.483948      0.543180      1.517366
    |310>      1.000          -1.780226      0.654114      1.683670
    |320>      0.000          -0.880873      0.757845      2.127561
    |400>      0.010          -0.794686      0.924936      3.970834


 ===============Configuration 2 NL: Calc ===============
 ---------Eigenvalue guesses---------
 1s            -3.34440559
 2p            -2.59865693
 3d            -1.60642173
 2s            -1.29217326
 Performing non-local pseudopotential calculation
 Using the s potential as the local potential

 iter       Etot             Ebs             Ehxc       de_max   dv_max
   1      -13.4161009      -9.3004199      -4.1156810 0.23E-02 0.20E+01
   2      -12.0858321      -8.0639256      -4.0219064 0.22E+00 0.10E+01
   3      -10.8031962      -6.8735424      -3.9296538 0.27E+00 0.98E-02
   4      -10.6909541      -6.7653751      -3.9255790 0.33E-01 0.35E-02
   5      -10.6825672      -6.7590631      -3.9235041 0.22E-02 0.20E-02
   6      -10.6828992      -6.7603015      -3.9225977 0.29E-03 0.14E-02
   7      -10.6834588      -6.7612474      -3.9222114 0.27E-03 0.29E-03
   8      -10.6837393      -6.7616896      -3.9220497 0.12E-03 0.13E-03
   9      -10.6837837      -6.7618066      -3.9219771 0.32E-04 0.12E-03
  10      -10.6838337      -6.7618873      -3.9219464 0.22E-04 0.91E-04
  11      -10.6838787      -6.7619438      -3.9219349 0.16E-04 0.59E-04
  12      -10.6839103      -6.7619788      -3.9219315 0.98E-05 0.36E-04
  13      -10.6839296      -6.7619985      -3.9219311 0.56E-05 0.21E-04
  14      -10.6839403      -6.7620087      -3.9219316 0.29E-05 0.12E-04
  15      -10.6839458      -6.7620137      -3.9219321 0.14E-05 0.67E-05
  16      -10.6839484      -6.7620159      -3.9219325 0.67E-06 0.37E-05
  17      -10.6839495      -6.7620168      -3.9219327 0.29E-06 0.21E-05
  18      -10.6839499      -6.7620171      -3.9219329 0.12E-06 0.11E-05
  19      -10.6839501      -6.7620172      -3.9219329 0.43E-07 0.64E-06
  20      -10.6839502      -6.7620172      -3.9219329 0.29E-07 0.41E-06
  21      -10.6839502      -6.7620172      -3.9219330 0.83E-08 0.26E-06

   21 iterations: (units are Ry and bohr)
 Energy:     -10.68395016  Ebs:      -6.76201721  Ehxc:      -3.92193295
 Eh    :       4.44598982  Exc:      -1.82025601

   Orbital    Filling       Eigenvalues    Norm(rc->oo)      Peak
    |100>      2.000          -2.486123      0.541444      1.517366
    |210>      1.000          -1.781803      0.652719      1.683670
    |320>      0.000          -0.880650      0.755965      2.127561
    |200>      0.010          -0.796796      0.923053      3.970834

 ---Non-local ghost testing---
 Local state: 1s

 Test  state: 1s
 ...seems like this angular momentum is the local part!

 Test  state: 2p
 KB energy :  -5.974283  KB strength:   1.091717  KB cosine:  -0.182736
 el0       :  -1.674623  el1        :  -0.585381  eig      :  -1.781803
 No ghosts!  Ekb<0  and eig < el0

 Test  state: 3d
 KB energy :  -8.940132  KB strength:   2.428065  KB cosine:  -0.271592
 el0       :  -0.744362  el1        :  -0.333911  eig      :  -0.880650
 No ghosts!  Ekb<0  and eig < el0

 Test  state: 2s
 ...seems like this angular momentum is the local part!
 ------------------------------

 No ghosts present for local potential



 ===============Configuration 3 AE Calc=============== 
 ---------Eigenvalue guesses---------
 1s           -13.00000000
 2s            -1.40000000
 2p            -0.40000000
 3s            -1.40000000
 3p            -0.40000000
 3d            -2.77777778
 4s            -0.87890625

 iter       Etot             Ebs             Ehxc       de_max   dv_max
   1     -765.1005046    -454.7628567    -310.3376479 0.34E+02 0.24E+01
   2     -707.6215225    -416.6507035    -290.9708189 0.30E+00 0.10E+01
   3     -681.0999389    -399.1721586    -281.9277803 0.23E+00 0.10E+00
   4     -680.5457415    -398.6364823    -281.9092592 0.46E-01 0.44E-01
   5     -681.5366888    -399.3702394    -282.1664494 0.97E-02 0.19E-01
   6     -681.5619828    -399.2807079    -282.2812749 0.67E-02 0.16E-01
   7     -681.4325272    -399.1294110    -282.3031162 0.62E-02 0.93E-02
   8     -681.3839757    -399.0840331    -282.2999426 0.43E-02 0.10E-02
   9     -681.3782854    -399.0809218    -282.2973636 0.44E-03 0.78E-03
  10     -681.3789745    -399.0824838    -282.2964906 0.14E-04 0.43E-03
  11     -681.3804226    -399.0839695    -282.2964531 0.27E-04 0.24E-03
  12     -681.3814539    -399.0847997    -282.2966542 0.18E-04 0.14E-03
  13     -681.3819743    -399.0851330    -282.2968412 0.60E-05 0.85E-04
  14     -681.3821603    -399.0852073    -282.2969530 0.19E-05 0.52E-04
  15     -681.3821873    -399.0851850    -282.2970023 0.29E-05 0.34E-04
  16     -681.3821608    -399.0851440    -282.2970168 0.30E-05 0.22E-04
  17     -681.3821326    -399.0851160    -282.2970166 0.23E-05 0.13E-04
  18     -681.3821137    -399.0851007    -282.2970130 0.15E-05 0.80E-05
  19     -681.3821050    -399.0850950    -282.2970100 0.88E-06 0.48E-05
  20     -681.3821015    -399.0850930    -282.2970085 0.49E-06 0.28E-05
  21     -681.3821011    -399.0850932    -282.2970079 0.27E-06 0.17E-05
  22     -681.3821015    -399.0850936    -282.2970079 0.14E-06 0.10E-05
  23     -681.3821018    -399.0850938    -282.2970080 0.70E-07 0.60E-06
  24     -681.3821020    -399.0850938    -282.2970081 0.50E-07 0.36E-06
  25     -681.3821020    -399.0850938    -282.2970082 0.23E-07 0.22E-06
  26     -681.3821020    -399.0850937    -282.2970082 0.13E-07 0.13E-06
  27     -681.3821019    -399.0850937    -282.2970082 0.77E-08 0.79E-07

   27 iterations: (units are Ry and bohr)
 Energy:    -681.38210193  Ebs:    -399.08509368  Ehxc:    -282.29700825
 Eh    :     295.49178921  Exc:     -45.29648714

   Orbital    Filling       Eigenvalues    Norm(rc->oo)      Peak
    |100>      2.000        -153.509248
    |200>      2.000         -13.497324
    |210>      6.000          -9.930271
    |300>      2.000          -1.701573      0.580565      1.557335
    |310>      2.000          -1.041774      0.707582      1.750631
    |320>      0.000          -0.284134      0.892567      2.831980
    |400>      0.010          -0.362921      0.951165      4.581270


 ===============Configuration 3 NL: Calc ===============
 ---------Eigenvalue guesses---------
 1s            -3.34440559
 2p            -2.59865693
 3d            -1.60642173
 2s            -1.29217326
 Performing non-local pseudopotential calculation
 Using the s potential as the local potential

 iter       Etot             Ebs             Ehxc       de_max   dv_max
   1      -19.2651063     -11.8990768      -7.3660295 0.23E-02 0.40E+01
   2      -15.6117506      -8.6299564      -6.9817941 0.44E+00 0.20E+01
   3      -12.3312718      -5.7220635      -6.6092082 0.64E+00 0.20E+02
   4      -12.0933406      -5.4959150      -6.5974257 0.13E+00 0.20E+02
   5      -12.0861735      -5.4922501      -6.5939234 0.72E-02 0.10E+02
   6      -12.0878793      -5.4950506      -6.5928288 0.98E-03 0.13E-02
   7      -12.0887826      -5.4963158      -6.5924668 0.67E-03 0.66E-03
   8      -12.0891043      -5.4967681      -6.5923362 0.28E-03 0.33E-03
   9      -12.0891522      -5.4968721      -6.5922801 0.73E-04 0.47E-03
  10      -12.0891935      -5.4969372      -6.5922563 0.51E-04 0.25E-03
  11      -12.0892286      -5.4969817      -6.5922469 0.36E-04 0.17E-03
  12      -12.0892528      -5.4970094      -6.5922435 0.24E-04 0.11E-03
  13      -12.0892675      -5.4970253      -6.5922422 0.14E-04 0.65E-04
  14      -12.0892758      -5.4970341      -6.5922417 0.84E-05 0.39E-04
  15      -12.0892802      -5.4970388      -6.5922414 0.48E-05 0.23E-04
  16      -12.0892825      -5.4970413      -6.5922412 0.27E-05 0.13E-04
  17      -12.0892837      -5.4970426      -6.5922411 0.15E-05 0.76E-05
  18      -12.0892843      -5.4970433      -6.5922410 0.87E-06 0.44E-05
  19      -12.0892847      -5.4970438      -6.5922409 0.50E-06 0.25E-05
  20      -12.0892849      -5.4970440      -6.5922408 0.28E-06 0.14E-05
  21      -12.0892850      -5.4970442      -6.5922408 0.16E-06 0.81E-06
  22      -12.0892851      -5.4970443      -6.5922408 0.87E-07 0.46E-06
  23      -12.0892851      -5.4970443      -6.5922408 0.62E-07 0.26E-06
  24      -12.0892851      -5.4970443      -6.5922408 0.28E-07 0.15E-06
  25      -12.0892852      -5.4970444      -6.5922408 0.16E-07 0.82E-07
  26      -12.0892852      -5.4970444      -6.5922408 0.87E-08 0.46E-07

   26 iterations: (units are Ry and bohr)
 Energy:     -12.08928516  Ebs:      -5.49704437  Ehxc:      -6.59224078
 Eh    :       7.29892883  Exc:      -2.43519761

   Orbital    Filling       Eigenvalues    Norm(rc->oo)      Peak
    |100>      2.000          -1.703677      0.578111      1.537221
    |210>      2.000          -1.043026      0.705848      1.750631
    |320>      0.000          -0.283108      0.892003      2.869036
    |200>      0.010          -0.363865      0.950094      4.581270

 ---Non-local ghost testing---
 Local state: 1s

 Test  state: 1s
 ...seems like this angular momentum is the local part!

 Test  state: 2p
 KB energy :  -5.974283  KB strength:   1.091717  KB cosine:  -0.182736
 el0       :  -0.957912  el1        :  -0.225710  eig      :  -1.043026
 No ghosts!  Ekb<0  and eig < el0

 Test  state: 3d
 KB energy :  -8.940132  KB strength:   2.428065  KB cosine:  -0.271592
 el0       :  -0.235017  el1        :  -0.092853  eig      :  -0.283108
 No ghosts!  Ekb<0  and eig < el0

 Test  state: 2s
 ...seems like this angular momentum is the local part!
 ------------------------------

 No ghosts present for local potential



 ===============Configuration 4 AE Calc=============== 
 ---------Eigenvalue guesses---------
 1s           -13.00000000
 2s            -1.40000000
 2p            -0.40000000
 3s            -1.40000000
 3p            -0.40000000
 3d            -2.77777778
 4s            -0.87890625

 iter       Etot             Ebs             Ehxc       de_max   dv_max
   1     -739.3871093    -432.4781989    -306.9089104 0.30E+02 0.20E+01
   2     -699.5191776    -406.3201163    -293.1990612 0.36E+00 0.10E+01
   3     -682.0132896    -394.4735522    -287.5397374 0.49E+00 0.89E-01
   4     -681.6091443    -393.9114649    -287.6976794 0.18E+00 0.26E-01
   5     -681.9492559    -394.0757244    -287.8735316 0.48E-01 0.25E-01
   6     -681.9360877    -394.0038387    -287.9322490 0.24E-01 0.17E-01
   7     -681.8342530    -393.9119986    -287.9222544 0.11E-01 0.45E-02
   8     -681.8143151    -393.8973281    -287.9169871 0.48E-03 0.20E-02
   9     -681.8137227    -393.8984372    -287.9152854 0.72E-03 0.14E-02
  10     -681.8158331    -393.9006028    -287.9152303 0.97E-03 0.59E-03
  11     -681.8180843    -393.9021661    -287.9159182 0.55E-03 0.17E-03
  12     -681.8186597    -393.9023718    -287.9162879 0.96E-04 0.11E-03
  13     -681.8186820    -393.9022696    -287.9164123 0.30E-04 0.71E-04
  14     -681.8185594    -393.9021392    -287.9164202 0.18E-04 0.48E-04
  15     -681.8184590    -393.9020654    -287.9163936 0.14E-04 0.31E-04
  16     -681.8184086    -393.9020397    -287.9163689 0.11E-04 0.20E-04
  17     -681.8183939    -393.9020391    -287.9163548 0.79E-05 0.12E-04
  18     -681.8183961    -393.9020470    -287.9163492 0.54E-05 0.71E-05
  19     -681.8184020    -393.9020537    -287.9163483 0.34E-05 0.41E-05
  20     -681.8184067    -393.9020576    -287.9163491 0.20E-05 0.24E-05
  21     -681.8184092    -393.9020591    -287.9163501 0.11E-05 0.14E-05
  22     -681.8184101    -393.9020594    -287.9163507 0.62E-06 0.80E-06
  23     -681.8184102    -393.9020592    -287.9163510 0.34E-06 0.46E-06
  24     -681.8184101    -393.9020590    -287.9163511 0.19E-06 0.27E-06
  25     -681.8184099    -393.9020588    -287.9163511 0.97E-07 0.15E-06
  26     -681.8184098    -393.9020587    -287.9163511 0.71E-07 0.89E-07
  27     -681.8184097    -393.9020587    -287.9163510 0.35E-07 0.52E-07
  28     -681.8184097    -393.9020587    -287.9163510 0.22E-07 0.30E-07
  29     -681.8184097    -393.9020587    -287.9163510 0.13E-07 0.17E-07
  30     -681.8184097    -393.9020587    -287.9163510 0.78E-08 0.10E-07

   30 iterations: (units are Ry and bohr)
 Energy:    -681.81840972  Ebs:    -393.90205871  Ehxc:    -287.91635101
 Eh    :     301.20035988  Exc:     -45.58859341

   Orbital    Filling       Eigenvalues    Norm(rc->oo)      Peak
    |100>      2.000        -153.086391
    |200>      2.000         -13.084364
    |210>      6.000          -9.516365
    |300>      2.000          -1.345426      0.596862      1.577713
    |310>      2.500          -0.707876      0.733499      1.796744
    |320>      0.000          -0.067203      0.968984      4.825799
    |400>      0.010          -0.181351      0.966326      5.149894


 ===============Configuration 4 NL: Calc ===============
 ---------Eigenvalue guesses---------
 1s            -3.34440559
 2p            -2.59865693
 3d            -1.60642173
 2s            -1.29217326
 Performing non-local pseudopotential calculation
 Using the s potential as the local potential

 iter       Etot             Ebs             Ehxc       de_max   dv_max
   1      -22.5456740     -13.1984053      -9.3472687 0.23E-02 0.50E+01
   2      -17.3177721      -8.6176459      -8.7001262 0.54E+00 0.25E+01
   3      -12.7877098      -4.7209348      -8.0667749 0.86E+00 0.20E+02
   4      -12.5184112      -4.4634837      -8.0549275 0.34E+00 0.20E+02
   5      -12.5273493      -4.4704028      -8.0569465 0.21E-01 0.10E+02
   6      -12.5275054      -4.4694036      -8.0581017 0.34E-03 0.23E-02
   7      -12.5264449      -4.4681574      -8.0582875 0.11E-02 0.12E-02
   8      -12.5260983      -4.4678474      -8.0582508 0.85E-03 0.61E-03
   9      -12.5260400      -4.4678400      -8.0581999 0.38E-03 0.62E-03
  10      -12.5260322      -4.4678740      -8.0581582 0.33E-03 0.47E-03
  11      -12.5260424      -4.4679137      -8.0581287 0.36E-03 0.22E-03
  12      -12.5260597      -4.4679489      -8.0581108 0.16E-03 0.14E-03
  13      -12.5260773      -4.4679762      -8.0581012 0.78E-04 0.84E-04
  14      -12.5260916      -4.4679951      -8.0580965 0.50E-04 0.49E-04
  15      -12.5261017      -4.4680071      -8.0580945 0.32E-04 0.28E-04
  16      -12.5261081      -4.4680143      -8.0580938 0.19E-04 0.16E-04
  17      -12.5261119      -4.4680184      -8.0580935 0.11E-04 0.89E-05
  18      -12.5261140      -4.4680206      -8.0580934 0.63E-05 0.49E-05
  19      -12.5261151      -4.4680217      -8.0580934 0.35E-05 0.27E-05
  20      -12.5261157      -4.4680223      -8.0580933 0.19E-05 0.14E-05
  21      -12.5261159      -4.4680226      -8.0580933 0.10E-05 0.78E-06
  22      -12.5261161      -4.4680228      -8.0580933 0.57E-06 0.42E-06
  23      -12.5261162      -4.4680229      -8.0580933 0.31E-06 0.23E-06
  24      -12.5261162      -4.4680229      -8.0580933 0.17E-06 0.12E-06
  25      -12.5261163      -4.4680230      -8.0580933 0.85E-07 0.66E-07
  26      -12.5261163      -4.4680230      -8.0580933 0.60E-07 0.43E-07
  27      -12.5261163      -4.4680230      -8.0580933 0.26E-07 0.27E-07
  28      -12.5261163      -4.4680230      -8.0580933 0.14E-07 0.18E-07
  29      -12.5261163      -4.4680230      -8.0580933 0.73E-08 0.11E-07

   29 iterations: (units are Ry and bohr)
 Energy:     -12.52611628  Ebs:      -4.46802300  Ehxc:      -8.05809328
 Eh    :       8.84888363  Exc:      -2.71622881

   Orbital    Filling       Eigenvalues    Norm(rc->oo)      Peak
    |100>      2.000          -1.347190      0.594274      1.557335
    |210>      2.500          -0.708730      0.731812      1.796744
    |320>      0.000          -0.066592      0.969366      4.825799
    |200>      0.010          -0.181810      0.965648      5.149894

 ---Non-local ghost testing---
 Local state: 1s

 Test  state: 1s
 ...seems like this angular momentum is the local part!

 Test  state: 2p
 KB energy :  -5.974283  KB strength:   1.091717  KB cosine:  -0.182736
 el0       :  -0.633429  el1        :  -0.086847  eig      :  -0.708730
 No ghosts!  Ekb<0  and eig < el0

 Test  state: 3d
 KB energy :  -8.940132  KB strength:   2.428065  KB cosine:  -0.271592
 el0       :  -0.055489  el1        :  -0.018523  eig      :  -0.066592
 No ghosts!  Ekb<0  and eig < el0

 Test  state: 2s
 ...seems like this angular momentum is the local part!
 ------------------------------

 No ghosts present for local potential



 ===============Configuration 5 AE Calc=============== 
 ---------Eigenvalue guesses---------
 1s           -13.00000000
 2s            -1.40000000
 2p            -0.40000000
 3s            -1.40000000
 3p            -0.40000000
 3d            -2.77777778
 4s            -0.87890625

 iter       Etot             Ebs             Ehxc       de_max   dv_max
   1     -721.3392796    -418.9988725    -302.3404070 0.27E+02 0.20E+01
   2     -695.6538405    -401.1166984    -294.5371421 0.46E+00 0.10E+01
 !WARNING! positive eigenvalue predicted in scpot  nlm= 320     new e =-.1383212E+00
   3     -682.9372741    -391.7405321    -291.1967420 0.89E+00 0.18E+00
   4     -682.0383784    -390.8832493    -291.1551291 0.48E+00 0.96E-01
   5     -681.9378648    -390.8408828    -291.0969821 0.45E-01 0.76E-02
   6     -681.9793774    -390.8935079    -291.0858695 0.95E-02 0.61E-02
   7     -681.9998344    -390.9140748    -291.0857596 0.93E-02 0.40E-02
   8     -682.0013061    -390.9168503    -291.0844558 0.52E-02 0.61E-03
   9     -682.0012962    -390.9175155    -291.0837806 0.11E-02 0.61E-03
  10     -682.0016812    -390.9180827    -291.0835986 0.61E-03 0.44E-03
  11     -682.0022519    -390.9186036    -291.0836482 0.64E-03 0.16E-03
  12     -682.0024585    -390.9187423    -291.0837162 0.14E-03 0.92E-04
  13     -682.0025169    -390.9187571    -291.0837597 0.42E-04 0.53E-04
  14     -682.0025148    -390.9187376    -291.0837772 0.25E-04 0.30E-04
  15     -682.0025001    -390.9187203    -291.0837797 0.16E-04 0.17E-04
  16     -682.0024850    -390.9187080    -291.0837770 0.10E-04 0.10E-04
  17     -682.0024768    -390.9187027    -291.0837741 0.66E-05 0.66E-05
  18     -682.0024744    -390.9187022    -291.0837722 0.42E-05 0.41E-05
  19     -682.0024738    -390.9187021    -291.0837717 0.35E-05 0.26E-05
  20     -682.0024742    -390.9187025    -291.0837717 0.27E-05 0.16E-05
  21     -682.0024747    -390.9187027    -291.0837720 0.20E-05 0.11E-05
  22     -682.0024749    -390.9187028    -291.0837722 0.15E-05 0.80E-06
  23     -682.0024750    -390.9187027    -291.0837723 0.10E-05 0.55E-06
  24     -682.0024749    -390.9187026    -291.0837723 0.72E-06 0.37E-06
  25     -682.0024749    -390.9187025    -291.0837723 0.49E-06 0.25E-06
  26     -682.0024748    -390.9187025    -291.0837724 0.32E-06 0.16E-06
  27     -682.0024748    -390.9187025    -291.0837724 0.21E-06 0.11E-06
  28     -682.0024748    -390.9187025    -291.0837723 0.13E-06 0.70E-07
  29     -682.0024748    -390.9187025    -291.0837723 0.99E-07 0.45E-07
  30     -682.0024748    -390.9187025    -291.0837723 0.55E-07 0.29E-07
  31     -682.0024748    -390.9187025    -291.0837723 0.35E-07 0.18E-07
  32     -682.0024748    -390.9187025    -291.0837723 0.22E-07 0.12E-07
  33     -682.0024748    -390.9187025    -291.0837723 0.14E-07 0.73E-08
  34     -682.0024748    -390.9187025    -291.0837723 0.87E-08 0.46E-08

   34 iterations: (units are Ry and bohr)
 Energy:    -682.00247479  Ebs:    -390.91870247  Ehxc:    -291.08377232
 Eh    :     304.41667625  Exc:     -45.74889685

   Orbital    Filling       Eigenvalues    Norm(rc->oo)      Peak
    |100>      2.000        -152.856270
    |200>      2.000         -12.858224
    |210>      6.000          -9.289827
    |300>      2.000          -1.145426      0.605588      1.577713
    |310>      2.800          -0.521082      0.748759      1.820254
    |320>      0.000          -0.004817      0.999836     31.373897
    |400>      0.010          -0.086967      0.976484      5.640520


 ===============Configuration 5 NL: Calc ===============
 ---------Eigenvalue guesses---------
 1s            -3.34440559
 2p            -2.59865693
 3d            -1.60642173
 2s            -1.29217326
 Performing non-local pseudopotential calculation
 Using the s potential as the local potential

 iter       Etot             Ebs             Ehxc       de_max   dv_max
   1      -24.6281871     -13.9780023     -10.6501848 0.23E-02 0.56E+01
   2      -18.3122773      -8.5175146      -9.7947627 0.60E+00 0.28E+01
 !WARNING! positive eigenvalue predicted in scpot  nlm= 320     new e =-.6376072E+00
   3      -12.9489432      -4.0045342      -8.9444090 0.98E+00 0.20E+02
 !WARNING! : schsl found a positive eigenvalue. n,l=:   3   2
   4      -12.6898997      -3.7512793      -8.9386204 0.10E+01 0.20E+02
 !WARNING! : schsl found a positive eigenvalue. n,l=:   3   2
   5      -12.7205881      -3.7697370      -8.9508510 0.14E-01 0.10E+02
   6      -12.7183839      -3.7628540      -8.9555299 0.10E+04 0.53E-02
   7      -12.7112660      -3.7556674      -8.9555986 0.24E+01 0.40E-02
   8      -12.7101486      -3.7548719      -8.9552768 0.39E-01 0.13E-02
   9      -12.7100222      -3.7549443      -8.9550780 0.74E-02 0.11E-02
  10      -12.7100960      -3.7551178      -8.9549782 0.55E-02 0.79E-03
  11      -12.7101991      -3.7552628      -8.9549363 0.87E-02 0.17E-03
  12      -12.7102825      -3.7553595      -8.9549229 0.23E-02 0.10E-03
  13      -12.7103364      -3.7554163      -8.9549201 0.66E-03 0.71E-04
  14      -12.7103667      -3.7554469      -8.9549199 0.45E-03 0.52E-04
  15      -12.7103822      -3.7554624      -8.9549198 0.31E-03 0.34E-04
  16      -12.7103897      -3.7554703      -8.9549194 0.20E-03 0.21E-04
  17      -12.7103934      -3.7554744      -8.9549190 0.12E-03 0.13E-04
  18      -12.7103952      -3.7554766      -8.9549186 0.71E-04 0.74E-05
  19      -12.7103963      -3.7554780      -8.9549183 0.40E-04 0.42E-05
  20      -12.7103970      -3.7554788      -8.9549182 0.23E-04 0.24E-05
  21      -12.7103974      -3.7554792      -8.9549181 0.13E-04 0.14E-05
  22      -12.7103976      -3.7554795      -8.9549181 0.69E-05 0.78E-06
  23      -12.7103978      -3.7554797      -8.9549181 0.37E-05 0.44E-06
  24      -12.7103978      -3.7554798      -8.9549181 0.20E-05 0.25E-06
  25      -12.7103979      -3.7554798      -8.9549181 0.11E-05 0.14E-06
  26      -12.7103979      -3.7554798      -8.9549181 0.58E-06 0.79E-07
  27      -12.7103979      -3.7554798      -8.9549181 0.31E-06 0.45E-07
  28      -12.7103979      -3.7554798      -8.9549181 0.18E-06 0.26E-07
  29      -12.7103979      -3.7554798      -8.9549181 0.91E-07 0.17E-07
  30      -12.7103979      -3.7554798      -8.9549181 0.47E-07 0.11E-07
  31      -12.7103979      -3.7554798      -8.9549181 0.32E-07 0.69E-08
  32      -12.7103979      -3.7554798      -8.9549181 0.21E-07 0.44E-08
  33      -12.7103979      -3.7554798      -8.9549181 0.49E-08 0.29E-08

   33 iterations: (units are Ry and bohr)
 Energy:     -12.71039791  Ebs:      -3.75547983  Ehxc:      -8.95491808
 Eh    :       9.79263714  Exc:      -2.87244356

   Orbital    Filling       Eigenvalues    Norm(rc->oo)      Peak
    |100>      2.000          -1.146953      0.602967      1.557335
    |210>      2.800          -0.521680      0.747145      1.820254
    |320>      0.000          -0.003476      0.999694     23.878446
    |200>      0.010          -0.087195      0.976035      5.640520

 ---Non-local ghost testing---
 Local state: 1s

 Test  state: 1s
 ...seems like this angular momentum is the local part!

 Test  state: 2p
 KB energy :  -5.974283  KB strength:   1.091717  KB cosine:  -0.182736
 el0       :  -0.451931  el1        :  -0.023877  eig      :  -0.521680
 No ghosts!  Ekb<0  and eig < el0

 Test  state: 3d
 KB energy :  -8.940132  KB strength:   2.428065  KB cosine:  -0.271592
 el0       :  -0.003274  el1        :  -0.000441  eig      :  -0.003476
 No ghosts!  Ekb<0  and eig < el0

 Test  state: 2s
 ...seems like this angular momentum is the local part!
 ------------------------------

 No ghosts present for local potential

   ------------------------------------------------
   ================================================

 ======================================================================== 
 Begin KE convergence testing
 ======================================================================== 
 ----------------------------------------------------------------------
                     Kinetic energy convergence
      ==============================|100>==============================
      Ecut(Ry)  KE/electron(Ry)         KE error/electron (mRy,meV)
        12       0.884776774                70.189378     954.975618
        20       0.948182976                 6.783176      92.289854
        25       0.954334726                 0.631426       8.590994
        31       0.954894016                 0.072136       0.981456
      ==============================|210>==============================
      Ecut(Ry)  KE/electron(Ry)         KE error/electron (mRy,meV)
         6       1.575324669                66.072008     898.955919
        16       1.634095219                 7.301458      99.341446
        30       1.640710813                 0.685864       9.331658
        39       1.641331879                 0.064798       0.881620
      ==============================|320>==============================
      Ecut(Ry)  KE/electron(Ry)         KE error/electron (mRy,meV)
        18       2.541268226                69.747548     948.964218
        29       2.604095513                 6.920261      94.155001
        38       2.610288525                 0.727250       9.894739
        45       2.610955640                 0.060135       0.818172
      ==============================|200>==============================
      Ecut(Ry)  KE/electron(Ry)         KE error/electron (mRy,meV)
        12       0.884776774                70.189378     954.975618
        20       0.948182976                 6.783176      92.289854
        25       0.954334726                 0.631426       8.590994
        31       0.954894016                 0.072136       0.981456

 ======================================================================== 
 End KE convergence testing
 ======================================================================== 
<<<do_upf>>>
<<<do_rpt>>>
<<<do_upf>>>
------------- closing opium session ------------
