##########################################################
#    Opium Report File                                   #
##########################################################
     Opium version:        3.8

### copy of the parameter file #######################

[Atom]
P                 # chemical symbol (max. 2 characters)
7                 # norb: number of orbitals
100 2.00  -13.0   # reference configuration
200 2.00   -1.4   # reference configuration
210 6.00   -0.4   # reference configuration
300 2.00   -0.1   # reference configuration
310 0.00  -13.0   # reference configuration
400 0.00  -
320 0.00  -

[Pseudo]
4  1.63 1.63 1.62 1.82
opt

[XC]
gga
                                                                                                                 
[Optinfo]
7.07  10    # rc[a.u.]  Qc[sqrt(Ry)]  Nb
7.07  10    # rc[a.u.]  Qc[sqrt(Ry)]  Nb
7.07  10    # rc[a.u.]  Qc[sqrt(Ry)]  Nb
7.07  10    # rc[a.u.]  Qc[sqrt(Ry)]  Nb
[Configs]  
5                 # number of valence configurations
#
300 2.00   -1.4   # test configuration
310 0.00   -0.4   # test configuration
400 0.01   -
320 0.00  -
#
300 2.00   -1.4   # test configuration
310 1.00   -0.4   # test configuration
400 0.01   -
320 0.00  -
#
300 2.00   -1.4   # test configuration
310 2.00   -0.4   # test configuration
400 0.01   -
320 0.00  -
#
300 2.00   -1.4   # test configuration
310 2.50   -0.4   # test configuration
400 0.01   -
320 0.00  -
#
300 2.00   -1.4   # test configuration
310 2.80   -0.4   # test configuration
400 0.01   -
320 0.00  -

[KBdesign]
0  # local orbital [0..lmax]
0  # number of boxes
au      0.1 1.25 5.79

### AE report ########################################

 AE:Orbital    Filling       Eigenvalues[Ry]          Norm
    ----------------------------------------------------------
	100	 2.000	    -155.6421963413
	200	 2.000	     -15.5412028043
	210	 6.000	     -11.9821881397
	300	 2.000	      -3.3444055911	  0.5012655086
	310	 0.000	      -2.5986569282	  0.5984790373
	320	 0.000	      -1.6064217278	  0.6374301135
	400	 0.000	      -1.2921732589	  0.9010894173

      E_tot =     -677.7837519497 Ry

### PS report ########################################

    ====================Optimized pseudopotential method====================

                       Pseudopotential convergence error                      
    Orbital      [mRy/e]       [meV/e]         [mRy]        [meV]        Ghost
    --------------------------------------------------------------------------
	300       0.017249      0.234683      0.034498      0.469367	    no
	310       0.006001      0.081641      0.000000      0.000000	    no
	320       0.009547      0.129899      0.000000      0.000000	    no

                  Tot. error =               0.034498      0.469367


### NL/SL report #####################################


 NL:Orbital    Filling       Eigenvalues[Ry]          Norm       Ghost
    ------------------------------------------------------------------
	100 	 2.000	      -3.3444055910	  0.5012655500	    no
	210 	 0.000	      -2.5986569282	  0.5984790753	    no
	320 	 0.000	      -1.6064217277	  0.6374301481	    no
	200 	 0.000	      -1.2951758037	  0.8983662580	    no

	 ========== No ghosts in potential!!========== 

      E_tot =       -8.4884025743 Ry

### KE report ########################################

	 ===   Ecut necessary for ~1    eV convergence error / electron === 
	 --------------------------------------------------------------- 
		 	 Ecut[Ry] 	 error [meV/e] 
	100  		   12 	          954.976 
	210  		   6 	          898.956 
	320  		   18 	          948.964 
	200  		   12 	          954.976 
	 ===   Ecut necessary for ~100 meV convergence error / electron === 
	 --------------------------------------------------------------- 
		 	 Ecut[Ry] 	 error [meV/e] 
	100  		   20 	           92.290 
	210  		   16 	           99.341 
	320  		   29 	           94.155 
	200  		   20 	           92.290 

	 ===   Ecut necessary for  ~10 meV convergence error / electron === 
	 --------------------------------------------------------------- 
		 	 Ecut[Ry] 	 error [meV/e] 
	100  		   25 	            8.591 
	210  		   30 	            9.332 
	320  		   38 	            9.895 
	200  		   25 	            8.591 

	 ===   Ecut necessary for   ~1 meV convergence error / electron === 
	 --------------------------------------------------------------- 
		 	 Ecut[Ry] 	 error [meV/e] 
	100  		   31 	            0.981 
	210  		   39 	            0.882 
	320  		   45 	            0.818 
	200  		   31 	            0.981 

### TC report ########################################

 AE:Orbital    Filling       Eigenvalues[Ry]          Norm
    ----------------------------------------------------------
	100	 2.000	    -155.6358570132
	200	 2.000	     -15.5350236293
	210	 6.000	     -11.9759984596
	300	 2.000	      -3.3388905066	  0.5014374925
	310	 0.000	      -2.5933913036	  0.5988317378
	320	 0.000	      -1.6022695572	  0.6391360040
	400	 0.010	      -1.2965249471	  0.9029101490

      E_tot =     -677.7967016512 Ry

 NL:Orbital    Filling       Eigenvalues[Ry]          Norm       Ghost
    ------------------------------------------------------------------
	100 	 2.000	      -3.3388933128	  0.5014287563	    no
	210 	 0.000	      -2.5933905349	  0.5988232467	    no
	320 	 0.000	      -1.6022590172	  0.6391127133	    no
	200 	 0.010	      -1.2993878501	  0.9002278042	    no

      E_tot =       -8.5013813570 Ry

 AE-NL:Orbital Filling       Eigenvalues[mRy]         Norm[1e-3] 
 AE-NL- --------------------------------------------------------------
 AE-NL- 100 	 2.000	       0.0028062315	  0.0087361546	
 AE-NL- 210 	 0.000	      -0.0007687813	  0.0084911262	
 AE-NL- 320 	 0.000	      -0.0105399753	  0.0232907107	
 AE-NL- 200 	 0.010	       2.8629030433	  2.6823447591	
 AE-NL-  total error =	       2.8770180313	  2.7228627506

 =====================================================================
 AE:Orbital    Filling       Eigenvalues[Ry]          Norm
    ----------------------------------------------------------
	100	 2.000	    -154.4896836517
	200	 2.000	     -14.4440089204
	210	 6.000	     -10.8800519095
	300	 2.000	      -2.4839479477	  0.5431803163
	310	 1.000	      -1.7802260345	  0.6541140688
	320	 0.000	      -0.8808733271	  0.7578449443
	400	 0.010	      -0.7946859198	  0.9249363738

      E_tot =     -679.9782396314 Ry

 NL:Orbital    Filling       Eigenvalues[Ry]          Norm       Ghost
    ------------------------------------------------------------------
	100 	 2.000	      -2.4861228766	  0.5414439735	    no
	210 	 1.000	      -1.7818034912	  0.6527191090	    no
	320 	 0.000	      -0.8806502342	  0.7559652173	    no
	200 	 0.010	      -0.7967960869	  0.9230532283	    no

      E_tot =      -10.6839501559 Ry

 AE-NL:Orbital Filling       Eigenvalues[mRy]         Norm[1e-3] 
 AE-NL- --------------------------------------------------------------
 AE-NL- 100 	 2.000	       2.1749289063	  1.7363428029	
 AE-NL- 210 	 1.000	       1.5774567014	  1.3949597779	
 AE-NL- 320 	 0.000	      -0.2230929160	  1.8797270099	
 AE-NL- 200 	 0.010	       2.1101670864	  1.8831455115	
 AE-NL-  total error =	       6.0856456100	  6.8941751022

 =====================================================================
 AE:Orbital    Filling       Eigenvalues[Ry]          Norm
    ----------------------------------------------------------
	100	 2.000	    -153.5092476696
	200	 2.000	     -13.4973235579
	210	 6.000	      -9.9302713428
	300	 2.000	      -1.7015731241	  0.5805653035
	310	 2.000	      -1.0417738569	  0.7075817716
	320	 0.000	      -0.2841341488	  0.8925668920
	400	 0.010	      -0.3629206286	  0.9511645564

      E_tot =     -681.3821019265 Ry

 NL:Orbital    Filling       Eigenvalues[Ry]          Norm       Ghost
    ------------------------------------------------------------------
	100 	 2.000	      -1.7036772640	  0.5781111955	    no
	210 	 2.000	      -1.0430255963	  0.7058483810	    no
	320 	 0.000	      -0.2831082170	  0.8920029868	    no
	200 	 0.010	      -0.3638653055	  0.9500942910	    no

      E_tot =      -12.0892851578 Ry

 AE-NL:Orbital Filling       Eigenvalues[mRy]         Norm[1e-3] 
 AE-NL- --------------------------------------------------------------
 AE-NL- 100 	 2.000	       2.1041398742	  2.4541079933	
 AE-NL- 210 	 2.000	       1.2517393718	  1.7333906304	
 AE-NL- 320 	 0.000	      -1.0259318060	  0.5639051742	
 AE-NL- 200 	 0.010	       0.9446769144	  1.0702654064	
 AE-NL-  total error =	       5.3264879663	  5.8216692044

 =====================================================================
 AE:Orbital    Filling       Eigenvalues[Ry]          Norm
    ----------------------------------------------------------
	100	 2.000	    -153.0863912540
	200	 2.000	     -13.0843642653
	210	 6.000	      -9.5163653403
	300	 2.000	      -1.3454258758	  0.5968620872
	310	 2.500	      -0.7078761499	  0.7334985712
	320	 0.000	      -0.0672028423	  0.9689835457
	400	 0.010	      -0.1813505300	  0.9663263265

      E_tot =     -681.8184097233 Ry

 NL:Orbital    Filling       Eigenvalues[Ry]          Norm       Ghost
    ------------------------------------------------------------------
	100 	 2.000	      -1.3471902342	  0.5942739585	    no
	210 	 2.500	      -0.7087297710	  0.7318122808	    no
	320 	 0.000	      -0.0665922072	  0.9693660003	    no
	200 	 0.010	      -0.1818103862	  0.9656477227	    no

      E_tot =      -12.5261162816 Ry

 AE-NL:Orbital Filling       Eigenvalues[mRy]         Norm[1e-3] 
 AE-NL- --------------------------------------------------------------
 AE-NL- 100 	 2.000	       1.7643583926	  2.5881286732	
 AE-NL- 210 	 2.500	       0.8536210930	  1.6862903993	
 AE-NL- 320 	 0.000	      -0.6106351532	 -0.3824545186	
 AE-NL- 200 	 0.010	       0.4598561412	  0.6786037858	
 AE-NL-  total error =	       3.6884707801	  5.3354773769

 =====================================================================
 AE:Orbital    Filling       Eigenvalues[Ry]          Norm
    ----------------------------------------------------------
	100	 2.000	    -152.8562699355
	200	 2.000	     -12.8582235035
	210	 6.000	      -9.2898274067
	300	 2.000	      -1.1454258157	  0.6055877634
	310	 2.800	      -0.5210820905	  0.7487592002
	320	 0.000	      -0.0048171788	  0.9998355474
	400	 0.010	      -0.0869670826	  0.9764843736

      E_tot =     -682.0024747937 Ry

 NL:Orbital    Filling       Eigenvalues[Ry]          Norm       Ghost
    ------------------------------------------------------------------
	100 	 2.000	      -1.1469525665	  0.6029673923	    no
	210 	 2.800	      -0.5216795539	  0.7471445499	    no
	320 	 0.000	      -0.0034761670	  0.9996937455	    no
	200 	 0.010	      -0.0871947582	  0.9760350997	    no

      E_tot =      -12.7103979120 Ry

 AE-NL:Orbital Filling       Eigenvalues[mRy]         Norm[1e-3] 
 AE-NL- --------------------------------------------------------------
 AE-NL- 100 	 2.000	       1.5267508392	  2.6203710931	
 AE-NL- 210 	 2.800	       0.5974633964	  1.6146502951	
 AE-NL- 320 	 0.000	      -1.3410117735	  0.1418018459	
 AE-NL- 200 	 0.010	       0.2276756171	  0.4492738389	
 AE-NL-  total error =	       3.6929016262	  4.8260970730

 =====================================================================

  Comparison of total energy differences.           
   DD_ij = (E_i - E_j)_AE - (E_i-E_j)_NL     

 AE-NL-   i   j         DD[mRy]        DD[meV] 
 AE-NL- ------------------------------------------
 AE-NL-   0   1        -0.029081      -0.395670
 AE-NL-   0   2        -1.059900     -14.420680
 AE-NL-   0   3        -2.532607     -34.457887
 AE-NL-   0   4        -3.055934     -41.578116
 AE-NL-   0   5        -3.272494     -44.524568
 AE-NL-   1   2        -1.030819     -14.025010
 AE-NL-   1   3        -2.503525     -34.062216
 AE-NL-   1   4        -3.026852     -41.182446
 AE-NL-   1   5        -3.243413     -44.128898
 AE-NL-   2   3        -1.472707     -20.037206
 AE-NL-   2   4        -1.996034     -27.157436
 AE-NL-   2   5        -2.212594     -30.103888
 AE-NL-   3   4        -0.523327      -7.120230
 AE-NL-   3   5        -0.739887     -10.066682
 AE-NL-   4   5        -0.216560      -2.946452
