
 ++++++++++++++++++++++++++++++++++++++++++++++++++++++++++++++++++++++++
           OPIUM  Version:        3.8                             
           =====================================            
 See http://opium.sourceforge.net for help and information                 
 Copyright 2009 : The OPIUM project                         

 Compile host     : vagvlan567.217.wlan.design.upenn.edu
 Compile OS       : Darwin 14.1.0 i386
 Compile date     : Wed Mar 18 18:57:27 EDT 2015

 Execution host   : vagvlan567.215.wlan.design.upenn.edu
 time of execution: Wed Oct 14 11:31:50 2015

 ++++++++++++++++++++++++++++++++++++++++++++++++++++++++++++++++++++++++
 Reading parameter file:  <k.param> ... 
 File prefix             : k 
 Element                 : Potassium  (K) 
 Z                       : 19 
 
 Number of all-electron orbitals   : 8 
 Number of pseudo       orbitals   : 5 
 
 Pseudopotential is non-relativistic 
 Exchage-correlation functional is : Perdew, Burke, Ernzerhof GGA 
 GGA smoothed from 0 to 0.001000 bohr using switch to LDA 
 The s potential is used for the KB construction 
 Optimized (RRKJ) pseudopotential method will be used 

 nl    cutoff radii    q-max      # bessel functions
 3s       1.350        7.070              10 
 3p       1.400        7.070              10 
 3d       1.310        7.070              10 
 4s       1.350        7.070              10 
 4p       1.370        7.070              10 

 Reference Configuration: core  <-/-> valence 
 1s2  2s2  2p6  <-/-> 3s2  3p6  3d0.1  4s0  4p0 

 Grid definitions: 
 a_grid=1.00e-04    b_grid=1.30e-02    # points=1152 
 r(1)=3.75e-05      r(np)=1.18e+02    

 dEmax tolerance:  1.00e-08      dVmax tolerance:  1.00e-06     

 Starting calculation...

 ======================================================================== 
 Begin AE calculation
 ======================================================================== 
 Performing non-relativistic AE calculation...  
 ---------Eigenvalue guesses---------
 1s          -361.00000000
 2s           -22.56250000
 2p           -22.56250000
 3s            -4.45679012
 3p            -4.45679012
 3d            -4.45679012
 4s            -1.41015625
 4p            -1.41015625

 iter       Etot             Ebs             Ehxc       de_max   dv_max
   1    -1298.6295134    -777.5799632    -521.0495502 0.85E+00 0.20E+01
   2    -1229.0544099    -732.4672861    -496.5871238 0.42E+00 0.10E+01
   3    -1200.1375033    -712.2721635    -487.8653398 0.30E+00 0.14E+00
   4    -1198.8668160    -710.7955534    -488.0712627 0.81E-01 0.46E-01
   5    -1199.4060217    -710.9431911    -488.4628306 0.12E-01 0.31E-01
   6    -1199.4618937    -710.8090018    -488.6528919 0.15E-01 0.25E-01
   7    -1199.3131114    -710.6285834    -488.6845280 0.14E-01 0.14E-01
   8    -1199.0428989    -710.4548026    -488.5880963 0.87E-02 0.72E-02
   9    -1199.0258698    -710.4812278    -488.5446420 0.11E-02 0.58E-02
  10    -1199.0817123    -710.5388891    -488.5428233 0.23E-02 0.18E-02
  11    -1199.1297037    -710.5740119    -488.5556918 0.22E-02 0.49E-03
  12    -1199.1297833    -710.5696068    -488.5601764 0.13E-03 0.30E-03
  13    -1199.1241636    -710.5642368    -488.5599268 0.23E-03 0.15E-03
  14    -1199.1209848    -710.5619281    -488.5590567 0.11E-04 0.13E-03
  15    -1199.1204560    -710.5618498    -488.5586062 0.18E-04 0.95E-04
  16    -1199.1205157    -710.5620573    -488.5584584 0.18E-04 0.62E-04
  17    -1199.1207053    -710.5622541    -488.5584513 0.12E-04 0.37E-04
  18    -1199.1208447    -710.5623635    -488.5584811 0.57E-05 0.22E-04
  19    -1199.1209106    -710.5624050    -488.5585057 0.23E-05 0.13E-04
  20    -1199.1209301    -710.5624133    -488.5585168 0.12E-05 0.80E-05
  21    -1199.1209295    -710.5624104    -488.5585191 0.65E-06 0.50E-05
  22    -1199.1209254    -710.5624078    -488.5585175 0.40E-06 0.32E-05
  23    -1199.1209228    -710.5624073    -488.5585155 0.27E-06 0.20E-05
  24    -1199.1209222    -710.5624081    -488.5585141 0.18E-06 0.13E-05
  25    -1199.1209227    -710.5624091    -488.5585136 0.14E-06 0.78E-06
  26    -1199.1209235    -710.5624099    -488.5585135 0.83E-07 0.47E-06
  27    -1199.1209240    -710.5624104    -488.5585136 0.50E-07 0.28E-06
  28    -1199.1209243    -710.5624105    -488.5585137 0.38E-07 0.17E-06
  29    -1199.1209243    -710.5624106    -488.5585138 0.15E-07 0.99E-07
  30    -1199.1209243    -710.5624105    -488.5585138 0.82E-08 0.59E-07

   30 iterations: (units are Ry and bohr)
 Energy:   -1199.12092435  Ebs:    -710.56241054  Ehxc:    -488.55851381
 Eh    :     508.01972616  Exc:     -66.22261921

   Orbital    Filling       Eigenvalues    Norm(rc->oo)      Peak
    |100>      2.000        -257.997275
    |200>      2.000         -26.144616
    |210>      6.000         -20.958880
    |300>      2.000          -2.956212      0.387491      1.081317
    |310>      6.000          -1.764767      0.470158      1.153937
    |320>      0.100          -0.243197      0.884429      1.866715
    |400>      0.000          -0.430816      0.963903      3.622556
    |410>      0.000          -0.268942      0.974143      4.637521

 ======================================================================== 
 End AE calculation
 ======================================================================== 

 ======================================================================== 
 Begin PS construction
 ======================================================================== 
 Optimized Pseudopotential Generation ...

 ==================
 zeff=   9.0000000000000000     
 Pseudizing state : |300>
 eigenvalue       : -2.956212
 qc               :  7.070000
 # bessel fxns    : 10
 point nearest rc :  808
 rc               :  1.350000
 actual rc        :  1.348752

 Psi(rc)          :     0.6601017544
 Slope at rc      :    -0.9198594679
 Curvature at rc  :     0.5495879146
 Del^2 Psi at rc  :    -0.8144274713
 Log Deriv at rc  :    -1.3935116243

 Error in constraints
   1        -0.16010E-10
   2         0.16010E-10
   3         0.17003E-09
   4        -0.17003E-09
   5        -0.66006E-07
   6         0.66006E-07
   7         0.17381E-03
   8         0.17381E-03
   9         0.00000E+00
  10         0.66006E-07
 Bessel wavevectors and final coefficients
   1        1.4735277169        1.2671893610
   2        3.6258190026       -0.5985297654
   3        5.9046949173       -0.3088252715
   4        8.2111609660        0.0268294666
   5       10.5275286992       -0.0133742690
   6       12.8485174541        0.0087780104
   7       15.1720258529       -0.0068883620
   8       17.4970566262        0.0060879223
   9       19.8230767043       -0.0059340604
  10       22.1497755963        0.0059276481

 Total KE           (Ry) :     1.5072067383
 0  -> qc contribution   :     1.5070329291
 qc -> oo contribution   :     0.0001738093   (=Convergence term)
 Occupancy of this state :     2.0000000000
 Convergence term (Ry/e) :     0.0001738093
 Convergence error (mRy) :     0.3476185052
 Convergence error (meV) :     4.7296278583


 ==================
 zeff=   9.0000000000000000     
 Pseudizing state : |310>
 eigenvalue       : -1.764767
 qc               :  7.070000
 # bessel fxns    : 10
 point nearest rc :  811
 rc               :  1.400000
 actual rc        :  1.402393

 Psi(rc)          :     0.5993206831
 Slope at rc      :    -0.6893688581
 Curvature at rc  :     0.3322143102
 Del^2 Psi at rc  :    -1.2603845316
 Log Deriv at rc  :    -1.1502504043

 Error in constraints
   1         0.52893E-11
   2        -0.52893E-11
   3        -0.17666E-11
   4         0.17666E-11
   5         0.11778E-07
   6        -0.11778E-07
   7         0.75545E-04
   8         0.75545E-04
   9         0.00000E+00
  10         0.11778E-07
 Bessel wavevectors and final coefficients
   1        2.1449236260        1.9263461957
   2        4.4355915168        0.3434058932
   3        6.6909834795       -0.0508307683
   4        8.9386079610        0.0143729569
   5       11.1832143269       -0.0079923320
   6       13.4263292915        0.0055228573
   7       15.6685971395       -0.0047023641
   8       17.9103373946        0.0043483085
   9       20.1517267053       -0.0043867803
  10       22.3928707256        0.0045103350

 Total KE           (Ry) :     2.8198200650
 0  -> qc contribution   :     2.8197445199
 qc -> oo contribution   :     0.0000755451   (=Convergence term)
 Occupancy of this state :     6.0000000000
 Convergence term (Ry/e) :     0.0000755451
 Convergence error (mRy) :     0.4532706888
 Convergence error (meV) :     6.1671103381


 ==================
 zeff=   9.0000000000000000     
 Pseudizing state : |320>
 eigenvalue       : -0.243197
 qc               :  7.070000
 # bessel fxns    : 10
 point nearest rc :  806
 rc               :  1.310000
 actual rc        :  1.314137

 Psi(rc)          :     0.3504914825
 Slope at rc      :    -0.1873027500
 Curvature at rc  :     0.0390441676
 Del^2 Psi at rc  :    -1.4637345587
 Log Deriv at rc  :    -0.5344002904

 Error in constraints
   1        -0.66958E-12
   2         0.66958E-12
   3         0.19065E-10
   4        -0.19065E-10
   5        -0.54495E-05
   6         0.54495E-05
   7         0.23017E-02
   8         0.23017E-02
   9         0.00000E+00
  10         0.54495E-05
 Bessel wavevectors and final coefficients
   1        2.8417306440        1.4374354509
   2        5.6295121429        0.5231547860
   3        8.1297551760       -0.0212984423
   4       10.5760820390        0.0140301206
   5       13.0008931356       -0.0059592285
   6       15.4147483453        0.0002700357
   7       17.8222226977        0.0041559168
   8       20.2256414088       -0.0078791835
   9       22.6263172918        0.0111743132
  10       25.0250496412       -0.0141913990

 Total KE           (Ry) :     1.8971096096
 0  -> qc contribution   :     1.8948079218
 qc -> oo contribution   :     0.0023016878   (=Convergence term)
 Occupancy of this state :     0.1000000000
 Convergence term (Ry/e) :     0.0023016878
 Convergence error (mRy) :     0.2301687816
 Convergence error (meV) :     3.1316304086

 ------------------------------
 Descreening potential
 valence charge          :   8.100000
 core    charge          :   0.000000

 ----Solving the Schrodinger equation for all states----
 State: 3s  AE eigenvalue =  -2.956212  PS eigenvalue =  -2.956212
 State: 3p  AE eigenvalue =  -1.764767  PS eigenvalue =  -1.764767
 State: 3d  AE eigenvalue =  -0.243197  PS eigenvalue =  -0.243197

 ---Semilocal ghost testing---
 Local state: 3s

 Test  state: 3p
 KB energy :  -9.222115  KB strength:   2.283897  KB cosine:  -0.247654
 el0       :  -1.424163  el1        :  -0.244408  eig      :  -1.764767
 No ghosts!  Ekb<0  and eig < el0

 Test  state: 3d
 KB energy : -12.964970  KB strength:   2.331177  KB cosine:  -0.179806
 el0       :  -0.172148  el1        :  -0.077153  eig      :  -0.243197
 No ghosts!  Ekb<0  and eig < el0

 No ghosts for local potential: 3s
 ------------------------------

 Local state: 3p

 Test  state: 3s
 KB energy :   9.749376  KB strength:   2.622434  KB cosine:   0.268985
 el0       :  -4.625707  el1        :  -0.659498  eig      :  -2.956212
 No ghosts!  Ekb>0  and el0 < eig < el1

 Test  state: 3d
 KB energy :  -8.600659  KB strength:   1.648374  KB cosine:  -0.191657
 el0       :  -0.174321  el1        :  -0.077995  eig      :  -0.243197
 No ghosts!  Ekb<0  and eig < el0

 No ghosts for local potential: 3p
 ------------------------------

 Local state: 3d

 Test  state: 3s
 KB energy :  14.614587  KB strength:   5.999619  KB cosine:   0.410523
 !WARNING! : schsl found a positive eigenvalue. n,l=:   2   0
    !WARNING! No solution for 1st excited state of local potential.  Setting e=0.0
 el0       : -10.868890  el1        :   0.000000  eig      :  -2.956212
 No ghosts!  Ekb>0  and el0 < eig < el1

 Test  state: 3p
 KB energy :   8.993364  KB strength:   3.543101  KB cosine:   0.393968
 el0       :  -4.954336  el1        :  -0.416343  eig      :  -1.764767
 No ghosts!  Ekb>0  and el0 < eig < el1

 No ghosts for local potential: 3d
 ------------------------------


 ======================================================================== 
 End PS construction
 ======================================================================== 

 ======================================================================== 
 Begin NL calculation
 ======================================================================== 
 ---------Eigenvalue guesses---------
 1s            -2.95621174
 2p            -1.76476734
 3d            -0.24319666
 2s            -0.43081614
 3p            -0.26894171
 Performing non-local pseudopotential calculation
 Using the s potential as the local potential

 iter       Etot             Ebs             Ehxc       de_max   dv_max
   1      -56.1136928     -16.5253472     -39.5883456 0.44E-02 0.29E-08
   2      -56.1136928     -16.5253472     -39.5883456 0.60E-10 0.16E-08

    2 iterations: (units are Ry and bohr)
 Energy:     -56.11369280  Ebs:     -16.52534717  Ehxc:     -39.58834563
 Eh    :      42.05392516  Exc:      -8.32034914

   Orbital    Filling       Eigenvalues    Norm(rc->oo)      Peak
    |100>      2.000          -2.956212      0.387491      1.109800
    |210>      6.000          -1.764767      0.470158      1.184333
    |320>      0.100          -0.243197      0.884434      1.866715
    |200>      0.000          -0.432725      0.962403      3.622556
    |310>      0.000          -0.269334      0.973628      4.637521

 ---Non-local ghost testing---
 Local state: 1s

 Test  state: 1s
 ...seems like this angular momentum is the local part!

 Test  state: 2p
 KB energy :  -9.222115  KB strength:   2.283897  KB cosine:  -0.247654
 el0       :  -1.424163  el1        :  -0.244408  eig      :  -1.764767
 No ghosts!  Ekb<0  and eig < el0

 Test  state: 3d
 KB energy : -12.964970  KB strength:   2.331177  KB cosine:  -0.179806
 el0       :  -0.172148  el1        :  -0.077153  eig      :  -0.243197
 No ghosts!  Ekb<0  and eig < el0

 Test  state: 2s
 ...seems like this angular momentum is the local part!

 Test  state: 3p
 KB energy :  -9.222115  KB strength:   2.283897  KB cosine:  -0.247654
 el0       :  -0.244408  el1        :  -0.097118  eig      :  -0.269334
 No ghosts!  Ekb<0  and eig < el0
 ------------------------------

 No ghosts present for local potential


 ======================================================================== 
 End NL calculation
 ======================================================================== 
<<<do_tc>>>


 ===============Configuration 1 AE Calc=============== 
 ---------Eigenvalue guesses---------
 1s          -361.00000000
 2s           -22.56250000
 2p           -22.56250000
 3s            -4.45679012
 3p            -4.45679012
 3d            -4.45679012
 4s            -1.41015625
 4p            -1.41015625

 iter       Etot             Ebs             Ehxc       de_max   dv_max
   1    -1219.8215827    -725.2788958    -494.5426870 0.97E+00 0.20E+01
   2    -1213.5381573    -715.9347038    -497.6034535 0.41E+00 0.10E+01
   3    -1197.6369452    -703.7962678    -493.8406773 0.86E+00 0.20E+00
   4    -1199.4435516    -704.7101498    -494.7334018 0.10E+01 0.74E-01
 !WARNING! positive eigenvalue predicted in scpot  nlm= 320     new e =-.1183006E+01
 !WARNING! : schsl found a positive eigenvalue. n,l=:   3   2
   5    -1200.0878997    -704.7605992    -495.3273005 0.97E+00 0.36E-01
 !WARNING! positive eigenvalue predicted in scpot  nlm= 320     new e =-.1169939E+01
 !WARNING! : schsl found a positive eigenvalue. n,l=:   3   2
   6    -1199.9471554    -704.4425031    -495.5046523 0.83E-02 0.23E-01
 !WARNING! positive eigenvalue predicted in scpot  nlm= 320     new e =-.1152501E+01
 !WARNING! : schsl found a positive eigenvalue. n,l=:   3   2
   7    -1199.3105053    -703.9544636    -495.3560417 0.20E-01 0.69E-02
   8    -1199.3061418    -704.0063757    -495.2997662 0.17E+03 0.60E-02
   9    -1199.3401733    -704.0527145    -495.2874587 0.10E+01 0.37E-02
  10    -1199.4098297    -704.1089106    -495.3009190 0.63E+00 0.58E-03
  11    -1199.4111028    -704.1053559    -495.3057468 0.82E-02 0.52E-03
  12    -1199.4051881    -704.0995611    -495.3056271 0.19E-01 0.38E-03
  13    -1199.4036378    -704.0984952    -495.3051426 0.12E-01 0.22E-03
  14    -1199.4031429    -704.0983119    -495.3048309 0.42E-02 0.15E-03
  15    -1199.4030947    -704.0983964    -495.3046983 0.75E-03 0.11E-03
  16    -1199.4031848    -704.0985210    -495.3046638 0.19E-03 0.77E-04
  17    -1199.4032642    -704.0985990    -495.3046651 0.15E-03 0.53E-04
  18    -1199.4033137    -704.0986421    -495.3046716 0.14E-03 0.37E-04
  19    -1199.4033344    -704.0986601    -495.3046743 0.11E-03 0.25E-04
  20    -1199.4033410    -704.0986677    -495.3046733 0.71E-04 0.17E-04
  21    -1199.4033425    -704.0986716    -495.3046708 0.38E-04 0.12E-04
  22    -1199.4033433    -704.0986748    -495.3046685 0.16E-04 0.79E-05
  23    -1199.4033445    -704.0986776    -495.3046669 0.43E-05 0.54E-05
  24    -1199.4033457    -704.0986798    -495.3046660 0.95E-06 0.37E-05
  25    -1199.4033468    -704.0986813    -495.3046655 0.18E-05 0.25E-05
  26    -1199.4033476    -704.0986823    -495.3046653 0.16E-05 0.17E-05
  27    -1199.4033481    -704.0986829    -495.3046652 0.97E-06 0.11E-05
  28    -1199.4033484    -704.0986833    -495.3046651 0.66E-06 0.76E-06
  29    -1199.4033485    -704.0986836    -495.3046650 0.41E-06 0.51E-06
  30    -1199.4033486    -704.0986838    -495.3046649 0.29E-06 0.35E-06
  31    -1199.4033487    -704.0986839    -495.3046648 0.20E-06 0.24E-06
  32    -1199.4033488    -704.0986840    -495.3046648 0.23E-06 0.16E-06
  33    -1199.4033488    -704.0986840    -495.3046648 0.19E-06 0.11E-06
  34    -1199.4033489    -704.0986841    -495.3046648 0.15E-06 0.73E-07
  35    -1199.4033489    -704.0986841    -495.3046648 0.11E-06 0.49E-07
  36    -1199.4033489    -704.0986841    -495.3046648 0.92E-07 0.33E-07
  37    -1199.4033489    -704.0986841    -495.3046648 0.59E-07 0.22E-07
  38    -1199.4033489    -704.0986841    -495.3046648 0.44E-07 0.15E-07
  39    -1199.4033489    -704.0986841    -495.3046648 0.31E-07 0.10E-07
  40    -1199.4033489    -704.0986841    -495.3046648 0.23E-07 0.69E-08
  41    -1199.4033489    -704.0986841    -495.3046648 0.16E-07 0.46E-08
  42    -1199.4033489    -704.0986841    -495.3046648 0.11E-07 0.31E-08
  43    -1199.4033489    -704.0986841    -495.3046648 0.76E-08 0.21E-08

   43 iterations: (units are Ry and bohr)
 Energy:   -1199.40334891  Ebs:    -704.09868414  Ehxc:    -495.30466478
 Eh    :     514.81038184  Exc:     -66.38861845

   Orbital    Filling       Eigenvalues    Norm(rc->oo)      Peak
    |100>      2.000        -257.624801
    |200>      2.000         -25.776045
    |210>      6.000         -20.589981
    |300>      2.000          -2.590547      0.387853      1.081317
    |310>      6.000          -1.400410      0.471951      1.153937
    |320>      0.000          -0.000541      0.989313      8.005910
    |400>      0.960          -0.180780      0.976938      4.179451
    |410>      0.000          -0.068464      0.987852      5.636030


 ===============Configuration 1 NL: Calc ===============
 ---------Eigenvalue guesses---------
 1s            -2.95621174
 2p            -1.76476734
 3d            -0.24319666
 2s            -0.43081614
 3p            -0.26894171
 Performing non-local pseudopotential calculation
 Using the s potential as the local potential

 iter       Etot             Ebs             Ehxc       de_max   dv_max
   1      -60.2397846     -16.9164433     -43.3233413 0.44E-02 0.17E+01
   2      -58.1281142     -15.1839492     -42.9441650 0.59E+00 0.86E+00
 !WARNING! positive eigenvalue predicted in scpot  nlm= 320     new e =-.2641537E+01
   3      -56.5594056     -13.8487616     -42.7106440 0.96E+00 0.49E-01
 !WARNING! : schsl found a positive eigenvalue. n,l=:   3   2
   4      -56.3828663     -13.7048939     -42.6779724 0.10E+01 0.19E-01
 !WARNING! : schsl found a positive eigenvalue. n,l=:   3   2
   5      -56.3649420     -13.7060812     -42.6588608 0.94E-02 0.65E-02
 !WARNING! : schsl found a positive eigenvalue. n,l=:   3   2
   6      -56.3733635     -13.7213332     -42.6520303 0.80E-02 0.45E-02
   7      -56.3970715     -13.7427829     -42.6542886 0.38E+02 0.18E-02
   8      -56.3979550     -13.7431336     -42.6548214 0.16E+01 0.13E-02
   9      -56.3974937     -13.7427956     -42.6546980 0.16E+00 0.11E-02
  10      -56.3969697     -13.7426204     -42.6543493 0.11E+00 0.93E-03
  11      -56.3967274     -13.7427093     -42.6540180 0.15E+00 0.41E-03
  12      -56.3967274     -13.7429151     -42.6538122 0.79E-01 0.20E-03
  13      -56.3968432     -13.7431235     -42.6537197 0.40E-01 0.15E-03
  14      -56.3969690     -13.7432787     -42.6536903 0.22E-01 0.12E-03
  15      -56.3970602     -13.7433747     -42.6536855 0.13E-01 0.82E-04
  16      -56.3971133     -13.7434267     -42.6536866 0.75E-02 0.56E-04
  17      -56.3971396     -13.7434526     -42.6536871 0.42E-02 0.38E-04
  18      -56.3971514     -13.7434653     -42.6536861 0.24E-02 0.25E-04
  19      -56.3971564     -13.7434721     -42.6536843 0.14E-02 0.17E-04
  20      -56.3971589     -13.7434763     -42.6536826 0.89E-03 0.12E-04
  21      -56.3971605     -13.7434793     -42.6536813 0.58E-03 0.79E-05
  22      -56.3971617     -13.7434813     -42.6536804 0.39E-03 0.54E-05
  23      -56.3971628     -13.7434830     -42.6536798 0.26E-03 0.37E-05
  24      -56.3971635     -13.7434840     -42.6536794 0.18E-03 0.25E-05
  25      -56.3971640     -13.7434847     -42.6536792 0.12E-03 0.17E-05
  26      -56.3971644     -13.7434853     -42.6536791 0.80E-04 0.12E-05
  27      -56.3971646     -13.7434856     -42.6536790 0.53E-04 0.80E-06
  28      -56.3971647     -13.7434858     -42.6536789 0.35E-04 0.54E-06
  29      -56.3971648     -13.7434859     -42.6536789 0.23E-04 0.37E-06
  30      -56.3971649     -13.7434860     -42.6536789 0.16E-04 0.25E-06
  31      -56.3971649     -13.7434861     -42.6536788 0.10E-04 0.17E-06
  32      -56.3971649     -13.7434861     -42.6536788 0.68E-05 0.11E-06
  33      -56.3971649     -13.7434861     -42.6536788 0.45E-05 0.80E-07
  34      -56.3971649     -13.7434862     -42.6536788 0.32E-05 0.55E-07
  35      -56.3971650     -13.7434862     -42.6536788 0.23E-05 0.37E-07
  36      -56.3971650     -13.7434862     -42.6536788 0.15E-05 0.25E-07
  37      -56.3971650     -13.7434862     -42.6536788 0.10E-05 0.17E-07
  38      -56.3971650     -13.7434862     -42.6536788 0.65E-06 0.12E-07
  39      -56.3971650     -13.7434862     -42.6536788 0.42E-06 0.78E-08
  40      -56.3971650     -13.7434862     -42.6536788 0.28E-06 0.53E-08
  41      -56.3971650     -13.7434862     -42.6536788 0.18E-06 0.36E-08
  42      -56.3971650     -13.7434862     -42.6536788 0.11E-06 0.24E-08
  43      -56.3971650     -13.7434862     -42.6536788 0.87E-07 0.16E-08
  44      -56.3971650     -13.7434862     -42.6536788 0.50E-07 0.11E-08
  45      -56.3971650     -13.7434862     -42.6536788 0.33E-07 0.74E-09
  46      -56.3971650     -13.7434862     -42.6536788 0.22E-07 0.50E-09
  47      -56.3971650     -13.7434862     -42.6536788 0.15E-07 0.34E-09
  48      -56.3971650     -13.7434862     -42.6536788 0.10E-07 0.23E-09

   48 iterations: (units are Ry and bohr)
 Energy:     -56.39716498  Ebs:     -13.74348619  Ehxc:     -42.65367878
 Eh    :      45.16238150  Exc:      -8.48149586

   Orbital    Filling       Eigenvalues    Norm(rc->oo)      Peak
    |100>      2.000          -2.588704      0.387912      1.109800
    |210>      6.000          -1.398691      0.472052      1.184333
    |320>      0.000          -0.000176      0.989700      8.005910
    |200>      0.960          -0.181181      0.976001      4.125470
    |310>      0.000          -0.068068      0.987677      5.636030

 ---Non-local ghost testing---
 Local state: 1s

 Test  state: 1s
 ...seems like this angular momentum is the local part!

 Test  state: 2p
 KB energy :  -9.222115  KB strength:   2.283897  KB cosine:  -0.247654
 el0       :  -1.060225  el1        :  -0.056760  eig      :  -1.398691
 No ghosts!  Ekb<0  and eig < el0

 Test  state: 3d
 !WARNING! : schsl found a positive eigenvalue. n,l=:   3   2
 !WARNING! No solution for ground state of local potential.  Setting e=0.0
 !WARNING! : schsl found too few nodes   n,l=   4   2  e= -.7517E-08
 !WARNING! No solution for 1st excited state of local potential.  Setting e=0.0
 KB energy : -12.964970  KB strength:   2.331177  KB cosine:  -0.179806
 el0       :   0.000000  el1        :   0.000000  eig      :  -0.000176
 No ghosts!  Ekb<0  and eig < el0

 Test  state: 2s
 ...seems like this angular momentum is the local part!

 Test  state: 3p
 !WARNING! : schsl found a positive eigenvalue. n,l=:   4   1
 !WARNING! No solution for 1st excited state of local potential.  Setting e=0.0
 KB energy :  -9.222115  KB strength:   2.283897  KB cosine:  -0.247654
 el0       :  -0.056760  el1        :   0.000000  eig      :  -0.068068
 No ghosts!  Ekb<0  and eig < el0
 ------------------------------

 No ghosts present for local potential



 ===============Configuration 2 AE Calc=============== 
 ---------Eigenvalue guesses---------
 1s          -361.00000000
 2s           -22.56250000
 2p           -22.56250000
 3s            -4.45679012
 3p            -4.45679012
 3d            -4.45679012
 4s            -1.41015625
 4p            -1.41015625

 iter       Etot             Ebs             Ehxc       de_max   dv_max
   1    -1215.3220607    -722.8462615    -492.4757992 0.97E+00 0.20E+01
   2    -1212.9650709    -715.5250948    -497.4399761 0.40E+00 0.10E+01
   3    -1197.5347882    -703.6886991    -493.8460891 0.81E+00 0.20E+00
   4    -1199.3657476    -704.7167204    -494.6490272 0.61E+00 0.13E+00
   5    -1200.0033443    -704.8206717    -495.1826726 0.17E+00 0.13E+00
   6    -1199.8590246    -704.5329589    -495.3260657 0.26E+00 0.42E-01
   7    -1199.3134103    -704.1128063    -495.2006040 0.20E+00 0.11E-01
   8    -1199.3076631    -704.1560110    -495.1516521 0.56E-01 0.63E-02
   9    -1199.3382674    -704.1966139    -495.1416536 0.10E-01 0.64E-02
  10    -1199.4003575    -704.2450154    -495.1553421 0.56E-02 0.60E-02
  11    -1199.4011850    -704.2409109    -495.1602741 0.30E-02 0.46E-02
  12    -1199.3948847    -704.2347919    -495.1600929 0.42E-02 0.96E-03
  13    -1199.3933938    -704.2337120    -495.1596818 0.19E-02 0.47E-03
  14    -1199.3929351    -704.2335219    -495.1594132 0.21E-03 0.29E-03
  15    -1199.3928834    -704.2335833    -495.1593001 0.35E-04 0.20E-03
  16    -1199.3929585    -704.2336856    -495.1592729 0.26E-04 0.20E-03
  17    -1199.3930312    -704.2337525    -495.1592786 0.20E-04 0.17E-03
  18    -1199.3930754    -704.2337861    -495.1592893 0.29E-04 0.13E-03
  19    -1199.3930926    -704.2337959    -495.1592967 0.28E-04 0.10E-03
  20    -1199.3930990    -704.2337992    -495.1592998 0.24E-04 0.73E-04
  21    -1199.3930989    -704.2337981    -495.1593008 0.19E-04 0.54E-04
  22    -1199.3930982    -704.2337971    -495.1593011 0.14E-04 0.39E-04
  23    -1199.3930979    -704.2337964    -495.1593015 0.11E-04 0.29E-04
  24    -1199.3930980    -704.2337958    -495.1593022 0.81E-05 0.22E-04
  25    -1199.3930981    -704.2337952    -495.1593029 0.62E-05 0.16E-04
  26    -1199.3930981    -704.2337945    -495.1593036 0.48E-05 0.12E-04
  27    -1199.3930980    -704.2337939    -495.1593041 0.38E-05 0.93E-05
  28    -1199.3930978    -704.2337932    -495.1593046 0.30E-05 0.71E-05
  29    -1199.3930977    -704.2337927    -495.1593050 0.24E-05 0.55E-05
  30    -1199.3930975    -704.2337923    -495.1593053 0.19E-05 0.42E-05
  31    -1199.3930974    -704.2337919    -495.1593055 0.16E-05 0.33E-05
  32    -1199.3930973    -704.2337916    -495.1593057 0.13E-05 0.26E-05
  33    -1199.3930972    -704.2337913    -495.1593059 0.10E-05 0.20E-05
  34    -1199.3930971    -704.2337911    -495.1593060 0.83E-06 0.16E-05
  35    -1199.3930971    -704.2337909    -495.1593062 0.68E-06 0.13E-05
  36    -1199.3930970    -704.2337907    -495.1593063 0.55E-06 0.10E-05
  37    -1199.3930970    -704.2337906    -495.1593063 0.45E-06 0.80E-06
  38    -1199.3930969    -704.2337905    -495.1593064 0.36E-06 0.64E-06
  39    -1199.3930969    -704.2337904    -495.1593065 0.31E-06 0.51E-06
  40    -1199.3930969    -704.2337904    -495.1593065 0.24E-06 0.43E-06
  41    -1199.3930969    -704.2337903    -495.1593065 0.21E-06 0.36E-06
  42    -1199.3930968    -704.2337903    -495.1593066 0.16E-06 0.29E-06
  43    -1199.3930968    -704.2337902    -495.1593066 0.14E-06 0.24E-06
  44    -1199.3930968    -704.2337902    -495.1593066 0.12E-06 0.20E-06
  45    -1199.3930968    -704.2337902    -495.1593066 0.92E-07 0.17E-06
  46    -1199.3930968    -704.2337901    -495.1593067 0.76E-07 0.14E-06
  47    -1199.3930968    -704.2337901    -495.1593067 0.62E-07 0.12E-06
  48    -1199.3930968    -704.2337901    -495.1593067 0.51E-07 0.96E-07
  49    -1199.3930968    -704.2337901    -495.1593067 0.41E-07 0.79E-07
  50    -1199.3930968    -704.2337901    -495.1593067 0.34E-07 0.65E-07
  51    -1199.3930968    -704.2337901    -495.1593067 0.30E-07 0.53E-07
  52    -1199.3930968    -704.2337901    -495.1593067 0.25E-07 0.43E-07
  53    -1199.3930968    -704.2337900    -495.1593067 0.30E-07 0.37E-07
  54    -1199.3930968    -704.2337900    -495.1593067 0.17E-07 0.30E-07
  55    -1199.3930968    -704.2337900    -495.1593067 0.14E-07 0.25E-07
  56    -1199.3930968    -704.2337900    -495.1593067 0.11E-07 0.20E-07
  57    -1199.3930968    -704.2337900    -495.1593067 0.86E-08 0.17E-07

   57 iterations: (units are Ry and bohr)
 Energy:   -1199.39309676  Ebs:    -704.23379003  Ehxc:    -495.15930673
 Eh    :     514.66295433  Exc:     -66.38177360

   Orbital    Filling       Eigenvalues    Norm(rc->oo)      Peak
    |100>      2.000        -257.632994
    |200>      2.000         -25.784032
    |210>      6.000         -20.597987
    |300>      2.000          -2.598337      0.387841      1.081317
    |310>      6.000          -1.408156      0.471887      1.153937
    |320>      0.100          -0.009432      0.994823     10.796046
    |400>      0.900          -0.183629      0.976535      4.125470
    |410>      0.000          -0.070917      0.988054      5.636030


 ===============Configuration 2 NL: Calc ===============
 ---------Eigenvalue guesses---------
 1s            -2.95621174
 2p            -1.76476734
 3d            -0.24319666
 2s            -0.43081614
 3p            -0.26894171
 Performing non-local pseudopotential calculation
 Using the s potential as the local potential

 iter       Etot             Ebs             Ehxc       de_max   dv_max
   1      -60.5891759     -16.9147995     -43.6743764 0.44E-02 0.18E+01
   2      -58.0908841     -15.0184959     -43.0723882 0.63E+00 0.90E+00
 !WARNING! positive eigenvalue predicted in scpot  nlm= 320     new e =-.2637957E+01
   3      -56.4239770     -13.7750547     -42.6489223 0.95E+00 0.30E+00
   4      -56.3329784     -13.7178860     -42.6150923 0.49E-01 0.13E+00
   5      -56.3577999     -13.7626248     -42.5951751 0.68E+00 0.33E-01
   6      -56.3763367     -13.7865918     -42.5897448 0.12E+00 0.18E-01
   7      -56.3854379     -13.7960642     -42.5893737 0.46E-01 0.10E-01
   8      -56.3858228     -13.7973910     -42.5884318 0.23E-01 0.70E-02
   9      -56.3855781     -13.7979253     -42.5876527 0.73E-02 0.83E-02
  10      -56.3855450     -13.7985299     -42.5870151 0.61E-02 0.77E-02
  11      -56.3854471     -13.7991934     -42.5862537 0.11E-01 0.51E-02
  12      -56.3856251     -13.7998807     -42.5857444 0.56E-02 0.49E-02
  13      -56.3859161     -13.8004837     -42.5854324 0.37E-02 0.45E-02
  14      -56.3861881     -13.8009489     -42.5852392 0.23E-02 0.37E-02
  15      -56.3863764     -13.8012784     -42.5850980 0.17E-02 0.30E-02
  16      -56.3865495     -13.8015141     -42.5850355 0.74E-03 0.26E-02
  17      -56.3866566     -13.8016670     -42.5849896 0.55E-03 0.19E-02
  18      -56.3866972     -13.8017678     -42.5849294 0.75E-03 0.18E-02
  19      -56.3867125     -13.8018478     -42.5848647 0.71E-03 0.17E-02
  20      -56.3867289     -13.8019199     -42.5848090 0.60E-03 0.94E-03
  21      -56.3867482     -13.8019842     -42.5847640 0.47E-03 0.89E-03
  22      -56.3867681     -13.8020394     -42.5847287 0.39E-03 0.87E-03
  23      -56.3867882     -13.8020851     -42.5847031 0.25E-03 0.77E-03
  24      -56.3868029     -13.8021213     -42.5846816 0.20E-03 0.57E-03
  25      -56.3868131     -13.8021504     -42.5846627 0.19E-03 0.53E-03
  26      -56.3868207     -13.8021745     -42.5846462 0.18E-03 0.47E-03
  27      -56.3868266     -13.8021950     -42.5846316 0.15E-03 0.41E-03
  28      -56.3868317     -13.8022126     -42.5846191 0.13E-03 0.35E-03
  29      -56.3868361     -13.8022278     -42.5846083 0.11E-03 0.31E-03
  30      -56.3868400     -13.8022409     -42.5845991 0.94E-04 0.27E-03
  31      -56.3868434     -13.8022521     -42.5845913 0.80E-04 0.24E-03
  32      -56.3868463     -13.8022618     -42.5845845 0.69E-04 0.21E-03
  33      -56.3868488     -13.8022700     -42.5845788 0.59E-04 0.18E-03
  34      -56.3868509     -13.8022770     -42.5845739 0.50E-04 0.16E-03
  35      -56.3868527     -13.8022830     -42.5845697 0.43E-04 0.14E-03
  36      -56.3868543     -13.8022882     -42.5845661 0.37E-04 0.12E-03
  37      -56.3868556     -13.8022926     -42.5845630 0.32E-04 0.10E-03
  38      -56.3868567     -13.8022964     -42.5845604 0.27E-04 0.90E-04
  39      -56.3868577     -13.8022996     -42.5845581 0.23E-04 0.78E-04
  40      -56.3868585     -13.8023023     -42.5845562 0.20E-04 0.67E-04
  41      -56.3868592     -13.8023047     -42.5845545 0.17E-04 0.58E-04
  42      -56.3868598     -13.8023068     -42.5845531 0.15E-04 0.50E-04
  43      -56.3868603     -13.8023085     -42.5845518 0.13E-04 0.43E-04
  44      -56.3868608     -13.8023100     -42.5845508 0.11E-04 0.38E-04
  45      -56.3868611     -13.8023112     -42.5845499 0.93E-05 0.32E-04
  46      -56.3868615     -13.8023124     -42.5845491 0.79E-05 0.28E-04
  47      -56.3868618     -13.8023133     -42.5845484 0.68E-05 0.24E-04
  48      -56.3868620     -13.8023141     -42.5845479 0.59E-05 0.21E-04
  49      -56.3868622     -13.8023148     -42.5845474 0.50E-05 0.18E-04
  50      -56.3868624     -13.8023154     -42.5845470 0.43E-05 0.15E-04
  51      -56.3868625     -13.8023159     -42.5845466 0.37E-05 0.13E-04
  52      -56.3868627     -13.8023163     -42.5845463 0.32E-05 0.11E-04
  53      -56.3868628     -13.8023167     -42.5845460 0.27E-05 0.98E-05
  54      -56.3868628     -13.8023170     -42.5845458 0.23E-05 0.85E-05
  55      -56.3868629     -13.8023173     -42.5845456 0.20E-05 0.73E-05
  56      -56.3868630     -13.8023175     -42.5845454 0.17E-05 0.63E-05
  57      -56.3868630     -13.8023177     -42.5845453 0.15E-05 0.54E-05
  58      -56.3868631     -13.8023179     -42.5845452 0.13E-05 0.46E-05
  59      -56.3868631     -13.8023181     -42.5845451 0.11E-05 0.40E-05
  60      -56.3868632     -13.8023182     -42.5845450 0.94E-06 0.34E-05
  61      -56.3868632     -13.8023183     -42.5845449 0.81E-06 0.29E-05
  62      -56.3868632     -13.8023184     -42.5845448 0.69E-06 0.25E-05
  63      -56.3868633     -13.8023185     -42.5845448 0.59E-06 0.22E-05
  64      -56.3868633     -13.8023185     -42.5845447 0.50E-06 0.19E-05
  65      -56.3868633     -13.8023186     -42.5845447 0.45E-06 0.16E-05
  66      -56.3868633     -13.8023187     -42.5845447 0.37E-06 0.14E-05
  67      -56.3868633     -13.8023187     -42.5845446 0.33E-06 0.12E-05
  68      -56.3868633     -13.8023187     -42.5845446 0.27E-06 0.10E-05
  69      -56.3868633     -13.8023188     -42.5845446 0.23E-06 0.87E-06
  70      -56.3868633     -13.8023188     -42.5845445 0.22E-06 0.75E-06
  71      -56.3868634     -13.8023188     -42.5845445 0.18E-06 0.64E-06
  72      -56.3868634     -13.8023188     -42.5845445 0.15E-06 0.55E-06
  73      -56.3868634     -13.8023189     -42.5845445 0.13E-06 0.47E-06
  74      -56.3868634     -13.8023189     -42.5845445 0.12E-06 0.41E-06
  75      -56.3868634     -13.8023189     -42.5845445 0.94E-07 0.35E-06
  76      -56.3868634     -13.8023189     -42.5845445 0.81E-07 0.30E-06
  77      -56.3868634     -13.8023189     -42.5845445 0.69E-07 0.26E-06
  78      -56.3868634     -13.8023189     -42.5845445 0.59E-07 0.22E-06
  79      -56.3868634     -13.8023189     -42.5845445 0.50E-07 0.19E-06
  80      -56.3868634     -13.8023189     -42.5845445 0.43E-07 0.16E-06
  81      -56.3868634     -13.8023189     -42.5845444 0.37E-07 0.14E-06
  82      -56.3868634     -13.8023189     -42.5845444 0.31E-07 0.12E-06
  83      -56.3868634     -13.8023189     -42.5845444 0.27E-07 0.10E-06
  84      -56.3868634     -13.8023189     -42.5845444 0.23E-07 0.88E-07
  85      -56.3868634     -13.8023190     -42.5845444 0.30E-07 0.77E-07
  86      -56.3868634     -13.8023190     -42.5845444 0.19E-07 0.66E-07
  87      -56.3868634     -13.8023190     -42.5845444 0.17E-07 0.57E-07
  88      -56.3868634     -13.8023190     -42.5845444 0.14E-07 0.49E-07
  89      -56.3868634     -13.8023190     -42.5845444 0.12E-07 0.42E-07
  90      -56.3868634     -13.8023190     -42.5845444 0.10E-07 0.37E-07
  91      -56.3868634     -13.8023190     -42.5845444 0.86E-08 0.31E-07

   91 iterations: (units are Ry and bohr)
 Energy:     -56.38686339  Ebs:     -13.80231896  Ehxc:     -42.58454443
 Eh    :      45.09118357  Exc:      -8.47467352

   Orbital    Filling       Eigenvalues    Norm(rc->oo)      Peak
    |100>      2.000          -2.596979      0.387896      1.109800
    |210>      6.000          -1.406914      0.471981      1.184333
    |320>      0.100          -0.009454      0.995177     11.225410
    |200>      0.900          -0.184372      0.975558      4.125470
    |310>      0.000          -0.070749      0.987858      5.636030

 ---Non-local ghost testing---
 Local state: 1s

 Test  state: 1s
 ...seems like this angular momentum is the local part!

 Test  state: 2p
 KB energy :  -9.222115  KB strength:   2.283897  KB cosine:  -0.247654
 el0       :  -1.068363  el1        :  -0.059738  eig      :  -1.406914
 No ghosts!  Ekb<0  and eig < el0

 Test  state: 3d
 !WARNING! : schsl found a positive eigenvalue. n,l=:   4   2
 !WARNING! No solution for 1st excited state of local potential.  Setting e=0.0
 KB energy : -12.964970  KB strength:   2.331177  KB cosine:  -0.179806
 el0       :  -0.007854  el1        :   0.000000  eig      :  -0.009454
 No ghosts!  Ekb<0  and eig < el0

 Test  state: 2s
 ...seems like this angular momentum is the local part!

 Test  state: 3p
 KB energy :  -9.222115  KB strength:   2.283897  KB cosine:  -0.247654
 el0       :  -0.059738  el1        :  -0.010391  eig      :  -0.070749
 No ghosts!  Ekb<0  and eig < el0
 ------------------------------

 No ghosts present for local potential



 ===============Configuration 3 AE Calc=============== 
 ---------Eigenvalue guesses---------
 1s          -361.00000000
 2s           -22.56250000
 2p           -22.56250000
 3s            -4.45679012
 3p            -4.45679012
 3d            -4.45679012
 4s            -1.41015625
 4p            -1.41015625

 iter       Etot             Ebs             Ehxc       de_max   dv_max
   1    -1214.9237625    -722.8288600    -492.0949025 0.97E+00 0.20E+01
   2    -1212.8281504    -715.6786645    -497.1494859 0.37E+00 0.10E+01
   3    -1197.6164500    -703.9371350    -493.6793149 0.73E+00 0.20E+00
   4    -1199.2848878    -704.9159216    -494.3689661 0.49E+00 0.12E+00
   5    -1199.9076490    -705.0570174    -494.8506316 0.65E-01 0.12E+00
   6    -1199.8010487    -704.8226699    -494.9783788 0.19E+00 0.60E-01
   7    -1199.3216323    -704.4383843    -494.8832480 0.19E+00 0.78E-02
   8    -1199.3149598    -704.4670876    -494.8478722 0.37E-01 0.89E-02
   9    -1199.3385705    -704.4957704    -494.8428001 0.55E-02 0.93E-02
  10    -1199.3835439    -704.5279989    -494.8555449 0.13E-02 0.83E-02
  11    -1199.3837992    -704.5236466    -494.8601526 0.41E-02 0.55E-02
  12    -1199.3778462    -704.5177999    -494.8600462 0.56E-02 0.13E-02
  13    -1199.3762356    -704.5164338    -494.8598018 0.17E-02 0.18E-02
  14    -1199.3757091    -704.5160360    -494.8596732 0.41E-03 0.90E-03
  15    -1199.3755610    -704.5159270    -494.8596340 0.14E-03 0.36E-03
  16    -1199.3755433    -704.5159038    -494.8596395 0.14E-03 0.40E-03
  17    -1199.3755540    -704.5158861    -494.8596678 0.15E-03 0.34E-03
  18    -1199.3755669    -704.5158659    -494.8597010 0.13E-03 0.27E-03
  19    -1199.3755689    -704.5158395    -494.8597295 0.11E-03 0.20E-03
  20    -1199.3755626    -704.5158114    -494.8597512 0.88E-04 0.15E-03
  21    -1199.3755535    -704.5157863    -494.8597672 0.69E-04 0.11E-03
  22    -1199.3755446    -704.5157656    -494.8597790 0.54E-04 0.85E-04
  23    -1199.3755372    -704.5157492    -494.8597880 0.41E-04 0.63E-04
  24    -1199.3755315    -704.5157365    -494.8597950 0.32E-04 0.50E-04
  25    -1199.3755270    -704.5157266    -494.8598005 0.25E-04 0.40E-04
  26    -1199.3755236    -704.5157188    -494.8598047 0.19E-04 0.31E-04
  27    -1199.3755209    -704.5157127    -494.8598082 0.15E-04 0.25E-04
  28    -1199.3755188    -704.5157080    -494.8598108 0.12E-04 0.20E-04
  29    -1199.3755172    -704.5157043    -494.8598129 0.91E-05 0.15E-04
  30    -1199.3755159    -704.5157014    -494.8598145 0.71E-05 0.12E-04
  31    -1199.3755148    -704.5156991    -494.8598157 0.55E-05 0.96E-05
  32    -1199.3755140    -704.5156974    -494.8598166 0.43E-05 0.76E-05
  33    -1199.3755134    -704.5156960    -494.8598175 0.33E-05 0.60E-05
  34    -1199.3755129    -704.5156949    -494.8598180 0.26E-05 0.47E-05
  35    -1199.3755126    -704.5156941    -494.8598185 0.20E-05 0.37E-05
  36    -1199.3755123    -704.5156934    -494.8598188 0.16E-05 0.29E-05
  37    -1199.3755120    -704.5156929    -494.8598191 0.12E-05 0.23E-05
  38    -1199.3755119    -704.5156926    -494.8598193 0.96E-06 0.18E-05
  39    -1199.3755117    -704.5156923    -494.8598195 0.75E-06 0.14E-05
  40    -1199.3755116    -704.5156920    -494.8598196 0.58E-06 0.11E-05
  41    -1199.3755116    -704.5156919    -494.8598197 0.45E-06 0.86E-06
  42    -1199.3755115    -704.5156917    -494.8598198 0.35E-06 0.67E-06
  43    -1199.3755114    -704.5156916    -494.8598198 0.27E-06 0.53E-06
  44    -1199.3755114    -704.5156915    -494.8598199 0.22E-06 0.41E-06
  45    -1199.3755114    -704.5156915    -494.8598199 0.16E-06 0.32E-06
  46    -1199.3755114    -704.5156914    -494.8598199 0.13E-06 0.25E-06
  47    -1199.3755113    -704.5156914    -494.8598200 0.11E-06 0.20E-06
  48    -1199.3755113    -704.5156914    -494.8598200 0.79E-07 0.16E-06
  49    -1199.3755113    -704.5156913    -494.8598200 0.64E-07 0.12E-06
  50    -1199.3755113    -704.5156913    -494.8598200 0.50E-07 0.94E-07
  51    -1199.3755113    -704.5156913    -494.8598200 0.37E-07 0.72E-07
  52    -1199.3755113    -704.5156913    -494.8598200 0.28E-07 0.56E-07
  53    -1199.3755113    -704.5156913    -494.8598200 0.21E-07 0.43E-07
  54    -1199.3755113    -704.5156913    -494.8598200 0.16E-07 0.33E-07
  55    -1199.3755113    -704.5156913    -494.8598200 0.12E-07 0.26E-07
  56    -1199.3755113    -704.5156912    -494.8598200 0.20E-07 0.23E-07
  57    -1199.3755113    -704.5156912    -494.8598200 0.99E-08 0.19E-07

   57 iterations: (units are Ry and bohr)
 Energy:   -1199.37551129  Ebs:    -704.51569124  Ehxc:    -494.85982005
 Eh    :     514.36044552  Exc:     -66.37167873

   Orbital    Filling       Eigenvalues    Norm(rc->oo)      Peak
    |100>      2.000        -257.649716
    |200>      2.000         -25.800312
    |210>      6.000         -20.614307
    |300>      2.000          -2.614290      0.387838      1.081317
    |310>      6.000          -1.424067      0.471814      1.153937
    |320>      0.200          -0.014998      0.991194      9.236656
    |400>      0.800          -0.192265      0.975892      4.072186
    |410>      0.000          -0.077758      0.987742      5.636030


 ===============Configuration 3 NL: Calc ===============
 ---------Eigenvalue guesses---------
 1s            -2.95621174
 2p            -1.76476734
 3d            -0.24319666
 2s            -0.43081614
 3p            -0.26894171
 Performing non-local pseudopotential calculation
 Using the s potential as the local potential

 iter       Etot             Ebs             Ehxc       de_max   dv_max
   1      -60.7335596     -16.8958467     -43.8377129 0.44E-02 0.18E+01
   2      -57.9468910     -14.9254526     -43.0214384 0.64E+00 0.90E+00
 !WARNING! positive eigenvalue predicted in scpot  nlm= 320     new e =-.2641660E+01
   3      -56.3012700     -13.8268812     -42.4743888 0.89E+00 0.30E+00
   4      -56.2834794     -13.8274340     -42.4560453 0.43E-01 0.13E+00
   5      -56.3597959     -13.9045731     -42.4552228 0.34E+00 0.23E-01
   6      -56.3665063     -13.9130390     -42.4534673 0.50E-01 0.14E-01
   7      -56.3662272     -13.9149168     -42.4513104 0.21E-01 0.91E-02
   8      -56.3660852     -13.9165022     -42.4495830 0.13E-01 0.63E-02
   9      -56.3667317     -13.9179838     -42.4487479 0.47E-02 0.72E-02
  10      -56.3680093     -13.9196960     -42.4483133 0.38E-02 0.64E-02
  11      -56.3682471     -13.9205300     -42.4477171 0.70E-02 0.28E-02
  12      -56.3683753     -13.9210512     -42.4473241 0.33E-02 0.24E-02
  13      -56.3685011     -13.9214556     -42.4470455 0.19E-02 0.18E-02
  14      -56.3686442     -13.9217927     -42.4468515 0.15E-02 0.15E-02
  15      -56.3687950     -13.9220615     -42.4467335 0.11E-02 0.87E-03
  16      -56.3689733     -13.9222581     -42.4467151 0.59E-03 0.94E-03
  17      -56.3690846     -13.9223709     -42.4467137 0.42E-03 0.81E-03
  18      -56.3691158     -13.9224298     -42.4466860 0.45E-03 0.47E-03
  19      -56.3691306     -13.9224717     -42.4466589 0.24E-03 0.39E-03
  20      -56.3691468     -13.9225060     -42.4466408 0.13E-03 0.31E-03
  21      -56.3691593     -13.9225326     -42.4466267 0.11E-03 0.26E-03
  22      -56.3691675     -13.9225532     -42.4466144 0.95E-04 0.22E-03
  23      -56.3691734     -13.9225697     -42.4466036 0.81E-04 0.18E-03
  24      -56.3691780     -13.9225835     -42.4465946 0.68E-04 0.15E-03
  25      -56.3691821     -13.9225950     -42.4465871 0.57E-04 0.12E-03
  26      -56.3691857     -13.9226045     -42.4465812 0.47E-04 0.10E-03
  27      -56.3691889     -13.9226124     -42.4465765 0.38E-04 0.81E-04
  28      -56.3691915     -13.9226186     -42.4465729 0.31E-04 0.66E-04
  29      -56.3691937     -13.9226237     -42.4465700 0.25E-04 0.53E-04
  30      -56.3691954     -13.9226276     -42.4465677 0.20E-04 0.42E-04
  31      -56.3691968     -13.9226309     -42.4465659 0.16E-04 0.34E-04
  32      -56.3691979     -13.9226334     -42.4465645 0.12E-04 0.27E-04
  33      -56.3691988     -13.9226354     -42.4465634 0.98E-05 0.22E-04
  34      -56.3691994     -13.9226369     -42.4465625 0.77E-05 0.17E-04
  35      -56.3691999     -13.9226382     -42.4465618 0.61E-05 0.14E-04
  36      -56.3692003     -13.9226391     -42.4465612 0.49E-05 0.11E-04
  37      -56.3692007     -13.9226400     -42.4465608 0.38E-05 0.89E-05
  38      -56.3692010     -13.9226406     -42.4465604 0.30E-05 0.71E-05
  39      -56.3692012     -13.9226410     -42.4465601 0.24E-05 0.56E-05
  40      -56.3692014     -13.9226415     -42.4465599 0.19E-05 0.45E-05
  41      -56.3692015     -13.9226418     -42.4465597 0.15E-05 0.36E-05
  42      -56.3692016     -13.9226420     -42.4465596 0.12E-05 0.28E-05
  43      -56.3692017     -13.9226422     -42.4465595 0.95E-06 0.23E-05
  44      -56.3692018     -13.9226424     -42.4465594 0.75E-06 0.18E-05
  45      -56.3692018     -13.9226425     -42.4465593 0.60E-06 0.14E-05
  46      -56.3692018     -13.9226426     -42.4465593 0.48E-06 0.11E-05
  47      -56.3692019     -13.9226426     -42.4465592 0.38E-06 0.90E-06
  48      -56.3692019     -13.9226427     -42.4465592 0.29E-06 0.71E-06
  49      -56.3692019     -13.9226427     -42.4465592 0.24E-06 0.57E-06
  50      -56.3692019     -13.9226428     -42.4465592 0.18E-06 0.45E-06
  51      -56.3692019     -13.9226428     -42.4465591 0.14E-06 0.36E-06
  52      -56.3692020     -13.9226428     -42.4465591 0.13E-06 0.28E-06
  53      -56.3692020     -13.9226429     -42.4465591 0.91E-07 0.23E-06
  54      -56.3692020     -13.9226429     -42.4465591 0.73E-07 0.18E-06
  55      -56.3692020     -13.9226429     -42.4465591 0.57E-07 0.14E-06
  56      -56.3692020     -13.9226429     -42.4465591 0.45E-07 0.11E-06
  57      -56.3692020     -13.9226429     -42.4465591 0.35E-07 0.88E-07
  58      -56.3692020     -13.9226429     -42.4465591 0.27E-07 0.70E-07
  59      -56.3692020     -13.9226429     -42.4465591 0.32E-07 0.58E-07
  60      -56.3692020     -13.9226429     -42.4465591 0.20E-07 0.47E-07
  61      -56.3692020     -13.9226429     -42.4465591 0.16E-07 0.37E-07
  62      -56.3692020     -13.9226429     -42.4465591 0.13E-07 0.30E-07
  63      -56.3692020     -13.9226429     -42.4465591 0.97E-08 0.23E-07

   63 iterations: (units are Ry and bohr)
 Energy:     -56.36920199  Ebs:     -13.92264291  Ehxc:     -42.44655908
 Eh    :      44.95029522  Exc:      -8.46499535

   Orbital    Filling       Eigenvalues    Norm(rc->oo)      Peak
    |100>      2.000          -2.613231      0.387886      1.109800
    |210>      6.000          -1.423110      0.471897      1.184333
    |320>      0.200          -0.015008      0.991523      9.479959
    |200>      0.800          -0.193153      0.974872      4.072186
    |310>      0.000          -0.077669      0.987536      5.636030

 ---Non-local ghost testing---
 Local state: 1s

 Test  state: 1s
 ...seems like this angular momentum is the local part!

 Test  state: 2p
 KB energy :  -9.222115  KB strength:   2.283897  KB cosine:  -0.247654
 el0       :  -1.084454  el1        :  -0.066397  eig      :  -1.423110
 No ghosts!  Ekb<0  and eig < el0

 Test  state: 3d
 !WARNING! : schsl found a positive eigenvalue. n,l=:   4   2
 !WARNING! No solution for 1st excited state of local potential.  Setting e=0.0
 KB energy : -12.964970  KB strength:   2.331177  KB cosine:  -0.179806
 el0       :  -0.012036  el1        :   0.000000  eig      :  -0.015008
 No ghosts!  Ekb<0  and eig < el0

 Test  state: 2s
 ...seems like this angular momentum is the local part!

 Test  state: 3p
 KB energy :  -9.222115  KB strength:   2.283897  KB cosine:  -0.247654
 el0       :  -0.066397  el1        :  -0.012479  eig      :  -0.077669
 No ghosts!  Ekb<0  and eig < el0
 ------------------------------

 No ghosts present for local potential

   ------------------------------------------------
   ================================================

 ======================================================================== 
 Begin KE convergence testing
 ======================================================================== 
 ----------------------------------------------------------------------
                     Kinetic energy convergence
      ==============================|100>==============================
      Ecut(Ry)  KE/electron(Ry)         KE error/electron (mRy,meV)
        24       1.438064141                69.119713     940.422076
        36       1.500409365                 6.774489      92.171661
        44       1.506509036                 0.674818       9.181369
        70       1.507111920                 0.071934       0.978710
      ==============================|210>==============================
      Ecut(Ry)  KE/electron(Ry)         KE error/electron (mRy,meV)
        13       2.748431881                71.373351     971.084401
        19       2.813207094                 6.598138      89.772286
        25       2.819091540                 0.713691       9.710271
        48       2.819734288                 0.070943       0.965232
      ==============================|320>==============================
      Ecut(Ry)  KE/electron(Ry)         KE error/electron (mRy,meV)
        27       1.825845494                71.161266     968.198832
        43       1.890042755                 6.964005      94.750157
        85       1.896280753                 0.726006       9.877822
       372       1.896938500                 0.068259       0.928715
      ==============================|200>==============================
      Ecut(Ry)  KE/electron(Ry)         KE error/electron (mRy,meV)
        24       1.438064141                69.119713     940.422076
        36       1.500409365                 6.774489      92.171661
        44       1.506509036                 0.674818       9.181369
        70       1.507111920                 0.071934       0.978710
      ==============================|310>==============================
      Ecut(Ry)  KE/electron(Ry)         KE error/electron (mRy,meV)
        13       2.748431881                71.373351     971.084401
        19       2.813207094                 6.598138      89.772286
        25       2.819091540                 0.713691       9.710271
        48       2.819734288                 0.070943       0.965232

 ======================================================================== 
 End KE convergence testing
 ======================================================================== 
<<<do_rpt>>>
<<<do_upf>>>
------------- closing opium session ------------
