##########################################################
#    Opium Report File                                   #
##########################################################
     Opium version:        3.8

### copy of the parameter file #######################

[Atom]
K
8
100   2.00   -
200   2.00   -
210   6.00   -
300   2.00   -
310   6.00   -
320   0.10   -
400   0.00   -  # orbitals must be in s,p,d,s,p,d order AND
410   0.00   -             # second l can't have electrons

[Pseudo]
5 1.35 1.40 1.31  1.35 1.37
opt             # no one uses kerker, use opt for real potentials

[Optinfo]
7.07     10
7.07     10
7.07     10
7.07     10
7.07     10
conmax             # when "NEW" minimization breaks, use conmax

[Configs]
3
#
300 2.00 -
310 6.00 -
320 0.0 -
400 0.96  -
410 0.00 -
#
300 2.0  -
310 6.00 -
320 0.10 -
400 0.90 -
410 0.00 -
#
300 2.0  -
310 6.00 -
320 0.20 -
400 0.80 -
410 0.00 -

[XC]
gga

### AE report ########################################

 AE:Orbital    Filling       Eigenvalues[Ry]          Norm
    ----------------------------------------------------------
	100	 2.000	    -257.9972747141
	200	 2.000	     -26.1446156387
	210	 6.000	     -20.9588804440
	300	 2.000	      -2.9562117398	  0.3874911018
	310	 6.000	      -1.7647673371	  0.4701575944
	320	 0.100	      -0.2431966609	  0.8844286854
	400	 0.000	      -0.4308161448	  0.9639034420
	410	 0.000	      -0.2689417091	  0.9741433965

      E_tot =    -1199.1209243470 Ry

### PS report ########################################

    ====================Optimized pseudopotential method====================

                       Pseudopotential convergence error                      
    Orbital      [mRy/e]       [meV/e]         [mRy]        [meV]        Ghost
    --------------------------------------------------------------------------
	300       0.173809      2.364797      0.347619      4.729593	    no
	310       0.075545      1.027844      0.453271      6.167065	    no
	320       2.301688     31.316074      0.230169      3.131607	    no

                  Tot. error =               1.031058     14.028265


### NL/SL report #####################################


 NL:Orbital    Filling       Eigenvalues[Ry]          Norm       Ghost
    ------------------------------------------------------------------
	100 	 2.000	      -2.9562117398	  0.3874911307	    no
	210 	 6.000	      -1.7647673371	  0.4701576237	    no
	320 	 0.100	      -0.2431966609	  0.8844335158	    no
	200 	 0.000	      -0.4327247879	  0.9624033917	    no
	310 	 0.000	      -0.2693338623	  0.9736281015	    no

	 ========== No ghosts in potential!!========== 

      E_tot =      -56.1136927987 Ry

### KE report ########################################

	 ===   Ecut necessary for ~1    eV convergence error / electron === 
	 --------------------------------------------------------------- 
		 	 Ecut[Ry] 	 error [meV/e] 
	100  		   24 	          940.422 
	210  		   13 	          971.084 
	320  		   27 	          968.199 
	200  		   24 	          940.422 
	310  		   13 	          971.084 
	 ===   Ecut necessary for ~100 meV convergence error / electron === 
	 --------------------------------------------------------------- 
		 	 Ecut[Ry] 	 error [meV/e] 
	100  		   36 	           92.172 
	210  		   19 	           89.772 
	320  		   43 	           94.750 
	200  		   36 	           92.172 
	310  		   19 	           89.772 

	 ===   Ecut necessary for  ~10 meV convergence error / electron === 
	 --------------------------------------------------------------- 
		 	 Ecut[Ry] 	 error [meV/e] 
	100  		   44 	            9.181 
	210  		   25 	            9.710 
	320  		   85 	            9.878 
	200  		   44 	            9.181 
	310  		   25 	            9.710 

	 ===   Ecut necessary for   ~1 meV convergence error / electron === 
	 --------------------------------------------------------------- 
		 	 Ecut[Ry] 	 error [meV/e] 
	100  		   70 	            0.979 
	210  		   48 	            0.965 
	320  		   372 	            0.929 
	200  		   70 	            0.979 
	310  		   48 	            0.965 

### TC report ########################################

 AE:Orbital    Filling       Eigenvalues[Ry]          Norm
    ----------------------------------------------------------
	100	 2.000	    -257.6248013490
	200	 2.000	     -25.7760448415
	210	 6.000	     -20.5899812784
	300	 2.000	      -2.5905474353	  0.3878534375
	310	 6.000	      -1.4004101348	  0.4719514491
	320	 0.000	      -0.0005412127	  0.9893132284
	400	 0.960	      -0.1807795892	  0.9769377881
	410	 0.000	      -0.0684635470	  0.9878516908

      E_tot =    -1199.4033489145 Ry

 NL:Orbital    Filling       Eigenvalues[Ry]          Norm       Ghost
    ------------------------------------------------------------------
	100 	 2.000	      -2.5887040701	  0.3879117059	    no
	210 	 6.000	      -1.3986906650	  0.4720522177	    no
	320 	 0.000	      -0.0001755620	  0.9897001506	    no
	200 	 0.960	      -0.1811813159	  0.9760006791	    no
	310 	 0.000	      -0.0680682797	  0.9876771216	    no

      E_tot =      -56.3971649751 Ry

 AE-NL:Orbital Filling       Eigenvalues[mRy]         Norm[1e-3] 
 AE-NL- --------------------------------------------------------------
 AE-NL- 100 	 2.000	      -1.8433651508	 -0.0582683383	
 AE-NL- 210 	 6.000	      -1.7194697457	 -0.1007685365	
 AE-NL- 320 	 0.000	      -0.3656506606	 -0.3869221737	
 AE-NL- 200 	 0.960	       0.4017267363	  0.9371089411	
 AE-NL- 310 	 0.000	      -0.3952672664	  0.1745691504	
 AE-NL-  total error =	       4.7254795599	  1.6576371400

 =====================================================================
 AE:Orbital    Filling       Eigenvalues[Ry]          Norm
    ----------------------------------------------------------
	100	 2.000	    -257.6329936298
	200	 2.000	     -25.7840321285
	210	 6.000	     -20.5979866535
	300	 2.000	      -2.5983372567	  0.3878411452
	310	 6.000	      -1.4081557386	  0.4718866785
	320	 0.100	      -0.0094323481	  0.9948225593
	400	 0.900	      -0.1836293458	  0.9765352980
	410	 0.000	      -0.0709166756	  0.9880539281

      E_tot =    -1199.3930967601 Ry

 NL:Orbital    Filling       Eigenvalues[Ry]          Norm       Ghost
    ------------------------------------------------------------------
	100 	 2.000	      -2.5969789048	  0.3878956907	    no
	210 	 6.000	      -1.4069135390	  0.4719806663	    no
	320 	 0.100	      -0.0094538978	  0.9951773501	    no
	200 	 0.900	      -0.1843716996	  0.9755581462	    no
	310 	 0.000	      -0.0707485105	  0.9878579823	    no

      E_tot =      -56.3868633938 Ry

 AE-NL:Orbital Filling       Eigenvalues[mRy]         Norm[1e-3] 
 AE-NL- --------------------------------------------------------------
 AE-NL- 100 	 2.000	      -1.3583519033	 -0.0545455070	
 AE-NL- 210 	 6.000	      -1.2421995935	 -0.0939878345	
 AE-NL- 320 	 0.100	       0.0215496514	 -0.3547908535	
 AE-NL- 200 	 0.900	       0.7423538295	  0.9771518246	
 AE-NL- 310 	 0.000	      -0.1681651093	  0.1959458118	
 AE-NL-  total error =	       3.5326200870	  1.6764218315

 =====================================================================
 AE:Orbital    Filling       Eigenvalues[Ry]          Norm
    ----------------------------------------------------------
	100	 2.000	    -257.6497159753
	200	 2.000	     -25.8003120556
	210	 6.000	     -20.6143071305
	300	 2.000	      -2.6142904537	  0.3878377958
	310	 6.000	      -1.4240666301	  0.4718136691
	320	 0.200	      -0.0149984228	  0.9911936520
	400	 0.800	      -0.1922650307	  0.9758916474
	410	 0.000	      -0.0777577771	  0.9877421090

      E_tot =    -1199.3755112885 Ry

 NL:Orbital    Filling       Eigenvalues[Ry]          Norm       Ghost
    ------------------------------------------------------------------
	100 	 2.000	      -2.6132309863	  0.3878863325	    no
	210 	 6.000	      -1.4231095595	  0.4718967759	    no
	320 	 0.200	      -0.0150078859	  0.9915227008	    no
	200 	 0.800	      -0.1931525099	  0.9748721555	    no
	310 	 0.000	      -0.0776694694	  0.9875356554	    no

      E_tot =      -56.3692019913 Ry

 AE-NL:Orbital Filling       Eigenvalues[mRy]         Norm[1e-3] 
 AE-NL- --------------------------------------------------------------
 AE-NL- 100 	 2.000	      -1.0594674448	 -0.0485367260	
 AE-NL- 210 	 6.000	      -0.9570706242	 -0.0831067983	
 AE-NL- 320 	 0.200	       0.0094630642	 -0.3290488143	
 AE-NL- 200 	 0.800	       0.8874791746	  1.0194918273	
 AE-NL- 310 	 0.000	      -0.0883076942	  0.2064535709	
 AE-NL-  total error =	       3.0017880021	  1.6866377368

 =====================================================================

  Comparison of total energy differences.           
   DD_ij = (E_i - E_j)_AE - (E_i-E_j)_NL     

 AE-NL-   i   j         DD[mRy]        DD[meV] 
 AE-NL- ------------------------------------------
 AE-NL-   0   1        -1.047609     -14.253452
 AE-NL-   0   2        -0.998182     -13.580963
 AE-NL-   0   3        -0.922251     -12.547871
 AE-NL-   1   2         0.049427       0.672488
 AE-NL-   1   3         0.125358       1.705581
 AE-NL-   2   3         0.075931       1.033092
