
 ++++++++++++++++++++++++++++++++++++++++++++++++++++++++++++++++++++++++
           OPIUM  Version:        3.8                             
           =====================================            
 See http://opium.sourceforge.net for help and information                 
 Copyright 2009 : The OPIUM project                         

 Compile host     : vagvlan567.217.wlan.design.upenn.edu
 Compile OS       : Darwin 14.1.0 i386
 Compile date     : Wed Mar 18 18:57:27 EDT 2015

 Execution host   : vagvlan567.215.wlan.design.upenn.edu
 time of execution: Wed Oct 14 12:45:10 2015

 ++++++++++++++++++++++++++++++++++++++++++++++++++++++++++++++++++++++++
 Reading parameter file:  <be.param> ... 
 File prefix             : be 
 Element                 : Beryllium  (Be) 
 Z                       : 4 
 
 Number of all-electron orbitals   : 3 
 Number of pseudo       orbitals   : 2 
 
 Pseudopotential is non-relativistic 
 Using Hartree-Fock Exchange (Beta!!)                
 HF pseudopotential NOT being smoothed! 
 The s potential is used for the KB construction 
 Optimized (RRKJ) pseudopotential method will be used 

 nl    cutoff radii    q-max      # bessel functions
 2s       1.600        7.070              10 
 2p       1.600        7.070              10 

 Reference Configuration: core  <-/-> valence 
 1s2  <-/-> 2s1  2p0 

 Grid definitions: 
 a_grid=1.00e-04    b_grid=1.30e-02    # points=1112 
 r(1)=6.30e-05      r(np)=1.18e+02    

 dEmax tolerance:  1.00e-08      dVmax tolerance:  1.00e-06     

 Starting calculation...

 ======================================================================== 
 Begin AE calculation
 ======================================================================== 
 Performing non-relativistic AE calculation...  
 Rotation needed            1           2   1.0000000000000001E-005

 iter       Etot             Eeig             Ehart    de_max   dv_max
   1      -28.5538692      21.8840815       6.7400509 0.88E+00 0.73E-03
 Rotation needed            1           2  -1.8427367032089451E-004
   2      -28.5547902      21.8856629       6.7402840 0.47E-02 0.52E-06
 Rotation needed            1           2   9.3748380312803862E-003
   3      -28.5547897      21.8856628       6.7402840 0.22E-05 0.26E-07
 Rotation needed            1           2   9.3799700794166482E-003
   4      -28.5547896      21.8856628       6.7402840 0.14E-07 0.84E-08

 Hartree-Fock converged!
      {100|200}= 2.0D-11

    4 iterations: (units are Ry and bohr)
 Energy:     -28.55478963    Ebs:     -21.88566276
 Eh:           6.74028401    Ex :      -0.07115714

   Orbital    Filling       Eigenvalues    Norm(rc->oo)      Peak
    |100>      2.000         -10.276685
    |200>      1.000          -1.332292      0.764370      1.889971
    |210>      0.000          -0.385801      0.859736      2.357405

 ======================================================================== 
 End AE calculation
 ======================================================================== 

 ======================================================================== 
 Begin PS construction
 ======================================================================== 
 Optimized Pseudopotential Generation ...

 ==================
 zeff=   2.0000000000000000     
 Pseudizing state : |200>
 eigenvalue       : -1.332292
 qc               :  7.070000
 # bessel fxns    : 10
 point nearest rc :  781
 rc               :  1.600000
 actual rc        :  1.596097

 Psi(rc)          :     0.4192504258
 Slope at rc      :    -0.1439695249
 Curvature at rc  :    -0.3125676828
 Del^2 Psi at rc  :    -0.4929696148
 Log Deriv at rc  :    -0.3433974447

 Error in constraints
   1        -0.13350E-11
   2         0.13350E-11
   3         0.28887E-11
   4        -0.28887E-11
   5        -0.67741E-05
   6         0.67741E-05
   7         0.42828E-06
   8         0.42828E-06
   9         0.00000E+00
  10         0.67741E-05
 Bessel wavevectors and final coefficients
   1        0.7609859067        0.4760414290
   2        2.8912864339       -0.2783086204
   3        4.8844644393       -0.0597637816
   4        6.8632054824        0.0024438708
   5        8.8372676188       -0.0017079817
   6       10.8092228180        0.0006666598
   7       12.7800484473       -0.0006091845
   8       14.7501979603        0.0002977081
   9       16.7199106283       -0.0003776982
  10       18.6893246913        0.0002447229

 Total KE           (Ry) :     0.4443960140
 0  -> qc contribution   :     0.4443955857
 qc -> oo contribution   :     0.0000004283   (=Convergence term)
 Occupancy of this state :     1.0000000000
 Convergence term (Ry/e) :     0.0000004283
 Convergence error (mRy) :     0.0004282846
 Convergence error (meV) :     0.0058271553


 ==================
 zeff=   2.0000000000000000     
 Pseudizing state : |210>
 eigenvalue       : -0.385801
 qc               :  7.070000
 # bessel fxns    : 10
 point nearest rc :  781
 rc               :  1.600000
 actual rc        :  1.596097

 Psi(rc)          :     0.3011275692
 Slope at rc      :    -0.0903744203
 Curvature at rc  :    -0.0491344393
 Del^2 Psi at rc  :    -0.3987864547
 Log Deriv at rc  :    -0.3001200473

 Error in constraints
   1         0.53513E-12
   2        -0.53513E-12
   3        -0.43238E-11
   4         0.43238E-11
   5         0.18051E-07
   6        -0.18051E-07
   7         0.11452E-05
   8         0.11452E-05
   9         0.00000E+00
  10         0.18051E-07
 Bessel wavevectors and final coefficients
   1        1.5330419707        0.7845047006
   2        3.7751969853        0.1874411904
   3        5.8010717462        0.0230029493
   4        7.7962342903        0.0011705721
   5        9.7802484711       -0.0005729066
   6       11.7588965520        0.0003233829
   7       13.7345366511       -0.0001753982
   8       15.7083175936        0.0000812722
   9       17.6808678220       -0.0000156844
  10       19.6525606491       -0.0000327380

 Total KE           (Ry) :     0.6884690130
 0  -> qc contribution   :     0.6884678678
 qc -> oo contribution   :     0.0000011452   (=Convergence term)
 Occupancy of this state :     0.0000000000
 Convergence term (Ry/e) :     0.0000011452
 Convergence error (mRy) :     0.0000000000
 Convergence error (meV) :     0.0000000000


 Running HF solver for raw psp...
 Results of HF psp solve...
 State: 1s  AE eigenvalue =  -1.332292  PS eigenvalue =  -1.332292
 State: 2p  AE eigenvalue =  -0.385801  PS eigenvalue =  -0.385801

 ======================================================================== 
 End PS construction
 ======================================================================== 

 ======================================================================== 
 Begin SL calculation
 ======================================================================== 

 iter       Etot             Eeig             Ehart    de_max   dv_max
   1       -1.3322924       1.3322924       0.0000000 0.28E-06 0.11E-10
   2       -1.3322924       1.3322924       0.0000000 0.13E-12 0.12E-11

 Hartree-Fock converged!

    2 iterations: (units are Ry and bohr)
 Energy:      -1.33229236    Ebs:      -1.33229236
 Eh:           0.00000000    Ex :       0.00000000

   Orbital    Filling       Eigenvalues    Norm(rc->oo)      Peak
    |100>      1.000          -1.332292      0.764375      1.889971
    |210>      0.000          -0.385801      0.859736      2.357405

 ======================================================================== 
 End SL calculation
 ======================================================================== 
<<<do_tc>>>


 ===============Configuration 1 AE Calc=============== 
 Rotation needed            1           2   1.0000000000000001E-005

 iter       Etot             Eeig             Ehart    de_max   dv_max
   1      -28.6645722      21.5153193       7.2252173 0.73E+00 0.19E-02
 Rotation needed            1           2  -3.1800158480849877E-005
   2      -28.6660015      21.5170387       7.2256126 0.30E-01 0.23E-06
 Rotation needed            1           2   6.3956437509590999E-003
   3      -28.6660014      21.5170387       7.2256127 0.11E-04 0.19E-07
 Rotation needed            1           2   6.3964687847468758E-003
   4      -28.6660014      21.5170387       7.2256127 0.54E-07 0.61E-08

 Hartree-Fock converged!
      {100|200}= 6.2D-11

    4 iterations: (units are Ry and bohr)
 Energy:     -28.66600142    Ebs:     -21.51703872
 Eh:           7.22561267    Ex :      -0.07664998

   Orbital    Filling       Eigenvalues    Norm(rc->oo)      Peak
    |100>      2.000         -10.112689
    |200>      1.200          -1.076384      0.786711      1.939755
    |210>      0.000          -0.281967      0.881001      2.515726
!!NOTE!!: All Hartree-Fock tests are done with the semi-local form of the potential 
!!NOTE!!: Use the 'sl' command instead of the 'nl' command to remove this warning...


 ===============Configuration 1 SL: Calc ===============
 method 1  unable to solve equation for electron 1 0
          nc =   2   nj = 780   ed =   5.626565   el =   0.000100   eu =   6.339792
 HF solver failed:  #fails=           1
 Solve for HF wfn failed, orthogonalizing...
 method 1  unable to solve equation for electron 1 0
          nc =   2   nj = 780   ed =   5.626565   el =   0.000100   eu =   6.339792
 HF solver failed:  #fails=           2
 Solve for HF wfn failed, orthogonalizing...

 iter       Etot             Eeig             Ehart    de_max   dv_max
   1       -1.4438709       1.2923521       0.1515188 0.70E+00 0.55E-03
   2       -1.4439379       1.2924507       0.1514872 0.27E-02 0.11E-03
   3       -1.4439406       1.2924587       0.1514819 0.17E-03 0.29E-04
   4       -1.4439408       1.2924602       0.1514806 0.33E-04 0.95E-05
   5       -1.4439409       1.2924607       0.1514802 0.84E-05 0.32E-05
   6       -1.4439409       1.2924608       0.1514801 0.25E-05 0.16E-05
   7       -1.4439409       1.2924608       0.1514801 0.68E-06 0.12E-05
   8       -1.4439408       1.2924608       0.1514801 0.15E-06 0.11E-05

 Hartree-Fock converged!

    8 iterations: (units are Ry and bohr)
 Energy:      -1.44394085    Ebs:      -1.29246079
 Eh:           0.15148006    Ex :       0.00000000

   Orbital    Filling       Eigenvalues    Norm(rc->oo)      Peak
    |100>      1.200          -1.077051      0.786389      1.939755
    |210>      0.000          -0.282067      0.880744      2.483233


 ===============Configuration 2 AE Calc=============== 
 Rotation needed            1           2   1.0000000000000001E-005

 iter       Etot             Eeig             Ehart    de_max   dv_max
   1      -27.8870805      22.2754276       5.6465713 0.30E+00 0.56E-03
 Rotation needed            1           2  -4.4139812070811914E-005
   2      -27.8886780      22.2770729       5.6465951 0.11E-02 0.77E-06
 Rotation needed            1           2   1.5159734253717540E-003
   3      -27.8886755      22.2770706       5.6465948 0.69E-06 0.80E-07
 Rotation needed            1           2   1.5163748628835765E-003
   4      -27.8886756      22.2770708       5.6465948 0.92E-08 0.14E-07

 Hartree-Fock converged!
      {100|200}=-9.4D-12

    4 iterations: (units are Ry and bohr)
 Energy:     -27.88867562    Ebs:     -22.27707083
 Eh:           5.64659478    Ex :      -0.03498999

   Orbital    Filling       Eigenvalues    Norm(rc->oo)      Peak
    |100>      2.000         -10.805490
    |200>      0.500          -1.332182      0.764480      1.889971
    |210>      0.000          -0.700481      0.797400      2.070027


 ===============Configuration 2 SL: Calc ===============

 iter       Etot             Eeig             Ehart    de_max   dv_max
   1       -0.6661462       0.6661462       0.0000000 0.77E+00 0.88E-12
   2       -0.6661462       0.6661462       0.0000000 0.11E-03 0.88E-12
   3       -0.6661462       0.6661462       0.0000000 0.26E-06 0.88E-12
   4       -0.6661462       0.6661462       0.0000000 0.40E-08 0.88E-12

 Hartree-Fock converged!

    4 iterations: (units are Ry and bohr)
 Energy:      -0.66614618    Ebs:      -0.66614618
 Eh:           0.00000000    Ex :       0.00000000

   Orbital    Filling       Eigenvalues    Norm(rc->oo)      Peak
    |100>      0.500          -1.332292      0.764375      1.889971
    |210>      0.000          -0.698810      0.799216      2.070027


 ===============Configuration 3 AE Calc=============== 
 Rotation needed            1           2   1.0000000000000001E-005
 method 1  unable to solve equation for electron 2 0
          nc =   1   nj = 594   ed =   0.667179   el =   0.208727   eu =   4.710101
 Rotation needed            1           2  -5.4301797987201478E-005
 HF solver failed:  #fails=           1
 Solve for HF wfn failed, orthogonalizing...
 Rotation needed            1           2   1.8541166207402094E-005
 method 1  unable to solve equation for electron 2 0
          nc =   1   nj = 596   ed =   0.653106   el =   0.177285   eu =   4.694828
 Rotation needed            1           2   1.8560856672072847E-005
 HF solver failed:  #fails=           2

 iter       Etot             Eeig             Ehart    de_max   dv_max
   1      -29.1018560      20.3485882       8.8513950 0.90E+00 0.58E-02
 Rotation needed            1           2   1.8560865215674983E-005
  3            117.9854731101 0.250E-02 0.255E-02 0.100E-06  : function truncated in nmrvs
  3            117.9854731101 0.363E-02 0.370E-02 0.100E-06  : function truncated in nmrvs
  3            117.9854731101-0.946E-04-0.102E-03 0.100E-06  : function truncated in nmrvs
  3            117.9854731101-0.138E-03-0.148E-03 0.100E-06  : function truncated in nmrvs
  3            117.9854731101 0.103E-02 0.106E-02 0.100E-06  : function truncated in nmrvs
  3            117.9854731101 0.163E-02 0.166E-02 0.100E-06  : function truncated in nmrvs
  3            117.9854731101-0.392E-04-0.421E-04 0.100E-06  : function truncated in nmrvs
  3            117.9854731101-0.618E-04-0.664E-04 0.100E-06  : function truncated in nmrvs
 Solve for HF wfn failed, orthogonalizing...
 Rotation needed            1           2   5.7913323965352306E-004
  3            117.9854731101 0.103E-02 0.106E-02 0.100E-06  : function truncated in nmrvs
  3            117.9854731101 0.163E-02 0.166E-02 0.100E-06  : function truncated in nmrvs
  3            117.9854731101-0.623E+00-0.636E+00 0.100E-06  : function truncated in nmrvs
  3            117.9854731101-0.392E-04-0.421E-04 0.100E-06  : function truncated in nmrvs
  3            117.9854731101-0.618E-04-0.664E-04 0.100E-06  : function truncated in nmrvs
  3            117.9854731101 0.849E-01 0.907E-01 0.100E-06  : function truncated in nmrvs
   2      -29.0843219      20.3301264       8.8523727 0.96E+00 0.12E-04
 Rotation needed            1           2   5.8161522964160115E-004
  3            117.9854731101 0.831E-03 0.848E-03 0.100E-06  : function truncated in nmrvs
  3            117.9854731101 0.134E-02 0.137E-02 0.100E-06  : function truncated in nmrvs
  3            117.9854731101-0.657E+00-0.672E+00 0.100E-06  : function truncated in nmrvs
  3            117.9854731101-0.315E-04-0.338E-04 0.100E-06  : function truncated in nmrvs
  3            117.9854731101-0.509E-04-0.546E-04 0.100E-06  : function truncated in nmrvs
  3            117.9854731101 0.108E+00 0.115E+00 0.100E-06  : function truncated in nmrvs
  3            117.9854731101 0.675E-03 0.689E-03 0.100E-06  : function truncated in nmrvs
  3            117.9854731101 0.111E-02 0.113E-02 0.100E-06  : function truncated in nmrvs
  3            117.9854731101-0.672E+00-0.687E+00 0.100E-06  : function truncated in nmrvs
  3            117.9854731101-0.256E-04-0.275E-04 0.100E-06  : function truncated in nmrvs
  3            117.9854731101-0.420E-04-0.451E-04 0.100E-06  : function truncated in nmrvs
  3            117.9854731101 0.131E+00 0.140E+00 0.100E-06  : function truncated in nmrvs
   3      -29.0843419      20.3301479       8.8523709 0.14E-05 0.12E-05
 Rotation needed            1           2   5.8252583084532990E-004
  3            117.9854731101 0.591E-03 0.603E-03 0.100E-06  : function truncated in nmrvs
  3            117.9854731101 0.975E-03 0.995E-03 0.100E-06  : function truncated in nmrvs
  3            117.9854731101-0.672E+00-0.687E+00 0.100E-06  : function truncated in nmrvs
  3            117.9854731101-0.224E-04-0.240E-04 0.100E-06  : function truncated in nmrvs
  3            117.9854731101-0.370E-04-0.397E-04 0.100E-06  : function truncated in nmrvs
  3            117.9854731101 0.147E+00 0.156E+00 0.100E-06  : function truncated in nmrvs
  3            117.9854731101 0.510E-03 0.520E-03 0.100E-06  : function truncated in nmrvs
  3            117.9854731101 0.848E-03 0.865E-03 0.100E-06  : function truncated in nmrvs
  3            117.9854731101-0.666E+00-0.681E+00 0.100E-06  : function truncated in nmrvs
  3            117.9854731101-0.193E-04-0.208E-04 0.100E-06  : function truncated in nmrvs
  3            117.9854731101-0.322E-04-0.345E-04 0.100E-06  : function truncated in nmrvs
  3            117.9854731101 0.163E+00 0.173E+00 0.100E-06  : function truncated in nmrvs
   4      -29.0843434      20.3301494       8.8523710 0.16E-06 0.94E-07
 Rotation needed            1           2   5.8252709385501122E-004
  3            117.9854731101 0.476E-03 0.489E-03 0.100E-06  : function truncated in nmrvs
  3            117.9854731101 0.794E-03 0.816E-03 0.100E-06  : function truncated in nmrvs
  3            117.9854731101-0.766E+00-0.789E+00 0.100E-06  : function truncated in nmrvs
  3            117.9854731101-0.974E-05-0.105E-04 0.100E-06  : function truncated in nmrvs
  3            117.9854731101-0.165E-04-0.179E-04 0.100E-06  : function truncated in nmrvs
  3            117.9854731101 0.137E+00 0.146E+00 0.100E-06  : function truncated in nmrvs
  3            117.9854731101 0.520E-03 0.541E-03 0.100E-06  : function truncated in nmrvs
  3            117.9854731101 0.873E-03 0.908E-03 0.100E-06  : function truncated in nmrvs
  3            117.9854731101-0.113E+01-0.118E+01 0.100E-06  : function truncated in nmrvs
  3            117.9854731101-0.422E-05-0.461E-05 0.100E-06  : function truncated in nmrvs
  3            117.9854731101-0.723E-05-0.785E-05 0.100E-06  : function truncated in nmrvs
  3            117.9854731101 0.112E+00 0.120E+00 0.100E-06  : function truncated in nmrvs
   5      -29.0843434      20.3301494       8.8523710 0.15E+00 0.60E-08
 Rotation needed            1           2   5.8252727668942701E-004
  3            117.9854731101 0.622E-03 0.653E-03 0.100E-06  : function truncated in nmrvs
  3            117.9854731101 0.105E-02 0.110E-02 0.100E-06  : function truncated in nmrvs
  3            117.9854731101-0.163E+01-0.171E+01 0.100E-06  : function truncated in nmrvs
  3            117.9854731101-0.276E-05-0.302E-05 0.100E-06  : function truncated in nmrvs
  3            117.9854731101-0.476E-05-0.516E-05 0.100E-06  : function truncated in nmrvs
  3            117.9854731101 0.104E+00 0.112E+00 0.100E-06  : function truncated in nmrvs
  3            117.9854731101 0.938E-03 0.100E-02 0.100E-06  : function truncated in nmrvs
  3            117.9854731101 0.159E-02 0.170E-02 0.100E-06  : function truncated in nmrvs
  3            117.9854731101-0.300E+01-0.321E+01 0.100E-06  : function truncated in nmrvs
  3            117.9854731101 0.363E-03 0.374E-03 0.100E-06  : function truncated in nmrvs
  3            117.9854731101 0.615E-03 0.633E-03 0.100E-06  : function truncated in nmrvs
  3            117.9854731101-0.802E+00-0.828E+00 0.100E-06  : function truncated in nmrvs
  3            117.9854731101-0.632E-05-0.685E-05 0.100E-06  : function truncated in nmrvs
  3            117.9854731101-0.109E-04-0.118E-04 0.100E-06  : function truncated in nmrvs
  3            117.9854731101 0.147E+00 0.157E+00 0.100E-06  : function truncated in nmrvs
   6      -29.0843434      20.3301494       8.8523710 0.16E+00 0.10E-08
 Rotation needed            1           2   5.8252728507142697E-004
  3            117.9854731101 0.166E-02 0.183E-02 0.100E-06  : function truncated in nmrvs
  3            117.9854731101 0.282E-02 0.311E-02 0.100E-06  : function truncated in nmrvs
  3            117.9854731101-0.604E+01-0.666E+01 0.100E-06  : function truncated in nmrvs
  3            117.9854731101 0.507E-03 0.531E-03 0.100E-06  : function truncated in nmrvs
  3            117.9854731101 0.862E-03 0.904E-03 0.100E-06  : function truncated in nmrvs
  3            117.9854731101-0.155E+01-0.162E+01 0.100E-06  : function truncated in nmrvs
  3            117.9854731101-0.245E-05-0.269E-05 0.100E-06  : function truncated in nmrvs
  3            117.9854731101-0.426E-05-0.462E-05 0.100E-06  : function truncated in nmrvs
  3            117.9854731101 0.114E+00 0.122E+00 0.100E-06  : function truncated in nmrvs
  3            117.9854731101 0.921E-02-0.301E-01 0.100E-06  : function truncated in nmrvs
  3            117.9854731101 0.157E-01-0.514E-01 0.100E-06  : function truncated in nmrvs
  3            117.9854731101-0.389E+02 0.127E+03 0.100E-06  : function truncated in nmrvs
  3            117.9854731101 0.194E-02 0.217E-02 0.100E-06  : function truncated in nmrvs
  3            117.9854731101 0.331E-02 0.372E-02 0.100E-06  : function truncated in nmrvs
  3            117.9854731101-0.780E+01-0.876E+01 0.100E-06  : function truncated in nmrvs
  3            117.9854731101 0.556E-03 0.586E-03 0.100E-06  : function truncated in nmrvs
  3            117.9854731101 0.950E-03 0.100E-02 0.100E-06  : function truncated in nmrvs
  3            117.9854731101-0.194E+01-0.204E+01 0.100E-06  : function truncated in nmrvs
  3            117.9854731101-0.194E-05-0.213E-05 0.100E-06  : function truncated in nmrvs
  3            117.9854731101-0.341E-05-0.367E-05 0.100E-06  : function truncated in nmrvs
  3            117.9854731101 0.112E+00 0.121E+00 0.100E-06  : function truncated in nmrvs
   7      -29.0843434      20.3301494       8.8523710 0.18E+00 0.10E-08
 Rotation needed            1           2   5.8252728560376135E-004
  3            117.9854731101-0.227E-02-0.215E-02 0.100E-06  : function truncated in nmrvs
  3            117.9854731101-0.389E-02-0.368E-02 0.100E-06  : function truncated in nmrvs
  3            117.9854731101 0.105E+02 0.994E+01 0.100E-06  : function truncated in nmrvs
  3            117.9854731101-0.968E-06-0.107E-05 0.100E-06  : function truncated in nmrvs
  3            117.9854731101-0.173E-05-0.184E-05 0.100E-06  : function truncated in nmrvs
  3            117.9854731101 0.964E-01 0.104E+00 0.100E-06  : function truncated in nmrvs
  3            117.9854731101-0.102E-02-0.101E-02 0.100E-06  : function truncated in nmrvs
  3            117.9854731101-0.175E-02-0.174E-02 0.100E-06  : function truncated in nmrvs
  3            117.9854731101 0.525E+01 0.521E+01 0.100E-06  : function truncated in nmrvs
   8      -29.0843434      20.3301494       8.8523710 0.63E+00 0.29E-06
 Rotation needed            1           2   5.8252728571008851E-004
  3            117.9854731101-0.680E-03-0.684E-03 0.100E-06  : function truncated in nmrvs
  3            117.9854731101-0.117E-02-0.118E-02 0.100E-06  : function truncated in nmrvs
  3            117.9854731101 0.383E+01 0.385E+01 0.100E-06  : function truncated in nmrvs
  3            117.9854731101-0.491E-03-0.498E-03 0.100E-06  : function truncated in nmrvs
  3            117.9854731101-0.849E-03-0.862E-03 0.100E-06  : function truncated in nmrvs
  3            117.9854731101 0.306E+01 0.310E+01 0.100E-06  : function truncated in nmrvs
   9      -29.0843434      20.3301494       8.8523710 0.13E-01 0.77E-08
 Rotation needed            1           2   5.8252729582160495E-004
  3            117.9854731101-0.417E-03-0.424E-03 0.100E-06  : function truncated in nmrvs
  3            117.9854731101-0.722E-03-0.735E-03 0.100E-06  : function truncated in nmrvs
  3            117.9854731101 0.277E+01 0.281E+01 0.100E-06  : function truncated in nmrvs
  3            117.9854731101-0.353E-03-0.360E-03 0.100E-06  : function truncated in nmrvs
  3            117.9854731101-0.613E-03-0.626E-03 0.100E-06  : function truncated in nmrvs
  3            117.9854731101 0.252E+01 0.257E+01 0.100E-06  : function truncated in nmrvs
  10      -29.0843434      20.3301494       8.8523710 0.64E-02 0.57E-09
 Rotation needed            1           2   5.8252729701937828E-004
  3            117.9854731101-0.320E-03-0.328E-03 0.100E-06  : function truncated in nmrvs
  3            117.9854731101-0.559E-03-0.571E-03 0.100E-06  : function truncated in nmrvs
  3            117.9854731101 0.240E+01 0.245E+01 0.100E-06  : function truncated in nmrvs
  3            117.9854731101-0.289E-03-0.296E-03 0.100E-06  : function truncated in nmrvs
  3            117.9854731101-0.505E-03-0.517E-03 0.100E-06  : function truncated in nmrvs
  3            117.9854731101 0.230E+01 0.234E+01 0.100E-06  : function truncated in nmrvs
  11      -29.0843434      20.3301494       8.8523710 0.37E-02 0.56E-09
 Rotation needed            1           2   5.8252729721849352E-004
  3            117.9854731101-0.271E-03-0.278E-03 0.100E-06  : function truncated in nmrvs
  3            117.9854731101-0.476E-03-0.487E-03 0.100E-06  : function truncated in nmrvs
  3            117.9854731101 0.224E+01 0.229E+01 0.100E-06  : function truncated in nmrvs
  3            117.9854731101-0.253E-03-0.259E-03 0.100E-06  : function truncated in nmrvs
  3            117.9854731101-0.445E-03-0.456E-03 0.100E-06  : function truncated in nmrvs
  3            117.9854731101 0.218E+01 0.223E+01 0.100E-06  : function truncated in nmrvs
  12      -29.0843434      20.3301494       8.8523710 0.21E-02 0.56E-09
 Rotation needed            1           2   5.8252729725537949E-004
  3            117.9854731101-0.242E-03-0.248E-03 0.100E-06  : function truncated in nmrvs
  3            117.9854731101-0.427E-03-0.437E-03 0.100E-06  : function truncated in nmrvs
  3            117.9854731101 0.215E+01 0.220E+01 0.100E-06  : function truncated in nmrvs
  3            117.9854731101-0.231E-03-0.236E-03 0.100E-06  : function truncated in nmrvs
  3            117.9854731101-0.407E-03-0.418E-03 0.100E-06  : function truncated in nmrvs
  3            117.9854731101 0.213E+01 0.218E+01 0.100E-06  : function truncated in nmrvs
  13      -29.0843434      20.3301494       8.8523710 0.13E-02 0.56E-09
 Rotation needed            1           2   5.8252729726227491E-004
  3            117.9854731101-0.224E-03-0.229E-03 0.100E-06  : function truncated in nmrvs
  3            117.9854731101-0.395E-03-0.406E-03 0.100E-06  : function truncated in nmrvs
  3            117.9854731101 0.211E+01 0.216E+01 0.100E-06  : function truncated in nmrvs
  3            117.9854731101-0.216E-03-0.221E-03 0.100E-06  : function truncated in nmrvs
  3            117.9854731101-0.382E-03-0.392E-03 0.100E-06  : function truncated in nmrvs
  3            117.9854731101 0.209E+01 0.214E+01 0.100E-06  : function truncated in nmrvs
  14      -29.0843434      20.3301494       8.8523710 0.75E-03 0.56E-09
 Rotation needed            1           2   5.8252729726326533E-004
  3            117.9854731101-0.211E-03-0.216E-03 0.100E-06  : function truncated in nmrvs
  3            117.9854731101-0.374E-03-0.384E-03 0.100E-06  : function truncated in nmrvs
  3            117.9854731101 0.208E+01 0.213E+01 0.100E-06  : function truncated in nmrvs
  3            117.9854731101-0.205E-03-0.211E-03 0.100E-06  : function truncated in nmrvs
  3            117.9854731101-0.365E-03-0.375E-03 0.100E-06  : function truncated in nmrvs
  3            117.9854731101 0.207E+01 0.213E+01 0.100E-06  : function truncated in nmrvs
  15      -29.0843434      20.3301494       8.8523710 0.45E-03 0.56E-09
 Rotation needed            1           2   5.8252729726348011E-004
  3            117.9854731101-0.202E-03-0.207E-03 0.100E-06  : function truncated in nmrvs
  3            117.9854731101-0.359E-03-0.369E-03 0.100E-06  : function truncated in nmrvs
  3            117.9854731101 0.207E+01 0.212E+01 0.100E-06  : function truncated in nmrvs
  3            117.9854731101-0.198E-03-0.203E-03 0.100E-06  : function truncated in nmrvs
  3            117.9854731101-0.353E-03-0.362E-03 0.100E-06  : function truncated in nmrvs
  3            117.9854731101 0.207E+01 0.212E+01 0.100E-06  : function truncated in nmrvs
  16      -29.0843434      20.3301494       8.8523710 0.27E-03 0.56E-09
 Rotation needed            1           2   5.8252729726367646E-004
  3            117.9854731101-0.195E-03-0.201E-03 0.100E-06  : function truncated in nmrvs
  3            117.9854731101-0.349E-03-0.358E-03 0.100E-06  : function truncated in nmrvs
  3            117.9854731101 0.206E+01 0.211E+01 0.100E-06  : function truncated in nmrvs
  3            117.9854731101-0.193E-03-0.198E-03 0.100E-06  : function truncated in nmrvs
  3            117.9854731101-0.344E-03-0.353E-03 0.100E-06  : function truncated in nmrvs
  3            117.9854731101 0.206E+01 0.211E+01 0.100E-06  : function truncated in nmrvs
  17      -29.0843434      20.3301494       8.8523710 0.16E-03 0.56E-09
 Rotation needed            1           2   5.8252729726358170E-004
  3            117.9854731101-0.191E-03-0.196E-03 0.100E-06  : function truncated in nmrvs
  3            117.9854731101-0.341E-03-0.350E-03 0.100E-06  : function truncated in nmrvs
  3            117.9854731101 0.206E+01 0.211E+01 0.100E-06  : function truncated in nmrvs
  3            117.9854731101-0.189E-03-0.194E-03 0.100E-06  : function truncated in nmrvs
  3            117.9854731101-0.337E-03-0.346E-03 0.100E-06  : function truncated in nmrvs
  3            117.9854731101 0.206E+01 0.211E+01 0.100E-06  : function truncated in nmrvs
  18      -29.0843434      20.3301494       8.8523710 0.97E-04 0.56E-09
 Rotation needed            1           2   5.8252729726348304E-004
  3            117.9854731101-0.187E-03-0.192E-03 0.100E-06  : function truncated in nmrvs
  3            117.9854731101-0.335E-03-0.344E-03 0.100E-06  : function truncated in nmrvs
  3            117.9854731101 0.206E+01 0.211E+01 0.100E-06  : function truncated in nmrvs
  3            117.9854731101-0.186E-03-0.190E-03 0.100E-06  : function truncated in nmrvs
  3            117.9854731101-0.333E-03-0.341E-03 0.100E-06  : function truncated in nmrvs
  3            117.9854731101 0.206E+01 0.211E+01 0.100E-06  : function truncated in nmrvs
  19      -29.0843434      20.3301494       8.8523710 0.59E-04 0.56E-09
 Rotation needed            1           2   5.8252729726368101E-004
  3            117.9854731101-0.184E-03-0.189E-03 0.100E-06  : function truncated in nmrvs
  3            117.9854731101-0.331E-03-0.340E-03 0.100E-06  : function truncated in nmrvs
  3            117.9854731101 0.206E+01 0.211E+01 0.100E-06  : function truncated in nmrvs
  3            117.9854731101-0.183E-03-0.188E-03 0.100E-06  : function truncated in nmrvs
  3            117.9854731101-0.329E-03-0.338E-03 0.100E-06  : function truncated in nmrvs
  3            117.9854731101 0.205E+01 0.211E+01 0.100E-06  : function truncated in nmrvs
  20      -29.0843434      20.3301494       8.8523710 0.35E-04 0.56E-09
 Rotation needed            1           2   5.8252729726333038E-004
  3            117.9854731101-0.182E-03-0.187E-03 0.100E-06  : function truncated in nmrvs
  3            117.9854731101-0.328E-03-0.336E-03 0.100E-06  : function truncated in nmrvs
  3            117.9854731101 0.205E+01 0.210E+01 0.100E-06  : function truncated in nmrvs
  3            117.9854731101-0.182E-03-0.186E-03 0.100E-06  : function truncated in nmrvs
  3            117.9854731101-0.326E-03-0.335E-03 0.100E-06  : function truncated in nmrvs
  3            117.9854731101 0.205E+01 0.210E+01 0.100E-06  : function truncated in nmrvs
  21      -29.0843434      20.3301494       8.8523710 0.22E-04 0.56E-09
 Rotation needed            1           2   5.8252729726368079E-004
  3            117.9854731101-0.181E-03-0.186E-03 0.100E-06  : function truncated in nmrvs
  3            117.9854731101-0.325E-03-0.334E-03 0.100E-06  : function truncated in nmrvs
  3            117.9854731101 0.205E+01 0.210E+01 0.100E-06  : function truncated in nmrvs
  3            117.9854731101-0.180E-03-0.185E-03 0.100E-06  : function truncated in nmrvs
  3            117.9854731101-0.324E-03-0.332E-03 0.100E-06  : function truncated in nmrvs
  3            117.9854731101 0.205E+01 0.210E+01 0.100E-06  : function truncated in nmrvs
  22      -29.0843434      20.3301494       8.8523710 0.13E-04 0.56E-09
 Rotation needed            1           2   5.8252729726358766E-004
  3            117.9854731101-0.180E-03-0.185E-03 0.100E-06  : function truncated in nmrvs
  3            117.9854731101-0.323E-03-0.332E-03 0.100E-06  : function truncated in nmrvs
  3            117.9854731101 0.205E+01 0.210E+01 0.100E-06  : function truncated in nmrvs
  3            117.9854731101-0.179E-03-0.184E-03 0.100E-06  : function truncated in nmrvs
  3            117.9854731101-0.322E-03-0.331E-03 0.100E-06  : function truncated in nmrvs
  3            117.9854731101 0.205E+01 0.210E+01 0.100E-06  : function truncated in nmrvs
  23      -29.0843434      20.3301494       8.8523710 0.80E-05 0.56E-09
 Rotation needed            1           2   5.8252729726365065E-004
  3            117.9854731101-0.179E-03-0.184E-03 0.100E-06  : function truncated in nmrvs
  3            117.9854731101-0.322E-03-0.330E-03 0.100E-06  : function truncated in nmrvs
  3            117.9854731101 0.205E+01 0.210E+01 0.100E-06  : function truncated in nmrvs
  3            117.9854731101-0.178E-03-0.183E-03 0.100E-06  : function truncated in nmrvs
  3            117.9854731101-0.321E-03-0.329E-03 0.100E-06  : function truncated in nmrvs
  3            117.9854731101 0.205E+01 0.211E+01 0.100E-06  : function truncated in nmrvs
  24      -29.0843434      20.3301494       8.8523710 0.49E-05 0.56E-09
 Rotation needed            1           2   5.8252729726350526E-004
  3            117.9854731101-0.178E-03-0.183E-03 0.100E-06  : function truncated in nmrvs
  3            117.9854731101-0.321E-03-0.329E-03 0.100E-06  : function truncated in nmrvs
  3            117.9854731101 0.205E+01 0.211E+01 0.100E-06  : function truncated in nmrvs
  3            117.9854731101-0.178E-03-0.183E-03 0.100E-06  : function truncated in nmrvs
  3            117.9854731101-0.320E-03-0.328E-03 0.100E-06  : function truncated in nmrvs
  3            117.9854731101 0.206E+01 0.211E+01 0.100E-06  : function truncated in nmrvs
  25      -29.0843434      20.3301494       8.8523710 0.30E-05 0.56E-09
 Rotation needed            1           2   5.8252729726368448E-004
  3            117.9854731101-0.178E-03-0.182E-03 0.100E-06  : function truncated in nmrvs
  3            117.9854731101-0.320E-03-0.328E-03 0.100E-06  : function truncated in nmrvs
  3            117.9854731101 0.206E+01 0.211E+01 0.100E-06  : function truncated in nmrvs
  3            117.9854731101-0.177E-03-0.182E-03 0.100E-06  : function truncated in nmrvs
  3            117.9854731101-0.319E-03-0.328E-03 0.100E-06  : function truncated in nmrvs
  3            117.9854731101 0.206E+01 0.211E+01 0.100E-06  : function truncated in nmrvs
  26      -29.0843434      20.3301494       8.8523710 0.19E-05 0.56E-09
 Rotation needed            1           2   5.8252729726352499E-004
  3            117.9854731101-0.177E-03-0.182E-03 0.100E-06  : function truncated in nmrvs
  3            117.9854731101-0.319E-03-0.327E-03 0.100E-06  : function truncated in nmrvs
  3            117.9854731101 0.206E+01 0.211E+01 0.100E-06  : function truncated in nmrvs
  3            117.9854731101-0.177E-03-0.182E-03 0.100E-06  : function truncated in nmrvs
  3            117.9854731101-0.319E-03-0.327E-03 0.100E-06  : function truncated in nmrvs
  3            117.9854731101 0.206E+01 0.211E+01 0.100E-06  : function truncated in nmrvs
  27      -29.0843434      20.3301494       8.8523710 0.12E-05 0.56E-09
 Rotation needed            1           2   5.8252729726358560E-004
  3            117.9854731101-0.177E-03-0.182E-03 0.100E-06  : function truncated in nmrvs
  3            117.9854731101-0.318E-03-0.327E-03 0.100E-06  : function truncated in nmrvs
  3            117.9854731101 0.206E+01 0.211E+01 0.100E-06  : function truncated in nmrvs
  3            117.9854731101-0.177E-03-0.181E-03 0.100E-06  : function truncated in nmrvs
  3            117.9854731101-0.318E-03-0.327E-03 0.100E-06  : function truncated in nmrvs
  3            117.9854731101 0.206E+01 0.211E+01 0.100E-06  : function truncated in nmrvs
  28      -29.0843434      20.3301494       8.8523710 0.76E-06 0.56E-09

 Hartree-Fock converged!
      {100|200}= 3.9D-13

   28 iterations: (units are Ry and bohr)
 Energy:     -29.08434343    Ebs:     -20.33014939
 Eh:           8.85237096    Ex :      -0.09817692

   Orbital    Filling       Eigenvalues    Norm(rc->oo)      Peak
    |100>      2.000          -9.545778
    |200>      1.900          -0.651891      0.825245      2.043291
    |210>      0.000          -0.002686      0.999604     35.678972


 ===============Configuration 3 SL: Calc ===============
 method 1  unable to solve equation for electron 1 0
          nc =   2   nj = 771   ed =   5.178130   el =   0.583451   eu =   5.834513
 HF solver failed:  #fails=           1
 Solve for HF wfn failed, orthogonalizing...
 method 1  unable to solve equation for electron 1 0
          nc =   2   nj = 771   ed =   5.178130   el =   0.583451   eu =   5.834513
 HF solver failed:  #fails=           2
  2            117.9854731101 0.269E-01 0.201E-01 0.100E-06  : function truncated in nmrvs
  2            117.9854731101 0.403E-01 0.302E-01 0.100E-06  : function truncated in nmrvs
 method 1  unable to solve equation for electron 1 0
          nc =   2   nj = 780   ed =   1.543853   el =   0.000100   eu =   1.665214
 HF solver failed:  #fails=           3
 Solve for HF wfn failed, orthogonalizing...
 method 1  unable to solve equation for electron 1 0
          nc =   2   nj = 780   ed =   1.543852   el =   0.000100   eu =   1.665214
 HF solver failed:  #fails=           4
 method 1  unable to solve equation for electron 1 0
          nc =   3   nj = 778   ed =   5.439263   el =   4.749779   eu =   6.128747
 HF solver failed:  #fails=           5
 Solve for HF wfn failed, orthogonalizing...
 method 1  unable to solve equation for electron 1 0
          nc =   3   nj = 778   ed =   5.425898   el =   4.738108   eu =   6.113688
 HF solver failed:  #fails=           6
  1            117.9854731101-0.557E-02-0.603E-02 0.100E-06  : function truncated in nmrvs
  1            117.9854731101-0.557E-02-0.603E-02 0.100E-06  : function truncated in nmrvs
 method 1  unable to solve equation for electron 1 0
          nc =   6   nj = 779   ed =   1.248979   el =   0.000100   eu =   1.644995
 HF solver failed:  #fails=           7
 Solve for HF wfn failed, orthogonalizing...
  1            117.9854731101-0.558E-02-0.604E-02 0.100E-06  : function truncated in nmrvs
  1            117.9854731101-0.558E-02-0.604E-02 0.100E-06  : function truncated in nmrvs
 method 1  unable to solve equation for electron 1 0
          nc =   6   nj = 779   ed =   1.248979   el =   0.000100   eu =   1.644995
 HF solver failed:  #fails=           8
  1            117.9854731101-0.558E-02-0.604E-02 0.100E-06  : function truncated in nmrvs
  1            117.9854731101-0.558E-02-0.604E-02 0.100E-06  : function truncated in nmrvs
  1            117.9854731101 0.151E-01 0.163E-01 0.100E-06  : function truncated in nmrvs
 method 1  unable to solve equation for electron 1 0
          nc =   6   nj = 779   ed =   2.262477   el =   0.000100   eu =   2.549269
 HF solver failed:  #fails=           9
 Solve for HF wfn failed, orthogonalizing...
 method 1  unable to solve equation for electron 1 0
          nc =   6   nj = 779   ed =   1.959352   el =   0.000100   eu =   2.207720
 HF solver failed:  #fails=          10
  1            117.9854731101-0.199E-01-0.267E-01 0.100E-06  : function truncated in nmrvs

 iter       Etot             Eeig             Ehart    de_max   dv_max
   1       -1.0254043       0.4196931       0.6057112 0.22E+04 0.13E+00
 method 1  unable to solve equation for electron 1 0
          nc =   4   nj = 779   ed =   3.669943   el =   0.000100   eu =   4.135148
 HF solver failed:  #fails=          11
 Solve for HF wfn failed, orthogonalizing...
 method 1  unable to solve equation for electron 1 0
          nc =   4   nj = 779   ed =   3.632175   el =   0.000100   eu =   4.092592
 HF solver failed:  #fails=          12
  1            117.9854731101-0.636E-02-0.888E-02 0.100E-06  : function truncated in nmrvs
  2            117.9854731101 0.596E-01 0.286E-01 0.100E-06  : function truncated in nmrvs
  2            117.9854731101 0.116E+00 0.556E-01 0.100E-06  : function truncated in nmrvs
 method 1  unable to solve equation for electron 1 0
          nc =   4   nj = 779   ed =   4.350415   el =   0.000100   eu =   4.901876
 HF solver failed:  #fails=          13
 Solve for HF wfn failed, orthogonalizing...
 method 1  unable to solve equation for electron 1 0
          nc =   4   nj = 779   ed =   4.330749   el =   0.000100   eu =   4.879717
 HF solver failed:  #fails=          14
  1            117.9854731101-0.436E-02-0.617E-02 0.100E-06  : function truncated in nmrvs
 method 1  unable to solve equation for electron 1 0
          nc =   4   nj = 779   ed =   5.243089   el =   0.590771   eu =   5.907706
 HF solver failed:  #fails=          15
 Solve for HF wfn failed, orthogonalizing...
 method 1  unable to solve equation for electron 1 0
          nc =   4   nj = 779   ed =   5.238409   el =   0.590243   eu =   5.902433
 HF solver failed:  #fails=          16
  1            117.9854731101-0.208E-02-0.295E-02 0.100E-06  : function truncated in nmrvs
 method 1  unable to solve equation for electron 1 0
          nc =   5   nj = 779   ed =   5.515354   el =   0.621448   eu =   6.214483
 HF solver failed:  #fails=          17
 Solve for HF wfn failed, orthogonalizing...
 method 1  unable to solve equation for electron 1 0
          nc =   5   nj = 779   ed =   5.513175   el =   0.621203   eu =   6.212028
 HF solver failed:  #fails=          18
  1            117.9854731101-0.140E-02-0.200E-02 0.100E-06  : function truncated in nmrvs
 method 1  unable to solve equation for electron 1 0
          nc =   6   nj = 777   ed =   5.623253   el =   4.910447   eu =   6.336060
 HF solver failed:  #fails=          19
 Solve for HF wfn failed, orthogonalizing...
 method 1  unable to solve equation for electron 1 0
          nc =   6   nj = 777   ed =   5.621951   el =   4.909309   eu =   6.334592
 HF solver failed:  #fails=          20
  1            117.9854731101-0.108E-02-0.154E-02 0.100E-06  : function truncated in nmrvs
 method 1  unable to solve equation for electron 1 0
          nc =   6   nj = 777   ed =   5.674461   el =   4.955163   eu =   6.393759
 HF solver failed:  #fails=          21
 Solve for HF wfn failed, orthogonalizing...
 method 1  unable to solve equation for electron 1 0
          nc =   6   nj = 777   ed =   5.673557   el =   4.954374   eu =   6.392740
 HF solver failed:  #fails=          22
  1            117.9854731101-0.897E-03-0.128E-02 0.100E-06  : function truncated in nmrvs
 method 1  unable to solve equation for electron 1 0
          nc =   6   nj = 777   ed =   5.702000   el =   4.979211   eu =   6.424789
 HF solver failed:  #fails=          23
 Solve for HF wfn failed, orthogonalizing...
 method 1  unable to solve equation for electron 1 0
          nc =   6   nj = 777   ed =   5.701305   el =   4.978605   eu =   6.424006
 HF solver failed:  #fails=          24
  1            117.9854731101-0.785E-03-0.112E-02 0.100E-06  : function truncated in nmrvs
   2       -1.8427281       1.2205612       0.6221669 0.85E+00 0.96E-02
 Solve for HF wfn failed, orthogonalizing...
  1            117.9854731101-0.712E-03-0.102E-02 0.100E-06  : function truncated in nmrvs
  2            117.9854731101 0.206E-01 0.152E-01 0.100E-06  : function truncated in nmrvs
  2            117.9854731101 0.391E-01 0.288E-01 0.100E-06  : function truncated in nmrvs
  2            117.9854731101 0.203E-01 0.150E-01 0.100E-06  : function truncated in nmrvs
  2            117.9854731101 0.388E-01 0.286E-01 0.100E-06  : function truncated in nmrvs
  1            117.9854731101-0.662E-03-0.947E-03 0.100E-06  : function truncated in nmrvs
  1            117.9854731101-0.460E-03-0.658E-03 0.100E-06  : function truncated in nmrvs
  1            117.9854731101-0.355E-03-0.508E-03 0.100E-06  : function truncated in nmrvs
  1            117.9854731101-0.295E-03-0.422E-03 0.100E-06  : function truncated in nmrvs
  1            117.9854731101-0.257E-03-0.368E-03 0.100E-06  : function truncated in nmrvs
   3       -1.8609611       1.2383527       0.6226084 0.91E-01 0.31E-02
  1            117.9854731101-0.233E-03-0.333E-03 0.100E-06  : function truncated in nmrvs
  2            117.9854731101 0.199E-01 0.147E-01 0.100E-06  : function truncated in nmrvs
  2            117.9854731101 0.380E-01 0.281E-01 0.100E-06  : function truncated in nmrvs
  2            117.9854731101 0.198E-01 0.147E-01 0.100E-06  : function truncated in nmrvs
  2            117.9854731101 0.379E-01 0.281E-01 0.100E-06  : function truncated in nmrvs
  1            117.9854731101-0.216E-03-0.309E-03 0.100E-06  : function truncated in nmrvs
  1            117.9854731101-0.150E-03-0.215E-03 0.100E-06  : function truncated in nmrvs
  1            117.9854731101-0.116E-03-0.166E-03 0.100E-06  : function truncated in nmrvs
  1            117.9854731101-0.962E-04-0.138E-03 0.100E-06  : function truncated in nmrvs
  1            117.9854731101-0.839E-04-0.120E-03 0.100E-06  : function truncated in nmrvs
   4       -1.8629567       1.2402536       0.6227031 0.20E-01 0.10E-02
  1            117.9854731101-0.758E-04-0.109E-03 0.100E-06  : function truncated in nmrvs
  2            117.9854731101 0.198E-01 0.147E-01 0.100E-06  : function truncated in nmrvs
  2            117.9854731101 0.379E-01 0.280E-01 0.100E-06  : function truncated in nmrvs
 Solve for HF wfn failed, orthogonalizing...
  2            117.9854731101 0.198E-01 0.147E-01 0.100E-06  : function truncated in nmrvs
  2            117.9854731101 0.379E-01 0.280E-01 0.100E-06  : function truncated in nmrvs
  2            117.9854731101-0.184E+00-0.136E+00 0.100E-06  : function truncated in nmrvs
  2            117.9854731101 0.198E-01 0.147E-01 0.100E-06  : function truncated in nmrvs
  2            117.9854731101 0.380E-01 0.281E-01 0.100E-06  : function truncated in nmrvs
  2            117.9854731101-0.213E+00-0.158E+00 0.100E-06  : function truncated in nmrvs
   5       -1.8631678       1.2404426       0.6227252 0.73E-02 0.32E-03
  2            117.9854731101 0.186E-01 0.138E-01 0.100E-06  : function truncated in nmrvs
  2            117.9854731101 0.367E-01 0.272E-01 0.100E-06  : function truncated in nmrvs
  2            117.9854731101-0.251E+00-0.186E+00 0.100E-06  : function truncated in nmrvs
  2            117.9854731101 0.173E-01 0.128E-01 0.100E-06  : function truncated in nmrvs
  2            117.9854731101 0.353E-01 0.261E-01 0.100E-06  : function truncated in nmrvs
  2            117.9854731101-0.297E+00-0.220E+00 0.100E-06  : function truncated in nmrvs
   6       -1.8631896       1.2404590       0.6227305 0.60E-03 0.10E-03
  2            117.9854731101 0.165E-01 0.122E-01 0.100E-06  : function truncated in nmrvs
  2            117.9854731101 0.344E-01 0.255E-01 0.100E-06  : function truncated in nmrvs
  2            117.9854731101-0.332E+00-0.245E+00 0.100E-06  : function truncated in nmrvs
  2            117.9854731101 0.157E-01 0.116E-01 0.100E-06  : function truncated in nmrvs
  2            117.9854731101 0.334E-01 0.248E-01 0.100E-06  : function truncated in nmrvs
  2            117.9854731101-0.353E+00-0.261E+00 0.100E-06  : function truncated in nmrvs
   7       -1.8631917       1.2404598       0.6227319 0.15E-03 0.34E-04
  2            117.9854731101 0.152E-01 0.112E-01 0.100E-06  : function truncated in nmrvs
  2            117.9854731101 0.328E-01 0.243E-01 0.100E-06  : function truncated in nmrvs
  2            117.9854731101-0.376E+00-0.278E+00 0.100E-06  : function truncated in nmrvs
  2            117.9854731101 0.146E-01 0.108E-01 0.100E-06  : function truncated in nmrvs
  2            117.9854731101 0.321E-01 0.237E-01 0.100E-06  : function truncated in nmrvs
  2            117.9854731101-0.406E+00-0.300E+00 0.100E-06  : function truncated in nmrvs
   8       -1.8631919       1.2404596       0.6227323 0.37E-04 0.11E-04
  2            117.9854731101 0.143E-01 0.106E-01 0.100E-06  : function truncated in nmrvs
  2            117.9854731101 0.316E-01 0.234E-01 0.100E-06  : function truncated in nmrvs
  2            117.9854731101-0.438E+00-0.324E+00 0.100E-06  : function truncated in nmrvs
  2            117.9854731101 0.139E-01 0.103E-01 0.100E-06  : function truncated in nmrvs
  2            117.9854731101 0.310E-01 0.229E-01 0.100E-06  : function truncated in nmrvs
  2            117.9854731101-0.474E+00-0.350E+00 0.100E-06  : function truncated in nmrvs
   9       -1.8631919       1.2404595       0.6227324 0.94E-05 0.35E-05
  2            117.9854731101 0.136E-01 0.101E-01 0.100E-06  : function truncated in nmrvs
  2            117.9854731101 0.306E-01 0.226E-01 0.100E-06  : function truncated in nmrvs
  2            117.9854731101-0.499E+00-0.369E+00 0.100E-06  : function truncated in nmrvs
  2            117.9854731101 0.133E-01 0.983E-02 0.100E-06  : function truncated in nmrvs
  2            117.9854731101 0.301E-01 0.223E-01 0.100E-06  : function truncated in nmrvs
  2            117.9854731101-0.522E+00-0.387E+00 0.100E-06  : function truncated in nmrvs
  10       -1.8631919       1.2404595       0.6227324 0.23E-05 0.21E-05
  2            117.9854731101 0.131E-01 0.966E-02 0.100E-06  : function truncated in nmrvs
  2            117.9854731101 0.297E-01 0.220E-01 0.100E-06  : function truncated in nmrvs
  2            117.9854731101-0.544E+00-0.403E+00 0.100E-06  : function truncated in nmrvs
  2            117.9854731101 0.128E-01 0.946E-02 0.100E-06  : function truncated in nmrvs
  2            117.9854731101 0.292E-01 0.216E-01 0.100E-06  : function truncated in nmrvs
  2            117.9854731101-0.582E+00-0.431E+00 0.100E-06  : function truncated in nmrvs
  11       -1.8631919       1.2404595       0.6227324 0.59E-06 0.16E-05
  2            117.9854731101 0.126E-01 0.931E-02 0.100E-06  : function truncated in nmrvs
  2            117.9854731101 0.289E-01 0.214E-01 0.100E-06  : function truncated in nmrvs
  2            117.9854731101-0.604E+00-0.447E+00 0.100E-06  : function truncated in nmrvs
  2            117.9854731101 0.123E-01 0.913E-02 0.100E-06  : function truncated in nmrvs
  2            117.9854731101 0.285E-01 0.211E-01 0.100E-06  : function truncated in nmrvs
  2            117.9854731101-0.636E+00-0.471E+00 0.100E-06  : function truncated in nmrvs
  12       -1.8631919       1.2404595       0.6227324 0.15E-06 0.13E-05

 Hartree-Fock converged!

   12 iterations: (units are Ry and bohr)
 Energy:      -1.86319189    Ebs:      -1.24045950
 Eh:           0.62273238    Ex :       0.00000000

   Orbital    Filling       Eigenvalues    Norm(rc->oo)      Peak
    |100>      1.900          -0.652873      0.824619      2.043291
    |210>      0.000          -1.000100      0.927968     71.062623
   ------------------------------------------------
   ================================================

 ======================================================================== 
 Begin KE convergence testing
 ======================================================================== 
 ----------------------------------------------------------------------
                     Kinetic energy convergence
      ==============================|100>==============================
      Ecut(Ry)  KE/electron(Ry)         KE error/electron (mRy,meV)
         4       0.372152537                72.246694     982.966846
        14       0.437658844                 6.740387      91.707690
        21       0.443684687                 0.714545       9.721881
        28       0.444326499                 0.072732       0.989570
      ==============================|210>==============================
      Ecut(Ry)  KE/electron(Ry)         KE error/electron (mRy,meV)
         4       0.618790877                69.678687     948.027316
        14       0.681143435                 7.326129      99.677116
        25       0.687735801                 0.733764       9.983367
        35       0.688398019                 0.071545       0.973426

 ======================================================================== 
 End KE convergence testing
 ======================================================================== 
<<<do_rpt>>>
<<<do_upf>>>
------------- closing opium session ------------
