##########################################################
#    Opium Report File                                   #
##########################################################
     Opium version:        3.8

### copy of the parameter file #######################

[Atom]
Be
3
100   2.00   -11.0
200   1.00   -0.68
210   0.00   -0.68

[Pseudo]
2 1.6 1.6   
opt

[Optinfo]
7.07  10
7.07  10
conmax

[Configs]
3
#
200  1.20  -
210  0.00  -
#
200  0.50  -
210  0.00  -
#
200  1.90  -
210  0.00  -

[XC]
hf

### AE report ########################################

 AE:Orbital    Filling       Eigenvalues[Ry]          Norm
    ----------------------------------------------------------
	100	 2.000	     -10.2766851765
	200	 1.000	      -1.3322924115	  0.7643702112
	210	 0.000	      -0.3858010882	  0.8597360901

      E_tot =      -28.5547896346 Ry

### PS report ########################################



 NOTICE!! :Ghost testing not done for HF psps yet, sorry :( 
    ====================Optimized pseudopotential method====================

                       Pseudopotential convergence error                      
    Orbital      [mRy/e]       [meV/e]         [mRy]        [meV]        Ghost
    --------------------------------------------------------------------------
	100       0.000428      0.005827      0.000428      0.005827	   ???
	210       0.001145      0.015581      0.000000      0.000000	   ???

                  Tot. error =               0.000428      0.005827


### NL/SL report #####################################



 NOTICE!! :Ghost testing not done for HF psps yet, sorry :( 

 SL:Orbital    Filling       Eigenvalues[Ry]          Norm       Ghost
    ------------------------------------------------------------------
	100 	 1.000	      -1.3322923586	  0.7643753180	   ???
	210 	 0.000	      -0.3858009809	  0.8597360398	   ???

      E_tot =       -1.3322923586 Ry

### KE report ########################################

	 ===   Ecut necessary for ~1    eV convergence error / electron === 
	 --------------------------------------------------------------- 
		 	 Ecut[Ry] 	 error [meV/e] 
	100  		   4 	          982.967 
	210  		   4 	          948.027 
	 ===   Ecut necessary for ~100 meV convergence error / electron === 
	 --------------------------------------------------------------- 
		 	 Ecut[Ry] 	 error [meV/e] 
	100  		   14 	           91.708 
	210  		   14 	           99.677 

	 ===   Ecut necessary for  ~10 meV convergence error / electron === 
	 --------------------------------------------------------------- 
		 	 Ecut[Ry] 	 error [meV/e] 
	100  		   21 	            9.722 
	210  		   25 	            9.983 

	 ===   Ecut necessary for   ~1 meV convergence error / electron === 
	 --------------------------------------------------------------- 
		 	 Ecut[Ry] 	 error [meV/e] 
	100  		   28 	            0.990 
	210  		   35 	            0.973 

### TC report ########################################

 AE:Orbital    Filling       Eigenvalues[Ry]          Norm
    ----------------------------------------------------------
	100	 2.000	     -10.1126891810
	200	 1.200	      -1.0763836357	  0.7867109963
	210	 0.000	      -0.2819671697	  0.8810008593

      E_tot =      -28.6660014178 Ry


 NOTICE!! :Ghost testing not done for HF psps yet, sorry :( 

 SL:Orbital    Filling       Eigenvalues[Ry]          Norm       Ghost
    ------------------------------------------------------------------
	100 	 1.200	      -1.0770506547	  0.7863890384	   ???
	210 	 0.000	      -0.2820672373	  0.8807440557	   ???

      E_tot =       -1.4439408491 Ry

 AE-SL:Orbital Filling       Eigenvalues[mRy]         Norm[1e-3] 
 AE-SL- --------------------------------------------------------------
 AE-SL- 100 	 1.200	       0.6670190309	  0.3219579945	
 AE-SL- 210 	 0.000	       0.1000676430	  0.2568035353	
 AE-SL-  total error =	       0.7670866739	  0.5787615297

 =====================================================================
 AE:Orbital    Filling       Eigenvalues[Ry]          Norm
    ----------------------------------------------------------
	100	 2.000	     -10.8054899292
	200	 0.500	      -1.3321819428	  0.7644801489
	210	 0.000	      -0.7004810246	  0.7973995303

      E_tot =      -27.8886756235 Ry


 NOTICE!! :Ghost testing not done for HF psps yet, sorry :( 

 SL:Orbital    Filling       Eigenvalues[Ry]          Norm       Ghost
    ------------------------------------------------------------------
	100 	 0.500	      -1.3322923586	  0.7643753180	   ???
	210 	 0.000	      -0.6988103758	  0.7992155221	   ???

      E_tot =       -0.6661461793 Ry

 AE-SL:Orbital Filling       Eigenvalues[mRy]         Norm[1e-3] 
 AE-SL- --------------------------------------------------------------
 AE-SL- 100 	 0.500	       0.1104158477	  0.1048309877	
 AE-SL- 210 	 0.000	      -1.6706487967	 -1.8159918563	
 AE-SL-  total error =	       1.7810646444	  1.9208228440

 =====================================================================
 AE:Orbital    Filling       Eigenvalues[Ry]          Norm
    ----------------------------------------------------------
	100	 2.000	      -9.5457780914
	200	 1.900	      -0.6518911613	  0.8252450994
	210	 0.000	      -0.0026860626	  0.9996044842

      E_tot =      -29.0843434292 Ry


 NOTICE!! :Ghost testing not done for HF psps yet, sorry :( 

 SL:Orbital    Filling       Eigenvalues[Ry]          Norm       Ghost
    ------------------------------------------------------------------
	100 	 1.900	      -0.6528734236	  0.8246192282	   ???
	210 	 0.000	      -1.0000999268	  0.9279676556	   ???

      E_tot =       -1.8631918879 Ry

 AE-SL:Orbital Filling       Eigenvalues[mRy]         Norm[1e-3] 
 AE-SL- --------------------------------------------------------------
 AE-SL- 100 	 1.900	       0.9822623300	  0.6258712336	
 AE-SL- 210 	 0.000	     997.4138642163	 71.6368285680	
 AE-SL-  total error =	     998.3961265463	 72.2626998016

 =====================================================================

  Comparison of total energy differences.           
   DD_ij = (E_i - E_j)_AE - (E_i-E_j)_SL     

 AE-SL-   i   j         DD[mRy]        DD[meV] 
 AE-SL- ------------------------------------------
 AE-SL-   0   1        -0.436707      -5.941707
 AE-SL-   0   2         0.032168       0.437671
 AE-SL-   0   3        -1.345735     -18.309662
 AE-SL-   1   2         0.468875       6.379379
 AE-SL-   1   3        -0.909027     -12.367955
 AE-SL-   2   3        -1.377903     -18.747334
