
 ++++++++++++++++++++++++++++++++++++++++++++++++++++++++++++++++++++++++
           OPIUM  Version:        3.8                             
           =====================================            
 See http://opium.sourceforge.net for help and information                 
 Copyright 2009 : The OPIUM project                         

 Compile host     : vagvlan567.217.wlan.design.upenn.edu
 Compile OS       : Darwin 14.1.0 i386
 Compile date     : Wed Mar 18 18:57:27 EDT 2015

 Execution host   : vagvlan567.0723.wlan.wireless-pennnet.upenn.edu
 time of execution: Wed Oct 14 16:36:03 2015

 ++++++++++++++++++++++++++++++++++++++++++++++++++++++++++++++++++++++++
 Reading parameter file:  <si.param> ... 
 File prefix             : si 
 Element                 : Silicon    (Si) 
 Z                       : 14 
 
 Number of all-electron orbitals   : 6 
 Number of pseudo       orbitals   : 3 
 
 Pseudopotential is non-relativistic 
 Using Hartree-Fock Exchange (Beta!!)                
 HF pseudopotential NOT being smoothed! 
 The s potential is used for the KB construction 
 Optimized (RRKJ) pseudopotential method will be used 

 nl    cutoff radii    q-max      # bessel functions
 3s       1.850        7.070              10 
 3p       1.850        7.070              10 
 3d       1.970        7.070              10 

 Reference Configuration: core  <-/-> valence 
 1s2  2s2  2p6  <-/-> 3s2  3p1.05  3d0 

 Grid definitions: 
 a_grid=1.00e-04    b_grid=1.30e-02    # points=1144 
 r(1)=4.15e-05      r(np)=1.18e+02    

 dEmax tolerance:  1.00e-08      dVmax tolerance:  1.00e-06     

 Starting calculation...

 ======================================================================== 
 Begin AE calculation
 ======================================================================== 
 Performing non-relativistic AE calculation...  
 Rotation needed            1           2   1.0000000000000001E-005
 Rotation needed            1           4   1.0000000000000001E-005
 Rotation needed            2           4   1.0000000000000001E-005
 Rotation needed            3           5   1.0000000000000001E-005

 iter       Etot             Eeig             Ehart    de_max   dv_max
   1     -597.9829088     382.3635666     222.2453151 0.33E+02 0.16E+00
 Rotation needed            3           5  -6.0840812212045075E-004
   2     -577.0233499     362.0570110     221.5261136 0.65E-01 0.37E-02
 Rotation needed            3           5   3.1297199204013068E-003
   3     -577.1869240     362.1792774     221.5685441 0.69E-02 0.11E-03
 Rotation needed            3           5   2.9552973598482250E-003
   4     -577.1698722     362.1636153     221.5671308 0.52E-04 0.44E-05
 Rotation needed            3           5   2.9577398131615585E-003
   5     -577.1700170     362.1637167     221.5671754 0.91E-06 0.95E-06
 Rotation needed            3           5   2.9575653359022480E-003
   6     -577.1699772     362.1636882     221.5671638 0.17E-06 0.22E-06
 Rotation needed            3           5   2.9575585071447241E-003
   7     -577.1699879     362.1636961     221.5671666 0.48E-07 0.11E-05

 Hartree-Fock converged!
      {100|200}=-2.9D-11
      {100|300}= 1.8D-18
      {200|300}=-3.4D-17
      {210|310}=-1.1D-17

    7 iterations: (units are Ry and bohr)
 Energy:    -577.16998787    Ebs:    -362.16369612
 Eh:         221.56716655    Ex :      -6.56087481

   Orbital    Filling       Eigenvalues    Norm(rc->oo)      Peak
    |100>      2.000        -138.312687
    |200>      2.000         -12.989521
    |210>      6.000          -9.183925
    |300>      2.000          -1.646743      0.586177      1.745383
    |310>      1.050          -1.106900      0.732996      2.066743
    |320>      0.000          -0.105937      0.996465      8.524751

 ======================================================================== 
 End AE calculation
 ======================================================================== 

 ======================================================================== 
 Begin PS construction
 ======================================================================== 
 Optimized Pseudopotential Generation ...

 ==================
 zeff=   4.0000000000000000     
 Pseudizing state : |300>
 eigenvalue       : -1.646743
 qc               :  7.070000
 # bessel fxns    : 10
 point nearest rc :  824
 rc               :  1.850000
 actual rc        :  1.838544

 Psi(rc)          :     0.4102688268
 Slope at rc      :    -0.2604203972
 Curvature at rc  :    -0.1319695266
 Del^2 Psi at rc  :    -0.4152593733
 Log Deriv at rc  :    -0.6347555072

 Starting KE minimization...
  step #    theta       slope       curv       KEresid    coeffsum
     1    0.002541   -0.338228   66.562103    0.000027    0.067202
     2   -0.000610    0.035029   28.717418    0.000016    0.074786
     3   -0.000217    0.016700   38.424870    0.000014    0.074359
     4   -0.000231    0.006435   13.919268    0.000014    0.074154

 # steps:     8
 Final KE error:    0.0000066943
 Sum of coeffs :    0.0856102809
 ---------------------------------------------------------------
 Coeff:      0.575457 -0.403003 -0.112006  0.026005 -0.004281  0.003196 -0.001733  0.001157 -0.001660  0.002477
 ---------------------------------------------------------------
 Resid KE (Ry)     :        0.0000066943
 Norm error        :    -0.833E-15
 Continuity error  :     0.000E+00
 Curvature error   :     0.744E-14
 ---------------------------------------------------------------
 Bessel wavevectors and final coefficients
   1        0.9085741622        0.5754568255
   2        2.5822370276       -0.4030033930
   3        4.2833831465       -0.1120058541
   4        5.9888387787        0.0260047954
   5        7.6957487262       -0.0042807013
   6        9.4033225229        0.0031960733
   7       11.1112544855       -0.0017325699
   8       12.8194015831        0.0011572634
   9       14.5276879792       -0.0016595022
  10       16.2360697270        0.0024773437

 Total KE           (Ry) :     0.5981013972
 0  -> qc contribution   :     0.5980947029
 qc -> oo contribution   :     0.0000066943   (=Convergence term)
 Occupancy of this state :     2.0000000000
 Convergence term (Ry/e) :     0.0000066943
 Convergence error (mRy) :     0.0133885474
 Convergence error (meV) :     0.1821618984


 ==================
 zeff=   4.0000000000000000     
 Pseudizing state : |310>
 eigenvalue       : -1.106900
 qc               :  7.070000
 # bessel fxns    : 10
 point nearest rc :  824
 rc               :  1.850000
 actual rc        :  1.838544

 Psi(rc)          :     0.3597866278
 Slope at rc      :    -0.1288793602
 Curvature at rc  :    -0.2124940800
 Del^2 Psi at rc  :    -0.5655674635
 Log Deriv at rc  :    -0.3582105342

 Starting KE minimization...
  step #    theta       slope       curv       KEresid    coeffsum
     1    0.001811   -0.161313   44.537725    0.000036    0.791073
     2   -0.000807    0.032454   20.106611    0.000023    0.799754
     3   -0.000814    0.021976   13.505729    0.000014    0.802518
     4   -0.000416    0.011221   13.490709    0.000011    0.800757

 # steps:     5
 Final KE error:    0.0000064799
 Sum of coeffs :    0.8008698707
 ---------------------------------------------------------------
 Coeff:      0.878911 -0.028050 -0.048322  0.000518 -0.001227  0.000147 -0.001924  0.000976 -0.001351  0.001192
 ---------------------------------------------------------------
 Resid KE (Ry)     :        0.0000064799
 Norm error        :    -0.111E-15
 Continuity error  :     0.167E-15
 Curvature error   :     0.611E-14
 ---------------------------------------------------------------
 Bessel wavevectors and final coefficients
   1        1.3916777702        0.8789105025
   2        3.2945911214       -0.0280498079
   3        5.0469111100       -0.0483224380
   4        6.7761140985        0.0005184971
   5        8.4968518423       -0.0012266424
   6       10.2135015836        0.0001473003
   7       11.9278560485       -0.0019239046
   8       13.6407905318        0.0009760568
   9       15.3527844679       -0.0013512293
  10       17.0641228923        0.0011915362

 Total KE           (Ry) :     0.9203525138
 0  -> qc contribution   :     0.9203460340
 qc -> oo contribution   :     0.0000064799   (=Convergence term)
 Occupancy of this state :     1.0500000000
 Convergence term (Ry/e) :     0.0000064799
 Convergence error (mRy) :     0.0068038614
 Convergence error (meV) :     0.0925719775


 ==================
 zeff=   4.0000000000000000     
 Pseudizing state : |320>
 eigenvalue       : -0.105937
 qc               :  7.070000
 # bessel fxns    : 10
 point nearest rc :  829
 rc               :  1.970000
 actual rc        :  1.962019

 Psi(rc)          :     0.0424501708
 Slope at rc      :     0.0068703135
 Curvature at rc  :    -0.0069628956
 Del^2 Psi at rc  :    -0.0661239943
 Log Deriv at rc  :     0.1618441890

 Starting KE minimization...
  step #    theta       slope       curv       KEresid    coeffsum
     1    0.006028   -0.003997    0.331554    0.000007    0.199213

 # steps:     1
 Final KE error:    0.0000070597
 Sum of coeffs :    0.1992131926
 ---------------------------------------------------------------
 Coeff:      0.152755  0.032397  0.010051  0.004497  0.000760  0.000618 -0.000200  0.000052 -0.000886 -0.000832
 ---------------------------------------------------------------
 Resid KE (Ry)     :        0.0000070597
 Norm error        :     0.130E-17
 Continuity error  :     0.000E+00
 Curvature error   :     0.407E-14
 ---------------------------------------------------------------
 Bessel wavevectors and final coefficients
   1        1.5906912639        0.1527554222
   2        3.6904967239        0.0323966199
   3        5.3935569318        0.0100508323
   4        7.0450097680        0.0044968213
   5        8.6767163951        0.0007603404
   6       10.2985368176        0.0006182249
   7       11.9146498011       -0.0001997288
   8       13.5271540655        0.0000521611
   9       15.1372259802       -0.0008856578
  10       16.7455783479       -0.0008318430

 Total KE           (Ry) :     0.1406973815
 0  -> qc contribution   :     0.1406903217
 qc -> oo contribution   :     0.0000070597   (=Convergence term)
 Occupancy of this state :     0.0000000000
 Convergence term (Ry/e) :     0.0000070597
 Convergence error (mRy) :     0.0000000000
 Convergence error (meV) :     0.0000000000


 Running HF solver for raw psp...
 Results of HF psp solve...
 State: 1s  AE eigenvalue =  -1.646743  PS eigenvalue =  -1.646743
 State: 2p  AE eigenvalue =  -1.106900  PS eigenvalue =  -1.106900
 State: 3d  AE eigenvalue =  -0.105937  PS eigenvalue =  -0.105937

 ======================================================================== 
 End PS construction
 ======================================================================== 

 ======================================================================== 
 Begin SL calculation
 ======================================================================== 

 iter       Etot             Eeig             Ehart    de_max   dv_max
   1       -6.8017498       4.4557308       2.5319790 0.11E-06 0.31E-08
   2       -6.8017498       4.4557308       2.5319790 0.77E-10 0.31E-08

 Hartree-Fock converged!

    2 iterations: (units are Ry and bohr)
 Energy:      -6.80174985    Ebs:      -4.45573076
 Eh:           2.53197903    Ex :      -0.18595994

   Orbital    Filling       Eigenvalues    Norm(rc->oo)      Peak
    |100>      2.000          -1.646743      0.586177      1.745383
    |210>      1.050          -1.106900      0.732996      2.066743
    |320>      0.000          -0.105937      0.996465      8.524751

 ======================================================================== 
 End SL calculation
 ======================================================================== 
<<<do_tc>>>


 ===============Configuration 1 AE Calc=============== 
 Rotation needed            1           2   1.0000000000000001E-005
 Rotation needed            1           4   1.0000000000000001E-005
 Rotation needed            2           4   1.0000000000000001E-005
 Rotation needed            3           5   1.0000000000000001E-005

 iter       Etot             Eeig             Ehart    de_max   dv_max
   1     -597.8773522     382.7248158     221.7459901 0.33E+02 0.16E+00
 Rotation needed            3           5  -6.2226132321274057E-004
   2     -577.1046450     362.5421635     221.1172334 0.64E-01 0.29E-02
 Rotation needed            3           5   3.2224328607470282E-003
   3     -577.1487001     362.5880103     221.1139354 0.13E-02 0.10E-03
 Rotation needed            3           5   3.0892816974839032E-003
   4     -577.1463607     362.5862292     221.1133840 0.20E-04 0.51E-05
 Rotation needed            3           5   3.0834330983625954E-003
   5     -577.1462463     362.5861743     221.1133224 0.17E-05 0.80E-06
 Rotation needed            3           5   3.0831776873763567E-003
   6     -577.1462529     362.5861899     221.1133132 0.29E-06 0.23E-06
 Rotation needed            3           5   3.0831665638511654E-003
   7     -577.1462643     362.5861984     221.1133162 0.80E-07 0.66E-07

 Hartree-Fock converged!
      {100|200}= 2.1D-17
      {100|300}= 1.2D-18
      {200|300}=-1.7D-17
      {210|310}=-3.0D-17

    7 iterations: (units are Ry and bohr)
 Energy:    -577.14626431    Ebs:    -362.58619839
 Eh:         221.11331624    Ex :      -6.55325031

   Orbital    Filling       Eigenvalues    Norm(rc->oo)      Peak
    |100>      2.000        -138.348472
    |200>      2.000         -13.024845
    |210>      6.000          -9.219018
    |300>      2.000          -1.676856      0.584334      1.745383
    |310>      1.000          -1.171744      0.726781      2.040049
    |320>      0.000          -0.118058      0.995373      7.988267
!!NOTE!!: All Hartree-Fock tests are done with the semi-local form of the potential 
!!NOTE!!: Use the 'sl' command instead of the 'nl' command to remove this warning...


 ===============Configuration 1 SL: Calc ===============

 iter       Etot             Eeig             Ehart    de_max   dv_max
   1       -6.7780635       4.5252973       2.4317216 0.11E+00 0.11E-03
   2       -6.7778889       4.5251142       2.4317302 0.14E-03 0.73E-06
   3       -6.7778880       4.5251134       2.4317301 0.31E-06 0.96E-07
   4       -6.7778881       4.5251134       2.4317301 0.15E-07 0.16E-07

 Hartree-Fock converged!

    4 iterations: (units are Ry and bohr)
 Energy:      -6.77788809    Ebs:      -4.52511342
 Eh:           2.43173010    Ex :      -0.17895544

   Orbital    Filling       Eigenvalues    Norm(rc->oo)      Peak
    |100>      2.000          -1.676795      0.584357      1.745383
    |210>      1.000          -1.171524      0.726893      2.040049
    |320>      0.000          -0.118060      0.995373      7.988267


 ===============Configuration 2 AE Calc=============== 
 Rotation needed            1           2   1.0000000000000001E-005
 Rotation needed            1           4   1.0000000000000001E-005
 Rotation needed            2           4   1.0000000000000001E-005
 Rotation needed            3           5   1.0000000000000001E-005
 method 1  unable to solve equation for electron 3 0
          nc =   2   nj = 532   ed =   1.153576   el =   0.803745   eu =   9.000000
 Rotation needed            1           4   2.0409007807355856E-004
 Rotation needed            2           4   8.4577075687358131E-004
 Rotation needed            3           5  -1.5734308075133925E-003
 HF solver failed:  #fails=           1
 Solve for HF wfn failed, orthogonalizing...
 Rotation needed            1           4   1.5261526297425121E-003
 Rotation needed            2           4   7.3600703471944778E-003
 Rotation needed            3           5   1.1293987557871935E-003

 iter       Etot             Eeig             Ehart    de_max   dv_max
   1     -597.0367102     383.0108858     220.5870442 0.33E+02 0.16E+00
 Rotation needed            1           4   1.4863335533524566E-003
 Rotation needed            2           4   7.3434373153806621E-003
 Rotation needed            3           5   1.1292112930698802E-003
   2     -576.6033990     363.3444150     219.7726885 0.64E-01 0.52E-02
 Rotation needed            1           4   8.7350128887599837E-004
 Rotation needed            2           4   9.2266685304721874E-003
 Rotation needed            3           5   6.5012492861076130E-003
   3     -576.6476957     363.3864964     219.7734963 0.15E-02 0.16E-03
 Rotation needed            1           4   1.1111727765996796E-003
 Rotation needed            2           4   1.0498301018035998E-002
 Rotation needed            3           5   6.2634875858164421E-003
   4     -576.6428802     363.3823307     219.7728500 0.56E-04 0.63E-05
 Rotation needed            1           4   1.1160130506932021E-003
 Rotation needed            2           4   1.0505361276030852E-002
 Rotation needed            3           5   6.2448121964998014E-003
   5     -576.6427231     363.3822376     219.7727845 0.23E-05 0.70E-06
 Rotation needed            1           4   1.1160472414615374E-003
 Rotation needed            2           4   1.0505966895071836E-002
 Rotation needed            3           5   6.2448910546187919E-003
   6     -576.6427315     363.3822542     219.7727762 0.29E-06 0.24E-06
 Rotation needed            1           4   1.1160478863614719E-003
 Rotation needed            2           4   1.0505966841524031E-002
 Rotation needed            3           5   6.2448641545313393E-003
   7     -576.6427430     363.3822626     219.7727794 0.75E-07 0.12E-06

 Hartree-Fock converged!
      {100|200}=-4.2D-17
      {100|300}= 4.8D-11
      {200|300}=-2.1D-17
      {210|310}= 2.3D-18

    7 iterations: (units are Ry and bohr)
 Energy:    -576.64274299    Ebs:    -363.38226255
 Eh:         219.77277941    Ex :      -6.51229898

   Orbital    Filling       Eigenvalues    Norm(rc->oo)      Peak
    |100>      2.000        -138.463913
    |200>      2.000         -13.124955
    |210>      6.000          -9.340251
    |300>      1.000          -1.834688      0.568456      1.745383
    |310>      2.000          -1.164166      0.722186      2.040049
    |320>      0.000          -0.121049      0.992984      7.583493


 ===============Configuration 2 SL: Calc ===============

 iter       Etot             Eeig             Ehart    de_max   dv_max
   1       -6.2719103       4.1628722       2.2889289 0.13E+00 0.14E-03
   2       -6.2718823       4.1628410       2.2889324 0.13E-02 0.86E-07
   3       -6.2718822       4.1628409       2.2889324 0.37E-05 0.54E-08
   4       -6.2718822       4.1628409       2.2889324 0.57E-07 0.10E-09

 Hartree-Fock converged!

    4 iterations: (units are Ry and bohr)
 Energy:      -6.27188223    Ebs:      -4.16284094
 Eh:           2.28893243    Ex :      -0.17989114

   Orbital    Filling       Eigenvalues    Norm(rc->oo)      Peak
    |100>      1.000          -1.838282      0.567434      1.722840
    |210>      2.000          -1.162280      0.722934      2.040049
    |320>      0.000          -0.121103      0.992934      7.583493


 ===============Configuration 3 AE Calc=============== 
 Rotation needed            1           2   1.0000000000000001E-005
 Rotation needed            1           4   1.0000000000000001E-005
 Rotation needed            2           4   1.0000000000000001E-005
 Rotation needed            3           5   1.0000000000000001E-005

 iter       Etot             Eeig             Ehart    de_max   dv_max
   1     -575.7453740     371.6800197     210.3630956 0.34E+02 0.12E+00
   2     -575.9092141     371.4238396     210.8098193 0.22E+00 0.22E-02
   3     -576.0004761     371.4949750     210.8307653 0.27E-02 0.59E-04
   4     -575.9917739     371.4867281     210.8302759 0.14E-02 0.12E-05
   5     -575.9917988     371.4867469     210.8302819 0.60E-03 0.55E-06
   6     -575.9917931     371.4867431     210.8302799 0.24E-03 0.71E-07
   7     -575.9917949     371.4867444     210.8302804 0.92E-04 0.55E-07
   8     -575.9917944     371.4867440     210.8302803 0.36E-04 0.48E-07
   9     -575.9917946     371.4867442     210.8302803 0.14E-04 0.50E-07
  10     -575.9917945     371.4867441     210.8302803 0.52E-05 0.49E-07
  11     -575.9917945     371.4867441     210.8302803 0.20E-05 0.49E-07
  12     -575.9917945     371.4867441     210.8302803 0.77E-06 0.49E-07
  13     -575.9917945     371.4867441     210.8302803 0.30E-06 0.49E-07

 Hartree-Fock converged!
      {100|200}=-9.9D-17
      {100|300}= 6.0D-18
      {200|300}=-3.7D-17

   13 iterations: (units are Ry and bohr)
 Energy:    -575.99179453    Ebs:    -371.48674413
 Eh:         210.83028031    Ex :      -6.32522991

   Orbital    Filling       Eigenvalues    Norm(rc->oo)      Peak
    |100>      2.000        -139.244179
    |200>      2.000         -13.892485
    |210>      6.000         -10.080927
    |300>      2.000          -2.363926      0.539365      1.700588
    |310>      0.000          -1.138530      0.734375      2.066743
    |320>      0.000          -0.501579      0.926422      3.567888


 ===============Configuration 3 SL: Calc ===============
 method 1  unable to solve equation for electron 1 0
          nc =   2   nj = 823   ed =   8.400748   el =   0.946563   eu =   9.465632
 HF solver failed:  #fails=           1
 Solve for HF wfn failed, orthogonalizing...
 method 1  unable to solve equation for electron 1 0
          nc =   2   nj = 823   ed =   8.400748   el =   0.946563   eu =   9.465632
 HF solver failed:  #fails=           2
 Solve for HF wfn failed, orthogonalizing...

 iter       Etot             Eeig             Ehart    de_max   dv_max
   1       -5.6224824       4.7198115       0.9026708 0.45E+01 0.44E-03
   2       -5.6224650       4.7197201       0.9027450 0.30E-01 0.53E-04
   3       -5.6224638       4.7197107       0.9027532 0.35E-04 0.15E-04
   4       -5.6224636       4.7197084       0.9027552 0.48E-05 0.46E-05
   5       -5.6224635       4.7197078       0.9027557 0.12E-05 0.15E-05
   6       -5.6224635       4.7197077       0.9027557 0.36E-06 0.13E-05
   7       -5.6224635       4.7197077       0.9027558 0.50E-07 0.90E-06

 Hartree-Fock converged!

    7 iterations: (units are Ry and bohr)
 Energy:      -5.62246354    Ebs:      -4.71970773
 Eh:           0.90275581    Ex :       0.00000000

   Orbital    Filling       Eigenvalues    Norm(rc->oo)      Peak
    |100>      2.000          -2.359854      0.540420      1.700588
    |210>      0.000          -1.140524      0.733260      2.066743
    |320>      0.000          -0.501401      0.926910      3.567888
   ------------------------------------------------
   ================================================

 ======================================================================== 
 Begin KE convergence testing
 ======================================================================== 
 ----------------------------------------------------------------------
                     Kinetic energy convergence
      ==============================|100>==============================
      Ecut(Ry)  KE/electron(Ry)         KE error/electron (mRy,meV)
         8       0.527750763                70.350482     957.167556
        14       0.590891924                 7.209321      98.087855
        19       0.597475628                 0.625617       8.511960
        36       0.598028647                 0.072597       0.987738
      ==============================|210>==============================
      Ecut(Ry)  KE/electron(Ry)         KE error/electron (mRy,meV)
         3       0.856487150                63.865368     868.933041
         6       0.913151465                 7.201053      97.975367
        22       0.919662214                 0.690304       9.392067
        32       0.920284898                 0.067620       0.920021
      ==============================|320>==============================
      Ecut(Ry)  KE/electron(Ry)         KE error/electron (mRy,meV)
       398       2.457073088                39.658486     539.581468

 ======================================================================== 
 End KE convergence testing
 ======================================================================== 
<<<do_rpt>>>
<<<do_upf>>>
------------- closing opium session ------------
