##########################################################
#    Opium Report File                                   #
##########################################################
     Opium version:        3.8

### copy of the parameter file #######################

[Atom]
Si
6
100 2.00  -13.0   # reference configuration
200 2.00   -1.4   # reference configuration
210 6.00   -0.4   # reference configuration
300 2.00   -0.1   # reference configuration
310 1.05  -13.0   # reference configuration
320 0.00   -1.4   # reference configuration


[Pseudo]
3 1.85 1.85 1.97
opt

[Optinfo]
7.07 10    # rc[a.u.] qc[sqrt(Ry)] Nb
7.07 10
7.07 10

[XC]
hf

[Configs]
3                 # number of valence configurations
#
300  2.00  -13.0   # nlm occ eigen(- means auto-generate)
310  1.00   -6.0
320  0.00   -6.0
#
300  1.00  -13.0
310  2.00   -6.0
320  0.00   -6.0
#
300  2.00  -13.0
310  0.00   -6.0
320  0.00   -6.0

### AE report ########################################

 AE:Orbital    Filling       Eigenvalues[Ry]          Norm
    ----------------------------------------------------------
	100	 2.000	    -138.3126874274
	200	 2.000	     -12.9895209502
	210	 6.000	      -9.1839247563
	300	 2.000	      -1.6467429414	  0.5861766465
	310	 1.050	      -1.1068999468	  0.7329963128
	320	 0.000	      -0.1059369100	  0.9964651645

      E_tot =     -577.1699878672 Ry

### PS report ########################################



 NOTICE!! :Ghost testing not done for HF psps yet, sorry :( 
    ====================Optimized pseudopotential method====================

                       Pseudopotential convergence error                      
    Orbital      [mRy/e]       [meV/e]         [mRy]        [meV]        Ghost
    --------------------------------------------------------------------------
	100       0.006694      0.091080      0.013389      0.182161	   ???
	210       0.006480      0.088163      0.006804      0.092571	   ???
	320       0.007060      0.096053      0.000000      0.000000	   ???

                  Tot. error =               0.020192      0.274732


### NL/SL report #####################################



 NOTICE!! :Ghost testing not done for HF psps yet, sorry :( 

 SL:Orbital    Filling       Eigenvalues[Ry]          Norm       Ghost
    ------------------------------------------------------------------
	100 	 2.000	      -1.6467429145	  0.5861766557	   ???
	210 	 1.050	      -1.1068999332	  0.7329962951	   ???
	320 	 0.000	      -0.1059368985	  0.9964651647	   ???

      E_tot =       -6.8017498490 Ry

### KE report ########################################

	 ===   Ecut necessary for ~1    eV convergence error / electron === 
	 --------------------------------------------------------------- 
		 	 Ecut[Ry] 	 error [meV/e] 
	100  		   8 	          957.168 
	210  		   3 	          868.933 
	320  		   398 	          539.581 
	 ===   Ecut necessary for ~100 meV convergence error / electron === 
	 --------------------------------------------------------------- 
		 	 Ecut[Ry] 	 error [meV/e] 
	100  		   14 	           98.088 
	210  		   6 	           97.975 
	320  		   -----  >400 Ry   -----

	 ===   Ecut necessary for  ~10 meV convergence error / electron === 
	 --------------------------------------------------------------- 
		 	 Ecut[Ry] 	 error [meV/e] 
	100  		   19 	            8.512 
	210  		   22 	            9.392 
	320  		   -----  >400 Ry   -----

	 ===   Ecut necessary for   ~1 meV convergence error / electron === 
	 --------------------------------------------------------------- 
		 	 Ecut[Ry] 	 error [meV/e] 
	100  		   36 	            0.988 
	210  		   32 	            0.920 
	320  		   -----  >400 Ry   -----

### TC report ########################################

 AE:Orbital    Filling       Eigenvalues[Ry]          Norm
    ----------------------------------------------------------
	100	 2.000	    -138.3484717328
	200	 2.000	     -13.0248452637
	210	 6.000	      -9.2190182376
	300	 2.000	      -1.6768556589	  0.5843339135
	310	 1.000	      -1.1717436490	  0.7267813307
	320	 0.000	      -0.1180579996	  0.9953734222

      E_tot =     -577.1462643069 Ry


 NOTICE!! :Ghost testing not done for HF psps yet, sorry :( 

 SL:Orbital    Filling       Eigenvalues[Ry]          Norm       Ghost
    ------------------------------------------------------------------
	100 	 2.000	      -1.6767946179	  0.5843570728	   ???
	210 	 1.000	      -1.1715241867	  0.7268927785	   ???
	320 	 0.000	      -0.1180600526	  0.9953734084	   ???

      E_tot =       -6.7778880862 Ry

 AE-SL:Orbital Filling       Eigenvalues[mRy]         Norm[1e-3] 
 AE-SL- --------------------------------------------------------------
 AE-SL- 100 	 2.000	      -0.0610409984	 -0.0231593132	
 AE-SL- 210 	 1.000	      -0.2194622496	 -0.1114477996	
 AE-SL- 320 	 0.000	       0.0020530090	  0.0000137704	
 AE-SL-  total error =	       0.2825562569	  0.1346208833

 =====================================================================
 AE:Orbital    Filling       Eigenvalues[Ry]          Norm
    ----------------------------------------------------------
	100	 2.000	    -138.4639133120
	200	 2.000	     -13.1249548301
	210	 6.000	      -9.3402509816
	300	 1.000	      -1.8346882494	  0.5684562980
	310	 2.000	      -1.1641660654	  0.7221861804
	320	 0.000	      -0.1210490984	  0.9929835584

      E_tot =     -576.6427429864 Ry


 NOTICE!! :Ghost testing not done for HF psps yet, sorry :( 

 SL:Orbital    Filling       Eigenvalues[Ry]          Norm       Ghost
    ------------------------------------------------------------------
	100 	 1.000	      -1.8382818383	  0.5674336439	   ???
	210 	 2.000	      -1.1622795519	  0.7229335001	   ???
	320 	 0.000	      -0.1211028759	  0.9929340370	   ???

      E_tot =       -6.2718822330 Ry

 AE-SL:Orbital Filling       Eigenvalues[mRy]         Norm[1e-3] 
 AE-SL- --------------------------------------------------------------
 AE-SL- 100 	 1.000	       3.5935888987	  1.0226541520	
 AE-SL- 210 	 2.000	      -1.8865134447	 -0.7473196754	
 AE-SL- 320 	 0.000	       0.0537774240	  0.0495213446	
 AE-SL-  total error =	       5.5338797673	  1.8194951720

 =====================================================================
 AE:Orbital    Filling       Eigenvalues[Ry]          Norm
    ----------------------------------------------------------
	100	 2.000	    -139.2441791176
	200	 2.000	     -13.8924850683
	210	 6.000	     -10.0809273773
	300	 2.000	      -2.3639257496	  0.5393650207
	310	 0.000	      -1.1385304818	  0.7343753846
	320	 0.000	      -0.5015792791	  0.9264220262

      E_tot =     -575.9917945345 Ry


 NOTICE!! :Ghost testing not done for HF psps yet, sorry :( 

 SL:Orbital    Filling       Eigenvalues[Ry]          Norm       Ghost
    ------------------------------------------------------------------
	100 	 2.000	      -2.3598538655	  0.5404201951	   ???
	210 	 0.000	      -1.1405244489	  0.7332598069	   ???
	320 	 0.000	      -0.5014013301	  0.9269096974	   ???

      E_tot =       -5.6224635420 Ry

 AE-SL:Orbital Filling       Eigenvalues[mRy]         Norm[1e-3] 
 AE-SL- --------------------------------------------------------------
 AE-SL- 100 	 2.000	      -4.0718841464	 -1.0551744258	
 AE-SL- 210 	 0.000	       1.9939671552	  1.1155777184	
 AE-SL- 320 	 0.000	      -0.1779489840	 -0.4876712551	
 AE-SL-  total error =	       6.2438002856	  2.6584233994

 =====================================================================

  Comparison of total energy differences.           
   DD_ij = (E_i - E_j)_AE - (E_i-E_j)_SL     

 AE-SL-   i   j         DD[mRy]        DD[meV] 
 AE-SL- ------------------------------------------
 AE-SL-   0   1         0.138203       1.880342
 AE-SL-   0   2         2.622735      35.684148
 AE-SL-   0   3         1.092974      14.870682
 AE-SL-   1   2         2.484533      33.803806
 AE-SL-   1   3         0.954772      12.990340
 AE-SL-   2   3        -1.529761     -20.813466
