
 ++++++++++++++++++++++++++++++++++++++++++++++++++++++++++++++++++++++++
           OPIUM  Version:        3.8                             
           =====================================            
 See http://opium.sourceforge.net for help and information                 
 Copyright 2009 : The OPIUM project                         

 Compile host     : vagvlan567.217.wlan.design.upenn.edu
 Compile OS       : Darwin 14.1.0 i386
 Compile date     : Wed Mar 18 18:57:27 EDT 2015

 Execution host   : vagvlan567.0723.wlan.wireless-pennnet.upenn.edu
 time of execution: Wed Oct 14 15:24:56 2015

 ++++++++++++++++++++++++++++++++++++++++++++++++++++++++++++++++++++++++
 Reading parameter file:  <ne.param> ... 
 File prefix             : ne 
 Element                 : Neon       (Ne) 
 Z                       : 10 
 
 Number of all-electron orbitals   : 3 
 Number of pseudo       orbitals   : 2 
 
 Pseudopotential is non-relativistic 
 Using Hartree-Fock Exchange (Beta!!)                
 HF pseudopotential NOT being smoothed! 
 The s potential is used for the KB construction 
 Optimized (RRKJ) pseudopotential method will be used 

 nl    cutoff radii    q-max      # bessel functions
 2s       1.140        7.070              10 
 2p       1.630        7.070              10 

 Reference Configuration: core  <-/-> valence 
 1s2  <-/-> 2s2  2p6 

 Grid definitions: 
 a_grid=1.00e-04    b_grid=1.30e-02    # points=1135 
 r(1)=4.64e-05      r(np)=1.17e+02    

 dEmax tolerance:  1.00e-08      dVmax tolerance:  1.00e-06     

 Starting calculation...

 ======================================================================== 
 Begin AE calculation
 ======================================================================== 
 Performing non-relativistic AE calculation...  
 Rotation needed            1           2   1.0000000000000001E-005

 iter       Etot             Eeig             Ehart    de_max   dv_max
   1     -255.1801783     148.6786710     109.8418076 0.72E+01 0.18E+00
   2     -257.8863206     149.7530979     111.5352020 0.21E+00 0.94E-02
   3     -257.0666439     148.9894510     111.4709993 0.39E-01 0.99E-03
   4     -257.0941048     149.0165826     111.4711877 0.93E-03 0.20E-03
   5     -257.0942863     149.0164738     111.4714835 0.48E-04 0.61E-04
   6     -257.0942277     149.0163235     111.4715783 0.11E-04 0.19E-04
   7     -257.0942063     149.0162736     111.4716078 0.31E-05 0.62E-05
   8     -257.0941995     149.0162579     111.4716171 0.94E-06 0.20E-05
   9     -257.0941975     149.0162547     111.4716182 0.29E-06 0.78E-06
  10     -257.0941977     149.0162535     111.4716198 0.82E-07 0.55E-06

 Hartree-Fock converged!
      {100|200}= 5.9D-17

   10 iterations: (units are Ry and bohr)
 Energy:    -257.09419772    Ebs:    -149.01625352
 Eh:         111.47161978    Ex :      -3.39367557

   Orbital    Filling       Eigenvalues    Norm(rc->oo)      Peak
    |100>      2.000         -65.544886
    |200>      2.000          -3.860782      0.234844      0.681221
    |210>      6.000          -1.700820      0.112971      0.630105

 ======================================================================== 
 End AE calculation
 ======================================================================== 

 ======================================================================== 
 Begin PS construction
 ======================================================================== 
 Optimized Pseudopotential Generation ...

 ==================
 zeff=   8.0000000000000000     
 Pseudizing state : |200>
 eigenvalue       : -3.860782
 qc               :  7.070000
 # bessel fxns    : 10
 point nearest rc :  779
 rc               :  1.140000
 actual rc        :  1.145832

 Psi(rc)          :     0.6804920859
 Slope at rc      :    -1.3702880223
 Curvature at rc  :     2.5556218317
 Del^2 Psi at rc  :     0.1638441965
 Log Deriv at rc  :    -2.0136722390

 Error in constraints
   1        -0.19618E-10
   2         0.19618E-10
   3        -0.32378E-10
   4         0.32378E-10
   5        -0.82878E-06
   6         0.82878E-06
   7         0.23797E-03
   8         0.23797E-03
   9         0.00000E+00
  10         0.82878E-06
 Bessel wavevectors and final coefficients
   1        1.8526201168        1.9486169852
   2        4.3371313167        0.4722907334
   3        6.9954873486       -0.0481405352
   4        9.6983470290        0.0140380271
   5       12.4178634964       -0.0079906251
   6       15.1452800197        0.0063392347
   7       17.8770381618       -0.0061672369
   8       20.6114311817        0.0065346790
   9       23.3475411702       -0.0071765566
  10       26.0848314078        0.0079289716

 Total KE           (Ry) :     2.4883043305
 0  -> qc contribution   :     2.4880663632
 qc -> oo contribution   :     0.0002379673   (=Convergence term)
 Occupancy of this state :     2.0000000000
 Convergence term (Ry/e) :     0.0002379673
 Convergence error (mRy) :     0.4759346486
 Convergence error (meV) :     6.4754716418


 ==================
 zeff=   8.0000000000000000     
 Pseudizing state : |210>
 eigenvalue       : -1.700820
 qc               :  7.070000
 # bessel fxns    : 10
 point nearest rc :  806
 rc               :  1.630000
 actual rc        :  1.627640

 Psi(rc)          :     0.2972762252
 Slope at rc      :    -0.4722106750
 Curvature at rc  :     0.7971682343
 Del^2 Psi at rc  :    -0.0074974662
 Log Deriv at rc  :    -1.5884575860

 Error in constraints
   1        -0.40456E-10
   2         0.40456E-10
   3         0.82242E-11
   4        -0.82242E-11
   5        -0.36679E-05
   6         0.36679E-05
   7         0.29499E-03
   8         0.29499E-03
   9         0.00000E+00
  10         0.36679E-05
 Bessel wavevectors and final coefficients
   1        2.0324063838        1.8482600148
   2        3.9157849172        1.8199015188
   3        5.8280803876        0.4961675308
   4        7.7490000987       -0.0122601436
   5        9.6735387647        0.0089230103
   6       11.5999237347       -0.0064533944
   7       13.5273748162        0.0056172317
   8       15.4554963195       -0.0054426096
   9       17.3840665258        0.0055674980
  10       19.3129516605       -0.0058436769

 Total KE           (Ry) :     5.7883090638
 0  -> qc contribution   :     5.7880140706
 qc -> oo contribution   :     0.0002949933   (=Convergence term)
 Occupancy of this state :     6.0000000000
 Convergence term (Ry/e) :     0.0002949933
 Convergence error (mRy) :     1.7699595975
 Convergence error (meV) :    24.0817162910


 Running HF solver for raw psp...
 Results of HF psp solve...
 State: 1s  AE eigenvalue =  -3.860782  PS eigenvalue =  -3.860782
 State: 2p  AE eigenvalue =  -1.700820  PS eigenvalue =  -1.700820

 ======================================================================== 
 End PS construction
 ======================================================================== 

 ======================================================================== 
 Begin SL calculation
 ======================================================================== 

 iter       Etot             Eeig             Ehart    de_max   dv_max
   1      -65.8206262      17.9264817      50.3329292 0.17E-07 0.14E-08

 Hartree-Fock converged!

 Converged in 1 iteration (probably reference state)
 Energy:     -65.82062617    Ebs:     -17.92648171
 Eh:          50.33292917    Ex :      -2.43878471

   Orbital    Filling       Eigenvalues    Norm(rc->oo)      Peak
    |100>      2.000          -3.860782      0.234844      0.717582
    |210>      6.000          -1.700820      0.112972      0.806647

 ======================================================================== 
 End SL calculation
 ======================================================================== 
<<<do_tc>>>


 ===============Configuration 1 AE Calc=============== 
 Rotation needed            1           2   1.0000000000000001E-005

 iter       Etot             Eeig             Ehart    de_max   dv_max
   1     -255.2710398     158.8905496      99.5294918 0.85E+00 0.63E-01
   2     -256.2488544     158.8629411     100.5677271 0.42E-01 0.74E-02
   3     -255.9037434     158.4711102     100.6176422 0.32E-02 0.71E-03
   4     -255.8849694     158.4503137     100.6198012 0.14E-03 0.43E-04
   5     -255.8837656     158.4491218     100.6197852 0.43E-04 0.12E-04
   6     -255.8838139     158.4491298     100.6198283 0.60E-06 0.36E-05
   7     -255.8837942     158.4491083     100.6198303 0.81E-06 0.15E-05
   8     -255.8837959     158.4491054     100.6198352 0.13E-06 0.11E-05

 Hartree-Fock converged!
      {100|200}=-4.2D-18

    8 iterations: (units are Ry and bohr)
 Energy:    -255.88379593    Ebs:    -158.44910543
 Eh:         100.61983516    Ex :      -3.18514466

   Orbital    Filling       Eigenvalues    Norm(rc->oo)      Peak
    |100>      2.000         -66.886452
    |200>      2.000          -4.957363      0.212975      0.672422
    |210>      5.200          -2.838745      0.079274      0.613933
!!NOTE!!: All Hartree-Fock tests are done with the semi-local form of the potential 
!!NOTE!!: Use the 'sl' command instead of the 'nl' command to remove this warning...


 ===============Configuration 1 SL: Calc ===============

 iter       Etot             Eeig             Ehart    de_max   dv_max
   1      -64.5559764      24.5694073      42.1961768 0.73E+00 0.50E-03
   2      -64.5594553      24.5722900      42.1968127 0.24E-03 0.11E-05
   3      -64.5594543      24.5722869      42.1968150 0.25E-06 0.13E-06
   4      -64.5594519      24.5722847      42.1968147 0.94E-07 0.66E-07

 Hartree-Fock converged!

    4 iterations: (units are Ry and bohr)
 Energy:     -64.55945190    Ebs:     -24.57228475
 Eh:          42.19681474    Ex :      -2.20964760

   Orbital    Filling       Eigenvalues    Norm(rc->oo)      Peak
    |100>      2.000          -4.979939      0.211881      0.699165
    |210>      5.200          -2.810078      0.083734      0.796229


 ===============Configuration 2 AE Calc=============== 
 Rotation needed            1           2   1.0000000000000001E-005

 iter       Etot             Eeig             Ehart    de_max   dv_max
   1     -256.7165451     156.4243722     103.5369318 0.72E+00 0.74E-01
   2     -256.1515481     155.9827945     103.4075295 0.45E-01 0.40E-03
   3     -256.1557938     155.9865044     103.4081181 0.98E-04 0.71E-05
   4     -256.1557294     155.9864338     103.4081237 0.12E-05 0.10E-05
   5     -256.1557271     155.9864309     103.4081242 0.14E-06 0.33E-06

 Hartree-Fock converged!
      {100|200}=-3.7D-17

    5 iterations: (units are Ry and bohr)
 Energy:    -256.15572706    Ebs:    -155.98643093
 Eh:         103.40812421    Ex :      -3.23882809

   Orbital    Filling       Eigenvalues    Norm(rc->oo)      Peak
    |100>      2.000         -66.549485
    |200>      2.000          -4.679263      0.218219      0.681221
    |210>      5.400          -2.505359      0.087714      0.621967


 ===============Configuration 2 SL: Calc ===============

 iter       Etot             Eeig             Ehart    de_max   dv_max
   1      -64.8541690      22.8283045      44.2946253 0.53E+00 0.32E-03
   2      -64.8550634      22.8287969      44.2950400 0.17E-03 0.97E-06
   3      -64.8550940      22.8288187      44.2950493 0.16E-05 0.33E-06
   4      -64.8550846      22.8288105      44.2950480 0.40E-06 0.65E-07
   5      -64.8550856      22.8288114      44.2950481 0.44E-07 0.12E-07

 Hartree-Fock converged!

    5 iterations: (units are Ry and bohr)
 Energy:     -64.85508559    Ebs:     -22.82881143
 Eh:          44.29504813    Ex :      -2.26877397

   Orbital    Filling       Eigenvalues    Norm(rc->oo)      Peak
    |100>      2.000          -4.694809      0.217449      0.708313
    |210>      5.400          -2.488740      0.090970      0.806647
   ------------------------------------------------
   ================================================

 ======================================================================== 
 Begin KE convergence testing
 ======================================================================== 
 ----------------------------------------------------------------------
                     Kinetic energy convergence
      ==============================|100>==============================
      Ecut(Ry)  KE/electron(Ry)         KE error/electron (mRy,meV)
        14       2.419691153                68.562262     932.837564
        20       2.481174848                 7.078566      96.308844
        27       2.487559956                 0.693458       9.434986
       122       2.488180491                 0.072923       0.992167
      ==============================|210>==============================
      Ecut(Ry)  KE/electron(Ry)         KE error/electron (mRy,meV)
        31       5.715850939                72.470730     986.015014
        40       5.781616686                 6.704983      91.225992
        47       5.787671269                 0.650400       8.849148
       135       5.788248191                 0.073478       0.999726

 ======================================================================== 
 End KE convergence testing
 ======================================================================== 
<<<do_rpt>>>
<<<do_upf>>>
------------- closing opium session ------------
