##########################################################
#    Opium Report File                                   #
##########################################################
     Opium version:        3.8

### copy of the parameter file #######################

[Atom]
Ne  
3
100   2.00   -
200   2.00   -
210   6.00   -

[Pseudo]
2  1.14 1.63
opt

[Optinfo]
7.07  10
7.07  10
conmax

[Configs]
2
#
200  2.00  -
210  5.20  -
#
200  2.00  -
210  5.40  -

[XC]
hf

### AE report ########################################

 AE:Orbital    Filling       Eigenvalues[Ry]          Norm
    ----------------------------------------------------------
	100	 2.000	     -65.5448857909
	200	 2.000	      -3.8607821185	  0.2348440413
	210	 6.000	      -1.7008196166	  0.1129711881

      E_tot =     -257.0941977210 Ry

### PS report ########################################



 NOTICE!! :Ghost testing not done for HF psps yet, sorry :( 
    ====================Optimized pseudopotential method====================

                       Pseudopotential convergence error                      
    Orbital      [mRy/e]       [meV/e]         [mRy]        [meV]        Ghost
    --------------------------------------------------------------------------
	100       0.237967      3.237712      0.475935      6.475424	   ???
	210       0.294993      4.013590      1.769960     24.081539	   ???

                  Tot. error =               2.245894     30.556963


### NL/SL report #####################################



 NOTICE!! :Ghost testing not done for HF psps yet, sorry :( 

 SL:Orbital    Filling       Eigenvalues[Ry]          Norm       Ghost
    ------------------------------------------------------------------
	100 	 2.000	      -3.8607820938	  0.2348442484	   ???
	210 	 6.000	      -1.7008195877	  0.1129716002	   ???

      E_tot =      -65.8206261686 Ry

### KE report ########################################

	 ===   Ecut necessary for ~1    eV convergence error / electron === 
	 --------------------------------------------------------------- 
		 	 Ecut[Ry] 	 error [meV/e] 
	100  		   14 	          932.838 
	210  		   31 	          986.015 
	 ===   Ecut necessary for ~100 meV convergence error / electron === 
	 --------------------------------------------------------------- 
		 	 Ecut[Ry] 	 error [meV/e] 
	100  		   20 	           96.309 
	210  		   40 	           91.226 

	 ===   Ecut necessary for  ~10 meV convergence error / electron === 
	 --------------------------------------------------------------- 
		 	 Ecut[Ry] 	 error [meV/e] 
	100  		   27 	            9.435 
	210  		   47 	            8.849 

	 ===   Ecut necessary for   ~1 meV convergence error / electron === 
	 --------------------------------------------------------------- 
		 	 Ecut[Ry] 	 error [meV/e] 
	100  		   122 	            0.992 
	210  		   135 	            1.000 

### TC report ########################################

 AE:Orbital    Filling       Eigenvalues[Ry]          Norm
    ----------------------------------------------------------
	100	 2.000	     -66.8864515721
	200	 2.000	      -4.9573628811	  0.2129746069
	210	 5.200	      -2.8387454861	  0.0792741060

      E_tot =     -255.8837959263 Ry


 NOTICE!! :Ghost testing not done for HF psps yet, sorry :( 

 SL:Orbital    Filling       Eigenvalues[Ry]          Norm       Ghost
    ------------------------------------------------------------------
	100 	 2.000	      -4.9799389439	  0.2118813196	   ???
	210 	 5.200	      -2.8100782427	  0.0837342635	   ???

      E_tot =      -64.5594518977 Ry

 AE-SL:Orbital Filling       Eigenvalues[mRy]         Norm[1e-3] 
 AE-SL- --------------------------------------------------------------
 AE-SL- 100 	 2.000	      22.5760627681	  1.0932873461	
 AE-SL- 210 	 5.200	     -28.6672434068	 -4.4601574500	
 AE-SL-  total error =	      51.2433061749	  5.5534447961

 =====================================================================
 AE:Orbital    Filling       Eigenvalues[Ry]          Norm
    ----------------------------------------------------------
	100	 2.000	     -66.5494848051
	200	 2.000	      -4.6792626422	  0.2182188183
	210	 5.400	      -2.5053585251	  0.0877144035

      E_tot =     -256.1557270555 Ry


 NOTICE!! :Ghost testing not done for HF psps yet, sorry :( 

 SL:Orbital    Filling       Eigenvalues[Ry]          Norm       Ghost
    ------------------------------------------------------------------
	100 	 2.000	      -4.6948090398	  0.2174489142	   ???
	210 	 5.400	      -2.4887395093	  0.0909702452	   ???

      E_tot =      -64.8550855881 Ry

 AE-SL:Orbital Filling       Eigenvalues[mRy]         Norm[1e-3] 
 AE-SL- --------------------------------------------------------------
 AE-SL- 100 	 2.000	      15.5463976280	  0.7699040999	
 AE-SL- 210 	 5.400	     -16.6190158598	 -3.2558417479	
 AE-SL-  total error =	      32.1654134878	  4.0257458477

 =====================================================================

  Comparison of total energy differences.           
   DD_ij = (E_i - E_j)_AE - (E_i-E_j)_SL     

 AE-SL-   i   j         DD[mRy]        DD[meV] 
 AE-SL- ------------------------------------------
 AE-SL-   0   1        50.772476     690.795079
 AE-SL-   0   2        27.069915     368.305142
 AE-SL-   1   2       -23.702561    -322.489937
