
 ++++++++++++++++++++++++++++++++++++++++++++++++++++++++++++++++++++++++
           OPIUM  Version:        3.8                             
           =====================================            
 See http://opium.sourceforge.net for help and information                 
 Copyright 2009 : The OPIUM project                         

 Compile host     : vagvlan567.217.wlan.design.upenn.edu
 Compile OS       : Darwin 14.1.0 i386
 Compile date     : Wed Mar 18 18:57:27 EDT 2015

 Execution host   : vagvlan567.0951.wlan.wireless-pennnet.upenn.edu
 time of execution: Tue Oct 13 17:19:46 2015

 ++++++++++++++++++++++++++++++++++++++++++++++++++++++++++++++++++++++++
 Reading parameter file:  <b.param> ... 
 File prefix             : b 
 Element                 : Boron      (B) 
 Z                       : 5 
 
 Number of all-electron orbitals   : 3 
 Number of pseudo       orbitals   : 2 
 
 Pseudopotential is non-relativistic 
 Exchage-correlation functional is : Perdew, Burke, Ernzerhof GGA 
 GGA smoothed from 0 to 0.001000 bohr using switch to LDA 
 The s potential is used for the KB construction 
 Optimized (RRKJ) pseudopotential method will be used 

 nl    cutoff radii    q-max      # bessel functions
 2s       1.540        7.070              10 
 2p       1.820        7.070              10 

 Reference Configuration: core  <-/-> valence 
 1s2  <-/-> 2s2  2p0 

 Grid definitions: 
 a_grid=1.00e-04    b_grid=1.30e-02    # points=1118 
 r(1)=5.85e-05      r(np)=1.18e+02    

 dEmax tolerance:  1.00e-08      dVmax tolerance:  1.00e-06     

 Starting calculation...

 ======================================================================== 
 Begin AE calculation
 ======================================================================== 
 Performing non-relativistic AE calculation...  
 ---------Eigenvalue guesses---------
 1s           -25.00000000
 2s            -1.56250000
 2p            -1.56250000

 iter       Etot             Ebs             Ehxc       de_max   dv_max
   1      -58.0745894     -39.3289000     -18.7456894 0.35E+00 0.20E+01
   2      -52.9621088     -35.0164500     -17.9456588 0.24E+00 0.10E+01
   3      -48.8812944     -31.5729768     -17.3083176 0.23E+00 0.89E-01
   4      -48.5767622     -31.2936535     -17.2831087 0.21E-01 0.32E-01
   5      -48.5745793     -31.3026076     -17.2719717 0.17E-02 0.44E-02
   6      -48.5813486     -31.3137612     -17.2675874 0.98E-03 0.20E-02
   7      -48.5846936     -31.3188274     -17.2658662 0.35E-03 0.91E-03
   8      -48.5860504     -31.3208673     -17.2651831 0.12E-03 0.43E-03
   9      -48.5862651     -31.3213825     -17.2648826 0.24E-04 0.43E-03
  10      -48.5864813     -31.3217235     -17.2647578 0.14E-04 0.32E-03
  11      -48.5866795     -31.3219640     -17.2647155 0.11E-04 0.18E-03
  12      -48.5868115     -31.3221069     -17.2647046 0.49E-05 0.12E-03
  13      -48.5868887     -31.3221847     -17.2647040 0.26E-05 0.72E-04
  14      -48.5869304     -31.3222246     -17.2647058 0.13E-05 0.43E-04
  15      -48.5869512     -31.3222438     -17.2647074 0.67E-06 0.26E-04
  16      -48.5869611     -31.3222526     -17.2647085 0.31E-06 0.15E-04
  17      -48.5869654     -31.3222564     -17.2647089 0.14E-06 0.93E-05
  18      -48.5869669     -31.3222578     -17.2647091 0.97E-07 0.56E-05
  19      -48.5869679     -31.3222588     -17.2647091 0.59E-07 0.34E-05
  20      -48.5869682     -31.3222591     -17.2647090 0.31E-07 0.20E-05
  21      -48.5869683     -31.3222593     -17.2647090 0.24E-07 0.12E-05
  22      -48.5869684     -31.3222594     -17.2647089 0.48E-08 0.75E-06

   22 iterations: (units are Ry and bohr)
 Energy:     -48.58696837  Ebs:     -31.32225945  Ehxc:     -17.26470892
 Eh    :      19.23156362  Exc:      -7.08422809

   Orbital    Filling       Eigenvalues    Norm(rc->oo)      Peak
    |100>      2.000         -14.227522
    |200>      2.000          -1.433607      0.590742      1.443658
    |210>      0.000          -0.982419      0.449038      1.406607

 ======================================================================== 
 End AE calculation
 ======================================================================== 

 ======================================================================== 
 Begin PS construction
 ======================================================================== 
 Optimized Pseudopotential Generation ...

 ==================
 zeff=   3.0000000000000000     
 Pseudizing state : |200>
 eigenvalue       : -1.433607
 qc               :  7.070000
 # bessel fxns    : 10
 point nearest rc :  784
 rc               :  1.540000
 actual rc        :  1.540613

 Psi(rc)          :     0.5047170104
 Slope at rc      :    -0.3858636639
 Curvature at rc  :    -0.0604293155
 Del^2 Psi at rc  :    -0.5613515965
 Log Deriv at rc  :    -0.7645148785

 Error in constraints
   1         0.20495E-12
   2        -0.20495E-12
   3         0.82068E-12
   4        -0.82068E-12
   5        -0.15890E-05
   6         0.15890E-05
   7         0.29623E-05
   8         0.29623E-05
   9         0.00000E+00
  10         0.15890E-05
 Bessel wavevectors and final coefficients
   1        1.0881839238        0.7720839148
   2        3.0830646119       -0.3227537482
   3        5.1126106071       -0.1604159161
   4        7.1476236961        0.0025221023
   5        9.1844832736       -0.0036596360
   6       11.2221859563        0.0021771816
   7       13.2603435801       -0.0015334585
   8       15.2987744879        0.0011129235
   9       17.3373823535       -0.0009404438
  10       19.3761113527        0.0007930958

 Total KE           (Ry) :     0.7041249624
 0  -> qc contribution   :     0.7041220000
 qc -> oo contribution   :     0.0000029623   (=Convergence term)
 Occupancy of this state :     2.0000000000
 Convergence term (Ry/e) :     0.0000029623
 Convergence error (mRy) :     0.0059246555
 Convergence error (meV) :     0.0806096778


 ==================
 zeff=   3.0000000000000000     
 Pseudizing state : |210>
 eigenvalue       : -0.982419
 qc               :  7.070000
 # bessel fxns    : 10
 point nearest rc :  797
 rc               :  1.820000
 actual rc        :  1.824271

 Psi(rc)          :     0.3651687882
 Slope at rc      :    -0.3043949408
 Curvature at rc  :     0.1789511696
 Del^2 Psi at rc  :    -0.3742204582
 Log Deriv at rc  :    -0.8335732700

 Error in constraints
   1         0.11701E-10
   2        -0.11701E-10
   3         0.54198E-10
   4        -0.54198E-10
   5         0.10104E-06
   6        -0.10104E-06
   7         0.95397E-04
   8         0.95397E-04
   9         0.00000E+00
  10         0.10104E-06
 Bessel wavevectors and final coefficients
   1        1.6295408106        1.2779683966
   2        3.4014259554        0.6515096395
   3        5.1381653100        0.2567266644
   4        6.8674076833        0.0413542997
   5        8.5937560962       -0.0065175964
   6       10.3186781931        0.0036011788
   7       12.0427912170       -0.0033267752
   8       13.7664007308        0.0031077816
   9       15.4896754837       -0.0034163734
  10       17.2127163350        0.0035757144

 Total KE           (Ry) :     1.9829722442
 0  -> qc contribution   :     1.9828768476
 qc -> oo contribution   :     0.0000953966   (=Convergence term)
 Occupancy of this state :     0.0000000000
 Convergence term (Ry/e) :     0.0000953966
 Convergence error (mRy) :     0.0000000000
 Convergence error (meV) :     0.0000000000

 ------------------------------
 Descreening potential
 valence charge          :   2.000000
 core    charge          :   0.000000

 ----Solving the Schrodinger equation for all states----
 State: 2s  AE eigenvalue =  -1.433607  PS eigenvalue =  -1.433607
 State: 2p  AE eigenvalue =  -0.982419  PS eigenvalue =  -0.982419

 ---Semilocal ghost testing---
 Local state: 2s

 Test  state: 2p
 KB energy : -10.703536  KB strength:   3.287682  KB cosine:  -0.307158
 el0       :  -0.657774  el1        :  -0.173999  eig      :  -0.982419
 No ghosts!  Ekb<0  and eig < el0

 No ghosts for local potential: 2s
 ------------------------------

 Local state: 2p

 Test  state: 2s
 KB energy :  10.205551  KB strength:   2.446659  KB cosine:   0.239738
 el0       :  -4.815540  el1        :  -0.723185  eig      :  -1.433607
 No ghosts!  Ekb>0  and el0 < eig < el1

 No ghosts for local potential: 2p
 ------------------------------


 ======================================================================== 
 End PS construction
 ======================================================================== 

 ======================================================================== 
 Begin NL calculation
 ======================================================================== 
 ---------Eigenvalue guesses---------
 1s            -1.43360725
 2p            -0.98241917
 Performing non-local pseudopotential calculation
 Using the s potential as the local potential

 iter       Etot             Ebs             Ehxc       de_max   dv_max
   1       -4.5827702      -2.8672145      -1.7155557 0.00E+00 0.88E-08

 Converged in 1 iteration (probably reference state)
 Energy:      -4.58277017  Ebs:      -2.86721451  Ehxc:      -1.71555566
 Eh    :       2.02687929  Exc:      -1.08823311

   Orbital    Filling       Eigenvalues    Norm(rc->oo)      Peak
    |100>      2.000          -1.433607      0.590743      1.443658
    |210>      0.000          -0.982419      0.449038      1.462548

 ---Non-local ghost testing---
 Local state: 1s

 Test  state: 1s
 ...seems like this angular momentum is the local part!

 Test  state: 2p
 KB energy : -10.703536  KB strength:   3.287682  KB cosine:  -0.307158
 el0       :  -0.657774  el1        :  -0.173999  eig      :  -0.982419
 No ghosts!  Ekb<0  and eig < el0
 ------------------------------

 No ghosts present for local potential


 ======================================================================== 
 End NL calculation
 ======================================================================== 
<<<do_tc>>>


 ===============Configuration 1 AE Calc=============== 
 ---------Eigenvalue guesses---------
 1s           -25.00000000
 2s            -1.56250000
 2p            -1.56250000

 iter       Etot             Ebs             Ehxc       de_max   dv_max
   1      -58.0745894     -39.3289000     -18.7456894 0.35E+00 0.20E+01
   2      -52.9621088     -35.0164500     -17.9456588 0.24E+00 0.10E+01
   3      -48.8812944     -31.5729768     -17.3083176 0.23E+00 0.89E-01
   4      -48.5767622     -31.2936535     -17.2831087 0.21E-01 0.32E-01
   5      -48.5745793     -31.3026076     -17.2719717 0.17E-02 0.44E-02
   6      -48.5813486     -31.3137612     -17.2675874 0.98E-03 0.20E-02
   7      -48.5846936     -31.3188274     -17.2658662 0.35E-03 0.91E-03
   8      -48.5860504     -31.3208673     -17.2651831 0.12E-03 0.43E-03
   9      -48.5862651     -31.3213825     -17.2648826 0.24E-04 0.43E-03
  10      -48.5864813     -31.3217235     -17.2647578 0.14E-04 0.32E-03
  11      -48.5866795     -31.3219640     -17.2647155 0.11E-04 0.18E-03
  12      -48.5868115     -31.3221069     -17.2647046 0.49E-05 0.12E-03
  13      -48.5868887     -31.3221847     -17.2647040 0.26E-05 0.72E-04
  14      -48.5869304     -31.3222246     -17.2647058 0.13E-05 0.43E-04
  15      -48.5869512     -31.3222438     -17.2647074 0.67E-06 0.26E-04
  16      -48.5869611     -31.3222526     -17.2647085 0.31E-06 0.15E-04
  17      -48.5869654     -31.3222564     -17.2647089 0.14E-06 0.93E-05
  18      -48.5869669     -31.3222578     -17.2647091 0.97E-07 0.56E-05
  19      -48.5869679     -31.3222588     -17.2647091 0.59E-07 0.34E-05
  20      -48.5869682     -31.3222591     -17.2647090 0.31E-07 0.20E-05
  21      -48.5869683     -31.3222593     -17.2647090 0.24E-07 0.12E-05
  22      -48.5869684     -31.3222594     -17.2647089 0.48E-08 0.75E-06

   22 iterations: (units are Ry and bohr)
 Energy:     -48.58696837  Ebs:     -31.32225945  Ehxc:     -17.26470892
 Eh    :      19.23156362  Exc:      -7.08422809

   Orbital    Filling       Eigenvalues    Norm(rc->oo)      Peak
    |100>      2.000         -14.227522
    |200>      2.000          -1.433607      0.590742      1.443658
    |210>      0.000          -0.982419      0.449038      1.406607


 ===============Configuration 1 NL: Calc ===============
 ---------Eigenvalue guesses---------
 1s            -1.43360725
 2p            -0.98241917
 Performing non-local pseudopotential calculation
 Using the s potential as the local potential

 iter       Etot             Ebs             Ehxc       de_max   dv_max
   1       -4.5827702      -2.8672145      -1.7155557 0.00E+00 0.88E-08

 Converged in 1 iteration (probably reference state)
 Energy:      -4.58277017  Ebs:      -2.86721451  Ehxc:      -1.71555566
 Eh    :       2.02687929  Exc:      -1.08823311

   Orbital    Filling       Eigenvalues    Norm(rc->oo)      Peak
    |100>      2.000          -1.433607      0.590743      1.443658
    |210>      0.000          -0.982419      0.449038      1.462548

 ---Non-local ghost testing---
 Local state: 1s

 Test  state: 1s
 ...seems like this angular momentum is the local part!

 Test  state: 2p
 KB energy : -10.703536  KB strength:   3.287682  KB cosine:  -0.307158
 el0       :  -0.657774  el1        :  -0.173999  eig      :  -0.982419
 No ghosts!  Ekb<0  and eig < el0
 ------------------------------

 No ghosts present for local potential



 ===============Configuration 2 AE Calc=============== 
 ---------Eigenvalue guesses---------
 1s           -25.00000000
 2s            -1.56250000
 2p            -1.56250000

 iter       Etot             Ebs             Ehxc       de_max   dv_max
   1      -55.7567955     -35.3512290     -20.4055664 0.36E+00 0.20E+01
   2      -51.9567327     -32.2812541     -19.6754786 0.24E+00 0.10E+01
   3      -49.2453821     -30.0093538     -19.2360282 0.21E+00 0.32E-01
   4      -48.9882287     -29.7698200     -19.2184087 0.29E-01 0.12E-01
   5      -48.9675097     -29.7567664     -19.2107433 0.15E-02 0.25E-02
   6      -48.9702097     -29.7621014     -19.2081083 0.39E-03 0.13E-02
   7      -48.9777436     -29.7700162     -19.2077274 0.27E-03 0.46E-03
   8      -48.9788634     -29.7711879     -19.2076755 0.44E-04 0.37E-03
   9      -48.9789595     -29.7712927     -19.2076668 0.58E-04 0.26E-03
  10      -48.9789597     -29.7712981     -19.2076616 0.49E-04 0.17E-03
  11      -48.9789603     -29.7713008     -19.2076594 0.32E-04 0.12E-03
  12      -48.9789625     -29.7713036     -19.2076589 0.19E-04 0.75E-04
  13      -48.9789642     -29.7713054     -19.2076588 0.11E-04 0.46E-04
  14      -48.9789651     -29.7713063     -19.2076588 0.64E-05 0.28E-04
  15      -48.9789656     -29.7713068     -19.2076588 0.35E-05 0.17E-04
  16      -48.9789658     -29.7713070     -19.2076588 0.19E-05 0.10E-04
  17      -48.9789658     -29.7713070     -19.2076588 0.97E-06 0.61E-05
  18      -48.9789658     -29.7713070     -19.2076588 0.50E-06 0.36E-05
  19      -48.9789661     -29.7713073     -19.2076588 0.26E-06 0.22E-05
  20      -48.9789661     -29.7713073     -19.2076588 0.13E-06 0.13E-05
  21      -48.9789660     -29.7713073     -19.2076588 0.63E-07 0.77E-06
  22      -48.9789661     -29.7713073     -19.2076588 0.45E-07 0.46E-06
  23      -48.9789661     -29.7713073     -19.2076588 0.19E-07 0.28E-06
  24      -48.9789661     -29.7713073     -19.2076588 0.11E-07 0.17E-06
  25      -48.9789661     -29.7713073     -19.2076588 0.60E-08 0.99E-07

   25 iterations: (units are Ry and bohr)
 Energy:     -48.97896605  Ebs:     -29.77130729  Ehxc:     -19.20765877
 Eh    :      21.25610527  Exc:      -7.36125652

   Orbital    Filling       Eigenvalues    Norm(rc->oo)      Peak
    |100>      2.000         -13.698848
    |200>      2.000          -1.038160      0.623697      1.481686
    |210>      0.500          -0.594583      0.517981      1.481686


 ===============Configuration 2 NL: Calc ===============
 ---------Eigenvalue guesses---------
 1s            -1.43360725
 2p            -0.98241917
 Performing non-local pseudopotential calculation
 Using the s potential as the local potential

 iter       Etot             Ebs             Ehxc       de_max   dv_max
   1       -6.0976254      -3.3584241      -2.7392013 0.00E+00 0.10E+01
   2       -5.5158781      -2.8506897      -2.6651885 0.20E+00 0.40E+01
   3       -5.0178280      -2.4140988      -2.6037291 0.22E+00 0.40E+01
   4       -4.9768089      -2.3753858      -2.6014231 0.24E-01 0.20E+01
   5       -4.9748919      -2.3743661      -2.6005258 0.58E-03 0.40E+01
   6       -4.9752776      -2.3750748      -2.6002028 0.48E-03 0.20E+01
   7       -4.9755258      -2.3754396      -2.6000862 0.25E-03 0.25E-03
   8       -4.9756216      -2.3755778      -2.6000438 0.92E-04 0.11E-03
   9       -4.9756388      -2.3756123      -2.6000265 0.24E-04 0.11E-03
  10       -4.9756540      -2.3756339      -2.6000200 0.15E-04 0.83E-04
  11       -4.9756662      -2.3756481      -2.6000182 0.99E-05 0.55E-04
  12       -4.9756743      -2.3756563      -2.6000180 0.58E-05 0.34E-04
  13       -4.9756788      -2.3756606      -2.6000182 0.31E-05 0.20E-04
  14       -4.9756811      -2.3756627      -2.6000184 0.15E-05 0.12E-04
  15       -4.9756822      -2.3756637      -2.6000185 0.73E-06 0.67E-05
  16       -4.9756826      -2.3756641      -2.6000186 0.33E-06 0.38E-05
  17       -4.9756828      -2.3756642      -2.6000186 0.15E-06 0.22E-05
  18       -4.9756829      -2.3756643      -2.6000186 0.66E-07 0.13E-05
  19       -4.9756829      -2.3756644      -2.6000185 0.51E-07 0.72E-06
  20       -4.9756829      -2.3756644      -2.6000185 0.24E-07 0.41E-06
  21       -4.9756829      -2.3756644      -2.6000185 0.16E-07 0.24E-06
  22       -4.9756830      -2.3756644      -2.6000185 0.11E-07 0.14E-06
  23       -4.9756830      -2.3756644      -2.6000185 0.72E-08 0.77E-07

   23 iterations: (units are Ry and bohr)
 Energy:      -4.97568296  Ebs:      -2.37566445  Ehxc:      -2.60001851
 Eh    :       2.99411979  Exc:      -1.36785308

   Orbital    Filling       Eigenvalues    Norm(rc->oo)      Peak
    |100>      2.000          -1.038537      0.622756      1.481686
    |210>      0.500          -0.597181      0.514267      1.560772

 ---Non-local ghost testing---
 Local state: 1s

 Test  state: 1s
 ...seems like this angular momentum is the local part!

 Test  state: 2p
 KB energy : -10.703536  KB strength:   3.287682  KB cosine:  -0.307158
 el0       :  -0.344277  el1        :  -0.056502  eig      :  -0.597181
 No ghosts!  Ekb<0  and eig < el0
 ------------------------------

 No ghosts present for local potential



 ===============Configuration 3 AE Calc=============== 
 ---------Eigenvalue guesses---------
 1s           -25.00000000
 2s            -1.56250000
 2p            -1.56250000

 iter       Etot             Ebs             Ehxc       de_max   dv_max
   1      -51.5506043     -30.8017915     -20.7488128 0.72E+00 0.20E+01
   2      -50.7196429     -29.7342648     -20.9853781 0.12E+00 0.10E+01
   3      -49.4873030     -28.3915971     -21.0957059 0.22E+00 0.12E+00
   4      -49.2100182     -28.1512163     -21.0588019 0.11E+00 0.39E-01
   5      -49.1493419     -28.1314648     -21.0178771 0.22E-01 0.12E-01
   6      -49.1498878     -28.1502983     -20.9995895 0.50E-02 0.11E-01
   7      -49.1811659     -28.1850349     -20.9961310 0.12E-01 0.37E-02
   8      -49.1926626     -28.1941168     -20.9985458 0.47E-02 0.56E-03
   9      -49.1937950     -28.1939408     -20.9998542 0.74E-04 0.59E-03
  10      -49.1929826     -28.1927922     -21.0001905 0.41E-03 0.39E-03
  11      -49.1915346     -28.1915830     -20.9999516 0.56E-03 0.81E-04
  12      -49.1912656     -28.1914368     -20.9998287 0.25E-04 0.55E-04
  13      -49.1912090     -28.1914279     -20.9997811 0.34E-04 0.42E-04
  14      -49.1912231     -28.1914513     -20.9997717 0.27E-04 0.25E-04
  15      -49.1912458     -28.1914700     -20.9997758 0.15E-04 0.13E-04
  16      -49.1912597     -28.1914783     -20.9997814 0.56E-05 0.59E-05
  17      -49.1912646     -28.1914798     -20.9997849 0.92E-06 0.46E-05
  18      -49.1912648     -28.1914785     -20.9997863 0.78E-06 0.33E-05
  19      -49.1912636     -28.1914771     -20.9997864 0.98E-06 0.21E-05
  20      -49.1912625     -28.1914764     -20.9997862 0.69E-06 0.12E-05
  21      -49.1912619     -28.1914761     -20.9997858 0.36E-06 0.69E-06
  22      -49.1912617     -28.1914761     -20.9997856 0.15E-06 0.38E-06
  23      -49.1912617     -28.1914762     -20.9997855 0.43E-07 0.21E-06
  24      -49.1912618     -28.1914763     -20.9997855 0.41E-08 0.13E-06

   24 iterations: (units are Ry and bohr)
 Energy:     -49.19126181  Ebs:     -28.19147630  Ehxc:     -20.99978551
 Eh    :      23.11785911  Exc:      -7.59530731

   Orbital    Filling       Eigenvalues    Norm(rc->oo)      Peak
    |100>      2.000         -13.269373
    |200>      2.000          -0.693737      0.651922      1.520715
    |210>      1.000          -0.265256      0.591151      1.581194


 ===============Configuration 3 NL: Calc ===============
 ---------Eigenvalue guesses---------
 1s            -1.43360725
 2p            -0.98241917
 Performing non-local pseudopotential calculation
 Using the s potential as the local potential

 iter       Etot             Ebs             Ehxc       de_max   dv_max
   1       -7.8542328      -3.8496337      -4.0045991 0.00E+00 0.20E+01
   2       -6.3794869      -2.6356700      -3.7438169 0.41E+00 0.40E+01
   3       -5.2492953      -1.7133156      -3.5359797 0.51E+00 0.40E+01
   4       -5.1846348      -1.6514724      -3.5331625 0.69E-01 0.40E+01
   5       -5.1908475      -1.6555086      -3.5353389 0.48E-02 0.20E+01
   6       -5.1905100      -1.6542970      -3.5362131 0.14E-02 0.13E-02
   7       -5.1892865      -1.6530476      -3.5362389 0.14E-02 0.90E-03
   8       -5.1890694      -1.6528937      -3.5361757 0.17E-03 0.65E-03
   9       -5.1890414      -1.6529096      -3.5361318 0.25E-04 0.52E-03
  10       -5.1890528      -1.6529468      -3.5361059 0.49E-04 0.40E-03
  11       -5.1890724      -1.6529799      -3.5360925 0.42E-04 0.24E-03
  12       -5.1890906      -1.6530038      -3.5360868 0.30E-04 0.14E-03
  13       -5.1891038      -1.6530190      -3.5360848 0.19E-04 0.86E-04
  14       -5.1891120      -1.6530279      -3.5360841 0.11E-04 0.50E-04
  15       -5.1891166      -1.6530327      -3.5360839 0.61E-05 0.29E-04
  16       -5.1891190      -1.6530353      -3.5360837 0.33E-05 0.16E-04
  17       -5.1891203      -1.6530367      -3.5360836 0.18E-05 0.92E-05
  18       -5.1891209      -1.6530374      -3.5360835 0.97E-06 0.52E-05
  19       -5.1891213      -1.6530378      -3.5360834 0.56E-06 0.29E-05
  20       -5.1891215      -1.6530381      -3.5360834 0.33E-06 0.16E-05
  21       -5.1891216      -1.6530383      -3.5360833 0.20E-06 0.92E-06
  22       -5.1891217      -1.6530383      -3.5360833 0.11E-06 0.53E-06
  23       -5.1891217      -1.6530384      -3.5360833 0.77E-07 0.31E-06
  24       -5.1891217      -1.6530384      -3.5360833 0.36E-07 0.18E-06
  25       -5.1891218      -1.6530384      -3.5360833 0.20E-07 0.10E-06
  26       -5.1891218      -1.6530384      -3.5360833 0.11E-07 0.57E-07
  27       -5.1891218      -1.6530385      -3.5360833 0.58E-08 0.33E-07

   27 iterations: (units are Ry and bohr)
 Energy:      -5.18912176  Ebs:      -1.65303845  Ehxc:      -3.53608331
 Eh    :       4.00178829  Exc:      -1.60856231

   Orbital    Filling       Eigenvalues    Norm(rc->oo)      Peak
    |100>      2.000          -0.693016      0.650956      1.520715
    |210>      1.000          -0.267006      0.586365      1.622844

 ---Non-local ghost testing---
 Local state: 1s

 Test  state: 1s
 ...seems like this angular momentum is the local part!

 Test  state: 2p
 !WARNING! : schsl found a positive eigenvalue. n,l=:   3   1
 !WARNING! No solution for 1st excited state of local potential.  Setting e=0.0
 KB energy : -10.703536  KB strength:   3.287682  KB cosine:  -0.307158
 el0       :  -0.084832  el1        :   0.000000  eig      :  -0.267006
 No ghosts!  Ekb<0  and eig < el0
 ------------------------------

 No ghosts present for local potential

   ------------------------------------------------
   ================================================

 ======================================================================== 
 Begin KE convergence testing
 ======================================================================== 
 ----------------------------------------------------------------------
                     Kinetic energy convergence
      ==============================|100>==============================
      Ecut(Ry)  KE/electron(Ry)         KE error/electron (mRy,meV)
        10       0.631241284                72.884467     991.644192
        23       0.697193717                 6.932034      94.315173
        33       0.703466828                 0.658923       8.965107
        40       0.704056366                 0.069385       0.944028
      ==============================|210>==============================
      Ecut(Ry)  KE/electron(Ry)         KE error/electron (mRy,meV)
        18       1.910515658                72.456016     985.814819
        33       1.976206405                 6.765268      92.046213
        43       1.982295444                 0.676230       9.200582
        51       1.982899135                 0.072539       0.986950

 ======================================================================== 
 End KE convergence testing
 ======================================================================== 
<<<do_upf>>>
<<<do_rpt>>>
------------- closing opium session ------------
