##########################################################
#    Opium Report File                                   #
##########################################################
     Opium version:        3.7

### copy of the parameter file #######################

[Atom]
Pt              #chemical symbol (max. 2 characters)
15              # norb: number of orbitals
# reference configuration
100 2.00 -643.0 # nlm occ eigen(- means auto-generate)
200 2.00 -77.4
210 6.00 -68.4
300 2.00 -10.0
310 6.00  -6.0
320 10.0  -6.4
400 2.00  -6.4
410 6.00  -6.0
500 2.00  -2.4
510 6.00  -2.0
420 10.0  -6.0
430 14.0  -6.4
600 1.50  -1.0
610 0.00  -1.0
520 8.00  -1.0

[Pseudo]
3 2.06 2.20 2.09
opt

[Optinfo]
7.07 10    # rc[a.u.] qc[sqrt(Ry)] Nb
7.07 10
7.07 10

[XC]
gga

[Configs]
9
#
600 1.00 -1.0
610 0.00 -1.0
520 8.00 -1.0               # number of valence configurations
#
600 2.00 -1.0
610 0.00 -1.0
520 8.00 -1.0
#
600 0.10 -1.0
610 0.00 -1.0
520 8.00 -1.0 
#
600 1.50 -1.0
610 0.00 -1.0
520 8.00 -1.0               # number of valence configurations
#
600 2.00 -1.0
610 0.00 -1.0
520 6.00 -1.0
#
600 0.10 -1.0
610 0.00 -1.0
520 8.00 -1.0 
#
600 0.00 -1.0
610 0.00 -1.0
520 10.0 -1.0              
#
600 0.10 -1.0
610 0.10 -1.0
520 7.00 -1.0
#
600 0.10 -1.0
610 0.00 -1.0
520 6.00 -1.0               # number of valence configurations

[Relativity]
srl              # nrl / srl / frl


[KBdesign]
s    # local orbital
1    # number of boxes
au 0.0 1.90  -1.45

### AE report ########################################

 AE:Orbital    Filling       Eigenvalues[Ry]          Norm
    ----------------------------------------------------------
	600	 1.500	      -0.7429217008	  0.7611830315
	610	 0.000	      -0.3048700943	  0.9106380043
	520	 8.000	      -0.8953641538	  0.2144100629

      E_tot =   -36840.3894757387 Ry

### PS report ########################################

    ====================Optimized pseudopotential method====================

                       Pseudopotential convergence error                      
    Orbital      [mRy/e]       [meV/e]         [mRy]        [meV]        Ghost
    --------------------------------------------------------------------------
	600       0.006272      0.085341      0.009409      0.128011	    no
	610       0.008042      0.109414      0.000000      0.000000	   yes
	520       0.008237      0.112076      0.065900      0.896609	   yes

                  Tot. error =               0.075308      1.024620

	610  SHOULD NOT be used as the local potential 
	520  SHOULD NOT be used as the local potential 

### NL/SL report #####################################


 NL:Orbital    Filling       Eigenvalues[Ry]          Norm       Ghost
    ------------------------------------------------------------------
	100 	 1.500	      -0.7429217008	  0.7611830461	    no
	210 	 0.000	      -0.3048700943	  0.9106380247	    no
	320 	 8.000	      -0.8953641538	  0.2144100940	    no

	 ========== No ghosts in potential!!========== 

      E_tot =      -51.6505718567 Ry

### KE report ########################################

	 ===   Ecut necessary for ~1    eV convergence error / electron === 
	 --------------------------------------------------------------- 
		 	 Ecut[Ry] 	 error [meV/e] 
	100  		   4 	          936.296 
	210  		   1 	          967.546 
	320  		   23 	          977.053 
	 ===   Ecut necessary for ~100 meV convergence error / electron === 
	 --------------------------------------------------------------- 
		 	 Ecut[Ry] 	 error [meV/e] 
	100  		   7 	           94.658 
	210  		   14 	           94.403 
	320  		   31 	           99.482 

	 ===   Ecut necessary for  ~10 meV convergence error / electron === 
	 --------------------------------------------------------------- 
		 	 Ecut[Ry] 	 error [meV/e] 
	100  		   17 	            9.790 
	210  		   22 	            9.091 
	320  		   38 	            8.899 

	 ===   Ecut necessary for   ~1 meV convergence error / electron === 
	 --------------------------------------------------------------- 
		 	 Ecut[Ry] 	 error [meV/e] 
	100  		   23 	            0.886 
	210  		   39 	            0.914 
	320  		   44 	            0.991 

### TC report ########################################

 AE:Orbital    Filling       Eigenvalues[Ry]          Norm
    ----------------------------------------------------------
	600	 1.000	      -1.0240288110	  0.7425695166
	610	 0.000	      -0.5418427540	  0.8872044832
	520	 8.000	      -1.2149948767	  0.2049324571

      E_tot =   -36839.9482638439 Ry

 NL:Orbital    Filling       Eigenvalues[Ry]          Norm       Ghost
    ------------------------------------------------------------------
	100 	 1.000	      -1.0237523563	  0.7418639598	    no
	210 	 0.000	      -0.5423326518	  0.8849387533	    no
	320 	 8.000	      -1.2138719019	  0.2051193626	    no

      E_tot =      -51.2094666217 Ry

 AE-NL:Orbital Filling       Eigenvalues[mRy]         Norm[1e-3] 
 AE-NL- --------------------------------------------------------------
 AE-NL- 100 	 1.000	      -0.2764546725	  0.7055567505	
 AE-NL- 210 	 0.000	       0.4898978622	  2.2657299049	
 AE-NL- 320 	 8.000	      -1.1229748206	 -0.1869055088	
 AE-NL-  total error =	       1.8893273552	  3.1581921642

 =====================================================================
 AE:Orbital    Filling       Eigenvalues[Ry]          Norm
    ----------------------------------------------------------
	600	 2.000	      -0.4767485247	  0.7801172357
	610	 0.000	      -0.0895948366	  0.9374122943
	520	 8.000	      -0.5950615434	  0.2233626135

      E_tot =   -36840.6937653080 Ry

 NL:Orbital    Filling       Eigenvalues[Ry]          Norm       Ghost
    ------------------------------------------------------------------
	100 	 2.000	      -0.4766668510	  0.7804936950	    no
	210 	 0.000	      -0.0889220669	  0.9389136176	    no
	320 	 8.000	      -0.5958052898	  0.2230800887	    no

      E_tot =      -51.9547847162 Ry

 AE-NL:Orbital Filling       Eigenvalues[mRy]         Norm[1e-3] 
 AE-NL- --------------------------------------------------------------
 AE-NL- 100 	 2.000	      -0.0816737408	 -0.3764593056	
 AE-NL- 210 	 0.000	      -0.6727697275	 -1.5013233061	
 AE-NL- 320 	 8.000	       0.7437463871	  0.2825248477	
 AE-NL-  total error =	       1.4981898554	  2.1603074593

 =====================================================================
 AE:Orbital    Filling       Eigenvalues[Ry]          Norm
    ----------------------------------------------------------
	600	 0.100	      -1.5610483244	  0.7090132887
	610	 0.000	      -1.0065444120	  0.8468172580
	520	 8.000	      -1.8313166835	  0.1872328346

      E_tot =   -36838.7876253784 Ry

 NL:Orbital    Filling       Eigenvalues[Ry]          Norm       Ghost
    ------------------------------------------------------------------
	100 	 0.100	      -1.5586254260	  0.7068466872	    no
	210 	 0.000	      -1.0071727737	  0.8389903235	    no
	320 	 8.000	      -1.8269782427	  0.1875000339	    no

      E_tot =      -50.0499902760 Ry

 AE-NL:Orbital Filling       Eigenvalues[mRy]         Norm[1e-3] 
 AE-NL- --------------------------------------------------------------
 AE-NL- 100 	 0.100	      -2.4228984503	  2.1666015039	
 AE-NL- 210 	 0.000	       0.6283617082	  7.8269344831	
 AE-NL- 320 	 8.000	      -4.3384408456	 -0.2671992628	
 AE-NL-  total error =	       7.3897010041	 10.2607352498

 =====================================================================
 AE:Orbital    Filling       Eigenvalues[Ry]          Norm
    ----------------------------------------------------------
	600	 1.500	      -0.7429217008	  0.7612853516
	610	 0.000	      -0.3048700943	  0.9107316963
	520	 8.000	      -0.8953641538	  0.2144198999

      E_tot =   -36840.3894757387 Ry

 NL:Orbital    Filling       Eigenvalues[Ry]          Norm       Ghost
    ------------------------------------------------------------------
	100 	 1.500	      -0.7429217008	  0.7611830461	    no
	210 	 0.000	      -0.3048700943	  0.9106380247	    no
	320 	 8.000	      -0.8953641538	  0.2144100940	    no

      E_tot =      -51.6505718567 Ry

 AE-NL:Orbital Filling       Eigenvalues[mRy]         Norm[1e-3] 
 AE-NL- --------------------------------------------------------------
 AE-NL- 100 	 1.500	       0.0000000000	  0.1023054479	
 AE-NL- 210 	 0.000	       0.0000000000	  0.0936716552	
 AE-NL- 320 	 8.000	       0.0000000000	  0.0098058340	
 AE-NL-  total error =	       0.0000000000	  0.2057829371

 =====================================================================
 AE:Orbital    Filling       Eigenvalues[Ry]          Norm
    ----------------------------------------------------------
	600	 2.000	      -1.8180794575	  0.6637105289
	610	 0.000	      -1.1927409634	  0.8052473058
	520	 6.000	      -2.2855276098	  0.1486187608

      E_tot =   -36837.8852238001 Ry

 NL:Orbital    Filling       Eigenvalues[Ry]          Norm       Ghost
    ------------------------------------------------------------------
	100 	 2.000	      -1.8147356061	  0.6581271913	    no
	210 	 0.000	      -1.1971609149	  0.7825727646	    no
	320 	 6.000	      -2.2996271120	  0.1469683487	    no

      E_tot =      -49.1324507963 Ry

 AE-NL:Orbital Filling       Eigenvalues[mRy]         Norm[1e-3] 
 AE-NL- --------------------------------------------------------------
 AE-NL- 100 	 2.000	      -3.3438514449	  5.5833376040	
 AE-NL- 210 	 0.000	       4.4199514715	 22.6745412368	
 AE-NL- 320 	 6.000	      14.0995021967	  1.6504121497	
 AE-NL-  total error =	      21.8633051131	 29.9082909905

 =====================================================================
 AE:Orbital    Filling       Eigenvalues[Ry]          Norm
    ----------------------------------------------------------
	600	 0.100	      -1.5610483244	  0.7090132887
	610	 0.000	      -1.0065444120	  0.8468172580
	520	 8.000	      -1.8313166835	  0.1872328346

      E_tot =   -36838.7876253784 Ry

 NL:Orbital    Filling       Eigenvalues[Ry]          Norm       Ghost
    ------------------------------------------------------------------
	100 	 0.100	      -1.5586254260	  0.7068466872	    no
	210 	 0.000	      -1.0071727737	  0.8389903235	    no
	320 	 8.000	      -1.8269782427	  0.1875000339	    no

      E_tot =      -50.0499902760 Ry

 AE-NL:Orbital Filling       Eigenvalues[mRy]         Norm[1e-3] 
 AE-NL- --------------------------------------------------------------
 AE-NL- 100 	 0.100	      -2.4228984503	  2.1666015039	
 AE-NL- 210 	 0.000	       0.6283617082	  7.8269344831	
 AE-NL- 320 	 8.000	      -4.3384408456	 -0.2671992628	
 AE-NL-  total error =	       7.3897010041	 10.2607352498

 =====================================================================
 AE:Orbital    Filling       Eigenvalues[Ry]          Norm
    ----------------------------------------------------------
	600	 0.000	      -0.3588865916	  0.8196758814
	610	 0.000	      -0.0440971897	  0.9634456388
	520	10.000	      -0.3322790817	  0.2812026480

      E_tot =   -36840.7777742264 Ry

 NL:Orbital    Filling       Eigenvalues[Ry]          Norm       Ghost
    ------------------------------------------------------------------
	100 	 0.000	      -0.3631119806	  0.8198618168	    no
	210 	 0.000	      -0.0450940490	  0.9650945533	    no
	320 	10.000	      -0.3272678085	  0.2838987861	    no

      E_tot =      -52.0290401765 Ry

 AE-NL:Orbital Filling       Eigenvalues[mRy]         Norm[1e-3] 
 AE-NL- --------------------------------------------------------------
 AE-NL- 100 	 0.000	       4.2253889912	 -0.1859354119	
 AE-NL- 210 	 0.000	       0.9968593264	 -1.6489144614	
 AE-NL- 320 	10.000	      -5.0112732510	 -2.6961381722	
 AE-NL-  total error =	      10.2335215686	  4.5309880455

 =====================================================================
 AE:Orbital    Filling       Eigenvalues[Ry]          Norm
    ----------------------------------------------------------
	600	 0.100	      -2.2466001343	  0.6554399596
	610	 0.100	      -1.5961604685	  0.7899884001
	520	 7.000	      -2.7028423971	  0.1519268324

      E_tot =   -36836.6563698332 Ry

 NL:Orbital    Filling       Eigenvalues[Ry]          Norm       Ghost
    ------------------------------------------------------------------
	100 	 0.100	      -2.2396850730	  0.6495290386	    no
	210 	 0.100	      -1.5989011412	  0.7661398174	    no
	320 	 7.000	      -2.7035801687	  0.1509848744	    no

      E_tot =      -47.9208947393 Ry

 AE-NL:Orbital Filling       Eigenvalues[mRy]         Norm[1e-3] 
 AE-NL- --------------------------------------------------------------
 AE-NL- 100 	 0.100	      -6.9150613373	  5.9109209625	
 AE-NL- 210 	 0.100	       2.7406726169	 23.8485826629	
 AE-NL- 320 	 7.000	       0.7377716610	  0.9419579351	
 AE-NL-  total error =	      10.3935056151	 30.7014615605

 =====================================================================
 AE:Orbital    Filling       Eigenvalues[Ry]          Norm
    ----------------------------------------------------------
	600	 0.100	      -3.1114493394	  0.5966734751
	610	 0.000	      -2.3571952463	  0.7223767091
	520	 6.000	      -3.7892068960	  0.1209174632

      E_tot =   -36833.2203672624 Ry

 NL:Orbital    Filling       Eigenvalues[Ry]          Norm       Ghost
    ------------------------------------------------------------------
	100 	 0.100	      -3.1015318697	  0.5844675660	    no
	210 	 0.000	      -2.3733244028	  0.6705532736	    no
	320 	 6.000	      -3.7999657242	  0.1190450532	    no

      E_tot =      -44.4788832179 Ry

 AE-NL:Orbital Filling       Eigenvalues[mRy]         Norm[1e-3] 
 AE-NL- --------------------------------------------------------------
 AE-NL- 100 	 0.100	      -9.9174696904	 12.2059091783	
 AE-NL- 210 	 0.000	      16.1291565434	 51.8234354889	
 AE-NL- 320 	 6.000	      10.7588281605	  1.8724100148	
 AE-NL-  total error =	      36.8054543943	 65.9017546820

 =====================================================================

  Comparison of total energy differences.           
   DD_ij = (E_i - E_j)_AE - (E_i-E_j)_NL     

 AE-NL-   i   j         DD[mRy]        DD[meV] 
 AE-NL- ------------------------------------------
 AE-NL-   0   1        -0.106660      -1.451181
 AE-NL-   0   2         0.076710       1.043688
 AE-NL-   0   3        -1.268780     -17.262635
 AE-NL-   0   4         0.000000       0.000000
 AE-NL-   0   5        13.869122     188.699110
 AE-NL-   0   6        -1.268780     -17.262635
 AE-NL-   0   7         9.830168     133.746314
 AE-NL-   0   8        -3.428788     -46.651063
 AE-NL-   0   9         2.580162      35.104915
 AE-NL-   1   2         0.183369       2.494870
 AE-NL-   1   3        -1.162120     -15.811454
 AE-NL-   1   4         0.106660       1.451181
 AE-NL-   1   5        13.975782     190.150291
 AE-NL-   1   6        -1.162120     -15.811454
 AE-NL-   1   7         9.936828     135.197496
 AE-NL-   1   8        -3.322128     -45.199881
 AE-NL-   1   9         2.686822      36.556097
 AE-NL-   2   3        -1.345489     -18.306324
 AE-NL-   2   4        -0.076710      -1.043688
 AE-NL-   2   5        13.792412     187.655422
 AE-NL-   2   6        -1.345489     -18.306324
 AE-NL-   2   7         9.753458     132.702626
 AE-NL-   2   8        -3.505498     -47.694751
 AE-NL-   2   9         2.503453      34.061227
 AE-NL-   3   4         1.268780      17.262635
 AE-NL-   3   5        15.137901     205.961745
 AE-NL-   3   6         0.000000       0.000000
 AE-NL-   3   7        11.098947     151.008950
 AE-NL-   3   8        -2.160008     -29.388427
 AE-NL-   3   9         3.848942      52.367551
 AE-NL-   4   5        13.869122     188.699110
 AE-NL-   4   6        -1.268780     -17.262635
 AE-NL-   4   7         9.830168     133.746314
 AE-NL-   4   8        -3.428788     -46.651063
 AE-NL-   4   9         2.580162      35.104915
 AE-NL-   5   6       -15.137901    -205.961745
 AE-NL-   5   7        -4.038954     -54.952796
 AE-NL-   5   8       -17.297910    -235.350173
 AE-NL-   5   9       -11.288959    -153.594195
 AE-NL-   6   7        11.098947     151.008950
 AE-NL-   6   8        -2.160008     -29.388427
 AE-NL-   6   9         3.848942      52.367551
 AE-NL-   7   8       -13.258956    -180.397377
 AE-NL-   7   9        -7.250005     -98.641399
 AE-NL-   8   9         6.008951      81.755978
