
 ++++++++++++++++++++++++++++++++++++++++++++++++++++++++++++++++++++++++
           OPIUM  Version:        3.8                             
           =====================================            
 See http://opium.sourceforge.net for help and information                 
 Copyright 2009 : The OPIUM project                         

 Compile host     : vagvlan567.217.wlan.design.upenn.edu
 Compile OS       : Darwin 14.1.0 i386
 Compile date     : Wed Mar 18 18:57:27 EDT 2015

 Execution host   : vagvlan567.0723.wlan.wireless-pennnet.upenn.edu
 time of execution: Wed Oct 14 15:23:03 2015

 ++++++++++++++++++++++++++++++++++++++++++++++++++++++++++++++++++++++++
 Reading parameter file:  <o.param> ... 
 File prefix             : o 
 Element                 : Oxygen     (O) 
 Z                       : 8 
 
 Number of all-electron orbitals   : 3 
 Number of pseudo       orbitals   : 2 
 
 Pseudopotential is non-relativistic 
 Using Hartree-Fock Exchange (Beta!!)                
 HF pseudopotential NOT being smoothed! 
 The s potential is used for the KB construction 
 Optimized (RRKJ) pseudopotential method will be used 

 nl    cutoff radii    q-max      # bessel functions
 2s       1.340        7.070              10 
 2p       1.530        7.070              10 

 Reference Configuration: core  <-/-> valence 
 1s2  <-/-> 2s2  2p4 

 Grid definitions: 
 a_grid=1.00e-04    b_grid=1.30e-02    # points=1130 
 r(1)=5.00e-05      r(np)=1.18e+02    

 dEmax tolerance:  1.00e-08      dVmax tolerance:  1.00e-06     

 Starting calculation...

 ======================================================================== 
 Begin AE calculation
 ======================================================================== 
 Performing non-relativistic AE calculation...  
 Rotation needed            1           2   1.0000000000000001E-005

 iter       Etot             Eeig             Ehart    de_max   dv_max
   1     -150.5577780      93.5414056      58.8739816 0.71E+00 0.66E-01
   2     -149.5386223      92.6548007      58.7290771 0.48E-01 0.10E-03
   3     -149.5384048      92.6545611      58.7290969 0.18E-04 0.53E-06
   4     -149.5384029      92.6545591      58.7290971 0.84E-07 0.15E-06

 Hartree-Fock converged!
      {100|200}=-2.8D-17

    4 iterations: (units are Ry and bohr)
 Energy:    -149.53840286    Ebs:     -92.65455907
 Eh:          58.72909707    Ex :      -1.84525327

   Orbital    Filling       Eigenvalues    Norm(rc->oo)      Peak
    |100>      2.000         -41.361784
    |200>      2.000          -2.500729      0.295533      0.880304
    |210>      4.000          -1.232383      0.275166      0.835698

 ======================================================================== 
 End AE calculation
 ======================================================================== 

 ======================================================================== 
 Begin PS construction
 ======================================================================== 
 Optimized Pseudopotential Generation ...

 ==================
 zeff=   6.0000000000000000     
 Pseudizing state : |200>
 eigenvalue       : -2.500729
 qc               :  7.070000
 # bessel fxns    : 10
 point nearest rc :  785
 rc               :  1.340000
 actual rc        :  1.334441

 Psi(rc)          :     0.5783222368
 Slope at rc      :    -0.8911770141
 Curvature at rc  :     1.1882124838
 Del^2 Psi at rc  :    -0.1474434814
 Log Deriv at rc  :    -1.5409696489

 Error in constraints
   1         0.19732E-11
   2        -0.19732E-11
   3        -0.53713E-11
   4         0.53713E-11
   5        -0.11411E-08
   6         0.11411E-08
   7         0.67684E-04
   8         0.67684E-04
   9         0.00000E+00
  10         0.11411E-08
 Bessel wavevectors and final coefficients
   1        1.5340963812        1.4381736088
   2        3.6897285121        0.1472895193
   3        5.9841534409       -0.1132310370
   4        8.3109965287        0.0135056981
   5       10.6496736173       -0.0074151137
   6       12.9939091862        0.0050374335
   7       15.3411850341       -0.0042260972
   8       17.6903010503        0.0039274693
   9       20.0406141855       -0.0039567528
  10       22.3917493168        0.0040927584

 Total KE           (Ry) :     1.5124726572
 0  -> qc contribution   :     1.5124049729
 qc -> oo contribution   :     0.0000676843   (=Convergence term)
 Occupancy of this state :     2.0000000000
 Convergence term (Ry/e) :     0.0000676843
 Convergence error (mRy) :     0.1353686946
 Convergence error (meV) :     1.8417993854


 ==================
 zeff=   6.0000000000000000     
 Pseudizing state : |210>
 eigenvalue       : -1.232383
 qc               :  7.070000
 # bessel fxns    : 10
 point nearest rc :  796
 rc               :  1.530000
 actual rc        :  1.539584

 Psi(rc)          :     0.4149487113
 Slope at rc      :    -0.5362121526
 Curvature at rc  :     0.7119511746
 Del^2 Psi at rc  :    -0.3347367110
 Log Deriv at rc  :    -1.2922371803

 Error in constraints
   1        -0.72998E-10
   2         0.72998E-10
   3        -0.25592E-10
   4         0.25592E-10
   5        -0.30297E-05
   6         0.30297E-05
   7         0.25032E-03
   8         0.25032E-03
   9         0.00000E+00
  10         0.30297E-05
 Bessel wavevectors and final coefficients
   1        2.0383722081        1.8726624454
   2        4.0800068976        1.3364201226
   3        6.1209148774        0.2660452440
   4        8.1616417829       -0.0114781739
   5       10.2022963179        0.0054783830
   6       12.2429146797       -0.0041900169
   7       14.2835123748        0.0041133494
   8       16.3240971545       -0.0041616793
   9       18.3646733244        0.0047741599
  10       20.4052434678       -0.0051107909

 Total KE           (Ry) :     4.1567476035
 0  -> qc contribution   :     4.1564972824
 qc -> oo contribution   :     0.0002503211   (=Convergence term)
 Occupancy of this state :     4.0000000000
 Convergence term (Ry/e) :     0.0002503211
 Convergence error (mRy) :     1.0012845673
 Convergence error (meV) :    13.6232775659


 Running HF solver for raw psp...
 Results of HF psp solve...
 State: 1s  AE eigenvalue =  -2.500729  PS eigenvalue =  -2.500729
 State: 2p  AE eigenvalue =  -1.232383  PS eigenvalue =  -1.232383

 ======================================================================== 
 End PS construction
 ======================================================================== 

 ======================================================================== 
 Begin SL calculation
 ======================================================================== 

 iter       Etot             Eeig             Ehart    de_max   dv_max
   1      -30.8632427       9.9309917      22.2580753 0.99E-08 0.13E-08

 Hartree-Fock converged!

 Converged in 1 iteration (probably reference state)
 Energy:     -30.86324274    Ebs:      -9.93099174
 Eh:          22.25807529    Ex :      -1.32582429

   Orbital    Filling       Eigenvalues    Norm(rc->oo)      Peak
    |100>      2.000          -2.500729      0.295533      0.927291
    |210>      4.000          -1.232383      0.275167      0.880304

 ======================================================================== 
 End SL calculation
 ======================================================================== 
<<<do_tc>>>


 ===============Configuration 1 AE Calc=============== 
 Rotation needed            1           2   1.0000000000000001E-005

 iter       Etot             Eeig             Ehart    de_max   dv_max
   1     -149.2175069      91.9305086      59.1132510 0.37E+01 0.14E+00
   2     -150.3363156      91.7786866      60.4407580 0.87E-01 0.51E-02
   3     -149.5151315      91.0416452      60.3485774 0.55E-01 0.71E-03
   4     -149.5059853      91.0340206      60.3468191 0.17E-02 0.53E-04
   5     -149.5069260      91.0349409      60.3468393 0.31E-04 0.88E-05
   6     -149.5069174      91.0349262      60.3468457 0.30E-05 0.26E-05
   7     -149.5069147      91.0349229      60.3468463 0.51E-06 0.12E-05
   8     -149.5069154      91.0349220      60.3468480 0.14E-06 0.86E-06

 Hartree-Fock converged!
      {100|200}= 6.5D-17

    8 iterations: (units are Ry and bohr)
 Energy:    -149.50691537    Ebs:     -91.03492198
 Eh:          60.34684804    Ex :      -1.87485465

   Orbital    Filling       Eigenvalues    Norm(rc->oo)      Peak
    |100>      2.000         -41.163390
    |200>      2.000          -2.317114      0.301115      0.880304
    |210>      4.200          -0.969979      0.296909      0.846633
!!NOTE!!: All Hartree-Fock tests are done with the semi-local form of the potential 
!!NOTE!!: Use the 'sl' command instead of the 'nl' command to remove this warning...


 ===============Configuration 1 SL: Calc ===============

 iter       Etot             Eeig             Ehart    de_max   dv_max
   1      -30.8290141       8.6944482      23.4942542 0.25E+00 0.81E-03
   2      -30.8394486       8.7027282      23.4965665 0.26E-02 0.88E-06
   3      -30.8394510       8.7027293      23.4965679 0.18E-06 0.62E-07
   4      -30.8394498       8.7027284      23.4965675 0.11E-06 0.15E-07

 Hartree-Fock converged!

    4 iterations: (units are Ry and bohr)
 Energy:     -30.83944975    Ebs:      -8.70272844
 Eh:          23.49656753    Ex :      -1.35984622

   Orbital    Filling       Eigenvalues    Norm(rc->oo)      Peak
    |100>      2.000          -2.312572      0.301656      0.927291
    |210>      4.200          -0.970853      0.295677      0.880304


 ===============Configuration 2 AE Calc=============== 
 Rotation needed            1           2   1.0000000000000001E-005

 iter       Etot             Eeig             Ehart    de_max   dv_max
   1     -151.3130718      90.5381146      62.7231753 0.64E+00 0.89E-01
   2     -149.1360035      89.1322388      61.9080237 0.13E+00 0.37E-02
   3     -149.4978052      89.4993761      61.9014108 0.46E-02 0.22E-04
   4     -149.4974029      89.4988270      61.9015650 0.19E-04 0.91E-06
   5     -149.4973290      89.4987543      61.9015638 0.84E-06 0.11E-06
   6     -149.4973300      89.4987552      61.9015639 0.31E-07 0.14E-07

 Hartree-Fock converged!
      {100|200}= 1.1D-16

    6 iterations: (units are Ry and bohr)
 Energy:    -149.49732999    Ebs:     -89.49875520
 Eh:          61.90156395    Ex :      -1.90298916

   Orbital    Filling       Eigenvalues    Norm(rc->oo)      Peak
    |100>      2.000         -40.967627
    |200>      2.000          -2.137860      0.306699      0.880304
    |210>      4.400          -0.747223      0.317381      0.857711


 ===============Configuration 2 SL: Calc ===============

 iter       Etot             Eeig             Ehart    de_max   dv_max
   1      -30.8514995       7.5635813      24.6800086 0.48E+00 0.18E-02
   2      -30.8350539       7.5516856      24.6751586 0.26E-02 0.22E-04
   3      -30.8349296       7.5515991      24.6751184 0.34E-04 0.16E-06
   4      -30.8349427       7.5516103      24.6751203 0.33E-05 0.61E-06
   5      -30.8349440       7.5516112      24.6751208 0.27E-06 0.11E-06
   6      -30.8349442       7.5516113      24.6751209 0.50E-07 0.14E-07

 Hartree-Fock converged!

    6 iterations: (units are Ry and bohr)
 Energy:     -30.83494424    Ebs:      -7.55161128
 Eh:          24.67512090    Ex :      -1.39178793

   Orbital    Filling       Eigenvalues    Norm(rc->oo)      Peak
    |100>      2.000          -2.129835      0.307694      0.927291
    |210>      4.400          -0.748169      0.315215      0.880304
   ------------------------------------------------
   ================================================

 ======================================================================== 
 Begin KE convergence testing
 ======================================================================== 
 ----------------------------------------------------------------------
                     Kinetic energy convergence
      ==============================|100>==============================
      Ecut(Ry)  KE/electron(Ry)         KE error/electron (mRy,meV)
         7       1.446037979                66.422951     903.730743
        23       1.505125227                 7.335703      99.807375
        38       1.511795489                 0.665441       9.053788
        48       1.512393283                 0.067647       0.920381
      ==============================|210>==============================
      Ecut(Ry)  KE/electron(Ry)         KE error/electron (mRy,meV)
        28       4.083699546                73.043516     993.808159
        38       4.150301804                 6.441258      87.637822
        46       4.156025195                 0.717867       9.767078
        98       4.156670205                 0.072857       0.991267

 ======================================================================== 
 End KE convergence testing
 ======================================================================== 
<<<do_rpt>>>
<<<do_upf>>>
------------- closing opium session ------------
