
 ++++++++++++++++++++++++++++++++++++++++++++++++++++++++++++++++++++++++
           OPIUM  Version:        3.7                             
           =====================================            
 See http://opium.sourceforge.net for help and information                 
 Copyright 2009 : The OPIUM project                         

 Compile host     : vagvlan567.045.wlan.design.upenn.edu
 Compile OS       : Darwin 11.4.2 i386
 Compile date     : Fri Aug  2 18:20:33 EDT 2013

 Execution host   : vagvlan567.203.wlan.design.upenn.edu
 time of execution: Mon Aug 17 15:38:43 2015

 ++++++++++++++++++++++++++++++++++++++++++++++++++++++++++++++++++++++++
 Reading parameter file:  <al.param> ... 
 File prefix             : al 
 Element                 : Aluminum   (Al) 
 Z                       : 13 
 
 Number of all-electron orbitals   : 6 
 Number of pseudo       orbitals   : 3 
 
 Pseudopotential is non-relativistic 
 Exchage-correlation functional is : Perdew, Burke, Ernzerhof GGA 
 GGA smoothed from 0 to 0.001000 bohr using switch to LDA 
 The s potential is used for the KB construction 
 Optimized (RRKJ) pseudopotential method will be used 

 nl    cutoff radii    q-max      # bessel functions
 3s       1.850        7.070              10 
 3p       1.850        7.070              10 
 3d       1.970        7.070              10 

 Reference Configuration: core  <-/-> valence 
 1s2  2s2  2p6  <-/-> 3s2  3p1  3d0 

 Grid definitions: 
 a_grid=1.00e-04    b_grid=1.30e-02    # points=1142 
 r(1)=4.25e-05      r(np)=1.18e+02    

 dEmax tolerance:  1.00e-08      dVmax tolerance:  1.00e-06     

 Box 1  0.101133 --> 1.61232  height: 0.001 
 Starting calculation...

 ======================================================================== 
 Begin AE calculation
 ======================================================================== 
 Performing non-relativistic AE calculation...  
 ---------Eigenvalue guesses---------
 1s            -1.00000000
 2s            -1.40000000
 2p            -0.40000000
 3s            -0.10000000
 3p           -13.00000000
 3d            -1.40000000

 iter       Etot             Ebs             Ehxc       de_max   dv_max
   1     -518.6804865    -291.5298074    -227.1506791 0.11E+03 0.20E+01
   2     -493.8944846    -275.9917576    -217.9027269 0.55E+00 0.10E+01
 !WARNING! positive eigenvalue predicted in scpot  nlm= 320     new e =-.1142601E-01
 !WARNING! : schsl found a positive eigenvalue. n,l=:   3   2
   3     -484.7141306    -269.8656419    -214.8484887 0.10E+01 0.11E+00
 !WARNING! positive eigenvalue predicted in scpot  nlm= 320     new e =-.4695201E-02
 !WARNING! : schsl found this state to be unbound: n,l=   3   2 --nm
 !WARNING! : schsl found this state to be unbound: n,l=   3   2 --nm
 !WARNING! : schsl found this state to be unbound: n,l=   3   2 --nm
 !WARNING! : schsl found this state to be unbound: n,l=   3   2 --nm
 !WARNING! : schsl found this state to be unbound: n,l=   3   2 --nm
 !WARNING! : schsl found this state to be unbound: n,l=   3   2 --nm
 !WARNING! : schsl found this state to be unbound: n,l=   3   2 --nm
 !WARNING! : schsl found this state to be unbound: n,l=   3   2 --nm
 !WARNING! : schsl found this state to be unbound: n,l=   3   2 --nm
 !WARNING! : schsl found this state to be unbound: n,l=   3   2 --nm
 !WARNING! : schsl found this state to be unbound: n,l=   3   2 --nm
 !WARNING! : schsl found this state to be unbound: n,l=   3   2 --nm
 !WARNING! : schsl found this state to be unbound: n,l=   3   2 --nm
 !WARNING! : schsl found this state to be unbound: n,l=   3   2 --nm
 !WARNING! : schsl found this state to be unbound: n,l=   3   2 --nm
 !WARNING! : schsl found this state to be unbound: n,l=   3   2 --nm
 !WARNING! : schsl found this state to be unbound: n,l=   3   2 --nm
 !WARNING! : schsl found this state to be unbound: n,l=   3   2 --nm
 !WARNING! : schsl found this state to be unbound: n,l=   3   2 --nm
 !WARNING! : schsl found this state to be unbound: n,l=   3   2 --nm
 !WARNING! : schsl found this state to be unbound: n,l=   3   2 --nm
 !WARNING! : schsl found this state to be unbound: n,l=   3   2 --nm
 !WARNING! : schsl found this state to be unbound: n,l=   3   2 --nm
 !WARNING! : schsl found this state to be unbound: n,l=   3   2 --nm
 !WARNING! : schsl found this state to be unbound: n,l=   3   2 --nm
 !WARNING! : schsl found this state to be unbound: n,l=   3   2 --nm
 !WARNING! : schsl found this state to be unbound: n,l=   3   2 --nm
 !WARNING! : schsl found this state to be unbound: n,l=   3   2 --nm
 !WARNING! : schsl found this state to be unbound: n,l=   3   2 --nm
 !WARNING! : schsl found this state to be unbound: n,l=   3   2 --nm
 !WARNING! : schsl found this state to be unbound: n,l=   3   2 --nm
 !WARNING! : schsl found this state to be unbound: n,l=   3   2 --nm
 !WARNING! : schsl found this state to be unbound: n,l=   3   2 --nm
 !WARNING! : schsl found this state to be unbound: n,l=   3   2 --nm
 !WARNING! : schsl found this state to be unbound: n,l=   3   2 --nm
 !WARNING! : schsl found this state to be unbound: n,l=   3   2 --nm
 !WARNING! : schsl found this state to be unbound: n,l=   3   2 --nm
 !WARNING! : schsl found this state to be unbound: n,l=   3   2 --nm
 !WARNING! : schsl found this state to be unbound: n,l=   3   2 --nm
 !WARNING! : schsl found this state to be unbound: n,l=   3   2 --nm
 !WARNING! : schsl found this state to be unbound: n,l=   3   2 --nm
 !WARNING! : schsl found this state to be unbound: n,l=   3   2 --nm
 !WARNING! : schsl found this state to be unbound: n,l=   3   2 --nm
 !WARNING! : schsl found this state to be unbound: n,l=   3   2 --nm
 !WARNING! : schsl found this state to be unbound: n,l=   3   2 --nm
 !WARNING! : schsl found this state to be unbound: n,l=   3   2 --nm
 !WARNING! : schsl found this state to be unbound: n,l=   3   2 --nm
 !WARNING! : schsl found this state to be unbound: n,l=   3   2 --nm
 !WARNING! : schsl found this state to be unbound: n,l=   3   2 --nm
 !WARNING! : schsl found this state to be unbound: n,l=   3   2 --nm
 !WARNING! : schsl found this state to be unbound: n,l=   3   2 --nm
 !WARNING! : schsl found this state to be unbound: n,l=   3   2 --nm
 !WARNING! : schsl found this state to be unbound: n,l=   3   2 --nm
 !WARNING! : schsl found this state to be unbound: n,l=   3   2 --nm
 !WARNING! : schsl found this state to be unbound: n,l=   3   2 --nm
 !WARNING! : schsl found this state to be unbound: n,l=   3   2 --nm
 !WARNING! : schsl found this state to be unbound: n,l=   3   2 --nm
 !WARNING! : schsl found this state to be unbound: n,l=   3   2 --nm
 !WARNING! : schsl found this state to be unbound: n,l=   3   2 --nm
 !WARNING! : schsl found this state to be unbound: n,l=   3   2 --nm
 !WARNING! : schsl found this state to be unbound: n,l=   3   2 --nm
 !WARNING! : schsl found this state to be unbound: n,l=   3   2 --nm
 !WARNING! : schsl found this state to be unbound: n,l=   3   2 --nm
 !WARNING! : schsl found this state to be unbound: n,l=   3   2 --nm
 !WARNING! : schsl found this state to be unbound: n,l=   3   2 --nm
 !WARNING! : schsl found this state to be unbound: n,l=   3   2 --nm
 !WARNING! : schsl found this state to be unbound: n,l=   3   2 --nm
 !WARNING! : schsl found this state to be unbound: n,l=   3   2 --nm
 !WARNING! : schsl found this state to be unbound: n,l=   3   2 --nm
 !WARNING! : schsl found this state to be unbound: n,l=   3   2 --nm
 !WARNING! : schsl found this state to be unbound: n,l=   3   2 --nm
 !WARNING! : schsl found this state to be unbound: n,l=   3   2 --nm
 !WARNING! : schsl found this state to be unbound: n,l=   3   2 --nm
 !WARNING! : schsl found this state to be unbound: n,l=   3   2 --nm
 !WARNING! : schsl found this state to be unbound: n,l=   3   2 --nm
 !WARNING! : schsl found this state to be unbound: n,l=   3   2 --nm
 !WARNING! : schsl found this state to be unbound: n,l=   3   2 --nm
 !WARNING! : schsl found this state to be unbound: n,l=   3   2 --nm
 !WARNING! : schsl found this state to be unbound: n,l=   3   2 --nm
 !WARNING! : schsl found this state to be unbound: n,l=   3   2 --nm
 !WARNING! : schsl found this state to be unbound: n,l=   3   2 --nm
 !WARNING! : schsl found this state to be unbound: n,l=   3   2 --nm
 !WARNING! : classical turning point at r=0  100 times in a row. Solve FAILED!
   4     -484.3301467    -269.4654799    -214.8646668 0.10E+01 0.49E-01
 !WARNING! positive eigenvalue predicted in scpot  nlm= 320     new e =0.2159055E-03
 !WARNING! : schsl stopped due since v+l(l+1)/r^2 became positive
 !WARNING! : schsl found a positive eigenvalue. n,l=:   3   2
   5     -484.4869368    -269.5697843    -214.9171526 Infinity 0.89E-02
 !WARNING! : schsl stopped due since v+l(l+1)/r^2 became positive
 !WARNING! : schsl found a positive eigenvalue. n,l=:   3   2
   6     -484.4858633    -269.5498395    -214.9360238 0.24E-03 0.89E-02
 !WARNING! : schsl stopped due since v+l(l+1)/r^2 became positive
 !WARNING! : schsl found a positive eigenvalue. n,l=:   3   2
   7     -484.4524511    -269.5204477    -214.9320034 0.40E-02 0.63E-02
 !WARNING! : schsl stopped due since v+l(l+1)/r^2 became positive
 !WARNING! : schsl found a positive eigenvalue. n,l=:   3   2
   8     -484.4450660    -269.5183713    -214.9266947 0.27E-02 0.10E-02
 !WARNING! : schsl stopped due since v+l(l+1)/r^2 became positive
 !WARNING! : schsl found a positive eigenvalue. n,l=:   3   2
  !!ERROR!! Could not find self-consistent solution!
