
 ++++++++++++++++++++++++++++++++++++++++++++++++++++++++++++++++++++++++
           OPIUM  Version:        3.8                             
           =====================================            
 See http://opium.sourceforge.net for help and information                 
 Copyright 2009 : The OPIUM project                         

 Compile host     : vagvlan567.217.wlan.design.upenn.edu
 Compile OS       : Darwin 14.1.0 i386
 Compile date     : Wed Mar 18 18:57:27 EDT 2015

 Execution host   : vagvlan567.0723.wlan.wireless-pennnet.upenn.edu
 time of execution: Thu Oct 15 12:35:18 2015

 ++++++++++++++++++++++++++++++++++++++++++++++++++++++++++++++++++++++++
 Reading parameter file:  <k.param> ... 
 File prefix             : k 
 Element                 : Potassium  (K) 
 Z                       : 19 
 
 Number of all-electron orbitals   : 7 
 Number of pseudo       orbitals   : 3 
 
 Pseudopotential is non-relativistic 
 Using Hartree-Fock Exchange (Beta!!)                
 HF pseudopotential NOT being smoothed! 
 The s potential is used for the KB construction 
 Optimized (RRKJ) pseudopotential method will be used 

 nl    cutoff radii    q-max      # bessel functions
 4s       3.250        7.070              10 
 3p       2.720        7.070              10 
 3d       2.800        7.070              10 

 Reference Configuration: core  <-/-> valence 
 1s2  2s2  2p6  3s2  <-/-> 4s0  3p6  3d0 

 Grid definitions: 
 a_grid=1.00e-04    b_grid=1.30e-02    # points=1152 
 r(1)=3.75e-05      r(np)=1.18e+02    

 dEmax tolerance:  1.00e-08      dVmax tolerance:  1.00e-06     

 Starting calculation...

 ======================================================================== 
 Begin AE calculation
 ======================================================================== 
 Performing non-relativistic AE calculation...  
 Rotation needed            1           2   1.0000000000000001E-005
 Rotation needed            1           4   1.0000000000000001E-005
 Rotation needed            1           5   1.0000000000000001E-005
 Rotation needed            2           4   1.0000000000000001E-005
 Rotation needed            2           5   1.0000000000000001E-005
 Rotation needed            3           6   1.0000000000000001E-005
 Rotation needed            4           5   1.0000000000000001E-005
  5            118.0584650516-0.165E-05-0.215E-05 0.100E-06  : function truncated in nmrvs
  5            118.0584650516-0.924E-06-0.120E-05 0.100E-06  : function truncated in nmrvs

 iter       Etot             Eeig             Ehart    de_max   dv_max
   1    -1241.3808999     803.2352901     450.8532457 0.96E+00 0.19E+00
   2    -1198.6517616     757.1430508     454.2889835 0.38E+00 0.16E-01
 Solve for HF wfn failed, orthogonalizing...
   3    -1198.0217240     756.5907759     454.2122671 0.83E-02 0.95E-03
   4    -1198.0352637     756.6025874     454.2140698 0.43E+00 0.83E-05
   5    -1198.0351370     756.6024902     454.2140367 0.95E-02 0.73E-06
   6    -1198.0351555     756.6025115     454.2140337 0.82E-02 0.10E-06
   7    -1198.0351613     756.6025148     454.2140364 0.23E-02 0.35E-07
   8    -1198.0351579     756.6025124     454.2140354 0.72E-03 0.14E-07
   9    -1198.0351592     756.6025133     454.2140358 0.25E-03 0.48E-08
  10    -1198.0351587     756.6025129     454.2140356 0.21E-03 0.26E-08
  11    -1198.0351589     756.6025130     454.2140357 0.13E-03 0.29E-08
  12    -1198.0351588     756.6025130     454.2140357 0.72E-04 0.25E-08
  13    -1198.0351588     756.6025130     454.2140357 0.35E-04 0.27E-08
  14    -1198.0351588     756.6025130     454.2140357 0.15E-04 0.26E-08
  15    -1198.0351588     756.6025130     454.2140357 0.62E-05 0.27E-08
  16    -1198.0351588     756.6025130     454.2140357 0.24E-05 0.27E-08
  17    -1198.0351588     756.6025130     454.2140357 0.18E-05 0.27E-08
  18    -1198.0351588     756.6025130     454.2140357 0.16E-05 0.27E-08
  19    -1198.0351588     756.6025130     454.2140357 0.14E-05 0.27E-08
  20    -1198.0351588     756.6025130     454.2140357 0.12E-05 0.27E-08
  21    -1198.0351588     756.6025130     454.2140357 0.10E-05 0.27E-08
  22    -1198.0351588     756.6025130     454.2140357 0.89E-06 0.27E-08
  23    -1198.0351588     756.6025130     454.2140357 0.78E-06 0.27E-08

 Hartree-Fock converged!
      {100|200}= 3.6D-17
      {100|300}=-1.4D-17
      {200|300}= 2.3D-17
      {210|310}= 2.0D-17

   23 iterations: (units are Ry and bohr)
 Energy:   -1198.03515884    Ebs:    -756.60251301
 Eh:         454.21403568    Ex :     -12.78138985

   Orbital    Filling       Eigenvalues    Norm(rc->oo)      Peak
    |100>      2.000        -267.504713
    |200>      2.000         -29.416250
    |210>      6.000         -23.476457
    |300>      2.000          -3.927645
    |400>      0.000          -0.293911      0.869341      4.345670
    |310>      6.000          -2.341093      0.036241      1.153937
    |320>      0.000          -0.116234      0.979329      8.216793

 ======================================================================== 
 End AE calculation
 ======================================================================== 

 ======================================================================== 
 Begin PS construction
 ======================================================================== 
 Optimized Pseudopotential Generation ...

 ==================
 zeff=   7.0000000000000000     
 Pseudizing state : |400>
 eigenvalue       : -0.293911
 qc               :  7.070000
 # bessel fxns    : 10
 point nearest rc :  876
 rc               :  3.250000
 actual rc        :  3.264739

 Psi(rc)          :     0.1265869337
 Slope at rc      :    -0.0016052398
 Curvature at rc  :    -0.0427585385
 Del^2 Psi at rc  :    -0.0437419186
 Log Deriv at rc  :    -0.0126809283

 Starting KE minimization...
  step #    theta       slope       curv       KEresid    coeffsum
     1    0.000282   -0.003014    5.346131   -0.000000    0.010449

 # steps:     1
 Final KE error:   -0.0000001054
 Sum of coeffs :    0.0104494792
 ---------------------------------------------------------------
 Coeff:      0.107161 -0.097651  0.003201 -0.000272 -0.000827 -0.000611 -0.000436 -0.000159  0.000058 -0.000014
 ---------------------------------------------------------------
 Resid KE (Ry)     :       -0.0000001054
 Norm error        :    -0.111E-15
 Continuity error  :     0.000E+00
 Curvature error   :     0.930E-15
 ---------------------------------------------------------------
 less than zero  -1.0540598055497341E-007
 !!WARNING!! Resid became negative (Total,lowq,highq)
         0.0437419186        0.0437420240       -0.0000001054
 Consider reducing qc or changing the # bess fxns for this state...

 Bessel wavevectors and final coefficients
   1        0.1075016184        0.1071606388
   2        1.3791675225       -0.0976510386
   3        2.3679104773        0.0032010106
   4        3.3411297978       -0.0002717746
   5        4.3094210749       -0.0008273612
   6        5.2755080263       -0.0006113010
   7        6.2404168352       -0.0004359751
   8        7.2046216464       -0.0001585746
   9        8.1683720679        0.0000582655
  10        9.1318121023       -0.0000144108

 Total KE           (Ry) :     0.0966874080
 0  -> qc contribution   :     0.0966875134
 qc -> oo contribution   :    -0.0000001054   (=Convergence term)
 Occupancy of this state :     0.0000000000
 Convergence term (Ry/e) :    -0.0000001054
 Convergence error (mRy) :    -0.0000000000
 Convergence error (meV) :    -0.0000000000


 ==================
 zeff=   7.0000000000000000     
 Pseudizing state : |310>
 eigenvalue       : -2.341093
 qc               :  7.070000
 # bessel fxns    : 10
 point nearest rc :  862
 rc               :  2.720000
 actual rc        :  2.721491

 Psi(rc)          :     0.1010288373
 Slope at rc      :    -0.1451807276
 Curvature at rc  :     0.2036515519
 Del^2 Psi at rc  :     0.0696784345
 Log Deriv at rc  :    -1.4370226520

 Starting KE minimization...
  step #    theta       slope       curv       KEresid    coeffsum
     1    0.013293   -1.882543   70.811107    0.002102    2.939839
     2   -0.003275    0.550112   83.976000    0.001201    2.972026
     3   -0.005275    0.297595   28.208188    0.000416    2.943191
     4   -0.001976    0.201346   50.944225    0.000218    2.921221
    11   -0.000186    0.032449   87.004478    0.000106    2.911780

 # steps:    20
 Final KE error:    0.0000069806
 Sum of coeffs :    2.8554419914
 ---------------------------------------------------------------
 Coeff:      0.906872  0.967513  0.546689  0.313523  0.112196  0.009249 -0.000512  0.000294  0.000747 -0.001129
 ---------------------------------------------------------------
 Resid KE (Ry)     :        0.0000069806
 Norm error        :    -0.555E-15
 Continuity error  :     0.694E-16
 Curvature error   :    -0.221E-14
 ---------------------------------------------------------------
 Bessel wavevectors and final coefficients
   1        1.3142430774        0.9068719893
   2        2.4087325981        0.9675131613
   3        3.5337408866        0.5466887421
   4        4.6716420979        0.3135230785
   5        5.8156397279        0.1121962752
   6        6.9629203164        0.0092487134
   7        8.1121522201       -0.0005123865
   8        9.2626325884        0.0002942910
   9       10.4139578981        0.0007471898
  10       11.5658807691       -0.0011290628

 Total KE           (Ry) :     3.0632566757
 0  -> qc contribution   :     3.0632496951
 qc -> oo contribution   :     0.0000069806   (=Convergence term)
 Occupancy of this state :     6.0000000000
 Convergence term (Ry/e) :     0.0000069806
 Convergence error (mRy) :     0.0418837346
 Convergence error (meV) :     0.5698617156


 ==================
 zeff=   7.0000000000000000     
 Pseudizing state : |320>
 eigenvalue       : -0.116234
 qc               :  7.070000
 # bessel fxns    : 10
 point nearest rc :  864
 rc               :  2.800000
 actual rc        :  2.793178

 Psi(rc)          :     0.0499872063
 Slope at rc      :    -0.0004781115
 Curvature at rc  :     0.0042445776
 Del^2 Psi at rc  :    -0.0345403806
 Log Deriv at rc  :    -0.0095646764

 Starting KE minimization...
  step #    theta       slope       curv       KEresid    coeffsum
     1    0.020501   -0.048697    1.187692    0.000079    0.428956
     2   -0.005012    0.014882    1.484573    0.000042    0.436059
     3   -0.006468    0.007782    0.601562    0.000017    0.431692
     4   -0.001930    0.004621    1.196895    0.000012    0.428067

 # steps:     6
 Final KE error:    0.0000096166
 Sum of coeffs :    0.4272184242
 ---------------------------------------------------------------
 Coeff:      0.195701  0.100496  0.061408  0.041664  0.024274  0.003392 -0.000246  0.000273 -0.001028  0.001286
 ---------------------------------------------------------------
 Resid KE (Ry)     :        0.0000096166
 Norm error        :    -0.104E-16
 Continuity error  :    -0.139E-16
 Curvature error   :    -0.262E-14
 ---------------------------------------------------------------
 Bessel wavevectors and final coefficients
   1        1.2026667905        0.1957006004
   2        2.6113851357        0.1004957489
   3        3.8008727609        0.0614079525
   4        4.9578309517        0.0416637462
   5        6.1021902738        0.0242738544
   6        7.2402110881        0.0033920120
   7        8.3745633555       -0.0002461605
   8        9.5065925861        0.0002726636
   9       10.6370545276       -0.0010283567
  10       11.7664077406        0.0012863635

 Total KE           (Ry) :     0.1733617035
 0  -> qc contribution   :     0.1733520868
 qc -> oo contribution   :     0.0000096166   (=Convergence term)
 Occupancy of this state :     0.0000000000
 Convergence term (Ry/e) :     0.0000096166
 Convergence error (mRy) :     0.0000000000
 Convergence error (meV) :     0.0000000000


 Running HF solver for raw psp...
 Results of HF psp solve...
 State: 1s  AE eigenvalue =  -0.293911  PS eigenvalue =  -0.293911
 State: 2p  AE eigenvalue =  -2.341093  PS eigenvalue =  -2.341093
 State: 3d  AE eigenvalue =  -0.116234  PS eigenvalue =  -0.116235

 ======================================================================== 
 End PS construction
 ======================================================================== 

 ======================================================================== 
 Begin SL calculation
 ======================================================================== 

 iter       Etot             Eeig             Ehart    de_max   dv_max
   1      -32.6250971      14.0465592      18.5785380 0.15E-05 0.90E-09
   2      -32.6250972      14.0465592      18.5785380 0.14E-08 0.60E-09

 Hartree-Fock converged!

    2 iterations: (units are Ry and bohr)
 Energy:     -32.62509717    Ebs:     -14.04655917
 Eh:          18.57853799    Ex :       0.00000000

   Orbital    Filling       Eigenvalues    Norm(rc->oo)      Peak
    |100>      0.000          -0.293911      0.869341      4.345670
    |210>      6.000          -2.341093      0.036241      1.067351
    |320>      0.000          -0.116235      0.979329      8.216793

 ======================================================================== 
 End SL calculation
 ======================================================================== 
<<<do_tc>>>


 ===============Configuration 1 AE Calc=============== 
 Rotation needed            1           2   1.0000000000000001E-005
 Rotation needed            1           4   1.0000000000000001E-005
 Rotation needed            1           5   1.0000000000000001E-005
 Rotation needed            2           4   1.0000000000000001E-005
 Rotation needed            2           5   1.0000000000000001E-005
 Rotation needed            3           6   1.0000000000000001E-005
 Rotation needed            4           5   1.0000000000000001E-005
  5            118.0584650516-0.112E-05-0.145E-05 0.100E-06  : function truncated in nmrvs
  5            118.0584650516-0.274E-06-0.357E-06 0.100E-06  : function truncated in nmrvs
  7            118.0584650516 0.520E-02 0.607E-02 0.100E-06  : function truncated in nmrvs
  7            118.0584650516 0.515E-02 0.601E-02 0.100E-06  : function truncated in nmrvs
  7            118.0584650516-0.425E-04-0.553E-04 0.100E-06  : function truncated in nmrvs
  7            118.0584650516-0.420E-04-0.548E-04 0.100E-06  : function truncated in nmrvs

 iter       Etot             Eeig             Ehart    de_max   dv_max
   1    -1258.5726877     806.9852483     464.6038864 0.99E+00 0.46E+00
 Rotation needed            1           5   6.2384256265466155E-005
 Rotation needed            2           5  -2.6166593454985532E-005
 Rotation needed            4           5   5.1049415049190475E-003
  7            118.0584650516 0.630E-03 0.735E-03 0.100E-06  : function truncated in nmrvs
  7            118.0584650516-0.210E-04-0.245E-04 0.100E-06  : function truncated in nmrvs
 Solve for HF wfn failed, orthogonalizing...
 Rotation needed            1           5   2.4896364826983907E-005
 Rotation needed            2           5   2.3568830088453824E-004
 Rotation needed            4           5   1.0930984278976939E-003
  7            118.0584650516 0.630E-03 0.736E-03 0.100E-06  : function truncated in nmrvs
  7            118.0584650516-0.204E-04-0.239E-04 0.100E-06  : function truncated in nmrvs
  7            118.0584650516 0.457E-03 0.534E-03 0.100E-06  : function truncated in nmrvs
  7            118.0584650516 0.749E-06 0.969E-06 0.100E-06  : function truncated in nmrvs
   2    -1194.2711764     749.5224120     457.5176451 0.33E+00 0.40E-01
 Rotation needed            1           5   9.6187368415738581E-007
 Rotation needed            2           5   5.5787761590994301E-006
 Rotation needed            4           5   7.6284829700383569E-005
  7            118.0584650516 0.861E-03 0.100E-02 0.100E-06  : function truncated in nmrvs
  7            118.0584650516 0.341E-03 0.398E-03 0.100E-06  : function truncated in nmrvs
  7            118.0584650516-0.845E-03-0.986E-03 0.100E-06  : function truncated in nmrvs
  7            118.0584650516-0.688E-05-0.896E-05 0.100E-06  : function truncated in nmrvs
  7            118.0584650516-0.276E-05-0.360E-05 0.100E-06  : function truncated in nmrvs
  7            118.0584650516-0.141E-04-0.184E-04 0.100E-06  : function truncated in nmrvs
  7            118.0584650516 0.248E-03 0.292E-03 0.100E-06  : function truncated in nmrvs
  7            118.0584650516 0.110E-03 0.130E-03 0.100E-06  : function truncated in nmrvs
  7            118.0584650516-0.110E-02-0.129E-02 0.100E-06  : function truncated in nmrvs
  7            118.0584650516-0.334E-05-0.439E-05 0.100E-06  : function truncated in nmrvs
  7            118.0584650516-0.149E-05-0.196E-05 0.100E-06  : function truncated in nmrvs
  7            118.0584650516-0.544E-05-0.724E-05 0.100E-06  : function truncated in nmrvs
   3    -1198.3788377     752.9416545     458.2337916 0.51E-01 0.16E-02
 Rotation needed            1           5   3.6478779883631120E-006
 Rotation needed            2           5   2.3214313965515026E-005
 Rotation needed            4           5   2.6116679716309434E-004
  7            118.0584650516-0.112E-04-0.135E-04 0.100E-06  : function truncated in nmrvs
  7            118.0584650516-0.450E-05-0.543E-05 0.100E-06  : function truncated in nmrvs
  7            118.0584650516-0.148E-03-0.179E-03 0.100E-06  : function truncated in nmrvs
  7            118.0584650516-0.122E-04-0.149E-04 0.100E-06  : function truncated in nmrvs
  7            118.0584650516-0.511E-05-0.621E-05 0.100E-06  : function truncated in nmrvs
  7            118.0584650516-0.545E-04-0.664E-04 0.100E-06  : function truncated in nmrvs
  7            118.0584650516-0.104E-04-0.127E-04 0.100E-06  : function truncated in nmrvs
  7            118.0584650516-0.439E-05-0.537E-05 0.100E-06  : function truncated in nmrvs
  7            118.0584650516-0.211E-04-0.259E-04 0.100E-06  : function truncated in nmrvs
  7            118.0584650516-0.484E-06-0.668E-06 0.100E-06  : function truncated in nmrvs
  7            118.0584650516-0.216E-06-0.297E-06 0.100E-06  : function truncated in nmrvs
  7            118.0584650516 0.146E-05 0.185E-05 0.100E-06  : function truncated in nmrvs
  7            118.0584650516-0.819E-05-0.996E-05 0.100E-06  : function truncated in nmrvs
  7            118.0584650516-0.328E-05-0.399E-05 0.100E-06  : function truncated in nmrvs
  7            118.0584650516-0.310E-04-0.379E-04 0.100E-06  : function truncated in nmrvs
  7            118.0584650516-0.709E-05-0.867E-05 0.100E-06  : function truncated in nmrvs
  7            118.0584650516-0.287E-05-0.350E-05 0.100E-06  : function truncated in nmrvs
  7            118.0584650516-0.915E-05-0.114E-04 0.100E-06  : function truncated in nmrvs
   4    -1198.1795105     752.7570351     458.2189064 0.51E+00 0.27E-04
 Rotation needed            1           5   3.7401638567050414E-006
 Rotation needed            2           5   2.4064440503190408E-005
 Rotation needed            4           5   2.7919964651111319E-004
  7            118.0584650516-0.572E-05-0.698E-05 0.100E-06  : function truncated in nmrvs
  7            118.0584650516-0.224E-05-0.273E-05 0.100E-06  : function truncated in nmrvs
  7            118.0584650516 0.309E-04 0.369E-04 0.100E-06  : function truncated in nmrvs
  7            118.0584650516-0.266E-06-0.367E-06 0.100E-06  : function truncated in nmrvs
  7            118.0584650516-0.112E-06-0.154E-06 0.100E-06  : function truncated in nmrvs
  7            118.0584650516 0.949E-05 0.122E-04 0.100E-06  : function truncated in nmrvs
  7            118.0584650516-0.414E-05-0.506E-05 0.100E-06  : function truncated in nmrvs
  7            118.0584650516-0.153E-05-0.187E-05 0.100E-06  : function truncated in nmrvs
  7            118.0584650516 0.419E-04 0.506E-04 0.100E-06  : function truncated in nmrvs
   5    -1198.1851222     752.7625651     458.2190019 0.10E+01 0.11E-05
 Rotation needed            1           5   3.6163178117532485E-006
 Rotation needed            2           5   2.3142466547300579E-005
 Rotation needed            4           5   2.7191558368757539E-004
  7            118.0584650516-0.341E-05-0.417E-05 0.100E-06  : function truncated in nmrvs
  7            118.0584650516-0.121E-05-0.148E-05 0.100E-06  : function truncated in nmrvs
  7            118.0584650516 0.553E-04 0.667E-04 0.100E-06  : function truncated in nmrvs
  7            118.0584650516-0.279E-05-0.341E-05 0.100E-06  : function truncated in nmrvs
  7            118.0584650516-0.931E-06-0.114E-05 0.100E-06  : function truncated in nmrvs
  7            118.0584650516 0.631E-04 0.762E-04 0.100E-06  : function truncated in nmrvs
   6    -1198.1851534     752.7626213     458.2189764 0.45E-02 0.73E-06
 Rotation needed            1           5   3.6162223975438803E-006
 Rotation needed            2           5   2.3142568140733948E-005
 Rotation needed            4           5   2.7192432716451243E-004
  7            118.0584650516-0.247E-05-0.302E-05 0.100E-06  : function truncated in nmrvs
  7            118.0584650516-0.788E-06-0.965E-06 0.100E-06  : function truncated in nmrvs
  7            118.0584650516 0.690E-04 0.833E-04 0.100E-06  : function truncated in nmrvs
  7            118.0584650516-0.217E-05-0.266E-05 0.100E-06  : function truncated in nmrvs
  7            118.0584650516-0.652E-06-0.798E-06 0.100E-06  : function truncated in nmrvs
  7            118.0584650516 0.711E-04 0.859E-04 0.100E-06  : function truncated in nmrvs
   7    -1198.1851884     752.7626477     458.2189851 0.99E-03 0.13E-06
 Rotation needed            1           5   3.6162071098784715E-006
 Rotation needed            2           5   2.3142380941774517E-005
 Rotation needed            4           5   2.7192098345243807E-004
  7            118.0584650516-0.202E-05-0.247E-05 0.100E-06  : function truncated in nmrvs
  7            118.0584650516-0.579E-06-0.710E-06 0.100E-06  : function truncated in nmrvs
  7            118.0584650516 0.720E-04 0.871E-04 0.100E-06  : function truncated in nmrvs
  7            118.0584650516-0.187E-05-0.229E-05 0.100E-06  : function truncated in nmrvs
  7            118.0584650516-0.507E-06-0.621E-06 0.100E-06  : function truncated in nmrvs
  7            118.0584650516 0.729E-04 0.882E-04 0.100E-06  : function truncated in nmrvs
   8    -1198.1851774     752.7626400     458.2189818 0.27E-03 0.11E-06
 Rotation needed            1           5   3.6161797939757240E-006
 Rotation needed            2           5   2.3142404084494645E-005
 Rotation needed            4           5   2.7192119057900646E-004
  7            118.0584650516-0.178E-05-0.219E-05 0.100E-06  : function truncated in nmrvs
  7            118.0584650516-0.468E-06-0.573E-06 0.100E-06  : function truncated in nmrvs
  7            118.0584650516 0.734E-04 0.887E-04 0.100E-06  : function truncated in nmrvs
  7            118.0584650516-0.170E-05-0.208E-05 0.100E-06  : function truncated in nmrvs
  7            118.0584650516-0.428E-06-0.524E-06 0.100E-06  : function truncated in nmrvs
  7            118.0584650516 0.738E-04 0.892E-04 0.100E-06  : function truncated in nmrvs
   9    -1198.1851816     752.7626431     458.2189829 0.80E-04 0.95E-07
 Rotation needed            1           5   3.6161783822398814E-006
 Rotation needed            2           5   2.3142291425432153E-005
 Rotation needed            4           5   2.7192108090196557E-004
  7            118.0584650516-0.165E-05-0.203E-05 0.100E-06  : function truncated in nmrvs
  7            118.0584650516-0.407E-06-0.498E-06 0.100E-06  : function truncated in nmrvs
  7            118.0584650516 0.740E-04 0.895E-04 0.100E-06  : function truncated in nmrvs
  7            118.0584650516-0.161E-05-0.197E-05 0.100E-06  : function truncated in nmrvs
  7            118.0584650516-0.384E-06-0.471E-06 0.100E-06  : function truncated in nmrvs
  7            118.0584650516 0.743E-04 0.898E-04 0.100E-06  : function truncated in nmrvs
  10    -1198.1851799     752.7626420     458.2189824 0.25E-04 0.10E-06
 Rotation needed            1           5   3.6161840826523978E-006
 Rotation needed            2           5   2.3142282349166196E-005
 Rotation needed            4           5   2.7192111991029762E-004
  7            118.0584650516-0.158E-05-0.194E-05 0.100E-06  : function truncated in nmrvs
  7            118.0584650516-0.372E-06-0.456E-06 0.100E-06  : function truncated in nmrvs
  7            118.0584650516 0.744E-04 0.900E-04 0.100E-06  : function truncated in nmrvs
  7            118.0584650516-0.156E-05-0.191E-05 0.100E-06  : function truncated in nmrvs
  7            118.0584650516-0.359E-06-0.440E-06 0.100E-06  : function truncated in nmrvs
  7            118.0584650516 0.745E-04 0.901E-04 0.100E-06  : function truncated in nmrvs
  11    -1198.1851806     752.7626424     458.2189825 0.79E-05 0.99E-07
 Rotation needed            1           5   3.6161829546817091E-006
 Rotation needed            2           5   2.3142280737025267E-005
 Rotation needed            4           5   2.7192110414320979E-004
  7            118.0584650516-0.154E-05-0.189E-05 0.100E-06  : function truncated in nmrvs
  7            118.0584650516-0.353E-06-0.432E-06 0.100E-06  : function truncated in nmrvs
  7            118.0584650516 0.746E-04 0.902E-04 0.100E-06  : function truncated in nmrvs
  7            118.0584650516-0.153E-05-0.187E-05 0.100E-06  : function truncated in nmrvs
  7            118.0584650516-0.345E-06-0.423E-06 0.100E-06  : function truncated in nmrvs
  7            118.0584650516 0.747E-04 0.903E-04 0.100E-06  : function truncated in nmrvs
  12    -1198.1851803     752.7626422     458.2189825 0.25E-05 0.10E-06
 Rotation needed            1           5   3.6161837317281592E-006
 Rotation needed            2           5   2.3142281327867363E-005
 Rotation needed            4           5   2.7192111020319640E-004
  7            118.0584650516-0.152E-05-0.186E-05 0.100E-06  : function truncated in nmrvs
  7            118.0584650516-0.341E-06-0.418E-06 0.100E-06  : function truncated in nmrvs
  7            118.0584650516 0.747E-04 0.903E-04 0.100E-06  : function truncated in nmrvs
  7            118.0584650516-0.151E-05-0.185E-05 0.100E-06  : function truncated in nmrvs
  7            118.0584650516-0.337E-06-0.413E-06 0.100E-06  : function truncated in nmrvs
  7            118.0584650516 0.748E-04 0.904E-04 0.100E-06  : function truncated in nmrvs
  13    -1198.1851804     752.7626423     458.2189825 0.82E-06 0.31E-06
 Rotation needed            1           5   3.6161839171443689E-006
 Rotation needed            2           5   2.3142281046379921E-005
 Rotation needed            4           5   2.7192111333804213E-004
  7            118.0584650516-0.151E-05-0.184E-05 0.100E-06  : function truncated in nmrvs
  7            118.0584650516-0.335E-06-0.410E-06 0.100E-06  : function truncated in nmrvs
  7            118.0584650516 0.748E-04 0.904E-04 0.100E-06  : function truncated in nmrvs
  7            118.0584650516-0.150E-05-0.184E-05 0.100E-06  : function truncated in nmrvs
  7            118.0584650516-0.333E-06-0.408E-06 0.100E-06  : function truncated in nmrvs
  7            118.0584650516 0.748E-04 0.905E-04 0.100E-06  : function truncated in nmrvs
  14    -1198.1851804     752.7626423     458.2189825 0.27E-06 0.10E-06

 Hartree-Fock converged!
      {100|200}= 1.1D-16
      {100|300}= 5.3D-11
      {200|300}= 2.3D-17
      {100|400}=-3.8D-12
      {200|400}=-2.5D-17
      {300|400}= 3.7D-12
      {210|310}=-7.7D-18

   14 iterations: (units are Ry and bohr)
 Energy:   -1198.18518038    Ebs:    -752.76264228
 Eh:         458.21898249    Ex :     -12.79644439

   Orbital    Filling       Eigenvalues    Norm(rc->oo)      Peak
    |100>      2.000        -267.281204
    |200>      2.000         -29.193908
    |210>      6.000         -23.253324
    |300>      2.000          -3.708529
    |400>      0.510          -0.294418      0.868546      4.345670
    |310>      6.000          -2.120877      0.037089      1.169037
    |320>      0.000          -0.027394      0.999410     17.464670
!!NOTE!!: All Hartree-Fock tests are done with the semi-local form of the potential 
!!NOTE!!: Use the 'sl' command instead of the 'nl' command to remove this warning...


 ===============Configuration 1 SL: Calc ===============
  3            118.0584650516-0.864E-01-0.994E-01 0.100E-06  : function truncated in nmrvs
  3            118.0584650516-0.355E-01-0.409E-01 0.100E-06  : function truncated in nmrvs
 method 1  unable to solve equation for electron 3 2
          nc =   4   nj = 790   ed =   0.013601   el =   0.001635   eu =   1.116234
 HF solver failed:  #fails=           1
 Solve for HF wfn failed, orthogonalizing...
  3            118.0584650516-0.864E-01-0.994E-01 0.100E-06  : function truncated in nmrvs
  3            118.0584650516-0.355E-01-0.409E-01 0.100E-06  : function truncated in nmrvs
 method 1  unable to solve equation for electron 3 2
          nc =   4   nj = 790   ed =   0.013601   el =   0.001635   eu =   1.116234
 HF solver failed:  #fails=           2
  3            118.0584650516-0.864E-01-0.994E-01 0.100E-06  : function truncated in nmrvs
  3            118.0584650516-0.355E-01-0.409E-01 0.100E-06  : function truncated in nmrvs
  3            118.0584650516 0.154E+00 0.177E+00 0.100E-06  : function truncated in nmrvs
 method 2  unable to solve equation for electron 3 2
          nc =   4   nj = 790   ed =   0.013601   el =   0.001635   eu =   1.116234
 HF solver failed:  #fails=           3

 iter       Etot             Eeig             Ehart    de_max   dv_max
   1      -32.7748228      12.9102561      19.8803714 0.94E-01 0.54E-05
  3            118.0584650516-0.891E-01-0.102E+00 0.100E-06  : function truncated in nmrvs
  3            118.0584650516-0.367E-01-0.422E-01 0.100E-06  : function truncated in nmrvs
 method 1  unable to solve equation for electron 3 2
          nc =   4   nj = 790   ed =   0.012839   el =   0.001544   eu =   1.116234
 HF solver failed:  #fails=           4
 Solve for HF wfn failed, orthogonalizing...
  3            118.0584650516-0.891E-01-0.102E+00 0.100E-06  : function truncated in nmrvs
  3            118.0584650516-0.367E-01-0.422E-01 0.100E-06  : function truncated in nmrvs
 method 1  unable to solve equation for electron 3 2
          nc =   4   nj = 790   ed =   0.012839   el =   0.001544   eu =   1.116234
 HF solver failed:  #fails=           5
  3            118.0584650516-0.891E-01-0.102E+00 0.100E-06  : function truncated in nmrvs
  3            118.0584650516-0.367E-01-0.422E-01 0.100E-06  : function truncated in nmrvs
  3            118.0584650516 0.127E+00 0.146E+00 0.100E-06  : function truncated in nmrvs
 method 2  unable to solve equation for electron 3 2
          nc =   4   nj = 790   ed =   0.012839   el =   0.001544   eu =   1.116234
 HF solver failed:  #fails=           6
   2      -32.7751520      12.9085477      19.8825505 0.22E-02 0.26E-05
  3            118.0584650516-0.891E-01-0.102E+00 0.100E-06  : function truncated in nmrvs
  3            118.0584650516-0.367E-01-0.422E-01 0.100E-06  : function truncated in nmrvs
 method 1  unable to solve equation for electron 3 2
          nc =   4   nj = 790   ed =   0.012837   el =   0.001544   eu =   1.116234
 HF solver failed:  #fails=           7
 Solve for HF wfn failed, orthogonalizing...
  3            118.0584650516-0.891E-01-0.102E+00 0.100E-06  : function truncated in nmrvs
  3            118.0584650516-0.367E-01-0.422E-01 0.100E-06  : function truncated in nmrvs
 method 1  unable to solve equation for electron 3 2
          nc =   4   nj = 790   ed =   0.012837   el =   0.001544   eu =   1.116234
 HF solver failed:  #fails=           8
  3            118.0584650516-0.891E-01-0.102E+00 0.100E-06  : function truncated in nmrvs
  3            118.0584650516-0.367E-01-0.422E-01 0.100E-06  : function truncated in nmrvs
  3            118.0584650516 0.127E+00 0.146E+00 0.100E-06  : function truncated in nmrvs
 method 2  unable to solve equation for electron 3 2
          nc =   4   nj = 790   ed =   0.012837   el =   0.001544   eu =   1.116234
 HF solver failed:  #fails=           9
   3      -32.7751524      12.9085480      19.8825506 0.10E-05 0.58E-06
  3            118.0584650516-0.891E-01-0.102E+00 0.100E-06  : function truncated in nmrvs
  3            118.0584650516-0.367E-01-0.422E-01 0.100E-06  : function truncated in nmrvs
 method 1  unable to solve equation for electron 3 2
          nc =   4   nj = 790   ed =   0.012837   el =   0.001544   eu =   1.116234
 HF solver failed:  #fails=          10
 Solve for HF wfn failed, orthogonalizing...
  3            118.0584650516-0.891E-01-0.102E+00 0.100E-06  : function truncated in nmrvs
  3            118.0584650516-0.367E-01-0.422E-01 0.100E-06  : function truncated in nmrvs
 method 1  unable to solve equation for electron 3 2
          nc =   4   nj = 790   ed =   0.012837   el =   0.001544   eu =   1.116234
 HF solver failed:  #fails=          11
  3            118.0584650516-0.891E-01-0.102E+00 0.100E-06  : function truncated in nmrvs
  3            118.0584650516-0.367E-01-0.422E-01 0.100E-06  : function truncated in nmrvs
  3            118.0584650516 0.127E+00 0.146E+00 0.100E-06  : function truncated in nmrvs
 method 2  unable to solve equation for electron 3 2
          nc =   4   nj = 790   ed =   0.012837   el =   0.001544   eu =   1.116234
 HF solver failed:  #fails=          12
   4      -32.7751530      12.9085490      19.8825503 0.19E-06 0.18E-06
  3            118.0584650516-0.891E-01-0.102E+00 0.100E-06  : function truncated in nmrvs
  3            118.0584650516-0.367E-01-0.422E-01 0.100E-06  : function truncated in nmrvs
 method 1  unable to solve equation for electron 3 2
          nc =   4   nj = 790   ed =   0.012837   el =   0.001544   eu =   1.116234
 HF solver failed:  #fails=          13
 Solve for HF wfn failed, orthogonalizing...
  3            118.0584650516-0.891E-01-0.102E+00 0.100E-06  : function truncated in nmrvs
  3            118.0584650516-0.367E-01-0.422E-01 0.100E-06  : function truncated in nmrvs
 method 1  unable to solve equation for electron 3 2
          nc =   4   nj = 790   ed =   0.012837   el =   0.001544   eu =   1.116234
 HF solver failed:  #fails=          14
  3            118.0584650516-0.891E-01-0.102E+00 0.100E-06  : function truncated in nmrvs
  3            118.0584650516-0.367E-01-0.422E-01 0.100E-06  : function truncated in nmrvs
  3            118.0584650516 0.127E+00 0.146E+00 0.100E-06  : function truncated in nmrvs
 method 2  unable to solve equation for electron 3 2
          nc =   4   nj = 790   ed =   0.012837   el =   0.001544   eu =   1.116234
 HF solver failed:  #fails=          15
   5      -32.7751533      12.9085494      19.8825502 0.95E-07 0.58E-07

 Hartree-Fock converged!

    5 iterations: (units are Ry and bohr)
 Energy:     -32.77515333    Ebs:     -12.90854939
 Eh:          19.88255024    Ex :      -0.01594630

   Orbital    Filling       Eigenvalues    Norm(rc->oo)      Peak
    |100>      0.510          -0.294553      0.868353      4.345670
    |210>      6.000          -2.126388      0.037201      1.067351
    |320>      0.000          -0.116234      0.979329      8.216793


 ===============Configuration 2 AE Calc=============== 
 Rotation needed            1           2   1.0000000000000001E-005
 Rotation needed            1           4   1.0000000000000001E-005
 Rotation needed            1           5   1.0000000000000001E-005
 Rotation needed            2           4   1.0000000000000001E-005
 Rotation needed            2           5   1.0000000000000001E-005
 Rotation needed            3           6   1.0000000000000001E-005
 Rotation needed            4           5   1.0000000000000001E-005
  5            118.0584650516-0.665E-06-0.865E-06 0.100E-06  : function truncated in nmrvs
  5            118.0584650516 0.320E-06 0.417E-06 0.100E-06  : function truncated in nmrvs
 method 1  unable to solve equation for electron 4 0
          nc =   4   nj = 496   ed =   0.396186   el =   0.226790   eu =   5.203588
 Rotation needed            1           5   1.8106424521735411E-004
 Rotation needed            2           5   1.9341745350116374E-005
 Rotation needed            4           5   1.4350377558310111E-002
 HF solver failed:  #fails=           1
 Solve for HF wfn failed, orthogonalizing...
 Rotation needed            1           5   9.0858063361834440E-004
 Rotation needed            2           5   2.6552123303782557E-003
 Rotation needed            4           5   3.5481861093792700E-003
  5            118.0584650516-0.691E-06-0.899E-06 0.100E-06  : function truncated in nmrvs
  5            118.0584650516 0.615E-06 0.800E-06 0.100E-06  : function truncated in nmrvs
 method 1  unable to solve equation for electron 4 0
          nc =   4   nj = 495   ed =   0.445760   el =   0.240998   eu =  10.643906
 Rotation needed            1           5   1.0691023459600455E-003
 Rotation needed            2           5   3.2626193418579495E-003
 Rotation needed            4           5   4.3099019163670548E-003
 HF solver failed:  #fails=           2
  5            118.0584650516-0.691E-06-0.899E-06 0.100E-06  : function truncated in nmrvs
  5            118.0584650516 0.615E-06 0.800E-06 0.100E-06  : function truncated in nmrvs
  5            118.0584650516-0.411E-05-0.535E-05 0.100E-06  : function truncated in nmrvs
  7            118.0584650516 0.117E+02 0.125E+02 0.100E-06  : function truncated in nmrvs
  7            118.0584650516 0.116E+02 0.125E+02 0.100E-06  : function truncated in nmrvs
  5            118.0584650516-0.240E-05-0.313E-05 0.100E-06  : function truncated in nmrvs
  5            118.0584650516-0.177E-05-0.230E-05 0.100E-06  : function truncated in nmrvs
  5            118.0584650516-0.239E-05-0.310E-05 0.100E-06  : function truncated in nmrvs
  5            118.0584650516-0.370E-05-0.481E-05 0.100E-06  : function truncated in nmrvs

 iter       Etot             Eeig             Ehart    de_max   dv_max
   1    -1248.1766550     801.0820117     459.8567795 0.12E+01 0.52E+00
 Rotation needed            1           5   1.0741433176647917E-003
 Rotation needed            2           5   3.2887803221712075E-003
 Rotation needed            4           5   4.3151179654409419E-003
  7            118.0584650516 0.235E+01 0.251E+01 0.100E-06  : function truncated in nmrvs
  7            118.0584650516 0.277E+00 0.297E+00 0.100E-06  : function truncated in nmrvs
 Solve for HF wfn failed, orthogonalizing...
 Rotation needed            1           5   1.3829086541018493E-005
 Rotation needed            2           5   1.9490629127128314E-004
 Rotation needed            4           5  -2.5156740820828490E-004
  7            118.0584650516 0.235E+01 0.252E+01 0.100E-06  : function truncated in nmrvs
  7            118.0584650516 0.231E+01 0.247E+01 0.100E-06  : function truncated in nmrvs
  7            118.0584650516 0.985E+00 0.106E+01 0.100E-06  : function truncated in nmrvs
  7            118.0584650516-0.100E+00-0.109E+00 0.100E-06  : function truncated in nmrvs
  7            118.0584650516-0.986E-01-0.107E+00 0.100E-06  : function truncated in nmrvs
  7            118.0584650516-0.515E-01-0.560E-01 0.100E-06  : function truncated in nmrvs
  7            118.0584650516 0.512E-01 0.549E-01 0.100E-06  : function truncated in nmrvs
  7            118.0584650516 0.553E-02 0.593E-02 0.100E-06  : function truncated in nmrvs
  7            118.0584650516-0.932E+00-0.999E+00 0.100E-06  : function truncated in nmrvs
  7            118.0584650516-0.219E-02-0.238E-02 0.100E-06  : function truncated in nmrvs
  7            118.0584650516-0.243E-03-0.265E-03 0.100E-06  : function truncated in nmrvs
  7            118.0584650516 0.379E-01 0.406E-01 0.100E-06  : function truncated in nmrvs
   2    -1197.7774444     750.6409833     459.9213004 0.11E+01 0.25E-01
 Rotation needed            1           5   8.8726587687079401E-006
 Rotation needed            2           5   5.6836291188559026E-005
 Rotation needed            4           5   5.7838798288177909E-004
  7            118.0584650516-0.182E-02-0.190E-02 0.100E-06  : function truncated in nmrvs
  7            118.0584650516-0.587E-03-0.614E-03 0.100E-06  : function truncated in nmrvs
  7            118.0584650516-0.896E+00-0.938E+00 0.100E-06  : function truncated in nmrvs
  7            118.0584650516-0.121E-02-0.134E-02 0.100E-06  : function truncated in nmrvs
  7            118.0584650516-0.410E-03-0.452E-03 0.100E-06  : function truncated in nmrvs
  7            118.0584650516 0.729E-01 0.789E-01 0.100E-06  : function truncated in nmrvs
  7            118.0584650516-0.956E-02-0.100E-01 0.100E-06  : function truncated in nmrvs
  7            118.0584650516-0.384E-02-0.402E-02 0.100E-06  : function truncated in nmrvs
  7            118.0584650516-0.474E+00-0.498E+00 0.100E-06  : function truncated in nmrvs
  7            118.0584650516-0.107E-01-0.112E-01 0.100E-06  : function truncated in nmrvs
  7            118.0584650516-0.430E-02-0.451E-02 0.100E-06  : function truncated in nmrvs
  7            118.0584650516-0.349E+00-0.369E+00 0.100E-06  : function truncated in nmrvs
  7            118.0584650516-0.577E-03-0.644E-03 0.100E-06  : function truncated in nmrvs
  7            118.0584650516-0.234E-03-0.261E-03 0.100E-06  : function truncated in nmrvs
  7            118.0584650516 0.789E-01 0.861E-01 0.100E-06  : function truncated in nmrvs
   3    -1198.4367773     750.7538147     460.4879670 0.20E+00 0.18E-02
 Rotation needed            1           5   8.8418350196733191E-006
 Rotation needed            2           5   5.5659724503938536E-005
 Rotation needed            4           5   7.2334695881441733E-004
  7            118.0584650516-0.804E-02-0.843E-02 0.100E-06  : function truncated in nmrvs
  7            118.0584650516-0.331E-02-0.347E-02 0.100E-06  : function truncated in nmrvs
  7            118.0584650516-0.374E+00-0.394E+00 0.100E-06  : function truncated in nmrvs
  7            118.0584650516 0.713E-03 0.749E-03 0.100E-06  : function truncated in nmrvs
  7            118.0584650516 0.761E-03 0.799E-03 0.100E-06  : function truncated in nmrvs
  7            118.0584650516-0.184E+00-0.197E+00 0.100E-06  : function truncated in nmrvs
   4    -1198.2709379     750.5769361     460.4991653 0.52E+00 0.46E-04
 Rotation needed            1           5   1.1099177141018305E-005
 Rotation needed            2           5   7.1520378192051982E-005
 Rotation needed            4           5   8.3926439810472751E-004
  7            118.0584650516 0.698E-04 0.733E-04 0.100E-06  : function truncated in nmrvs
  7            118.0584650516 0.471E-03 0.495E-03 0.100E-06  : function truncated in nmrvs
  7            118.0584650516-0.165E+00-0.178E+00 0.100E-06  : function truncated in nmrvs
  7            118.0584650516-0.530E-03-0.556E-03 0.100E-06  : function truncated in nmrvs
  7            118.0584650516 0.186E-03 0.195E-03 0.100E-06  : function truncated in nmrvs
  7            118.0584650516-0.154E+00-0.167E+00 0.100E-06  : function truncated in nmrvs
   5    -1198.2707629     750.5761790     460.4997812 0.11E-02 0.18E-05
 Rotation needed            1           5   1.1186180773738885E-005
 Rotation needed            2           5   7.1612502221371307E-005
 Rotation needed            4           5   8.4490105181347886E-004
  7            118.0584650516-0.841E-03-0.883E-03 0.100E-06  : function truncated in nmrvs
  7            118.0584650516 0.310E-04 0.326E-04 0.100E-06  : function truncated in nmrvs
  7            118.0584650516-0.151E+00-0.164E+00 0.100E-06  : function truncated in nmrvs
  7            118.0584650516-0.114E-02-0.120E-02 0.100E-06  : function truncated in nmrvs
  7            118.0584650516-0.121E-03-0.127E-03 0.100E-06  : function truncated in nmrvs
  7            118.0584650516-0.150E+00-0.162E+00 0.100E-06  : function truncated in nmrvs
   6    -1198.2706220     750.5760221     460.4997982 0.63E-04 0.37E-06
 Rotation needed            1           5   1.1186758565396248E-005
 Rotation needed            2           5   7.1622253308037970E-005
 Rotation needed            4           5   8.4498341093404102E-004
  7            118.0584650516-0.129E-02-0.136E-02 0.100E-06  : function truncated in nmrvs
  7            118.0584650516-0.201E-03-0.210E-03 0.100E-06  : function truncated in nmrvs
  7            118.0584650516-0.149E+00-0.162E+00 0.100E-06  : function truncated in nmrvs
  7            118.0584650516-0.144E-02-0.152E-02 0.100E-06  : function truncated in nmrvs
  7            118.0584650516-0.280E-03-0.294E-03 0.100E-06  : function truncated in nmrvs
  7            118.0584650516-0.149E+00-0.161E+00 0.100E-06  : function truncated in nmrvs
   7    -1198.2706042     750.5760074     460.4997950 0.92E-05 0.31E-06
 Rotation needed            1           5   1.1186666258048865E-005
 Rotation needed            2           5   7.1622405555514504E-005
 Rotation needed            4           5   8.4498429513821672E-004
  7            118.0584650516-0.152E-02-0.160E-02 0.100E-06  : function truncated in nmrvs
  7            118.0584650516-0.321E-03-0.337E-03 0.100E-06  : function truncated in nmrvs
  7            118.0584650516-0.149E+00-0.161E+00 0.100E-06  : function truncated in nmrvs
  7            118.0584650516-0.160E-02-0.168E-02 0.100E-06  : function truncated in nmrvs
  7            118.0584650516-0.363E-03-0.381E-03 0.100E-06  : function truncated in nmrvs
  7            118.0584650516-0.149E+00-0.161E+00 0.100E-06  : function truncated in nmrvs
   8    -1198.2706062     750.5760091     460.4997952 0.19E-05 0.31E-06
 Rotation needed            1           5   1.1186751375542512E-005
 Rotation needed            2           5   7.1622120117640186E-005
 Rotation needed            4           5   8.4498431327752546E-004
  7            118.0584650516-0.164E-02-0.172E-02 0.100E-06  : function truncated in nmrvs
  7            118.0584650516-0.384E-03-0.403E-03 0.100E-06  : function truncated in nmrvs
  7            118.0584650516-0.149E+00-0.161E+00 0.100E-06  : function truncated in nmrvs
  7            118.0584650516-0.168E-02-0.177E-02 0.100E-06  : function truncated in nmrvs
  7            118.0584650516-0.406E-03-0.426E-03 0.100E-06  : function truncated in nmrvs
  7            118.0584650516-0.149E+00-0.161E+00 0.100E-06  : function truncated in nmrvs
   9    -1198.2706059     750.5760088     460.4997952 0.44E-06 0.31E-06
 Rotation needed            1           5   1.1186659933094927E-005
 Rotation needed            2           5   7.1622126903868083E-005
 Rotation needed            4           5   8.4498431144193465E-004
  7            118.0584650516-0.170E-02-0.179E-02 0.100E-06  : function truncated in nmrvs
  7            118.0584650516-0.418E-03-0.438E-03 0.100E-06  : function truncated in nmrvs
  7            118.0584650516-0.149E+00-0.161E+00 0.100E-06  : function truncated in nmrvs
  7            118.0584650516-0.172E-02-0.181E-02 0.100E-06  : function truncated in nmrvs
  7            118.0584650516-0.429E-03-0.450E-03 0.100E-06  : function truncated in nmrvs
  7            118.0584650516-0.149E+00-0.161E+00 0.100E-06  : function truncated in nmrvs
  10    -1198.2706059     750.5760089     460.4997952 0.11E-06 0.31E-06

 Hartree-Fock converged!
      {100|200}= 1.3D-16
      {100|300}= 6.5D-18
      {200|300}= 2.7D-17
      {100|400}=-3.2D-11
      {200|400}=-9.5D-18
      {300|400}= 3.1D-11
      {210|310}= 7.3D-18

   10 iterations: (units are Ry and bohr)
 Energy:   -1198.27060594    Ebs:    -750.57600886
 Eh:         460.49979521    Ex :     -12.80519813

   Orbital    Filling       Eigenvalues    Norm(rc->oo)      Peak
    |100>      2.000        -267.153943
    |200>      2.000         -29.067306
    |210>      6.000         -23.126267
    |300>      2.000          -3.583726
    |400>      0.800          -0.294727      0.868026      4.345670
    |310>      6.000          -1.995446      0.037596      1.169037
    |320>      0.000          -0.004453      0.999998     45.113429


 ===============Configuration 2 SL: Calc ===============
  3            118.0584650516-0.846E-04-0.875E-04 0.100E-06  : function truncated in nmrvs
  3            118.0584650516-0.614E-03-0.635E-03 0.100E-06  : function truncated in nmrvs
 method 1  unable to solve equation for electron 3 2
          nc =   2   nj = 788   ed =   0.032629   el =   0.000100   eu =   1.116234
 HF solver failed:  #fails=           1
 Solve for HF wfn failed, orthogonalizing...
  3            118.0584650516-0.846E-04-0.875E-04 0.100E-06  : function truncated in nmrvs
  3            118.0584650516-0.614E-03-0.635E-03 0.100E-06  : function truncated in nmrvs
 method 1  unable to solve equation for electron 3 2
          nc =   2   nj = 788   ed =   0.117012   el =   0.000100   eu =   1.116234
 HF solver failed:  #fails=           2
  3            118.0584650516-0.846E-04-0.875E-04 0.100E-06  : function truncated in nmrvs
  3            118.0584650516-0.614E-03-0.635E-03 0.100E-06  : function truncated in nmrvs
  3            118.0584650516 0.319E+00 0.330E+00 0.100E-06  : function truncated in nmrvs
 method 2  unable to solve equation for electron 3 2
          nc =   2   nj = 788   ed =   0.419617   el =   0.000100   eu =   1.116234
 HF solver failed:  #fails=           3

 iter       Etot             Eeig             Ehart    de_max   dv_max
   1      -32.8598052      12.2647726      20.6200333 0.15E+00 0.80E-05
  3            118.0584650516-0.843E-04-0.872E-04 0.100E-06  : function truncated in nmrvs
  3            118.0584650516-0.609E-03-0.630E-03 0.100E-06  : function truncated in nmrvs
 method 1  unable to solve equation for electron 3 2
          nc =   2   nj = 788   ed =   0.558167   el =   0.000100   eu =   1.116234
 HF solver failed:  #fails=           4
 Solve for HF wfn failed, orthogonalizing...
  3            118.0584650516-0.843E-04-0.872E-04 0.100E-06  : function truncated in nmrvs
  3            118.0584650516-0.609E-03-0.630E-03 0.100E-06  : function truncated in nmrvs
 method 1  unable to solve equation for electron 3 2
          nc =   2   nj = 788   ed =   0.558167   el =   0.000100   eu =   1.116234
 HF solver failed:  #fails=           5
  3            118.0584650516-0.843E-04-0.872E-04 0.100E-06  : function truncated in nmrvs
  3            118.0584650516-0.609E-03-0.630E-03 0.100E-06  : function truncated in nmrvs
  3            118.0584650516 0.319E+00 0.330E+00 0.100E-06  : function truncated in nmrvs
 method 2  unable to solve equation for electron 3 2
          nc =   2   nj = 788   ed =   0.558167   el =   0.000100   eu =   1.116234
 HF solver failed:  #fails=           6
   2      -32.8606254      12.2604947      20.6254898 0.35E-02 0.82E-05
  3            118.0584650516-0.843E-04-0.872E-04 0.100E-06  : function truncated in nmrvs
  3            118.0584650516-0.609E-03-0.630E-03 0.100E-06  : function truncated in nmrvs
 method 1  unable to solve equation for electron 3 2
          nc =   2   nj = 788   ed =   0.558167   el =   0.000100   eu =   1.116234
 HF solver failed:  #fails=           7
 Solve for HF wfn failed, orthogonalizing...
  3            118.0584650516-0.843E-04-0.872E-04 0.100E-06  : function truncated in nmrvs
  3            118.0584650516-0.609E-03-0.630E-03 0.100E-06  : function truncated in nmrvs
 method 1  unable to solve equation for electron 3 2
          nc =   2   nj = 788   ed =   0.558167   el =   0.000100   eu =   1.116234
 HF solver failed:  #fails=           8
  3            118.0584650516-0.843E-04-0.872E-04 0.100E-06  : function truncated in nmrvs
  3            118.0584650516-0.609E-03-0.630E-03 0.100E-06  : function truncated in nmrvs
  3            118.0584650516 0.319E+00 0.330E+00 0.100E-06  : function truncated in nmrvs
 method 2  unable to solve equation for electron 3 2
          nc =   2   nj = 788   ed =   0.558167   el =   0.000100   eu =   1.116234
 HF solver failed:  #fails=           9
   3      -32.8606294      12.2604981      20.6254910 0.29E-05 0.38E-06
  3            118.0584650516-0.843E-04-0.872E-04 0.100E-06  : function truncated in nmrvs
  3            118.0584650516-0.609E-03-0.630E-03 0.100E-06  : function truncated in nmrvs
 method 1  unable to solve equation for electron 3 2
          nc =   2   nj = 788   ed =   0.558167   el =   0.000100   eu =   1.116234
 HF solver failed:  #fails=          10
 Solve for HF wfn failed, orthogonalizing...
  3            118.0584650516-0.843E-04-0.872E-04 0.100E-06  : function truncated in nmrvs
  3            118.0584650516-0.609E-03-0.630E-03 0.100E-06  : function truncated in nmrvs
 method 1  unable to solve equation for electron 3 2
          nc =   2   nj = 788   ed =   0.558167   el =   0.000100   eu =   1.116234
 HF solver failed:  #fails=          11
  3            118.0584650516-0.843E-04-0.872E-04 0.100E-06  : function truncated in nmrvs
  3            118.0584650516-0.609E-03-0.630E-03 0.100E-06  : function truncated in nmrvs
  3            118.0584650516 0.319E+00 0.330E+00 0.100E-06  : function truncated in nmrvs
 method 2  unable to solve equation for electron 3 2
          nc =   2   nj = 788   ed =   0.558167   el =   0.000100   eu =   1.116234
 HF solver failed:  #fails=          12
   4      -32.8606296      12.2604980      20.6254913 0.32E-06 0.16E-06
  3            118.0584650516-0.843E-04-0.872E-04 0.100E-06  : function truncated in nmrvs
  3            118.0584650516-0.609E-03-0.630E-03 0.100E-06  : function truncated in nmrvs
 method 1  unable to solve equation for electron 3 2
          nc =   2   nj = 788   ed =   0.558167   el =   0.000100   eu =   1.116234
 HF solver failed:  #fails=          13
 Solve for HF wfn failed, orthogonalizing...
  3            118.0584650516-0.843E-04-0.872E-04 0.100E-06  : function truncated in nmrvs
  3            118.0584650516-0.609E-03-0.630E-03 0.100E-06  : function truncated in nmrvs
 method 1  unable to solve equation for electron 3 2
          nc =   2   nj = 788   ed =   0.558167   el =   0.000100   eu =   1.116234
 HF solver failed:  #fails=          14
  3            118.0584650516-0.843E-04-0.872E-04 0.100E-06  : function truncated in nmrvs
  3            118.0584650516-0.609E-03-0.630E-03 0.100E-06  : function truncated in nmrvs
  3            118.0584650516 0.319E+00 0.330E+00 0.100E-06  : function truncated in nmrvs
 method 2  unable to solve equation for electron 3 2
          nc =   2   nj = 788   ed =   0.558167   el =   0.000100   eu =   1.116234
 HF solver failed:  #fails=          15
   5      -32.8606297      12.2604982      20.6254912 0.39E-07 0.29E-07

 Hartree-Fock converged!

    5 iterations: (units are Ry and bohr)
 Energy:     -32.86062971    Ebs:     -12.26049816
 Eh:          20.62549125    Ex :      -0.02535969

   Orbital    Filling       Eigenvalues    Norm(rc->oo)      Peak
    |100>      0.800          -0.294941      0.867762      4.345670
    |210>      6.000          -2.004091      0.037775      1.067351
    |320>      0.000          -0.116234      0.979329      8.216793
   ------------------------------------------------
   ================================================

 ======================================================================== 
 Begin KE convergence testing
 ======================================================================== 
 ----------------------------------------------------------------------
                     Kinetic energy convergence
      ==============================|100>==============================
      Ecut(Ry)  KE/electron(Ry)         KE error/electron (mRy,meV)
         0       0.028781489                67.998623     925.168862
         2       0.089773501                 7.006611      95.329841
         3       0.096080304                 0.699808       9.521376
       353       0.096708000                 0.072112       0.981135
      ==============================|210>==============================
      Ecut(Ry)  KE/electron(Ry)         KE error/electron (mRy,meV)
        22       2.991719950                71.536703     973.306921
        32       3.056639914                 6.616739      90.025365
        39       3.062580987                 0.675666       9.192908
        45       3.063195549                 0.061104       0.831363
      ==============================|320>==============================
      Ecut(Ry)  KE/electron(Ry)         KE error/electron (mRy,meV)
       397       1.630622639                33.191076     451.587825

 ======================================================================== 
 End KE convergence testing
 ======================================================================== 
<<<do_rpt>>>
<<<do_upf>>>
------------- closing opium session ------------
