
 ++++++++++++++++++++++++++++++++++++++++++++++++++++++++++++++++++++++++
           OPIUM  Version:        3.8                             
           =====================================            
 See http://opium.sourceforge.net for help and information                 
 Copyright 2009 : The OPIUM project                         

 Compile host     : vagvlan567.217.wlan.design.upenn.edu
 Compile OS       : Darwin 14.1.0 i386
 Compile date     : Wed Mar 18 18:57:27 EDT 2015

 Execution host   : vagvlan567.0723.wlan.wireless-pennnet.upenn.edu
 time of execution: Wed Oct 14 15:21:07 2015

 ++++++++++++++++++++++++++++++++++++++++++++++++++++++++++++++++++++++++
 Reading parameter file:  <b.param> ... 
 File prefix             : b 
 Element                 : Boron      (B) 
 Z                       : 5 
 
 Number of all-electron orbitals   : 3 
 Number of pseudo       orbitals   : 2 
 
 Pseudopotential is non-relativistic 
 Using Hartree-Fock Exchange (Beta!!)                
 HF pseudopotential NOT being smoothed! 
 The s potential is used for the KB construction 
 Optimized (RRKJ) pseudopotential method will be used 

 nl    cutoff radii    q-max      # bessel functions
 2s       1.540        7.070              10 
 2p       1.820        7.070              10 

 Reference Configuration: core  <-/-> valence 
 1s2  <-/-> 2s2  2p0 

 Grid definitions: 
 a_grid=1.00e-04    b_grid=1.30e-02    # points=1118 
 r(1)=5.85e-05      r(np)=1.18e+02    

 dEmax tolerance:  1.00e-08      dVmax tolerance:  1.00e-06     

 Starting calculation...

 ======================================================================== 
 Begin AE calculation
 ======================================================================== 
 Performing non-relativistic AE calculation...  
 Rotation needed            1           2   1.0000000000000001E-005

 iter       Etot             Eeig             Ehart    de_max   dv_max
   1      -48.4877229      36.2510466      12.4211642 0.51E+00 0.34E-02
   2      -48.4751505      36.2389820      12.4207234 0.29E+00 0.13E-05
   3      -48.4751510      36.2389819      12.4207241 0.20E-04 0.44E-06
   4      -48.4751505      36.2389813      12.4207243 0.50E-07 0.11E-06

 Hartree-Fock converged!
      {100|200}=-7.6D-17

    4 iterations: (units are Ry and bohr)
 Energy:     -48.47515049    Ebs:     -36.23898130
 Eh:          12.42072432    Ex :      -0.18455513

   Orbital    Filling       Eigenvalues    Norm(rc->oo)      Peak
    |100>      2.000         -16.371844
    |200>      2.000          -1.747647      0.598053      1.443658
    |210>      0.000          -0.551807      0.610693      1.644079

 ======================================================================== 
 End AE calculation
 ======================================================================== 

 ======================================================================== 
 Begin PS construction
 ======================================================================== 
 Optimized Pseudopotential Generation ...

 ==================
 zeff=   3.0000000000000000     
 Pseudizing state : |200>
 eigenvalue       : -1.747647
 qc               :  7.070000
 # bessel fxns    : 10
 point nearest rc :  784
 rc               :  1.540000
 actual rc        :  1.540613

 Psi(rc)          :     0.5011128183
 Slope at rc      :    -0.3792195176
 Curvature at rc  :    -0.0393053797
 Del^2 Psi at rc  :    -0.5316023322
 Log Deriv at rc  :    -0.7567547742

 Error in constraints
   1         0.21189E-11
   2        -0.21189E-11
   3         0.21516E-12
   4        -0.21516E-12
   5        -0.16485E-05
   6         0.16485E-05
   7         0.32372E-05
   8         0.32372E-05
   9         0.00000E+00
  10         0.16485E-05
 Bessel wavevectors and final coefficients
   1        1.0838571097        0.7632312897
   2        3.0814448767       -0.3234217179
   3        5.1116284854       -0.1653247350
   4        7.1469201169        0.0024781859
   5        9.1839353808       -0.0037118317
   6       11.2217374044        0.0022678842
   7       13.2599639016       -0.0016348843
   8       15.2984453600        0.0012410901
   9       17.3370919034       -0.0010835780
  10       19.3758514492        0.0009600642

 Total KE           (Ry) :     0.6927629925
 0  -> qc contribution   :     0.6927597553
 qc -> oo contribution   :     0.0000032372   (=Convergence term)
 Occupancy of this state :     2.0000000000
 Convergence term (Ry/e) :     0.0000032372
 Convergence error (mRy) :     0.0064743821
 Convergence error (meV) :     0.0880891474


 ==================
 zeff=   3.0000000000000000     
 Pseudizing state : |210>
 eigenvalue       : -0.551807
 qc               :  7.070000
 # bessel fxns    : 10
 point nearest rc :  797
 rc               :  1.820000
 actual rc        :  1.824271

 Psi(rc)          :     0.3393501790
 Slope at rc      :    -0.2137946395
 Curvature at rc  :     0.0933201532
 Del^2 Psi at rc  :    -0.3450076236
 Log Deriv at rc  :    -0.6300118659

 Error in constraints
   1         0.12124E-11
   2        -0.12124E-11
   3         0.57372E-10
   4        -0.57372E-10
   5         0.31490E-06
   6        -0.31490E-06
   7         0.18043E-04
   8         0.18043E-04
   9         0.00000E+00
  10         0.31490E-06
 Bessel wavevectors and final coefficients
   1        1.5431849137        1.0702997043
   2        3.3670626600        0.4724507639
   3        5.1160109420        0.1488283834
   4        6.8509779426        0.0205274101
   5        8.5806796290       -0.0036547826
   6       10.3078112788        0.0012050947
   7       12.0334922009       -0.0019118542
   8       13.7582728504        0.0011359665
   9       15.4824560254       -0.0018116812
  10       17.2062222441        0.0015006082

 Total KE           (Ry) :     1.3348341735
 0  -> qc contribution   :     1.3348161309
 qc -> oo contribution   :     0.0000180426   (=Convergence term)
 Occupancy of this state :     0.0000000000
 Convergence term (Ry/e) :     0.0000180426
 Convergence error (mRy) :     0.0000000000
 Convergence error (meV) :     0.0000000000


 Running HF solver for raw psp...
 Results of HF psp solve...
 State: 1s  AE eigenvalue =  -1.747647  PS eigenvalue =  -1.747647
 State: 2p  AE eigenvalue =  -0.551807  PS eigenvalue =  -0.551807

 ======================================================================== 
 End PS construction
 ======================================================================== 

 ======================================================================== 
 Begin SL calculation
 ======================================================================== 

 iter       Etot             Eeig             Ehart    de_max   dv_max
   1       -4.4994659       3.4952930       1.0041729 0.19E-06 0.25E-09
   2       -4.4994659       3.4952930       1.0041729 0.50E-11 0.99E-11

 Hartree-Fock converged!

    2 iterations: (units are Ry and bohr)
 Energy:      -4.49946586    Ebs:      -3.49529301
 Eh:           1.00417285    Ex :       0.00000000

   Orbital    Filling       Eigenvalues    Norm(rc->oo)      Peak
    |100>      2.000          -1.747647      0.598054      1.443658
    |210>      0.000          -0.551807      0.610692      1.665592

 ======================================================================== 
 End SL calculation
 ======================================================================== 
<<<do_tc>>>


 ===============Configuration 1 AE Calc=============== 
 Rotation needed            1           2   1.0000000000000001E-005

 iter       Etot             Eeig             Ehart    de_max   dv_max
   1      -48.4877229      36.2510466      12.4211642 0.51E+00 0.34E-02
   2      -48.4751505      36.2389820      12.4207234 0.29E+00 0.13E-05
   3      -48.4751510      36.2389819      12.4207241 0.20E-04 0.44E-06
   4      -48.4751505      36.2389813      12.4207243 0.50E-07 0.11E-06

 Hartree-Fock converged!
      {100|200}= 9.2D-18

    4 iterations: (units are Ry and bohr)
 Energy:     -48.47515049    Ebs:     -36.23898130
 Eh:          12.42072432    Ex :      -0.18455513

   Orbital    Filling       Eigenvalues    Norm(rc->oo)      Peak
    |100>      2.000         -16.371844
    |200>      2.000          -1.747647      0.598053      1.443658
    |210>      0.000          -0.551807      0.610693      1.644079
!!NOTE!!: All Hartree-Fock tests are done with the semi-local form of the potential 
!!NOTE!!: Use the 'sl' command instead of the 'nl' command to remove this warning...


 ===============Configuration 1 SL: Calc ===============

 iter       Etot             Eeig             Ehart    de_max   dv_max
   1       -4.4994659       3.4952930       1.0041729 0.19E-06 0.25E-09
   2       -4.4994659       3.4952930       1.0041729 0.50E-11 0.99E-11

 Hartree-Fock converged!

    2 iterations: (units are Ry and bohr)
 Energy:      -4.49946586    Ebs:      -3.49529301
 Eh:           1.00417285    Ex :       0.00000000

   Orbital    Filling       Eigenvalues    Norm(rc->oo)      Peak
    |100>      2.000          -1.747647      0.598054      1.443658
    |210>      0.000          -0.551807      0.610692      1.665592


 ===============Configuration 2 AE Calc=============== 
 Rotation needed            1           2   1.0000000000000001E-005

 iter       Etot             Eeig             Ehart    de_max   dv_max
   1      -48.7647314      34.7847180      14.2561079 0.61E+00 0.12E-01
   2      -48.7578788      34.7970526      14.2354257 0.24E-01 0.25E-04
   3      -48.7582169      34.7973685      14.2354434 0.35E-04 0.11E-05
   4      -48.7582211      34.7973731      14.2354428 0.16E-06 0.53E-06
   5      -48.7582214      34.7973736      14.2354426 0.74E-07 0.14E-06

 Hartree-Fock converged!
      {100|200}=-3.9D-17

    5 iterations: (units are Ry and bohr)
 Energy:     -48.75822140    Ebs:     -34.79737359
 Eh:          14.23544261    Ex :      -0.27459480

   Orbital    Filling       Eigenvalues    Norm(rc->oo)      Peak
    |100>      2.000         -15.885564
    |200>      2.000          -1.367724      0.627081      1.481686
    |210>      0.500          -0.581596      0.595370      1.622844


 ===============Configuration 2 SL: Calc ===============

 iter       Etot             Eeig             Ehart    de_max   dv_max
   1       -4.7822774       3.0293165       1.8471666 0.23E+00 0.13E-03
   2       -4.7822796       3.0293146       1.8471713 0.17E-05 0.17E-06
   3       -4.7822754       3.0293107       1.8471710 0.15E-05 0.35E-06
   4       -4.7822755       3.0293109       1.8471710 0.92E-07 0.70E-07

 Hartree-Fock converged!

    4 iterations: (units are Ry and bohr)
 Energy:      -4.78227554    Ebs:      -3.02931094
 Eh:           1.84717096    Ex :      -0.09420635

   Orbital    Filling       Eigenvalues    Norm(rc->oo)      Peak
    |100>      2.000          -1.369537      0.626553      1.481686
    |210>      0.500          -0.580475      0.596398      1.644079


 ===============Configuration 3 AE Calc=============== 
 Rotation needed            1           2   1.0000000000000001E-005

 iter       Etot             Eeig             Ehart    de_max   dv_max
   1      -49.0425053      33.3657615      16.0419637 0.68E+00 0.29E-01
   2      -49.0581211      33.3798651      16.0435567 0.38E-02 0.28E-04
   3      -49.0581114      33.3798659      16.0435444 0.12E-05 0.11E-05
   4      -49.0581224      33.3798759      16.0435454 0.32E-06 0.13E-06
   5      -49.0581213      33.3798749      16.0435452 0.88E-07 0.25E-07

 Hartree-Fock converged!
      {100|200}=-6.3D-17

    5 iterations: (units are Ry and bohr)
 Energy:     -49.05812133    Ebs:     -33.37987492
 Eh:          16.04354520    Ex :      -0.36529879

   Orbital    Filling       Eigenvalues    Norm(rc->oo)      Peak
    |100>      2.000         -15.390669
    |200>      2.000          -0.989412      0.660458      1.520715
    |210>      1.000          -0.619713      0.577518      1.581194


 ===============Configuration 3 SL: Calc ===============

 iter       Etot             Eeig             Ehart    de_max   dv_max
   1       -5.0813735       2.6039000       2.6663075 0.45E+00 0.24E-03
   2       -5.0812170       2.6037835       2.6662668 0.78E-04 0.88E-06
   3       -5.0812182       2.6037844       2.6662671 0.60E-06 0.97E-07
   4       -5.0812180       2.6037842       2.6662671 0.11E-06 0.61E-08

 Hartree-Fock converged!

    4 iterations: (units are Ry and bohr)
 Energy:      -5.08121796    Ebs:      -2.60378422
 Eh:           2.66626711    Ex :      -0.18883337

   Orbital    Filling       Eigenvalues    Norm(rc->oo)      Peak
    |100>      2.000          -0.993454      0.659130      1.520715
    |210>      1.000          -0.616875      0.579845      1.601884
   ------------------------------------------------
   ================================================

 ======================================================================== 
 Begin KE convergence testing
 ======================================================================== 
 ----------------------------------------------------------------------
                     Kinetic energy convergence
      ==============================|100>==============================
      Ecut(Ry)  KE/electron(Ry)         KE error/electron (mRy,meV)
        10       0.620764723                71.998963     979.596285
        23       0.685837315                 6.926371      94.238123
        33       0.692061897                 0.701789       9.548330
        40       0.692693305                 0.070381       0.957579
      ==============================|210>==============================
      Ecut(Ry)  KE/electron(Ry)         KE error/electron (mRy,meV)
        12       1.261989233                72.845878     991.119163
        25       1.327502078                 7.333033      99.771047
        36       1.334116421                 0.718689       9.778268
        45       1.334771107                 0.064003       0.870808

 ======================================================================== 
 End KE convergence testing
 ======================================================================== 
<<<do_rpt>>>
<<<do_upf>>>
------------- closing opium session ------------
