##########################################################
#    Opium Report File                                   #
##########################################################
     Opium version:        3.8

### copy of the parameter file #######################

[Atom]
B  
3
100   2.00   -
200   2.00   -
210   0.00   -

[Pseudo]
2  1.54 1.82
opt

[Optinfo]
7.07  10
7.07  10
conmax

[Configs]
3
#
200  2.00  -
210  0.00  -
#
200  2.00  -
210  0.50  -
#
200  2.00  -
210  1.00  -
[XC]
hf

### AE report ########################################

 AE:Orbital    Filling       Eigenvalues[Ry]          Norm
    ----------------------------------------------------------
	100	 2.000	     -16.3718441449
	200	 2.000	      -1.7476465062	  0.5980525818
	210	 0.000	      -0.5518066153	  0.6106928765

      E_tot =      -48.4751504908 Ry

### PS report ########################################



 NOTICE!! :Ghost testing not done for HF psps yet, sorry :( 
    ====================Optimized pseudopotential method====================

                       Pseudopotential convergence error                      
    Orbital      [mRy/e]       [meV/e]         [mRy]        [meV]        Ghost
    --------------------------------------------------------------------------
	100       0.003237      0.044044      0.006474      0.088088	   ???
	210       0.018043      0.245482      0.000000      0.000000	   ???

                  Tot. error =               0.006474      0.088088


### NL/SL report #####################################



 NOTICE!! :Ghost testing not done for HF psps yet, sorry :( 

 SL:Orbital    Filling       Eigenvalues[Ry]          Norm       Ghost
    ------------------------------------------------------------------
	100 	 2.000	      -1.7476465045	  0.5980535863	   ???
	210 	 0.000	      -0.5518065130	  0.6106923126	   ???

      E_tot =       -4.4994658612 Ry

### KE report ########################################

	 ===   Ecut necessary for ~1    eV convergence error / electron === 
	 --------------------------------------------------------------- 
		 	 Ecut[Ry] 	 error [meV/e] 
	100  		   10 	          979.596 
	210  		   12 	          991.119 
	 ===   Ecut necessary for ~100 meV convergence error / electron === 
	 --------------------------------------------------------------- 
		 	 Ecut[Ry] 	 error [meV/e] 
	100  		   23 	           94.238 
	210  		   25 	           99.771 

	 ===   Ecut necessary for  ~10 meV convergence error / electron === 
	 --------------------------------------------------------------- 
		 	 Ecut[Ry] 	 error [meV/e] 
	100  		   33 	            9.548 
	210  		   36 	            9.778 

	 ===   Ecut necessary for   ~1 meV convergence error / electron === 
	 --------------------------------------------------------------- 
		 	 Ecut[Ry] 	 error [meV/e] 
	100  		   40 	            0.958 
	210  		   45 	            0.871 

### TC report ########################################

 AE:Orbital    Filling       Eigenvalues[Ry]          Norm
    ----------------------------------------------------------
	100	 2.000	     -16.3718441449
	200	 2.000	      -1.7476465062	  0.5980525818
	210	 0.000	      -0.5518066153	  0.6106928765

      E_tot =      -48.4751504908 Ry


 NOTICE!! :Ghost testing not done for HF psps yet, sorry :( 

 SL:Orbital    Filling       Eigenvalues[Ry]          Norm       Ghost
    ------------------------------------------------------------------
	100 	 2.000	      -1.7476465045	  0.5980535863	   ???
	210 	 0.000	      -0.5518065130	  0.6106923126	   ???

      E_tot =       -4.4994658612 Ry

 AE-SL:Orbital Filling       Eigenvalues[mRy]         Norm[1e-3] 
 AE-SL- --------------------------------------------------------------
 AE-SL- 100 	 2.000	      -0.0000016502	 -0.0010045009	
 AE-SL- 210 	 0.000	      -0.0001022743	  0.0005638558	
 AE-SL-  total error =	       0.0001039245	  0.0015683567

 =====================================================================
 AE:Orbital    Filling       Eigenvalues[Ry]          Norm
    ----------------------------------------------------------
	100	 2.000	     -15.8855640456
	200	 2.000	      -1.3677236872	  0.6270805518
	210	 0.500	      -0.5815962389	  0.5953696818

      E_tot =      -48.7582214005 Ry


 NOTICE!! :Ghost testing not done for HF psps yet, sorry :( 

 SL:Orbital    Filling       Eigenvalues[Ry]          Norm       Ghost
    ------------------------------------------------------------------
	100 	 2.000	      -1.3695366857	  0.6265529024	   ???
	210 	 0.500	      -0.5804751293	  0.5963975245	   ???

      E_tot =       -4.7822755433 Ry

 AE-SL:Orbital Filling       Eigenvalues[mRy]         Norm[1e-3] 
 AE-SL- --------------------------------------------------------------
 AE-SL- 100 	 2.000	       1.8129984555	  0.5276493552	
 AE-SL- 210 	 0.500	      -1.1211096711	 -1.0278427809	
 AE-SL-  total error =	       2.9341081266	  1.5554921361

 =====================================================================
 AE:Orbital    Filling       Eigenvalues[Ry]          Norm
    ----------------------------------------------------------
	100	 2.000	     -15.3906694647
	200	 2.000	      -0.9894115961	  0.6604581502
	210	 1.000	      -0.6197128026	  0.5775182275

      E_tot =      -49.0581213342 Ry


 NOTICE!! :Ghost testing not done for HF psps yet, sorry :( 

 SL:Orbital    Filling       Eigenvalues[Ry]          Norm       Ghost
    ------------------------------------------------------------------
	100 	 2.000	      -0.9934543796	  0.6591295280	   ???
	210 	 1.000	      -0.6168754647	  0.5798453630	   ???

      E_tot =       -5.0812179645 Ry

 AE-SL:Orbital Filling       Eigenvalues[mRy]         Norm[1e-3] 
 AE-SL- --------------------------------------------------------------
 AE-SL- 100 	 2.000	       4.0427834858	  1.3286222182	
 AE-SL- 210 	 1.000	      -2.8373379032	 -2.3271354820	
 AE-SL-  total error =	       6.8801213890	  3.6557577002

 =====================================================================

  Comparison of total energy differences.           
   DD_ij = (E_i - E_j)_AE - (E_i-E_j)_SL     

 AE-SL-   i   j         DD[mRy]        DD[meV] 
 AE-SL- ------------------------------------------
 AE-SL-   0   1         0.000000       0.000000
 AE-SL-   0   2         0.261228       3.554186
 AE-SL-   0   3         1.218740      16.581813
 AE-SL-   1   2         0.261228       3.554186
 AE-SL-   1   3         1.218740      16.581813
 AE-SL-   2   3         0.957512      13.027627
