
 ++++++++++++++++++++++++++++++++++++++++++++++++++++++++++++++++++++++++
           OPIUM  Version:        3.8                             
           =====================================            
 See http://opium.sourceforge.net for help and information                 
 Copyright 2009 : The OPIUM project                         

 Compile host     : vagvlan567.217.wlan.design.upenn.edu
 Compile OS       : Darwin 14.1.0 i386
 Compile date     : Wed Mar 18 18:57:27 EDT 2015

 Execution host   : vagvlan567.0951.wlan.wireless-pennnet.upenn.edu
 time of execution: Tue Oct 13 17:29:47 2015

 ++++++++++++++++++++++++++++++++++++++++++++++++++++++++++++++++++++++++
 Reading parameter file:  <na.param> ... 
 File prefix             : na 
 Element                 : Sodium     (Na) 
 Z                       : 11 
 
 Number of all-electron orbitals   : 4 
 Number of pseudo       orbitals   : 3 
 
 Pseudopotential is non-relativistic 
 Exchage-correlation functional is : Perdew, Burke, Ernzerhof GGA 
 GGA smoothed from 0 to 0.001000 bohr using switch to LDA 
 The s potential is used for the KB construction 
 Optimized (RRKJ) pseudopotential method will be used 

 nl    cutoff radii    q-max      # bessel functions
 2s       1.550        7.070              10 
 2p       1.850        7.070              10 
 3s       0.800        7.070              10 

 Reference Configuration: core  <-/-> valence 
 1s2  <-/-> 2s2  2p6  3s0 

 Grid definitions: 
 a_grid=1.00e-04    b_grid=1.30e-02    # points=1138 
 r(1)=4.50e-05      r(np)=1.18e+02    

 dEmax tolerance:  1.00e-08      dVmax tolerance:  1.00e-06     

 Box 1  0.0101667 --> 1.77245  height: 0.11 
 Starting calculation...

 ======================================================================== 
 Begin AE calculation
 ======================================================================== 
 Performing non-relativistic AE calculation...  
 ---------Eigenvalue guesses---------
 1s          -121.00000000
 2s            -7.56250000
 2p            -7.56250000
 3s            -1.49382716

 iter       Etot             Ebs             Ehxc       de_max   dv_max
   1     -399.4273546    -226.8364741    -172.5908805 0.29E+00 0.35E+01
   2     -345.2901572    -192.3477225    -152.9424348 0.42E+00 0.10E+01
   3     -323.0150603    -178.4389208    -144.5761395 0.33E+00 0.17E+00
   4     -323.2045811    -178.3203766    -144.8842046 0.42E-01 0.65E-01
   5     -324.3620498    -178.8766509    -145.4853989 0.17E-01 0.25E-01
   6     -324.4267410    -178.7028293    -145.7239117 0.50E-02 0.25E-01
   7     -323.9756839    -178.3118484    -145.6638355 0.12E-01 0.92E-02
   8     -323.9161913    -178.2903619    -145.6258294 0.25E-03 0.26E-02
   9     -323.9194780    -178.3052749    -145.6142031 0.53E-03 0.19E-02
  10     -323.9547090    -178.3330439    -145.6216651 0.89E-03 0.42E-03
  11     -323.9556324    -178.3313818    -145.6242506 0.61E-04 0.22E-03
  12     -323.9520373    -178.3283705    -145.6236668 0.10E-03 0.93E-04
  13     -323.9514670    -178.3281764    -145.6232906 0.37E-05 0.34E-04
  14     -323.9514454    -178.3282805    -145.6231649 0.66E-05 0.24E-04
  15     -323.9515757    -178.3284093    -145.6231665 0.54E-05 0.15E-04
  16     -323.9516794    -178.3284795    -145.6232000 0.33E-05 0.82E-05
  17     -323.9517263    -178.3285019    -145.6232244 0.17E-05 0.43E-05
  18     -323.9517330    -178.3284994    -145.6232336 0.78E-06 0.23E-05
  19     -323.9517266    -178.3284931    -145.6232336 0.37E-06 0.13E-05
  20     -323.9517205    -178.3284897    -145.6232308 0.21E-06 0.79E-06
  21     -323.9517177    -178.3284891    -145.6232286 0.12E-06 0.47E-06
  22     -323.9517175    -178.3284900    -145.6232275 0.97E-07 0.27E-06
  23     -323.9517183    -178.3284910    -145.6232273 0.52E-07 0.15E-06
  24     -323.9517190    -178.3284916    -145.6232274 0.29E-07 0.79E-07
  25     -323.9517194    -178.3284918    -145.6232276 0.15E-07 0.40E-07
  26     -323.9517196    -178.3284919    -145.6232277 0.68E-08 0.21E-07

   26 iterations: (units are Ry and bohr)
 Energy:    -323.95171956  Ebs:    -178.32849188  Ehxc:    -145.62322768
 Eh    :     153.80535034  Exc:     -28.31544943

   Orbital    Filling       Eigenvalues    Norm(rc->oo)      Peak
    |100>      2.000         -76.420946
    |200>      2.000          -4.722897      0.037634      0.610401
    |210>      6.000          -2.673468      0.029525      0.543004
    |300>      0.000          -0.533359      0.973780      2.721984

 ======================================================================== 
 End AE calculation
 ======================================================================== 

 ======================================================================== 
 Begin PS construction
 ======================================================================== 
 Optimized Pseudopotential Generation ...

 ==================
 zeff=   9.0000000000000000     
 Pseudizing state : |200>
 eigenvalue       : -4.722897
 qc               :  7.070000
 # bessel fxns    : 10
 point nearest rc :  805
 rc               :  1.550000
 actual rc        :  1.556378

 Psi(rc)          :     0.2284059513
 Slope at rc      :    -0.5421824465
 Curvature at rc  :     1.2922608520
 Del^2 Psi at rc  :     0.5955374169
 Log Deriv at rc  :    -2.3737667222

 Error in constraints
   1        -0.20644E-11
   2         0.20644E-11
   3        -0.63471E-12
   4         0.63471E-12
   5         0.20535E-06
   6        -0.20535E-06
   7         0.20993E-05
   8         0.20993E-05
   9         0.00000E+00
  10         0.20535E-06
 Bessel wavevectors and final coefficients
   1        1.5494622805        1.4773466381
   2        3.3354118924        1.2085697662
   3        5.2509490496        0.2310259054
   4        7.2161382954        0.0041016030
   5        9.2028520331       -0.0000791223
   6       11.2004396502        0.0000365662
   7       13.2041988873       -0.0000103761
   8       15.2117737707       -0.0000016175
   9       17.2218641662        0.0000548692
  10       19.2336972326       -0.0000687508

 Total KE           (Ry) :     3.2130604467
 0  -> qc contribution   :     3.2130583474
 qc -> oo contribution   :     0.0000020993   (=Convergence term)
 Occupancy of this state :     2.0000000000
 Convergence term (Ry/e) :     0.0000020993
 Convergence error (mRy) :     0.0041985712
 Convergence error (meV) :     0.0571249198


 ==================
 zeff=   9.0000000000000000     
 Pseudizing state : |210>
 eigenvalue       : -2.673468
 qc               :  7.070000
 # bessel fxns    : 10
 point nearest rc :  818
 rc               :  1.850000
 actual rc        :  1.842938

 Psi(rc)          :     0.1543935502
 Slope at rc      :    -0.2885875333
 Curvature at rc  :     0.5611023485
 Del^2 Psi at rc  :     0.1570049480
 Log Deriv at rc  :    -1.8691683234

 Error in constraints
   1        -0.26114E-11
   2         0.26114E-11
   3        -0.39486E-10
   4         0.39486E-10
   5         0.36805E-07
   6        -0.36805E-07
   7         0.55634E-04
   8         0.55634E-04
   9         0.00000E+00
  10         0.36805E-07
 Bessel wavevectors and final coefficients
   1        1.8967674605        1.5240804947
   2        3.5242814622        2.0082652738
   3        5.1940357876        0.8286408841
   4        6.8796821823        0.0484025190
   5        8.5725258012        0.0016686263
   6       10.2691678879       -0.0016595203
   7       11.9680431491        0.0018778360
   8       13.6683378401       -0.0015273120
   9       15.3695890951        0.0012583948
  10       17.0715148823       -0.0011389587

 Total KE           (Ry) :     6.7289675198
 0  -> qc contribution   :     6.7289118856
 qc -> oo contribution   :     0.0000556342   (=Convergence term)
 Occupancy of this state :     6.0000000000
 Convergence term (Ry/e) :     0.0000556342
 Convergence error (mRy) :     0.3338050861
 Convergence error (meV) :     4.5416852400

 ------------------------------
 Descreening potential
 valence charge          :   8.000000
 core    charge          :   0.000000

 ----Solving the Schrodinger equation for all states----
 State: 2s  AE eigenvalue =  -4.722897  PS eigenvalue =  -4.722897
 State: 2p  AE eigenvalue =  -2.673468  PS eigenvalue =  -2.673468

 ---Semilocal ghost testing---
 Local state: 2s

 Test  state: 2p
 KB energy :  -4.945939  KB strength:   3.734541  KB cosine:  -0.755072
 el0       :  -0.946298  el1        :  -0.195566  eig      :  -2.673468
 No ghosts!  Ekb<0  and eig < el0

 No ghosts for local potential: 2s
 ------------------------------

 Local state: 2p

 Test  state: 2s
 KB energy :   5.111278  KB strength:   4.306594  KB cosine:   0.842567
 el0       :  -8.860976  el1        :  -0.533517  eig      :  -4.722897
 No ghosts!  Ekb>0  and el0 < eig < el1

 No ghosts for local potential: 2p
 ------------------------------


 ======================================================================== 
 End PS construction
 ======================================================================== 

 ======================================================================== 
 Begin NL calculation
 ======================================================================== 
 ---------Eigenvalue guesses---------
 1s            -4.72289660
 2p            -2.67346770
 2s            -0.53335949
 Performing non-local pseudopotential calculation
 Using the s potential as the local potential

 --Augmentation operator info--
 Number of functions:   1
 # 1 range(a.u.):   0.010035 ----->  1.749555   size(Ry):  0.110000
 NOTE: One or more functions extend beyond the minimum cutoff radius
 ------------------------------

 iter       Etot             Ebs             Ehxc       de_max   dv_max
   1      -86.8189469     -25.4865994     -61.3323475 0.31E-02 0.45E-07
   2      -86.8189470     -25.4865995     -61.3323475 0.43E-08 0.35E-07

    2 iterations: (units are Ry and bohr)
 Energy:     -86.81894700  Ebs:     -25.48659948  Ehxc:     -61.33234751
 Eh    :      65.09271457  Exc:     -12.59510954

   Orbital    Filling       Eigenvalues    Norm(rc->oo)      Peak
    |100>      2.000          -4.722897      0.037634      0.626480
    |210>      6.000          -2.673468      0.029525      0.802006
    |200>      0.000          -0.534988      0.970732      2.686828

 ---Non-local ghost testing---
 Local state: 1s

 Test  state: 1s
 KB energy :  -0.110000  KB strength:   0.109086  KB cosine:  -0.991688
 el0       :  -4.614745  el1        :  -0.534441  eig      :  -4.722897
 No ghosts!  Ekb<0  and eig < el0

 Test  state: 2p
 KB energy :  -4.982991  KB strength:   3.818267  KB cosine:  -0.766260
 el0       :  -0.879314  el1        :  -0.191385  eig      :  -2.673468
 No ghosts!  Ekb<0  and eig < el0

 Test  state: 2s
 KB energy :  -0.110000  KB strength:   0.109086  KB cosine:  -0.991688
 el0       :  -0.534441  el1        :  -0.165139  eig      :  -0.534988
 No ghosts!  Ekb<0  and eig < el0
 ------------------------------

 No ghosts present for designed local pot


 ======================================================================== 
 End NL calculation
 ======================================================================== 
<<<do_tc>>>


 ===============Configuration 1 AE Calc=============== 
 ---------Eigenvalue guesses---------
 1s          -121.00000000
 2s            -7.56250000
 2p            -7.56250000
 3s            -1.49382716

 iter       Etot             Ebs             Ehxc       de_max   dv_max
   1     -363.2805279    -195.4308870    -167.8496409 0.69E+00 0.20E+01
   2     -332.2672580    -177.7883639    -154.4788940 0.36E+00 0.10E+01
   3     -323.6438981    -172.8115693    -150.8323288 0.29E+00 0.10E+00
   4     -323.9237262    -172.8896532    -151.0340730 0.52E-01 0.41E-01
   5     -324.5606590    -173.1783896    -151.3822693 0.14E-01 0.13E-01
   6     -324.6012602    -173.0813227    -151.5199376 0.31E-02 0.14E-01
   7     -324.4476840    -172.9142216    -151.5334624 0.51E-02 0.75E-02
   8     -324.2723670    -172.8078408    -151.4645262 0.45E-02 0.38E-02
   9     -324.2663022    -172.8282516    -151.4380506 0.83E-03 0.34E-02
  10     -324.3364241    -172.8834325    -151.4529916 0.21E-02 0.83E-03
  11     -324.3372915    -172.8794379    -151.4578536 0.19E-03 0.43E-03
  12     -324.3289427    -172.8725400    -151.4564026 0.28E-03 0.11E-03
  13     -324.3287142    -172.8728764    -151.4558378 0.13E-04 0.71E-04
  14     -324.3290111    -172.8732660    -151.4557451 0.15E-04 0.47E-04
  15     -324.3293477    -172.8735247    -151.4558231 0.10E-04 0.31E-04
  16     -324.3295325    -172.8736253    -151.4559072 0.41E-05 0.20E-04
  17     -324.3295843    -172.8736348    -151.4559495 0.12E-05 0.13E-04
  18     -324.3295733    -172.8736155    -151.4559577 0.54E-06 0.88E-05
  19     -324.3295523    -172.8736007    -151.4559516 0.47E-06 0.61E-05
  20     -324.3295397    -172.8735956    -151.4559441 0.34E-06 0.42E-05
  21     -324.3295364    -172.8735968    -151.4559396 0.34E-06 0.28E-05
  22     -324.3295378    -172.8735998    -151.4559380 0.27E-06 0.19E-05
  23     -324.3295401    -172.8736022    -151.4559379 0.20E-06 0.13E-05
  24     -324.3295416    -172.8736034    -151.4559382 0.12E-06 0.84E-06
  25     -324.3295422    -172.8736038    -151.4559384 0.83E-07 0.56E-06
  26     -324.3295424    -172.8736040    -151.4559384 0.43E-07 0.37E-06
  27     -324.3295424    -172.8736040    -151.4559384 0.28E-07 0.25E-06
  28     -324.3295424    -172.8736041    -151.4559383 0.19E-07 0.16E-06
  29     -324.3295424    -172.8736041    -151.4559382 0.13E-07 0.11E-06
  30     -324.3295424    -172.8736042    -151.4559382 0.86E-08 0.73E-07

   30 iterations: (units are Ry and bohr)
 Energy:    -324.32954241  Ebs:    -172.87360420  Ehxc:    -151.45593821
 Eh    :     159.70405645  Exc:     -28.56150589

   Orbital    Filling       Eigenvalues    Norm(rc->oo)      Peak
    |100>      2.000         -75.850893
    |200>      2.000          -4.156956      0.038160      0.610401
    |210>      6.000          -2.109412      0.030952      0.543004
    |300>      1.000          -0.201431      0.985970      3.308058


 ===============Configuration 1 NL: Calc ===============
 ---------Eigenvalue guesses---------
 1s            -4.72289660
 2p            -2.67346770
 2s            -0.53335949
 Performing non-local pseudopotential calculation
 Using the s potential as the local potential

 --Augmentation operator info--
 Number of functions:   1
 # 1 range(a.u.):   0.010035 ----->  1.749555   size(Ry):  0.110000
 NOTE: One or more functions extend beyond the minimum cutoff radius
 ------------------------------

 iter       Etot             Ebs             Ehxc       de_max   dv_max
   1      -93.4040578     -26.0215869     -67.3824709 0.31E-02 0.20E+01
   2      -89.8824132     -23.2201303     -66.6622829 0.34E+00 0.40E+01
   3      -87.3177036     -21.1980024     -66.1197012 0.41E+00 0.40E+01
   4      -87.1557031     -21.0688627     -66.0868403 0.40E-01 0.40E+01
   5      -87.1768496     -21.1056338     -66.0712158 0.97E-02 0.20E+01
   6      -87.1893293     -21.1238591     -66.0654702 0.41E-02 0.35E-02
   7      -87.1939407     -21.1308899     -66.0630508 0.18E-02 0.21E-02
   8      -87.1955368     -21.1337384     -66.0617984 0.68E-03 0.11E-02
   9      -87.1957332     -21.1345861     -66.0611471 0.20E-03 0.11E-02
  10      -87.1960276     -21.1352403     -66.0607873 0.15E-03 0.90E-03
  11      -87.1963423     -21.1357783     -66.0605640 0.24E-03 0.58E-03
  12      -87.1966089     -21.1361543     -66.0604546 0.95E-04 0.29E-03
  13      -87.1968050     -21.1363961     -66.0604089 0.31E-04 0.16E-03
  14      -87.1969314     -21.1365427     -66.0603887 0.19E-04 0.11E-03
  15      -87.1970053     -21.1366277     -66.0603776 0.13E-04 0.77E-04
  16      -87.1970463     -21.1366763     -66.0603701 0.83E-05 0.53E-04
  17      -87.1970689     -21.1367046     -66.0603643 0.53E-05 0.36E-04
  18      -87.1970818     -21.1367218     -66.0603600 0.35E-05 0.25E-04
  19      -87.1970895     -21.1367326     -66.0603569 0.23E-05 0.17E-04
  20      -87.1970943     -21.1367396     -66.0603547 0.15E-05 0.11E-04
  21      -87.1970976     -21.1367442     -66.0603534 0.10E-05 0.75E-05
  22      -87.1970997     -21.1367473     -66.0603524 0.68E-06 0.50E-05
  23      -87.1971012     -21.1367492     -66.0603519 0.45E-06 0.34E-05
  24      -87.1971021     -21.1367506     -66.0603515 0.30E-06 0.22E-05
  25      -87.1971027     -21.1367514     -66.0603513 0.20E-06 0.15E-05
  26      -87.1971031     -21.1367519     -66.0603512 0.13E-06 0.10E-05
  27      -87.1971034     -21.1367522     -66.0603511 0.94E-07 0.67E-06
  28      -87.1971035     -21.1367524     -66.0603511 0.54E-07 0.45E-06
  29      -87.1971036     -21.1367525     -66.0603511 0.35E-07 0.30E-06
  30      -87.1971036     -21.1367526     -66.0603511 0.23E-07 0.20E-06
  31      -87.1971037     -21.1367526     -66.0603511 0.16E-07 0.13E-06
  32      -87.1971037     -21.1367526     -66.0603510 0.10E-07 0.88E-07
  33      -87.1971037     -21.1367527     -66.0603510 0.70E-08 0.59E-07

   33 iterations: (units are Ry and bohr)
 Energy:     -87.19710369  Ebs:     -21.13675266  Ehxc:     -66.06035103
 Eh    :      69.88641999  Exc:     -12.84058477

   Orbital    Filling       Eigenvalues    Norm(rc->oo)      Peak
    |100>      2.000          -4.151285      0.038237      0.626480
    |210>      6.000          -2.105479      0.031006      0.802006
    |200>      1.000          -0.201309      0.984558      3.308058

 ---Non-local ghost testing---
 Local state: 1s

 Test  state: 1s
 KB energy :  -0.110000  KB strength:   0.109086  KB cosine:  -0.991688
 el0       :  -4.043179  el1        :  -0.200964  eig      :  -4.151285
 No ghosts!  Ekb<0  and eig < el0

 Test  state: 2p
 KB energy :  -4.982991  KB strength:   3.818267  KB cosine:  -0.766260
 el0       :  -0.372095  el1        :  -0.012603  eig      :  -2.105479
 No ghosts!  Ekb<0  and eig < el0

 Test  state: 2s
 KB energy :  -0.110000  KB strength:   0.109086  KB cosine:  -0.991688
 el0       :  -0.200964  el1        :  -0.005326  eig      :  -0.201309
 No ghosts!  Ekb<0  and eig < el0
 ------------------------------

 No ghosts present for designed local pot



 ===============Configuration 2 AE Calc=============== 
 ---------Eigenvalue guesses---------
 1s          -121.00000000
 2s            -7.56250000
 2p            -7.56250000
 3s            -1.49382716

 iter       Etot             Ebs             Ehxc       de_max   dv_max
   1     -382.5960770    -211.2617583    -171.3343187 0.42E+00 0.28E+01
   2     -338.6875620    -184.6855929    -154.0019691 0.41E+00 0.10E+01
   3     -323.3529131    -175.4602184    -147.8926947 0.30E+00 0.14E+00
   4     -323.5687557    -175.4330259    -148.1357298 0.44E-01 0.56E-01
   5     -324.5145626    -175.8848820    -148.6296807 0.17E-01 0.20E-01
   6     -324.5704055    -175.7464575    -148.8239481 0.43E-02 0.20E-01
   7     -324.2559648    -175.4604540    -148.7955108 0.92E-02 0.83E-02
   8     -324.1463634    -175.4021115    -148.7442519 0.16E-02 0.29E-02
   9     -324.1410623    -175.4169698    -148.7240926 0.58E-03 0.26E-02
  10     -324.1786628    -175.4499314    -148.7287314 0.12E-02 0.62E-03
  11     -324.1890765    -175.4555296    -148.7335469 0.12E-03 0.29E-03
  12     -324.1894383    -175.4542082    -148.7352301 0.55E-04 0.24E-03
  13     -324.1877151    -175.4525336    -148.7351815 0.60E-04 0.11E-03
  14     -324.1856733    -175.4513065    -148.7343668 0.48E-04 0.61E-04
  15     -324.1854300    -175.4513817    -148.7340483 0.48E-05 0.39E-04
  16     -324.1855836    -175.4515807    -148.7340029 0.76E-05 0.25E-04
  17     -324.1857692    -175.4517167    -148.7340525 0.50E-05 0.16E-04
  18     -324.1858685    -175.4517661    -148.7341024 0.19E-05 0.10E-04
  19     -324.1858934    -175.4517664    -148.7341270 0.76E-06 0.65E-05
  20     -324.1858845    -175.4517527    -148.7341318 0.36E-06 0.41E-05
  21     -324.1858714    -175.4517429    -148.7341285 0.29E-06 0.26E-05
  22     -324.1858636    -175.4517391    -148.7341245 0.12E-06 0.17E-05
  23     -324.1858615    -175.4517393    -148.7341222 0.81E-07 0.10E-05
  24     -324.1858621    -175.4517406    -148.7341215 0.60E-07 0.66E-06
  25     -324.1858632    -175.4517417    -148.7341216 0.47E-07 0.41E-06
  26     -324.1858640    -175.4517421    -148.7341218 0.19E-07 0.26E-06
  27     -324.1858643    -175.4517423    -148.7341220 0.91E-08 0.16E-06

   27 iterations: (units are Ry and bohr)
 Energy:    -324.18586425  Ebs:    -175.45174226  Ehxc:    -148.73412199
 Eh    :     156.94721296  Exc:     -28.43930737

   Orbital    Filling       Eigenvalues    Norm(rc->oo)      Peak
    |100>      2.000         -76.111861
    |200>      2.000          -4.416029      0.038006      0.610401
    |210>      6.000          -2.367978      0.030543      0.543004
    |300>      0.500          -0.376181      0.981478      3.020315


 ===============Configuration 2 NL: Calc ===============
 ---------Eigenvalue guesses---------
 1s            -4.72289660
 2p            -2.67346770
 2s            -0.53335949
 Performing non-local pseudopotential calculation
 Using the s potential as the local potential

 --Augmentation operator info--
 Number of functions:   1
 # 1 range(a.u.):   0.010035 ----->  1.749555   size(Ry):  0.110000
 NOTE: One or more functions extend beyond the minimum cutoff radius
 ------------------------------

 iter       Etot             Ebs             Ehxc       de_max   dv_max
   1      -90.0482708     -25.7540931     -64.2941777 0.31E-02 0.10E+01
   2      -88.4512325     -24.4048437     -64.0463887 0.16E+00 0.50E+00
   3      -87.1844116     -23.3036465     -63.8807651 0.16E+00 0.40E+01
   4      -87.0518848     -23.1869091     -63.8649757 0.14E-01 0.20E+01
   5      -87.0379761     -23.1825927     -63.8553834 0.11E-02 0.26E-02
   6      -87.0410204     -23.1895970     -63.8514234 0.93E-03 0.15E-02
   7      -87.0523530     -23.2007431     -63.8516100 0.57E-03 0.73E-03
   8      -87.0534007     -23.2017273     -63.8516733 0.20E-03 0.39E-03
   9      -87.0534256     -23.2017901     -63.8516355 0.52E-04 0.40E-03
  10      -87.0533489     -23.2017956     -63.8515533 0.40E-04 0.31E-03
  11      -87.0533064     -23.2018328     -63.8514737 0.32E-04 0.22E-03
  12      -87.0533071     -23.2018906     -63.8514166 0.23E-04 0.15E-03
  13      -87.0533320     -23.2019491     -63.8513829 0.16E-04 0.95E-04
  14      -87.0533625     -23.2019965     -63.8513660 0.10E-04 0.60E-04
  15      -87.0533884     -23.2020296     -63.8513588 0.62E-05 0.38E-04
  16      -87.0534067     -23.2020504     -63.8513563 0.37E-05 0.23E-04
  17      -87.0534179     -23.2020623     -63.8513557 0.21E-05 0.15E-04
  18      -87.0534242     -23.2020687     -63.8513555 0.12E-05 0.90E-05
  19      -87.0534275     -23.2020719     -63.8513557 0.70E-06 0.56E-05
  20      -87.0534292     -23.2020735     -63.8513557 0.40E-06 0.35E-05
  21      -87.0534298     -23.2020743     -63.8513555 0.23E-06 0.22E-05
  22      -87.0534301     -23.2020748     -63.8513553 0.14E-06 0.14E-05
  23      -87.0534304     -23.2020751     -63.8513553 0.74E-07 0.86E-06
  24      -87.0534306     -23.2020753     -63.8513553 0.44E-07 0.54E-06
  25      -87.0534306     -23.2020754     -63.8513553 0.38E-07 0.34E-06
  26      -87.0534307     -23.2020754     -63.8513553 0.15E-07 0.21E-06
  27      -87.0534307     -23.2020754     -63.8513553 0.93E-08 0.13E-06

   27 iterations: (units are Ry and bohr)
 Energy:     -87.05343071  Ebs:     -23.20207542  Ehxc:     -63.85135529
 Eh    :      67.64258607  Exc:     -12.71885227

   Orbital    Filling       Eigenvalues    Norm(rc->oo)      Peak
    |100>      2.000          -4.411995      0.038059      0.626480
    |210>      6.000          -2.364983      0.030584      0.802006
    |200>      0.500          -0.376374      0.979503      3.020315

 ---Non-local ghost testing---
 Local state: 1s

 Test  state: 1s
 KB energy :  -0.110000  KB strength:   0.109086  KB cosine:  -0.991688
 el0       :  -4.303876  el1        :  -0.375944  eig      :  -4.411995
 No ghosts!  Ekb<0  and eig < el0

 Test  state: 2p
 KB energy :  -4.982991  KB strength:   3.818267  KB cosine:  -0.766260
 el0       :  -0.610215  el1        :  -0.117361  eig      :  -2.364983
 No ghosts!  Ekb<0  and eig < el0

 Test  state: 2s
 KB energy :  -0.110000  KB strength:   0.109086  KB cosine:  -0.991688
 el0       :  -0.375944  el1        :  -0.088814  eig      :  -0.376374
 No ghosts!  Ekb<0  and eig < el0
 ------------------------------

 No ghosts present for designed local pot



 ===============Configuration 3 AE Calc=============== 
 ---------Eigenvalue guesses---------
 1s          -121.00000000
 2s            -7.56250000
 2p            -7.56250000
 3s            -1.49382716

 iter       Etot             Ebs             Ehxc       de_max   dv_max
   1     -399.4273546    -226.8364741    -172.5908805 0.29E+00 0.35E+01
   2     -345.2901572    -192.3477225    -152.9424348 0.42E+00 0.10E+01
   3     -323.0150603    -178.4389208    -144.5761395 0.33E+00 0.17E+00
   4     -323.2045811    -178.3203766    -144.8842046 0.42E-01 0.65E-01
   5     -324.3620498    -178.8766509    -145.4853989 0.17E-01 0.25E-01
   6     -324.4267410    -178.7028293    -145.7239117 0.50E-02 0.25E-01
   7     -323.9756839    -178.3118484    -145.6638355 0.12E-01 0.92E-02
   8     -323.9161913    -178.2903619    -145.6258294 0.25E-03 0.26E-02
   9     -323.9194780    -178.3052749    -145.6142031 0.53E-03 0.19E-02
  10     -323.9547090    -178.3330439    -145.6216651 0.89E-03 0.42E-03
  11     -323.9556324    -178.3313818    -145.6242506 0.61E-04 0.22E-03
  12     -323.9520373    -178.3283705    -145.6236668 0.10E-03 0.93E-04
  13     -323.9514670    -178.3281764    -145.6232906 0.37E-05 0.34E-04
  14     -323.9514454    -178.3282805    -145.6231649 0.66E-05 0.24E-04
  15     -323.9515757    -178.3284093    -145.6231665 0.54E-05 0.15E-04
  16     -323.9516794    -178.3284795    -145.6232000 0.33E-05 0.82E-05
  17     -323.9517263    -178.3285019    -145.6232244 0.17E-05 0.43E-05
  18     -323.9517330    -178.3284994    -145.6232336 0.78E-06 0.23E-05
  19     -323.9517266    -178.3284931    -145.6232336 0.37E-06 0.13E-05
  20     -323.9517205    -178.3284897    -145.6232308 0.21E-06 0.79E-06
  21     -323.9517177    -178.3284891    -145.6232286 0.12E-06 0.47E-06
  22     -323.9517175    -178.3284900    -145.6232275 0.97E-07 0.27E-06
  23     -323.9517183    -178.3284910    -145.6232273 0.52E-07 0.15E-06
  24     -323.9517190    -178.3284916    -145.6232274 0.29E-07 0.79E-07
  25     -323.9517194    -178.3284918    -145.6232276 0.15E-07 0.40E-07
  26     -323.9517196    -178.3284919    -145.6232277 0.68E-08 0.21E-07

   26 iterations: (units are Ry and bohr)
 Energy:    -323.95171956  Ebs:    -178.32849188  Ehxc:    -145.62322768
 Eh    :     153.80535034  Exc:     -28.31544943

   Orbital    Filling       Eigenvalues    Norm(rc->oo)      Peak
    |100>      2.000         -76.420946
    |200>      2.000          -4.722897      0.037634      0.610401
    |210>      6.000          -2.673468      0.029525      0.543004
    |300>      0.000          -0.533359      0.973780      2.721984


 ===============Configuration 3 NL: Calc ===============
 ---------Eigenvalue guesses---------
 1s            -4.72289660
 2p            -2.67346770
 2s            -0.53335949
 Performing non-local pseudopotential calculation
 Using the s potential as the local potential

 --Augmentation operator info--
 Number of functions:   1
 # 1 range(a.u.):   0.010035 ----->  1.749555   size(Ry):  0.110000
 NOTE: One or more functions extend beyond the minimum cutoff radius
 ------------------------------

 iter       Etot             Ebs             Ehxc       de_max   dv_max
   1      -86.8189469     -25.4865994     -61.3323475 0.31E-02 0.45E-07
   2      -86.8189470     -25.4865995     -61.3323475 0.43E-08 0.35E-07

    2 iterations: (units are Ry and bohr)
 Energy:     -86.81894700  Ebs:     -25.48659948  Ehxc:     -61.33234751
 Eh    :      65.09271457  Exc:     -12.59510954

   Orbital    Filling       Eigenvalues    Norm(rc->oo)      Peak
    |100>      2.000          -4.722897      0.037634      0.626480
    |210>      6.000          -2.673468      0.029525      0.802006
    |200>      0.000          -0.534988      0.970732      2.686828

 ---Non-local ghost testing---
 Local state: 1s

 Test  state: 1s
 KB energy :  -0.110000  KB strength:   0.109086  KB cosine:  -0.991688
 el0       :  -4.614745  el1        :  -0.534441  eig      :  -4.722897
 No ghosts!  Ekb<0  and eig < el0

 Test  state: 2p
 KB energy :  -4.982991  KB strength:   3.818267  KB cosine:  -0.766260
 el0       :  -0.879314  el1        :  -0.191385  eig      :  -2.673468
 No ghosts!  Ekb<0  and eig < el0

 Test  state: 2s
 KB energy :  -0.110000  KB strength:   0.109086  KB cosine:  -0.991688
 el0       :  -0.534441  el1        :  -0.165139  eig      :  -0.534988
 No ghosts!  Ekb<0  and eig < el0
 ------------------------------

 No ghosts present for designed local pot

   ------------------------------------------------
   ================================================

 ======================================================================== 
 Begin KE convergence testing
 ======================================================================== 
 ----------------------------------------------------------------------
                     Kinetic energy convergence
      ==============================|100>==============================
      Ecut(Ry)  KE/electron(Ry)         KE error/electron (mRy,meV)
        19       3.139811824                73.247952     996.589662
        28       3.206059432                 7.000345      95.244590
        36       3.212330596                 0.729181       9.921014
        42       3.212989656                 0.070120       0.954034
      ==============================|210>==============================
      Ecut(Ry)  KE/electron(Ry)         KE error/electron (mRy,meV)
        30       6.661842323                67.124821     913.280179
        38       6.722419276                 6.547868      89.088329
        45       6.728382218                 0.584926       7.958328
        49       6.728893746                 0.073398       0.998625
      ==============================|200>==============================
      Ecut(Ry)  KE/electron(Ry)         KE error/electron (mRy,meV)
        19       3.139811824                73.247952     996.589662
        28       3.206059432                 7.000345      95.244590
        36       3.212330596                 0.729181       9.921014
        42       3.212989656                 0.070120       0.954034

 ======================================================================== 
 End KE convergence testing
 ======================================================================== 
<<<do_upf>>>
<<<do_rpt>>>
<<<do_upf>>>
------------- closing opium session ------------
