##########################################################
#    Opium Report File                                   #
##########################################################
     Opium version:        3.8

### copy of the parameter file #######################

[Atom]
Na
4
100   2.00   -
200   2.00   -
210   6.00   -
300   0.00   -

[Pseudo]
3 1.55 1.85 0.80
opt             # no one uses kerker, use opt for real potentials

[Optinfo]
7.07     10
7.07     10
7.07     10
conmax             # when "NEW" minimization breaks, use conmax

[Configs]
3
#
200   2.00   -
210   6.00   -
300   1.00   -

#
200   2.00   -
210   6.00   -
300   0.50   -

#
200   2.00   -
210   6.00   -
300   0.00   -

[XC]
gga


     
[KBdesign]
s                   # local orbital 
1                   # number of aug. operators
au 0.01 1.75  0.11  # unit(gp or au)  left  right  height(Ry)

### AE report ########################################

 AE:Orbital    Filling       Eigenvalues[Ry]          Norm
    ----------------------------------------------------------
	100	 2.000	     -76.4209462473
	200	 2.000	      -4.7228965984	  0.0376341785
	210	 6.000	      -2.6734676982	  0.0295246117
	300	 0.000	      -0.5333594879	  0.9737796417

      E_tot =     -323.9517195590 Ry

### PS report ########################################

    ====================Optimized pseudopotential method====================

                       Pseudopotential convergence error                      
    Orbital      [mRy/e]       [meV/e]         [mRy]        [meV]        Ghost
    --------------------------------------------------------------------------
	200       0.002099      0.028562      0.004199      0.057124	    no
	210       0.055634      0.756942      0.333805      4.541652	    no

                  Tot. error =               0.338004      4.598776


### NL/SL report #####################################


 NL:Orbital    Filling       Eigenvalues[Ry]          Norm       Ghost
    ------------------------------------------------------------------
	100 	 2.000	      -4.7228966126	  0.0376341759	    no
	210 	 6.000	      -2.6734677097	  0.0295246117	    no
	200 	 0.000	      -0.5349875145	  0.9707324131	    no

	 ========== No ghosts in potential!!========== 

      E_tot =      -86.8189469972 Ry

### KE report ########################################

	 ===   Ecut necessary for ~1    eV convergence error / electron === 
	 --------------------------------------------------------------- 
		 	 Ecut[Ry] 	 error [meV/e] 
	100  		   19 	          996.590 
	210  		   30 	          913.280 
	200  		   19 	          996.590 
	 ===   Ecut necessary for ~100 meV convergence error / electron === 
	 --------------------------------------------------------------- 
		 	 Ecut[Ry] 	 error [meV/e] 
	100  		   28 	           95.245 
	210  		   38 	           89.088 
	200  		   28 	           95.245 

	 ===   Ecut necessary for  ~10 meV convergence error / electron === 
	 --------------------------------------------------------------- 
		 	 Ecut[Ry] 	 error [meV/e] 
	100  		   36 	            9.921 
	210  		   45 	            7.958 
	200  		   36 	            9.921 

	 ===   Ecut necessary for   ~1 meV convergence error / electron === 
	 --------------------------------------------------------------- 
		 	 Ecut[Ry] 	 error [meV/e] 
	100  		   42 	            0.954 
	210  		   49 	            0.999 
	200  		   42 	            0.954 

### TC report ########################################

 AE:Orbital    Filling       Eigenvalues[Ry]          Norm
    ----------------------------------------------------------
	100	 2.000	     -75.8508929250
	200	 2.000	      -4.1569564999	  0.0381602907
	210	 6.000	      -2.1094123858	  0.0309519914
	300	 1.000	      -0.2014310319	  0.9859702078

      E_tot =     -324.3295424099 Ry

 NL:Orbital    Filling       Eigenvalues[Ry]          Norm       Ghost
    ------------------------------------------------------------------
	100 	 2.000	      -4.1512851361	  0.0382368190	    no
	210 	 6.000	      -2.1054788691	  0.0310056737	    no
	200 	 1.000	      -0.2013091727	  0.9845583092	    no

      E_tot =      -87.1971036851 Ry

 AE-NL:Orbital Filling       Eigenvalues[mRy]         Norm[1e-3] 
 AE-NL- --------------------------------------------------------------
 AE-NL- 100 	 2.000	      -5.6713637898	 -0.0765282555	
 AE-NL- 210 	 6.000	      -3.9335167261	 -0.0536823522	
 AE-NL- 200 	 1.000	      -0.1218591900	  1.4118986377	
 AE-NL-  total error =	       9.7267397058	  1.5421092453

 =====================================================================
 AE:Orbital    Filling       Eigenvalues[Ry]          Norm
    ----------------------------------------------------------
	100	 2.000	     -76.1118613236
	200	 2.000	      -4.4160294283	  0.0380063683
	210	 6.000	      -2.3679783343	  0.0305431076
	300	 0.500	      -0.3761814939	  0.9814784252

      E_tot =     -324.1858642503 Ry

 NL:Orbital    Filling       Eigenvalues[Ry]          Norm       Ghost
    ------------------------------------------------------------------
	100 	 2.000	      -4.4119952452	  0.0380586897	    no
	210 	 6.000	      -2.3649829589	  0.0305843582	    no
	200 	 0.500	      -0.3763743486	  0.9795027109	    no

      E_tot =      -87.0534307097 Ry

 AE-NL:Orbital Filling       Eigenvalues[mRy]         Norm[1e-3] 
 AE-NL- --------------------------------------------------------------
 AE-NL- 100 	 2.000	      -4.0341831447	 -0.0523213919	
 AE-NL- 210 	 6.000	      -2.9953753754	 -0.0412505856	
 AE-NL- 200 	 0.500	       0.1928547142	  1.9757142552	
 AE-NL-  total error =	       7.2224132342	  2.0692862327

 =====================================================================
 AE:Orbital    Filling       Eigenvalues[Ry]          Norm
    ----------------------------------------------------------
	100	 2.000	     -76.4209462473
	200	 2.000	      -4.7228965984	  0.0376341785
	210	 6.000	      -2.6734676982	  0.0295246117
	300	 0.000	      -0.5333594879	  0.9737796417

      E_tot =     -323.9517195590 Ry

 NL:Orbital    Filling       Eigenvalues[Ry]          Norm       Ghost
    ------------------------------------------------------------------
	100 	 2.000	      -4.7228966126	  0.0376341759	    no
	210 	 6.000	      -2.6734677097	  0.0295246117	    no
	200 	 0.000	      -0.5349875145	  0.9707324131	    no

      E_tot =      -86.8189469972 Ry

 AE-NL:Orbital Filling       Eigenvalues[mRy]         Norm[1e-3] 
 AE-NL- --------------------------------------------------------------
 AE-NL- 100 	 2.000	       0.0000142133	  0.0000026753	
 AE-NL- 210 	 6.000	       0.0000115460	 -0.0000000009	
 AE-NL- 200 	 0.000	       1.6280265933	  3.0472286115	
 AE-NL-  total error =	       1.6280523527	  3.0472312877

 =====================================================================

  Comparison of total energy differences.           
   DD_ij = (E_i - E_j)_AE - (E_i-E_j)_NL     

 AE-NL-   i   j         DD[mRy]        DD[meV] 
 AE-NL- ------------------------------------------
 AE-NL-   0   1        -0.333837      -4.542086
 AE-NL-   0   2        -0.339021      -4.612621
 AE-NL-   0   3         0.000000       0.000000
 AE-NL-   1   2        -0.005184      -0.070535
 AE-NL-   1   3         0.333837       4.542086
 AE-NL-   2   3         0.339021       4.612621
