
 ++++++++++++++++++++++++++++++++++++++++++++++++++++++++++++++++++++++++
           OPIUM  Version:        3.8                             
           =====================================            
 See http://opium.sourceforge.net for help and information                 
 Copyright 2009 : The OPIUM project                         

 Compile host     : vagvlan567.217.wlan.design.upenn.edu
 Compile OS       : Darwin 14.1.0 i386
 Compile date     : Wed Mar 18 18:57:27 EDT 2015

 Execution host   : vagvlan567.215.wlan.design.upenn.edu
 time of execution: Wed Oct 14 10:11:41 2015

 ++++++++++++++++++++++++++++++++++++++++++++++++++++++++++++++++++++++++
 Reading parameter file:  <c.param> ... 
 File prefix             : c 
 Element                 : Carbon     (C) 
 Z                       : 6 
 
 Number of all-electron orbitals   : 3 
 Number of pseudo       orbitals   : 2 
 
 Pseudopotential is non-relativistic 
 Using Hartree-Fock Exchange (Beta!!)                
 HF pseudopotential NOT being smoothed! 
 The s potential is used for the KB construction 
 Optimized (RRKJ) pseudopotential method will be used 

 nl    cutoff radii    q-max      # bessel functions
 2s       0.840        7.070              10 
 2p       1.290        7.070              10 

 Reference Configuration: core  <-/-> valence 
 1s2  <-/-> 2s2  2p2 

 Grid definitions: 
 a_grid=1.00e-04    b_grid=1.30e-02    # points=1122 
 r(1)=5.50e-05      r(np)=1.17e+02    

 dEmax tolerance:  1.00e-08      dVmax tolerance:  1.00e-06     

 Starting calculation...

 ======================================================================== 
 Begin AE calculation
 ======================================================================== 
 Performing non-relativistic AE calculation...  
 Rotation needed            1           2   1.0000000000000001E-005

 iter       Etot             Eeig             Ehart    de_max   dv_max
   1      -75.5832475      50.0585188      26.2757009 0.60E+00 0.27E-01
   2      -75.3191706      49.8296767      26.2349011 0.30E-01 0.97E-04
   3      -75.3195904      49.8298068      26.2352069 0.78E-04 0.12E-05
   4      -75.3193943      49.8296131      26.2352051 0.42E-05 0.58E-06
   5      -75.3193962      49.8296150      26.2352053 0.64E-07 0.13E-06

 Hartree-Fock converged!
      {100|200}=-1.5D-17

    5 iterations: (units are Ry and bohr)
 Energy:     -75.31939623    Ebs:     -49.82961502
 Eh:          26.23520526    Ex :      -0.74542405

   Orbital    Filling       Eigenvalues    Norm(rc->oo)      Peak
    |100>      2.000         -22.676883
    |200>      2.000          -1.424125      0.888344      1.224346
    |210>      2.000          -0.813800      0.637182      1.208532

 ======================================================================== 
 End AE calculation
 ======================================================================== 

 ======================================================================== 
 Begin PS construction
 ======================================================================== 
 Optimized Pseudopotential Generation ...

 ==================
 zeff=   4.0000000000000000     
 Pseudizing state : |200>
 eigenvalue       : -1.424125
 qc               :  7.070000
 # bessel fxns    : 10
 point nearest rc :  742
 rc               :  0.840000
 actual rc        :  0.839798

 Psi(rc)          :     0.8154226496
 Slope at rc      :    -0.0353173582
 Curvature at rc  :    -3.2957831197
 Del^2 Psi at rc  :    -3.3798922635
 Log Deriv at rc  :    -0.0433117209

 Error in constraints
   1         0.36166E-11
   2        -0.36166E-11
   3         0.63394E-11
   4        -0.63394E-11
   5        -0.50756E-07
   6         0.50756E-07
   7         0.46886E-03
   8         0.46886E-03
   9         0.00000E+00
  10         0.50756E-07
 Bessel wavevectors and final coefficients
   1        0.3919196394        0.7550054871
   2        5.3602204379       -0.3311758225
   3        9.2045436267        0.0021545924
   4       12.9881869203       -0.0026426308
   5       16.7525698333        0.0031309310
   6       20.5083379204       -0.0040952919
   7       24.2595017511        0.0050854816
   8       28.0079143445       -0.0061623044
   9       31.7545511867        0.0071939155
  10       35.4999750435       -0.0082553036

 Total KE           (Ry) :     0.8710816216
 0  -> qc contribution   :     0.8706127580
 qc -> oo contribution   :     0.0004688636   (=Convergence term)
 Occupancy of this state :     2.0000000000
 Convergence term (Ry/e) :     0.0004688636
 Convergence error (mRy) :     0.9377272516
 Convergence error (meV) :    12.7585294400


 ==================
 zeff=   4.0000000000000000     
 Pseudizing state : |210>
 eigenvalue       : -0.813800
 qc               :  7.070000
 # bessel fxns    : 10
 point nearest rc :  775
 rc               :  1.290000
 actual rc        :  1.289696

 Psi(rc)          :     0.5568848352
 Slope at rc      :    -0.4688901733
 Curvature at rc  :     0.2590398478
 Del^2 Psi at rc  :    -1.1377012145
 Log Deriv at rc  :    -0.8419876852

 Error in constraints
   1         0.31775E-11
   2        -0.31775E-11
   3         0.97902E-11
   4        -0.97902E-11
   5        -0.18121E-07
   6         0.18121E-07
   7         0.42028E-03
   8         0.42028E-03
   9         0.00000E+00
  10         0.18121E-07
 Bessel wavevectors and final coefficients
   1        2.1597826452        1.7278856240
   2        4.7542704859        0.6411324590
   3        7.2311960184        0.0305429591
   4        9.6867043649        0.0020268482
   5       12.1341787138       -0.0008401586
   6       14.5777375685       -0.0009253850
   7       17.0190879022        0.0025256684
   8       19.4590683075       -0.0038922233
   9       21.8981398007        0.0051495709
  10       24.3365771163       -0.0062974910

 Total KE           (Ry) :     2.3326933640
 0  -> qc contribution   :     2.3322730806
 qc -> oo contribution   :     0.0004202834   (=Convergence term)
 Occupancy of this state :     2.0000000000
 Convergence term (Ry/e) :     0.0004202834
 Convergence error (mRy) :     0.8405668046
 Convergence error (meV) :    11.4365838296


 Running HF solver for raw psp...
 Results of HF psp solve...
 State: 1s  AE eigenvalue =  -1.424125  PS eigenvalue =  -1.424125
 State: 2p  AE eigenvalue =  -0.813800  PS eigenvalue =  -0.813800

 ======================================================================== 
 End PS construction
 ======================================================================== 

 ======================================================================== 
 Begin SL calculation
 ======================================================================== 

 iter       Etot             Eeig             Ehart    de_max   dv_max
   1      -10.5619946       4.4758492       6.5624892 0.13E-08 0.86E-09

 Hartree-Fock converged!

 Converged in 1 iteration (probably reference state)
 Energy:     -10.56199462    Ebs:      -4.47584925
 Eh:           6.56248920    Ex :      -0.47634382

   Orbital    Filling       Eigenvalues    Norm(rc->oo)      Peak
    |100>      2.000          -1.424125      0.888344      1.224346
    |210>      2.000          -0.813800      0.637182      1.103411

 ======================================================================== 
 End SL calculation
 ======================================================================== 
<<<do_tc>>>


 ===============Configuration 1 AE Calc=============== 
 Rotation needed            1           2   1.0000000000000001E-005

 iter       Etot             Eeig             Ehart    de_max   dv_max
   1      -75.5832475      50.0585188      26.2757009 0.60E+00 0.27E-01
   2      -75.3191706      49.8296767      26.2349011 0.30E-01 0.97E-04
   3      -75.3195904      49.8298068      26.2352069 0.78E-04 0.12E-05
   4      -75.3193943      49.8296131      26.2352051 0.42E-05 0.58E-06
   5      -75.3193962      49.8296150      26.2352053 0.64E-07 0.13E-06

 Hartree-Fock converged!
      {100|200}=-1.5D-17

    5 iterations: (units are Ry and bohr)
 Energy:     -75.31939623    Ebs:     -49.82961502
 Eh:          26.23520526    Ex :      -0.74542405

   Orbital    Filling       Eigenvalues    Norm(rc->oo)      Peak
    |100>      2.000         -22.676883
    |200>      2.000          -1.424125      0.888344      1.224346
    |210>      2.000          -0.813800      0.637182      1.208532
!!NOTE!!: All Hartree-Fock tests are done with the semi-local form of the potential 
!!NOTE!!: Use the 'sl' command instead of the 'nl' command to remove this warning...


 ===============Configuration 1 SL: Calc ===============

 iter       Etot             Eeig             Ehart    de_max   dv_max
   1      -10.5619946       4.4758492       6.5624892 0.13E-08 0.86E-09

 Hartree-Fock converged!

 Converged in 1 iteration (probably reference state)
 Energy:     -10.56199462    Ebs:      -4.47584925
 Eh:           6.56248920    Ex :      -0.47634382

   Orbital    Filling       Eigenvalues    Norm(rc->oo)      Peak
    |100>      2.000          -1.424125      0.888344      1.224346
    |210>      2.000          -0.813800      0.637182      1.103411


 ===============Configuration 2 AE Calc=============== 
 Rotation needed            1           2   1.0000000000000001E-005

 iter       Etot             Eeig             Ehart    de_max   dv_max
   1      -74.9714733      51.8941829      23.7263874 0.44E+00 0.16E-01
   2      -74.9285384      51.8536300      23.7237095 0.82E-02 0.58E-04
   3      -74.9286067      51.8536881      23.7237126 0.63E-05 0.86E-06
   4      -74.9286080      51.8536895      23.7237125 0.49E-07 0.17E-06

 Hartree-Fock converged!
      {100|200}=-4.3D-17

    4 iterations: (units are Ry and bohr)
 Energy:     -74.92860804    Ebs:     -51.85368945
 Eh:          23.72371246    Ex :      -0.64879388

   Orbital    Filling       Eigenvalues    Norm(rc->oo)      Peak
    |100>      2.000         -23.237279
    |200>      2.000          -1.861287      0.879255      1.192923
    |210>      1.500          -1.104372      0.606766      1.177515


 ===============Configuration 2 SL: Calc ===============

 iter       Etot             Eeig             Ehart    de_max   dv_max
   1      -10.1702186       5.3752739       5.1715628 0.36E+00 0.21E-03
   2      -10.1707185       5.3757672       5.1715703 0.14E-03 0.66E-06
   3      -10.1707201       5.3757685       5.1715708 0.40E-06 0.20E-06
   4      -10.1707198       5.3757681       5.1715708 0.84E-07 0.48E-07

 Hartree-Fock converged!

    4 iterations: (units are Ry and bohr)
 Energy:     -10.17071979    Ebs:      -5.37576808
 Eh:           5.17157082    Ex :      -0.37661911

   Orbital    Filling       Eigenvalues    Norm(rc->oo)      Peak
    |100>      2.000          -1.859148      0.879294      1.192923
    |210>      1.500          -1.104981      0.606950      1.061207


 ===============Configuration 3 AE Calc=============== 
 Rotation needed            1           2   1.0000000000000001E-005

 iter       Etot             Eeig             Ehart    de_max   dv_max
   1      -74.6531297      54.0939651      21.1072369 0.29E+00 0.14E-01
   2      -74.5842882      54.0177961      21.1150710 0.41E-02 0.10E-03
   3      -74.5846512      54.0178979      21.1153501 0.14E-04 0.59E-05
   4      -74.5844574      54.0176914      21.1153650 0.42E-05 0.12E-05
   5      -74.5844484      54.0176816      21.1153661 0.20E-06 0.44E-06
   6      -74.5844480      54.0176808      21.1153667 0.70E-07 0.16E-06

 Hartree-Fock converged!
      {100|200}= 6.8D-18

    6 iterations: (units are Ry and bohr)
 Energy:     -74.58444802    Ebs:     -54.01768075
 Eh:          21.11536667    Ex :      -0.54859940

   Orbital    Filling       Eigenvalues    Norm(rc->oo)      Peak
    |100>      2.000         -23.796523
    |200>      2.000          -2.307557      0.870719      1.177515
    |210>      1.000          -1.809519      0.536126      1.103411


 ===============Configuration 3 SL: Calc ===============

 iter       Etot             Eeig             Ehart    de_max   dv_max
   1       -9.8243176       6.4168058       3.6790217 0.12E+01 0.93E-03
   2       -9.8249856       6.4169298       3.6796397 0.35E-04 0.17E-04
   3       -9.8244409       6.4164446       3.6795779 0.12E-03 0.28E-05
   4       -9.8244390       6.4164422       3.6795786 0.63E-06 0.72E-06
   5       -9.8244382       6.4164412       3.6795788 0.23E-06 0.45E-06
   6       -9.8244381       6.4164411       3.6795789 0.46E-07 0.21E-06

 Hartree-Fock converged!

    6 iterations: (units are Ry and bohr)
 Energy:      -9.82443813    Ebs:      -6.41644106
 Eh:           3.67957892    Ex :      -0.27158185

   Orbital    Filling       Eigenvalues    Norm(rc->oo)      Peak
    |100>      2.000          -2.304382      0.870674      1.177515
    |210>      1.000          -1.807678      0.538503      1.020616
   ------------------------------------------------
   ================================================

 ======================================================================== 
 Begin KE convergence testing
 ======================================================================== 
 ----------------------------------------------------------------------
                     Kinetic energy convergence
      ==============================|100>==============================
      Ecut(Ry)  KE/electron(Ry)         KE error/electron (mRy,meV)
        15       0.798557916                72.441439     985.616491
        33       0.863908193                 7.091163      96.480231
        46       0.870296993                 0.702363       9.556136
       159       0.870926097                 0.073259       0.996739
      ==============================|210>==============================
      Ecut(Ry)  KE/electron(Ry)         KE error/electron (mRy,meV)
        22       2.259706700                72.950657     992.544760
        36       2.325591182                 7.066176      96.140274
        47       2.331986727                 0.670631       9.124399
       128       2.332584394                 0.072964       0.992720

 ======================================================================== 
 End KE convergence testing
 ======================================================================== 
<<<do_rpt>>>
------------- closing opium session ------------
