
 ++++++++++++++++++++++++++++++++++++++++++++++++++++++++++++++++++++++++
           OPIUM  Version:        3.8                             
           =====================================            
 See http://opium.sourceforge.net for help and information                 
 Copyright 2009 : The OPIUM project                         

 Compile host     : vagvlan567.217.wlan.design.upenn.edu
 Compile OS       : Darwin 14.1.0 i386
 Compile date     : Wed Mar 18 18:57:27 EDT 2015

 Execution host   : vagvlan567.0951.wlan.wireless-pennnet.upenn.edu
 time of execution: Tue Oct 13 16:16:19 2015

 ++++++++++++++++++++++++++++++++++++++++++++++++++++++++++++++++++++++++
 Reading parameter file:  <o.param> ... 
 File prefix             : o 
 Element                 : Oxygen     (O) 
 Z                       : 8 
 
 Number of all-electron orbitals   : 3 
 Number of pseudo       orbitals   : 2 
 
 Pseudopotential is non-relativistic 
 Exchage-correlation functional is : Perdew, Burke, Ernzerhof GGA 
 GGA smoothed from 0 to 0.001000 bohr using switch to LDA 
 The s potential is used for the KB construction 
 Optimized (RRKJ) pseudopotential method will be used 

 nl    cutoff radii    q-max      # bessel functions
 2s       1.340        7.070              10 
 2p       1.530        7.070              10 

 Reference Configuration: core  <-/-> valence 
 1s2  <-/-> 2s2  2p4 

 Grid definitions: 
 a_grid=1.00e-04    b_grid=1.30e-02    # points=1130 
 r(1)=5.00e-05      r(np)=1.18e+02    

 dEmax tolerance:  1.00e-08      dVmax tolerance:  1.00e-06     

 Starting calculation...

 ======================================================================== 
 Begin AE calculation
 ======================================================================== 
 Performing non-relativistic AE calculation...  
 ---------Eigenvalue guesses---------
 1s           -64.00000000
 2s            -4.00000000
 2p            -4.00000000

 iter       Etot             Ebs             Ehxc       de_max   dv_max
   1     -161.5134705     -89.8028208     -71.7106498 0.67E+00 0.20E+01
   2     -152.9464878     -84.5655844     -68.3809034 0.33E+00 0.10E+01
   3     -150.8801455     -82.5651010     -68.3150445 0.17E+00 0.98E-01
   4     -149.8433063     -81.7018665     -68.1414398 0.96E-01 0.17E-01
   5     -149.8109771     -81.7164501     -68.0945270 0.46E-02 0.10E-01
   6     -149.9109231     -81.7878064     -68.1231167 0.10E-01 0.29E-02
   7     -149.9067657     -81.7764855     -68.1302802 0.16E-02 0.17E-02
   8     -149.8861588     -81.7619552     -68.1242037 0.22E-02 0.72E-03
   9     -149.8848942     -81.7632269     -68.1216672 0.13E-03 0.63E-03
  10     -149.8876430     -81.7658579     -68.1217851 0.33E-03 0.40E-03
  11     -149.8912225     -81.7681611     -68.1230614 0.31E-03 0.11E-03
  12     -149.8913161     -81.7678700     -68.1234461 0.57E-04 0.82E-04
  13     -149.8909131     -81.7675329     -68.1233802 0.55E-04 0.39E-04
  14     -149.8905937     -81.7673749     -68.1232187 0.26E-04 0.24E-04
  15     -149.8904853     -81.7673696     -68.1231157 0.27E-05 0.20E-04
  16     -149.8905051     -81.7674207     -68.1230844 0.61E-05 0.13E-04
  17     -149.8905553     -81.7674652     -68.1230901 0.58E-05 0.73E-05
  18     -149.8905908     -81.7674876     -68.1231032 0.29E-05 0.36E-05
  19     -149.8906038     -81.7674926     -68.1231112 0.70E-06 0.18E-05
  20     -149.8906040     -81.7674905     -68.1231134 0.19E-06 0.92E-06
  21     -149.8906010     -81.7674882     -68.1231128 0.28E-06 0.56E-06
  22     -149.8905990     -81.7674873     -68.1231117 0.91E-07 0.37E-06
  23     -149.8905985     -81.7674874     -68.1231110 0.14E-07 0.23E-06
  24     -149.8905987     -81.7674878     -68.1231109 0.61E-07 0.13E-06
  25     -149.8905990     -81.7674881     -68.1231109 0.42E-07 0.69E-07
  26     -149.8905992     -81.7674882     -68.1231110 0.17E-07 0.34E-07
  27     -149.8905993     -81.7674882     -68.1231111 0.24E-08 0.17E-07

   27 iterations: (units are Ry and bohr)
 Energy:    -149.89059928  Ebs:     -81.76748820  Ehxc:     -68.12311108
 Eh    :      72.82072027  Exc:     -16.53517125

   Orbital    Filling       Eigenvalues    Norm(rc->oo)      Peak
    |100>      2.000         -37.797448
    |200>      2.000          -1.757718      0.294790      0.868934
    |210>      4.000          -0.664289      0.285714      0.814250

 ======================================================================== 
 End AE calculation
 ======================================================================== 

 ======================================================================== 
 Begin PS construction
 ======================================================================== 
 Optimized Pseudopotential Generation ...

 ==================
 zeff=   6.0000000000000000     
 Pseudizing state : |200>
 eigenvalue       : -1.757718
 qc               :  7.070000
 # bessel fxns    : 10
 point nearest rc :  785
 rc               :  1.340000
 actual rc        :  1.334441

 Psi(rc)          :     0.5759833770
 Slope at rc      :    -0.8913745064
 Curvature at rc  :     1.2073838385
 Del^2 Psi at rc  :    -0.1285681192
 Log Deriv at rc  :    -1.5475698466

 Error in constraints
   1        -0.10025E-12
   2         0.10025E-12
   3         0.82892E-12
   4        -0.82892E-12
   5        -0.86495E-06
   6         0.86495E-06
   7         0.68238E-04
   8         0.68238E-04
   9         0.00000E+00
  10         0.86495E-06
 Bessel wavevectors and final coefficients
   1        1.5362148131        1.4404776312
   2        3.6909579600        0.1555442289
   3        5.9849525206       -0.1128059254
   4        8.3115812372        0.0135843503
   5       10.6501330659       -0.0072868937
   6       12.9942870763        0.0050884692
   7       15.3415057606       -0.0041947747
   8       17.6905795462        0.0039657702
   9       20.0408602328       -0.0039547458
  10       22.3919696630        0.0041292522

 Total KE           (Ry) :     1.5150816231
 0  -> qc contribution   :     1.5150133853
 qc -> oo contribution   :     0.0000682378   (=Convergence term)
 Occupancy of this state :     2.0000000000
 Convergence term (Ry/e) :     0.0000682378
 Convergence error (mRy) :     0.1364756555
 Convergence error (meV) :     1.8568604730


 ==================
 zeff=   6.0000000000000000     
 Pseudizing state : |210>
 eigenvalue       : -0.664289
 qc               :  7.070000
 # bessel fxns    : 10
 point nearest rc :  796
 rc               :  1.530000
 actual rc        :  1.539584

 Psi(rc)          :     0.4091934095
 Slope at rc      :    -0.5224652141
 Curvature at rc  :     0.7141247442
 Del^2 Psi at rc  :    -0.3098490148
 Log Deriv at rc  :    -1.2768172751

 Error in constraints
   1        -0.34879E-11
   2         0.34879E-11
   3        -0.45099E-10
   4         0.45099E-10
   5         0.53253E-07
   6        -0.53253E-07
   7         0.26498E-03
   8         0.26498E-03
   9         0.00000E+00
  10         0.53253E-07
 Bessel wavevectors and final coefficients
   1        2.0334191070        1.8516325563
   2        4.0775471990        1.3529509079
   3        6.1192771348        0.2741832141
   4        8.1604140144       -0.0121862132
   5       10.2013143023        0.0057541470
   6       12.2420964236       -0.0045724794
   7       14.2828110590        0.0041710265
   8       16.3234835296       -0.0044779800
   9       18.3641278962        0.0047721910
  10       20.4047525928       -0.0052655111

 Total KE           (Ry) :     4.1260698290
 0  -> qc contribution   :     4.1258048523
 qc -> oo contribution   :     0.0002649767   (=Convergence term)
 Occupancy of this state :     4.0000000000
 Convergence term (Ry/e) :     0.0002649767
 Convergence error (mRy) :     1.0599068641
 Convergence error (meV) :    14.4208808116

 ------------------------------
 Descreening potential
 valence charge          :   6.000000
 core    charge          :   0.000000

 ----Solving the Schrodinger equation for all states----
 State: 2s  AE eigenvalue =  -1.757718  PS eigenvalue =  -1.757718
 State: 2p  AE eigenvalue =  -0.664289  PS eigenvalue =  -0.664289

 ---Semilocal ghost testing---
 Local state: 2s

 Test  state: 2p
 KB energy :  -7.278642  KB strength:   3.597969  KB cosine:  -0.494319
 !WARNING! : schsl found too few nodes   n,l=   3   1  e= -.9520E-08
    !WARNING! No solution for 1st excited state of local potential.  Setting e=0.0
 el0       :  -0.053128  el1        :   0.000000  eig      :  -0.664289
 No ghosts!  Ekb<0  and eig < el0

 No ghosts for local potential: 2s
 ------------------------------

 Local state: 2p

 Test  state: 2s
 KB energy :   7.984126  KB strength:   4.193975  KB cosine:   0.525289
 el0       :  -6.076846  el1        :  -0.093991  eig      :  -1.757718
 No ghosts!  Ekb>0  and el0 < eig < el1

 No ghosts for local potential: 2p
 ------------------------------


 ======================================================================== 
 End PS construction
 ======================================================================== 

 ======================================================================== 
 Begin NL calculation
 ======================================================================== 
 ---------Eigenvalue guesses---------
 1s            -1.75771818
 2p            -0.66428921
 Performing non-local pseudopotential calculation
 Using the s potential as the local potential

 iter       Etot             Ebs             Ehxc       de_max   dv_max
   1      -31.1595171      -6.1725932     -24.9869239 0.00E+00 0.42E-08

 Converged in 1 iteration (probably reference state)
 Energy:     -31.15951708  Ebs:      -6.17259319  Ehxc:     -24.98692388
 Eh    :      26.87696938  Exc:      -6.41834427

   Orbital    Filling       Eigenvalues    Norm(rc->oo)      Peak
    |100>      2.000          -1.757718      0.294790      0.915315
    |210>      4.000          -0.664289      0.285714      0.868934

 ---Non-local ghost testing---
 Local state: 1s

 Test  state: 1s
 ...seems like this angular momentum is the local part!

 Test  state: 2p
 !WARNING! : schsl found too few nodes   n,l=   3   1  e= -.9520E-08
 !WARNING! No solution for 1st excited state of local potential.  Setting e=0.0
 KB energy :  -7.278642  KB strength:   3.597969  KB cosine:  -0.494319
 el0       :  -0.053128  el1        :   0.000000  eig      :  -0.664289
 No ghosts!  Ekb<0  and eig < el0
 ------------------------------

 No ghosts present for local potential


 ======================================================================== 
 End NL calculation
 ======================================================================== 
<<<do_tc>>>


 ===============Configuration 1 AE Calc=============== 
 ---------Eigenvalue guesses---------
 1s           -64.00000000
 2s            -4.00000000
 2p            -4.00000000

 iter       Etot             Ebs             Ehxc       de_max   dv_max
   1     -157.3544296     -86.0308060     -71.3236236 0.76E+00 0.20E+01
   2     -152.4710165     -82.7214308     -69.7495857 0.29E+00 0.10E+01
   3     -151.1751848     -81.0105153     -70.1646695 0.20E+00 0.10E+00
   4     -149.8553492     -80.0159020     -69.8394472 0.15E+00 0.32E-01
   5     -149.8074492     -80.0953291     -69.7121201 0.11E-01 0.22E-01
   6     -149.9970278     -80.2617765     -69.7352513 0.28E-01 0.38E-02
   7     -150.0246040     -80.2680138     -69.7565902 0.16E-02 0.23E-02
   8     -150.0215617     -80.2590165     -69.7625451 0.15E-02 0.18E-02
   9     -150.0110638     -80.2506942     -69.7603696 0.15E-02 0.66E-03
  10     -150.0015805     -80.2455341     -69.7560464 0.93E-03 0.33E-03
  11     -150.0011019     -80.2465079     -69.7545939 0.19E-03 0.31E-03
  12     -150.0027109     -80.2478912     -69.7548197 0.26E-03 0.13E-03
  13     -150.0044538     -80.2488056     -69.7556482 0.20E-03 0.66E-04
  14     -150.0045583     -80.2486575     -69.7559008 0.40E-04 0.54E-04
  15     -150.0042635     -80.2484293     -69.7558343 0.49E-04 0.20E-04
  16     -150.0040429     -80.2483297     -69.7557132 0.21E-04 0.12E-04
  17     -150.0039828     -80.2483358     -69.7556470 0.82E-07 0.98E-05
  18     -150.0040097     -80.2483742     -69.7556354 0.68E-05 0.59E-05
  19     -150.0040480     -80.2484016     -69.7556464 0.51E-05 0.27E-05
  20     -150.0040695     -80.2484122     -69.7556574 0.19E-05 0.98E-06
  21     -150.0040732     -80.2484113     -69.7556619 0.40E-07 0.66E-06
  22     -150.0040703     -80.2484084     -69.7556619 0.49E-06 0.34E-06
  23     -150.0040674     -80.2484068     -69.7556606 0.28E-06 0.17E-06
  24     -150.0040663     -80.2484066     -69.7556597 0.33E-07 0.13E-06
  25     -150.0040664     -80.2484070     -69.7556594 0.73E-07 0.77E-07
  26     -150.0040668     -80.2484073     -69.7556595 0.68E-07 0.36E-07
  27     -150.0040671     -80.2484074     -69.7556596 0.27E-07 0.13E-07
  28     -150.0040671     -80.2484074     -69.7556597 0.13E-08 0.91E-08

   28 iterations: (units are Ry and bohr)
 Energy:    -150.00406714  Ebs:     -80.24840744  Ehxc:     -69.75565970
 Eh    :      74.49750453  Exc:     -16.67964042

   Orbital    Filling       Eigenvalues    Norm(rc->oo)      Peak
    |100>      2.000         -37.572242
    |200>      2.000          -1.559403      0.301240      0.868934
    |210>      4.200          -0.472647      0.304292      0.824905


 ===============Configuration 1 NL: Calc ===============
 ---------Eigenvalue guesses---------
 1s            -1.75771818
 2p            -0.66428921
 Performing non-local pseudopotential calculation
 Using the s potential as the local potential

 iter       Etot             Ebs             Ehxc       de_max   dv_max
   1      -32.9972905      -6.3054510     -26.6918394 0.00E+00 0.40E+00
   2      -31.7373866      -5.5292448     -26.2081417 0.18E+00 0.40E+01
   3      -31.4327735      -5.2231684     -26.2096051 0.91E-01 0.40E+01
   4      -31.2513365      -5.0799822     -26.1713543 0.46E-01 0.40E+01
   5      -31.2532952      -5.0910604     -26.1622348 0.36E-02 0.20E+01
   6      -31.2777811      -5.1088256     -26.1689555 0.58E-02 0.12E-02
   7      -31.2766905      -5.1061692     -26.1705213 0.87E-03 0.63E-03
   8      -31.2718389      -5.1028777     -26.1689612 0.11E-02 0.37E-03
   9      -31.2715745      -5.1032505     -26.1683241 0.12E-03 0.31E-03
  10      -31.2722853      -5.1039254     -26.1683599 0.22E-03 0.19E-03
  11      -31.2732376      -5.1045363     -26.1687014 0.20E-03 0.70E-04
  12      -31.2732324      -5.1044377     -26.1687947 0.32E-04 0.37E-04
  13      -31.2731143      -5.1043431     -26.1687712 0.31E-04 0.23E-04
  14      -31.2730282      -5.1043018     -26.1687264 0.13E-04 0.16E-04
  15      -31.2730010      -5.1043019     -26.1686992 0.95E-07 0.10E-04
  16      -31.2730076      -5.1043163     -26.1686913 0.48E-05 0.60E-05
  17      -31.2730215      -5.1043284     -26.1686931 0.40E-05 0.30E-05
  18      -31.2730307      -5.1043342     -26.1686966 0.19E-05 0.13E-05
  19      -31.2730340      -5.1043355     -26.1686985 0.44E-06 0.56E-06
  20      -31.2730341      -5.1043351     -26.1686990 0.13E-06 0.25E-06
  21      -31.2730334      -5.1043346     -26.1686988 0.17E-06 0.14E-06
  22      -31.2730329      -5.1043344     -26.1686985 0.51E-07 0.83E-07
  23      -31.2730328      -5.1043344     -26.1686983 0.94E-08 0.59E-07

   23 iterations: (units are Ry and bohr)
 Energy:     -31.27303278  Ebs:      -5.10433444  Ehxc:     -26.16869833
 Eh    :      28.10366444  Exc:      -6.56683416

   Orbital    Filling       Eigenvalues    Norm(rc->oo)      Peak
    |100>      2.000          -1.558729      0.301345      0.927291
    |210>      4.200          -0.473066      0.303850      0.868934

 ---Non-local ghost testing---
 Local state: 1s

 Test  state: 1s
 !WARNING! : schsl found a positive eigenvalue. n,l=:   2   0
 !WARNING! No solution for 1st excited state of local potential.  Setting e=0.0
 ...seems like this angular momentum is the local part!

 Test  state: 2p
 !WARNING! : schsl found a positive eigenvalue. n,l=:   2   1
 !WARNING! No solution for ground state of local potential.  Setting e=0.0
 !WARNING! : schsl found too few nodes   n,l=   3   1  e= -.7517E-08
 !WARNING! No solution for 1st excited state of local potential.  Setting e=0.0
 KB energy :  -7.278642  KB strength:   3.597969  KB cosine:  -0.494319
 el0       :   0.000000  el1        :   0.000000  eig      :  -0.473066
 No ghosts!  Ekb<0  and eig < el0
 ------------------------------

 No ghosts present for local potential



 ===============Configuration 2 AE Calc=============== 
 ---------Eigenvalue guesses---------
 1s           -64.00000000
 2s            -4.00000000
 2p            -4.00000000

 iter       Etot             Ebs             Ehxc       de_max   dv_max
   1     -152.0064609     -82.2036383     -69.8028225 0.85E+00 0.20E+01
   2     -152.9734757     -81.3372745     -71.6362012 0.13E+00 0.10E+01
   3     -152.0259792     -79.5357373     -72.4902419 0.31E+00 0.23E+00
   4     -149.3024635     -77.9495745     -71.3528891 0.36E+00 0.11E+00
   5     -149.3374184     -78.3086276     -71.0287908 0.12E+00 0.78E-01
   6     -150.1564164     -78.9298003     -71.2266160 0.19E+00 0.20E-01
   7     -150.2097179     -78.8865007     -71.3232173 0.90E-02 0.14E-01
   8     -150.0906320     -78.7773830     -71.3132490 0.29E-01 0.33E-02
   9     -150.0665156     -78.7674068     -71.2991088 0.33E-02 0.19E-02
  10     -150.0680948     -78.7732355     -71.2948593 0.14E-02 0.14E-02
  11     -150.0826033     -78.7835985     -71.2990049 0.27E-02 0.50E-03
  12     -150.0829218     -78.7825027     -71.3004191 0.37E-03 0.42E-03
  13     -150.0808850     -78.7809315     -71.2999535 0.56E-03 0.23E-03
  14     -150.0804132     -78.7807532     -71.2996600 0.35E-04 0.94E-04
  15     -150.0804319     -78.7808191     -71.2996128 0.31E-04 0.58E-04
  16     -150.0805636     -78.7808887     -71.2996749 0.26E-04 0.36E-04
  17     -150.0806318     -78.7808993     -71.2997325 0.52E-05 0.23E-04
  18     -150.0806294     -78.7808762     -71.2997532 0.63E-05 0.13E-04
  19     -150.0806031     -78.7808526     -71.2997505 0.70E-05 0.74E-05
  20     -150.0805844     -78.7808413     -71.2997430 0.37E-05 0.39E-05
  21     -150.0805773     -78.7808381     -71.2997392 0.94E-06 0.20E-05
  22     -150.0805781     -78.7808390     -71.2997390 0.95E-07 0.11E-05
  23     -150.0805798     -78.7808397     -71.2997401 0.11E-06 0.63E-06
  24     -150.0805804     -78.7808395     -71.2997409 0.86E-07 0.38E-06
  25     -150.0805801     -78.7808390     -71.2997410 0.17E-06 0.21E-06
  26     -150.0805797     -78.7808387     -71.2997409 0.11E-06 0.11E-06
  27     -150.0805794     -78.7808386     -71.2997408 0.42E-07 0.52E-07
  28     -150.0805794     -78.7808386     -71.2997408 0.49E-08 0.26E-07

   28 iterations: (units are Ry and bohr)
 Energy:    -150.08057938  Ebs:     -78.78083859  Ehxc:     -71.29974079
 Eh    :      76.08157415  Exc:     -16.81048215

   Orbital    Filling       Eigenvalues    Norm(rc->oo)      Peak
    |100>      2.000         -37.366868
    |200>      2.000          -1.374572      0.306974      0.880304
    |210>      4.400          -0.294991      0.323726      0.835698


 ===============Configuration 2 NL: Calc ===============
 ---------Eigenvalue guesses---------
 1s            -1.75771818
 2p            -0.66428921
 Performing non-local pseudopotential calculation
 Using the s potential as the local potential

 iter       Etot             Ebs             Ehxc       de_max   dv_max
   1      -34.8917217      -6.4383089     -28.4534128 0.00E+00 0.80E+00
   2      -32.1925765      -4.8436023     -27.3489741 0.37E+00 0.40E+01
   3      -31.6956803      -4.2912777     -27.4044026 0.21E+00 0.40E+01
   4      -31.2811090      -3.9800960     -27.3010130 0.14E+00 0.40E+01
   5      -31.2964057      -4.0156726     -27.2807330 0.19E-01 0.20E+01
   6      -31.3698422      -4.0636012     -27.3062410 0.25E-01 0.46E-02
   7      -31.3643685      -4.0532638     -27.3111047 0.52E-02 0.25E-02
   8      -31.3428940      -4.0400109     -27.3028831 0.67E-02 0.15E-02
   9      -31.3426214      -4.0423846     -27.3002367 0.12E-02 0.12E-02
  10      -31.3519021      -4.0486759     -27.3032262 0.32E-02 0.54E-03
  11      -31.3512380      -4.0474600     -27.3037780 0.62E-03 0.27E-03
  12      -31.3489549      -4.0460243     -27.3029306 0.73E-03 0.15E-03
  13      -31.3491072      -4.0463625     -27.3027447 0.17E-03 0.91E-04
  14      -31.3494429      -4.0466199     -27.3028230 0.13E-03 0.33E-04
  15      -31.3496485      -4.0467221     -27.3029263 0.52E-04 0.94E-05
  16      -31.3496981      -4.0467241     -27.3029739 0.12E-05 0.10E-04
  17      -31.3496753      -4.0466988     -27.3029765 0.13E-04 0.57E-05
  18      -31.3496467      -4.0466823     -27.3029644 0.83E-05 0.16E-05
  19      -31.3496344      -4.0466792     -27.3029552 0.16E-05 0.17E-05
  20      -31.3496346      -4.0466823     -27.3029524 0.16E-05 0.12E-05
  21      -31.3496386      -4.0466855     -27.3029531 0.17E-05 0.49E-06
  22      -31.3496414      -4.0466870     -27.3029544 0.75E-06 0.14E-06
  23      -31.3496423      -4.0466871     -27.3029551 0.64E-07 0.13E-06
  24      -31.3496420      -4.0466868     -27.3029552 0.16E-06 0.86E-07
  25      -31.3496417      -4.0466866     -27.3029551 0.12E-06 0.20E-07
  26      -31.3496415      -4.0466865     -27.3029550 0.41E-07 0.16E-07
  27      -31.3496415      -4.0466865     -27.3029549 0.18E-07 0.15E-07
  28      -31.3496415      -4.0466866     -27.3029549 0.21E-07 0.77E-08
  29      -31.3496416      -4.0466866     -27.3029550 0.92E-08 0.16E-08

   29 iterations: (units are Ry and bohr)
 Energy:     -31.34964155  Ebs:      -4.04668659  Ehxc:     -27.30295496
 Eh    :      29.27863419  Exc:      -6.70138281

   Orbital    Filling       Eigenvalues    Norm(rc->oo)      Peak
    |100>      2.000          -1.373247      0.307180      0.927291
    |210>      4.400          -0.295498      0.322942      0.868934

 ---Non-local ghost testing---
 Local state: 1s

 Test  state: 1s
 !WARNING! : schsl found a positive eigenvalue. n,l=:   2   0
 !WARNING! No solution for 1st excited state of local potential.  Setting e=0.0
 ...seems like this angular momentum is the local part!

 Test  state: 2p
 !WARNING! : schsl found a positive eigenvalue. n,l=:   2   1
 !WARNING! No solution for ground state of local potential.  Setting e=0.0
 !WARNING! : schsl found too few nodes   n,l=   3   1  e= -.7517E-08
 !WARNING! No solution for 1st excited state of local potential.  Setting e=0.0
 KB energy :  -7.278642  KB strength:   3.597969  KB cosine:  -0.494319
 el0       :   0.000000  el1        :   0.000000  eig      :  -0.295498
 No ghosts!  Ekb<0  and eig < el0
 ------------------------------

 No ghosts present for local potential

   ------------------------------------------------
   ================================================

 ======================================================================== 
 Begin KE convergence testing
 ======================================================================== 
 ----------------------------------------------------------------------
                     Kinetic energy convergence
      ==============================|100>==============================
      Ecut(Ry)  KE/electron(Ry)         KE error/electron (mRy,meV)
         7       1.445703656                69.367406     943.792117
        23       1.507849153                 7.221909      98.259124
        38       1.514403889                 0.667173       9.077351
        48       1.515002924                 0.068138       0.927063
      ==============================|210>==============================
      Ecut(Ry)  KE/electron(Ry)         KE error/electron (mRy,meV)
        28       4.055701255                70.350243     957.164295
        38       4.119251718                 6.799780      92.515762
        46       4.125411057                 0.640441       8.713647
       100       4.125979021                 0.072477       0.986099

 ======================================================================== 
 End KE convergence testing
 ======================================================================== 
<<<do_rpt>>>
<<<do_upf>>>
------------- closing opium session ------------
