##########################################################
#    Opium Report File                                   #
##########################################################
     Opium version:        3.8

### copy of the parameter file #######################

[Atom]
O  
3
100   2.00   -
200   2.00   -
210   4.00   -

[Pseudo]
2  1.34 1.53
opt

[Optinfo]
7.07  10
7.07  10
conmax

[Configs]
2
#
200  2.00  -
210  4.20  -
#
200  2.00  -
210  4.40  -

[XC]
gga

### AE report ########################################

 AE:Orbital    Filling       Eigenvalues[Ry]          Norm
    ----------------------------------------------------------
	100	 2.000	     -37.7974475045
	200	 2.000	      -1.7577181813	  0.2947899447
	210	 4.000	      -0.6642892073	  0.2857139125

      E_tot =     -149.8905992772 Ry

### PS report ########################################

    ====================Optimized pseudopotential method====================

                       Pseudopotential convergence error                      
    Orbital      [mRy/e]       [meV/e]         [mRy]        [meV]        Ghost
    --------------------------------------------------------------------------
	200       0.068238      0.928423      0.136476      1.856847	    no
	210       0.264977      3.605194      1.059907     14.420775	    no

                  Tot. error =               1.196383     16.277622


### NL/SL report #####################################


 NL:Orbital    Filling       Eigenvalues[Ry]          Norm       Ghost
    ------------------------------------------------------------------
	100 	 2.000	      -1.7577181813	  0.2947902013	    no
	210 	 4.000	      -0.6642892073	  0.2857139103	    no

	 ========== No ghosts in potential!!========== 

      E_tot =      -31.1595170754 Ry

### KE report ########################################

	 ===   Ecut necessary for ~1    eV convergence error / electron === 
	 --------------------------------------------------------------- 
		 	 Ecut[Ry] 	 error [meV/e] 
	100  		   7 	          943.792 
	210  		   28 	          957.164 
	 ===   Ecut necessary for ~100 meV convergence error / electron === 
	 --------------------------------------------------------------- 
		 	 Ecut[Ry] 	 error [meV/e] 
	100  		   23 	           98.259 
	210  		   38 	           92.516 

	 ===   Ecut necessary for  ~10 meV convergence error / electron === 
	 --------------------------------------------------------------- 
		 	 Ecut[Ry] 	 error [meV/e] 
	100  		   38 	            9.077 
	210  		   46 	            8.714 

	 ===   Ecut necessary for   ~1 meV convergence error / electron === 
	 --------------------------------------------------------------- 
		 	 Ecut[Ry] 	 error [meV/e] 
	100  		   48 	            0.927 
	210  		   100 	            0.986 

### TC report ########################################

 AE:Orbital    Filling       Eigenvalues[Ry]          Norm
    ----------------------------------------------------------
	100	 2.000	     -37.5722419475
	200	 2.000	      -1.5594028489	  0.3012395270
	210	 4.200	      -0.4726471055	  0.3042918565

      E_tot =     -150.0040671365 Ry

 NL:Orbital    Filling       Eigenvalues[Ry]          Norm       Ghost
    ------------------------------------------------------------------
	100 	 2.000	      -1.5587286659	  0.3013452379	    no
	210 	 4.200	      -0.4730659793	  0.3038499752	    no

      E_tot =      -31.2730327763 Ry

 AE-NL:Orbital Filling       Eigenvalues[mRy]         Norm[1e-3] 
 AE-NL- --------------------------------------------------------------
 AE-NL- 100 	 2.000	      -0.6741830100	 -0.1057108826	
 AE-NL- 210 	 4.200	       0.4188737857	  0.4418812168	
 AE-NL-  total error =	       1.0930567956	  0.5475920994

 =====================================================================
 AE:Orbital    Filling       Eigenvalues[Ry]          Norm
    ----------------------------------------------------------
	100	 2.000	     -37.3668678993
	200	 2.000	      -1.3745720463	  0.3069736329
	210	 4.400	      -0.2949906126	  0.3237257150

      E_tot =     -150.0805793790 Ry

 NL:Orbital    Filling       Eigenvalues[Ry]          Norm       Ghost
    ------------------------------------------------------------------
	100 	 2.000	      -1.3732467975	  0.3071796048	    no
	210 	 4.400	      -0.2954984084	  0.3229419258	    no

      E_tot =      -31.3496415511 Ry

 AE-NL:Orbital Filling       Eigenvalues[mRy]         Norm[1e-3] 
 AE-NL- --------------------------------------------------------------
 AE-NL- 100 	 2.000	      -1.3252488132	 -0.2059718434	
 AE-NL- 210 	 4.400	       0.5077957720	  0.7837892367	
 AE-NL-  total error =	       1.8330445853	  0.9897610801

 =====================================================================

  Comparison of total energy differences.           
   DD_ij = (E_i - E_j)_AE - (E_i-E_j)_NL     

 AE-NL-   i   j         DD[mRy]        DD[meV] 
 AE-NL- ------------------------------------------
 AE-NL-   0   1        -0.047842      -0.650918
 AE-NL-   0   2        -0.144374      -1.964308
 AE-NL-   1   2        -0.096532      -1.313390
