
 ++++++++++++++++++++++++++++++++++++++++++++++++++++++++++++++++++++++++
           OPIUM  Version:        3.8                             
           =====================================            
 See http://opium.sourceforge.net for help and information                 
 Copyright 2009 : The OPIUM project                         

 Compile host     : vagvlan567.217.wlan.design.upenn.edu
 Compile OS       : Darwin 14.1.0 i386
 Compile date     : Wed Mar 18 18:57:27 EDT 2015

 Execution host   : vagvlan567.0723.wlan.wireless-pennnet.upenn.edu
 time of execution: Wed Oct 14 15:26:03 2015

 ++++++++++++++++++++++++++++++++++++++++++++++++++++++++++++++++++++++++
 Reading parameter file:  <na.param> ... 
 File prefix             : na 
 Element                 : Sodium     (Na) 
 Z                       : 11 
 
 Number of all-electron orbitals   : 4 
 Number of pseudo       orbitals   : 3 
 
 Pseudopotential is non-relativistic 
 Using Hartree-Fock Exchange (Beta!!)                
 HF pseudopotential NOT being smoothed! 
 The s potential is used for the KB construction 
 Optimized (RRKJ) pseudopotential method will be used 

 nl    cutoff radii    q-max      # bessel functions
 2s       1.550        7.070              10 
 2p       1.850        7.070              10 
 3s       0.800        7.070              10 

 Reference Configuration: core  <-/-> valence 
 1s2  <-/-> 2s2  2p6  3s0 

 Grid definitions: 
 a_grid=1.00e-04    b_grid=1.30e-02    # points=1138 
 r(1)=4.50e-05      r(np)=1.18e+02    

 dEmax tolerance:  1.00e-08      dVmax tolerance:  1.00e-06     

 Starting calculation...

 ======================================================================== 
 Begin AE calculation
 ======================================================================== 
 Performing non-relativistic AE calculation...  
 Rotation needed            1           2   1.0000000000000001E-005
 Rotation needed            1           4   1.0000000000000001E-005
 Rotation needed            2           4   1.0000000000000001E-005

 iter       Etot             Eeig             Ehart    de_max   dv_max
   1     -334.5638507     209.0547082     129.5942411 0.16E+01 0.19E+00
 method 1  unable to solve equation for electron 3 0
          nc =   1   nj = 526   ed =   0.203727   el =   0.081633   eu =   0.325822
 HF solver failed:  #fails=           1
 Solve for HF wfn failed, orthogonalizing...
 method 1  unable to solve equation for electron 3 0
          nc =   1   nj = 526   ed =   0.203727   el =   0.081633   eu =   0.325822
 HF solver failed:  #fails=           2
   2     -323.3358360     196.8890288     130.5020828 0.16E+00 0.16E-02
   3     -323.3561657     196.9024890     130.5092141 0.72E-01 0.11E-04
   4     -323.3539166     196.9000562     130.5094111 0.54E-02 0.97E-06
   5     -323.3539329     196.9000657     130.5094181 0.53E-06 0.32E-06
   6     -323.3539229     196.9000584     130.5094152 0.15E-06 0.77E-07

 Hartree-Fock converged!
      {100|200}= 1.5D-17

    6 iterations: (units are Ry and bohr)
 Energy:    -323.35392290    Ebs:    -196.90005838
 Eh:         130.50941525    Ex :      -4.05555072

   Orbital    Filling       Eigenvalues    Norm(rc->oo)      Peak
    |100>      2.000         -81.519500
    |200>      2.000          -6.147375      0.034066      0.610401
    |210>      6.000          -3.594385      0.025434      0.550109
    |300>      0.000          -0.363603      0.989883      3.395195

 ======================================================================== 
 End AE calculation
 ======================================================================== 

 ======================================================================== 
 Begin PS construction
 ======================================================================== 
 Optimized Pseudopotential Generation ...

 ==================
 zeff=   9.0000000000000000     
 Pseudizing state : |200>
 eigenvalue       : -6.147375
 qc               :  7.070000
 # bessel fxns    : 10
 point nearest rc :  805
 rc               :  1.550000
 actual rc        :  1.556378

 Psi(rc)          :     0.2220865932
 Slope at rc      :    -0.5430219937
 Curvature at rc  :     1.3142676216
 Del^2 Psi at rc  :     0.6164653389
 Log Deriv at rc  :    -2.4450912859

 Error in constraints
   1         0.13690E-11
   2        -0.13690E-11
   3         0.12490E-10
   4        -0.12490E-10
   5         0.19690E-06
   6        -0.19690E-06
   7         0.19338E-05
   8         0.19338E-05
   9         0.00000E+00
  10         0.19690E-06
 Bessel wavevectors and final coefficients
   1        1.5601385997        1.4912211590
   2        3.3453423718        1.2161426573
   3        5.2585051641        0.2262219606
   4        7.2220069442        0.0038440595
   5        9.2075922608       -0.0001832171
   6       11.2043962543        0.0001085355
   7       13.2075864006       -0.0000410038
   8       15.2147316831       -0.0000272558
   9       17.2244873079        0.0000891928
  10       19.2360526372       -0.0001387174

 Total KE           (Ry) :     3.2655289280
 0  -> qc contribution   :     3.2655269943
 qc -> oo contribution   :     0.0000019338   (=Convergence term)
 Occupancy of this state :     2.0000000000
 Convergence term (Ry/e) :     0.0000019338
 Convergence error (mRy) :     0.0038675041
 Convergence error (meV) :     0.0526204874


 ==================
 zeff=   9.0000000000000000     
 Pseudizing state : |210>
 eigenvalue       : -3.594385
 qc               :  7.070000
 # bessel fxns    : 10
 point nearest rc :  818
 rc               :  1.850000
 actual rc        :  1.842938

 Psi(rc)          :     0.1488921342
 Slope at rc      :    -0.2924151235
 Curvature at rc  :     0.5831108641
 Del^2 Psi at rc  :     0.1780992093
 Log Deriv at rc  :    -1.9639393651

 Error in constraints
   1        -0.10530E-12
   2         0.10530E-12
   3        -0.22074E-11
   4         0.22074E-11
   5         0.73205E-08
   6        -0.73205E-08
   7         0.45792E-04
   8         0.45792E-04
   9         0.00000E+00
  10         0.73205E-08
 Bessel wavevectors and final coefficients
   1        1.9140363541        1.5476039958
   2        3.5367945627        2.0026467436
   3        5.2032318250        0.7853911257
   4        6.8868439360        0.0383294517
   5        8.5783601998        0.0024468317
   6       10.2740790964       -0.0024853976
   7       11.9722787017        0.0023768926
   8       13.6720588697       -0.0024259031
   9       15.3729058462        0.0020474500
  10       17.0745058957       -0.0022211306

 Total KE           (Ry) :     6.7286169772
 0  -> qc contribution   :     6.7285711853
 qc -> oo contribution   :     0.0000457919   (=Convergence term)
 Occupancy of this state :     6.0000000000
 Convergence term (Ry/e) :     0.0000457919
 Convergence error (mRy) :     0.2747514165
 Convergence error (meV) :     3.7382128225


 Running HF solver for raw psp...
 Results of HF psp solve...
 State: 1s  AE eigenvalue =  -6.147375  PS eigenvalue =  -6.147375
 State: 2p  AE eigenvalue =  -3.594385  PS eigenvalue =  -3.594385

 ======================================================================== 
 End PS construction
 ======================================================================== 

 ======================================================================== 
 Begin SL calculation
 ======================================================================== 
 Rotation needed            1           3   1.0000000000000001E-005

 iter       Etot             Eeig             Ehart    de_max   dv_max
   1      -87.0273432      33.8610625      55.8294824 0.14E+00 0.97E-06
   2      -87.0273371      33.8610577      55.8294811 0.11E-01 0.16E-06
   3      -87.0273376      33.8610583      55.8294810 0.27E-02 0.20E-07
   4      -87.0273375      33.8610583      55.8294810 0.12E-05 0.25E-08
   5      -87.0273376      33.8610583      55.8294810 0.10E-06 0.18E-09

 Hartree-Fock converged!

    5 iterations: (units are Ry and bohr)
 Energy:     -87.02733755    Ebs:     -33.86105828
 Eh:          55.82948101    Ex :      -2.66320174

   Orbital    Filling       Eigenvalues    Norm(rc->oo)      Peak
    |100>      2.000          -6.147375      0.034066      0.626480
    |210>      6.000          -3.594385      0.025434      0.802006
    |200>      0.000          -0.338066      0.988273      3.351343

 ======================================================================== 
 End SL calculation
 ======================================================================== 
<<<do_tc>>>


 ===============Configuration 1 AE Calc=============== 
 Rotation needed            1           2   1.0000000000000001E-005
 Rotation needed            1           4   1.0000000000000001E-005
 Rotation needed            2           4   1.0000000000000001E-005

 iter       Etot             Eeig             Ehart    de_max   dv_max
   1     -335.0955854     206.4090031     132.7907766 0.18E+01 0.19E+00
 Rotation needed            1           4  -7.2171816741211244E-006
 Rotation needed            2           4  -1.5417149063164437E-004
   2     -323.4824346     191.5310113     136.0368251 0.13E+01 0.10E-01
 Rotation needed            1           4   9.4492805857356705E-005
 Rotation needed            2           4   4.2779606568153978E-004
   3     -323.7501838     191.7194426     136.1200362 0.82E-02 0.37E-03
 Rotation needed            1           4   1.1689079263933907E-004
 Rotation needed            2           4   1.5819843507787360E-003
   4     -323.7175959     191.6838661     136.1231495 0.30E-03 0.26E-04
 Rotation needed            1           4   1.0987854647612650E-004
 Rotation needed            2           4   1.5539523188295606E-003
   5     -323.7178004     191.6839883     136.1232394 0.58E-05 0.92E-06
 Rotation needed            1           4   1.0950539508324238E-004
 Rotation needed            2           4   1.5520526454030027E-003
   6     -323.7178403     191.6840097     136.1232590 0.70E-06 0.33E-06
 Rotation needed            1           4   1.0949015830443440E-004
 Rotation needed            2           4   1.5520294509784819E-003
   7     -323.7178160     191.6839933     136.1232509 0.34E-06 0.24E-06
 Rotation needed            1           4   1.0948695630079653E-004
 Rotation needed            2           4   1.5520321256044581E-003
   8     -323.7178271     191.6840004     136.1232553 0.14E-06 0.23E-06

 Hartree-Fock converged!
      {100|200}=-4.3D-17
      {100|300}=-4.0D-11
      {200|300}=-2.0D-17

    8 iterations: (units are Ry and bohr)
 Energy:    -323.71782709    Ebs:    -191.68400037
 Eh:         136.12325528    Ex :      -4.08942856

   Orbital    Filling       Eigenvalues    Norm(rc->oo)      Peak
    |100>      2.000         -80.957003
    |200>      2.000          -5.594053      0.034110      0.610401
    |210>      6.000          -3.036281      0.026257      0.550109
    |300>      1.000          -0.364205      0.989728      3.395195
!!NOTE!!: All Hartree-Fock tests are done with the semi-local form of the potential 
!!NOTE!!: Use the 'sl' command instead of the 'nl' command to remove this warning...


 ===============Configuration 1 SL: Calc ===============
 Rotation needed            1           3   1.0000000000000001E-005
 method 1  unable to solve equation for electron 2 0
          nc =   0   nj = 691   ed =   2.188143   el =   0.000100   eu =   2.232427
 Rotation needed            1           3   1.0425965777549943E-005
 HF solver failed:  #fails=           1
 Solve for HF wfn failed, orthogonalizing...
 Rotation needed            1           3   2.4261486664146502E-004
 method 1  unable to solve equation for electron 2 0
          nc =   0   nj = 691   ed =   2.188625   el =   0.000100   eu =   2.232427
 Rotation needed            1           3   1.0478022448239902E-005
 HF solver failed:  #fails=           2

 iter       Etot             Eeig             Ehart    de_max   dv_max
   1      -89.0182537      31.3144344      60.3992750 0.46E+00 0.48E-02
 Rotation needed            1           3   2.4262221902304315E-004
   2      -87.3484319      29.6885085      60.3530741 0.64E-01 0.10E-02
 Rotation needed            1           3   1.9357089943907043E-003
   3      -87.3665495      29.6992155      60.3605216 0.12E-02 0.84E-04
 Rotation needed            1           3   2.0219620299672136E-003
   4      -87.3664469      29.7003622      60.3595777 0.89E-04 0.24E-02
 Rotation needed            1           3   2.0413304527182249E-003
   5      -87.3663331      29.6984553      60.3610933 0.22E-03 0.64E-04
 Rotation needed            1           3   2.0418170396482331E-003
   6      -87.3658843      29.6998601      60.3595144 0.82E-04 0.24E-02
 Rotation needed            1           3   2.0423376363114107E-003
   7      -87.3633368      29.6960528      60.3604608 0.20E-03 0.59E-04
 Rotation needed            1           3   2.0419052373896324E-003
   8      -87.3666274      29.7004079      60.3597179 0.22E-03 0.24E-02
 Rotation needed            1           3   2.0422945605862932E-003
   9      -87.3663525      29.6984589      60.3611098 0.22E-03 0.63E-04
 Rotation needed            1           3   2.0420813040627978E-003
  10      -87.3658697      29.6998458      60.3595141 0.82E-04 0.24E-02
 Rotation needed            1           3   2.0423796709347036E-003
  11      -87.3633364      29.6960520      60.3604613 0.20E-03 0.59E-04
 Rotation needed            1           3   2.0419124378009135E-003
  12      -87.3666269      29.7004075      60.3597179 0.22E-03 0.24E-02
 Rotation needed            1           3   2.0422955733437136E-003
  13      -87.3663525      29.6984588      60.3611098 0.22E-03 0.63E-04
 Rotation needed            1           3   2.0420815120490866E-003
  14      -87.3658697      29.6998458      60.3595141 0.82E-04 0.24E-02
 Rotation needed            1           3   2.0423796866680367E-003
  15      -87.3633364      29.6960520      60.3604613 0.20E-03 0.59E-04
 Rotation needed            1           3   2.0419124215627004E-003
  16      -87.3666269      29.7004075      60.3597179 0.22E-03 0.24E-02
 Rotation needed            1           3   2.0422955491827010E-003
  17      -87.3663525      29.6984589      60.3611098 0.22E-03 0.63E-04
 Rotation needed            1           3   2.0420814870756123E-003
  18      -87.3658697      29.6998458      60.3595141 0.82E-04 0.24E-02
 Rotation needed            1           3   2.0423796617525811E-003
  19      -87.3633364      29.6960520      60.3604613 0.20E-03 0.59E-04
 Rotation needed            1           3   2.0419123967879383E-003
  20      -87.3666269      29.7004075      60.3597179 0.22E-03 0.24E-02
 Rotation needed            1           3   2.0422955247658765E-003
  21      -87.3663525      29.6984589      60.3611098 0.22E-03 0.63E-04
 Rotation needed            1           3   2.0420814627778059E-003
  22      -87.3658697      29.6998458      60.3595141 0.82E-04 0.24E-02
 Rotation needed            1           3   2.0423796377753434E-003
  23      -87.3633364      29.6960521      60.3604613 0.20E-03 0.59E-04
 Rotation needed            1           3   2.0419123729915646E-003
  24      -87.3666269      29.7004075      60.3597179 0.22E-03 0.24E-02
 Rotation needed            1           3   2.0422955013196524E-003
  25      -87.3663525      29.6984589      60.3611098 0.22E-03 0.63E-04
 Rotation needed            1           3   2.0420814394480329E-003
  26      -87.3658697      29.6998458      60.3595141 0.82E-04 0.24E-02
 Rotation needed            1           3   2.0423796147529751E-003
  27      -87.3633364      29.6960521      60.3604613 0.20E-03 0.59E-04
 Rotation needed            1           3   2.0419123501428699E-003
  28      -87.3666269      29.7004075      60.3597179 0.22E-03 0.24E-02
 Rotation needed            1           3   2.0422954788085310E-003
  29      -87.3663525      29.6984589      60.3611098 0.22E-03 0.63E-04
 Rotation needed            1           3   2.0420814170486910E-003
  30      -87.3658697      29.6998458      60.3595141 0.82E-04 0.24E-02
 Rotation needed            1           3   2.0423795926487369E-003
  31      -87.3633364      29.6960521      60.3604613 0.20E-03 0.59E-04
 Rotation needed            1           3   2.0419123282051053E-003
  32      -87.3666269      29.7004075      60.3597179 0.22E-03 0.24E-02
 Rotation needed            1           3   2.0422954571955505E-003
  33      -87.3663525      29.6984589      60.3611098 0.22E-03 0.63E-04
 Rotation needed            1           3   2.0420813955419588E-003
  34      -87.3658697      29.6998458      60.3595141 0.82E-04 0.24E-02
 Rotation needed            1           3   2.0423795714268672E-003
  35      -87.3633364      29.6960521      60.3604613 0.20E-03 0.59E-04
 Rotation needed            1           3   2.0419123071437209E-003
  36      -87.3666269      29.7004075      60.3597179 0.22E-03 0.24E-02
 Rotation needed            1           3   2.0422954364441690E-003
  37      -87.3663525      29.6984589      60.3611098 0.22E-03 0.63E-04
 Rotation needed            1           3   2.0420813748937647E-003
  38      -87.3658697      29.6998458      60.3595141 0.82E-04 0.24E-02
 Rotation needed            1           3   2.0423795510515043E-003
  39      -87.3633364      29.6960521      60.3604613 0.20E-03 0.59E-04
 Rotation needed            1           3   2.0419122869217363E-003
  40      -87.3666269      29.7004075      60.3597179 0.22E-03 0.24E-02
 Rotation needed            1           3   2.0422954165215494E-003
  41      -87.3663525      29.6984589      60.3611098 0.22E-03 0.63E-04
 Rotation needed            1           3   2.0420813550700882E-003
  42      -87.3658697      29.6998458      60.3595141 0.82E-04 0.24E-02
 Rotation needed            1           3   2.0423795314894072E-003
  43      -87.3633364      29.6960521      60.3604612 0.20E-03 0.59E-04
 Rotation needed            1           3   2.0419122675078283E-003
  44      -87.3666269      29.7004075      60.3597179 0.22E-03 0.24E-02
 Rotation needed            1           3   2.0422953973945170E-003
  45      -87.3663525      29.6984589      60.3611098 0.22E-03 0.63E-04
 Rotation needed            1           3   2.0420813360378823E-003
  46      -87.3658697      29.6998459      60.3595141 0.82E-04 0.24E-02
 Rotation needed            1           3   2.0423795127086112E-003
  47      -87.3633239      29.6960521      60.3604466 0.20E-03 0.74E-04
 Rotation needed            1           3   2.0419122488693495E-003
  48      -87.3666365      29.7004192      60.3597145 0.22E-03 0.24E-02
 Rotation needed            1           3   2.0420690596812284E-003
  49      -87.3632239      29.6959839      60.3604124 0.22E-03 0.75E-04
 Rotation needed            1           3   2.0419069022950607E-003
  50      -87.3666792      29.7004517      60.3597251 0.22E-03 0.24E-02
 Rotation needed            1           3   2.0420553369547103E-003
  51      -87.3632020      29.6959802      60.3603914 0.22E-03 0.10E-03
 Rotation needed            1           3   2.0419066753160449E-003
  52      -87.3666995      29.7004688      60.3597278 0.22E-03 0.24E-02
 Rotation needed            1           3   2.0417687062068029E-003
  53      -87.3632011      29.6959801      60.3603905 0.22E-03 0.11E-03
 Rotation needed            1           3   2.0418145591202357E-003
  54      -87.3667005      29.7004698      60.3597277 0.22E-03 0.24E-02
 Rotation needed            1           3   2.0417528153272900E-003
  55      -87.3631642      29.6959798      60.3603478 0.22E-03 0.15E-03
 Rotation needed            1           3   2.0418105553874832E-003
  56      -87.3667492      29.7005438      60.3597034 0.23E-03 0.24E-02
 Rotation needed            1           3   2.0410866956708132E-003
  57      -87.3639978      29.6966720      60.3605125 0.19E-03 0.17E-03
 Rotation needed            1           3   2.0416031938286917E-003
  58      -87.3665346      29.7003600      60.3596706 0.19E-03 0.24E-02
 Rotation needed            1           3   2.0420143704578133E-003
  59      -87.3635422      29.6962893      60.3604220 0.20E-03 0.17E-03
 Rotation needed            1           3   2.0417976151133397E-003
  60      -87.3666665      29.7004840      60.3596798 0.21E-03 0.24E-02
 Rotation needed            1           3   2.0411576222140473E-003
  61      -87.3641406      29.6968058      60.3605260 0.18E-03 0.21E-03
 Rotation needed            1           3   2.0415807752524918E-003
  62      -87.3665012      29.7003371      60.3596599 0.18E-03 0.24E-02
 Rotation needed            1           3   2.0420105465555598E-003
  63      -87.3636088      29.6963456      60.3604335 0.20E-03 0.20E-03
 Rotation needed            1           3   2.0417809541376174E-003
  64      -87.3666515      29.7004731      60.3596756 0.21E-03 0.24E-02
 Rotation needed            1           3   2.0411630293812118E-003
  65      -87.3641398      29.6967975      60.3605334 0.18E-03 0.22E-03
 Rotation needed            1           3   2.0415754817411928E-003
  66      -87.3665014      29.7003380      60.3596592 0.18E-03 0.24E-02
 Rotation needed            1           3   2.0420098676045949E-003
  67      -87.3636200      29.6963558      60.3604348 0.20E-03 0.20E-03
 Rotation needed            1           3   2.0417771132148830E-003
  68      -87.3666496      29.7004719      60.3596749 0.21E-03 0.24E-02
 Rotation needed            1           3   2.0411588024338810E-003
  69      -87.3641220      29.6968058      60.3605004 0.18E-03 0.50E-03
 Rotation needed            1           3   2.0415735869597999E-003
  70      -87.3653524      29.6978354      60.3607470 0.59E-04 0.37E-03

 Hartree-Fock converged!
      {100|200}= 2.8D-18

   70 iterations: (units are Ry and bohr)
 Energy:     -87.36535240    Ebs:     -29.69783537
 Eh:          60.36074699    Ex :      -2.69322995

   Orbital    Filling       Eigenvalues    Norm(rc->oo)      Peak
    |100>      2.000          -5.586256      0.034208      0.626480
    |210>      6.000          -3.031100      0.026303      0.802006
    |200>      1.000          -0.338721      0.988036      3.351343


 ===============Configuration 2 AE Calc=============== 
 Rotation needed            1           2   1.0000000000000001E-005
 Rotation needed            1           4   1.0000000000000001E-005
 Rotation needed            2           4   1.0000000000000001E-005

 iter       Etot             Eeig             Ehart    de_max   dv_max
   1     -334.9978736     207.0690438     132.0209118 0.17E+01 0.19E+00
 Rotation needed            1           4  -4.3248546283584220E-006
 Rotation needed            2           4  -1.3940835930709621E-005
   2     -323.4532487     194.2800275     133.2418497 0.74E-01 0.91E-02
 Rotation needed            1           4  -1.3727129806264797E-007
 Rotation needed            2           4   4.5988691120047436E-005
   3     -323.5628021     194.3207179     133.3143323 0.29E-02 0.18E-03
 Rotation needed            1           4   1.7700284760515267E-005
 Rotation needed            2           4   2.4678113117965948E-004
   4     -323.5357176     194.2932127     133.3148491 0.17E-03 0.16E-05
 Rotation needed            1           4   1.7999287608896614E-005
 Rotation needed            2           4   2.5265834326418060E-004
   5     -323.5358022     194.2932880     133.3148594 0.18E-05 0.51E-06
 Rotation needed            1           4   1.7987623909846441E-005
 Rotation needed            2           4   2.5273429254871611E-004
   6     -323.5357998     194.2932848     133.3148602 0.69E-07 0.97E-08

 Hartree-Fock converged!
      {100|200}=-7.1D-17
      {100|300}= 2.6D-18
      {200|300}=-3.6D-17

    6 iterations: (units are Ry and bohr)
 Energy:    -323.53579976    Ebs:    -194.29328479
 Eh:         133.31486019    Ex :      -4.07234522

   Orbital    Filling       Eigenvalues    Norm(rc->oo)      Peak
    |100>      2.000         -81.238364
    |200>      2.000          -5.870860      0.034076      0.610401
    |210>      6.000          -3.315481      0.025836      0.550109
    |300>      0.500          -0.363895      0.989823      3.395195


 ===============Configuration 2 SL: Calc ===============
 Rotation needed            1           3   1.0000000000000001E-005

 iter       Etot             Eeig             Ehart    de_max   dv_max
   1      -87.6482166      32.2148212      58.1127264 0.13E+00 0.18E-02
 Rotation needed            1           3   2.7474057074458757E-005
   2      -87.1944250      31.7802990      58.0920910 0.17E-01 0.39E-03
 Rotation needed            1           3   3.2441131221461130E-004
   3      -87.1963974      31.7808522      58.0935678 0.82E-04 0.28E-04
 Rotation needed            1           3   3.3059307371244106E-004
   4      -87.1969738      31.7838855      58.0911438 0.12E-03 0.17E-02
 Rotation needed            1           3   3.3160576730163397E-004
   5      -87.1968828      31.7811799      58.0937345 0.19E-03 0.31E-04
 Rotation needed            1           3   3.3142125008354191E-004
   6      -87.1967961      31.7837540      58.0910962 0.11E-03 0.17E-02
 Rotation needed            1           3   3.3160152170672616E-004
   7      -87.1968597      31.7811628      58.0937280 0.18E-03 0.31E-04
 Rotation needed            1           3   3.3143107105341167E-004
   8      -87.1968023      31.7837585      58.0910978 0.11E-03 0.17E-02
 Rotation needed            1           3   3.3158878069177664E-004
   9      -87.1968600      31.7811630      58.0937281 0.18E-03 0.31E-04
 Rotation needed            1           3   3.3142454804389421E-004
  10      -87.1968022      31.7837585      58.0910977 0.11E-03 0.17E-02
 Rotation needed            1           3   3.3158888051368606E-004
  11      -87.1968600      31.7811629      58.0937280 0.18E-03 0.31E-04
 Rotation needed            1           3   3.3142439550885617E-004
  12      -87.1968022      31.7837585      58.0910977 0.11E-03 0.17E-02
 Rotation needed            1           3   3.3158889005711813E-004
  13      -87.1968600      31.7811629      58.0937280 0.18E-03 0.31E-04
 Rotation needed            1           3   3.3142439075457960E-004
  14      -87.1968022      31.7837585      58.0910977 0.11E-03 0.17E-02
 Rotation needed            1           3   3.3158888985290041E-004
  15      -87.1968600      31.7811629      58.0937280 0.18E-03 0.31E-04
 Rotation needed            1           3   3.3142439004005150E-004
  16      -87.1968022      31.7837585      58.0910977 0.11E-03 0.17E-02
 Rotation needed            1           3   3.3158888928743667E-004
  17      -87.1968600      31.7811629      58.0937280 0.18E-03 0.31E-04
 Rotation needed            1           3   3.3142438946657805E-004
  18      -87.1968022      31.7837585      58.0910977 0.11E-03 0.17E-02
 Rotation needed            1           3   3.3158888872674477E-004
  19      -87.1968600      31.7811630      58.0937280 0.18E-03 0.31E-04
 Rotation needed            1           3   3.3142438891407307E-004
  20      -87.1968022      31.7837585      58.0910977 0.11E-03 0.17E-02
 Rotation needed            1           3   3.3158888818250802E-004
  21      -87.1968600      31.7811630      58.0937280 0.18E-03 0.31E-04
 Rotation needed            1           3   3.3142438837826990E-004
  22      -87.1968022      31.7837585      58.0910977 0.11E-03 0.17E-02
 Rotation needed            1           3   3.3158888765458819E-004
  23      -87.1968600      31.7811630      58.0937280 0.18E-03 0.31E-04
 Rotation needed            1           3   3.3142438785867457E-004
  24      -87.1968022      31.7837585      58.0910977 0.11E-03 0.17E-02
 Rotation needed            1           3   3.3158888714278400E-004
  25      -87.1968600      31.7811630      58.0937280 0.18E-03 0.31E-04
 Rotation needed            1           3   3.3142438735459786E-004
  26      -87.1968022      31.7837585      58.0910977 0.11E-03 0.17E-02
 Rotation needed            1           3   3.3158888664622699E-004
  27      -87.1968600      31.7811630      58.0937280 0.18E-03 0.31E-04
 Rotation needed            1           3   3.3142438686582836E-004
  28      -87.1968022      31.7837585      58.0910977 0.11E-03 0.17E-02
 Rotation needed            1           3   3.3158888616469329E-004
  29      -87.1968600      31.7811630      58.0937280 0.18E-03 0.31E-04
 Rotation needed            1           3   3.3142438639174394E-004
  30      -87.1968022      31.7837585      58.0910977 0.11E-03 0.17E-02
 Rotation needed            1           3   3.3158888569755849E-004
  31      -87.1968600      31.7811630      58.0937280 0.18E-03 0.31E-04
 Rotation needed            1           3   3.3142438593188224E-004
  32      -87.1968022      31.7837585      58.0910977 0.11E-03 0.17E-02
 Rotation needed            1           3   3.3158888524470557E-004
  33      -87.1968600      31.7811630      58.0937280 0.18E-03 0.31E-04
 Rotation needed            1           3   3.3142438548606302E-004
  34      -87.1968022      31.7837585      58.0910977 0.11E-03 0.17E-02
 Rotation needed            1           3   3.3158888480541433E-004
  35      -87.1968600      31.7811630      58.0937280 0.18E-03 0.31E-04
 Rotation needed            1           3   3.3142438505364726E-004
  36      -87.1968022      31.7837585      58.0910977 0.11E-03 0.17E-02
 Rotation needed            1           3   3.3158888437941720E-004
  37      -87.1968600      31.7811630      58.0937280 0.18E-03 0.31E-04
 Rotation needed            1           3   3.3142438463443761E-004
  38      -87.1968022      31.7837585      58.0910977 0.11E-03 0.17E-02
 Rotation needed            1           3   3.3158888396658511E-004
  39      -87.1968600      31.7811630      58.0937280 0.18E-03 0.31E-04
 Rotation needed            1           3   3.3142438422785562E-004
  40      -87.1968022      31.7837585      58.0910977 0.11E-03 0.17E-02
 Rotation needed            1           3   3.3158888356608652E-004
  41      -87.1968562      31.7811640      58.0937220 0.18E-03 0.41E-04
 Rotation needed            1           3   3.3142438383367906E-004
  42      -87.1968124      31.7837626      58.0911044 0.11E-03 0.17E-02
 Rotation needed            1           3   3.3154443921635813E-004
  43      -87.1968581      31.7811654      58.0937225 0.18E-03 0.41E-04
 Rotation needed            1           3   3.3143715872262962E-004
  44      -87.1968121      31.7837622      58.0911045 0.11E-03 0.17E-02
 Rotation needed            1           3   3.3154342445884953E-004
  45      -87.1949430      31.7796880      58.0932555 0.18E-03 0.64E-04
 Rotation needed            1           3   3.3143785897135386E-004
  46      -87.1973576      31.7841685      58.0912490 0.19E-03 0.17E-02
 Rotation needed            1           3   3.3147791879233187E-004
  47      -87.1948693      31.7796377      58.0932303 0.20E-03 0.71E-04
 Rotation needed            1           3   3.3143148459787054E-004
  48      -87.1973892      31.7841924      58.0912570 0.20E-03 0.17E-02
 Rotation needed            1           3   3.3147461517413668E-004
  49      -87.1948370      31.7796347      58.0931975 0.20E-03 0.86E-04
 Rotation needed            1           3   3.3143122949804885E-004
  50      -87.1974275      31.7842556      58.0912338 0.20E-03 0.17E-02
 Rotation needed            1           3   3.3135809565000524E-004
  51      -87.1955787      31.7802331      58.0933532 0.17E-03 0.63E-04
 Rotation needed            1           3   3.3140594548495189E-004
  52      -87.1972385      31.7841237      58.0911752 0.17E-03 0.17E-02
 Rotation needed            1           3   3.3149039496261522E-004
  53      -87.1958348      31.7804499      58.0933959 0.16E-03 0.77E-04
 Rotation needed            1           3   3.3141313880544269E-004
  54      -87.1971766      31.7840804      58.0911559 0.15E-03 0.17E-02
 Rotation needed            1           3   3.3148698199757964E-004
  55      -87.1959171      31.7805207      58.0934084 0.15E-03 0.87E-04
 Rotation needed            1           3   3.3140957255596939E-004
  56      -87.1971567      31.7840664      58.0911498 0.15E-03 0.17E-02
 Rotation needed            1           3   3.3148411270966723E-004
  57      -87.1959432      31.7805433      58.0934123 0.15E-03 0.90E-04
 Rotation needed            1           3   3.3140831542521101E-004
  58      -87.1971504      31.7840620      58.0911479 0.15E-03 0.17E-02
 Rotation needed            1           3   3.3148315273053111E-004
  59      -87.1959515      31.7805504      58.0934135 0.15E-03 0.91E-04
 Rotation needed            1           3   3.3140791839121299E-004
  60      -87.1971484      31.7840606      58.0911473 0.15E-03 0.17E-02
 Rotation needed            1           3   3.3148284761893941E-004
  61      -87.1959769      31.7806747      58.0933147 0.15E-03 0.26E-03
 Rotation needed            1           3   3.3140779305755396E-004
  62      -87.1971367      31.7840208      58.0911743 0.15E-03 0.17E-02
 Rotation needed            1           3   3.3150481006710762E-004
  63      -87.1953743      31.7800935      58.0932820 0.17E-03 0.19E-03
 Rotation needed            1           3   3.3142650364062823E-004
  64      -87.1973094      31.7841709      58.0911993 0.18E-03 0.17E-02
 Rotation needed            1           3   3.3136674594160881E-004
  65      -87.1957989      31.7805164      58.0932888 0.16E-03 0.38E-03
 Rotation needed            1           3   3.3140101962883414E-004
  66      -87.1969281      31.7815155      58.0934433 0.51E-04 0.37E-03
 Rotation needed            1           3   3.3136762583378844E-004
  67      -87.1967962      31.7837719      58.0910790 0.95E-04 0.17E-02
 Rotation needed            1           3   3.3150872626651470E-004
  68      -87.1956082      31.7802944      58.0933184 0.15E-03 0.26E-03
 Rotation needed            1           3   3.3141433008941520E-004
  69      -87.1968070      31.7813701      58.0934630 0.54E-04 0.55E-03

 Hartree-Fock converged!
      {100|200}=-7.3D-17

   69 iterations: (units are Ry and bohr)
 Energy:     -87.19680697    Ebs:     -31.78137007
 Eh:          58.09346296    Ex :      -2.67802607

   Orbital    Filling       Eigenvalues    Norm(rc->oo)      Peak
    |100>      2.000          -5.867043      0.034125      0.626480
    |210>      6.000          -3.313015      0.025858      0.802006
    |200>      0.500          -0.338386      0.988178      3.351343


 ===============Configuration 3 AE Calc=============== 
 Rotation needed            1           2   1.0000000000000001E-005
 Rotation needed            1           4   1.0000000000000001E-005
 Rotation needed            2           4   1.0000000000000001E-005

 iter       Etot             Eeig             Ehart    de_max   dv_max
   1     -334.4034422     209.0586859     129.4336297 0.16E+01 0.19E+00
 method 1  unable to solve equation for electron 3 0
          nc =   1   nj = 526   ed =   0.203540   el =   0.081633   eu =   0.325447
 HF solver failed:  #fails=           1
 Solve for HF wfn failed, orthogonalizing...
 method 1  unable to solve equation for electron 3 0
          nc =   1   nj = 526   ed =   0.203540   el =   0.081633   eu =   0.325447
 HF solver failed:  #fails=           2
   2     -323.3526312     196.9055174     130.5042851 0.16E+00 0.57E-02
   3     -323.3542341     196.9003585     130.5094519 0.72E-01 0.71E-04
   4     -323.3539064     196.9000579     130.5093988 0.54E-02 0.13E-05
   5     -323.3539525     196.9000767     130.5094270 0.92E-06 0.78E-06
   6     -323.3539104     196.9000507     130.5094102 0.49E-06 0.38E-06
   7     -323.3539329     196.9000649     130.5094189 0.24E-06 0.19E-06
   8     -323.3539211     196.9000576     130.5094143 0.12E-06 0.10E-06

 Hartree-Fock converged!
      {100|200}= 5.2D-17

    8 iterations: (units are Ry and bohr)
 Energy:    -323.35392114    Ebs:    -196.90005757
 Eh:         130.50941426    Ex :      -4.05555069

   Orbital    Filling       Eigenvalues    Norm(rc->oo)      Peak
    |100>      2.000         -81.519500
    |200>      2.000          -6.147375      0.034066      0.610401
    |210>      6.000          -3.594385      0.025434      0.550109
    |300>      0.000          -0.363603      0.989884      3.395195


 ===============Configuration 3 SL: Calc ===============
 Rotation needed            1           3   1.0000000000000001E-005

 iter       Etot             Eeig             Ehart    de_max   dv_max
   1      -87.0273432      33.8610625      55.8294824 0.14E+00 0.97E-06
   2      -87.0273371      33.8610577      55.8294811 0.11E-01 0.16E-06
   3      -87.0273376      33.8610583      55.8294810 0.27E-02 0.20E-07
   4      -87.0273375      33.8610583      55.8294810 0.12E-05 0.25E-08
   5      -87.0273376      33.8610583      55.8294810 0.10E-06 0.18E-09

 Hartree-Fock converged!

    5 iterations: (units are Ry and bohr)
 Energy:     -87.02733755    Ebs:     -33.86105828
 Eh:          55.82948101    Ex :      -2.66320174

   Orbital    Filling       Eigenvalues    Norm(rc->oo)      Peak
    |100>      2.000          -6.147375      0.034066      0.626480
    |210>      6.000          -3.594385      0.025434      0.802006
    |200>      0.000          -0.338066      0.988273      3.351343
   ------------------------------------------------
   ================================================

 ======================================================================== 
 Begin KE convergence testing
 ======================================================================== 
 ----------------------------------------------------------------------
                     Kinetic energy convergence
      ==============================|100>==============================
      Ecut(Ry)  KE/electron(Ry)         KE error/electron (mRy,meV)
        19       3.192390837                73.137428     995.085910
        28       3.258731498                 6.796767      92.474770
        36       3.264848220                 0.680045       9.252488
        42       3.265466678                 0.061587       0.837933
      ==============================|210>==============================
      Ecut(Ry)  KE/electron(Ry)         KE error/electron (mRy,meV)
        30       6.656376794                72.239855     982.873791
        37       6.721501368                 7.115281      96.808372
        44       6.727966261                 0.650388       8.848978
        48       6.728549009                 0.067639       0.920282
      ==============================|200>==============================
      Ecut(Ry)  KE/electron(Ry)         KE error/electron (mRy,meV)
        19       3.192390837                73.137428     995.085910
        28       3.258731498                 6.796767      92.474770
        36       3.264848220                 0.680045       9.252488
        42       3.265466678                 0.061587       0.837933

 ======================================================================== 
 End KE convergence testing
 ======================================================================== 
<<<do_rpt>>>
<<<do_upf>>>
------------- closing opium session ------------
