##########################################################
#    Opium Report File                                   #
##########################################################
     Opium version:        3.8

### copy of the parameter file #######################

[Atom]
Na
4
100   2.00   -
200   2.00   -
210   6.00   -
300   0.00   -

[Pseudo]
3 1.55 1.85 0.80
opt             # no one uses kerker, use opt for real potentials

[Optinfo]
7.07     10
7.07     10
7.07     10
conmax             # when "NEW" minimization breaks, use conmax

[Configs]
3
#
200   2.00   -
210   6.00   -
300   1.00   -

#
200   2.00   -
210   6.00   -
300   0.50   -

#
200   2.00   -
210   6.00   -
300   0.00   -

[XC]
hf

### AE report ########################################

 AE:Orbital    Filling       Eigenvalues[Ry]          Norm
    ----------------------------------------------------------
	100	 2.000	     -81.5194999793
	200	 2.000	      -6.1473749411	  0.0340656232
	210	 6.000	      -3.5943847569	  0.0254337747
	300	 0.000	      -0.3636028581	  0.9898833228

      E_tot =     -323.3539229048 Ry

### PS report ########################################



 NOTICE!! :Ghost testing not done for HF psps yet, sorry :( 
    ====================Optimized pseudopotential method====================

                       Pseudopotential convergence error                      
    Orbital      [mRy/e]       [meV/e]         [mRy]        [meV]        Ghost
    --------------------------------------------------------------------------
	100       0.001934      0.026310      0.003868      0.052620	   ???
	210       0.045792      0.623031      0.274751      3.738185	   ???

                  Tot. error =               0.278619      3.790805


### NL/SL report #####################################



 NOTICE!! :Ghost testing not done for HF psps yet, sorry :( 

 SL:Orbital    Filling       Eigenvalues[Ry]          Norm       Ghost
    ------------------------------------------------------------------
	100 	 2.000	      -6.1473749381	  0.0340656200	   ???
	210 	 6.000	      -3.5943847347	  0.0254337746	   ???
	200 	 0.000	      -0.3380662826	  0.9882725674	   ???

      E_tot =      -87.0273375505 Ry

### KE report ########################################

	 ===   Ecut necessary for ~1    eV convergence error / electron === 
	 --------------------------------------------------------------- 
		 	 Ecut[Ry] 	 error [meV/e] 
	100  		   19 	          995.086 
	210  		   30 	          982.874 
	200  		   19 	          995.086 
	 ===   Ecut necessary for ~100 meV convergence error / electron === 
	 --------------------------------------------------------------- 
		 	 Ecut[Ry] 	 error [meV/e] 
	100  		   28 	           92.475 
	210  		   37 	           96.808 
	200  		   28 	           92.475 

	 ===   Ecut necessary for  ~10 meV convergence error / electron === 
	 --------------------------------------------------------------- 
		 	 Ecut[Ry] 	 error [meV/e] 
	100  		   36 	            9.252 
	210  		   44 	            8.849 
	200  		   36 	            9.252 

	 ===   Ecut necessary for   ~1 meV convergence error / electron === 
	 --------------------------------------------------------------- 
		 	 Ecut[Ry] 	 error [meV/e] 
	100  		   42 	            0.838 
	210  		   48 	            0.920 
	200  		   42 	            0.838 

### TC report ########################################

 AE:Orbital    Filling       Eigenvalues[Ry]          Norm
    ----------------------------------------------------------
	100	 2.000	     -80.9570027425
	200	 2.000	      -5.5940529760	  0.0341103884
	210	 6.000	      -3.0362806037	  0.0262570677
	300	 1.000	      -0.3642053091	  0.9897278425

      E_tot =     -323.7178270919 Ry


 NOTICE!! :Ghost testing not done for HF psps yet, sorry :( 

 SL:Orbital    Filling       Eigenvalues[Ry]          Norm       Ghost
    ------------------------------------------------------------------
	100 	 2.000	      -5.5862564851	  0.0342077041	   ???
	210 	 6.000	      -3.0311002385	  0.0263029141	   ???
	200 	 1.000	      -0.3387209662	  0.9880356650	   ???

      E_tot =      -87.3653524045 Ry

 AE-SL:Orbital Filling       Eigenvalues[mRy]         Norm[1e-3] 
 AE-SL- --------------------------------------------------------------
 AE-SL- 100 	 2.000	      -7.7964909393	 -0.0973156936	
 AE-SL- 210 	 6.000	      -5.1803651079	 -0.0458464293	
 AE-SL- 200 	 1.000	     -25.4843428777	  1.6921775275	
 AE-SL-  total error =	      38.4611989249	  1.8353396503

 =====================================================================
 AE:Orbital    Filling       Eigenvalues[Ry]          Norm
    ----------------------------------------------------------
	100	 2.000	     -81.2383642471
	200	 2.000	      -5.8708601173	  0.0340756346
	210	 6.000	      -3.3154814247	  0.0258364447
	300	 0.500	      -0.3638950245	  0.9898228395

      E_tot =     -323.5357997568 Ry


 NOTICE!! :Ghost testing not done for HF psps yet, sorry :( 

 SL:Orbital    Filling       Eigenvalues[Ry]          Norm       Ghost
    ------------------------------------------------------------------
	100 	 2.000	      -5.8670431928	  0.0341248677	   ???
	210 	 6.000	      -3.3130150938	  0.0258576811	   ???
	200 	 0.500	      -0.3383862465	  0.9881780245	   ???

      E_tot =      -87.1968069657 Ry

 AE-SL:Orbital Filling       Eigenvalues[mRy]         Norm[1e-3] 
 AE-SL- --------------------------------------------------------------
 AE-SL- 100 	 2.000	      -3.8169244834	 -0.0492331072	
 AE-SL- 210 	 6.000	      -2.4663309087	 -0.0212364632	
 AE-SL- 200 	 0.500	     -25.5087780365	  1.6448150141	
 AE-SL-  total error =	      31.7920334285	  1.7152845845

 =====================================================================
 AE:Orbital    Filling       Eigenvalues[Ry]          Norm
    ----------------------------------------------------------
	100	 2.000	     -81.5194998214
	200	 2.000	      -6.1473748741	  0.0340656245
	210	 6.000	      -3.5943846961	  0.0254337760
	300	 0.000	      -0.3636028603	  0.9898843644

      E_tot =     -323.3539211437 Ry


 NOTICE!! :Ghost testing not done for HF psps yet, sorry :( 

 SL:Orbital    Filling       Eigenvalues[Ry]          Norm       Ghost
    ------------------------------------------------------------------
	100 	 2.000	      -6.1473749381	  0.0340656200	   ???
	210 	 6.000	      -3.5943847347	  0.0254337746	   ???
	200 	 0.000	      -0.3380662826	  0.9882725674	   ???

      E_tot =      -87.0273375505 Ry

 AE-SL:Orbital Filling       Eigenvalues[mRy]         Norm[1e-3] 
 AE-SL- --------------------------------------------------------------
 AE-SL- 100 	 2.000	       0.0000640731	  0.0000044796	
 AE-SL- 210 	 6.000	       0.0000385820	  0.0000013825	
 AE-SL- 200 	 0.000	     -25.5365776545	  1.6117969377	
 AE-SL-  total error =	      25.5366803096	  1.6118027998

 =====================================================================

  Comparison of total energy differences.           
   DD_ij = (E_i - E_j)_AE - (E_i-E_j)_SL     

 AE-SL-   i   j         DD[mRy]        DD[meV] 
 AE-SL- ------------------------------------------
 AE-SL-   0   1        25.889333     352.242500
 AE-SL-   0   2        12.407437     168.811864
 AE-SL-   0   3        -0.001761      -0.023961
 AE-SL-   1   2       -13.481896    -183.430636
 AE-SL-   1   3       -25.891094    -352.266461
 AE-SL-   2   3       -12.409198    -168.835824
