
 ++++++++++++++++++++++++++++++++++++++++++++++++++++++++++++++++++++++++
           OPIUM  Version:        3.8                             
           =====================================            
 See http://opium.sourceforge.net for help and information                 
 Copyright 2009 : The OPIUM project                         

 Compile host     : vagvlan567.217.wlan.design.upenn.edu
 Compile OS       : Darwin 14.1.0 i386
 Compile date     : Wed Mar 18 18:57:27 EDT 2015

 Execution host   : vagvlan567.215.wlan.design.upenn.edu
 time of execution: Wed Oct 14 12:41:04 2015

 ++++++++++++++++++++++++++++++++++++++++++++++++++++++++++++++++++++++++
 Reading parameter file:  <be.param> ... 
 File prefix             : be 
 Element                 : Beryllium  (Be) 
 Z                       : 4 
 
 Number of all-electron orbitals   : 3 
 Number of pseudo       orbitals   : 2 
 
 Pseudopotential is non-relativistic 
 Exchage-correlation functional is : Perdew, Burke, Ernzerhof GGA 
 GGA smoothed from 0 to 0.001000 bohr using switch to LDA 
 The s potential is used for the KB construction 
 Optimized (RRKJ) pseudopotential method will be used 

 nl    cutoff radii    q-max      # bessel functions
 2s       1.600        7.070              10 
 2p       1.600        7.070              10 

 Reference Configuration: core  <-/-> valence 
 1s2  <-/-> 2s1  2p0 

 Grid definitions: 
 a_grid=1.00e-04    b_grid=1.30e-02    # points=1112 
 r(1)=6.30e-05      r(np)=1.18e+02    

 dEmax tolerance:  1.00e-08      dVmax tolerance:  1.00e-06     

 Starting calculation...

 ======================================================================== 
 Begin AE calculation
 ======================================================================== 
 Performing non-relativistic AE calculation...  
 ---------Eigenvalue guesses---------
 1s           -11.00000000
 2s            -0.68000000
 2p            -0.68000000

 iter       Etot             Ebs             Ehxc       de_max   dv_max
   1      -36.4521259     -25.1240454     -11.3280805 0.14E+01 0.20E+01
   2      -32.2986270     -21.5272983     -10.7713287 0.27E+00 0.10E+01
   3      -28.8003442     -18.5232446     -10.2770996 0.28E+00 0.14E+00
   4      -28.5487180     -18.2922459     -10.2564721 0.29E-01 0.42E-01
   5      -28.5475056     -18.3006079     -10.2468977 0.14E-02 0.67E-02
   6      -28.5528421     -18.3100697     -10.2427723 0.11E-02 0.34E-02
   7      -28.5558168     -18.3148299     -10.2409869 0.63E-03 0.17E-02
   8      -28.5571149     -18.3169055     -10.2402094 0.27E-03 0.88E-03
   9      -28.5573138     -18.3174658     -10.2398481 0.70E-04 0.89E-03
  10      -28.5575465     -18.3178614     -10.2396852 0.52E-04 0.68E-03
  11      -28.5577746     -18.3181565     -10.2396181 0.51E-04 0.24E-03
  12      -28.5579253     -18.3183352     -10.2395900 0.24E-04 0.16E-03
  13      -28.5580142     -18.3184363     -10.2395779 0.99E-05 0.11E-03
  14      -28.5580656     -18.3184931     -10.2395724 0.56E-05 0.67E-04
  15      -28.5580943     -18.3185247     -10.2395696 0.36E-05 0.42E-04
  16      -28.5581100     -18.3185420     -10.2395680 0.23E-05 0.28E-04
  17      -28.5581185     -18.3185515     -10.2395670 0.15E-05 0.19E-04
  18      -28.5581231     -18.3185568     -10.2395663 0.91E-06 0.12E-04
  19      -28.5581257     -18.3185599     -10.2395658 0.57E-06 0.78E-05
  20      -28.5581270     -18.3185615     -10.2395655 0.35E-06 0.50E-05
  21      -28.5581279     -18.3185627     -10.2395652 0.22E-06 0.32E-05
  22      -28.5581284     -18.3185633     -10.2395651 0.13E-06 0.20E-05
  23      -28.5581287     -18.3185637     -10.2395650 0.93E-07 0.13E-05
  24      -28.5581289     -18.3185640     -10.2395649 0.48E-07 0.80E-06
  25      -28.5581290     -18.3185641     -10.2395649 0.29E-07 0.51E-06
  26      -28.5581291     -18.3185642     -10.2395649 0.18E-07 0.32E-06
  27      -28.5581291     -18.3185643     -10.2395648 0.11E-07 0.20E-06
  28      -28.5581291     -18.3185643     -10.2395648 0.66E-08 0.12E-06

   28 iterations: (units are Ry and bohr)
 Energy:     -28.55812913  Ebs:     -18.31856430  Ehxc:     -10.23956484
 Eh    :      11.62119253  Exc:      -4.99049243

   Orbital    Filling       Eigenvalues    Norm(rc->oo)      Peak
    |100>      2.000          -8.655895
    |200>      1.000          -1.006774      0.764618      1.889971
    |210>      0.000          -0.718566      0.741611      1.889971

 ======================================================================== 
 End AE calculation
 ======================================================================== 

 ======================================================================== 
 Begin PS construction
 ======================================================================== 
 Optimized Pseudopotential Generation ...

 ==================
 zeff=   2.0000000000000000     
 Pseudizing state : |200>
 eigenvalue       : -1.006774
 qc               :  7.070000
 # bessel fxns    : 10
 point nearest rc :  781
 rc               :  1.600000
 actual rc        :  1.596097

 Psi(rc)          :     0.4159473004
 Slope at rc      :    -0.1377971654
 Curvature at rc  :    -0.3136686035
 Del^2 Psi at rc  :    -0.4863362210
 Log Deriv at rc  :    -0.3312851538

 Error in constraints
   1        -0.29543E-12
   2         0.29543E-12
   3        -0.24378E-11
   4         0.24378E-11
   5        -0.44385E-05
   6         0.44385E-05
   7         0.15524E-05
   8         0.15524E-05
   9         0.00000E+00
  10         0.44385E-05
 Bessel wavevectors and final coefficients
   1        0.7488577347        0.4753163709
   2        2.8886295204       -0.2439070769
   3        4.8829041716       -0.0508092474
   4        6.8620973915        0.0004692178
   5        8.8364077883       -0.0010357744
   6       10.8085201514        0.0005375275
   7       12.7794542866       -0.0001254815
   8       14.7496832398       -0.0000992618
   9       16.7194565922        0.0002035433
  10       18.6889185293       -0.0003612129

 Total KE           (Ry) :     0.4264521400
 0  -> qc contribution   :     0.4264505876
 qc -> oo contribution   :     0.0000015524   (=Convergence term)
 Occupancy of this state :     1.0000000000
 Convergence term (Ry/e) :     0.0000015524
 Convergence error (mRy) :     0.0015524038
 Convergence error (meV) :     0.0211216959


 ==================
 zeff=   2.0000000000000000     
 Pseudizing state : |210>
 eigenvalue       : -0.718566
 qc               :  7.070000
 # bessel fxns    : 10
 point nearest rc :  781
 rc               :  1.600000
 actual rc        :  1.596097

 Psi(rc)          :     0.3835560809
 Slope at rc      :    -0.1712859641
 Curvature at rc  :    -0.0432560041
 Del^2 Psi at rc  :    -0.5590073220
 Log Deriv at rc  :    -0.4465734547

 Error in constraints
   1        -0.47325E-11
   2         0.47325E-11
   3         0.87071E-11
   4        -0.87071E-11
   5        -0.45443E-07
   6         0.45443E-07
   7         0.23955E-05
   8         0.23955E-05
   9         0.00000E+00
  10         0.45443E-07
 Bessel wavevectors and final coefficients
   1        1.6228815296        1.0581465461
   2        3.8009978476        0.3141345772
   3        5.8172887911        0.0504194470
   4        7.8081667829        0.0009114694
   5        9.7897125900       -0.0003376335
   6       11.7667469672        0.0001363977
   7       13.7412469937       -0.0000277127
   8       15.7141786591       -0.0000900678
   9       17.6860712969        0.0001411062
  10       19.6572396940       -0.0002169976

 Total KE           (Ry) :     1.1401452840
 0  -> qc contribution   :     1.1401428885
 qc -> oo contribution   :     0.0000023955   (=Convergence term)
 Occupancy of this state :     0.0000000000
 Convergence term (Ry/e) :     0.0000023955
 Convergence error (mRy) :     0.0000000000
 Convergence error (meV) :     0.0000000000

 ------------------------------
 Descreening potential
 valence charge          :   1.000000
 core    charge          :   0.000000

 ----Solving the Schrodinger equation for all states----
 State: 2s  AE eigenvalue =  -1.006774  PS eigenvalue =  -1.006774
 State: 2p  AE eigenvalue =  -0.718566  PS eigenvalue =  -0.718566

 ---Semilocal ghost testing---
 Local state: 2s

 Test  state: 2p
 KB energy :  -7.068985  KB strength:   1.963947  KB cosine:  -0.277826
 el0       :  -0.533053  el1        :  -0.160473  eig      :  -0.718566
 No ghosts!  Ekb<0  and eig < el0

 No ghosts for local potential: 2s
 ------------------------------

 Local state: 2p

 Test  state: 2s
 KB energy :   6.188297  KB strength:   1.450839  KB cosine:   0.234449
 el0       :  -3.225702  el1        :  -0.598428  eig      :  -1.006774
 No ghosts!  Ekb>0  and el0 < eig < el1

 No ghosts for local potential: 2p
 ------------------------------


 ======================================================================== 
 End PS construction
 ======================================================================== 

 ======================================================================== 
 Begin NL calculation
 ======================================================================== 
 ---------Eigenvalue guesses---------
 1s            -1.00677401
 2p            -0.71856649
 Performing non-local pseudopotential calculation
 Using the s potential as the local potential

 iter       Etot             Ebs             Ehxc       de_max   dv_max
   1       -1.3002136      -1.0067740      -0.2934396 0.00E+00 0.76E-09

 Converged in 1 iteration (probably reference state)
 Energy:      -1.30021357  Ebs:      -1.00677401  Ehxc:      -0.29343956
 Eh    :       0.39344322  Exc:      -0.35255707

   Orbital    Filling       Eigenvalues    Norm(rc->oo)      Peak
    |100>      1.000          -1.006774      0.764622      1.889971
    |210>      0.000          -0.718566      0.741611      1.889971

 ---Non-local ghost testing---
 Local state: 1s

 Test  state: 1s
 ...seems like this angular momentum is the local part!

 Test  state: 2p
 KB energy :  -7.068985  KB strength:   1.963947  KB cosine:  -0.277826
 el0       :  -0.533053  el1        :  -0.160473  eig      :  -0.718566
 No ghosts!  Ekb<0  and eig < el0
 ------------------------------

 No ghosts present for local potential


 ======================================================================== 
 End NL calculation
 ======================================================================== 
<<<do_tc>>>


 ===============Configuration 1 AE Calc=============== 
 ---------Eigenvalue guesses---------
 1s           -11.00000000
 2s            -1.00000000
 2p            -1.00000000

 iter       Etot             Ebs             Ehxc       de_max   dv_max
   1      -32.2889693     -19.1231563     -13.1658129 0.65E+00 0.20E+01
   2      -30.7197830     -17.7537752     -12.9660078 0.27E+00 0.10E+01
   3      -29.4122671     -16.5719239     -12.8403432 0.36E+00 0.29E-01
   4      -29.2661885     -16.4350287     -12.8311598 0.85E-01 0.47E-02
   5      -29.2537870     -16.4271616     -12.8266254 0.76E-02 0.43E-02
   6      -29.2547849     -16.4298474     -12.8249375 0.33E-03 0.30E-02
   7      -29.2593198     -16.4345120     -12.8248078 0.78E-03 0.36E-03
   8      -29.2599412     -16.4351123     -12.8248289 0.38E-04 0.24E-03
   9      -29.2600044     -16.4351562     -12.8248481 0.90E-04 0.20E-03
  10      -29.2600014     -16.4351438     -12.8248575 0.80E-04 0.15E-03
  11      -29.2599911     -16.4351300     -12.8248611 0.56E-04 0.11E-03
  12      -29.2599827     -16.4351207     -12.8248620 0.35E-04 0.70E-04
  13      -29.2599773     -16.4351154     -12.8248619 0.20E-04 0.44E-04
  14      -29.2599744     -16.4351127     -12.8248617 0.11E-04 0.28E-04
  15      -29.2599729     -16.4351114     -12.8248615 0.61E-05 0.17E-04
  16      -29.2599723     -16.4351109     -12.8248614 0.32E-05 0.10E-04
  17      -29.2599720     -16.4351107     -12.8248613 0.17E-05 0.64E-05
  18      -29.2599719     -16.4351106     -12.8248613 0.87E-06 0.39E-05
  19      -29.2599719     -16.4351106     -12.8248613 0.47E-06 0.24E-05
  20      -29.2599720     -16.4351107     -12.8248613 0.26E-06 0.15E-05
  21      -29.2599720     -16.4351107     -12.8248613 0.15E-06 0.90E-06
  22      -29.2599720     -16.4351107     -12.8248613 0.81E-07 0.55E-06
  23      -29.2599720     -16.4351107     -12.8248613 0.59E-07 0.34E-06
  24      -29.2599720     -16.4351107     -12.8248613 0.30E-07 0.21E-06
  25      -29.2599720     -16.4351107     -12.8248613 0.18E-07 0.13E-06
  26      -29.2599720     -16.4351107     -12.8248613 0.11E-07 0.77E-07
  27      -29.2599720     -16.4351107     -12.8248613 0.68E-08 0.47E-07

   27 iterations: (units are Ry and bohr)
 Energy:     -29.25997202  Ebs:     -16.43511067  Ehxc:     -12.82486135
 Eh    :      14.33741843  Exc:      -5.43805249

   Orbital    Filling       Eigenvalues    Norm(rc->oo)      Peak
    |100>      2.000          -7.805311
    |200>      2.000          -0.412244      0.821972      2.043291
    |210>      0.000          -0.148437      0.852275      2.296903


 ===============Configuration 1 NL: Calc ===============
 ---------Eigenvalue guesses---------
 1s            -1.00677401
 2p            -0.71856649
 Performing non-local pseudopotential calculation
 Using the s potential as the local potential

 iter       Etot             Ebs             Ehxc       de_max   dv_max
   1       -3.3403319      -2.0135480      -1.3267839 0.00E+00 0.20E+01
   2       -2.6593631      -1.4034312      -1.2559320 0.41E+00 0.40E+01
   3       -2.0425341      -0.8616742      -1.1808600 0.61E+00 0.40E+01
   4       -2.0020784      -0.8237333      -1.1783451 0.11E+00 0.40E+01
   5       -2.0018443      -0.8244284      -1.1774159 0.17E-02 0.20E+01
   6       -2.0024061      -0.8253404      -1.1770657 0.28E-02 0.90E-03
   7       -2.0026804      -0.8257468      -1.1769336 0.12E-02 0.39E-03
   8       -2.0027891      -0.8259062      -1.1768829 0.49E-03 0.17E-03
   9       -2.0028060      -0.8259450      -1.1768610 0.12E-03 0.17E-03
  10       -2.0028223      -0.8259701      -1.1768521 0.80E-04 0.12E-03
  11       -2.0028363      -0.8259873      -1.1768490 0.55E-04 0.78E-04
  12       -2.0028459      -0.8259977      -1.1768482 0.34E-04 0.47E-04
  13       -2.0028517      -0.8260035      -1.1768482 0.19E-04 0.27E-04
  14       -2.0028547      -0.8260065      -1.1768483 0.10E-04 0.15E-04
  15       -2.0028563      -0.8260079      -1.1768484 0.51E-05 0.81E-05
  16       -2.0028570      -0.8260086      -1.1768484 0.25E-05 0.45E-05
  17       -2.0028573      -0.8260089      -1.1768484 0.12E-05 0.27E-05
  18       -2.0028575      -0.8260090      -1.1768484 0.61E-06 0.16E-05
  19       -2.0028575      -0.8260091      -1.1768484 0.33E-06 0.10E-05
  20       -2.0028576      -0.8260091      -1.1768484 0.19E-06 0.63E-06
  21       -2.0028576      -0.8260092      -1.1768484 0.11E-06 0.40E-06
  22       -2.0028576      -0.8260092      -1.1768484 0.85E-07 0.25E-06
  23       -2.0028576      -0.8260092      -1.1768484 0.47E-07 0.16E-06
  24       -2.0028576      -0.8260092      -1.1768484 0.31E-07 0.97E-07
  25       -2.0028576      -0.8260092      -1.1768484 0.19E-07 0.60E-07
  26       -2.0028576      -0.8260092      -1.1768484 0.12E-07 0.37E-07
  27       -2.0028576      -0.8260092      -1.1768484 0.75E-08 0.23E-07

   27 iterations: (units are Ry and bohr)
 Energy:      -2.00285760  Ebs:      -0.82600921  Ehxc:      -1.17684839
 Eh    :       1.39724466  Exc:      -0.76583025

   Orbital    Filling       Eigenvalues    Norm(rc->oo)      Peak
    |100>      2.000          -0.413005      0.819541      2.043291
    |210>      0.000          -0.149935      0.846759      2.267236

 ---Non-local ghost testing---
 Local state: 1s

 Test  state: 1s
 ...seems like this angular momentum is the local part!

 Test  state: 2p
 !WARNING! : schsl found a positive eigenvalue. n,l=:   3   1
 !WARNING! No solution for 1st excited state of local potential.  Setting e=0.0
 KB energy :  -7.068985  KB strength:   1.963947  KB cosine:  -0.277826
 el0       :  -0.063067  el1        :   0.000000  eig      :  -0.149935
 No ghosts!  Ekb<0  and eig < el0
 ------------------------------

 No ghosts present for local potential



 ===============Configuration 2 AE Calc=============== 
 ---------Eigenvalue guesses---------
 1s           -11.00000000
 2s            -1.00000000
 2p            -1.00000000

 iter       Etot             Ebs             Ehxc       de_max   dv_max
   1      -34.8863812     -22.3968476     -12.4895336 0.17E+00 0.20E+01
   2      -31.6853075     -19.7159796     -11.9693278 0.28E+00 0.10E+01
   3      -29.1627563     -17.6010529     -11.5617035 0.28E+00 0.94E-01
   4      -28.9760143     -17.4300835     -11.5459308 0.33E-01 0.36E-01
   5      -28.9763219     -17.4368050     -11.5395169 0.11E-02 0.43E-02
   6      -28.9803849     -17.4433568     -11.5370281 0.94E-03 0.21E-02
   7      -28.9823230     -17.4462573     -11.5360657 0.36E-03 0.10E-02
   8      -28.9830847     -17.4474006     -11.5356842 0.12E-03 0.51E-03
   9      -28.9832032     -17.4476899     -11.5355132 0.18E-04 0.51E-03
  10      -28.9833233     -17.4478833     -11.5354400 0.11E-04 0.39E-03
  11      -28.9834359     -17.4480218     -11.5354141 0.12E-04 0.21E-03
  12      -28.9835088     -17.4481036     -11.5354052 0.48E-05 0.14E-03
  13      -28.9835510     -17.4481490     -11.5354020 0.27E-05 0.90E-04
  14      -28.9835743     -17.4481737     -11.5354006 0.15E-05 0.57E-04
  15      -28.9835867     -17.4481868     -11.5353999 0.78E-06 0.35E-04
  16      -28.9835931     -17.4481937     -11.5353994 0.41E-06 0.22E-04
  17      -28.9835965     -17.4481975     -11.5353990 0.26E-06 0.14E-04
  18      -28.9835982     -17.4481995     -11.5353987 0.22E-06 0.86E-05
  19      -28.9835991     -17.4482007     -11.5353984 0.15E-06 0.54E-05
  20      -28.9835996     -17.4482013     -11.5353983 0.12E-06 0.33E-05
  21      -28.9836001     -17.4482020     -11.5353981 0.72E-07 0.21E-05
  22      -28.9836003     -17.4482022     -11.5353981 0.48E-07 0.13E-05
  23      -28.9836004     -17.4482024     -11.5353980 0.32E-07 0.81E-06
  24      -28.9836005     -17.4482025     -11.5353980 0.20E-07 0.51E-06
  25      -28.9836006     -17.4482026     -11.5353980 0.23E-07 0.32E-06
  26      -28.9836006     -17.4482026     -11.5353980 0.76E-08 0.20E-06

   26 iterations: (units are Ry and bohr)
 Energy:     -28.98360058  Ebs:     -17.44820263  Ehxc:     -11.53539795
 Eh    :      12.98445222  Exc:      -5.22224482

   Orbital    Filling       Eigenvalues    Norm(rc->oo)      Peak
    |100>      2.000          -8.200628
    |200>      1.500          -0.697965      0.794277      1.965136
    |210>      0.000          -0.416750      0.795892      2.070027


 ===============Configuration 2 NL: Calc ===============
 ---------Eigenvalue guesses---------
 1s            -1.00677401
 2p            -0.71856649
 Performing non-local pseudopotential calculation
 Using the s potential as the local potential

 iter       Etot             Ebs             Ehxc       de_max   dv_max
   1       -2.2258207      -1.5101610      -0.7156597 0.00E+00 0.10E+01
   2       -1.9818193      -1.2837854      -0.6980338 0.21E+00 0.40E+01
   3       -1.7462641      -1.0669578      -0.6793063 0.25E+00 0.40E+01
   4       -1.7268939      -1.0484536      -0.6784403 0.27E-01 0.20E+01
   5       -1.7256363      -1.0476673      -0.6779690 0.12E-02 0.40E+01
   6       -1.7257608      -1.0480125      -0.6777482 0.54E-03 0.20E+01
   7       -1.7258949      -1.0482493      -0.6776455 0.37E-03 0.27E-03
   8       -1.7259624      -1.0483640      -0.6775984 0.18E-03 0.13E-03
   9       -1.7259737      -1.0483974      -0.6775762 0.53E-04 0.13E-03
  10       -1.7259879      -1.0484217      -0.6775662 0.38E-04 0.97E-04
  11       -1.7260011      -1.0484391      -0.6775619 0.27E-04 0.63E-04
  12       -1.7260105      -1.0484503      -0.6775602 0.18E-04 0.39E-04
  13       -1.7260165      -1.0484569      -0.6775596 0.10E-04 0.23E-04
  14       -1.7260200      -1.0484605      -0.6775595 0.58E-05 0.13E-04
  15       -1.7260219      -1.0484625      -0.6775595 0.31E-05 0.76E-05
  16       -1.7260229      -1.0484635      -0.6775595 0.16E-05 0.43E-05
  17       -1.7260234      -1.0484639      -0.6775595 0.80E-06 0.25E-05
  18       -1.7260237      -1.0484642      -0.6775595 0.39E-06 0.14E-05
  19       -1.7260238      -1.0484643      -0.6775595 0.19E-06 0.83E-06
  20       -1.7260239      -1.0484643      -0.6775595 0.89E-07 0.49E-06
  21       -1.7260239      -1.0484644      -0.6775595 0.37E-07 0.29E-06
  22       -1.7260239      -1.0484644      -0.6775595 0.20E-07 0.18E-06
  23       -1.7260239      -1.0484644      -0.6775595 0.10E-07 0.11E-06
  24       -1.7260239      -1.0484644      -0.6775595 0.58E-08 0.69E-07

   24 iterations: (units are Ry and bohr)
 Energy:      -1.72602391  Ebs:      -1.04846439  Ehxc:      -0.67755952
 Eh    :       0.83857438  Exc:      -0.56314955

   Orbital    Filling       Eigenvalues    Norm(rc->oo)      Peak
    |100>      1.500          -0.698976      0.792284      1.965136
    |210>      0.000          -0.418800      0.791203      2.043291

 ---Non-local ghost testing---
 Local state: 1s

 Test  state: 1s
 ...seems like this angular momentum is the local part!

 Test  state: 2p
 KB energy :  -7.068985  KB strength:   1.963947  KB cosine:  -0.277826
 el0       :  -0.282129  el1        :  -0.052132  eig      :  -0.418800
 No ghosts!  Ekb<0  and eig < el0
 ------------------------------

 No ghosts present for local potential



 ===============Configuration 3 AE Calc=============== 
 ---------Eigenvalue guesses---------
 1s           -11.00000000
 2s            -1.00000000
 2p            -1.00000000

 iter       Etot             Ebs             Ehxc       de_max   dv_max
   1      -36.4521259     -25.1240454     -11.3280805 0.66E+00 0.20E+01
   2      -32.2986270     -21.5272983     -10.7713287 0.27E+00 0.10E+01
   3      -28.8003442     -18.5232446     -10.2770996 0.28E+00 0.14E+00
   4      -28.5487180     -18.2922459     -10.2564721 0.29E-01 0.42E-01
   5      -28.5475056     -18.3006079     -10.2468977 0.14E-02 0.67E-02
   6      -28.5528421     -18.3100697     -10.2427723 0.11E-02 0.34E-02
   7      -28.5558168     -18.3148299     -10.2409869 0.63E-03 0.17E-02
   8      -28.5571149     -18.3169055     -10.2402094 0.27E-03 0.88E-03
   9      -28.5573138     -18.3174658     -10.2398481 0.70E-04 0.89E-03
  10      -28.5575465     -18.3178614     -10.2396852 0.52E-04 0.68E-03
  11      -28.5577746     -18.3181565     -10.2396181 0.51E-04 0.24E-03
  12      -28.5579253     -18.3183352     -10.2395900 0.24E-04 0.16E-03
  13      -28.5580142     -18.3184363     -10.2395779 0.99E-05 0.11E-03
  14      -28.5580656     -18.3184931     -10.2395724 0.56E-05 0.67E-04
  15      -28.5580943     -18.3185247     -10.2395696 0.36E-05 0.42E-04
  16      -28.5581100     -18.3185420     -10.2395680 0.23E-05 0.28E-04
  17      -28.5581185     -18.3185515     -10.2395670 0.15E-05 0.19E-04
  18      -28.5581231     -18.3185568     -10.2395663 0.91E-06 0.12E-04
  19      -28.5581257     -18.3185599     -10.2395658 0.57E-06 0.78E-05
  20      -28.5581270     -18.3185615     -10.2395655 0.35E-06 0.50E-05
  21      -28.5581279     -18.3185627     -10.2395652 0.22E-06 0.32E-05
  22      -28.5581284     -18.3185633     -10.2395651 0.13E-06 0.20E-05
  23      -28.5581287     -18.3185637     -10.2395650 0.93E-07 0.13E-05
  24      -28.5581289     -18.3185640     -10.2395649 0.48E-07 0.80E-06
  25      -28.5581290     -18.3185641     -10.2395649 0.29E-07 0.51E-06
  26      -28.5581291     -18.3185642     -10.2395649 0.18E-07 0.32E-06
  27      -28.5581291     -18.3185643     -10.2395648 0.11E-07 0.20E-06
  28      -28.5581291     -18.3185643     -10.2395648 0.66E-08 0.12E-06

   28 iterations: (units are Ry and bohr)
 Energy:     -28.55812913  Ebs:     -18.31856430  Ehxc:     -10.23956484
 Eh    :      11.62119253  Exc:      -4.99049243

   Orbital    Filling       Eigenvalues    Norm(rc->oo)      Peak
    |100>      2.000          -8.655895
    |200>      1.000          -1.006774      0.764618      1.889971
    |210>      0.000          -0.718566      0.741611      1.889971


 ===============Configuration 3 NL: Calc ===============
 ---------Eigenvalue guesses---------
 1s            -1.00677401
 2p            -0.71856649
 Performing non-local pseudopotential calculation
 Using the s potential as the local potential

 iter       Etot             Ebs             Ehxc       de_max   dv_max
   1       -1.3002136      -1.0067740      -0.2934396 0.00E+00 0.76E-09

 Converged in 1 iteration (probably reference state)
 Energy:      -1.30021357  Ebs:      -1.00677401  Ehxc:      -0.29343956
 Eh    :       0.39344322  Exc:      -0.35255707

   Orbital    Filling       Eigenvalues    Norm(rc->oo)      Peak
    |100>      1.000          -1.006774      0.764622      1.889971
    |210>      0.000          -0.718566      0.741611      1.889971

 ---Non-local ghost testing---
 Local state: 1s

 Test  state: 1s
 ...seems like this angular momentum is the local part!

 Test  state: 2p
 KB energy :  -7.068985  KB strength:   1.963947  KB cosine:  -0.277826
 el0       :  -0.533053  el1        :  -0.160473  eig      :  -0.718566
 No ghosts!  Ekb<0  and eig < el0
 ------------------------------

 No ghosts present for local potential

   ------------------------------------------------
   ================================================

 ======================================================================== 
 Begin KE convergence testing
 ======================================================================== 
 ----------------------------------------------------------------------
                     Kinetic energy convergence
      ==============================|100>==============================
      Ecut(Ry)  KE/electron(Ry)         KE error/electron (mRy,meV)
         2       0.354552344                71.901661     978.272428
        12       0.419443498                 7.010506      95.382842
        20       0.425738120                 0.715884       9.740104
        29       0.426384995                 0.069009       0.938920
      ==============================|210>==============================
      Ecut(Ry)  KE/electron(Ry)         KE error/electron (mRy,meV)
         8       1.068618632                71.526664     973.170331
        21       1.133194492                 6.950804      94.570553
        32       1.139483462                 0.661834       9.004712
        40       1.140074721                 0.070575       0.960217

 ======================================================================== 
 End KE convergence testing
 ======================================================================== 
<<<do_rpt>>>
<<<do_upf>>>
------------- closing opium session ------------
