##########################################################
#    Opium Report File                                   #
##########################################################
     Opium version:        3.8

### copy of the parameter file #######################

[Atom]
Be
3
100   2.00   -11.0
200   1.00   -0.68
210   0.00   -0.68

[Pseudo]
2 1.6 1.6   
opt

[Optinfo]
7.07  10
7.07  10
conmax

[Configs]
3
#
200  2.00  -
210  0.00  -
#
200  1.50  -
210  0.00  -
#
200  1.00  -
210  0.00  -

[XC]
gga

### AE report ########################################

 AE:Orbital    Filling       Eigenvalues[Ry]          Norm
    ----------------------------------------------------------
	100	 2.000	      -8.6558951442
	200	 1.000	      -1.0067740075	  0.7646183388
	210	 0.000	      -0.7185664923	  0.7416111468

      E_tot =      -28.5581291323 Ry

### PS report ########################################

    ====================Optimized pseudopotential method====================

                       Pseudopotential convergence error                      
    Orbital      [mRy/e]       [meV/e]         [mRy]        [meV]        Ghost
    --------------------------------------------------------------------------
	200       0.001552      0.021122      0.001552      0.021122	    no
	210       0.002396      0.032593      0.000000      0.000000	    no

                  Tot. error =               0.001552      0.021122


### NL/SL report #####################################


 NL:Orbital    Filling       Eigenvalues[Ry]          Norm       Ghost
    ------------------------------------------------------------------
	100 	 1.000	      -1.0067740075	  0.7646217328	    no
	210 	 0.000	      -0.7185664923	  0.7416111807	    no

	 ========== No ghosts in potential!!========== 

      E_tot =       -1.3002135709 Ry

### KE report ########################################

	 ===   Ecut necessary for ~1    eV convergence error / electron === 
	 --------------------------------------------------------------- 
		 	 Ecut[Ry] 	 error [meV/e] 
	100  		   2 	          978.272 
	210  		   8 	          973.170 
	 ===   Ecut necessary for ~100 meV convergence error / electron === 
	 --------------------------------------------------------------- 
		 	 Ecut[Ry] 	 error [meV/e] 
	100  		   12 	           95.383 
	210  		   21 	           94.571 

	 ===   Ecut necessary for  ~10 meV convergence error / electron === 
	 --------------------------------------------------------------- 
		 	 Ecut[Ry] 	 error [meV/e] 
	100  		   20 	            9.740 
	210  		   32 	            9.005 

	 ===   Ecut necessary for   ~1 meV convergence error / electron === 
	 --------------------------------------------------------------- 
		 	 Ecut[Ry] 	 error [meV/e] 
	100  		   29 	            0.939 
	210  		   40 	            0.960 

### TC report ########################################

 AE:Orbital    Filling       Eigenvalues[Ry]          Norm
    ----------------------------------------------------------
	100	 2.000	      -7.8053110751
	200	 2.000	      -0.4122442600	  0.8219721248
	210	 0.000	      -0.1484370587	  0.8522750217

      E_tot =      -29.2599720173 Ry

 NL:Orbital    Filling       Eigenvalues[Ry]          Norm       Ghost
    ------------------------------------------------------------------
	100 	 2.000	      -0.4130046070	  0.8195407195	    no
	210 	 0.000	      -0.1499354687	  0.8467592070	    no

      E_tot =       -2.0028575997 Ry

 AE-NL:Orbital Filling       Eigenvalues[mRy]         Norm[1e-3] 
 AE-NL- --------------------------------------------------------------
 AE-NL- 100 	 2.000	       0.7603469212	  2.4314052930	
 AE-NL- 210 	 0.000	       1.4984099875	  5.5158146714	
 AE-NL-  total error =	       2.2587569087	  7.9472199644

 =====================================================================
 AE:Orbital    Filling       Eigenvalues[Ry]          Norm
    ----------------------------------------------------------
	100	 2.000	      -8.2006279254
	200	 1.500	      -0.6979645224	  0.7942774045
	210	 0.000	      -0.4167500345	  0.7958916631

      E_tot =      -28.9836005847 Ry

 NL:Orbital    Filling       Eigenvalues[Ry]          Norm       Ghost
    ------------------------------------------------------------------
	100 	 1.500	      -0.6989762608	  0.7922838239	    no
	210 	 0.000	      -0.4187998625	  0.7912027574	    no

      E_tot =       -1.7260239085 Ry

 AE-NL:Orbital Filling       Eigenvalues[mRy]         Norm[1e-3] 
 AE-NL- --------------------------------------------------------------
 AE-NL- 100 	 1.500	       1.0117384192	  1.9935806631	
 AE-NL- 210 	 0.000	       2.0498280540	  4.6889057305	
 AE-NL-  total error =	       3.0615664732	  6.6824863936

 =====================================================================
 AE:Orbital    Filling       Eigenvalues[Ry]          Norm
    ----------------------------------------------------------
	100	 2.000	      -8.6558951442
	200	 1.000	      -1.0067740075	  0.7646183388
	210	 0.000	      -0.7185664923	  0.7416111468

      E_tot =      -28.5581291323 Ry

 NL:Orbital    Filling       Eigenvalues[Ry]          Norm       Ghost
    ------------------------------------------------------------------
	100 	 1.000	      -1.0067740075	  0.7646217328	    no
	210 	 0.000	      -0.7185664923	  0.7416111807	    no

      E_tot =       -1.3002135709 Ry

 AE-NL:Orbital Filling       Eigenvalues[mRy]         Norm[1e-3] 
 AE-NL- --------------------------------------------------------------
 AE-NL- 100 	 1.000	       0.0000000000	 -0.0033940096	
 AE-NL- 210 	 0.000	       0.0000000000	 -0.0000339369	
 AE-NL-  total error =	       0.0000000000	  0.0034279465

 =====================================================================

  Comparison of total energy differences.           
   DD_ij = (E_i - E_j)_AE - (E_i-E_j)_NL     

 AE-NL-   i   j         DD[mRy]        DD[meV] 
 AE-NL- ------------------------------------------
 AE-NL-   0   1        -0.801144     -10.900123
 AE-NL-   0   2        -0.338885      -4.610772
 AE-NL-   0   3         0.000000       0.000000
 AE-NL-   1   2         0.462259       6.289351
 AE-NL-   1   3         0.801144      10.900123
 AE-NL-   2   3         0.338885       4.610772
