
 ++++++++++++++++++++++++++++++++++++++++++++++++++++++++++++++++++++++++
           OPIUM  Version:        3.8                             
           =====================================            
 See http://opium.sourceforge.net for help and information                 
 Copyright 2009 : The OPIUM project                         

 Compile host     : vagvlan567.217.wlan.design.upenn.edu
 Compile OS       : Darwin 14.1.0 i386
 Compile date     : Wed Mar 18 18:57:27 EDT 2015

 Execution host   : vagvlan567.0723.wlan.wireless-pennnet.upenn.edu
 time of execution: Wed Oct 14 15:37:41 2015

 ++++++++++++++++++++++++++++++++++++++++++++++++++++++++++++++++++++++++
 Reading parameter file:  <al.param> ... 
 File prefix             : al 
 Element                 : Aluminum   (Al) 
 Z                       : 13 
 
 Number of all-electron orbitals   : 6 
 Number of pseudo       orbitals   : 3 
 
 Pseudopotential is non-relativistic 
 Exchage-correlation functional is : Perdew, Burke, Ernzerhof GGA 
 GGA smoothed from 0 to 0.001000 bohr using switch to LDA 
 The s potential is used for the KB construction 
 Optimized (RRKJ) pseudopotential method will be used 

 nl    cutoff radii    q-max      # bessel functions
 3s       1.850        7.070              10 
 3p       1.850        7.070              10 
 3d       1.970        7.070              10 

 Reference Configuration: core  <-/-> valence 
 1s2  2s2  2p6  <-/-> 3s2  3p0  3d0 

 Grid definitions: 
 a_grid=1.00e-04    b_grid=1.30e-02    # points=1142 
 r(1)=4.25e-05      r(np)=1.18e+02    

 dEmax tolerance:  1.00e-08      dVmax tolerance:  1.00e-06     

 Box 1  0.101133 --> 1.61232  height: 0.001 
 Starting calculation...

 ======================================================================== 
 Begin AE calculation
 ======================================================================== 
 Performing non-relativistic AE calculation...  
 ---------Eigenvalue guesses---------
 1s           -13.00000000
 2s            -1.40000000
 2p            -0.40000000
 3s            -0.10000000
 3p           -13.00000000
 3d            -1.40000000

 iter       Etot             Ebs             Ehxc       de_max   dv_max
   1     -564.8811766    -329.6333739    -235.2478028 0.24E+02 0.29E+01
   2     -509.1002341    -292.7405803    -216.3596538 0.33E+00 0.10E+01
   3     -483.1037622    -276.1607458    -206.9430164 0.31E+00 0.14E+00
   4     -482.9884294    -275.9995866    -206.9888428 0.53E-01 0.59E-01
   5     -484.2820281    -276.9085097    -207.3735184 0.14E-01 0.15E-01
   6     -484.2903193    -276.7684447    -207.5218746 0.28E-02 0.99E-02
   7     -484.0499846    -276.5307358    -207.5192488 0.32E-02 0.60E-03
   8     -484.0195894    -276.5092389    -207.5103505 0.31E-03 0.67E-03
   9     -484.0174345    -276.5111361    -207.5062984 0.56E-04 0.54E-03
  10     -484.0206057    -276.5151984    -207.5054073 0.85E-04 0.31E-03
  11     -484.0255442    -276.5192598    -207.5062844 0.60E-04 0.12E-03
  12     -484.0262417    -276.5195811    -207.5066606 0.76E-05 0.78E-04
  13     -484.0263401    -276.5195755    -207.5067645 0.33E-05 0.52E-04
  14     -484.0262586    -276.5195094    -207.5067492 0.27E-05 0.33E-04
  15     -484.0261823    -276.5194769    -207.5067054 0.17E-05 0.21E-04
  16     -484.0261505    -276.5194798    -207.5066706 0.90E-06 0.13E-04
  17     -484.0261508    -276.5194989    -207.5066519 0.49E-06 0.78E-05
  18     -484.0261633    -276.5195184    -207.5066449 0.38E-06 0.49E-05
  19     -484.0261757    -276.5195319    -207.5066438 0.27E-06 0.30E-05
  20     -484.0261841    -276.5195396    -207.5066446 0.15E-06 0.19E-05
  21     -484.0261907    -276.5195452    -207.5066455 0.71E-07 0.12E-05
  22     -484.0261924    -276.5195463    -207.5066461 0.51E-07 0.74E-06
  23     -484.0261932    -276.5195470    -207.5066462 0.36E-07 0.46E-06
  24     -484.0261932    -276.5195470    -207.5066462 0.23E-07 0.28E-06
  25     -484.0261932    -276.5195471    -207.5066461 0.14E-07 0.18E-06
  26     -484.0261932    -276.5195472    -207.5066460 0.81E-08 0.11E-06

   26 iterations: (units are Ry and bohr)
 Energy:    -484.02619322  Ebs:    -276.51954717  Ehxc:    -207.50664605
 Eh    :     218.06505211  Exc:     -36.40650777

   Orbital    Filling       Eigenvalues    Norm(rc->oo)      Peak
    |100>      2.000        -111.436731
    |200>      2.000          -8.530017
    |210>      6.000          -5.735466
    |300>      2.000          -1.086629      0.713647      2.011089
    |310>      0.000          -0.666244      0.836948      2.412531
    |320>      0.000          -0.229857      0.954835      3.953797

 ======================================================================== 
 End AE calculation
 ======================================================================== 

 ======================================================================== 
 Begin PS construction
 ======================================================================== 
 Optimized Pseudopotential Generation ...

 ==================
 zeff=   3.0000000000000000     
 Pseudizing state : |300>
 eigenvalue       : -1.086629
 qc               :  7.070000
 # bessel fxns    : 10
 point nearest rc :  823
 rc               :  1.850000
 actual rc        :  1.860186

 Psi(rc)          :     0.3754593276
 Slope at rc      :    -0.1418148991
 Curvature at rc  :    -0.2629686730
 Del^2 Psi at rc  :    -0.4154425604
 Log Deriv at rc  :    -0.3777104169

 Starting KE minimization...
  step #    theta       slope       curv       KEresid    coeffsum
     1    0.001488   -0.120676   40.558648    0.000017    0.067231
     2   -0.000540    0.028447   26.360662    0.000010    0.073482

 # steps:     2
 Final KE error:    0.0000096475
 Sum of coeffs :    0.0734815835
 ---------------------------------------------------------------
 Coeff:      0.437319 -0.312649 -0.048867  0.001256 -0.005547  0.000778 -0.001499  0.000835  0.000022  0.001833
 ---------------------------------------------------------------
 Resid KE (Ry)     :        0.0000096475
 Norm error        :    -0.111E-15
 Continuity error  :     0.111E-15
 Curvature error   :    -0.158E-13
 ---------------------------------------------------------------
 Bessel wavevectors and final coefficients
   1        0.7282609100        0.4373191880
   2        2.4989440927       -0.3126493677
   3        4.2017039552       -0.0488668719
   4        5.8964359564        0.0012561962
   5        7.5885434979       -0.0055471791
   6        9.2794658500        0.0007780321
   7       10.9697519576       -0.0014985700
   8       12.6596569568        0.0008348204
   9       14.3493156090        0.0000220828
  10       16.0388058214        0.0018332528

 Total KE           (Ry) :     0.4487254247
 0  -> qc contribution   :     0.4487157772
 qc -> oo contribution   :     0.0000096475   (=Convergence term)
 Occupancy of this state :     2.0000000000
 Convergence term (Ry/e) :     0.0000096475
 Convergence error (mRy) :     0.0192949267
 Convergence error (meV) :     0.2625229135


 ==================
 zeff=   3.0000000000000000     
 Pseudizing state : |310>
 eigenvalue       : -0.666244
 qc               :  7.070000
 # bessel fxns    : 10
 point nearest rc :  823
 rc               :  1.850000
 actual rc        :  1.860186

 Psi(rc)          :     0.3030786776
 Slope at rc      :    -0.0337793763
 Curvature at rc  :    -0.2512701611
 Del^2 Psi at rc  :    -0.4627636349
 Log Deriv at rc  :    -0.1114541497

 Starting KE minimization...
  step #    theta       slope       curv       KEresid    coeffsum
     1    0.001129   -0.030806   13.647319    0.000009    0.738746

 # steps:     1
 Final KE error:    0.0000094683
 Sum of coeffs :    0.7387459554
 ---------------------------------------------------------------
 Coeff:      0.702292  0.013717  0.015756  0.004343  0.001153  0.000311 -0.000008 -0.000790  0.001316  0.000656
 ---------------------------------------------------------------
 Resid KE (Ry)     :        0.0000094683
 Norm error        :    -0.305E-15
 Continuity error  :     0.000E+00
 Curvature error   :     0.455E-14
 ---------------------------------------------------------------
 Bessel wavevectors and final coefficients
   1        1.2115347587        0.7022919922
   2        3.2133011479        0.0137166064
   3        4.9612780062        0.0157563484
   4        6.6774917654        0.0043425611
   5        8.3823088022        0.0011533494
   6       10.0816636801        0.0003109760
   7       11.7779632226       -0.0000078182
   8       13.4723766403       -0.0007898012
   9       15.1655424504        0.0013157988
  10       16.8578395388        0.0006559424

 Total KE           (Ry) :     0.6781369563
 0  -> qc contribution   :     0.6781274880
 qc -> oo contribution   :     0.0000094683   (=Convergence term)
 Occupancy of this state :     0.0000000000
 Convergence term (Ry/e) :     0.0000094683
 Convergence error (mRy) :     0.0000000000
 Convergence error (meV) :     0.0000000000


 ==================
 zeff=   3.0000000000000000     
 Pseudizing state : |320>
 eigenvalue       : -0.229857
 qc               :  7.070000
 # bessel fxns    : 10
 point nearest rc :  827
 rc               :  1.970000
 actual rc        :  1.959475

 Psi(rc)          :     0.1495274029
 Slope at rc      :     0.0129152550
 Curvature at rc  :    -0.0522725536
 Del^2 Psi at rc  :    -0.2727546430
 Log Deriv at rc  :     0.0863738334

 Starting KE minimization...
  step #    theta       slope       curv       KEresid    coeffsum
     1    0.007290   -0.052914    3.629089    0.000101    0.697941
     2   -0.001972    0.027465    6.964176    0.000074    0.706930
     3   -0.002607    0.015266    2.927454    0.000054    0.707958
     4   -0.003925    0.012702    1.618140    0.000029    0.698531

 # steps:     7
 Final KE error:    0.0000090706
 Sum of coeffs :    0.6891073814
 ---------------------------------------------------------------
 Coeff:      0.532445  0.116554  0.038361  0.006548 -0.001582  0.001232 -0.001480 -0.000595 -0.001881 -0.000495
 ---------------------------------------------------------------
 Resid KE (Ry)     :        0.0000090706
 Norm error        :    -0.416E-16
 Continuity error  :    -0.555E-16
 Curvature error   :     0.165E-13
 ---------------------------------------------------------------
 Bessel wavevectors and final coefficients
   1        1.6475562691        0.5324452271
   2        3.7069903180        0.1165540860
   3        5.4080878118        0.0383611902
   4        7.0597965158        0.0065481380
   5        8.6925138084       -0.0015824994
   6       10.3157039478        0.0012323167
   7       11.9333882764       -0.0014797872
   8       13.5475892472       -0.0005952584
   9       15.1594414387       -0.0018813980
  10       16.7696327142       -0.0004946335

 Total KE           (Ry) :     0.5821068705
 0  -> qc contribution   :     0.5820977999
 qc -> oo contribution   :     0.0000090706   (=Convergence term)
 Occupancy of this state :     0.0000000000
 Convergence term (Ry/e) :     0.0000090706
 Convergence error (mRy) :     0.0000000000
 Convergence error (meV) :     0.0000000000

 ------------------------------
 Descreening potential
 valence charge          :   2.000000
 core    charge          :   0.000000

 ----Solving the Schrodinger equation for all states----
 State: 3s  AE eigenvalue =  -1.086629  PS eigenvalue =  -1.086629
 State: 3p  AE eigenvalue =  -0.666244  PS eigenvalue =  -0.666244
 State: 3d  AE eigenvalue =  -0.229857  PS eigenvalue =  -0.229857

 ---Semilocal ghost testing---
 Local state: 3s

 Test  state: 3p
 KB energy :  -9.666075  KB strength:   0.656475  KB cosine:  -0.067915
 el0       :  -0.646817  el1        :  -0.176757  eig      :  -0.666244
 No ghosts!  Ekb<0  and eig < el0

 Test  state: 3d
 KB energy :  -7.325863  KB strength:   0.637823  KB cosine:  -0.087065
 el0       :  -0.209823  el1        :  -0.085139  eig      :  -0.229857
 No ghosts!  Ekb<0  and eig < el0

 No ghosts for local potential: 3s
 ------------------------------

 Local state: 3p

 Test  state: 3s
 KB energy :   9.297082  KB strength:   0.795057  KB cosine:   0.085517
 el0       :  -1.409845  el1        :  -0.382595  eig      :  -1.086629
 No ghosts!  Ekb>0  and el0 < eig < el1

 Test  state: 3d
 KB energy :  -3.771315  KB strength:   0.425045  KB cosine:  -0.112705
 el0       :  -0.208899  el1        :  -0.084962  eig      :  -0.229857
 No ghosts!  Ekb<0  and eig < el0

 No ghosts for local potential: 3p
 ------------------------------

 Local state: 3d

 Test  state: 3s
 KB energy :   7.422016  KB strength:   1.868105  KB cosine:   0.251698
 el0       :  -5.863317  el1        :  -0.861656  eig      :  -1.086629
 No ghosts!  Ekb>0  and el0 < eig < el1

 Test  state: 3p
 KB energy :   3.956174  KB strength:   0.951996  KB cosine:   0.240636
 el0       :  -1.950736  el1        :  -0.375746  eig      :  -0.666244
 No ghosts!  Ekb>0  and el0 < eig < el1

 No ghosts for local potential: 3d
 ------------------------------


 ======================================================================== 
 End PS construction
 ======================================================================== 

 ======================================================================== 
 Begin NL calculation
 ======================================================================== 
 ---------Eigenvalue guesses---------
 1s            -1.08662890
 2p            -0.66624416
 3d            -0.22985742
 Performing non-local pseudopotential calculation
 Using the s potential as the local potential

 --Augmentation operator info--
 Number of functions:   1
 # 1 range(a.u.):   0.099826 ----->  1.591499   size(Ry):  0.001000
 ------------------------------

 iter       Etot             Ebs             Ehxc       de_max   dv_max
   1       -3.4425221      -2.1732578      -1.2692643 0.18E-07 0.19E-08
   2       -3.4425221      -2.1732578      -1.2692643 0.33E-09 0.95E-09

    2 iterations: (units are Ry and bohr)
 Energy:      -3.44252208  Ebs:      -2.17325781  Ehxc:      -1.26926427
 Eh    :       1.50970997  Exc:      -0.83899602

   Orbital    Filling       Eigenvalues    Norm(rc->oo)      Peak
    |100>      2.000          -1.086629      0.713647      2.011089
    |210>      0.000          -0.666244      0.836948      2.412531
    |320>      0.000          -0.229857      0.954835      3.953797

 ---Non-local ghost testing---
 Local state: 1s

 Test  state: 1s
 KB energy :  -0.001000  KB strength:   0.000425  KB cosine:  -0.424500
 el0       :  -1.086449  el1        :  -0.110143  eig      :  -1.086629
 No ghosts!  Ekb<0  and eig < el0

 Test  state: 2p
 KB energy :  -9.647267  KB strength:   0.656561  KB cosine:  -0.068057
 el0       :  -0.646742  el1        :  -0.176742  eig      :  -0.666244
 No ghosts!  Ekb<0  and eig < el0

 Test  state: 3d
 KB energy :  -7.325038  KB strength:   0.637906  KB cosine:  -0.087086
 el0       :  -0.209818  el1        :  -0.085138  eig      :  -0.229857
 No ghosts!  Ekb<0  and eig < el0
 ------------------------------

 No ghosts present for designed local pot


 ======================================================================== 
 End NL calculation
 ======================================================================== 
<<<do_tc>>>


 ===============Configuration 1 AE Calc=============== 
 ---------Eigenvalue guesses---------
 1s           -13.00000000
 2s            -1.40000000
 2p            -0.40000000
 3s           -13.00000000
 3p            -6.00000000
 3d            -6.00000000

 iter       Etot             Ebs             Ehxc       de_max   dv_max
   1     -543.8315032    -310.6829532    -233.1485500 0.20E+02 0.21E+01
   2     -501.1599481    -283.6054589    -217.5544893 0.39E+00 0.10E+01
   3     -483.6447308    -272.6865982    -210.9581327 0.47E+00 0.10E+00
   4     -483.5657507    -272.5467150    -211.0190357 0.18E+00 0.46E-01
   5     -484.4956232    -273.1705878    -211.3250354 0.32E-01 0.12E-01
   6     -484.5145887    -273.0676509    -211.4469378 0.13E-01 0.96E-02
   7     -484.3200117    -272.8742390    -211.4457726 0.67E-02 0.45E-02
   8     -484.2933283    -272.8532246    -211.4401037 0.19E-02 0.31E-03
   9     -484.2912559    -272.8537119    -211.4375441 0.71E-04 0.34E-03
  10     -484.2932187    -272.8562068    -211.4370119 0.13E-03 0.26E-03
  11     -484.2951524    -272.8579188    -211.4372335 0.10E-03 0.16E-03
  12     -484.2962771    -272.8587216    -211.4375555 0.56E-04 0.96E-04
  13     -484.2967399    -272.8589728    -211.4377671 0.23E-04 0.55E-04
  14     -484.2968488    -272.8589881    -211.4378607 0.53E-05 0.35E-04
  15     -484.2968269    -272.8589426    -211.4378843 0.16E-05 0.23E-04
  16     -484.2967833    -272.8589032    -211.4378801 0.33E-05 0.15E-04
  17     -484.2967550    -272.8588844    -211.4378707 0.29E-05 0.93E-05
  18     -484.2967435    -272.8588793    -211.4378642 0.21E-05 0.58E-05
  19     -484.2967416    -272.8588802    -211.4378614 0.14E-05 0.36E-05
  20     -484.2967430    -272.8588821    -211.4378609 0.90E-06 0.23E-05
  21     -484.2967447    -272.8588833    -211.4378613 0.56E-06 0.14E-05
  22     -484.2967456    -272.8588838    -211.4378619 0.35E-06 0.88E-06
  23     -484.2967459    -272.8588837    -211.4378622 0.22E-06 0.54E-06
  24     -484.2967459    -272.8588835    -211.4378623 0.12E-06 0.34E-06
  25     -484.2967458    -272.8588834    -211.4378624 0.88E-07 0.21E-06
  26     -484.2967456    -272.8588833    -211.4378624 0.42E-07 0.13E-06
  27     -484.2967456    -272.8588832    -211.4378624 0.24E-07 0.78E-07
  28     -484.2967455    -272.8588832    -211.4378623 0.14E-07 0.48E-07
  29     -484.2967455    -272.8588832    -211.4378623 0.77E-08 0.30E-07

   29 iterations: (units are Ry and bohr)
 Energy:    -484.29674554  Ebs:    -272.85888320  Ehxc:    -211.43786234
 Eh    :     222.05672282  Exc:     -36.60553804

   Orbital    Filling       Eigenvalues    Norm(rc->oo)      Peak
    |100>      2.000        -111.098715
    |200>      2.000          -8.199346
    |210>      6.000          -5.404267
    |300>      2.000          -0.813644      0.734949      2.064063
    |310>      0.500          -0.419745      0.863483      2.508479
    |320>      0.000          -0.067989      0.985436      5.616319


 ===============Configuration 1 NL: Calc ===============
 ---------Eigenvalue guesses---------
 1s            -1.08662890
 2p            -0.66624416
 3d            -0.22985742
 Performing non-local pseudopotential calculation
 Using the s potential as the local potential

 --Augmentation operator info--
 Number of functions:   1
 # 1 range(a.u.):   0.099826 ----->  1.591499   size(Ry):  0.001000
 ------------------------------

 iter       Etot             Ebs             Ehxc       de_max   dv_max
   1       -4.4618846      -2.5063799      -1.9555047 0.18E-07 0.10E+01
   2       -4.0831196      -2.1678309      -1.9152887 0.37E+00 0.50E+00
   3       -3.7420769      -1.8632428      -1.8788341 0.49E+00 0.14E-01
   4       -3.7139508      -1.8365884      -1.8773624 0.77E-01 0.45E-02
   5       -3.7124190      -1.8357272      -1.8766919 0.33E-02 0.15E-02
   6       -3.7126655      -1.8362458      -1.8764197 0.15E-02 0.94E-03
   7       -3.7128549      -1.8365460      -1.8763089 0.10E-02 0.31E-03
   8       -3.7129397      -1.8366749      -1.8762648 0.44E-03 0.14E-03
   9       -3.7129536      -1.8367081      -1.8762456 0.12E-03 0.14E-03
  10       -3.7129679      -1.8367301      -1.8762378 0.86E-04 0.11E-03
  11       -3.7129803      -1.8367452      -1.8762351 0.61E-04 0.69E-04
  12       -3.7129888      -1.8367544      -1.8762344 0.40E-04 0.43E-04
  13       -3.7129939      -1.8367594      -1.8762344 0.24E-04 0.25E-04
  14       -3.7129966      -1.8367620      -1.8762346 0.13E-04 0.15E-04
  15       -3.7129979      -1.8367632      -1.8762347 0.73E-05 0.83E-05
  16       -3.7129985      -1.8367637      -1.8762348 0.40E-05 0.48E-05
  17       -3.7129988      -1.8367640      -1.8762349 0.21E-05 0.27E-05
  18       -3.7129989      -1.8367640      -1.8762349 0.12E-05 0.16E-05
  19       -3.7129989      -1.8367641      -1.8762349 0.64E-06 0.89E-06
  20       -3.7129990      -1.8367641      -1.8762349 0.36E-06 0.52E-06
  21       -3.7129990      -1.8367641      -1.8762349 0.21E-06 0.31E-06
  22       -3.7129990      -1.8367641      -1.8762349 0.11E-06 0.20E-06
  23       -3.7129990      -1.8367641      -1.8762349 0.83E-07 0.13E-06
  24       -3.7129990      -1.8367641      -1.8762348 0.40E-07 0.85E-07
  25       -3.7129990      -1.8367641      -1.8762348 0.24E-07 0.55E-07
  26       -3.7129990      -1.8367641      -1.8762348 0.14E-07 0.36E-07
  27       -3.7129990      -1.8367641      -1.8762348 0.83E-08 0.23E-07

   27 iterations: (units are Ry and bohr)
 Energy:      -3.71299898  Ebs:      -1.83676414  Ehxc:      -1.87623485
 Eh    :       2.17293270  Exc:      -1.02987785

   Orbital    Filling       Eigenvalues    Norm(rc->oo)      Peak
    |100>      2.000          -0.813501      0.734592      2.064063
    |210>      0.500          -0.419526      0.863952      2.508479
    |320>      0.000          -0.067964      0.985461      5.616319

 ---Non-local ghost testing---
 Local state: 1s

 Test  state: 1s
 KB energy :  -0.001000  KB strength:   0.000425  KB cosine:  -0.424500
 el0       :  -0.813335  el1        :  -0.140275  eig      :  -0.813501
 No ghosts!  Ekb<0  and eig < el0

 Test  state: 2p
 KB energy :  -9.647267  KB strength:   0.656561  KB cosine:  -0.068057
 el0       :  -0.404225  el1        :  -0.069815  eig      :  -0.419526
 No ghosts!  Ekb<0  and eig < el0

 Test  state: 3d
 KB energy :  -7.325038  KB strength:   0.637906  KB cosine:  -0.087086
 el0       :  -0.061946  el1        :  -0.023202  eig      :  -0.067964
 No ghosts!  Ekb<0  and eig < el0
 ------------------------------

 No ghosts present for designed local pot



 ===============Configuration 2 AE Calc=============== 
 ---------Eigenvalue guesses---------
 1s           -13.00000000
 2s            -1.40000000
 2p            -0.40000000
 3s           -13.00000000
 3p            -6.00000000
 3d            -6.00000000

 iter       Etot             Ebs             Ehxc       de_max   dv_max
   1     -582.3872413    -347.9103188    -234.4769225 0.28E+02 0.36E+01
   2     -516.1497422    -302.6090699    -213.5406723 0.32E+00 0.11E+01
   3     -482.4356034    -280.4906786    -201.9449248 0.25E+00 0.17E+00
   4     -482.2090233    -280.2180040    -201.9910194 0.28E-01 0.66E-01
   5     -483.6949307    -281.2692222    -202.4257085 0.15E-01 0.17E-01
   6     -483.6992701    -281.1064823    -202.5927878 0.20E-02 0.11E-01
   7     -483.4298547    -280.8397802    -202.5900745 0.33E-02 0.10E-02
   8     -483.3952014    -280.8154239    -202.5797775 0.31E-03 0.11E-02
   9     -483.3926049    -280.8176914    -202.5749135 0.12E-03 0.80E-03
  10     -483.3961505    -280.8225181    -202.5736324 0.15E-03 0.34E-03
  11     -483.4021228    -280.8276764    -202.5744465 0.74E-04 0.12E-03
  12     -483.4029302    -280.8281216    -202.5748085 0.16E-04 0.83E-04
  13     -483.4030617    -280.8281511    -202.5749106 0.71E-05 0.55E-04
  14     -483.4029942    -280.8281006    -202.5748936 0.43E-05 0.36E-04
  15     -483.4029230    -280.8280765    -202.5748465 0.30E-05 0.25E-04
  16     -483.4028931    -280.8280852    -202.5748079 0.20E-05 0.16E-04
  17     -483.4028951    -280.8281090    -202.5747860 0.14E-05 0.11E-04
  18     -483.4029096    -280.8281329    -202.5747767 0.88E-06 0.66E-05
  19     -483.4029239    -280.8281495    -202.5747744 0.54E-06 0.41E-05
  20     -483.4029337    -280.8281590    -202.5747747 0.32E-06 0.25E-05
  21     -483.4029395    -280.8281642    -202.5747754 0.18E-06 0.15E-05
  22     -483.4029443    -280.8281685    -202.5747758 0.90E-07 0.92E-06
  23     -483.4029453    -280.8281692    -202.5747760 0.63E-07 0.56E-06
  24     -483.4029455    -280.8281695    -202.5747761 0.27E-07 0.34E-06
  25     -483.4029456    -280.8281696    -202.5747760 0.15E-07 0.21E-06
  26     -483.4029456    -280.8281697    -202.5747760 0.87E-08 0.13E-06

   26 iterations: (units are Ry and bohr)
 Energy:    -483.40294563  Ebs:    -280.82816968  Ehxc:    -202.57477595
 Eh    :     213.05274874  Exc:     -36.14081993

   Orbital    Filling       Eigenvalues    Norm(rc->oo)      Peak
    |100>      2.000        -111.883668
    |200>      2.000          -8.964266
    |210>      6.000          -6.169899
    |300>      1.500          -1.408603      0.685770      1.959475
    |310>      0.000          -0.958817      0.805151      2.290286
    |320>      0.000          -0.452747      0.914232      3.253322


 ===============Configuration 2 NL: Calc ===============
 ---------Eigenvalue guesses---------
 1s            -1.08662890
 2p            -0.66624416
 3d            -0.22985742
 Performing non-local pseudopotential calculation
 Using the s potential as the local potential

 --Augmentation operator info--
 Number of functions:   1
 # 1 range(a.u.):   0.099826 ----->  1.591499   size(Ry):  0.001000
 ------------------------------

 iter       Etot             Ebs             Ehxc       de_max   dv_max
   1       -2.3139490      -1.6299434      -0.6840057 0.18E-07 0.10E+01
   2       -2.5524712      -1.8564740      -0.6959972 0.44E+00 0.50E+00
   3       -2.7945518      -2.0869873      -0.7075645 0.33E+00 0.49E-02
   4       -2.8176695      -2.1095391      -0.7081303 0.25E-01 0.20E-02
   5       -2.8197964      -2.1113290      -0.7084674 0.19E-02 0.17E-02
   6       -2.8198556      -2.1112176      -0.7086380 0.15E-03 0.13E-02
   7       -2.8196899      -2.1109705      -0.7087194 0.27E-03 0.36E-03
   8       -2.8196195      -2.1108610      -0.7087586 0.12E-03 0.14E-03
   9       -2.8196041      -2.1108268      -0.7087773 0.35E-04 0.12E-03
  10       -2.8195895      -2.1108034      -0.7087861 0.24E-04 0.90E-04
  11       -2.8195773      -2.1107872      -0.7087901 0.17E-04 0.60E-04
  12       -2.8195687      -2.1107767      -0.7087920 0.11E-04 0.37E-04
  13       -2.8195633      -2.1107704      -0.7087929 0.69E-05 0.23E-04
  14       -2.8195600      -2.1107668      -0.7087932 0.40E-05 0.13E-04
  15       -2.8195582      -2.1107648      -0.7087934 0.22E-05 0.78E-05
  16       -2.8195571      -2.1107637      -0.7087935 0.12E-05 0.46E-05
  17       -2.8195566      -2.1107631      -0.7087935 0.66E-06 0.26E-05
  18       -2.8195563      -2.1107627      -0.7087935 0.35E-06 0.15E-05
  19       -2.8195561      -2.1107626      -0.7087935 0.18E-06 0.90E-06
  20       -2.8195560      -2.1107625      -0.7087935 0.86E-07 0.53E-06
  21       -2.8195560      -2.1107624      -0.7087935 0.60E-07 0.32E-06
  22       -2.8195559      -2.1107624      -0.7087935 0.27E-07 0.19E-06
  23       -2.8195559      -2.1107624      -0.7087935 0.12E-07 0.11E-06
  24       -2.8195559      -2.1107624      -0.7087935 0.64E-08 0.68E-07

   24 iterations: (units are Ry and bohr)
 Energy:      -2.81955593  Ebs:      -2.11076240  Ehxc:      -0.70879353
 Eh    :       0.87985938  Exc:      -0.60041577

   Orbital    Filling       Eigenvalues    Norm(rc->oo)      Peak
    |100>      1.500          -1.407175      0.688009      1.985114
    |210>      0.000          -0.958727      0.805421      2.290286
    |320>      0.000          -0.453211      0.914861      3.253322

 ---Non-local ghost testing---
 Local state: 1s

 Test  state: 1s
 KB energy :  -0.001000  KB strength:   0.000425  KB cosine:  -0.424500
 el0       :  -1.406977  el1        :  -0.452322  eig      :  -1.407175
 No ghosts!  Ekb<0  and eig < el0

 Test  state: 2p
 KB energy :  -9.647267  KB strength:   0.656561  KB cosine:  -0.068057
 el0       :  -0.933412  el1        :  -0.321462  eig      :  -0.958727
 No ghosts!  Ekb<0  and eig < el0

 Test  state: 3d
 KB energy :  -7.325038  KB strength:   0.637906  KB cosine:  -0.087086
 el0       :  -0.412927  el1        :  -0.179763  eig      :  -0.453211
 No ghosts!  Ekb<0  and eig < el0
 ------------------------------

 No ghosts present for designed local pot



 ===============Configuration 3 AE Calc=============== 
 ---------Eigenvalue guesses---------
 1s           -13.00000000
 2s            -1.40000000
 2p            -0.40000000
 3s           -13.00000000
 3p            -6.00000000
 3d            -6.00000000

 iter       Etot             Ebs             Ehxc       de_max   dv_max
   1     -564.8811765    -329.6333739    -235.2478027 0.24E+02 0.29E+01
   2     -509.1002342    -292.7405804    -216.3596538 0.33E+00 0.10E+01
   3     -483.1037622    -276.1607458    -206.9430164 0.31E+00 0.14E+00
   4     -482.9884294    -275.9995866    -206.9888428 0.53E-01 0.59E-01
   5     -484.2820281    -276.9085097    -207.3735184 0.14E-01 0.15E-01
   6     -484.2903193    -276.7684447    -207.5218746 0.28E-02 0.99E-02
   7     -484.0499846    -276.5307358    -207.5192488 0.32E-02 0.60E-03
   8     -484.0195894    -276.5092389    -207.5103505 0.31E-03 0.67E-03
   9     -484.0174345    -276.5111361    -207.5062984 0.56E-04 0.54E-03
  10     -484.0206057    -276.5151984    -207.5054073 0.85E-04 0.31E-03
  11     -484.0255442    -276.5192598    -207.5062844 0.60E-04 0.12E-03
  12     -484.0262417    -276.5195811    -207.5066606 0.76E-05 0.78E-04
  13     -484.0263401    -276.5195755    -207.5067645 0.33E-05 0.52E-04
  14     -484.0262586    -276.5195094    -207.5067492 0.27E-05 0.33E-04
  15     -484.0261823    -276.5194769    -207.5067054 0.17E-05 0.21E-04
  16     -484.0261505    -276.5194798    -207.5066706 0.90E-06 0.13E-04
  17     -484.0261508    -276.5194989    -207.5066519 0.49E-06 0.78E-05
  18     -484.0261633    -276.5195184    -207.5066449 0.38E-06 0.49E-05
  19     -484.0261757    -276.5195319    -207.5066438 0.27E-06 0.30E-05
  20     -484.0261841    -276.5195396    -207.5066446 0.15E-06 0.19E-05
  21     -484.0261907    -276.5195452    -207.5066455 0.71E-07 0.12E-05
  22     -484.0261924    -276.5195463    -207.5066461 0.51E-07 0.74E-06
  23     -484.0261932    -276.5195470    -207.5066462 0.36E-07 0.46E-06
  24     -484.0261932    -276.5195470    -207.5066462 0.23E-07 0.28E-06
  25     -484.0261932    -276.5195471    -207.5066461 0.14E-07 0.18E-06
  26     -484.0261932    -276.5195472    -207.5066460 0.81E-08 0.11E-06

   26 iterations: (units are Ry and bohr)
 Energy:    -484.02619322  Ebs:    -276.51954717  Ehxc:    -207.50664605
 Eh    :     218.06505211  Exc:     -36.40650777

   Orbital    Filling       Eigenvalues    Norm(rc->oo)      Peak
    |100>      2.000        -111.436731
    |200>      2.000          -8.530017
    |210>      6.000          -5.735466
    |300>      2.000          -1.086629      0.713647      2.011089
    |310>      0.000          -0.666244      0.836948      2.412531
    |320>      0.000          -0.229857      0.954835      3.953797


 ===============Configuration 3 NL: Calc ===============
 ---------Eigenvalue guesses---------
 1s            -1.08662890
 2p            -0.66624416
 3d            -0.22985742
 Performing non-local pseudopotential calculation
 Using the s potential as the local potential

 --Augmentation operator info--
 Number of functions:   1
 # 1 range(a.u.):   0.099826 ----->  1.591499   size(Ry):  0.001000
 ------------------------------

 iter       Etot             Ebs             Ehxc       de_max   dv_max
   1       -3.4425221      -2.1732578      -1.2692643 0.18E-07 0.19E-08
   2       -3.4425221      -2.1732578      -1.2692643 0.33E-09 0.95E-09

    2 iterations: (units are Ry and bohr)
 Energy:      -3.44252208  Ebs:      -2.17325781  Ehxc:      -1.26926427
 Eh    :       1.50970997  Exc:      -0.83899602

   Orbital    Filling       Eigenvalues    Norm(rc->oo)      Peak
    |100>      2.000          -1.086629      0.713647      2.011089
    |210>      0.000          -0.666244      0.836948      2.412531
    |320>      0.000          -0.229857      0.954835      3.953797

 ---Non-local ghost testing---
 Local state: 1s

 Test  state: 1s
 KB energy :  -0.001000  KB strength:   0.000425  KB cosine:  -0.424500
 el0       :  -1.086449  el1        :  -0.110143  eig      :  -1.086629
 No ghosts!  Ekb<0  and eig < el0

 Test  state: 2p
 KB energy :  -9.647267  KB strength:   0.656561  KB cosine:  -0.068057
 el0       :  -0.646742  el1        :  -0.176742  eig      :  -0.666244
 No ghosts!  Ekb<0  and eig < el0

 Test  state: 3d
 KB energy :  -7.325038  KB strength:   0.637906  KB cosine:  -0.087086
 el0       :  -0.209818  el1        :  -0.085138  eig      :  -0.229857
 No ghosts!  Ekb<0  and eig < el0
 ------------------------------

 No ghosts present for designed local pot

   ------------------------------------------------
   ================================================

 ======================================================================== 
 Begin KE convergence testing
 ======================================================================== 
 ----------------------------------------------------------------------
                     Kinetic energy convergence
      ==============================|100>==============================
      Ecut(Ry)  KE/electron(Ry)         KE error/electron (mRy,meV)
         5       0.378409100                70.316285     956.702276
        10       0.441848343                 6.877042      93.566968
        14       0.448001767                 0.723618       9.845327
        19       0.448653012                 0.072374       0.984693
      ==============================|210>==============================
      Ecut(Ry)  KE/electron(Ry)         KE error/electron (mRy,meV)
         2       0.605930122                72.206817     982.424287
         4       0.671099123                 7.037816      95.754407
         6       0.677410947                 0.725992       9.877625
        28       0.678066535                 0.070403       0.957886
      ==============================|320>==============================
      Ecut(Ry)  KE/electron(Ry)         KE error/electron (mRy,meV)
         3       0.510919313                71.626555     974.529415
        12       0.575265264                 7.280603      99.057706
        33       0.581829797                 0.716070       9.742637
       395       0.582491227                 0.054640       0.743413

 ======================================================================== 
 End KE convergence testing
 ======================================================================== 
<<<do_rpt>>>
<<<do_upf>>>
------------- closing opium session ------------
