##########################################################
#    Opium Report File                                   #
##########################################################
     Opium version:        3.8

### copy of the parameter file #######################

[Atom]
Al
6
100 2.00  -13.0   # reference configuration
200 2.00   -1.4   # reference configuration
210 6.00   -0.4   # reference configuration
300 2.00   -0.1   # reference configuration
310 0.00  -13.0   # reference configuration
320 0.00   -1.4   # reference configuration
[Pseudo]
3 1.85 1.85 1.97
opt
[Optinfo]
7.07 10    # rc[a.u.] qc[sqrt(Ry)] Nb
7.07 10
7.07 10
[XC]
gga
[Configs]
3                 # number of valence configurations
#
300  2.00  -13.0   # nlm occ eigen(- means auto-generate)
310  0.50   -6.0 
320  0.00   -6.0
#
300  1.50  -13.0 
310  0.00   -6.0 
320  0.00   -6.0
#
300  2.00  -13.0 
310  0.00   -6.0 
320  0.00   -6.0
[KBdesign]
s    # local orbital
1    # number of boxes
au 0.1 1.60  0.001

### AE report ########################################

 AE:Orbital    Filling       Eigenvalues[Ry]          Norm
    ----------------------------------------------------------
	100	 2.000	    -111.4367312980
	200	 2.000	      -8.5300166965
	210	 6.000	      -5.7354655630
	300	 2.000	      -1.0866289036	  0.7136473986
	310	 0.000	      -0.6662441616	  0.8369484729
	320	 0.000	      -0.2298574185	  0.9548354796

      E_tot =     -484.0261932222 Ry

### PS report ########################################

    ====================Optimized pseudopotential method====================

                       Pseudopotential convergence error                      
    Orbital      [mRy/e]       [meV/e]         [mRy]        [meV]        Ghost
    --------------------------------------------------------------------------
	300       0.009647      0.131260      0.019295      0.262521	    no
	310       0.009468      0.128823      0.000000      0.000000	    no
	320       0.009071      0.123412      0.000000      0.000000	    no

                  Tot. error =               0.019295      0.262521


### NL/SL report #####################################


 NL:Orbital    Filling       Eigenvalues[Ry]          Norm       Ghost
    ------------------------------------------------------------------
	100 	 2.000	      -1.0866289035	  0.7136474185	    no
	210 	 0.000	      -0.6662441616	  0.8369484863	    no
	320 	 0.000	      -0.2298574143	  0.9548354784	    no

	 ========== No ghosts in potential!!========== 

      E_tot =       -3.4425220795 Ry

### KE report ########################################

	 ===   Ecut necessary for ~1    eV convergence error / electron === 
	 --------------------------------------------------------------- 
		 	 Ecut[Ry] 	 error [meV/e] 
	100  		   5 	          956.702 
	210  		   2 	          982.424 
	320  		   3 	          974.529 
	 ===   Ecut necessary for ~100 meV convergence error / electron === 
	 --------------------------------------------------------------- 
		 	 Ecut[Ry] 	 error [meV/e] 
	100  		   10 	           93.567 
	210  		   4 	           95.754 
	320  		   12 	           99.058 

	 ===   Ecut necessary for  ~10 meV convergence error / electron === 
	 --------------------------------------------------------------- 
		 	 Ecut[Ry] 	 error [meV/e] 
	100  		   14 	            9.845 
	210  		   6 	            9.878 
	320  		   33 	            9.743 

	 ===   Ecut necessary for   ~1 meV convergence error / electron === 
	 --------------------------------------------------------------- 
		 	 Ecut[Ry] 	 error [meV/e] 
	100  		   19 	            0.985 
	210  		   28 	            0.958 
	320  		   395 	            0.743 

### TC report ########################################

 AE:Orbital    Filling       Eigenvalues[Ry]          Norm
    ----------------------------------------------------------
	100	 2.000	    -111.0987146820
	200	 2.000	      -8.1993463870
	210	 6.000	      -5.4042666277
	300	 2.000	      -0.8136442936	  0.7349488602
	310	 0.500	      -0.4197454098	  0.8634829518
	320	 0.000	      -0.0679888816	  0.9854362814

      E_tot =     -484.2967455395 Ry

 NL:Orbital    Filling       Eigenvalues[Ry]          Norm       Ghost
    ------------------------------------------------------------------
	100 	 2.000	      -0.8135006853	  0.7345919603	    no
	210 	 0.500	      -0.4195255318	  0.8639516950	    no
	320 	 0.000	      -0.0679639478	  0.9854607156	    no

      E_tot =       -3.7129989844 Ry

 AE-NL:Orbital Filling       Eigenvalues[mRy]         Norm[1e-3] 
 AE-NL- --------------------------------------------------------------
 AE-NL- 100 	 2.000	      -0.1436083291	  0.3568998397	
 AE-NL- 210 	 0.500	      -0.2198779847	 -0.4687432887	
 AE-NL- 320 	 0.000	      -0.0249337694	 -0.0244341696	
 AE-NL-  total error =	       0.3884200833	  0.8500772980

 =====================================================================
 AE:Orbital    Filling       Eigenvalues[Ry]          Norm
    ----------------------------------------------------------
	100	 2.000	    -111.8836683950
	200	 2.000	      -8.9642659193
	210	 6.000	      -6.1698994687
	300	 1.500	      -1.4086028281	  0.6857704358
	310	 0.000	      -0.9588171671	  0.8051511074
	320	 0.000	      -0.4527474036	  0.9142317596

      E_tot =     -483.4029456332 Ry

 NL:Orbital    Filling       Eigenvalues[Ry]          Norm       Ghost
    ------------------------------------------------------------------
	100 	 1.500	      -1.4071749327	  0.6880087245	    no
	210 	 0.000	      -0.9587269176	  0.8054205418	    no
	320 	 0.000	      -0.4532114447	  0.9148612966	    no

      E_tot =       -2.8195559321 Ry

 AE-NL:Orbital Filling       Eigenvalues[mRy]         Norm[1e-3] 
 AE-NL- --------------------------------------------------------------
 AE-NL- 100 	 1.500	      -1.4278953759	 -2.2382886876	
 AE-NL- 210 	 0.000	      -0.0902495364	 -0.2694343984	
 AE-NL- 320 	 0.000	       0.4640411176	 -0.6295370300	
 AE-NL-  total error =	       1.9821860299	  3.1372601160

 =====================================================================
 AE:Orbital    Filling       Eigenvalues[Ry]          Norm
    ----------------------------------------------------------
	100	 2.000	    -111.4367312980
	200	 2.000	      -8.5300166965
	210	 6.000	      -5.7354655630
	300	 2.000	      -1.0866289036	  0.7136473986
	310	 0.000	      -0.6662441616	  0.8369484729
	320	 0.000	      -0.2298574185	  0.9548354796

      E_tot =     -484.0261932222 Ry

 NL:Orbital    Filling       Eigenvalues[Ry]          Norm       Ghost
    ------------------------------------------------------------------
	100 	 2.000	      -1.0866289035	  0.7136474185	    no
	210 	 0.000	      -0.6662441616	  0.8369484863	    no
	320 	 0.000	      -0.2298574143	  0.9548354784	    no

      E_tot =       -3.4425220795 Ry

 AE-NL:Orbital Filling       Eigenvalues[mRy]         Norm[1e-3] 
 AE-NL- --------------------------------------------------------------
 AE-NL- 100 	 2.000	      -0.0000000797	 -0.0000198885	
 AE-NL- 210 	 0.000	      -0.0000000714	 -0.0000133903	
 AE-NL- 320 	 0.000	      -0.0000042066	  0.0000011226	
 AE-NL-  total error =	       0.0000043577	  0.0000344014

 =====================================================================

  Comparison of total energy differences.           
   DD_ij = (E_i - E_j)_AE - (E_i-E_j)_NL     

 AE-NL-   i   j         DD[mRy]        DD[meV] 
 AE-NL- ------------------------------------------
 AE-NL-   0   1         0.075412       1.026040
 AE-NL-   0   2        -0.281442      -3.829210
 AE-NL-   0   3         0.000000       0.000000
 AE-NL-   1   2        -0.356854      -4.855250
 AE-NL-   1   3        -0.075412      -1.026040
 AE-NL-   2   3         0.281442       3.829210
