
 ++++++++++++++++++++++++++++++++++++++++++++++++++++++++++++++++++++++++
           OPIUM  Version:        3.8                             
           =====================================            
 See http://opium.sourceforge.net for help and information                 
 Copyright 2009 : The OPIUM project                         

 Compile host     : vagvlan567.217.wlan.design.upenn.edu
 Compile OS       : Darwin 14.1.0 i386
 Compile date     : Wed Mar 18 18:57:27 EDT 2015

 Execution host   : vet-complex.0707.apn.wlan.wireless-pennnet.upenn.edu
 time of execution: Tue Oct 13 19:27:17 2015

 ++++++++++++++++++++++++++++++++++++++++++++++++++++++++++++++++++++++++
 Reading parameter file:  <s.param> ... 
 File prefix             : s 
 Element                 : Sulfur     (S) 
 Z                       : 16 
 
 Number of all-electron orbitals   : 7 
 Number of pseudo       orbitals   : 4 
 
 Pseudopotential is non-relativistic 
 Exchage-correlation functional is : Perdew, Burke, Ernzerhof GGA 
 GGA smoothed from 0 to 0.001000 bohr using switch to LDA 
 The s potential is used for the KB construction 
 Optimized (RRKJ) pseudopotential method will be used 

 nl    cutoff radii    q-max      # bessel functions
 3s       1.580        7.070              10 
 3p       1.350        7.070              10 
 3d       2.670        7.070              10 
 4s       1.320        7.070              10 

 Reference Configuration: core  <-/-> valence 
 1s2  2s2  2p6  <-/-> 3s2  3p3  3d0  4s0 

 Grid definitions: 
 a_grid=1.00e-04    b_grid=1.30e-02    # points=1147 
 r(1)=3.97e-05      r(np)=1.17e+02    

 dEmax tolerance:  1.00e-08      dVmax tolerance:  1.00e-06     

 Starting calculation...

 ======================================================================== 
 Begin AE calculation
 ======================================================================== 
 Performing non-relativistic AE calculation...  
 ---------Eigenvalue guesses---------
 1s          -256.00000000
 2s           -16.00000000
 2p           -16.00000000
 3s            -3.16049383
 3p            -3.16049383
 3d            -3.16049383
 4s            -1.00000000

 iter       Etot             Ebs             Ehxc       de_max   dv_max
   1     -882.3011550    -527.3285185    -354.9726365 0.81E+00 0.23E+01
   2     -822.3764031    -487.6097784    -334.7666247 0.32E+00 0.10E+01
   3     -795.0012256    -469.2491586    -325.7520671 0.23E+00 0.12E+00
   4     -794.2506930    -468.4924102    -325.7582829 0.50E-01 0.47E-01
   5     -795.1227818    -469.0997896    -326.0229922 0.96E-02 0.24E-01
   6     -795.1590220    -469.0107210    -326.1483010 0.88E-02 0.20E-01
   7     -795.0376056    -468.8623173    -326.1752883 0.85E-02 0.12E-01
   8     -794.9609042    -468.7961683    -326.1647358 0.65E-02 0.50E-03
   9     -794.9527823    -468.7943354    -326.1584469 0.52E-03 0.64E-03
  10     -794.9560971    -468.7993722    -326.1567248 0.14E-03 0.47E-03
  11     -794.9630301    -468.8053106    -326.1577195 0.24E-03 0.17E-03
  12     -794.9643050    -468.8059573    -326.1583477 0.44E-04 0.73E-04
  13     -794.9645629    -468.8059328    -326.1586301 0.47E-05 0.57E-04
  14     -794.9644690    -468.8057588    -326.1587102 0.52E-05 0.37E-04
  15     -794.9643222    -468.8056168    -326.1587054 0.36E-05 0.22E-04
  16     -794.9642245    -468.8055443    -326.1586801 0.15E-05 0.12E-04
  17     -794.9641792    -468.8055197    -326.1586595 0.51E-06 0.65E-05
  18     -794.9641662    -468.8055178    -326.1586483 0.46E-06 0.36E-05
  19     -794.9641675    -468.8055236    -326.1586439 0.35E-06 0.22E-05
  20     -794.9641719    -468.8055286    -326.1586432 0.22E-06 0.14E-05
  21     -794.9641754    -468.8055315    -326.1586439 0.12E-06 0.87E-06
  22     -794.9641774    -468.8055326    -326.1586447 0.53E-07 0.56E-06
  23     -794.9641780    -468.8055328    -326.1586453 0.34E-07 0.36E-06
  24     -794.9641781    -468.8055326    -326.1586455 0.20E-07 0.22E-06
  25     -794.9641780    -468.8055324    -326.1586456 0.15E-07 0.13E-06
  26     -794.9641778    -468.8055322    -326.1586456 0.94E-08 0.76E-07

   26 iterations: (units are Ry and bohr)
 Energy:    -794.96417779  Ebs:    -468.80553221  Ehxc:    -326.15864559
 Eh    :     340.79077744  Exc:     -50.11937404

   Orbital    Filling       Eigenvalues    Norm(rc->oo)      Peak
    |100>      2.000        -177.098642
    |200>      2.000         -16.329116
    |210>      6.000         -12.366738
    |300>      2.000          -2.021712      0.503386      1.391613
    |310>      3.000          -1.235388      0.762748      1.544134
    |320>      0.000          -0.294991      0.624295      2.465670
    |400>      0.000          -0.389943      0.963939      4.201592

 ======================================================================== 
 End AE calculation
 ======================================================================== 

 ======================================================================== 
 Begin PS construction
 ======================================================================== 
 Optimized Pseudopotential Generation ...

 ==================
 zeff=   6.0000000000000000     
 Pseudizing state : |300>
 eigenvalue       : -2.021712
 qc               :  7.070000
 # bessel fxns    : 10
 point nearest rc :  816
 rc               :  1.580000
 actual rc        :  1.584808

 Psi(rc)          :     0.5268253829
 Slope at rc      :    -0.4971174037
 Curvature at rc  :    -0.0365462423
 Del^2 Psi at rc  :    -0.6638996410
 Log Deriv at rc  :    -0.9436094384

 Starting KE minimization...
  step #    theta       slope       curv       KEresid    coeffsum
     1    0.002659   -0.609494  114.593194    0.000067    0.117441
     2   -0.000773    0.079300   51.325028    0.000037    0.131898
     3   -0.000348    0.042451   61.033163    0.000029    0.131878
     4   -0.000179    0.014346   39.982790    0.000028    0.130771
    11   -0.000007    0.001369   96.925417    0.000026    0.132585

 # steps:    12
 Final KE error:    0.0000262011
 Sum of coeffs :    0.1325928866
 ---------------------------------------------------------------
 Coeff:      0.849576 -0.525879 -0.205304  0.017654 -0.008126  0.005063 -0.003807  0.003278 -0.003134  0.003272
 ---------------------------------------------------------------
 Resid KE (Ry)     :        0.0000262011
 Norm error        :     0.144E-14
 Continuity error  :     0.000E+00
 Curvature error   :    -0.289E-14
 ---------------------------------------------------------------
 Bessel wavevectors and final coefficients
   1        1.1575930852        0.8495763111
   2        3.0381751290       -0.5258789307
   3        4.9952312743       -0.2053042821
   4        6.9664072547        0.0176544110
   5        8.9424774264       -0.0081257145
   6       10.9208027677        0.0050626071
   7       12.9003502684       -0.0038072519
   8       14.8806336853        0.0032777429
   9       16.8613943274       -0.0031335971
  10       18.8424819637        0.0032715907

 Total KE           (Ry) :     0.9633224531
 0  -> qc contribution   :     0.9632962520
 qc -> oo contribution   :     0.0000262011   (=Convergence term)
 Occupancy of this state :     2.0000000000
 Convergence term (Ry/e) :     0.0000262011
 Convergence error (mRy) :     0.0524022953
 Convergence error (meV) :     0.7129751499


 ==================
 zeff=   6.0000000000000000     
 Pseudizing state : |310>
 eigenvalue       : -1.235388
 qc               :  7.070000
 # bessel fxns    : 10
 point nearest rc :  804
 rc               :  1.350000
 actual rc        :  1.355897

 Psi(rc)          :     0.5543642136
 Slope at rc      :    -0.2283157061
 Curvature at rc  :    -0.7538426090
 Del^2 Psi at rc  :    -1.6936924084
 Log Deriv at rc  :    -0.4118514516

 Starting KE minimization...
  step #    theta       slope       curv       KEresid    coeffsum
     1    0.001040   -0.146082   70.212852    0.000044    1.298843
     2   -0.000534    0.045240   42.371349    0.000032    1.306960
     3   -0.001241    0.033351   13.433794    0.000012    1.315720
     4   -0.000333    0.025669   38.544277    0.000007    1.313630

 # steps:     4
 Final KE error:    0.0000073732
 Sum of coeffs :    1.3136295318
 ---------------------------------------------------------------
 Coeff:      1.336600 -0.006698 -0.023811  0.006495 -0.001251  0.002110 -0.000435  0.000479 -0.000192  0.000334
 ---------------------------------------------------------------
 Resid KE (Ry)     :        0.0000073732
 Norm error        :    -0.333E-15
 Continuity error  :     0.111E-15
 Curvature error   :     0.566E-13
 ---------------------------------------------------------------
 Bessel wavevectors and final coefficients
   1        1.8421043966        1.3366001920
   2        4.4543288915       -0.0066981912
   3        6.8352365364       -0.0238109811
   4        9.1821287464        0.0064945512
   5       11.5166268629       -0.0012513663
   6       13.8451508658        0.0021102817
   7       16.1703237238       -0.0004354263
   8       18.4934244931        0.0004785689
   9       20.8151532455       -0.0001918420
  10       23.1359259919        0.0003337449

 Total KE           (Ry) :     1.5955617266
 0  -> qc contribution   :     1.5955543535
 qc -> oo contribution   :     0.0000073732   (=Convergence term)
 Occupancy of this state :     3.0000000000
 Convergence term (Ry/e) :     0.0000073732
 Convergence error (mRy) :     0.0221194855
 Convergence error (meV) :     0.3009532957


 ==================
 zeff=   6.0000000000000000     
 Pseudizing state : |320>
 eigenvalue       : -0.294991
 qc               :  7.070000
 # bessel fxns    : 10
 point nearest rc :  856
 rc               :  2.670000
 actual rc        :  2.665691

 Psi(rc)          :     0.1900234479
 Slope at rc      :    -0.0787031393
 Curvature at rc  :     0.0263779720
 Del^2 Psi at rc  :    -0.1931206298
 Log Deriv at rc  :    -0.4141759357

 Starting KE minimization...
  step #    theta       slope       curv       KEresid    coeffsum
     1    0.011483   -0.576290   25.092762    0.000692    1.737721
     2   -0.002834    0.199670   35.233730    0.000409    1.757949
     3   -0.003482    0.100419   14.420358    0.000234    1.747332
     4   -0.001699    0.066455   19.558201    0.000178    1.732251

 # steps:     9
 Final KE error:    0.0000066082
 Sum of coeffs :    1.7057771703
 ---------------------------------------------------------------
 Coeff:      0.846162  0.464089  0.228488  0.134200  0.034491 -0.000987  0.000041  0.000050  0.000272 -0.001029
 ---------------------------------------------------------------
 Resid KE (Ry)     :        0.0000066082
 Norm error        :     0.278E-15
 Continuity error  :     0.278E-16
 Curvature error   :    -0.142E-14
 ---------------------------------------------------------------
 Bessel wavevectors and final coefficients
   1        1.4683783241        0.8461615368
   2        2.7980467725        0.4640894931
   3        4.0226902729        0.2284880199
   4        5.2249980730        0.1341999224
   5        6.4182042246        0.0344912808
   6        7.6067359801       -0.0009867298
   7        8.7925331093        0.0000411227
   8        9.9765874949        0.0000498538
   9       11.1594612344        0.0002717992
  10       12.3414973947       -0.0010291285

 Total KE           (Ry) :     1.3578001268
 0  -> qc contribution   :     1.3577935186
 qc -> oo contribution   :     0.0000066082   (=Convergence term)
 Occupancy of this state :     0.0000000000
 Convergence term (Ry/e) :     0.0000066082
 Convergence error (mRy) :     0.0000000000
 Convergence error (meV) :     0.0000000000

 ------------------------------
 Descreening potential
 valence charge          :   5.000000
 core    charge          :   0.000000

 ----Solving the Schrodinger equation for all states----
 State: 3s  AE eigenvalue =  -2.021712  PS eigenvalue =  -2.021712
 State: 3p  AE eigenvalue =  -1.235388  PS eigenvalue =  -1.235388
 State: 3d  AE eigenvalue =  -0.294991  PS eigenvalue =  -0.294991

 ---Semilocal ghost testing---
 Local state: 3s

 Test  state: 3p
 KB energy :  -8.093765  KB strength:   1.309591  KB cosine:  -0.161802
 el0       :  -1.104178  el1        :  -0.230974  eig      :  -1.235388
 No ghosts!  Ekb<0  and eig < el0

 Test  state: 3d
 KB energy : -10.317692  KB strength:   1.573112  KB cosine:  -0.152467
 el0       :  -0.228655  el1        :  -0.089969  eig      :  -0.294991
 No ghosts!  Ekb<0  and eig < el0

 No ghosts for local potential: 3s
 ------------------------------

 Local state: 3p

 Test  state: 3s
 KB energy :   7.771256  KB strength:   1.482424  KB cosine:   0.190757
 el0       :  -2.687850  el1        :  -0.514477  eig      :  -2.021712
 No ghosts!  Ekb>0  and el0 < eig < el1

 Test  state: 3d
 KB energy :  -6.328421  KB strength:   1.089508  KB cosine:  -0.172161
 el0       :  -0.231108  el1        :  -0.090402  eig      :  -0.294991
 No ghosts!  Ekb<0  and eig < el0

 No ghosts for local potential: 3p
 ------------------------------

 Local state: 3d

 Test  state: 3s
 KB energy :  11.172534  KB strength:   3.687965  KB cosine:   0.330092
 el0       :  -8.624133  el1        :  -1.264965  eig      :  -2.021712
 No ghosts!  Ekb>0  and el0 < eig < el1

 Test  state: 3p
 KB energy :   6.588457  KB strength:   2.101298  KB cosine:   0.318936
 el0       :  -3.371061  el1        :  -0.446868  eig      :  -1.235388
 No ghosts!  Ekb>0  and el0 < eig < el1

 No ghosts for local potential: 3d
 ------------------------------


 ======================================================================== 
 End PS construction
 ======================================================================== 

 ======================================================================== 
 Begin NL calculation
 ======================================================================== 
 ---------Eigenvalue guesses---------
 1s            -2.02171177
 2p            -1.23538763
 3d            -0.29499091
 2s            -0.38994297
 Performing non-local pseudopotential calculation
 Using the s potential as the local potential

 iter       Etot             Ebs             Ehxc       de_max   dv_max
   1      -19.2543284      -7.7495864     -11.5047420 0.21E-02 0.10E-08
   2      -19.2543284      -7.7495864     -11.5047420 0.15E-09 0.47E-09

    2 iterations: (units are Ry and bohr)
 Energy:     -19.25432841  Ebs:      -7.74958642  Ehxc:     -11.50474200
 Eh    :      12.54149163  Exc:      -3.55124424

   Orbital    Filling       Eigenvalues    Norm(rc->oo)      Peak
    |100>      2.000          -2.021712      0.503386      1.409822
    |210>      3.000          -1.235388      0.762749      1.544134
    |320>      0.000          -0.294991      0.624295      2.340731
    |200>      0.000          -0.390746      0.962861      4.201592

 ---Non-local ghost testing---
 Local state: 1s

 Test  state: 1s
 ...seems like this angular momentum is the local part!

 Test  state: 2p
 KB energy :  -8.093765  KB strength:   1.309591  KB cosine:  -0.161802
 el0       :  -1.104178  el1        :  -0.230974  eig      :  -1.235388
 No ghosts!  Ekb<0  and eig < el0

 Test  state: 3d
 KB energy : -10.317692  KB strength:   1.573112  KB cosine:  -0.152467
 el0       :  -0.228655  el1        :  -0.089969  eig      :  -0.294991
 No ghosts!  Ekb<0  and eig < el0

 Test  state: 2s
 ...seems like this angular momentum is the local part!
 ------------------------------

 No ghosts present for local potential


 ======================================================================== 
 End NL calculation
 ======================================================================== 
<<<do_tc>>>


 ===============Configuration 1 AE Calc=============== 
 ---------Eigenvalue guesses---------
 1s          -256.00000000
 2s           -16.00000000
 2p           -16.00000000
 3s            -1.40000000
 3p            -0.40000000
 3d            -3.16049383
 4s            -1.00000000

 iter       Etot             Ebs             Ehxc       de_max   dv_max
   1     -854.5411546    -503.2706230    -351.2705316 0.17E+01 0.20E+01
   2     -814.2539038    -476.4532036    -337.8007002 0.38E+00 0.10E+01
   3     -796.0568296    -463.6972150    -332.3596146 0.54E+00 0.90E-01
   4     -795.4671397    -462.8975079    -332.5696319 0.22E+00 0.36E-01
   5     -795.6332262    -462.9048059    -332.7284203 0.63E-01 0.31E-01
   6     -795.6178437    -462.8301429    -332.7877008 0.31E-01 0.19E-01
   7     -795.4873024    -462.7356262    -332.7516762 0.18E-01 0.41E-02
   8     -795.4646229    -462.7311422    -332.7334807 0.61E-03 0.16E-02
   9     -795.4692420    -462.7410727    -332.7281692 0.17E-02 0.12E-02
  10     -795.4862584    -462.7552108    -332.7310476 0.26E-02 0.17E-03
  11     -795.4884139    -462.7558515    -332.7325624 0.32E-03 0.94E-04
  12     -795.4884232    -462.7553303    -332.7330929 0.30E-04 0.76E-04
  13     -795.4878890    -462.7547468    -332.7331422 0.10E-04 0.47E-04
  14     -795.4874463    -462.7544039    -332.7330424 0.12E-04 0.28E-04
  15     -795.4872150    -462.7542709    -332.7329441 0.15E-04 0.20E-04
  16     -795.4871397    -462.7542526    -332.7328871 0.13E-04 0.13E-04
  17     -795.4871402    -462.7542755    -332.7328648 0.99E-05 0.81E-05
  18     -795.4871606    -462.7542996    -332.7328610 0.63E-05 0.47E-05
  19     -795.4871775    -462.7543137    -332.7328638 0.36E-05 0.27E-05
  20     -795.4871875    -462.7543204    -332.7328671 0.18E-05 0.15E-05
  21     -795.4871909    -462.7543216    -332.7328692 0.89E-06 0.87E-06
  22     -795.4871913    -462.7543211    -332.7328702 0.43E-06 0.51E-06
  23     -795.4871908    -462.7543204    -332.7328704 0.23E-06 0.31E-06
  24     -795.4871902    -462.7543199    -332.7328703 0.13E-06 0.19E-06
  25     -795.4871899    -462.7543197    -332.7328702 0.11E-06 0.12E-06
  26     -795.4871898    -462.7543197    -332.7328701 0.64E-07 0.70E-07
  27     -795.4871898    -462.7543197    -332.7328701 0.42E-07 0.42E-07
  28     -795.4871898    -462.7543197    -332.7328701 0.26E-07 0.25E-07
  29     -795.4871898    -462.7543198    -332.7328701 0.15E-07 0.14E-07
  30     -795.4871898    -462.7543198    -332.7328701 0.84E-08 0.81E-08

   30 iterations: (units are Ry and bohr)
 Energy:    -795.48718983  Ebs:    -462.75431977  Ehxc:    -332.73287006
 Eh    :     347.46830378  Exc:     -50.45666005

   Orbital    Filling       Eigenvalues    Norm(rc->oo)      Peak
    |100>      2.000        -176.633688
    |200>      2.000         -15.875228
    |210>      6.000         -11.911680
    |300>      2.000          -1.626170      0.518621      1.409822
    |310>      3.500          -0.861163      0.780870      1.584808
    |320>      0.000          -0.054999      0.885725      4.542436
    |400>      0.000          -0.191675      0.975340      4.723091


 ===============Configuration 1 NL: Calc ===============
 ---------Eigenvalue guesses---------
 1s            -2.02171177
 2p            -1.23538763
 3d            -0.29499091
 2s            -0.38994297
 Performing non-local pseudopotential calculation
 Using the s potential as the local potential

 iter       Etot             Ebs             Ehxc       de_max   dv_max
   1      -22.2961684      -8.3672802     -13.9288882 0.21E-02 0.10E+01
   2      -20.8882215      -7.2310074     -13.6572141 0.45E+00 0.50E+00
   3      -19.9090759      -6.3830055     -13.5260704 0.60E+00 0.16E-01
   4      -19.7853534      -6.2690666     -13.5162868 0.15E+00 0.27E-02
   5      -19.7718233      -6.2607466     -13.5110766 0.14E-01 0.29E-02
   6      -19.7720616      -6.2628588     -13.5092028 0.17E-02 0.22E-02
   7      -19.7772420      -6.2676503     -13.5095916 0.46E-02 0.36E-03
   8      -19.7775947      -6.2678087     -13.5097860 0.56E-03 0.10E-03
   9      -19.7775668      -6.2677237     -13.5098431 0.68E-04 0.11E-03
  10      -19.7774743      -6.2676390     -13.5098354 0.33E-04 0.87E-04
  11      -19.7774061      -6.2675959     -13.5098101 0.38E-04 0.64E-04
  12      -19.7773741      -6.2675857     -13.5097884 0.39E-04 0.44E-04
  13      -19.7773667      -6.2675915     -13.5097752 0.33E-04 0.29E-04
  14      -19.7773704      -6.2676014     -13.5097690 0.24E-04 0.17E-04
  15      -19.7773768      -6.2676098     -13.5097669 0.16E-04 0.10E-04
  16      -19.7773820      -6.2676153     -13.5097666 0.98E-05 0.57E-05
  17      -19.7773852      -6.2676184     -13.5097669 0.54E-05 0.31E-05
  18      -19.7773869      -6.2676198     -13.5097672 0.28E-05 0.17E-05
  19      -19.7773877      -6.2676204     -13.5097673 0.14E-05 0.89E-06
  20      -19.7773879      -6.2676205     -13.5097674 0.70E-06 0.47E-06
  21      -19.7773880      -6.2676206     -13.5097674 0.34E-06 0.26E-06
  22      -19.7773880      -6.2676206     -13.5097674 0.18E-06 0.14E-06
  23      -19.7773880      -6.2676206     -13.5097674 0.89E-07 0.80E-07
  24      -19.7773880      -6.2676206     -13.5097674 0.66E-07 0.45E-07
  25      -19.7773880      -6.2676206     -13.5097674 0.31E-07 0.25E-07
  26      -19.7773880      -6.2676206     -13.5097674 0.18E-07 0.14E-07
  27      -19.7773880      -6.2676206     -13.5097674 0.10E-07 0.75E-08
  28      -19.7773880      -6.2676206     -13.5097674 0.55E-08 0.40E-08

   28 iterations: (units are Ry and bohr)
 Energy:     -19.77738804  Ebs:      -6.26762064  Ehxc:     -13.50976740
 Eh    :      14.64417140  Exc:      -3.87570678

   Orbital    Filling       Eigenvalues    Norm(rc->oo)      Peak
    |100>      2.000          -1.626447      0.518477      1.409822
    |210>      3.500          -0.861350      0.780855      1.584808
    |320>      0.000          -0.054990      0.885488      4.542436
    |200>      0.000          -0.192090      0.974693      4.723091

 ---Non-local ghost testing---
 Local state: 1s

 Test  state: 1s
 ...seems like this angular momentum is the local part!

 Test  state: 2p
 KB energy :  -8.093765  KB strength:   1.309591  KB cosine:  -0.161802
 el0       :  -0.742904  el1        :  -0.081808  eig      :  -0.861350
 No ghosts!  Ekb<0  and eig < el0

 Test  state: 3d
 KB energy : -10.317692  KB strength:   1.573112  KB cosine:  -0.152467
 el0       :  -0.042308  el1        :  -0.021382  eig      :  -0.054990
 No ghosts!  Ekb<0  and eig < el0

 Test  state: 2s
 ...seems like this angular momentum is the local part!
 ------------------------------

 No ghosts present for local potential

   ------------------------------------------------
   ================================================

 ======================================================================== 
 Begin KE convergence testing
 ======================================================================== 
 ----------------------------------------------------------------------
                     Kinetic energy convergence
      ==============================|100>==============================
      Ecut(Ry)  KE/electron(Ry)         KE error/electron (mRy,meV)
        14       0.892723470                70.597414     960.527237
        23       0.956607904                 6.712981      91.334800
        30       0.962640040                 0.680844       9.263360
        35       0.963249077                 0.071808       0.976993
      ==============================|210>==============================
      Ecut(Ry)  KE/electron(Ry)         KE error/electron (mRy,meV)
         7       1.530162691                65.398769     889.796030
        10       1.588655640                 6.905820      93.958509
        27       1.594842553                 0.718907       9.781230
        36       1.595496742                 0.064717       0.880525
      ==============================|320>==============================
      Ecut(Ry)  KE/electron(Ry)         KE error/electron (mRy,meV)
        14       1.285171747                72.636230     988.266758
        29       1.350799700                 7.008277      95.352516
        38       1.357090845                 0.717133       9.757091
        45       1.357745426                 0.062552       0.851057
      ==============================|200>==============================
      Ecut(Ry)  KE/electron(Ry)         KE error/electron (mRy,meV)
        14       0.892723470                70.597414     960.527237
        23       0.956607904                 6.712981      91.334800
        30       0.962640040                 0.680844       9.263360
        35       0.963249077                 0.071808       0.976993

 ======================================================================== 
 End KE convergence testing
 ======================================================================== 
<<<do_upf>>>
<<<do_rpt>>>
<<<do_upf>>>
------------- closing opium session ------------
