
 ++++++++++++++++++++++++++++++++++++++++++++++++++++++++++++++++++++++++
           OPIUM  Version:        3.8                             
           =====================================            
 See http://opium.sourceforge.net for help and information                 
 Copyright 2009 : The OPIUM project                         

 Compile host     : vagvlan567.217.wlan.design.upenn.edu
 Compile OS       : Darwin 14.1.0 i386
 Compile date     : Wed Mar 18 18:57:27 EDT 2015

 Execution host   : vagvlan567.0723.wlan.wireless-pennnet.upenn.edu
 time of execution: Wed Oct 14 15:22:18 2015

 ++++++++++++++++++++++++++++++++++++++++++++++++++++++++++++++++++++++++
 Reading parameter file:  <n.param> ... 
 File prefix             : n 
 Element                 : Nitrogen   (N) 
 Z                       : 7 
 
 Number of all-electron orbitals   : 3 
 Number of pseudo       orbitals   : 2 
 
 Pseudopotential is non-relativistic 
 Using Hartree-Fock Exchange (Beta!!)                
 HF pseudopotential NOT being smoothed! 
 The s potential is used for the KB construction 
 Optimized (RRKJ) pseudopotential method will be used 

 nl    cutoff radii    q-max      # bessel functions
 2s       1.350        7.070              10 
 2p       1.540        7.070              10 

 Reference Configuration: core  <-/-> valence 
 1s2  <-/-> 2s2  2p3 

 Grid definitions: 
 a_grid=1.00e-04    b_grid=1.30e-02    # points=1126 
 r(1)=5.23e-05      r(np)=1.17e+02    

 dEmax tolerance:  1.00e-08      dVmax tolerance:  1.00e-06     

 Starting calculation...

 ======================================================================== 
 Begin AE calculation
 ======================================================================== 
 Performing non-relativistic AE calculation...  
 Rotation needed            1           2   1.0000000000000001E-005

 iter       Etot             Eeig             Ehart    de_max   dv_max
   1     -109.3327851      70.2798104      40.2990272 0.66E+00 0.67E-01
   2     -108.5919522      69.5718768      40.2591278 0.45E-01 0.12E-03
   3     -108.5923386      69.5721769      40.2592274 0.21E-04 0.59E-06
   4     -108.5923390      69.5721771      40.2592277 0.15E-06 0.76E-07
   5     -108.5923387      69.5721768      40.2592278 0.11E-07 0.13E-07

 Hartree-Fock converged!
      {100|200}= 2.6D-17

    5 iterations: (units are Ry and bohr)
 Energy:    -108.59233873    Ebs:     -69.57217676
 Eh:          40.25922778    Ex :      -1.23906580

   Orbital    Filling       Eigenvalues    Norm(rc->oo)      Peak
    |100>      2.000         -31.332783
    |200>      2.000          -1.927341      0.418881      1.021245
    |210>      3.000          -1.017310      0.377784      0.982184

 ======================================================================== 
 End AE calculation
 ======================================================================== 

 ======================================================================== 
 Begin PS construction
 ======================================================================== 
 Optimized Pseudopotential Generation ...

 ==================
 zeff=   5.0000000000000000     
 Pseudizing state : |200>
 eigenvalue       : -1.927341
 qc               :  7.070000
 # bessel fxns    : 10
 point nearest rc :  782
 rc               :  1.350000
 actual rc        :  1.341815

 Psi(rc)          :     0.6057119804
 Slope at rc      :    -0.7582918039
 Curvature at rc  :     0.6676306272
 Del^2 Psi at rc  :    -0.4626175868
 Log Deriv at rc  :    -1.2519016108

 Error in constraints
   1        -0.10329E-09
   2         0.10329E-09
   3        -0.81825E-10
   4         0.81825E-10
   5        -0.10465E-05
   6         0.10465E-05
   7         0.63828E-04
   8         0.63828E-04
   9         0.00000E+00
  10         0.10465E-05
 Bessel wavevectors and final coefficients
   1        1.4251987478        1.2277482125
   2        3.6157044878       -0.1090474256
   3        5.9169121598       -0.1494771428
   4        8.2403186935        0.0142915225
   5       10.5715460901       -0.0075488387
   6       12.9063985196        0.0049796263
   7       15.2432210245       -0.0040084541
   8       17.5812316615        0.0036210677
   9       19.9200135208       -0.0035504382
  10       22.2593241581        0.0036097137

 Total KE           (Ry) :     1.1383753228
 0  -> qc contribution   :     1.1383114952
 qc -> oo contribution   :     0.0000638277   (=Convergence term)
 Occupancy of this state :     2.0000000000
 Convergence term (Ry/e) :     0.0000638277
 Convergence error (mRy) :     0.1276553906
 Convergence error (meV) :     1.7368537139


 ==================
 zeff=   5.0000000000000000     
 Pseudizing state : |210>
 eigenvalue       : -1.017310
 qc               :  7.070000
 # bessel fxns    : 10
 point nearest rc :  793
 rc               :  1.540000
 actual rc        :  1.548092

 Psi(rc)          :     0.4374318447
 Slope at rc      :    -0.4836413771
 Curvature at rc  :     0.5214981044
 Del^2 Psi at rc  :    -0.4683702013
 Log Deriv at rc  :    -1.1056382450

 Error in constraints
   1         0.40431E-11
   2        -0.40431E-11
   3        -0.11420E-10
   4         0.11420E-10
   5        -0.26326E-09
   6         0.26326E-09
   7         0.10104E-03
   8         0.10104E-03
   9         0.00000E+00
  10         0.26326E-09
 Bessel wavevectors and final coefficients
   1        1.9663757828        1.7306824713
   2        4.0285959889        1.0420424621
   3        6.0681099292        0.1909940641
   4        8.1024552823       -0.0059995471
   5       10.1347779112        0.0029367193
   6       12.1660981364       -0.0022845269
   7       14.1968481623        0.0022880624
   8       16.2272427600       -0.0024902635
   9       18.2574008057        0.0027616117
  10       20.2873934546       -0.0030621763

 Total KE           (Ry) :     3.2112885058
 0  -> qc contribution   :     3.2111874696
 qc -> oo contribution   :     0.0001010362   (=Convergence term)
 Occupancy of this state :     3.0000000000
 Convergence term (Ry/e) :     0.0001010362
 Convergence error (mRy) :     0.3031085763
 Convergence error (meV) :     4.1240346673


 Running HF solver for raw psp...
 Results of HF psp solve...
 State: 1s  AE eigenvalue =  -1.927341  PS eigenvalue =  -1.927341
 State: 2p  AE eigenvalue =  -1.017310  PS eigenvalue =  -1.017310

 ======================================================================== 
 End PS construction
 ======================================================================== 

 ======================================================================== 
 Begin SL calculation
 ======================================================================== 

 iter       Etot             Eeig             Ehart    de_max   dv_max
   1      -18.9825063       6.9066103      12.9348650 0.32E-08 0.12E-08

 Hartree-Fock converged!

 Converged in 1 iteration (probably reference state)
 Energy:     -18.98250632    Ebs:      -6.90661029
 Eh:          12.93486504    Ex :      -0.85896901

   Orbital    Filling       Eigenvalues    Norm(rc->oo)      Peak
    |100>      2.000          -1.927341      0.418881      1.061861
    |210>      3.000          -1.017310      0.377784      0.956976

 ======================================================================== 
 End SL calculation
 ======================================================================== 
<<<do_tc>>>


 ===============Configuration 1 AE Calc=============== 
 Rotation needed            1           2   1.0000000000000001E-005

 iter       Etot             Eeig             Ehart    de_max   dv_max
   1     -108.6409033      68.3346677      41.5843964 0.26E+01 0.12E+00
   2     -108.5589486      68.3395876      41.4843339 0.48E-01 0.31E-03
   3     -108.5586542      68.3389836      41.4846611 0.16E-03 0.10E-05
   4     -108.5586491      68.3389814      41.4846581 0.84E-06 0.11E-06
   5     -108.5586522      68.3389837      41.4846590 0.15E-06 0.25E-07
   6     -108.5586513      68.3389830      41.4846587 0.40E-07 0.69E-08

 Hartree-Fock converged!
      {100|200}=-1.3D-17

    6 iterations: (units are Ry and bohr)
 Energy:    -108.55865129    Ebs:     -68.33898302
 Eh:          41.48465869    Ex :      -1.26499043

   Orbital    Filling       Eigenvalues    Norm(rc->oo)      Peak
    |100>      2.000         -31.163622
    |200>      2.000          -1.768821      0.425042      1.021245
    |210>      3.200          -0.773156      0.405468      1.008055
!!NOTE!!: All Hartree-Fock tests are done with the semi-local form of the potential 
!!NOTE!!: Use the 'sl' command instead of the 'nl' command to remove this warning...


 ===============Configuration 1 SL: Calc ===============

 iter       Etot             Eeig             Ehart    de_max   dv_max
   1      -18.9408429       5.9996407      13.8298378 0.28E+00 0.10E-02
   2      -18.9520033       6.0091627      13.8315910 0.33E-02 0.77E-06
   3      -18.9520026       6.0091619      13.8315913 0.17E-06 0.55E-07
   4      -18.9520025       6.0091617      13.8315913 0.26E-07 0.56E-08

 Hartree-Fock converged!

    4 iterations: (units are Ry and bohr)
 Energy:     -18.95200247    Ebs:      -6.00916171
 Eh:          13.83159126    Ex :      -0.88875051

   Orbital    Filling       Eigenvalues    Norm(rc->oo)      Peak
    |100>      2.000          -1.766582      0.425434      1.061861
    |210>      3.200          -0.773749      0.404423      0.956976


 ===============Configuration 2 AE Calc=============== 
 Rotation needed            1           2   1.0000000000000001E-005
 method 1  unable to solve equation for electron 2 1
          nc =   1   nj = 738   ed =   0.051652   el =   0.045178   eu =   4.840000
 HF solver failed:  #fails=           1
 Solve for HF wfn failed, orthogonalizing...
 method 1  unable to solve equation for electron 2 1
          nc =   1   nj = 738   ed =   0.051690   el =   0.044850   eu =   4.840000
 HF solver failed:  #fails=           2
 method 2  unable to solve equation for electron 2 1
          nc =   1   nj = 730   ed =   0.051690   el =   0.044850   eu =   4.840000
 HF solver failed:  #fails=           3
 method 1  unable to solve equation for electron 2 1
          nc =   1   nj = 738   ed =   0.051690   el =   0.044850   eu =   4.840000
 HF solver failed:  #fails=           4
 Solve for HF wfn failed, orthogonalizing...
 method 1  unable to solve equation for electron 2 1
          nc =   1   nj = 738   ed =   0.051690   el =   0.044850   eu =   4.840000
 HF solver failed:  #fails=           5
 method 2  unable to solve equation for electron 2 1
          nc =   1   nj = 730   ed =   0.051690   el =   0.044850   eu =   4.840000
 HF solver failed:  #fails=           6
 method 1  unable to solve equation for electron 2 1
          nc =   1   nj = 738   ed =   0.051690   el =   0.044850   eu =   4.840000
 HF solver failed:  #fails=           7
 Solve for HF wfn failed, orthogonalizing...
 method 1  unable to solve equation for electron 2 1
          nc =   1   nj = 738   ed =   0.051690   el =   0.044850   eu =   4.840000
 HF solver failed:  #fails=           8
 method 2  unable to solve equation for electron 2 1
          nc =   1   nj = 730   ed =   0.051690   el =   0.044850   eu =   4.840000
 HF solver failed:  #fails=           9
 method 1  unable to solve equation for electron 2 1
          nc =   1   nj = 738   ed =   0.051690   el =   0.044850   eu =   4.840000
 HF solver failed:  #fails=          10
 Solve for HF wfn failed, orthogonalizing...
 method 1  unable to solve equation for electron 2 1
          nc =   1   nj = 738   ed =   0.051690   el =   0.044850   eu =   4.840000
 HF solver failed:  #fails=          11
 method 2  unable to solve equation for electron 2 1
          nc =   1   nj = 730   ed =   0.051690   el =   0.044850   eu =   4.840000
 HF solver failed:  #fails=          12
 method 1  unable to solve equation for electron 2 1
          nc =   1   nj = 738   ed =   0.051690   el =   0.044850   eu =   4.840000
 HF solver failed:  #fails=          13
 Solve for HF wfn failed, orthogonalizing...
 method 1  unable to solve equation for electron 2 1
          nc =   1   nj = 738   ed =   0.051690   el =   0.044850   eu =   4.840000
 HF solver failed:  #fails=          14
 method 2  unable to solve equation for electron 2 1
          nc =   1   nj = 730   ed =   0.051690   el =   0.044850   eu =   4.840000
 HF solver failed:  #fails=          15
 method 1  unable to solve equation for electron 2 1
          nc =   1   nj = 738   ed =   0.051690   el =   0.044850   eu =   4.840000
 HF solver failed:  #fails=          16
 Solve for HF wfn failed, orthogonalizing...
 method 1  unable to solve equation for electron 2 1
          nc =   1   nj = 738   ed =   0.051690   el =   0.044850   eu =   4.840000
 HF solver failed:  #fails=          17
 method 2  unable to solve equation for electron 2 1
          nc =   1   nj = 730   ed =   0.051690   el =   0.044850   eu =   4.840000
 HF solver failed:  #fails=          18

 iter       Etot             Eeig             Ehart    de_max   dv_max
   1     -127.1934254      79.8215204      49.0714506 0.54E+00 0.11E+01
   2     -105.1783060      63.8968399      42.5723298 0.20E+01 0.29E-01
   3     -108.5441109      67.1781676      42.6553424 0.55E-01 0.29E-03
   4     -108.5436526      67.1775670      42.6555025 0.89E-04 0.54E-06
   5     -108.5436487      67.1775646      42.6555008 0.40E-06 0.90E-07
   6     -108.5436506      67.1775660      42.6555013 0.90E-07 0.27E-07

 Hartree-Fock converged!
      {100|200}= 5.4D-18

    6 iterations: (units are Ry and bohr)
 Energy:    -108.54365056    Ebs:     -67.17756597
 Eh:          42.65550134    Ex :      -1.28941676

   Orbital    Filling       Eigenvalues    Norm(rc->oo)      Peak
    |100>      2.000         -30.997093
    |200>      2.000          -1.614685      0.431166      1.021245
    |210>      3.400          -0.574709      0.430304      1.021245


 ===============Configuration 2 SL: Calc ===============

 iter       Etot             Eeig             Ehart    de_max   dv_max
   1      -18.9159363       5.1594996      14.6725585 0.52E+00 0.21E-02
   2      -18.9389733       5.1779433      14.6774576 0.83E-02 0.31E-05
   3      -18.9389816       5.1779474      14.6774622 0.90E-06 0.26E-06
   4      -18.9389773       5.1779444      14.6774607 0.66E-06 0.76E-07
   5      -18.9389788       5.1779454      14.6774613 0.20E-06 0.28E-07
   6      -18.9389782       5.1779450      14.6774611 0.86E-07 0.12E-07

 Hartree-Fock converged!

    6 iterations: (units are Ry and bohr)
 Energy:     -18.93897819    Ebs:      -5.17794497
 Eh:          14.67746109    Ex :      -0.91642787

   Orbital    Filling       Eigenvalues    Norm(rc->oo)      Peak
    |100>      2.000          -1.610884      0.431856      1.075755
    |210>      3.400          -0.575346      0.428558      0.969498
   ------------------------------------------------
   ================================================

 ======================================================================== 
 Begin KE convergence testing
 ======================================================================== 
 ----------------------------------------------------------------------
                     Kinetic energy convergence
      ==============================|100>==============================
      Ecut(Ry)  KE/electron(Ry)         KE error/electron (mRy,meV)
         6       1.067769836                70.597755     960.531869
        28       1.131282384                 7.085206      96.399185
        39       1.137653162                 0.714428       9.720298
        48       1.138297637                 0.069954       0.951767
      ==============================|210>==============================
      Ecut(Ry)  KE/electron(Ry)         KE error/electron (mRy,meV)
        24       3.139121107                72.161412     981.806517
        35       3.204251355                 7.031163      95.663896
        43       3.210556981                 0.725537       9.871445
        52       3.211212495                 0.070024       0.952720

 ======================================================================== 
 End KE convergence testing
 ======================================================================== 
<<<do_rpt>>>
<<<do_upf>>>
------------- closing opium session ------------
