##########################################################
#    Opium Report File                                   #
##########################################################
     Opium version:        3.8

### copy of the parameter file #######################

[Atom]
N  
3
100   2.00   -
200   2.00   -
210   3.00   -

[Pseudo]
2  1.35 1.54
opt

[Optinfo]
7.07  10
7.07  10
conmax

[Configs]
2
#
200  2.00  -
210  3.20  -
#
200  2.00  -
210  3.40  -

[XC]
hf

### AE report ########################################

 AE:Orbital    Filling       Eigenvalues[Ry]          Norm
    ----------------------------------------------------------
	100	 2.000	     -31.3327832385
	200	 2.000	      -1.9273405448	  0.4188809644
	210	 3.000	      -1.0173097303	  0.3777844450

      E_tot =     -108.5923387345 Ry

### PS report ########################################



 NOTICE!! :Ghost testing not done for HF psps yet, sorry :( 
    ====================Optimized pseudopotential method====================

                       Pseudopotential convergence error                      
    Orbital      [mRy/e]       [meV/e]         [mRy]        [meV]        Ghost
    --------------------------------------------------------------------------
	100       0.063828      0.868420      0.127655      1.736841	   ???
	210       0.101036      1.374668      0.303109      4.124004	   ???

                  Tot. error =               0.430764      5.860845


### NL/SL report #####################################



 NOTICE!! :Ghost testing not done for HF psps yet, sorry :( 

 SL:Orbital    Filling       Eigenvalues[Ry]          Norm       Ghost
    ------------------------------------------------------------------
	100 	 2.000	      -1.9273405509	  0.4188814057	   ???
	210 	 3.000	      -1.0173097291	  0.3777844576	   ???

      E_tot =      -18.9825063186 Ry

### KE report ########################################

	 ===   Ecut necessary for ~1    eV convergence error / electron === 
	 --------------------------------------------------------------- 
		 	 Ecut[Ry] 	 error [meV/e] 
	100  		   6 	          960.532 
	210  		   24 	          981.807 
	 ===   Ecut necessary for ~100 meV convergence error / electron === 
	 --------------------------------------------------------------- 
		 	 Ecut[Ry] 	 error [meV/e] 
	100  		   28 	           96.399 
	210  		   35 	           95.664 

	 ===   Ecut necessary for  ~10 meV convergence error / electron === 
	 --------------------------------------------------------------- 
		 	 Ecut[Ry] 	 error [meV/e] 
	100  		   39 	            9.720 
	210  		   43 	            9.871 

	 ===   Ecut necessary for   ~1 meV convergence error / electron === 
	 --------------------------------------------------------------- 
		 	 Ecut[Ry] 	 error [meV/e] 
	100  		   48 	            0.952 
	210  		   52 	            0.953 

### TC report ########################################

 AE:Orbital    Filling       Eigenvalues[Ry]          Norm
    ----------------------------------------------------------
	100	 2.000	     -31.1636215480
	200	 2.000	      -1.7688210571	  0.4250420984
	210	 3.200	      -0.7731555665	  0.4054679375

      E_tot =     -108.5586512853 Ry


 NOTICE!! :Ghost testing not done for HF psps yet, sorry :( 

 SL:Orbital    Filling       Eigenvalues[Ry]          Norm       Ghost
    ------------------------------------------------------------------
	100 	 2.000	      -1.7665824933	  0.4254336526	   ???
	210 	 3.200	      -0.7737489772	  0.4044226161	   ???

      E_tot =      -18.9520024668 Ry

 AE-SL:Orbital Filling       Eigenvalues[mRy]         Norm[1e-3] 
 AE-SL- --------------------------------------------------------------
 AE-SL- 100 	 2.000	      -2.2385637725	 -0.3915541531	
 AE-SL- 210 	 3.200	       0.5934107049	  1.0453213536	
 AE-SL-  total error =	       2.8319744774	  1.4368755067

 =====================================================================
 AE:Orbital    Filling       Eigenvalues[Ry]          Norm
    ----------------------------------------------------------
	100	 2.000	     -30.9970925966
	200	 2.000	      -1.6146853501	  0.4311659733
	210	 3.400	      -0.5747088474	  0.4303040862

      E_tot =     -108.5436505570 Ry


 NOTICE!! :Ghost testing not done for HF psps yet, sorry :( 

 SL:Orbital    Filling       Eigenvalues[Ry]          Norm       Ghost
    ------------------------------------------------------------------
	100 	 2.000	      -1.6108844861	  0.4318555620	   ???
	210 	 3.400	      -0.5753458824	  0.4285583287	   ???

      E_tot =      -18.9389781901 Ry

 AE-SL:Orbital Filling       Eigenvalues[mRy]         Norm[1e-3] 
 AE-SL- --------------------------------------------------------------
 AE-SL- 100 	 2.000	      -3.8008640469	 -0.6895886614	
 AE-SL- 210 	 3.400	       0.6370349723	  1.7457574580	
 AE-SL-  total error =	       4.4378990193	  2.4353461194

 =====================================================================

  Comparison of total energy differences.           
   DD_ij = (E_i - E_j)_AE - (E_i-E_j)_SL     

 AE-SL-   i   j         DD[mRy]        DD[meV] 
 AE-SL- ------------------------------------------
 AE-SL-   0   1        -3.183597     -43.315071
 AE-SL-   0   2        -5.160049     -70.206079
 AE-SL-   1   2        -1.976452     -26.891008
