
 ++++++++++++++++++++++++++++++++++++++++++++++++++++++++++++++++++++++++
           OPIUM  Version:        3.8                             
           =====================================            
 See http://opium.sourceforge.net for help and information                 
 Copyright 2009 : The OPIUM project                         

 Compile host     : vagvlan567.217.wlan.design.upenn.edu
 Compile OS       : Darwin 14.1.0 i386
 Compile date     : Wed Mar 18 18:57:27 EDT 2015

 Execution host   : vagvlan567.0951.wlan.wireless-pennnet.upenn.edu
 time of execution: Tue Oct 13 17:55:05 2015

 ++++++++++++++++++++++++++++++++++++++++++++++++++++++++++++++++++++++++
 Reading parameter file:  <si.param> ... 
 File prefix             : si 
 Element                 : Silicon    (Si) 
 Z                       : 14 
 
 Number of all-electron orbitals   : 6 
 Number of pseudo       orbitals   : 3 
 
 Pseudopotential is non-relativistic 
 Exchage-correlation functional is : Perdew, Burke, Ernzerhof GGA 
 GGA smoothed from 0 to 0.001000 bohr using switch to LDA 
 The s potential is used for the KB construction 
 Optimized (RRKJ) pseudopotential method will be used 

 nl    cutoff radii    q-max      # bessel functions
 3s       1.850        7.070              10 
 3p       1.850        7.070              10 
 3d       1.970        7.070              10 

 Reference Configuration: core  <-/-> valence 
 1s2  2s2  2p6  <-/-> 3s2  3p1.05  3d0 

 Grid definitions: 
 a_grid=1.00e-04    b_grid=1.30e-02    # points=1144 
 r(1)=4.15e-05      r(np)=1.18e+02    

 dEmax tolerance:  1.00e-08      dVmax tolerance:  1.00e-06     

 Box 1  0.101264 --> 1.61442  height: 0.001 
 Starting calculation...

 ======================================================================== 
 Begin AE calculation
 ======================================================================== 
 Performing non-relativistic AE calculation...  
 ---------Eigenvalue guesses---------
 1s           -13.00000000
 2s            -1.40000000
 2p            -0.40000000
 3s            -0.10000000
 3p           -13.00000000
 3d            -1.40000000

 iter       Etot             Ebs             Ehxc       de_max   dv_max
   1     -657.9582702    -387.3428196    -270.6154506 0.28E+02 0.26E+01
   2     -602.7174190    -350.8549690    -251.8624500 0.31E+00 0.10E+01
   3     -577.2729042    -334.4188422    -242.8540619 0.26E+00 0.11E+00
   4     -576.9431269    -334.0952700    -242.8478569 0.49E-01 0.48E-01
   5     -578.0675628    -334.9276783    -243.1398845 0.10E-01 0.13E-01
   6     -578.0765923    -334.8181038    -243.2584885 0.56E-02 0.11E-01
   7     -577.9124995    -334.6419744    -243.2705252 0.45E-02 0.60E-02
   8     -577.8790435    -334.6113031    -243.2677404 0.23E-02 0.38E-03
   9     -577.8753645    -334.6094873    -243.2658772 0.29E-03 0.35E-03
  10     -577.8761209    -334.6107697    -243.2653512 0.74E-04 0.27E-03
  11     -577.8772874    -334.6118666    -243.2654207 0.38E-04 0.19E-03
  12     -577.8780513    -334.6124294    -243.2656219 0.25E-04 0.13E-03
  13     -577.8783981    -334.6126216    -243.2657765 0.17E-04 0.82E-04
  14     -577.8784951    -334.6126393    -243.2658557 0.11E-04 0.52E-04
  15     -577.8784871    -334.6126046    -243.2658825 0.72E-05 0.32E-04
  16     -577.8784538    -334.6125697    -243.2658841 0.44E-05 0.19E-04
  17     -577.8784284    -334.6125504    -243.2658781 0.25E-05 0.12E-04
  18     -577.8784157    -334.6125434    -243.2658723 0.14E-05 0.70E-05
  19     -577.8784120    -334.6125433    -243.2658687 0.81E-06 0.43E-05
  20     -577.8784117    -334.6125445    -243.2658672 0.46E-06 0.26E-05
  21     -577.8784130    -334.6125462    -243.2658668 0.27E-06 0.16E-05
  22     -577.8784141    -334.6125471    -243.2658670 0.17E-06 0.98E-06
  23     -577.8784147    -334.6125476    -243.2658672 0.98E-07 0.60E-06
  24     -577.8784150    -334.6125477    -243.2658673 0.74E-07 0.37E-06
  25     -577.8784150    -334.6125477    -243.2658674 0.39E-07 0.23E-06
  26     -577.8784150    -334.6125476    -243.2658674 0.24E-07 0.14E-06
  27     -577.8784150    -334.6125476    -243.2658674 0.14E-07 0.84E-07
  28     -577.8784150    -334.6125476    -243.2658674 0.86E-08 0.51E-07

   28 iterations: (units are Ry and bohr)
 Energy:    -577.87841497  Ebs:    -334.61254758  Ehxc:    -243.26586739
 Eh    :     255.11081919  Exc:     -40.75135314

   Orbital    Filling       Eigenvalues    Norm(rc->oo)      Peak
    |100>      2.000        -131.586802
    |200>      2.000         -10.864086
    |210>      6.000          -7.686175
    |300>      2.000          -1.362596      0.575928      1.745383
    |310>      1.050          -0.827168      0.722034      2.040049
    |320>      0.000          -0.244462      0.917465      3.387099

 ======================================================================== 
 End AE calculation
 ======================================================================== 

 ======================================================================== 
 Begin PS construction
 ======================================================================== 
 Optimized Pseudopotential Generation ...

 ==================
 zeff=   4.0000000000000000     
 Pseudizing state : |300>
 eigenvalue       : -1.362596
 qc               :  7.070000
 # bessel fxns    : 10
 point nearest rc :  824
 rc               :  1.850000
 actual rc        :  1.838544

 Psi(rc)          :     0.4130090571
 Slope at rc      :    -0.2637079490
 Curvature at rc  :    -0.1475409190
 Del^2 Psi at rc  :    -0.4344070217
 Log Deriv at rc  :    -0.6385040339

 Starting KE minimization...
  step #    theta       slope       curv       KEresid    coeffsum
     1    0.002314   -0.311296   67.277239    0.000036    0.082118
     2   -0.000717    0.045447   31.699309    0.000019    0.091813
     3   -0.000382    0.025413   33.283862    0.000015    0.092254
     4   -0.000266    0.009803   18.392860    0.000013    0.091345

 # steps:     8
 Final KE error:    0.0000081154
 Sum of coeffs :    0.0989150910
 ---------------------------------------------------------------
 Coeff:      0.584854 -0.389066 -0.110917  0.016156 -0.004141  0.003113 -0.001391  0.001107 -0.002788  0.001989
 ---------------------------------------------------------------
 Resid KE (Ry)     :        0.0000081154
 Norm error        :     0.000E+00
 Continuity error  :     0.555E-16
 Curvature error   :     0.364E-13
 ---------------------------------------------------------------
 Bessel wavevectors and final coefficients
   1        0.9106663402        0.5848538986
   2        2.5830195524       -0.3890662200
   3        4.2838575859       -0.1109170948
   4        5.9891786524        0.0161558237
   5        7.6960133907       -0.0041409408
   6        9.4035391988        0.0031125393
   7       11.1114378910       -0.0013914708
   8       12.8195605696        0.0011070677
   9       14.5278282821       -0.0027879070
  10       16.2361952741        0.0019893952

 Total KE           (Ry) :     0.6028576464
 0  -> qc contribution   :     0.6028495310
 qc -> oo contribution   :     0.0000081154   (=Convergence term)
 Occupancy of this state :     2.0000000000
 Convergence term (Ry/e) :     0.0000081154
 Convergence error (mRy) :     0.0162307045
 Convergence error (meV) :     0.2208317193


 ==================
 zeff=   4.0000000000000000     
 Pseudizing state : |310>
 eigenvalue       : -0.827168
 qc               :  7.070000
 # bessel fxns    : 10
 point nearest rc :  824
 rc               :  1.850000
 actual rc        :  1.838544

 Psi(rc)          :     0.3622916647
 Slope at rc      :    -0.1350139698
 Curvature at rc  :    -0.2138140655
 Del^2 Psi at rc  :    -0.5750429480
 Log Deriv at rc  :    -0.3726665085

 Starting KE minimization...
  step #    theta       slope       curv       KEresid    coeffsum
     1    0.001495   -0.141038   47.156532    0.000024    0.853372
     2   -0.000656    0.026815   20.422804    0.000015    0.860571
     3   -0.000626    0.018074   14.437158    0.000010    0.862563

 # steps:     3
 Final KE error:    0.0000097526
 Sum of coeffs :    0.8625629131
 ---------------------------------------------------------------
 Coeff:      0.896899  0.001334 -0.035670 -0.001745 -0.000997  0.001902 -0.000681  0.001102 -0.000990  0.001410
 ---------------------------------------------------------------
 Resid KE (Ry)     :        0.0000097526
 Norm error        :     0.167E-15
 Continuity error  :    -0.555E-16
 Curvature error   :    -0.161E-13
 ---------------------------------------------------------------
 Bessel wavevectors and final coefficients
   1        1.4001747563        0.8968989427
   2        3.2971303059        0.0013336201
   3        5.0485100134       -0.0356697675
   4        6.7772911943       -0.0017452692
   5        8.4977856566       -0.0009974812
   6       10.2142762692        0.0019021105
   7       11.9285182781       -0.0006806872
   8       13.6413689746        0.0011022987
   9       15.3532980276       -0.0009904149
  10       17.0645847034        0.0014095610

 Total KE           (Ry) :     0.9393446636
 0  -> qc contribution   :     0.9393349110
 qc -> oo contribution   :     0.0000097526   (=Convergence term)
 Occupancy of this state :     1.0500000000
 Convergence term (Ry/e) :     0.0000097526
 Convergence error (mRy) :     0.0102402325
 Convergence error (meV) :     0.1393265548


 ==================
 zeff=   4.0000000000000000     
 Pseudizing state : |320>
 eigenvalue       : -0.244462
 qc               :  7.070000
 # bessel fxns    : 10
 point nearest rc :  829
 rc               :  1.970000
 actual rc        :  1.962019

 Psi(rc)          :     0.1882530721
 Slope at rc      :    -0.0148542671
 Curvature at rc  :    -0.0575254827
 Del^2 Psi at rc  :    -0.3660855202
 Log Deriv at rc  :    -0.0789058418

 Starting KE minimization...
  step #    theta       slope       curv       KEresid    coeffsum
     1    0.008555   -0.120945    7.068467    0.000277    0.955354
     2   -0.002341    0.062735   13.400908    0.000204    0.969950
     3   -0.003128    0.035068    5.605186    0.000149    0.971412
     4   -0.004672    0.029189    3.124029    0.000080    0.955706
    11   -0.000135    0.003674   13.569484    0.000011    0.946661

 # steps:    15
 Final KE error:    0.0000101688
 Sum of coeffs :    0.9449213315
 ---------------------------------------------------------------
 Coeff:      0.685443  0.189577  0.062000  0.009009 -0.002238  0.001268 -0.001139  0.001158 -0.001290  0.001133
 ---------------------------------------------------------------
 Resid KE (Ry)     :        0.0000101688
 Norm error        :     0.416E-16
 Continuity error  :     0.278E-16
 Curvature error   :    -0.109E-13
 ---------------------------------------------------------------
 Bessel wavevectors and final coefficients
   1        1.7526961941        0.6854434493
   2        3.7277209126        0.1895766650
   3        5.4175119329        0.0620004380
   4        7.0629571289        0.0090090215
   5        8.6911393583       -0.0022382302
   6       10.3106188543        0.0012684718
   7       11.9250561227       -0.0011386931
   8       13.5362984900        0.0011575035
   9       15.1453844699       -0.0012898936
  10       16.7529445577        0.0011325992

 Total KE           (Ry) :     0.7779481370
 0  -> qc contribution   :     0.7779379682
 qc -> oo contribution   :     0.0000101688   (=Convergence term)
 Occupancy of this state :     0.0000000000
 Convergence term (Ry/e) :     0.0000101688
 Convergence error (mRy) :     0.0000000000
 Convergence error (meV) :     0.0000000000

 ------------------------------
 Descreening potential
 valence charge          :   3.050000
 core    charge          :   0.000000

 ----Solving the Schrodinger equation for all states----
 State: 3s  AE eigenvalue =  -1.362596  PS eigenvalue =  -1.362596
 State: 3p  AE eigenvalue =  -0.827168  PS eigenvalue =  -0.827168
 State: 3d  AE eigenvalue =  -0.244462  PS eigenvalue =  -0.244462

 ---Semilocal ghost testing---
 Local state: 3s

 Test  state: 3p
 KB energy :  -5.397803  KB strength:   0.630883  KB cosine:  -0.116878
 el0       :  -0.781405  el1        :  -0.191754  eig      :  -0.827168
 No ghosts!  Ekb<0  and eig < el0

 Test  state: 3d
 KB energy :  -8.819096  KB strength:   0.932298  KB cosine:  -0.105714
 el0       :  -0.213191  el1        :  -0.081303  eig      :  -0.244462
 No ghosts!  Ekb<0  and eig < el0

 No ghosts for local potential: 3s
 ------------------------------

 Local state: 3p

 Test  state: 3s
 KB energy :   5.454713  KB strength:   0.830758  KB cosine:   0.152301
 el0       :  -1.640877  el1        :  -0.373849  eig      :  -1.362596
 No ghosts!  Ekb>0  and el0 < eig < el1

 Test  state: 3d
 KB energy :  -5.351075  KB strength:   0.656650  KB cosine:  -0.122714
 el0       :  -0.213256  el1        :  -0.081329  eig      :  -0.244462
 No ghosts!  Ekb<0  and eig < el0

 No ghosts for local potential: 3p
 ------------------------------

 Local state: 3d

 Test  state: 3s
 KB energy :   9.081678  KB strength:   2.474052  KB cosine:   0.272422
 el0       :  -7.535126  el1        :  -1.114835  eig      :  -1.362596
 No ghosts!  Ekb>0  and el0 < eig < el1

 Test  state: 3p
 KB energy :   5.315432  KB strength:   1.329503  KB cosine:   0.250121
 el0       :  -2.448802  el1        :  -0.401630  eig      :  -0.827168
 No ghosts!  Ekb>0  and el0 < eig < el1

 No ghosts for local potential: 3d
 ------------------------------


 ======================================================================== 
 End PS construction
 ======================================================================== 

 ======================================================================== 
 Begin NL calculation
 ======================================================================== 
 ---------Eigenvalue guesses---------
 1s            -1.36259584
 2p            -0.82716817
 3d            -0.24446236
 Performing non-local pseudopotential calculation
 Using the s potential as the local potential

 --Augmentation operator info--
 Number of functions:   1
 # 1 range(a.u.):   0.099956 ----->  1.593565   size(Ry):  0.001000
 ------------------------------

 iter       Etot             Ebs             Ehxc       de_max   dv_max
   1       -6.9436426      -3.5937183      -3.3499243 0.00E+00 0.27E-08

 Converged in 1 iteration (probably reference state)
 Energy:      -6.94364257  Ebs:      -3.59371826  Ehxc:      -3.34992430
 Eh    :       3.79715565  Exc:      -1.54967174

   Orbital    Filling       Eigenvalues    Norm(rc->oo)      Peak
    |100>      2.000          -1.362596      0.575928      1.745383
    |210>      1.050          -0.827168      0.722034      2.040049
    |320>      0.000          -0.244462      0.917465      3.387099

 ---Non-local ghost testing---
 Local state: 1s

 Test  state: 1s
 KB energy :  -0.001000  KB strength:   0.000537  KB cosine:  -0.537255
 el0       :  -1.362307  el1        :  -0.310487  eig      :  -1.362596
 No ghosts!  Ekb<0  and eig < el0

 Test  state: 2p
 KB energy :  -5.386854  KB strength:   0.631011  KB cosine:  -0.117139
 el0       :  -0.781265  el1        :  -0.191731  eig      :  -0.827168
 No ghosts!  Ekb<0  and eig < el0

 Test  state: 3d
 KB energy :  -8.817339  KB strength:   0.932402  KB cosine:  -0.105746
 el0       :  -0.213180  el1        :  -0.081301  eig      :  -0.244462
 No ghosts!  Ekb<0  and eig < el0
 ------------------------------

 No ghosts present for designed local pot


 ======================================================================== 
 End NL calculation
 ======================================================================== 
<<<do_tc>>>


 ===============Configuration 1 AE Calc=============== 
 ---------Eigenvalue guesses---------
 1s           -13.00000000
 2s            -1.40000000
 2p            -0.40000000
 3s           -13.00000000
 3p            -6.00000000
 3d            -6.00000000

 iter       Etot             Ebs             Ehxc       de_max   dv_max
   1     -660.1290336    -389.3858375    -270.7431961 0.29E+02 0.27E+01
   2     -603.5422616    -351.8790370    -251.6632246 0.31E+00 0.10E+01
   3     -577.2037844    -334.8410161    -242.3627683 0.25E+00 0.11E+00
   4     -576.8660845    -334.5147007    -242.3513838 0.44E-01 0.49E-01
   5     -578.0276814    -335.3803683    -242.6473130 0.10E-01 0.12E-01
   6     -578.0362175    -335.2689773    -242.7672402 0.49E-02 0.10E-01
   7     -577.8693705    -335.0904533    -242.7789172 0.43E-02 0.57E-02
   8     -577.8370526    -335.0606928    -242.7763598 0.17E-02 0.39E-03
   9     -577.8334884    -335.0588659    -242.7746225 0.24E-03 0.38E-03
  10     -577.8341730    -335.0600395    -242.7741335 0.80E-04 0.28E-03
  11     -577.8352575    -335.0610550    -242.7742025 0.47E-04 0.20E-03
  12     -577.8359685    -335.0615746    -242.7743939 0.31E-04 0.13E-03
  13     -577.8362896    -335.0617494    -242.7745402 0.21E-04 0.85E-04
  14     -577.8363772    -335.0617625    -242.7746147 0.13E-04 0.53E-04
  15     -577.8363674    -335.0617281    -242.7746392 0.82E-05 0.33E-04
  16     -577.8363345    -335.0616946    -242.7746400 0.48E-05 0.20E-04
  17     -577.8363101    -335.0616764    -242.7746336 0.27E-05 0.12E-04
  18     -577.8362979    -335.0616702    -242.7746277 0.15E-05 0.72E-05
  19     -577.8362946    -335.0616706    -242.7746240 0.85E-06 0.44E-05
  20     -577.8362946    -335.0616720    -242.7746225 0.48E-06 0.27E-05
  21     -577.8362959    -335.0616738    -242.7746221 0.28E-06 0.16E-05
  22     -577.8362971    -335.0616749    -242.7746222 0.17E-06 0.10E-05
  23     -577.8362978    -335.0616754    -242.7746224 0.10E-06 0.62E-06
  24     -577.8362981    -335.0616756    -242.7746225 0.75E-07 0.38E-06
  25     -577.8362982    -335.0616756    -242.7746226 0.40E-07 0.23E-06
  26     -577.8362982    -335.0616755    -242.7746226 0.24E-07 0.14E-06
  27     -577.8362981    -335.0616755    -242.7746226 0.15E-07 0.86E-07
  28     -577.8362981    -335.0616755    -242.7746226 0.88E-08 0.52E-07

   28 iterations: (units are Ry and bohr)
 Energy:    -577.83629811  Ebs:    -335.06167550  Ehxc:    -242.77462260
 Eh    :     254.61171034  Exc:     -40.72556771

   Orbital    Filling       Eigenvalues    Norm(rc->oo)      Peak
    |100>      2.000        -131.627057
    |200>      2.000         -10.903287
    |210>      6.000          -7.725462
    |300>      2.000          -1.395342      0.573744      1.745383
    |310>      1.000          -0.857531      0.718853      2.013700
    |320>      0.000          -0.266607      0.911523      3.300170


 ===============Configuration 1 NL: Calc ===============
 ---------Eigenvalue guesses---------
 1s            -1.36259584
 2p            -0.82716817
 3d            -0.24446236
 Performing non-local pseudopotential calculation
 Using the s potential as the local potential

 --Augmentation operator info--
 Number of functions:   1
 # 1 range(a.u.):   0.099956 ----->  1.593565   size(Ry):  0.001000
 ------------------------------

 iter       Etot             Ebs             Ehxc       de_max   dv_max
   1       -6.7947192      -3.5523599      -3.2423593 0.00E+00 0.10E+00
   2       -6.8488015      -3.6004062      -3.2483953 0.44E-01 0.50E-01
   3       -6.8965088      -3.6435595      -3.2529493 0.40E-01 0.37E-03
   4       -6.9012268      -3.6480596      -3.2531672 0.41E-02 0.23E-03
   5       -6.9016972      -3.6484094      -3.2532878 0.33E-03 0.24E-03
   6       -6.9016884      -3.6483501      -3.2533383 0.32E-04 0.18E-03
   7       -6.9016290      -3.6482743      -3.2533547 0.52E-04 0.11E-03
   8       -6.9015818      -3.6482245      -3.2533574 0.36E-04 0.66E-04
   9       -6.9015529      -3.6481971      -3.2533558 0.20E-04 0.36E-04
  10       -6.9015375      -3.6481839      -3.2533537 0.10E-04 0.19E-04
  11       -6.9015303      -3.6481783      -3.2533520 0.46E-05 0.95E-05
  12       -6.9015274      -3.6481763      -3.2533510 0.19E-05 0.48E-05
  13       -6.9015264      -3.6481759      -3.2533505 0.65E-06 0.25E-05
  14       -6.9015262      -3.6481759      -3.2533503 0.17E-06 0.13E-05
  15       -6.9015263      -3.6481761      -3.2533502 0.56E-07 0.71E-06
  16       -6.9015264      -3.6481762      -3.2533502 0.43E-07 0.41E-06
  17       -6.9015265      -3.6481763      -3.2533502 0.25E-07 0.24E-06
  18       -6.9015266      -3.6481763      -3.2533502 0.11E-07 0.15E-06
  19       -6.9015266      -3.6481763      -3.2533502 0.51E-08 0.89E-07

   19 iterations: (units are Ry and bohr)
 Energy:      -6.90152657  Ebs:      -3.64817635  Ehxc:      -3.25335022
 Eh    :       3.69330866  Exc:      -1.52513529

   Orbital    Filling       Eigenvalues    Norm(rc->oo)      Peak
    |100>      2.000          -1.395322      0.573783      1.745383
    |210>      1.000          -0.857531      0.718854      2.013700
    |320>      0.000          -0.266621      0.911527      3.300170

 ---Non-local ghost testing---
 Local state: 1s

 Test  state: 1s
 KB energy :  -0.001000  KB strength:   0.000537  KB cosine:  -0.537255
 el0       :  -1.395032  el1        :  -0.327919  eig      :  -1.395322
 No ghosts!  Ekb<0  and eig < el0

 Test  state: 2p
 KB energy :  -5.386854  KB strength:   0.631011  KB cosine:  -0.117139
 el0       :  -0.810902  el1        :  -0.205765  eig      :  -0.857531
 No ghosts!  Ekb<0  and eig < el0

 Test  state: 3d
 KB energy :  -8.817339  KB strength:   0.932402  KB cosine:  -0.105746
 el0       :  -0.232731  el1        :  -0.089578  eig      :  -0.266621
 No ghosts!  Ekb<0  and eig < el0
 ------------------------------

 No ghosts present for designed local pot



 ===============Configuration 2 AE Calc=============== 
 ---------Eigenvalue guesses---------
 1s           -13.00000000
 2s            -1.40000000
 2p            -0.40000000
 3s           -13.00000000
 3p            -6.00000000
 3d            -6.00000000

 iter       Etot             Ebs             Ehxc       de_max   dv_max
   1     -658.0914939    -388.7794808    -269.3120131 0.29E+02 0.26E+01
   2     -602.0307243    -351.9562215    -250.0745028 0.29E+00 0.10E+01
   3     -576.6528021    -335.6257358    -241.0270663 0.21E+00 0.11E+00
   4     -576.3443167    -335.3142292    -241.0300876 0.33E-01 0.48E-01
   5     -577.4886118    -336.1549049    -241.3337068 0.99E-02 0.18E-01
   6     -577.5019948    -336.0433821    -241.4586127 0.57E-02 0.15E-01
   7     -577.3332142    -335.8596463    -241.4735679 0.53E-02 0.76E-02
   8     -577.2959710    -335.8250275    -241.4709435 0.30E-02 0.53E-03
   9     -577.2918117    -335.8227451    -241.4690667 0.39E-03 0.49E-03
  10     -577.2925169    -335.8239510    -241.4685659 0.11E-03 0.36E-03
  11     -577.2936361    -335.8249773    -241.4686588 0.75E-04 0.18E-03
  12     -577.2944105    -335.8255207    -241.4688897 0.31E-04 0.12E-03
  13     -577.2947691    -335.8256985    -241.4690706 0.16E-04 0.75E-04
  14     -577.2948629    -335.8256965    -241.4691664 0.11E-04 0.48E-04
  15     -577.2948447    -335.8256434    -241.4692012 0.73E-05 0.29E-04
  16     -577.2948009    -335.8255949    -241.4692060 0.47E-05 0.18E-04
  17     -577.2947679    -335.8255670    -241.4692009 0.28E-05 0.11E-04
  18     -577.2947505    -335.8255552    -241.4691953 0.17E-05 0.64E-05
  19     -577.2947440    -335.8255521    -241.4691918 0.96E-06 0.38E-05
  20     -577.2947428    -335.8255524    -241.4691903 0.56E-06 0.24E-05
  21     -577.2947434    -335.8255534    -241.4691900 0.33E-06 0.15E-05
  22     -577.2947443    -335.8255541    -241.4691901 0.20E-06 0.92E-06
  23     -577.2947448    -335.8255544    -241.4691904 0.12E-06 0.57E-06
  24     -577.2947449    -335.8255544    -241.4691906 0.85E-07 0.35E-06
  25     -577.2947449    -335.8255543    -241.4691906 0.44E-07 0.22E-06
  26     -577.2947449    -335.8255542    -241.4691907 0.27E-07 0.13E-06
  27     -577.2947448    -335.8255542    -241.4691907 0.16E-07 0.81E-07
  28     -577.2947448    -335.8255541    -241.4691907 0.91E-08 0.50E-07

   28 iterations: (units are Ry and bohr)
 Energy:    -577.29474480  Ebs:    -335.82555414  Ehxc:    -241.46919066
 Eh    :     253.27779620  Exc:     -40.62871674

   Orbital    Filling       Eigenvalues    Norm(rc->oo)      Peak
    |100>      2.000        -131.745663
    |200>      2.000         -11.018967
    |210>      6.000          -7.840217
    |300>      1.000          -1.448399      0.566338      1.745383
    |310>      2.000          -0.903295      0.709023      2.013700
    |320>      0.000          -0.291709      0.896684      3.092482


 ===============Configuration 2 NL: Calc ===============
 ---------Eigenvalue guesses---------
 1s            -1.36259584
 2p            -0.82716817
 3d            -0.24446236
 Performing non-local pseudopotential calculation
 Using the s potential as the local potential

 --Augmentation operator info--
 Number of functions:   1
 # 1 range(a.u.):   0.099956 ----->  1.593565   size(Ry):  0.001000
 ------------------------------

 iter       Etot             Ebs             Ehxc       de_max   dv_max
   1       -6.0741666      -3.0169322      -3.0572344 0.00E+00 0.23E+00
   2       -6.2313044      -3.1453477      -3.0859567 0.10E+00 0.95E-01
   3       -6.3502404      -3.2441574      -3.1060830 0.76E-01 0.49E-02
   4       -6.3602474      -3.2533491      -3.1068982 0.68E-02 0.14E-02
   5       -6.3608081      -3.2535509      -3.1072572 0.23E-03 0.73E-03
   6       -6.3606177      -3.2532231      -3.1073946 0.22E-03 0.47E-03
   7       -6.3603498      -3.2529073      -3.1074424 0.23E-03 0.16E-03
   8       -6.3603039      -3.2528417      -3.1074621 0.54E-04 0.12E-03
   9       -6.3602880      -3.2528185      -3.1074695 0.19E-04 0.94E-04
  10       -6.3602761      -3.2528045      -3.1074716 0.11E-04 0.68E-04
  11       -6.3602681      -3.2527964      -3.1074717 0.65E-05 0.47E-04
  12       -6.3602634      -3.2527922      -3.1074712 0.35E-05 0.32E-04
  13       -6.3602610      -3.2527903      -3.1074708 0.17E-05 0.21E-04
  14       -6.3602600      -3.2527895      -3.1074705 0.75E-06 0.14E-04
  15       -6.3602596      -3.2527893      -3.1074703 0.30E-06 0.92E-05
  16       -6.3602595      -3.2527893      -3.1074702 0.11E-06 0.60E-05
  17       -6.3602595      -3.2527893      -3.1074702 0.28E-07 0.40E-05
  18       -6.3602596      -3.2527894      -3.1074702 0.20E-07 0.26E-05
  19       -6.3602596      -3.2527894      -3.1074702 0.74E-08 0.17E-05
  20       -6.3602596      -3.2527894      -3.1074702 0.49E-08 0.11E-05
  21       -6.3602596      -3.2527894      -3.1074702 0.47E-08 0.73E-06

   21 iterations: (units are Ry and bohr)
 Energy:      -6.36025960  Ebs:      -3.25278938  Ehxc:      -3.10747022
 Eh    :       3.52854424  Exc:      -1.45722592

   Orbital    Filling       Eigenvalues    Norm(rc->oo)      Peak
    |100>      1.000          -1.447292      0.567215      1.745383
    |210>      2.000          -0.902749      0.709637      2.013700
    |320>      0.000          -0.291796      0.897122      3.092482

 ---Non-local ghost testing---
 Local state: 1s

 Test  state: 1s
 KB energy :  -0.001000  KB strength:   0.000537  KB cosine:  -0.537255
 el0       :  -1.446996  el1        :  -0.341963  eig      :  -1.447292
 No ghosts!  Ekb<0  and eig < el0

 Test  state: 2p
 KB energy :  -5.386854  KB strength:   0.631011  KB cosine:  -0.117139
 el0       :  -0.853602  el1        :  -0.215283  eig      :  -0.902749
 No ghosts!  Ekb<0  and eig < el0

 Test  state: 3d
 KB energy :  -8.817339  KB strength:   0.932402  KB cosine:  -0.105746
 el0       :  -0.251528  el1        :  -0.092187  eig      :  -0.291796
 No ghosts!  Ekb<0  and eig < el0
 ------------------------------

 No ghosts present for designed local pot



 ===============Configuration 3 AE Calc=============== 
 ---------Eigenvalue guesses---------
 1s           -13.00000000
 2s            -1.40000000
 2p            -0.40000000
 3s           -13.00000000
 3p            -6.00000000
 3d            -6.00000000

 iter       Etot             Ebs             Ehxc       de_max   dv_max
   1     -697.7528380    -429.2095940    -268.5432440 0.37E+02 0.40E+01
   2     -619.4913323    -373.7251165    -245.7662158 0.32E+00 0.12E+01
   3     -576.0076064    -344.1152555    -231.8923509 0.22E+00 0.17E+00
   4     -575.3287243    -343.5031125    -231.8256119 0.17E-01 0.63E-01
   5     -576.8737535    -344.7016458    -232.1721078 0.12E-01 0.13E-01
   6     -576.8819215    -344.5722834    -232.3096380 0.11E-02 0.77E-02
   7     -576.6931884    -344.3725007    -232.3206878 0.18E-02 0.85E-03
   8     -576.6591819    -344.3424835    -232.3166984 0.28E-03 0.86E-03
   9     -576.6553143    -344.3413265    -232.3139879 0.53E-04 0.67E-03
  10     -576.6562888    -344.3434167    -232.3128721 0.77E-04 0.26E-03
  11     -576.6577814    -344.3451848    -232.3125967 0.34E-04 0.17E-03
  12     -576.6588774    -344.3462477    -232.3126296 0.13E-04 0.10E-03
  13     -576.6594982    -344.3467815    -232.3127167 0.69E-05 0.59E-04
  14     -576.6597859    -344.3470094    -232.3127765 0.39E-05 0.34E-04
  15     -576.6598946    -344.3470926    -232.3128020 0.21E-05 0.21E-04
  16     -576.6599237    -344.3471172    -232.3128065 0.12E-05 0.13E-04
  17     -576.6599324    -344.3471297    -232.3128027 0.63E-06 0.81E-05
  18     -576.6599334    -344.3471357    -232.3127977 0.35E-06 0.50E-05
  19     -576.6599353    -344.3471412    -232.3127941 0.20E-06 0.31E-05
  20     -576.6599378    -344.3471458    -232.3127921 0.11E-06 0.19E-05
  21     -576.6599402    -344.3471491    -232.3127912 0.80E-07 0.11E-05
  22     -576.6599421    -344.3471512    -232.3127909 0.38E-07 0.70E-06
  23     -576.6599432    -344.3471523    -232.3127909 0.22E-07 0.43E-06
  24     -576.6599439    -344.3471529    -232.3127909 0.13E-07 0.26E-06
  25     -576.6599442    -344.3471532    -232.3127909 0.72E-08 0.16E-06

   25 iterations: (units are Ry and bohr)
 Energy:    -576.65994416  Ebs:    -344.34715323  Ehxc:    -232.31279094
 Eh    :     243.98054887  Exc:     -40.17207700

   Orbital    Filling       Eigenvalues    Norm(rc->oo)      Peak
    |100>      2.000        -132.525050
    |200>      2.000         -11.770437
    |210>      6.000          -8.595027
    |300>      2.000          -2.093007      0.525944      1.700588
    |310>      0.000          -1.507853      0.653428      1.911664
    |320>      0.000          -0.787715      0.790229      2.447272


 ===============Configuration 3 NL: Calc ===============
 ---------Eigenvalue guesses---------
 1s            -1.36259584
 2p            -0.82716817
 3d            -0.24446236
 Performing non-local pseudopotential calculation
 Using the s potential as the local potential

 --Augmentation operator info--
 Number of functions:   1
 # 1 range(a.u.):   0.099956 ----->  1.593565   size(Ry):  0.001000
 ------------------------------

 iter       Etot             Ebs             Ehxc       de_max   dv_max
   1       -4.1885473      -2.7251917      -1.4633556 0.00E+00 0.21E+01
   2       -4.9158884      -3.4126888      -1.5031996 0.99E+00 0.11E+01
   3       -5.6458308      -4.1081978      -1.5376330 0.56E+00 0.93E-02
   4       -5.7189117      -4.1796112      -1.5393005 0.38E-01 0.50E-02
   5       -5.7261605      -4.1858769      -1.5402836 0.32E-02 0.29E-02
   6       -5.7264628      -4.1856927      -1.5407701 0.81E-04 0.23E-02
   7       -5.7255643      -4.1845926      -1.5409717 0.50E-03 0.38E-03
   8       -5.7253645      -4.1843007      -1.5410637 0.14E-03 0.16E-03
   9       -5.7253380      -4.1842301      -1.5411078 0.34E-04 0.16E-03
  10       -5.7253112      -4.1841825      -1.5411287 0.24E-04 0.12E-03
  11       -5.7252864      -4.1841481      -1.5411383 0.17E-04 0.78E-04
  12       -5.7252680      -4.1841255      -1.5411426 0.11E-04 0.48E-04
  13       -5.7252561      -4.1841117      -1.5411444 0.69E-05 0.29E-04
  14       -5.7252489      -4.1841038      -1.5411451 0.40E-05 0.17E-04
  15       -5.7252448      -4.1840994      -1.5411454 0.22E-05 0.96E-05
  16       -5.7252425      -4.1840970      -1.5411455 0.12E-05 0.55E-05
  17       -5.7252413      -4.1840958      -1.5411455 0.63E-06 0.31E-05
  18       -5.7252406      -4.1840951      -1.5411455 0.33E-06 0.17E-05
  19       -5.7252403      -4.1840948      -1.5411455 0.17E-06 0.11E-05
  20       -5.7252401      -4.1840946      -1.5411455 0.74E-07 0.68E-06
  21       -5.7252401      -4.1840946      -1.5411455 0.51E-07 0.43E-06
  22       -5.7252400      -4.1840945      -1.5411455 0.22E-07 0.28E-06
  23       -5.7252400      -4.1840945      -1.5411455 0.93E-08 0.18E-06

   23 iterations: (units are Ry and bohr)
 Energy:      -5.72524002  Ebs:      -4.18409451  Ehxc:      -1.54114551
 Eh    :       1.82954024  Exc:      -1.00997282

   Orbital    Filling       Eigenvalues    Norm(rc->oo)      Peak
    |100>      2.000          -2.092047      0.527349      1.700588
    |210>      0.000          -1.507650      0.653792      1.911664
    |320>      0.000          -0.788224      0.791177      2.447272

 ---Non-local ghost testing---
 Local state: 1s

 Test  state: 1s
 KB energy :  -0.001000  KB strength:   0.000537  KB cosine:  -0.537255
 el0       :  -2.091721  el1        :  -0.713722  eig      :  -2.092047
 No ghosts!  Ekb<0  and eig < el0

 Test  state: 2p
 KB energy :  -5.386854  KB strength:   0.631011  KB cosine:  -0.117139
 el0       :  -1.444499  el1        :  -0.528270  eig      :  -1.507650
 No ghosts!  Ekb<0  and eig < el0

 Test  state: 3d
 KB energy :  -8.817339  KB strength:   0.932402  KB cosine:  -0.105746
 el0       :  -0.692304  el1        :  -0.311667  eig      :  -0.788224
 No ghosts!  Ekb<0  and eig < el0
 ------------------------------

 No ghosts present for designed local pot

   ------------------------------------------------
   ================================================

 ======================================================================== 
 Begin KE convergence testing
 ======================================================================== 
 ----------------------------------------------------------------------
                     Kinetic energy convergence
      ==============================|100>==============================
      Ecut(Ry)  KE/electron(Ry)         KE error/electron (mRy,meV)
         8       0.533251303                69.606190     947.040945
        14       0.596309487                 6.548007      89.090217
        19       0.602217921                 0.639573       8.701836
        23       0.602791896                 0.065598       0.892501
      ==============================|210>==============================
      Ecut(Ry)  KE/electron(Ry)         KE error/electron (mRy,meV)
         3       0.867805725                71.538866     973.336352
         6       0.932413432                 6.931159      94.303272
        18       0.938636530                 0.708061       9.633670
        31       0.939274721                 0.069870       0.950630
      ==============================|320>==============================
      Ecut(Ry)  KE/electron(Ry)         KE error/electron (mRy,meV)
         5       0.706144120                71.924189     978.578939
        19       0.771053531                 7.014777      95.440954
        34       0.777380124                 0.688185       9.363235
       369       0.777996254                 0.072055       0.980353

 ======================================================================== 
 End KE convergence testing
 ======================================================================== 
<<<do_upf>>>
<<<do_rpt>>>
<<<do_upf>>>
------------- closing opium session ------------
