##########################################################
#    Opium Report File                                   #
##########################################################
     Opium version:        3.8

### copy of the parameter file #######################

[Atom]
Si
6
100 2.00  -13.0   # reference configuration
200 2.00   -1.4   # reference configuration
210 6.00   -0.4   # reference configuration
300 2.00   -0.1   # reference configuration
310 1.05  -13.0   # reference configuration
320 0.00   -1.4   # reference configuration


[Pseudo]
3 1.85 1.85 1.97
opt

[Optinfo]
7.07 10    # rc[a.u.] qc[sqrt(Ry)] Nb
7.07 10
7.07 10

[XC]
gga

[Configs]
3                 # number of valence configurations
#
300  2.00  -13.0   # nlm occ eigen(- means auto-generate)
310  1.00   -6.0
320  0.00   -6.0
#
300  1.00  -13.0
310  2.00   -6.0
320  0.00   -6.0
#
300  2.00  -13.0
310  0.00   -6.0
320  0.00   -6.0


[KBdesign]
s    # local orbital
1    # number of boxes
au 0.1 1.60  0.001

### AE report ########################################

 AE:Orbital    Filling       Eigenvalues[Ry]          Norm
    ----------------------------------------------------------
	100	 2.000	    -131.5868024945
	200	 2.000	     -10.8640862789
	210	 6.000	      -7.6861752948
	300	 2.000	      -1.3625958438	  0.5759279080
	310	 1.050	      -0.8271681687	  0.7220338242
	320	 0.000	      -0.2444623617	  0.9174648919

      E_tot =     -577.8784149713 Ry

### PS report ########################################

    ====================Optimized pseudopotential method====================

                       Pseudopotential convergence error                      
    Orbital      [mRy/e]       [meV/e]         [mRy]        [meV]        Ghost
    --------------------------------------------------------------------------
	300       0.008115      0.110415      0.016231      0.220830	    no
	310       0.009753      0.132691      0.010240      0.139326	    no
	320       0.010169      0.138354      0.000000      0.000000	    no

                  Tot. error =               0.026471      0.360156


### NL/SL report #####################################


 NL:Orbital    Filling       Eigenvalues[Ry]          Norm       Ghost
    ------------------------------------------------------------------
	100 	 2.000	      -1.3625958438	  0.5759279102	    no
	210 	 1.050	      -0.8271681687	  0.7220338258	    no
	320 	 0.000	      -0.2444623617	  0.9174648930	    no

	 ========== No ghosts in potential!!========== 

      E_tot =       -6.9436425679 Ry

### KE report ########################################

	 ===   Ecut necessary for ~1    eV convergence error / electron === 
	 --------------------------------------------------------------- 
		 	 Ecut[Ry] 	 error [meV/e] 
	100  		   8 	          947.041 
	210  		   3 	          973.336 
	320  		   5 	          978.579 
	 ===   Ecut necessary for ~100 meV convergence error / electron === 
	 --------------------------------------------------------------- 
		 	 Ecut[Ry] 	 error [meV/e] 
	100  		   14 	           89.090 
	210  		   6 	           94.303 
	320  		   19 	           95.441 

	 ===   Ecut necessary for  ~10 meV convergence error / electron === 
	 --------------------------------------------------------------- 
		 	 Ecut[Ry] 	 error [meV/e] 
	100  		   19 	            8.702 
	210  		   18 	            9.634 
	320  		   34 	            9.363 

	 ===   Ecut necessary for   ~1 meV convergence error / electron === 
	 --------------------------------------------------------------- 
		 	 Ecut[Ry] 	 error [meV/e] 
	100  		   23 	            0.893 
	210  		   31 	            0.951 
	320  		   369 	            0.980 

### TC report ########################################

 AE:Orbital    Filling       Eigenvalues[Ry]          Norm
    ----------------------------------------------------------
	100	 2.000	    -131.6270570557
	200	 2.000	     -10.9032869805
	210	 6.000	      -7.7254621661
	300	 2.000	      -1.3953417344	  0.5737436731
	310	 1.000	      -0.8575309664	  0.7188534635
	320	 0.000	      -0.2666066293	  0.9115233358

      E_tot =     -577.8362981063 Ry

 NL:Orbital    Filling       Eigenvalues[Ry]          Norm       Ghost
    ------------------------------------------------------------------
	100 	 2.000	      -1.3953224356	  0.5737832653	    no
	210 	 1.000	      -0.8575314787	  0.7188537454	    no
	320 	 0.000	      -0.2666210567	  0.9115265557	    no

      E_tot =       -6.9015265727 Ry

 AE-NL:Orbital Filling       Eigenvalues[mRy]         Norm[1e-3] 
 AE-NL- --------------------------------------------------------------
 AE-NL- 100 	 2.000	      -0.0192987834	 -0.0395922503	
 AE-NL- 210 	 1.000	       0.0005123276	 -0.0002818855	
 AE-NL- 320 	 0.000	       0.0144274473	 -0.0032199258	
 AE-NL-  total error =	       0.0342385584	  0.0430940616

 =====================================================================
 AE:Orbital    Filling       Eigenvalues[Ry]          Norm
    ----------------------------------------------------------
	100	 2.000	    -131.7456626650
	200	 2.000	     -11.0189671256
	210	 6.000	      -7.8402173526
	300	 1.000	      -1.4483994569	  0.5663375188
	310	 2.000	      -0.9032954925	  0.7090233371
	320	 0.000	      -0.2917090283	  0.8966843930

      E_tot =     -577.2947447977 Ry

 NL:Orbital    Filling       Eigenvalues[Ry]          Norm       Ghost
    ------------------------------------------------------------------
	100 	 1.000	      -1.4472915195	  0.5672148930	    no
	210 	 2.000	      -0.9027489327	  0.7096365218	    no
	320 	 0.000	      -0.2917963515	  0.8971217894	    no

      E_tot =       -6.3602596009 Ry

 AE-NL:Orbital Filling       Eigenvalues[mRy]         Norm[1e-3] 
 AE-NL- --------------------------------------------------------------
 AE-NL- 100 	 1.000	      -1.1079374340	 -0.8773742461	
 AE-NL- 210 	 2.000	      -0.5465597358	 -0.6131846989	
 AE-NL- 320 	 0.000	       0.0873231988	 -0.4373963411	
 AE-NL-  total error =	       1.7418203686	  1.9279552861

 =====================================================================
 AE:Orbital    Filling       Eigenvalues[Ry]          Norm
    ----------------------------------------------------------
	100	 2.000	    -132.5250499759
	200	 2.000	     -11.7704374973
	210	 6.000	      -8.5950272817
	300	 2.000	      -2.0930072949	  0.5259438687
	310	 0.000	      -1.5078530520	  0.6534281835
	320	 0.000	      -0.7877149527	  0.7902289953

      E_tot =     -576.6599441643 Ry

 NL:Orbital    Filling       Eigenvalues[Ry]          Norm       Ghost
    ------------------------------------------------------------------
	100 	 2.000	      -2.0920472561	  0.5273489667	    no
	210 	 0.000	      -1.5076502543	  0.6537919385	    no
	320 	 0.000	      -0.7882235141	  0.7911769141	    no

      E_tot =       -5.7252400172 Ry

 AE-NL:Orbital Filling       Eigenvalues[mRy]         Norm[1e-3] 
 AE-NL- --------------------------------------------------------------
 AE-NL- 100 	 2.000	      -0.9600388182	 -1.4050979991	
 AE-NL- 210 	 0.000	      -0.2027977385	 -0.3637549804	
 AE-NL- 320 	 0.000	       0.5085613830	 -0.9479188331	
 AE-NL-  total error =	       1.6713979397	  2.7167718125

 =====================================================================

  Comparison of total energy differences.           
   DD_ij = (E_i - E_j)_AE - (E_i-E_j)_NL     

 AE-NL-   i   j         DD[mRy]        DD[meV] 
 AE-NL- ------------------------------------------
 AE-NL-   0   1        -0.000870      -0.011835
 AE-NL-   0   2        -0.287207      -3.907647
 AE-NL-   0   3        -0.068256      -0.928675
 AE-NL-   1   2        -0.286337      -3.895813
 AE-NL-   1   3        -0.067386      -0.916840
 AE-NL-   2   3         0.218950       2.978973
