
 ++++++++++++++++++++++++++++++++++++++++++++++++++++++++++++++++++++++++
           OPIUM  Version:        3.8                             
           =====================================            
 See http://opium.sourceforge.net for help and information                 
 Copyright 2009 : The OPIUM project                         

 Compile host     : vagvlan567.217.wlan.design.upenn.edu
 Compile OS       : Darwin 14.1.0 i386
 Compile date     : Wed Mar 18 18:57:27 EDT 2015

 Execution host   : vagvlan567.0951.wlan.wireless-pennnet.upenn.edu
 time of execution: Tue Oct 13 17:51:25 2015

 ++++++++++++++++++++++++++++++++++++++++++++++++++++++++++++++++++++++++
 Reading parameter file:  <mg.param> ... 
 File prefix             : mg 
 Element                 : Magnesium  (Mg) 
 Z                       : 12 
 
 Number of all-electron orbitals   : 4 
 Number of pseudo       orbitals   : 2 
 
 Pseudopotential is non-relativistic 
 Exchage-correlation functional is : Perdew, Burke, Ernzerhof GGA 
 GGA smoothed from 0 to 0.001000 bohr using switch to LDA 
 The s potential is used for the KB construction 
 Optimized (RRKJ) pseudopotential method will be used 

 nl    cutoff radii    q-max      # bessel functions
 3s       1.900        7.070              10 
 2p       1.850        7.070              10 

 Reference Configuration: core  <-/-> valence 
 1s2  2s2  <-/-> 3s2  2p6 

 Grid definitions: 
 a_grid=1.00e-04    b_grid=1.30e-02    # points=1140 
 r(1)=4.37e-05      r(np)=1.18e+02    

 dEmax tolerance:  1.00e-08      dVmax tolerance:  1.00e-06     

 Box 1  0.0101362 --> 1.76713  height: 0.11 
 Starting calculation...

 ======================================================================== 
 Begin AE calculation
 ======================================================================== 
 Performing non-relativistic AE calculation...  
 ---------Eigenvalue guesses---------
 1s          -144.00000000
 2s            -9.00000000
 3s            -1.77777778
 2p            -9.00000000

 iter       Etot             Ebs             Ehxc       de_max   dv_max
   1     -438.1731188    -240.7850807    -197.3880381 0.69E+00 0.20E+01
   2     -408.9443901    -223.4397988    -185.5045913 0.26E+00 0.10E+01
   3     -399.4215339    -217.7322856    -181.6892482 0.13E+00 0.92E-01
   4     -399.4895473    -217.6883600    -181.8011874 0.39E-01 0.36E-01
   5     -400.0769654    -218.0131311    -182.0638343 0.96E-02 0.11E-01
   6     -400.1100560    -217.9394374    -182.1706186 0.43E-02 0.86E-02
   7     -399.9447631    -217.7844987    -182.1602645 0.33E-02 0.40E-02
   8     -399.9044890    -217.7551264    -182.1493626 0.80E-03 0.69E-03
   9     -399.9015925    -217.7564202    -182.1451723 0.18E-03 0.51E-03
  10     -399.9054369    -217.7605841    -182.1448528 0.22E-03 0.25E-03
  11     -399.9110725    -217.7646562    -182.1464163 0.14E-03 0.78E-04
  12     -399.9114368    -217.7644165    -182.1470203 0.13E-04 0.60E-04
  13     -399.9111773    -217.7640404    -182.1471368 0.12E-04 0.41E-04
  14     -399.9108466    -217.7637736    -182.1470729 0.85E-05 0.26E-04
  15     -399.9106523    -217.7636622    -182.1469901 0.44E-05 0.16E-04
  16     -399.9105860    -217.7636456    -182.1469405 0.17E-05 0.96E-05
  17     -399.9105873    -217.7636641    -182.1469232 0.52E-06 0.61E-05
  18     -399.9106063    -217.7636833    -182.1469230 0.34E-06 0.40E-05
  19     -399.9106215    -217.7636935    -182.1469280 0.20E-06 0.26E-05
  20     -399.9106288    -217.7636963    -182.1469324 0.18E-06 0.17E-05
  21     -399.9106302    -217.7636953    -182.1469349 0.17E-06 0.11E-05
  22     -399.9106295    -217.7636938    -182.1469357 0.13E-06 0.70E-06
  23     -399.9106283    -217.7636926    -182.1469357 0.92E-07 0.44E-06
  24     -399.9106275    -217.7636919    -182.1469356 0.47E-07 0.27E-06
  25     -399.9106271    -217.7636917    -182.1469354 0.24E-07 0.16E-06
  26     -399.9106270    -217.7636916    -182.1469353 0.12E-07 0.98E-07
  27     -399.9106270    -217.7636916    -182.1469353 0.62E-08 0.61E-07

   27 iterations: (units are Ry and bohr)
 Energy:    -399.91062698  Ebs:    -217.76369164  Ehxc:    -182.14693534
 Eh    :     191.58735289  Exc:     -32.61082825

   Orbital    Filling       Eigenvalues    Norm(rc->oo)      Peak
    |100>      2.000         -92.401861
    |200>      2.000          -5.847028
    |300>      2.000          -0.345350      0.861664      2.543033
    |210>      6.000          -3.429202      0.011233      0.481599

 ======================================================================== 
 End AE calculation
 ======================================================================== 

 ======================================================================== 
 Begin PS construction
 ======================================================================== 
 Optimized Pseudopotential Generation ...

 ==================
 zeff=   8.0000000000000000     
 Pseudizing state : |300>
 eigenvalue       : -0.345350
 qc               :  7.070000
 # bessel fxns    : 10
 point nearest rc :  823
 rc               :  1.900000
 actual rc        :  1.910486

 Psi(rc)          :     0.2758406415
 Slope at rc      :    -0.0194654922
 Curvature at rc  :    -0.2199971168
 Del^2 Psi at rc  :    -0.2403746512
 Log Deriv at rc  :    -0.0705678905

 Error in constraints
   1        -0.44764E-12
   2         0.44764E-12
   3         0.38999E-12
   4        -0.38999E-12
   5        -0.55403E-05
   6         0.55403E-05
   7         0.57472E-06
   8         0.57472E-06
   9         0.00000E+00
  10         0.55403E-05
 Bessel wavevectors and final coefficients
   1        0.3284350400        0.2556012078
   2        2.3676723652       -0.1706881448
   3        4.0527403417       -0.0079815978
   4        5.7139846992       -0.0076994894
   5        7.3676445275       -0.0011358448
   6        9.0179086663        0.0000707633
   7       10.6663571510        0.0000591777
   8       12.3137204425       -0.0001889671
   9       13.9603832063        0.0002103126
  10       15.6065674049       -0.0002819079

 Total KE           (Ry) :     0.2410939479
 0  -> qc contribution   :     0.2410933732
 qc -> oo contribution   :     0.0000005747   (=Convergence term)
 Occupancy of this state :     2.0000000000
 Convergence term (Ry/e) :     0.0000005747
 Convergence error (mRy) :     0.0011494328
 Convergence error (meV) :     0.0156389532


 ==================
 zeff=   8.0000000000000000     
 Pseudizing state : |210>
 eigenvalue       : -3.429202
 qc               :  7.070000
 # bessel fxns    : 10
 point nearest rc :  821
 rc               :  1.850000
 actual rc        :  1.861453

 Psi(rc)          :     0.1008608371
 Slope at rc      :    -0.2237345926
 Curvature at rc  :     0.5164439403
 Del^2 Psi at rc  :     0.2178401010
 Log Deriv at rc  :    -2.2182504029

 Error in constraints
   1         0.21011E-13
   2        -0.21011E-13
   3         0.19858E-11
   4        -0.19858E-11
   5         0.32026E-07
   6        -0.32026E-07
   7         0.56664E-04
   8         0.56664E-04
   9         0.00000E+00
  10         0.32026E-07
 Bessel wavevectors and final coefficients
   1        1.9397430889        1.4841811472
   2        3.5360852975        2.1891955811
   3        5.1773992043        0.9258776350
   4        6.8387337974        0.0506061010
   5        8.5097308215        0.0025640605
   6       10.1859822792       -0.0032211527
   7       11.8653736821        0.0028346207
   8       13.5467805944       -0.0024987786
   9       15.2295544635        0.0023533495
  10       16.9132964816       -0.0022648136

 Total KE           (Ry) :     7.6404505555
 0  -> qc contribution   :     7.6403938919
 qc -> oo contribution   :     0.0000566636   (=Convergence term)
 Occupancy of this state :     6.0000000000
 Convergence term (Ry/e) :     0.0000566636
 Convergence error (mRy) :     0.3399813425
 Convergence error (meV) :     4.6257181503

 ------------------------------
 Descreening potential
 valence charge          :   8.000000
 core    charge          :   0.000000

 ----Solving the Schrodinger equation for all states----
 State: 3s  AE eigenvalue =  -0.345350  PS eigenvalue =  -0.345350
 State: 2p  AE eigenvalue =  -3.429202  PS eigenvalue =  -3.429202

 ---Semilocal ghost testing---
 Local state: 3s

 Test  state: 2p
 KB energy : -18.271025  KB strength:  15.759640  KB cosine:  -0.862548
 !WARNING! : schsl found a positive eigenvalue. n,l=:   3   1
    !WARNING! No solution for 1st excited state of local potential.  Setting e=0.0
 el0       :  -0.097822  el1        :   0.000000  eig      :  -3.429202
 No ghosts!  Ekb<0  and eig < el0

 No ghosts for local potential: 3s
 ------------------------------

 Local state: 2p

 Test  state: 3s
 KB energy : 130.040793  KB strength:   1.763182  KB cosine:   0.013559
 el0       :  -9.891119  el1        :  -0.244697  eig      :  -0.345350
 No ghosts!  Ekb>0  and el0 < eig < el1

 No ghosts for local potential: 2p
 ------------------------------


 ======================================================================== 
 End PS construction
 ======================================================================== 

 ======================================================================== 
 Begin NL calculation
 ======================================================================== 
 ---------Eigenvalue guesses---------
 1s            -0.34535004
 2p            -3.42920231
 Performing non-local pseudopotential calculation
 Using the s potential as the local potential

 --Augmentation operator info--
 Number of functions:   1
 # 1 range(a.u.):   0.010005 ----->  1.744307   size(Ry):  0.110000
 ------------------------------

 iter       Etot             Ebs             Ehxc       de_max   dv_max
   1      -66.0937043     -21.2659139     -44.8277904 0.12E-07 0.15E-06
   2      -66.0937043     -21.2659140     -44.8277904 0.23E-08 0.92E-07

    2 iterations: (units are Ry and bohr)
 Energy:     -66.09370433  Ebs:     -21.26591397  Ehxc:     -44.82779037
 Eh    :      47.72700422  Exc:      -9.86059104

   Orbital    Filling       Eigenvalues    Norm(rc->oo)      Peak
    |100>      2.000          -0.345350      0.861669      2.543033
    |210>      6.000          -3.429202      0.011233      0.779079

 ---Non-local ghost testing---
 Local state: 1s

 Test  state: 1s
 KB energy :  -0.110000  KB strength:   0.035699  KB cosine:  -0.324535
 el0       :  -0.334232  el1        :  -0.004692  eig      :  -0.345350
 No ghosts!  Ekb<0  and eig < el0

 Test  state: 2p
 !WARNING! : schsl found a positive eigenvalue. n,l=:   3   1
 !WARNING! No solution for 1st excited state of local potential.  Setting e=0.0
 KB energy : -18.345680  KB strength:  15.854626  KB cosine:  -0.864216
 el0       :  -0.095071  el1        :   0.000000  eig      :  -3.429202
 No ghosts!  Ekb<0  and eig < el0
 ------------------------------

 No ghosts present for designed local pot


 ======================================================================== 
 End NL calculation
 ======================================================================== 
<<<do_tc>>>


 ===============Configuration 1 AE Calc=============== 
 ---------Eigenvalue guesses---------
 1s          -144.00000000
 2s            -9.00000000
 3s            -1.77777778
 2p            -9.00000000

 iter       Etot             Ebs             Ehxc       de_max   dv_max
   1     -477.5243375    -275.3228016    -202.2015359 0.29E+00 0.32E+01
   2     -422.6557294    -239.6094039    -183.0463255 0.35E+00 0.10E+01
   3     -398.2395320    -224.2962962    -173.9432358 0.22E+00 0.16E+00
   4     -398.3307899    -224.2360480    -174.0947420 0.18E-01 0.66E-01
   5     -399.6539963    -225.0563160    -174.5976803 0.17E-01 0.19E-01
   6     -399.6914301    -224.9000357    -174.7913945 0.29E-02 0.15E-01
   7     -399.3375226    -224.5715138    -174.7660088 0.61E-02 0.15E-02
   8     -399.3079787    -224.5598790    -174.7480997 0.21E-03 0.14E-02
   9     -399.3091657    -224.5675950    -174.7415707 0.16E-03 0.10E-02
  10     -399.3237162    -224.5806458    -174.7430703 0.29E-03 0.31E-03
  11     -399.3266972    -224.5827559    -174.7439412 0.42E-04 0.13E-03
  12     -399.3269280    -224.5827432    -174.7441848 0.77E-05 0.96E-04
  13     -399.3266338    -224.5825130    -174.7441208 0.71E-05 0.64E-04
  14     -399.3263932    -224.5824043    -174.7439889 0.33E-05 0.46E-04
  15     -399.3263012    -224.5824099    -174.7438913 0.21E-05 0.31E-04
  16     -399.3263075    -224.5824637    -174.7438438 0.18E-05 0.20E-04
  17     -399.3263460    -224.5825161    -174.7438299 0.12E-05 0.13E-04
  18     -399.3263813    -224.5825505    -174.7438308 0.76E-06 0.77E-05
  19     -399.3264030    -224.5825678    -174.7438352 0.42E-06 0.47E-05
  20     -399.3264129    -224.5825745    -174.7438384 0.21E-06 0.29E-05
  21     -399.3264160    -224.5825761    -174.7438398 0.10E-06 0.19E-05
  22     -399.3264162    -224.5825761    -174.7438401 0.45E-07 0.12E-05
  23     -399.3264159    -224.5825759    -174.7438400 0.24E-07 0.74E-06
  24     -399.3264156    -224.5825759    -174.7438397 0.15E-07 0.47E-06
  25     -399.3264156    -224.5825760    -174.7438395 0.20E-07 0.29E-06
  26     -399.3264156    -224.5825762    -174.7438394 0.65E-08 0.18E-06

   26 iterations: (units are Ry and bohr)
 Energy:    -399.32641563  Ebs:    -224.58257620  Ehxc:    -174.74383943
 Eh    :     184.07122197  Exc:     -32.23296098

   Orbital    Filling       Eigenvalues    Norm(rc->oo)      Peak
    |100>      2.000         -93.078479
    |200>      2.000          -6.512572
    |300>      1.000          -0.834982      0.812476      2.352215
    |210>      6.000          -4.094248      0.010755      0.481599


 ===============Configuration 1 NL: Calc ===============
 ---------Eigenvalue guesses---------
 1s            -0.34535004
 2p            -3.42920231
 Performing non-local pseudopotential calculation
 Using the s potential as the local potential

 --Augmentation operator info--
 Number of functions:   1
 # 1 range(a.u.):   0.010005 ----->  1.744307   size(Ry):  0.110000
 ------------------------------

 iter       Etot             Ebs             Ehxc       de_max   dv_max
   1      -60.5583460     -20.9205639     -39.6377821 0.12E-07 0.20E+01
   2      -63.0693844     -23.1450022     -39.9243823 0.67E+00 0.10E+01
   3      -65.2725036     -25.1374136     -40.1350900 0.40E+00 0.23E-01
   4      -65.4951987     -25.3493308     -40.1458680 0.31E-01 0.48E-02
   5      -65.5180371     -25.3658339     -40.1522032 0.24E-02 0.48E-02
   6      -65.5179252     -25.3627100     -40.1552153 0.17E-03 0.37E-02
   7      -65.5113281     -25.3551151     -40.1562130 0.48E-03 0.12E-02
   8      -65.5100393     -25.3533931     -40.1566461 0.16E-03 0.27E-03
   9      -65.5098782     -25.3530252     -40.1568530 0.36E-04 0.27E-03
  10      -65.5097501     -25.3527975     -40.1569526 0.24E-04 0.20E-03
  11      -65.5096347     -25.3526344     -40.1570003 0.17E-04 0.13E-03
  12      -65.5095496     -25.3525265     -40.1570230 0.12E-04 0.82E-04
  13      -65.5094937     -25.3524597     -40.1570339 0.72E-05 0.51E-04
  14      -65.5094594     -25.3524201     -40.1570393 0.43E-05 0.31E-04
  15      -65.5094393     -25.3523973     -40.1570420 0.25E-05 0.19E-04
  16      -65.5094278     -25.3523843     -40.1570435 0.14E-05 0.12E-04
  17      -65.5094213     -25.3523771     -40.1570443 0.79E-06 0.70E-05
  18      -65.5094177     -25.3523730     -40.1570448 0.44E-06 0.43E-05
  19      -65.5094157     -25.3523709     -40.1570448 0.24E-06 0.26E-05
  20      -65.5094146     -25.3523695     -40.1570451 0.13E-06 0.16E-05
  21      -65.5094140     -25.3523688     -40.1570453 0.70E-07 0.98E-06
  22      -65.5094136     -25.3523684     -40.1570453 0.50E-07 0.61E-06
  23      -65.5094134     -25.3523681     -40.1570453 0.23E-07 0.38E-06
  24      -65.5094133     -25.3523680     -40.1570453 0.13E-07 0.24E-06
  25      -65.5094132     -25.3523680     -40.1570453 0.74E-08 0.15E-06

   25 iterations: (units are Ry and bohr)
 Energy:     -65.50941324  Ebs:     -25.35236796  Ehxc:     -40.15704528
 Eh    :      42.94872302  Exc:      -9.49577633

   Orbital    Filling       Eigenvalues    Norm(rc->oo)      Peak
    |100>      1.000          -0.835174      0.810827      2.352215
    |210>      6.000          -4.086199      0.010853      0.779079

 ---Non-local ghost testing---
 Local state: 1s

 Test  state: 1s
 KB energy :  -0.110000  KB strength:   0.035699  KB cosine:  -0.324535
 el0       :  -0.819702  el1        :  -0.239915  eig      :  -0.835174
 No ghosts!  Ekb<0  and eig < el0

 Test  state: 2p
 KB energy : -18.345680  KB strength:  15.854626  KB cosine:  -0.864216
 el0       :  -0.508170  el1        :  -0.158254  eig      :  -4.086199
 No ghosts!  Ekb<0  and eig < el0
 ------------------------------

 No ghosts present for designed local pot



 ===============Configuration 2 AE Calc=============== 
 ---------Eigenvalue guesses---------
 1s          -144.00000000
 2s            -9.00000000
 3s            -1.77777778
 2p            -9.00000000

 iter       Etot             Ebs             Ehxc       de_max   dv_max
   1     -493.7121599    -292.0262707    -201.6858893 0.28E+00 0.39E+01
   2     -429.3703418    -248.5549135    -180.8154284 0.37E+00 0.12E+01
   3     -397.7858063    -228.0377466    -169.7480596 0.26E+00 0.19E+00
   4     -397.7648185    -227.8402019    -169.9246166 0.21E-01 0.70E-01
   5     -399.2116210    -228.7326150    -170.4790060 0.16E-01 0.22E-01
   6     -399.2460334    -228.5544505    -170.6915829 0.30E-02 0.17E-01
   7     -398.8580481    -228.1915331    -170.6665149 0.62E-02 0.14E-02
   8     -398.8241065    -228.1763918    -170.6477146 0.26E-03 0.13E-02
   9     -398.8248157    -228.1840504    -170.6407653 0.13E-03 0.89E-03
  10     -398.8400444    -228.1975383    -170.6425061 0.27E-03 0.30E-03
  11     -398.8429726    -228.1996851    -170.6432875 0.57E-04 0.78E-04
  12     -398.8432272    -228.1997422    -170.6434850 0.82E-05 0.43E-04
  13     -398.8429769    -228.1995561    -170.6434209 0.55E-05 0.30E-04
  14     -398.8427742    -228.1994697    -170.6433045 0.24E-05 0.20E-04
  15     -398.8427030    -228.1994822    -170.6432208 0.16E-05 0.13E-04
  16     -398.8427101    -228.1995288    -170.6431813 0.13E-05 0.73E-05
  17     -398.8427452    -228.1995748    -170.6431705 0.84E-06 0.40E-05
  18     -398.8427761    -228.1996040    -170.6431722 0.51E-06 0.21E-05
  19     -398.8427948    -228.1996183    -170.6431765 0.26E-06 0.11E-05
  20     -398.8428052    -228.1996256    -170.6431796 0.12E-06 0.55E-06
  21     -398.8428075    -228.1996263    -170.6431811 0.43E-07 0.28E-06
  22     -398.8428077    -228.1996262    -170.6431815 0.27E-07 0.15E-06
  23     -398.8428072    -228.1996259    -170.6431814 0.63E-08 0.77E-07

   23 iterations: (units are Ry and bohr)
 Energy:    -398.84280724  Ebs:    -228.19962586  Ehxc:    -170.64318138
 Eh    :     179.91469414  Exc:     -32.03531978

   Orbital    Filling       Eigenvalues    Norm(rc->oo)      Peak
    |100>      2.000         -93.476493
    |200>      2.000          -6.901127
    |300>      0.500          -1.101525      0.782180      2.262244
    |210>      6.000          -4.482270      0.010379      0.481599


 ===============Configuration 2 NL: Calc ===============
 ---------Eigenvalue guesses---------
 1s            -0.34535004
 2p            -3.42920231
 Performing non-local pseudopotential calculation
 Using the s potential as the local potential

 --Augmentation operator info--
 Number of functions:   1
 # 1 range(a.u.):   0.010005 ----->  1.744307   size(Ry):  0.110000
 ------------------------------

 iter       Etot             Ebs             Ehxc       de_max   dv_max
   1      -57.9945175     -20.7478889     -37.2466286 0.12E-07 0.30E+01
   2      -61.3787486     -23.9076690     -37.4710796 0.10E+01 0.15E+01
   3      -64.6536635     -27.0121205     -37.6415430 0.53E+00 0.34E-01
   4      -64.9961183     -27.3457185     -37.6503998 0.37E-01 0.56E-02
   5      -65.0296309     -27.3741034     -37.6555275 0.31E-02 0.54E-02
   6      -65.0317084     -27.3736610     -37.6580474 0.40E-04 0.42E-02
   7      -65.0278582     -27.3687825     -37.6590757 0.23E-03 0.16E-02
   8      -65.0263692     -27.3669018     -37.6594675 0.12E-03 0.37E-03
   9      -65.0261767     -27.3665305     -37.6596462 0.29E-04 0.37E-03
  10      -65.0260518     -27.3663213     -37.6597305 0.19E-04 0.28E-03
  11      -65.0259466     -27.3661764     -37.6597702 0.14E-04 0.19E-03
  12      -65.0258708     -27.3660821     -37.6597887 0.93E-05 0.12E-03
  13      -65.0258217     -27.3660244     -37.6597973 0.58E-05 0.70E-04
  14      -65.0257919     -27.3659907     -37.6598012 0.35E-05 0.41E-04
  15      -65.0257746     -27.3659715     -37.6598030 0.20E-05 0.24E-04
  16      -65.0257648     -27.3659609     -37.6598039 0.11E-05 0.13E-04
  17      -65.0257594     -27.3659551     -37.6598043 0.62E-06 0.75E-05
  18      -65.0257564     -27.3659520     -37.6598045 0.34E-06 0.42E-05
  19      -65.0257548     -27.3659504     -37.6598044 0.18E-06 0.23E-05
  20      -65.0257539     -27.3659497     -37.6598042 0.85E-07 0.13E-05
  21      -65.0257536     -27.3659492     -37.6598045 0.58E-07 0.71E-06
  22      -65.0257535     -27.3659489     -37.6598046 0.25E-07 0.39E-06
  23      -65.0257533     -27.3659487     -37.6598046 0.14E-07 0.22E-06
  24      -65.0257532     -27.3659486     -37.6598046 0.76E-08 0.12E-06

   24 iterations: (units are Ry and bohr)
 Energy:     -65.02575323  Ebs:     -27.36594860  Ehxc:     -37.65980463
 Eh    :      40.39897228  Exc:      -9.30691332

   Orbital    Filling       Eigenvalues    Norm(rc->oo)      Peak
    |100>      0.500          -1.101350      0.778717      2.262244
    |210>      6.000          -4.469212      0.010544      0.779079

 ---Non-local ghost testing---
 Local state: 1s

 Test  state: 1s
 KB energy :  -0.110000  KB strength:   0.035699  KB cosine:  -0.324535
 el0       :  -1.083073  el1        :  -0.389150  eig      :  -1.101350
 No ghosts!  Ekb<0  and eig < el0

 Test  state: 2p
 KB energy : -18.345680  KB strength:  15.854626  KB cosine:  -0.864216
 el0       :  -0.735857  el1        :  -0.282659  eig      :  -4.469212
 No ghosts!  Ekb<0  and eig < el0
 ------------------------------

 No ghosts present for designed local pot



 ===============Configuration 3 AE Calc=============== 
 ---------Eigenvalue guesses---------
 1s          -144.00000000
 2s            -9.00000000
 3s            -1.77777778
 2p            -9.00000000

 iter       Etot             Ebs             Ehxc       de_max   dv_max
   1     -508.1230140    -308.1971542    -199.9258598 0.50E+00 0.45E+01
   2     -435.7679817    -257.6907360    -178.0772457 0.37E+00 0.14E+01
   3     -397.2524883    -231.8851086    -165.3673797 0.30E+00 0.21E+00
   4     -397.0931038    -231.5306118    -165.5624920 0.21E-01 0.71E-01
   5     -398.6215884    -232.4718275    -166.1497609 0.15E-01 0.24E-01
   6     -398.6538429    -232.2767728    -166.3770701 0.31E-02 0.19E-01
   7     -398.2450747    -231.8897443    -166.3553304 0.61E-02 0.11E-02
   8     -398.2067063    -231.8696263    -166.3370800 0.32E-03 0.94E-03
   9     -398.2065746    -231.8763261    -166.3302484 0.11E-03 0.80E-03
  10     -398.2207691    -231.8884604    -166.3323087 0.22E-03 0.33E-03
  11     -398.2237850    -231.8907772    -166.3330078 0.63E-04 0.84E-04
  12     -398.2241049    -231.8909670    -166.3331379 0.94E-05 0.49E-04
  13     -398.2239167    -231.8908526    -166.3330641 0.39E-05 0.28E-04
  14     -398.2237698    -231.8908076    -166.3329621 0.15E-05 0.16E-04
  15     -398.2237275    -231.8908334    -166.3328941 0.14E-05 0.96E-05
  16     -398.2237450    -231.8908812    -166.3328638 0.11E-05 0.61E-05
  17     -398.2237779    -231.8909215    -166.3328565 0.78E-06 0.36E-05
  18     -398.2238047    -231.8909464    -166.3328583 0.46E-06 0.19E-05
  19     -398.2238201    -231.8909582    -166.3328619 0.25E-06 0.10E-05
  20     -398.2238267    -231.8909623    -166.3328643 0.12E-06 0.51E-06
  21     -398.2238286    -231.8909632    -166.3328654 0.48E-07 0.26E-06
  22     -398.2238286    -231.8909629    -166.3328657 0.33E-07 0.13E-06
  23     -398.2238283    -231.8909627    -166.3328656 0.11E-07 0.72E-07
  24     -398.2238280    -231.8909626    -166.3328654 0.59E-08 0.39E-07

   24 iterations: (units are Ry and bohr)
 Energy:    -398.22382805  Ebs:    -231.89096261  Ehxc:    -166.33286544
 Eh    :     175.55674620  Exc:     -31.84411138

   Orbital    Filling       Eigenvalues    Norm(rc->oo)      Peak
    |100>      2.000         -93.910670
    |200>      2.000          -7.323697
    |300>      0.000          -1.342843      0.734835      2.119876
    |210>      6.000          -4.903705      0.009807      0.475379


 ===============Configuration 3 NL: Calc ===============
 ---------Eigenvalue guesses---------
 1s            -0.34535004
 2p            -3.42920231
 Performing non-local pseudopotential calculation
 Using the s potential as the local potential

 --Augmentation operator info--
 Number of functions:   1
 # 1 range(a.u.):   0.010005 ----->  1.744307   size(Ry):  0.110000
 ------------------------------

 iter       Etot             Ebs             Ehxc       de_max   dv_max
   1      -55.5619159     -20.5752138     -34.9867020 0.12E-07 0.40E+01
   2      -59.5973727     -24.5551578     -35.0422149 0.13E+01 0.20E+01
   3      -63.9210934     -28.8352369     -35.0858565 0.65E+00 0.14E-02
   4      -64.3611397     -29.2725247     -35.0886150 0.41E-01 0.94E-03
   5      -64.4045238     -29.3143811     -35.0901428 0.39E-02 0.10E-02
   6      -64.4084887     -29.3176269     -35.0908618 0.31E-03 0.80E-03
   7      -64.4083265     -29.3171560     -35.0911705 0.68E-04 0.32E-03
   8      -64.4078582     -29.3165739     -35.0912842 0.34E-04 0.15E-03
   9      -64.4075129     -29.3161974     -35.0913156 0.13E-04 0.92E-04
  10      -64.4073038     -29.3159864     -35.0913174 0.81E-05 0.53E-04
  11      -64.4071893     -29.3158779     -35.0913114 0.50E-05 0.30E-04
  12      -64.4071313     -29.3158260     -35.0913053 0.29E-05 0.18E-04
  13      -64.4071041     -29.3158030     -35.0913011 0.16E-05 0.11E-04
  14      -64.4070923     -29.3157938     -35.0912985 0.88E-06 0.60E-05
  15      -64.4070876     -29.3157905     -35.0912971 0.47E-06 0.34E-05
  16      -64.4070860     -29.3157899     -35.0912962 0.24E-06 0.18E-05
  17      -64.4070857     -29.3157897     -35.0912961 0.12E-06 0.10E-05
  18      -64.4070859     -29.3157898     -35.0912960 0.62E-07 0.59E-06
  19      -64.4070860     -29.3157899     -35.0912960 0.35E-07 0.33E-06
  20      -64.4070860     -29.3157900     -35.0912961 0.31E-07 0.19E-06
  21      -64.4070861     -29.3157900     -35.0912961 0.12E-07 0.11E-06
  22      -64.4070861     -29.3157899     -35.0912961 0.68E-08 0.60E-07

   22 iterations: (units are Ry and bohr)
 Energy:     -64.40708606  Ebs:     -29.31578995  Ehxc:     -35.09129611
 Eh    :      37.78592932  Exc:      -9.12490784

   Orbital    Filling       Eigenvalues    Norm(rc->oo)      Peak
    |100>      0.000          -1.342282      0.728605      2.119876
    |210>      6.000          -4.885965      0.010031      0.779079

 ---Non-local ghost testing---
 Local state: 1s

 Test  state: 1s
 KB energy :  -0.110000  KB strength:   0.035699  KB cosine:  -0.324535
 el0       :  -1.319544  el1        :  -0.508510  eig      :  -1.342282
 No ghosts!  Ekb<0  and eig < el0

 Test  state: 2p
 KB energy : -18.345680  KB strength:  15.854626  KB cosine:  -0.864216
 el0       :  -0.918202  el1        :  -0.398063  eig      :  -4.885965
 No ghosts!  Ekb<0  and eig < el0
 ------------------------------

 No ghosts present for designed local pot

   ------------------------------------------------
   ================================================

 ======================================================================== 
 Begin KE convergence testing
 ======================================================================== 
 ----------------------------------------------------------------------
                     Kinetic energy convergence
      ==============================|100>==============================
      Ecut(Ry)  KE/electron(Ry)         KE error/electron (mRy,meV)
         1       0.168004174                73.091233     994.457395
         6       0.234420316                 6.675092      90.819294
         9       0.240413751                 0.681657       9.274414
        25       0.241022528                 0.072879       0.991574
      ==============================|210>==============================
      Ecut(Ry)  KE/electron(Ry)         KE error/electron (mRy,meV)
        31       7.571110447                69.339576     943.413466
        38       7.633642862                 6.807160      92.616182
        44       7.639772234                 0.677789       9.221795
        49       7.640380574                 0.069448       0.944895

 ======================================================================== 
 End KE convergence testing
 ======================================================================== 
<<<do_upf>>>
<<<do_rpt>>>
<<<do_upf>>>
------------- closing opium session ------------
