##########################################################
#    Opium Report File                                   #
##########################################################
     Opium version:        3.7

### copy of the parameter file #######################

[Atom]
C  
3
100   2.00   -
200   2.00   -
210   2.00   -

[Pseudo]
2  0.84 1.29
opt

[Optinfo]
7.07  10
7.07  10
conmax

[Configs]
3
#
200  2.00  -
210  2.00  -
#
200  2.00  -
210  1.50  -
#
200  2.00  -
210  1.00  -
[XC]
gga

### AE report ########################################

 AE:Orbital    Filling       Eigenvalues[Ry]          Norm
    ----------------------------------------------------------
	100	 2.000	     -20.0842198369
	200	 2.000	      -1.0098124209	  0.8850015475
	210	 2.000	      -0.3887303569	  0.6430112607

      E_tot =      -75.4965602249 Ry

### PS report ########################################

    ====================Optimized pseudopotential method====================

                       Pseudopotential convergence error                      
    Orbital      [mRy/e]       [meV/e]         [mRy]        [meV]        Ghost
    --------------------------------------------------------------------------
	200       0.528315      7.188102      1.056631     14.376204	    no
	210       0.461860      6.283931      0.923720     12.567861	    no

                  Tot. error =               1.980351     26.944065


### NL/SL report #####################################


 NL:Orbital    Filling       Eigenvalues[Ry]          Norm       Ghost
    ------------------------------------------------------------------
	100 	 2.000	      -1.0098124209	  0.8850027434	    no
	210 	 2.000	      -0.3887303569	  0.6430112650	    no

	 ========== No ghosts in potential!!========== 

      E_tot =      -10.7135252294 Ry

### KE report ########################################

	 ===   Ecut necessary for ~1    eV convergence error / electron === 
	 --------------------------------------------------------------- 
		 	 Ecut[Ry] 	 error [meV/e] 
	100  		   14 	          989.532 
	210  		   22 	          989.471 
	 ===   Ecut necessary for ~100 meV convergence error / electron === 
	 --------------------------------------------------------------- 
		 	 Ecut[Ry] 	 error [meV/e] 
	100  		   31 	           97.676 
	210  		   36 	           94.153 

	 ===   Ecut necessary for  ~10 meV convergence error / electron === 
	 --------------------------------------------------------------- 
		 	 Ecut[Ry] 	 error [meV/e] 
	100  		   45 	            9.214 
	210  		   47 	            9.954 

	 ===   Ecut necessary for   ~1 meV convergence error / electron === 
	 --------------------------------------------------------------- 
		 	 Ecut[Ry] 	 error [meV/e] 
	100  		   235 	            0.989 
	210  		   135 	            0.997 

### TC report ########################################

 AE:Orbital    Filling       Eigenvalues[Ry]          Norm
    ----------------------------------------------------------
	100	 2.000	     -20.0842198369
	200	 2.000	      -1.0098124209	  0.8850015475
	210	 2.000	      -0.3887303569	  0.6430112607

      E_tot =      -75.4965602249 Ry

 NL:Orbital    Filling       Eigenvalues[Ry]          Norm       Ghost
    ------------------------------------------------------------------
	100 	 2.000	      -1.0098124209	  0.8850027434	    no
	210 	 2.000	      -0.3887303569	  0.6430112650	    no

      E_tot =      -10.7135252294 Ry

 AE-NL:Orbital Filling       Eigenvalues[mRy]         Norm[1e-3] 
 AE-NL- --------------------------------------------------------------
 AE-NL- 100 	 2.000	       0.0000000000	 -0.0011959442	
 AE-NL- 210 	 2.000	       0.0000000000	 -0.0000043061	
 AE-NL-  total error =	       0.0000000000	  0.0012002503

 =====================================================================
 AE:Orbital    Filling       Eigenvalues[Ry]          Norm
    ----------------------------------------------------------
	100	 2.000	     -20.5856038912
	200	 2.000	      -1.4232059844	  0.8772026256
	210	 1.500	      -0.7882196841	  0.5948069475

      E_tot =      -75.2051342483 Ry

 NL:Orbital    Filling       Eigenvalues[Ry]          Norm       Ghost
    ------------------------------------------------------------------
	100 	 2.000	      -1.4232787231	  0.8771685258	    no
	210 	 1.500	      -0.7876458237	  0.5956723449	    no

      E_tot =      -10.4222023278 Ry

 AE-NL:Orbital Filling       Eigenvalues[mRy]         Norm[1e-3] 
 AE-NL- --------------------------------------------------------------
 AE-NL- 100 	 2.000	       0.0727387088	  0.0340998113	
 AE-NL- 210 	 1.500	      -0.5738603632	 -0.8653974512	
 AE-NL-  total error =	       0.6465990721	  0.8994972624

 =====================================================================
 AE:Orbital    Filling       Eigenvalues[Ry]          Norm
    ----------------------------------------------------------
	100	 2.000	     -21.1877576281
	200	 2.000	      -1.8921854970	  0.8675820696
	210	 1.000	      -1.2500925670	  0.5468804767

      E_tot =      -74.6979855477 Ry

 NL:Orbital    Filling       Eigenvalues[Ry]          Norm       Ghost
    ------------------------------------------------------------------
	100 	 2.000	      -1.8915943300	  0.8676020002	    no
	210 	 1.000	      -1.2472955682	  0.5494376861	    no

      E_tot =       -9.9157971475 Ry

 AE-NL:Orbital Filling       Eigenvalues[mRy]         Norm[1e-3] 
 AE-NL- --------------------------------------------------------------
 AE-NL- 100 	 2.000	      -0.5911669686	 -0.0199305608	
 AE-NL- 210 	 1.000	      -2.7969988227	 -2.5572093929	
 AE-NL-  total error =	       3.3881657913	  2.5771399537

 =====================================================================

  Comparison of total energy differences.           
   DD_ij = (E_i - E_j)_AE - (E_i-E_j)_NL     

 AE-NL-   i   j         DD[mRy]        DD[meV] 
 AE-NL- ------------------------------------------
 AE-NL-   0   1         0.000000       0.000000
 AE-NL-   0   2        -0.103075      -1.402409
 AE-NL-   0   3        -0.846595     -11.518521
 AE-NL-   1   2        -0.103075      -1.402409
 AE-NL-   1   3        -0.846595     -11.518521
 AE-NL-   2   3        -0.743520     -10.116113
