
 ++++++++++++++++++++++++++++++++++++++++++++++++++++++++++++++++++++++++
           OPIUM  Version:        3.7                             
           =====================================            
 See http://opium.sourceforge.net for help and information                 
 Copyright 2009 : The OPIUM project                         

 Compile host     : vagvlan567.045.wlan.design.upenn.edu
 Compile OS       : Darwin 11.4.2 i386
 Compile date     : Fri Aug  2 18:20:33 EDT 2013

 Execution host   : yang15.local
 time of execution: Tue Feb 24 00:12:37 2015

 ++++++++++++++++++++++++++++++++++++++++++++++++++++++++++++++++++++++++
 Reading parameter file:  <h.param> ... 
 File prefix             : h 
 Element                 : Hydrogen   (H) 
 Z                       : 1 
 
 Number of all-electron orbitals   : 1 
 Number of pseudo       orbitals   : 1 
 
 Pseudopotential is non-relativistic 
 Exchage-correlation functional is : Perdew-Zunger LDA 
 The s potential is used for the KB construction 
 Optimized (RRKJ) pseudopotential method will be used 

 nl    cutoff radii    q-max      # bessel functions
 1s       1.800        3.000              4 

 Reference Configuration: core  <-/-> valence 
 <-/-> 1s1 

 Grid definitions: 
 a_grid=1.00e-04    b_grid=1.30e-02    # points=1076 
 r(1)=1.00e-04      r(np)=1.17e+02    

 dEmax tolerance:  1.00e-08      dVmax tolerance:  1.00e-06     

 Starting calculation...

 ======================================================================== 
 Begin AE calculation
 ======================================================================== 
 Performing non-relativistic AE calculation...  
 ---------Eigenvalue guesses---------
 1s            -1.00000000

 iter       Etot             Ebs             Ehxc       de_max   dv_max
   1       -1.4705021      -1.0000000      -0.4705021 0.00E+00 0.20E+01
   2       -1.1859782      -0.7376962      -0.4482821 0.26E+00 0.10E+01
   3       -0.9153984      -0.4894136      -0.4259848 0.34E+00 0.13E-01
   4       -0.8929751      -0.4678481      -0.4251270 0.44E-01 0.36E-02
   5       -0.8915145      -0.4667789      -0.4247356 0.23E-02 0.14E-02
   6       -0.8915984      -0.4670241      -0.4245743 0.53E-03 0.66E-03
   7       -0.8917010      -0.4671925      -0.4245085 0.36E-03 0.31E-03
   8       -0.8917422      -0.4672624      -0.4244798 0.15E-03 0.15E-03
   9       -0.8917539      -0.4672860      -0.4244679 0.51E-04 0.15E-03
  10       -0.8917656      -0.4673021      -0.4244635 0.34E-04 0.11E-03
  11       -0.8917747      -0.4673125      -0.4244622 0.22E-04 0.70E-04
  12       -0.8917806      -0.4673185      -0.4244621 0.13E-04 0.43E-04
  13       -0.8917839      -0.4673217      -0.4244622 0.68E-05 0.26E-04
  14       -0.8917855      -0.4673232      -0.4244623 0.33E-05 0.15E-04
  15       -0.8917863      -0.4673239      -0.4244624 0.15E-05 0.87E-05
  16       -0.8917867      -0.4673242      -0.4244624 0.66E-06 0.51E-05
  17       -0.8917868      -0.4673244      -0.4244625 0.29E-06 0.30E-05
  18       -0.8917869      -0.4673244      -0.4244625 0.13E-06 0.18E-05
  19       -0.8917869      -0.4673245      -0.4244624 0.57E-07 0.11E-05
  20       -0.8917869      -0.4673245      -0.4244624 0.35E-07 0.63E-06
  21       -0.8917869      -0.4673245      -0.4244624 0.36E-07 0.38E-06
  22       -0.8917869      -0.4673245      -0.4244624 0.18E-07 0.23E-06
  23       -0.8917869      -0.4673245      -0.4244624 0.12E-07 0.14E-06
  24       -0.8917869      -0.4673245      -0.4244624 0.85E-08 0.82E-07

   24 iterations: (units are Ry and bohr)
 Energy:      -0.89178694  Ebs:      -0.46732451  Ehxc:      -0.42446243
 Eh    :       0.56556215  Exc:      -0.46542379

   Orbital    Filling       Eigenvalues    Norm(rc->oo)      Peak
    |100>      1.000          -0.467325      0.376017      1.060414

 ======================================================================== 
 End AE calculation
 ======================================================================== 

 ======================================================================== 
 Begin PS construction
 ======================================================================== 
 Optimized Pseudopotential Generation ...

 ==================
 zeff=   1.0000000000000000     
 Pseudizing state : |100>
 eigenvalue       : -0.467325
 qc               :  3.000000
 # bessel fxns    :  4
 point nearest rc :  755
 rc               :  1.800000
 actual rc        :  1.806985

 Psi(rc)          :     0.3286536976
 Slope at rc      :    -0.2968565603
 Curvature at rc  :     0.2830836369
 Del^2 Psi at rc  :    -0.0454819957
 Log Deriv at rc  :    -0.9032503284

 Starting KE minimization...
  step #    theta       slope       curv       KEresid    coeffsum
     1    0.074587   -1.181676    7.921409    0.018570    1.111048
     2    0.001659   -0.025087    7.559105    0.018549    1.103395
     3    0.000001   -0.000016    7.549295    0.018549    1.103390

 # steps:     3
 Final KE error:    0.0185486952
 Sum of coeffs :    1.1033902359
 ---------------------------------------------------------------
 Coeff:      0.802426  0.373757 -0.015890 -0.056902
 ---------------------------------------------------------------
 Resid KE (Ry)     :        0.0185486952
 Norm error        :     0.333E-15
 Continuity error  :    -0.555E-16
 Curvature error   :     0.444E-15
 ---------------------------------------------------------------
 Bessel wavevectors and final coefficients
   1        1.0476483425        0.8024255228
   2        2.6797162945        0.3737567034
   3        4.3904607085       -0.0158895540
   4        6.1166572839       -0.0569024362

 Total KE           (Ry) :     0.7702149742
 0  -> qc contribution   :     0.7516662789
 qc -> oo contribution   :     0.0185486952   (=Convergence term)
 Occupancy of this state :     1.0000000000
 Convergence term (Ry/e) :     0.0185486952
 Convergence error (mRy) :    18.5486952496
 Convergence error (meV) :   252.3698378272

 ------------------------------
 Descreening potential
 valence charge          :   1.000000
 core    charge          :   0.000000

 ----Solving the Schrodinger equation for all states----
 State: 1s  AE eigenvalue =  -0.467325  PS eigenvalue =  -0.467325

 ---Semilocal ghost testing---
 Local state: 1s

 No ghosts for local potential: 1s
 ------------------------------


 ======================================================================== 
 End PS construction
 ======================================================================== 

 ======================================================================== 
 Begin NL calculation
 ======================================================================== 
 ---------Eigenvalue guesses---------
 1s            -0.46732451
 Performing non-local pseudopotential calculation
 Using the s potential as the local potential

 iter       Etot             Ebs             Ehxc       de_max   dv_max
   1       -0.8854248      -0.4673245      -0.4181003 0.00E+00 0.38E-08

 Converged in 1 iteration (probably reference state)
 Energy:      -0.88542479  Ebs:      -0.46732451  Ehxc:      -0.41810028
 Eh    :       0.55665993  Exc:      -0.45740777

   Orbital    Filling       Eigenvalues    Norm(rc->oo)      Peak
    |100>      1.000          -0.467325      0.376017      1.006682

 ---Non-local ghost testing---
 Local state: 1s

 Test  state: 1s
 !WARNING! : schsl found a positive eigenvalue. n,l=:   2   0
 !WARNING! No solution for 1st excited state of local potential.  Setting e=0.0
 ...seems like this angular momentum is the local part!
 ------------------------------

 No ghosts present for local potential


 ======================================================================== 
 End NL calculation
 ======================================================================== 
<<<do_tc>>>


 ===============Configuration 1 AE Calc=============== 
 ---------Eigenvalue guesses---------
 1s            -1.00000000

 iter       Etot             Ebs             Ehxc       de_max   dv_max
   1       -0.9955914      -0.7500000      -0.2455914 0.00E+00 0.15E+01
   2       -0.8809375      -0.6387483      -0.2421892 0.15E+00 0.75E+00
   3       -0.7611976      -0.5225808      -0.2386168 0.18E+00 0.27E-02
   4       -0.7497577      -0.5113101      -0.2384477 0.22E-01 0.97E-03
   5       -0.7487004      -0.5103476      -0.2383528 0.19E-02 0.52E-03
   6       -0.7486386      -0.5103320      -0.2383065 0.30E-04 0.26E-03
   7       -0.7486407      -0.5103572      -0.2382836 0.49E-04 0.13E-03
   8       -0.7486536      -0.5103801      -0.2382734 0.45E-04 0.10E-03
   9       -0.7486665      -0.5103969      -0.2382695 0.33E-04 0.71E-04
  10       -0.7486759      -0.5104077      -0.2382682 0.21E-04 0.45E-04
  11       -0.7486817      -0.5104138      -0.2382679 0.12E-04 0.27E-04
  12       -0.7486851      -0.5104171      -0.2382679 0.65E-05 0.15E-04
  13       -0.7486868      -0.5104188      -0.2382680 0.33E-05 0.87E-05
  14       -0.7486877      -0.5104196      -0.2382681 0.15E-05 0.47E-05
  15       -0.7486881      -0.5104199      -0.2382682 0.68E-06 0.26E-05
  16       -0.7486883      -0.5104201      -0.2382682 0.28E-06 0.14E-05
  17       -0.7486884      -0.5104201      -0.2382682 0.10E-06 0.76E-06
  18       -0.7486884      -0.5104201      -0.2382683 0.23E-07 0.42E-06
  19       -0.7486884      -0.5104201      -0.2382683 0.13E-07 0.24E-06
  20       -0.7486884      -0.5104201      -0.2382683 0.35E-08 0.14E-06

   20 iterations: (units are Ry and bohr)
 Energy:      -0.74868840  Ebs:      -0.51042015  Ehxc:      -0.23826826
 Eh    :       0.34151065  Exc:      -0.34080203

   Orbital    Filling       Eigenvalues    Norm(rc->oo)      Peak
    |100>      0.750          -0.680560      0.328828      1.006682


 ===============Configuration 1 NL: Calc ===============
 ---------Eigenvalue guesses---------
 1s            -0.46732451
 Performing non-local pseudopotential calculation
 Using the s potential as the local potential

 iter       Etot             Ebs             Ehxc       de_max   dv_max
   1       -0.5685384      -0.3504934      -0.2180450 0.00E+00 0.50E+00
   2       -0.6539317      -0.4281806      -0.2257511 0.22E+00 0.25E+00
   3       -0.7344655      -0.5019682      -0.2324973 0.17E+00 0.49E-02
   4       -0.7420328      -0.5092012      -0.2328316 0.14E-01 0.23E-02
   5       -0.7427766      -0.5097391      -0.2330375 0.11E-02 0.14E-02
   6       -0.7427594      -0.5096196      -0.2331398 0.23E-03 0.11E-02
   7       -0.7425583      -0.5093803      -0.2331780 0.47E-03 0.35E-03
   8       -0.7425057      -0.5093123      -0.2331933 0.13E-03 0.13E-03
   9       -0.7424965      -0.5092964      -0.2332001 0.31E-04 0.80E-04
  10       -0.7424903      -0.5092873      -0.2332030 0.18E-04 0.58E-04
  11       -0.7424855      -0.5092813      -0.2332042 0.12E-04 0.38E-04
  12       -0.7424822      -0.5092776      -0.2332046 0.72E-05 0.23E-04
  13       -0.7424803      -0.5092755      -0.2332048 0.42E-05 0.13E-04
  14       -0.7424791      -0.5092743      -0.2332048 0.23E-05 0.75E-05
  15       -0.7424785      -0.5092737      -0.2332048 0.12E-05 0.41E-05
  16       -0.7424782      -0.5092734      -0.2332048 0.60E-06 0.23E-05
  17       -0.7424781      -0.5092732      -0.2332048 0.29E-06 0.12E-05
  18       -0.7424780      -0.5092732      -0.2332048 0.14E-06 0.68E-06
  19       -0.7424780      -0.5092731      -0.2332048 0.55E-07 0.37E-06
  20       -0.7424779      -0.5092731      -0.2332048 0.37E-07 0.21E-06
  21       -0.7424779      -0.5092731      -0.2332048 0.10E-07 0.12E-06
  22       -0.7424779      -0.5092731      -0.2332048 0.44E-08 0.66E-07

   22 iterations: (units are Ry and bohr)
 Energy:      -0.74247792  Ebs:      -0.50927312  Ehxc:      -0.23320480
 Eh    :       0.33403091  Exc:      -0.33313675

   Orbital    Filling       Eigenvalues    Norm(rc->oo)      Peak
    |100>      0.750          -0.679031      0.331213      0.993680

 ---Non-local ghost testing---
 Local state: 1s

 Test  state: 1s
 ...seems like this angular momentum is the local part!
 ------------------------------

 No ghosts present for local potential



 ===============Configuration 2 AE Calc=============== 
 ---------Eigenvalue guesses---------
 1s            -1.00000000

 iter       Etot             Ebs             Ehxc       de_max   dv_max
   1       -0.5939265      -0.5000000      -0.0939265 0.00E+00 0.10E+01
   2       -0.5756512      -0.4802990      -0.0953522 0.39E-01 0.50E+00
   3       -0.5544321      -0.4575372      -0.0968949 0.47E-01 0.11E-01
   4       -0.5509103      -0.4539369      -0.0969734 0.79E-02 0.14E-02
   5       -0.5505009      -0.4534828      -0.0970181 0.10E-02 0.29E-03
   6       -0.5504500      -0.4534084      -0.0970416 0.16E-03 0.15E-03
   7       -0.5504364      -0.4533830      -0.0970534 0.56E-04 0.11E-03
   8       -0.5504267      -0.4533678      -0.0970589 0.34E-04 0.82E-04
   9       -0.5504189      -0.4533574      -0.0970615 0.23E-04 0.53E-04
  10       -0.5504134      -0.4533508      -0.0970626 0.15E-04 0.34E-04
  11       -0.5504100      -0.4533468      -0.0970632 0.88E-05 0.20E-04
  12       -0.5504079      -0.4533445      -0.0970634 0.51E-05 0.11E-04
  13       -0.5504067      -0.4533432      -0.0970635 0.28E-05 0.61E-05
  14       -0.5504061      -0.4533425      -0.0970635 0.15E-05 0.33E-05
  15       -0.5504057      -0.4533422      -0.0970636 0.83E-06 0.17E-05
  16       -0.5504055      -0.4533420      -0.0970636 0.44E-06 0.86E-06
  17       -0.5504054      -0.4533419      -0.0970636 0.23E-06 0.43E-06
  18       -0.5504054      -0.4533418      -0.0970636 0.12E-06 0.22E-06
  19       -0.5504054      -0.4533418      -0.0970636 0.53E-07 0.11E-06
  20       -0.5504053      -0.4533418      -0.0970636 0.26E-07 0.62E-07
  21       -0.5504053      -0.4533418      -0.0970636 0.24E-07 0.40E-07
  22       -0.5504053      -0.4533418      -0.0970636 0.64E-08 0.26E-07

   22 iterations: (units are Ry and bohr)
 Energy:      -0.55040533  Ebs:      -0.45334176  Ehxc:      -0.09706357
 Eh    :       0.16120578  Exc:      -0.21207868

   Orbital    Filling       Eigenvalues    Norm(rc->oo)      Peak
    |100>      0.500          -0.906684      0.288340      0.968177


 ===============Configuration 2 NL: Calc ===============
 ---------Eigenvalue guesses---------
 1s            -0.46732451
 Performing non-local pseudopotential calculation
 Using the s potential as the local potential

 iter       Etot             Ebs             Ehxc       de_max   dv_max
   1       -0.3168808      -0.2336623      -0.0832186 0.00E+00 0.10E+01
   2       -0.4235923      -0.3348677      -0.0887246 0.43E+00 0.50E+00
   3       -0.5332495      -0.4395123      -0.0937372 0.31E+00 0.75E-02
   4       -0.5440787      -0.4500898      -0.0939889 0.24E-01 0.32E-02
   5       -0.5451455      -0.4509993      -0.0941463 0.20E-02 0.24E-02
   6       -0.5451895      -0.4509603      -0.0942293 0.86E-04 0.19E-02
   7       -0.5450913      -0.4508212      -0.0942701 0.31E-03 0.68E-03
   8       -0.5450347      -0.4507458      -0.0942889 0.17E-03 0.18E-03
   9       -0.5450227      -0.4507249      -0.0942978 0.46E-04 0.18E-03
  10       -0.5450142      -0.4507122      -0.0943020 0.28E-04 0.13E-03
  11       -0.5450077      -0.4507037      -0.0943040 0.19E-04 0.88E-04
  12       -0.5450033      -0.4506983      -0.0943050 0.12E-04 0.55E-04
  13       -0.5450005      -0.4506950      -0.0943055 0.72E-05 0.33E-04
  14       -0.5449989      -0.4506932      -0.0943057 0.42E-05 0.19E-04
  15       -0.5449979      -0.4506921      -0.0943058 0.24E-05 0.11E-04
  16       -0.5449974      -0.4506915      -0.0943059 0.13E-05 0.62E-05
  17       -0.5449971      -0.4506912      -0.0943059 0.73E-06 0.35E-05
  18       -0.5449969      -0.4506910      -0.0943059 0.40E-06 0.19E-05
  19       -0.5449968      -0.4506909      -0.0943059 0.22E-06 0.11E-05
  20       -0.5449968      -0.4506908      -0.0943059 0.12E-06 0.59E-06
  21       -0.5449967      -0.4506908      -0.0943059 0.57E-07 0.33E-06
  22       -0.5449967      -0.4506908      -0.0943059 0.30E-07 0.18E-06
  23       -0.5449967      -0.4506908      -0.0943059 0.27E-07 0.10E-06
  24       -0.5449967      -0.4506908      -0.0943059 0.87E-08 0.55E-07

   24 iterations: (units are Ry and bohr)
 Energy:      -0.54499670  Ebs:      -0.45069077  Ehxc:      -0.09430593
 Eh    :       0.15656367  Exc:      -0.20606381

   Orbital    Filling       Eigenvalues    Norm(rc->oo)      Peak
    |100>      0.500          -0.901382      0.293511      0.980845

 ---Non-local ghost testing---
 Local state: 1s

 Test  state: 1s
 ...seems like this angular momentum is the local part!
 ------------------------------

 No ghosts present for local potential



 ===============Configuration 3 AE Calc=============== 
 ---------Eigenvalue guesses---------
 1s            -1.00000000

 iter       Etot             Ebs             Ehxc       de_max   dv_max
   1       -0.3874711      -0.3500000      -0.0374711 0.00E+00 0.70E+00
   2       -0.3958713      -0.3572510      -0.0386203 0.21E-01 0.35E+00
   3       -0.4042453      -0.3644067      -0.0398386 0.20E-01 0.20E-01
   4       -0.4044984      -0.3645706      -0.0399278 0.45E-03 0.86E-02
   5       -0.4043580      -0.3643738      -0.0399842 0.54E-03 0.84E-03
   6       -0.4043200      -0.3643055      -0.0400145 0.19E-03 0.45E-03
   7       -0.4043036      -0.3642732      -0.0400304 0.89E-04 0.23E-03
   8       -0.4042941      -0.3642556      -0.0400385 0.48E-04 0.12E-03
   9       -0.4042885      -0.3642459      -0.0400425 0.27E-04 0.12E-03
  10       -0.4042837      -0.3642392      -0.0400445 0.19E-04 0.89E-04
  11       -0.4042802      -0.3642347      -0.0400455 0.12E-04 0.59E-04
  12       -0.4042780      -0.3642319      -0.0400461 0.77E-05 0.37E-04
  13       -0.4042765      -0.3642302      -0.0400463 0.46E-05 0.22E-04
  14       -0.4042757      -0.3642292      -0.0400465 0.27E-05 0.13E-04
  15       -0.4042752      -0.3642286      -0.0400466 0.16E-05 0.77E-05
  16       -0.4042749      -0.3642283      -0.0400466 0.91E-06 0.44E-05
  17       -0.4042747      -0.3642281      -0.0400466 0.52E-06 0.25E-05
  18       -0.4042746      -0.3642280      -0.0400466 0.30E-06 0.14E-05
  19       -0.4042746      -0.3642279      -0.0400466 0.17E-06 0.82E-06
  20       -0.4042746      -0.3642279      -0.0400466 0.94E-07 0.46E-06
  21       -0.4042745      -0.3642279      -0.0400467 0.53E-07 0.26E-06
  22       -0.4042745      -0.3642279      -0.0400467 0.30E-07 0.15E-06
  23       -0.4042745      -0.3642279      -0.0400467 0.17E-07 0.84E-07
  24       -0.4042745      -0.3642279      -0.0400467 0.96E-08 0.48E-07

   24 iterations: (units are Ry and bohr)
 Energy:      -0.40427452  Ebs:      -0.36422787  Ehxc:      -0.04004665
 Eh    :       0.08137574  Exc:      -0.13688084

   Orbital    Filling       Eigenvalues    Norm(rc->oo)      Peak
    |100>      0.350          -1.040651      0.268458      0.955672


 ===============Configuration 3 NL: Calc ===============
 ---------Eigenvalue guesses---------
 1s            -0.46732451
 Performing non-local pseudopotential calculation
 Using the s potential as the local potential

 iter       Etot             Ebs             Ehxc       de_max   dv_max
   1       -0.1966466      -0.1635636      -0.0330830 0.00E+00 0.13E+01
   2       -0.2893044      -0.2534476      -0.0358568 0.55E+00 0.65E+00
   3       -0.3890278      -0.3505898      -0.0384381 0.38E+00 0.10E-01
   4       -0.3989509      -0.3603868      -0.0385641 0.28E-01 0.32E-02
   5       -0.3999139      -0.3612710      -0.0386430 0.25E-02 0.27E-02
   6       -0.3999802      -0.3612947      -0.0386855 0.66E-04 0.21E-02
   7       -0.3999551      -0.3612473      -0.0387077 0.13E-03 0.79E-03
   8       -0.3999349      -0.3612158      -0.0387191 0.87E-04 0.23E-03
   9       -0.3999268      -0.3612021      -0.0387247 0.38E-04 0.23E-03
  10       -0.3999204      -0.3611929      -0.0387275 0.25E-04 0.17E-03
  11       -0.3999158      -0.3611868      -0.0387290 0.17E-04 0.11E-03
  12       -0.3999127      -0.3611830      -0.0387297 0.11E-04 0.72E-04
  13       -0.3999107      -0.3611806      -0.0387301 0.65E-05 0.44E-04
  14       -0.3999096      -0.3611792      -0.0387303 0.38E-05 0.26E-04
  15       -0.3999089      -0.3611784      -0.0387304 0.22E-05 0.15E-04
  16       -0.3999085      -0.3611780      -0.0387305 0.13E-05 0.89E-05
  17       -0.3999082      -0.3611777      -0.0387305 0.74E-06 0.52E-05
  18       -0.3999081      -0.3611775      -0.0387305 0.42E-06 0.30E-05
  19       -0.3999080      -0.3611775      -0.0387306 0.24E-06 0.17E-05
  20       -0.3999080      -0.3611774      -0.0387306 0.14E-06 0.98E-06
  21       -0.3999079      -0.3611774      -0.0387306 0.79E-07 0.56E-06
  22       -0.3999079      -0.3611774      -0.0387306 0.45E-07 0.32E-06
  23       -0.3999079      -0.3611773      -0.0387306 0.25E-07 0.18E-06
  24       -0.3999079      -0.3611773      -0.0387306 0.15E-07 0.11E-06
  25       -0.3999079      -0.3611773      -0.0387306 0.83E-08 0.60E-07

   25 iterations: (units are Ry and bohr)
 Energy:      -0.39990791  Ebs:      -0.36117734  Ehxc:      -0.03873057
 Eh    :       0.07870485  Exc:      -0.13253526

   Orbital    Filling       Eigenvalues    Norm(rc->oo)      Peak
    |100>      0.350          -1.031935      0.275274      0.968177

 ---Non-local ghost testing---
 Local state: 1s

 Test  state: 1s
 ...seems like this angular momentum is the local part!
 ------------------------------

 No ghosts present for local potential

   ------------------------------------------------
   ================================================

 ======================================================================== 
 Begin KE convergence testing
 ======================================================================== 
 ----------------------------------------------------------------------
                     Kinetic energy convergence
      ==============================|100>==============================
      Ecut(Ry)  KE/electron(Ry)         KE error/electron (mRy,meV)
         5       0.696892912                73.322062     997.597978
        12       0.762895376                 7.319598      99.588253
        38       0.769488610                 0.726364       9.882692
        48       0.770143705                 0.071269       0.969661

 ======================================================================== 
 End KE convergence testing
 ======================================================================== 
<<<do_rpt>>>
<<<do_upf>>>
------------- closing opium session ------------
