##########################################################
#    Opium Report File                                   #
##########################################################
     Opium version:        3.7

### copy of the parameter file #######################

[Atom]
H
1
100 1.00  -

[Pseudo]
1 1.80
opt

[Optinfo]
3.00  4

[Configs]
3
100 0.75 -

100 0.50 -

100 0.35 -

### AE report ########################################

 AE:Orbital    Filling       Eigenvalues[Ry]          Norm
    ----------------------------------------------------------
	100	 1.000	      -0.4673245081	  0.3760171534

      E_tot =       -0.8917869366 Ry

### PS report ########################################

    ====================Optimized pseudopotential method====================

                       Pseudopotential convergence error                      
    Orbital      [mRy/e]       [meV/e]         [mRy]        [meV]        Ghost
    --------------------------------------------------------------------------
	100      18.548695    252.367983     18.548695    252.367983	    no

                  Tot. error =              18.548695    252.367983


### NL/SL report #####################################


 NL:Orbital    Filling       Eigenvalues[Ry]          Norm       Ghost
    ------------------------------------------------------------------
	100 	 1.000	      -0.4673245081	  0.3760171591	    no

	 ========== No ghosts in potential!!========== 

      E_tot =       -0.8854247876 Ry

### KE report ########################################

	 ===   Ecut necessary for ~1    eV convergence error / electron === 
	 --------------------------------------------------------------- 
		 	 Ecut[Ry] 	 error [meV/e] 
	100  		   5 	          997.598 
	 ===   Ecut necessary for ~100 meV convergence error / electron === 
	 --------------------------------------------------------------- 
		 	 Ecut[Ry] 	 error [meV/e] 
	100  		   12 	           99.588 

	 ===   Ecut necessary for  ~10 meV convergence error / electron === 
	 --------------------------------------------------------------- 
		 	 Ecut[Ry] 	 error [meV/e] 
	100  		   38 	            9.883 

	 ===   Ecut necessary for   ~1 meV convergence error / electron === 
	 --------------------------------------------------------------- 
		 	 Ecut[Ry] 	 error [meV/e] 
	100  		   48 	            0.970 

### TC report ########################################

 AE:Orbital    Filling       Eigenvalues[Ry]          Norm
    ----------------------------------------------------------
	100	 0.750	      -0.6805601957	  0.3288279571

      E_tot =       -0.7486884031 Ry

 NL:Orbital    Filling       Eigenvalues[Ry]          Norm       Ghost
    ------------------------------------------------------------------
	100 	 0.750	      -0.6790308285	  0.3312134227	    no

      E_tot =       -0.7424779239 Ry

 AE-NL:Orbital Filling       Eigenvalues[mRy]         Norm[1e-3] 
 AE-NL- --------------------------------------------------------------
 AE-NL- 100 	 0.750	      -1.5293671699	 -2.3854656232	
 AE-NL-  total error =	       1.5293671699	  2.3854656232

 =====================================================================
 AE:Orbital    Filling       Eigenvalues[Ry]          Norm
    ----------------------------------------------------------
	100	 0.500	      -0.9066835251	  0.2883403892

      E_tot =       -0.5504053309 Ry

 NL:Orbital    Filling       Eigenvalues[Ry]          Norm       Ghost
    ------------------------------------------------------------------
	100 	 0.500	      -0.9013815453	  0.2935113623	    no

      E_tot =       -0.5449966996 Ry

 AE-NL:Orbital Filling       Eigenvalues[mRy]         Norm[1e-3] 
 AE-NL- --------------------------------------------------------------
 AE-NL- 100 	 0.500	      -5.3019797158	 -5.1709730691	
 AE-NL-  total error =	       5.3019797158	  5.1709730691

 =====================================================================
 AE:Orbital    Filling       Eigenvalues[Ry]          Norm
    ----------------------------------------------------------
	100	 0.350	      -1.0406510453	  0.2684584744

      E_tot =       -0.4042745197 Ry

 NL:Orbital    Filling       Eigenvalues[Ry]          Norm       Ghost
    ------------------------------------------------------------------
	100 	 0.350	      -1.0319352587	  0.2752737118	    no

      E_tot =       -0.3999079121 Ry

 AE-NL:Orbital Filling       Eigenvalues[mRy]         Norm[1e-3] 
 AE-NL- --------------------------------------------------------------
 AE-NL- 100 	 0.350	      -8.7157866235	 -6.8152374198	
 AE-NL-  total error =	       8.7157866235	  6.8152374198

 =====================================================================

  Comparison of total energy differences.           
   DD_ij = (E_i - E_j)_AE - (E_i-E_j)_NL     

 AE-NL-   i   j         DD[mRy]        DD[meV] 
 AE-NL- ------------------------------------------
 AE-NL-   0   1        -0.151670      -2.063573
 AE-NL-   0   2        -0.953518     -12.973276
 AE-NL-   0   3        -1.995541     -27.150738
 AE-NL-   1   2        -0.801848     -10.909703
 AE-NL-   1   3        -1.843872     -25.087165
 AE-NL-   2   3        -1.042024     -14.177462
