
 ++++++++++++++++++++++++++++++++++++++++++++++++++++++++++++++++++++++++
           OPIUM  Version:        3.8                             
           =====================================            
 See http://opium.sourceforge.net for help and information                 
 Copyright 2009 : The OPIUM project                         

 Compile host     : vagvlan567.217.wlan.design.upenn.edu
 Compile OS       : Darwin 14.1.0 i386
 Compile date     : Wed Mar 18 18:57:27 EDT 2015

 Execution host   : vagvlan567.0723.wlan.wireless-pennnet.upenn.edu
 time of execution: Wed Oct 14 15:23:43 2015

 ++++++++++++++++++++++++++++++++++++++++++++++++++++++++++++++++++++++++
 Reading parameter file:  <f.param> ... 
 File prefix             : f 
 Element                 : Fluorine   (F) 
 Z                       : 9 
 
 Number of all-electron orbitals   : 3 
 Number of pseudo       orbitals   : 2 
 
 Pseudopotential is non-relativistic 
 Using Hartree-Fock Exchange (Beta!!)                
 HF pseudopotential NOT being smoothed! 
 The s potential is used for the KB construction 
 Optimized (RRKJ) pseudopotential method will be used 

 nl    cutoff radii    q-max      # bessel functions
 2s       1.140        7.070              10 
 2p       1.630        7.070              10 

 Reference Configuration: core  <-/-> valence 
 1s2  <-/-> 2s2  2p5 

 Grid definitions: 
 a_grid=1.00e-04    b_grid=1.30e-02    # points=1133 
 r(1)=4.81e-05      r(np)=1.18e+02    

 dEmax tolerance:  1.00e-08      dVmax tolerance:  1.00e-06     

 Starting calculation...

 ======================================================================== 
 Begin AE calculation
 ======================================================================== 
 Performing non-relativistic AE calculation...  
 Rotation needed            1           2   1.0000000000000001E-005

 iter       Etot             Eeig             Ehart    de_max   dv_max
   1     -197.7252444     119.0721538      81.1781649 0.47E+01 0.11E+00
   2     -199.4439018     119.6914880      82.3225244 0.17E+00 0.64E-02
   3     -198.7921052     119.0945476      82.2612411 0.34E-01 0.68E-03
   4     -198.8182651     119.1211353      82.2606569 0.91E-03 0.15E-03
   5     -198.8187840     119.1214552      82.2608652 0.12E-04 0.12E-04
   6     -198.8187024     119.1213642      82.2608746 0.86E-05 0.34E-05
   7     -198.8187005     119.1213609      82.2608761 0.59E-06 0.14E-05
   8     -198.8187009     119.1213593      82.2608783 0.15E-06 0.10E-05

 Hartree-Fock converged!
      {100|200}= 1.4D-17

    8 iterations: (units are Ry and bohr)
 Energy:    -198.81870089    Ebs:    -119.12135925
 Eh:          82.26087827    Ex :      -2.56353664

   Orbital    Filling       Eigenvalues    Norm(rc->oo)      Peak
    |100>      2.000         -52.765521
    |200>      2.000          -3.145070      0.326765      0.762808
    |210>      5.000          -1.460036      0.164084      0.724156

 ======================================================================== 
 End AE calculation
 ======================================================================== 

 ======================================================================== 
 Begin PS construction
 ======================================================================== 
 Optimized Pseudopotential Generation ...

 ==================
 zeff=   7.0000000000000000     
 Pseudizing state : |200>
 eigenvalue       : -3.145070
 qc               :  7.070000
 # bessel fxns    : 10
 point nearest rc :  776
 rc               :  1.140000
 actual rc        :  1.141395

 Psi(rc)          :     0.7401440936
 Slope at rc      :    -1.2913476382
 Curvature at rc  :     1.9130752714
 Del^2 Psi at rc  :    -0.3496774689
 Log Deriv at rc  :    -1.7447246411

 Error in constraints
   1        -0.35836E-10
   2         0.35836E-10
   3        -0.13218E-11
   4         0.13218E-11
   5         0.11645E-07
   6        -0.11645E-07
   7         0.49585E-03
   8         0.49585E-03
   9         0.00000E+00
  10         0.11645E-07
 Bessel wavevectors and final coefficients
   1        1.7749373771        1.7762239921
   2        4.3031252425        0.1682393166
   3        6.9893603851       -0.0792897891
   4        9.7116021437        0.0164152867
   5       12.4469051949       -0.0089014206
   6       15.1883284676        0.0073551279
   7       17.9330953614       -0.0074756401
   8       20.6798846959        0.0082330505
   9       23.4279891917       -0.0092451149
  10       26.1769964936        0.0103876623

 Total KE           (Ry) :     1.9628395546
 0  -> qc contribution   :     1.9623437002
 qc -> oo contribution   :     0.0004958544   (=Convergence term)
 Occupancy of this state :     2.0000000000
 Convergence term (Ry/e) :     0.0004958544
 Convergence error (mRy) :     0.9917087749
 Convergence error (meV) :    13.4929912493


 ==================
 zeff=   7.0000000000000000     
 Pseudizing state : |210>
 eigenvalue       : -1.460036
 qc               :  7.070000
 # bessel fxns    : 10
 point nearest rc :  803
 rc               :  1.630000
 actual rc        :  1.621338

 Psi(rc)          :     0.3372760625
 Slope at rc      :    -0.4879410119
 Curvature at rc  :     0.7438447609
 Del^2 Psi at rc  :    -0.1146616953
 Log Deriv at rc  :    -1.4467110660

 Error in constraints
   1        -0.51275E-11
   2         0.51275E-11
   3         0.22474E-10
   4        -0.22474E-10
   5        -0.86787E-07
   6         0.86787E-07
   7         0.19922E-03
   8         0.19922E-03
   9         0.00000E+00
  10         0.86787E-07
 Bessel wavevectors and final coefficients
   1        2.0010441809        1.8271718995
   2        3.9086269901        1.5959953454
   3        5.8353984815        0.3987921104
   4        7.7675047434       -0.0102103164
   5        9.7018050130        0.0071912746
   6       11.6372150569       -0.0047209339
   7       13.5732630605        0.0046721992
   8       15.5097111895       -0.0044789750
   9       17.4464266653        0.0049483256
  10       19.3833295683       -0.0052195617

 Total KE           (Ry) :     4.9671754619
 0  -> qc contribution   :     4.9669762431
 qc -> oo contribution   :     0.0001992188   (=Convergence term)
 Occupancy of this state :     5.0000000000
 Convergence term (Ry/e) :     0.0001992188
 Convergence error (mRy) :     0.9960938516
 Convergence error (meV) :    13.5526537256


 Running HF solver for raw psp...
 Results of HF psp solve...
 State: 1s  AE eigenvalue =  -3.145070  PS eigenvalue =  -3.145070
 State: 2p  AE eigenvalue =  -1.460036  PS eigenvalue =  -1.460036

 ======================================================================== 
 End PS construction
 ======================================================================== 

 ======================================================================== 
 Begin SL calculation
 ======================================================================== 

 iter       Etot             Eeig             Ehart    de_max   dv_max
   1      -46.3211872      13.5903174      34.5937717 0.31E-07 0.22E-08

 Hartree-Fock converged!

 Converged in 1 iteration (probably reference state)
 Energy:     -46.32118718    Ebs:     -13.59031736
 Eh:          34.59377175    Ex :      -1.86290192

   Orbital    Filling       Eigenvalues    Norm(rc->oo)      Peak
    |100>      2.000          -3.145070      0.326765      0.814038
    |210>      5.000          -1.460035      0.164084      0.846412

 ======================================================================== 
 End SL calculation
 ======================================================================== 
<<<do_tc>>>


 ===============Configuration 1 AE Calc=============== 
 Rotation needed            1           2   1.0000000000000001E-005

 iter       Etot             Eeig             Ehart    de_max   dv_max
   1     -198.6384920     118.5742897      82.6023866 0.12E+01 0.16E+00
   2     -199.8530258     118.0225789      84.4388064 0.10E+00 0.27E-02
   3     -198.8007691     117.0761262      84.3216437 0.53E-01 0.23E-03
   4     -198.7910004     117.0687471      84.3189289 0.13E-02 0.64E-05
   5     -198.7922861     117.0700281      84.3189334 0.12E-04 0.13E-05
   6     -198.7922828     117.0700235      84.3189347 0.27E-06 0.44E-06
   7     -198.7922817     117.0700221      84.3189350 0.12E-06 0.11E-06

 Hartree-Fock converged!
      {100|200}= 7.7D-18

    7 iterations: (units are Ry and bohr)
 Energy:    -198.79228168    Ebs:    -117.07002208
 Eh:          84.31893501    Ex :      -2.59667541

   Orbital    Filling       Eigenvalues    Norm(rc->oo)      Peak
    |100>      2.000         -52.538431
    |200>      2.000          -2.936778      0.331635      0.772790
    |210>      5.200          -1.176847      0.180233      0.724156
!!NOTE!!: All Hartree-Fock tests are done with the semi-local form of the potential 
!!NOTE!!: Use the 'sl' command instead of the 'nl' command to remove this warning...


 ===============Configuration 1 SL: Calc ===============

 iter       Etot             Eeig             Ehart    de_max   dv_max
   1      -46.3032616      11.9768389      36.2284747 0.23E+00 0.58E-03
   2      -46.3119330      11.9835074      36.2305960 0.18E-02 0.68E-06
   3      -46.3119356      11.9835086      36.2305975 0.15E-06 0.45E-07
   4      -46.3119342      11.9835077      36.2305970 0.95E-07 0.11E-07

 Hartree-Fock converged!

    4 iterations: (units are Ry and bohr)
 Energy:     -46.31193422    Ebs:     -11.98350766
 Eh:          36.23059703    Ex :      -1.90217047

   Orbital    Filling       Eigenvalues    Norm(rc->oo)      Peak
    |100>      2.000          -2.928290      0.332342      0.814038
    |210>      5.200          -1.178255      0.178883      0.846412


 ===============Configuration 2 AE Calc=============== 
 Rotation needed            1           2   1.0000000000000001E-005

 iter       Etot             Eeig             Ehart    de_max   dv_max
   1     -197.3279450     115.7163152      84.1596987 0.24E+02 0.19E+00
   2     -199.9611888     116.2056196      86.3950360 0.14E+00 0.14E-01
   3     -198.7500970     115.0737132      86.3049085 0.70E-01 0.16E-02
   4     -198.7897707     115.1140559      86.3040363 0.20E-02 0.35E-03
   5     -198.7912865     115.1149786      86.3046537 0.34E-04 0.98E-04
   6     -198.7910735     115.1146577      86.3047647 0.27E-04 0.31E-04
   7     -198.7910453     115.1145945      86.3048007 0.58E-05 0.10E-04
   8     -198.7910355     115.1145738      86.3048120 0.17E-05 0.32E-05
   9     -198.7910323     115.1145694      86.3048133 0.53E-06 0.13E-05
  10     -198.7910327     115.1145679      86.3048153 0.19E-06 0.94E-06

 Hartree-Fock converged!
      {100|200}= 3.6D-17

   10 iterations: (units are Ry and bohr)
 Energy:    -198.79103269    Ebs:    -115.11456789
 Eh:          86.30481527    Ex :      -2.62835047

   Orbital    Filling       Eigenvalues    Norm(rc->oo)      Peak
    |100>      2.000         -52.314042
    |200>      2.000          -2.732894      0.336501      0.772790
    |210>      5.400          -0.929758      0.196150      0.733631


 ===============Configuration 2 SL: Calc ===============

 iter       Etot             Eeig             Ehart    de_max   dv_max
   1      -46.3381516      10.4748895      37.8027977 0.45E+00 0.14E-02
   2      -46.3225545      10.4634455      37.7984037 0.19E-02 0.14E-04
   3      -46.3224385      10.4633622      37.7983690 0.21E-04 0.87E-07
   4      -46.3224483      10.4633706      37.7983705 0.19E-05 0.36E-06
   5      -46.3224492      10.4633712      37.7983708 0.13E-06 0.65E-07

 Hartree-Fock converged!

    5 iterations: (units are Ry and bohr)
 Energy:     -46.32244919    Ebs:     -10.46337120
 Eh:          37.79837083    Ex :      -1.93929284

   Orbital    Filling       Eigenvalues    Norm(rc->oo)      Peak
    |100>      2.000          -2.717472      0.337823      0.814038
    |210>      5.400          -0.931190      0.193679      0.846412
   ------------------------------------------------
   ================================================

 ======================================================================== 
 Begin KE convergence testing
 ======================================================================== 
 ----------------------------------------------------------------------
                     Kinetic energy convergence
      ==============================|100>==============================
      Ecut(Ry)  KE/electron(Ry)         KE error/electron (mRy,meV)
        10       1.889808193                72.940180     992.402204
        18       1.955480424                 7.267949      98.885534
        46       1.962067983                 0.680390       9.257187
       193       1.962675505                 0.072868       0.991423
      ==============================|210>==============================
      Ecut(Ry)  KE/electron(Ry)         KE error/electron (mRy,meV)
        29       4.897237487                69.931138     951.462089
        38       4.960602779                 6.565847      89.332938
        45       4.966470650                 0.697976       9.496451
       100       4.967095391                 0.073235       0.996408

 ======================================================================== 
 End KE convergence testing
 ======================================================================== 
<<<do_rpt>>>
<<<do_upf>>>
------------- closing opium session ------------
